3153114.000000 445545.562500
3221042.000000 429143.562500
3294221.750000 417941.937500
3255527.000000 423836.781250
3167262.250000 440037.812500
3197697.750000 436043.125000
3200807.500000 434153.968750
3166023.000000 444883.781250
3240347.750000 427921.687500
3175800.750000 439355.406250
3253283.250000 426188.687500
3314255.500000 416141.812500
3162464.000000 445019.968750
4037030.000000 402547.812500
3488921.750000 409933.062500
3569569.250000 409678.843750
3718112.000000 407370.125000
3946608.000000 402771.250000
4011137.750000 402676.843750
3745853.500000 404957.093750
3659991.250000 407860.187500
3942297.500000 403003.156250
3613425.500000 408364.406250
3897911.750000 403227.906250
3861910.250000 403327.375000
3801522.000000 404492.718750
3771562.250000 404632.593750
3829071.250000 403998.343750
3635828.750000 408196.281250
3841601.000000 403846.187500
3649133.750000 408006.625000
3402723.500000 410703.531250
3134177.500000 460079.718750
3400616.250000 411064.750000
3358996.000000 411585.468750
3149047.250000 458514.562500
3317869.500000 414699.156250
3150063.250000 455571.281250
3151445.000000 452972.906250
3320292.250000 413889.593750
3330076.750000 413860.468750
3338788.500000 412844.750000
3348135.750000 412468.687500
3351109.250000 411703.906250
3338351.250000 413446.312500
3356959.500000 411615.656250
3343977.500000 412510.312500
3334193.000000 413531.343750
3319216.500000 414665.031250
3349211.500000 412044.812500
3113654.250000 491935.750000
3121850.000000 468657.812500
3116083.000000 491072.875000
3116209.250000 478476.687500
3120186.000000 477598.500000
3117295.750000 477877.843750
