[H[2J[INFO] TaskCount: 1024
[INFO] MachineCount: 32

[DEBUG] Inicialización MIN-MIN

Min-Min fitness: 6.36777e+06

[DEBUG] Inicialización Sufferage

Sufferage fitness: 5.60137e+06

[DEBUG] Inicialización random

[DEBUG] Inicialización random

[DEBUG] Inicialización random

[DEBUG] Inicialización MCT

MCT fitness: 7.73177e+06

[DEBUG] Inicialización random

[DEBUG] Inicialización random

[DEBUG] Inicialización random

[DEBUG] Inicialización random

[DEBUG] Inicialización MCT

MCT fitness: 7.47426e+06

[DEBUG] Inicialización random

[DEBUG] Inicialización random

[DEBUG] Inicialización random

[DEBUG] Inicialización random

 Current State ---------------------------------------------

Current trial: 1
Current iteration: 1500
Current evaluations: 22695
Current best cost: 5.48155e+06
Current worst cost: 5.48155e+06
Current Average cost: 5.48155e+06
Current Standard Deviation: 0

Trial: 
Best cost trial: 5.48155e+06
Worst cost trial: 1.35881e+08
Iteration best found in trial: 1440
Time best found trial: 2.34426e+07
Time spent in trial: 2.42024e+07

Global: 
Global best cost: 5.48155e+06
Global worst cost: 1.35881e+08
Trial best found: 1
Iteration best found: 1440
Time best found: 2.34426e+07

Current time spent (so far): 2.42024e+07
Solution
> machineId: 0
  taskPos: 0 taskId: 469 ETC: 149173 priority: 0
  taskPos: 1 taskId: 983 ETC: 25935.2 priority: 0
  taskPos: 2 taskId: 959 ETC: 307207 priority: 0
  taskPos: 3 taskId: 170 ETC: 312681 priority: 0
  taskPos: 4 taskId: 776 ETC: 418419 priority: 0
  taskPos: 5 taskId: 274 ETC: 129943 priority: 0
  taskPos: 6 taskId: 377 ETC: 63369.9 priority: 0
  taskPos: 7 taskId: 6 ETC: 85831.5 priority: 0
  taskPos: 8 taskId: 529 ETC: 218364 priority: 0
  taskPos: 9 taskId: 108 ETC: 116973 priority: 0
  taskPos: 10 taskId: 409 ETC: 29889.5 priority: 0
  taskPos: 11 taskId: 23 ETC: 23200.7 priority: 0
  taskPos: 12 taskId: 525 ETC: 442935 priority: 0
  taskPos: 13 taskId: 163 ETC: 189796 priority: 0
  taskPos: 14 taskId: 853 ETC: 195250 priority: 0
  taskPos: 15 taskId: 93 ETC: 89216.8 priority: 0
  taskPos: 16 taskId: 567 ETC: 19660.1 priority: 0
  taskPos: 17 taskId: 925 ETC: 404750 priority: 0
  taskPos: 18 taskId: 757 ETC: 469825 priority: 0
  taskPos: 19 taskId: 515 ETC: 297750 priority: 0
  taskPos: 20 taskId: 733 ETC: 208369 priority: 0
  taskPos: 21 taskId: 36 ETC: 254509 priority: 0
  taskPos: 22 taskId: 374 ETC: 35199.1 priority: 0
  taskPos: 23 taskId: 77 ETC: 58882.4 priority: 0
  taskPos: 24 taskId: 386 ETC: 105552 priority: 0
  taskPos: 25 taskId: 230 ETC: 106187 priority: 0
  taskPos: 26 taskId: 458 ETC: 60461.6 priority: 0
  taskPos: 27 taskId: 616 ETC: 442923 priority: 0
  taskPos: 28 taskId: 920 ETC: 80401 priority: 0
> machineId: 1
  taskPos: 0 taskId: 602 ETC: 92607 priority: 0
  taskPos: 1 taskId: 815 ETC: 325932 priority: 0
  taskPos: 2 taskId: 269 ETC: 112854 priority: 0
  taskPos: 3 taskId: 448 ETC: 15842.2 priority: 0
  taskPos: 4 taskId: 884 ETC: 510.7 priority: 0
  taskPos: 5 taskId: 62 ETC: 86095.2 priority: 0
  taskPos: 6 taskId: 1010 ETC: 269296 priority: 0
  taskPos: 7 taskId: 542 ETC: 107397 priority: 0
  taskPos: 8 taskId: 297 ETC: 36238.4 priority: 0
  taskPos: 9 taskId: 215 ETC: 61098.4 priority: 0
  taskPos: 10 taskId: 10 ETC: 69634.8 priority: 0
  taskPos: 11 taskId: 633 ETC: 167761 priority: 0
  taskPos: 12 taskId: 812 ETC: 139514 priority: 0
  taskPos: 13 taskId: 789 ETC: 332507 priority: 0
  taskPos: 14 taskId: 339 ETC: 55064.7 priority: 0
  taskPos: 15 taskId: 1008 ETC: 314411 priority: 0
  taskPos: 16 taskId: 651 ETC: 334890 priority: 0
  taskPos: 17 taskId: 53 ETC: 244577 priority: 0
  taskPos: 18 taskId: 172 ETC: 1.21967e+06 priority: 0
  taskPos: 19 taskId: 211 ETC: 33572.5 priority: 0
  taskPos: 20 taskId: 357 ETC: 67039.2 priority: 0
  taskPos: 21 taskId: 911 ETC: 175084 priority: 0
  taskPos: 22 taskId: 617 ETC: 34367.9 priority: 0
  taskPos: 23 taskId: 820 ETC: 162133 priority: 0
  taskPos: 24 taskId: 84 ETC: 231425 priority: 0
  taskPos: 25 taskId: 130 ETC: 361801 priority: 0
  taskPos: 26 taskId: 103 ETC: 20771 priority: 0
  taskPos: 27 taskId: 498 ETC: 271803 priority: 0
  taskPos: 28 taskId: 752 ETC: 137014 priority: 0
> machineId: 2
  taskPos: 0 taskId: 371 ETC: 78678 priority: 0
  taskPos: 1 taskId: 519 ETC: 69473.7 priority: 0
  taskPos: 2 taskId: 51 ETC: 21923.7 priority: 0
  taskPos: 3 taskId: 734 ETC: 488099 priority: 0
  taskPos: 4 taskId: 642 ETC: 382117 priority: 0
  taskPos: 5 taskId: 681 ETC: 119666 priority: 0
  taskPos: 6 taskId: 991 ETC: 849854 priority: 0
  taskPos: 7 taskId: 620 ETC: 10943.7 priority: 0
  taskPos: 8 taskId: 794 ETC: 20708.3 priority: 0
  taskPos: 9 taskId: 76 ETC: 225480 priority: 0
  taskPos: 10 taskId: 25 ETC: 309375 priority: 0
  taskPos: 11 taskId: 586 ETC: 139552 priority: 0
  taskPos: 12 taskId: 722 ETC: 141977 priority: 0
  taskPos: 13 taskId: 470 ETC: 21794.3 priority: 0
  taskPos: 14 taskId: 408 ETC: 268211 priority: 0
  taskPos: 15 taskId: 760 ETC: 54417.7 priority: 0
  taskPos: 16 taskId: 838 ETC: 266028 priority: 0
  taskPos: 17 taskId: 293 ETC: 276198 priority: 0
  taskPos: 18 taskId: 704 ETC: 216303 priority: 0
  taskPos: 19 taskId: 1021 ETC: 201496 priority: 0
  taskPos: 20 taskId: 564 ETC: 276397 priority: 0
  taskPos: 21 taskId: 605 ETC: 72.28 priority: 0
  taskPos: 22 taskId: 47 ETC: 5437.47 priority: 0
  taskPos: 23 taskId: 382 ETC: 2770.72 priority: 0
  taskPos: 24 taskId: 262 ETC: 46612.2 priority: 0
  taskPos: 25 taskId: 711 ETC: 4477.13 priority: 0
  taskPos: 26 taskId: 396 ETC: 175679 priority: 0
  taskPos: 27 taskId: 120 ETC: 38891.8 priority: 0
  taskPos: 28 taskId: 792 ETC: 104445 priority: 0
  taskPos: 29 taskId: 606 ETC: 37111.5 priority: 0
  taskPos: 30 taskId: 761 ETC: 472093 priority: 0
  taskPos: 31 taskId: 680 ETC: 2700.16 priority: 0
  taskPos: 32 taskId: 335 ETC: 7830.36 priority: 0
> machineId: 3
  taskPos: 0 taskId: 583 ETC: 198770 priority: 0
  taskPos: 1 taskId: 461 ETC: 9747.34 priority: 0
  taskPos: 2 taskId: 823 ETC: 437920 priority: 0
  taskPos: 3 taskId: 914 ETC: 7244.66 priority: 0
  taskPos: 4 taskId: 278 ETC: 204881 priority: 0
  taskPos: 5 taskId: 908 ETC: 188080 priority: 0
  taskPos: 6 taskId: 946 ETC: 188455 priority: 0
  taskPos: 7 taskId: 888 ETC: 44196.6 priority: 0
  taskPos: 8 taskId: 510 ETC: 20050.8 priority: 0
  taskPos: 9 taskId: 193 ETC: 20080.8 priority: 0
  taskPos: 10 taskId: 986 ETC: 169089 priority: 0
  taskPos: 11 taskId: 160 ETC: 332447 priority: 0
  taskPos: 12 taskId: 167 ETC: 180.38 priority: 0
  taskPos: 13 taskId: 351 ETC: 21553.3 priority: 0
  taskPos: 14 taskId: 765 ETC: 117261 priority: 0
  taskPos: 15 taskId: 841 ETC: 121388 priority: 0
  taskPos: 16 taskId: 523 ETC: 212102 priority: 0
  taskPos: 17 taskId: 818 ETC: 29713.8 priority: 0
  taskPos: 18 taskId: 912 ETC: 4477.18 priority: 0
  taskPos: 19 taskId: 334 ETC: 49306.6 priority: 0
  taskPos: 20 taskId: 540 ETC: 111561 priority: 0
  taskPos: 21 taskId: 857 ETC: 33082.4 priority: 0
  taskPos: 22 taskId: 628 ETC: 93652.3 priority: 0
  taskPos: 23 taskId: 16 ETC: 78333 priority: 0
  taskPos: 24 taskId: 74 ETC: 272748 priority: 0
  taskPos: 25 taskId: 376 ETC: 22511.4 priority: 0
  taskPos: 26 taskId: 41 ETC: 426991 priority: 0
  taskPos: 27 taskId: 473 ETC: 120120 priority: 0
  taskPos: 28 taskId: 344 ETC: 165996 priority: 0
  taskPos: 29 taskId: 194 ETC: 123397 priority: 0
  taskPos: 30 taskId: 822 ETC: 115187 priority: 0
  taskPos: 31 taskId: 833 ETC: 18927.9 priority: 0
  taskPos: 32 taskId: 296 ETC: 391551 priority: 0
  taskPos: 33 taskId: 438 ETC: 19283.2 priority: 0
  taskPos: 34 taskId: 532 ETC: 78737.6 priority: 0
  taskPos: 35 taskId: 44 ETC: 153221 priority: 0
  taskPos: 36 taskId: 125 ETC: 399391 priority: 0
  taskPos: 37 taskId: 104 ETC: 53891.9 priority: 0
  taskPos: 38 taskId: 20 ETC: 55879.3 priority: 0
  taskPos: 39 taskId: 48 ETC: 362220 priority: 0
> machineId: 4
  taskPos: 0 taskId: 891 ETC: 30292.8 priority: 0
  taskPos: 1 taskId: 420 ETC: 164737 priority: 0
  taskPos: 2 taskId: 437 ETC: 43549.8 priority: 0
  taskPos: 3 taskId: 1001 ETC: 95751.2 priority: 0
  taskPos: 4 taskId: 1006 ETC: 428659 priority: 0
  taskPos: 5 taskId: 355 ETC: 21477.3 priority: 0
  taskPos: 6 taskId: 948 ETC: 382818 priority: 0
  taskPos: 7 taskId: 1007 ETC: 118939 priority: 0
  taskPos: 8 taskId: 839 ETC: 2048.83 priority: 0
  taskPos: 9 taskId: 600 ETC: 42405 priority: 0
  taskPos: 10 taskId: 303 ETC: 27477.6 priority: 0
  taskPos: 11 taskId: 221 ETC: 35695.3 priority: 0
  taskPos: 12 taskId: 185 ETC: 384296 priority: 0
  taskPos: 13 taskId: 149 ETC: 248930 priority: 0
  taskPos: 14 taskId: 591 ETC: 255716 priority: 0
  taskPos: 15 taskId: 592 ETC: 93186.8 priority: 0
  taskPos: 16 taskId: 780 ETC: 162185 priority: 0
  taskPos: 17 taskId: 847 ETC: 13860.5 priority: 0
  taskPos: 18 taskId: 249 ETC: 227607 priority: 0
  taskPos: 19 taskId: 571 ETC: 23053.7 priority: 0
  taskPos: 20 taskId: 962 ETC: 629425 priority: 0
  taskPos: 21 taskId: 259 ETC: 22087.8 priority: 0
  taskPos: 22 taskId: 632 ETC: 106511 priority: 0
  taskPos: 23 taskId: 195 ETC: 2640.03 priority: 0
  taskPos: 24 taskId: 4 ETC: 590008 priority: 0
  taskPos: 25 taskId: 126 ETC: 22011 priority: 0
  taskPos: 26 taskId: 394 ETC: 79006.8 priority: 0
  taskPos: 27 taskId: 967 ETC: 36646.2 priority: 0
  taskPos: 28 taskId: 813 ETC: 116883 priority: 0
  taskPos: 29 taskId: 475 ETC: 63075.2 priority: 0
  taskPos: 30 taskId: 42 ETC: 320709 priority: 0
  taskPos: 31 taskId: 277 ETC: 32236.5 priority: 0
  taskPos: 32 taskId: 950 ETC: 52550.3 priority: 0
  taskPos: 33 taskId: 129 ETC: 13358.4 priority: 0
  taskPos: 34 taskId: 450 ETC: 260195 priority: 0
  taskPos: 35 taskId: 599 ETC: 27054.7 priority: 0
  taskPos: 36 taskId: 60 ETC: 73020.7 priority: 0
  taskPos: 37 taskId: 63 ETC: 77535.4 priority: 0
  taskPos: 38 taskId: 359 ETC: 91299.1 priority: 0
> machineId: 5
  taskPos: 0 taskId: 562 ETC: 221896 priority: 0
  taskPos: 1 taskId: 59 ETC: 418032 priority: 0
  taskPos: 2 taskId: 223 ETC: 24680.8 priority: 0
  taskPos: 3 taskId: 534 ETC: 363452 priority: 0
  taskPos: 4 taskId: 349 ETC: 4475.36 priority: 0
  taskPos: 5 taskId: 164 ETC: 35961.6 priority: 0
  taskPos: 6 taskId: 30 ETC: 390363 priority: 0
  taskPos: 7 taskId: 590 ETC: 247021 priority: 0
  taskPos: 8 taskId: 985 ETC: 52715.2 priority: 0
  taskPos: 9 taskId: 679 ETC: 237610 priority: 0
  taskPos: 10 taskId: 205 ETC: 19531.8 priority: 0
  taskPos: 11 taskId: 692 ETC: 452306 priority: 0
  taskPos: 12 taskId: 659 ETC: 81876.6 priority: 0
  taskPos: 13 taskId: 724 ETC: 263454 priority: 0
  taskPos: 14 taskId: 7 ETC: 18640.2 priority: 0
  taskPos: 15 taskId: 783 ETC: 138277 priority: 0
  taskPos: 16 taskId: 520 ETC: 394062 priority: 0
  taskPos: 17 taskId: 585 ETC: 959276 priority: 0
  taskPos: 18 taskId: 660 ETC: 168.39 priority: 0
  taskPos: 19 taskId: 138 ETC: 2917.83 priority: 0
  taskPos: 20 taskId: 467 ETC: 350945 priority: 0
  taskPos: 21 taskId: 502 ETC: 208456 priority: 0
  taskPos: 22 taskId: 917 ETC: 21844.6 priority: 0
  taskPos: 23 taskId: 131 ETC: 122112 priority: 0
  taskPos: 24 taskId: 368 ETC: 49201.5 priority: 0
  taskPos: 25 taskId: 173 ETC: 19522.5 priority: 0
  taskPos: 26 taskId: 330 ETC: 11705.8 priority: 0
  taskPos: 27 taskId: 646 ETC: 50555.8 priority: 0
  taskPos: 28 taskId: 989 ETC: 20430.3 priority: 0
  taskPos: 29 taskId: 667 ETC: 187903 priority: 0
> machineId: 6
  taskPos: 0 taskId: 844 ETC: 550944 priority: 0
  taskPos: 1 taskId: 767 ETC: 151893 priority: 0
  taskPos: 2 taskId: 117 ETC: 30360.9 priority: 0
  taskPos: 3 taskId: 790 ETC: 237312 priority: 0
  taskPos: 4 taskId: 607 ETC: 213829 priority: 0
  taskPos: 5 taskId: 27 ETC: 224588 priority: 0
  taskPos: 6 taskId: 749 ETC: 67120.4 priority: 0
  taskPos: 7 taskId: 854 ETC: 16161.8 priority: 0
  taskPos: 8 taskId: 1020 ETC: 479102 priority: 0
  taskPos: 9 taskId: 446 ETC: 164744 priority: 0
  taskPos: 10 taskId: 88 ETC: 28705.9 priority: 0
  taskPos: 11 taskId: 558 ETC: 56169.6 priority: 0
  taskPos: 12 taskId: 145 ETC: 183923 priority: 0
  taskPos: 13 taskId: 46 ETC: 38035.2 priority: 0
  taskPos: 14 taskId: 887 ETC: 257664 priority: 0
  taskPos: 15 taskId: 990 ETC: 206544 priority: 0
  taskPos: 16 taskId: 65 ETC: 60516.9 priority: 0
  taskPos: 17 taskId: 597 ETC: 206505 priority: 0
  taskPos: 18 taskId: 611 ETC: 65335.9 priority: 0
  taskPos: 19 taskId: 276 ETC: 28957 priority: 0
  taskPos: 20 taskId: 668 ETC: 35713.6 priority: 0
  taskPos: 21 taskId: 929 ETC: 512713 priority: 0
  taskPos: 22 taskId: 199 ETC: 74230 priority: 0
  taskPos: 23 taskId: 19 ETC: 285799 priority: 0
  taskPos: 24 taskId: 686 ETC: 41854.4 priority: 0
  taskPos: 25 taskId: 445 ETC: 670982 priority: 0
  taskPos: 26 taskId: 631 ETC: 88569.3 priority: 0
  taskPos: 27 taskId: 953 ETC: 1089.26 priority: 0
  taskPos: 28 taskId: 190 ETC: 376200 priority: 0
  taskPos: 29 taskId: 843 ETC: 33570.3 priority: 0
  taskPos: 30 taskId: 487 ETC: 9206.08 priority: 0
> machineId: 7
  taskPos: 0 taskId: 1004 ETC: 259879 priority: 0
  taskPos: 1 taskId: 75 ETC: 465023 priority: 0
  taskPos: 2 taskId: 178 ETC: 213915 priority: 0
  taskPos: 3 taskId: 136 ETC: 36468.2 priority: 0
  taskPos: 4 taskId: 539 ETC: 395162 priority: 0
  taskPos: 5 taskId: 457 ETC: 825915 priority: 0
  taskPos: 6 taskId: 87 ETC: 978352 priority: 0
  taskPos: 7 taskId: 747 ETC: 152580 priority: 0
  taskPos: 8 taskId: 26 ETC: 307431 priority: 0
  taskPos: 9 taskId: 275 ETC: 194310 priority: 0
  taskPos: 10 taskId: 1002 ETC: 79431.2 priority: 0
  taskPos: 11 taskId: 882 ETC: 324826 priority: 0
  taskPos: 12 taskId: 268 ETC: 36955 priority: 0
  taskPos: 13 taskId: 552 ETC: 440570 priority: 0
  taskPos: 14 taskId: 881 ETC: 187701 priority: 0
  taskPos: 15 taskId: 924 ETC: 26572.9 priority: 0
  taskPos: 16 taskId: 840 ETC: 135328 priority: 0
  taskPos: 17 taskId: 288 ETC: 229733 priority: 0
  taskPos: 18 taskId: 192 ETC: 132667 priority: 0
> machineId: 8
  taskPos: 0 taskId: 702 ETC: 57094.7 priority: 0
  taskPos: 1 taskId: 1000 ETC: 123036 priority: 0
  taskPos: 2 taskId: 731 ETC: 188059 priority: 0
  taskPos: 3 taskId: 595 ETC: 83411.2 priority: 0
  taskPos: 4 taskId: 79 ETC: 48969.1 priority: 0
  taskPos: 5 taskId: 766 ETC: 611308 priority: 0
  taskPos: 6 taskId: 501 ETC: 100548 priority: 0
  taskPos: 7 taskId: 932 ETC: 484528 priority: 0
  taskPos: 8 taskId: 952 ETC: 192548 priority: 0
  taskPos: 9 taskId: 491 ETC: 21129.5 priority: 0
  taskPos: 10 taskId: 132 ETC: 100073 priority: 0
  taskPos: 11 taskId: 133 ETC: 9774.62 priority: 0
  taskPos: 12 taskId: 745 ETC: 176012 priority: 0
  taskPos: 13 taskId: 304 ETC: 110845 priority: 0
  taskPos: 14 taskId: 900 ETC: 282904 priority: 0
  taskPos: 15 taskId: 665 ETC: 238706 priority: 0
  taskPos: 16 taskId: 365 ETC: 9850.56 priority: 0
  taskPos: 17 taskId: 412 ETC: 44590.4 priority: 0
  taskPos: 18 taskId: 494 ETC: 42354.6 priority: 0
  taskPos: 19 taskId: 265 ETC: 11008.8 priority: 0
  taskPos: 20 taskId: 70 ETC: 73288.5 priority: 0
  taskPos: 21 taskId: 973 ETC: 164473 priority: 0
  taskPos: 22 taskId: 926 ETC: 95292 priority: 0
  taskPos: 23 taskId: 159 ETC: 789758 priority: 0
  taskPos: 24 taskId: 807 ETC: 415811 priority: 0
  taskPos: 25 taskId: 893 ETC: 182468 priority: 0
  taskPos: 26 taskId: 561 ETC: 168406 priority: 0
  taskPos: 27 taskId: 184 ETC: 54941.1 priority: 0
  taskPos: 28 taskId: 581 ETC: 132934 priority: 0
  taskPos: 29 taskId: 322 ETC: 382182 priority: 0
  taskPos: 30 taskId: 516 ETC: 64541.9 priority: 0
> machineId: 9
  taskPos: 0 taskId: 996 ETC: 651422 priority: 0
  taskPos: 1 taskId: 263 ETC: 150654 priority: 0
  taskPos: 2 taskId: 81 ETC: 42932.8 priority: 0
  taskPos: 3 taskId: 492 ETC: 24813.2 priority: 0
  taskPos: 4 taskId: 454 ETC: 6393.62 priority: 0
  taskPos: 5 taskId: 248 ETC: 542559 priority: 0
  taskPos: 6 taskId: 699 ETC: 271064 priority: 0
  taskPos: 7 taskId: 735 ETC: 617589 priority: 0
  taskPos: 8 taskId: 740 ETC: 68035.3 priority: 0
  taskPos: 9 taskId: 208 ETC: 222479 priority: 0
  taskPos: 10 taskId: 836 ETC: 101168 priority: 0
  taskPos: 11 taskId: 630 ETC: 17453.1 priority: 0
  taskPos: 12 taskId: 746 ETC: 110026 priority: 0
  taskPos: 13 taskId: 744 ETC: 12774.4 priority: 0
  taskPos: 14 taskId: 865 ETC: 79827.5 priority: 0
  taskPos: 15 taskId: 609 ETC: 273696 priority: 0
  taskPos: 16 taskId: 460 ETC: 30258.3 priority: 0
  taskPos: 17 taskId: 124 ETC: 25669.2 priority: 0
  taskPos: 18 taskId: 769 ETC: 53630.9 priority: 0
  taskPos: 19 taskId: 691 ETC: 35719.1 priority: 0
  taskPos: 20 taskId: 348 ETC: 165256 priority: 0
  taskPos: 21 taskId: 653 ETC: 470958 priority: 0
  taskPos: 22 taskId: 476 ETC: 382770 priority: 0
  taskPos: 23 taskId: 748 ETC: 3649.53 priority: 0
  taskPos: 24 taskId: 883 ETC: 33603.1 priority: 0
  taskPos: 25 taskId: 109 ETC: 55816 priority: 0
  taskPos: 26 taskId: 756 ETC: 44475.9 priority: 0
  taskPos: 27 taskId: 152 ETC: 92471.3 priority: 0
  taskPos: 28 taskId: 327 ETC: 210668 priority: 0
  taskPos: 29 taskId: 421 ETC: 7399.72 priority: 0
  taskPos: 30 taskId: 425 ETC: 49742.4 priority: 0
  taskPos: 31 taskId: 933 ETC: 170755 priority: 0
  taskPos: 32 taskId: 936 ETC: 20237.1 priority: 0
  taskPos: 33 taskId: 162 ETC: 216599 priority: 0
  taskPos: 34 taskId: 1022 ETC: 10320.9 priority: 0
  taskPos: 35 taskId: 150 ETC: 2525 priority: 0
  taskPos: 36 taskId: 155 ETC: 105030 priority: 0
  taskPos: 37 taskId: 464 ETC: 12691.3 priority: 0
  taskPos: 38 taskId: 916 ETC: 20233.8 priority: 0
> machineId: 10
  taskPos: 0 taskId: 66 ETC: 86395 priority: 0
  taskPos: 1 taskId: 151 ETC: 21825 priority: 0
  taskPos: 2 taskId: 928 ETC: 83719.7 priority: 0
  taskPos: 3 taskId: 422 ETC: 60391.1 priority: 0
  taskPos: 4 taskId: 809 ETC: 128820 priority: 0
  taskPos: 5 taskId: 835 ETC: 601988 priority: 0
  taskPos: 6 taskId: 171 ETC: 15013.1 priority: 0
  taskPos: 7 taskId: 764 ETC: 49991.9 priority: 0
  taskPos: 8 taskId: 395 ETC: 161142 priority: 0
  taskPos: 9 taskId: 168 ETC: 109048 priority: 0
  taskPos: 10 taskId: 578 ETC: 62597.3 priority: 0
  taskPos: 11 taskId: 543 ETC: 200421 priority: 0
  taskPos: 12 taskId: 308 ETC: 33807.2 priority: 0
  taskPos: 13 taskId: 871 ETC: 89139.8 priority: 0
  taskPos: 14 taskId: 994 ETC: 63395.2 priority: 0
  taskPos: 15 taskId: 717 ETC: 8155.06 priority: 0
  taskPos: 16 taskId: 966 ETC: 193169 priority: 0
  taskPos: 17 taskId: 670 ETC: 82513.7 priority: 0
  taskPos: 18 taskId: 913 ETC: 55325 priority: 0
  taskPos: 19 taskId: 568 ETC: 1.4187e+06 priority: 0
  taskPos: 20 taskId: 880 ETC: 4486.1 priority: 0
  taskPos: 21 taskId: 944 ETC: 136746 priority: 0
  taskPos: 22 taskId: 868 ETC: 51939 priority: 0
  taskPos: 23 taskId: 39 ETC: 2682.36 priority: 0
  taskPos: 24 taskId: 980 ETC: 104879 priority: 0
  taskPos: 25 taskId: 273 ETC: 171034 priority: 0
  taskPos: 26 taskId: 524 ETC: 69678.4 priority: 0
  taskPos: 27 taskId: 777 ETC: 323314 priority: 0
  taskPos: 28 taskId: 352 ETC: 185318 priority: 0
  taskPos: 29 taskId: 683 ETC: 288036 priority: 0
  taskPos: 30 taskId: 638 ETC: 79587.3 priority: 0
  taskPos: 31 taskId: 258 ETC: 117748 priority: 0
  taskPos: 32 taskId: 119 ETC: 142966 priority: 0
  taskPos: 33 taskId: 503 ETC: 117398 priority: 0
  taskPos: 34 taskId: 400 ETC: 76414.6 priority: 0
  taskPos: 35 taskId: 538 ETC: 20871 priority: 0
> machineId: 11
  taskPos: 0 taskId: 345 ETC: 75081.8 priority: 0
  taskPos: 1 taskId: 99 ETC: 103045 priority: 0
  taskPos: 2 taskId: 666 ETC: 264046 priority: 0
  taskPos: 3 taskId: 328 ETC: 78493.2 priority: 0
  taskPos: 4 taskId: 984 ETC: 237983 priority: 0
  taskPos: 5 taskId: 299 ETC: 361046 priority: 0
  taskPos: 6 taskId: 964 ETC: 341350 priority: 0
  taskPos: 7 taskId: 331 ETC: 1.11788e+06 priority: 0
  taskPos: 8 taskId: 407 ETC: 24453.6 priority: 0
  taskPos: 9 taskId: 675 ETC: 30023.8 priority: 0
  taskPos: 10 taskId: 101 ETC: 224117 priority: 0
  taskPos: 11 taskId: 1013 ETC: 36457.9 priority: 0
  taskPos: 12 taskId: 797 ETC: 193450 priority: 0
  taskPos: 13 taskId: 528 ETC: 34466.2 priority: 0
  taskPos: 14 taskId: 128 ETC: 71522.4 priority: 0
  taskPos: 15 taskId: 798 ETC: 47575.4 priority: 0
  taskPos: 16 taskId: 726 ETC: 139243 priority: 0
  taskPos: 17 taskId: 774 ETC: 61882.2 priority: 0
  taskPos: 18 taskId: 727 ETC: 615603 priority: 0
  taskPos: 19 taskId: 451 ETC: 182156 priority: 0
  taskPos: 20 taskId: 852 ETC: 285198 priority: 0
  taskPos: 21 taskId: 626 ETC: 137613 priority: 0
  taskPos: 22 taskId: 650 ETC: 21456.3 priority: 0
  taskPos: 23 taskId: 363 ETC: 343585 priority: 0
  taskPos: 24 taskId: 696 ETC: 62501.4 priority: 0
  taskPos: 25 taskId: 17 ETC: 105590 priority: 0
  taskPos: 26 taskId: 489 ETC: 14120.1 priority: 0
  taskPos: 27 taskId: 662 ETC: 27864.1 priority: 0
  taskPos: 28 taskId: 799 ETC: 8635.32 priority: 0
  taskPos: 29 taskId: 754 ETC: 6289.52 priority: 0
  taskPos: 30 taskId: 716 ETC: 62765.8 priority: 0
  taskPos: 31 taskId: 218 ETC: 100177 priority: 0
  taskPos: 32 taskId: 987 ETC: 344.87 priority: 0
  taskPos: 33 taskId: 1016 ETC: 8277.58 priority: 0
> machineId: 12
  taskPos: 0 taskId: 343 ETC: 484449 priority: 0
  taskPos: 1 taskId: 537 ETC: 213553 priority: 0
  taskPos: 2 taskId: 848 ETC: 960102 priority: 0
  taskPos: 3 taskId: 814 ETC: 81441 priority: 0
  taskPos: 4 taskId: 45 ETC: 121228 priority: 0
  taskPos: 5 taskId: 69 ETC: 390031 priority: 0
  taskPos: 6 taskId: 415 ETC: 84311.9 priority: 0
  taskPos: 7 taskId: 768 ETC: 203853 priority: 0
  taskPos: 8 taskId: 484 ETC: 315575 priority: 0
  taskPos: 9 taskId: 455 ETC: 608114 priority: 0
  taskPos: 10 taskId: 418 ETC: 274372 priority: 0
  taskPos: 11 taskId: 905 ETC: 33068.4 priority: 0
  taskPos: 12 taskId: 264 ETC: 1.1955e+06 priority: 0
  taskPos: 13 taskId: 2 ETC: 95784 priority: 0
  taskPos: 14 taskId: 112 ETC: 40885.8 priority: 0
  taskPos: 15 taskId: 306 ETC: 89121.2 priority: 0
  taskPos: 16 taskId: 673 ETC: 53047.2 priority: 0
  taskPos: 17 taskId: 459 ETC: 145113 priority: 0
> machineId: 13
  taskPos: 0 taskId: 483 ETC: 214340 priority: 0
  taskPos: 1 taskId: 64 ETC: 107731 priority: 0
  taskPos: 2 taskId: 433 ETC: 230872 priority: 0
  taskPos: 3 taskId: 975 ETC: 3479 priority: 0
  taskPos: 4 taskId: 870 ETC: 119211 priority: 0
  taskPos: 5 taskId: 385 ETC: 28907 priority: 0
  taskPos: 6 taskId: 245 ETC: 47447.5 priority: 0
  taskPos: 7 taskId: 625 ETC: 55944.2 priority: 0
  taskPos: 8 taskId: 788 ETC: 15102.4 priority: 0
  taskPos: 9 taskId: 1 ETC: 29388.2 priority: 0
  taskPos: 10 taskId: 879 ETC: 447238 priority: 0
  taskPos: 11 taskId: 123 ETC: 67917.6 priority: 0
  taskPos: 12 taskId: 253 ETC: 487432 priority: 0
  taskPos: 13 taskId: 235 ETC: 14692.1 priority: 0
  taskPos: 14 taskId: 750 ETC: 103893 priority: 0
  taskPos: 15 taskId: 708 ETC: 10351.7 priority: 0
  taskPos: 16 taskId: 182 ETC: 163524 priority: 0
  taskPos: 17 taskId: 762 ETC: 77618.1 priority: 0
  taskPos: 18 taskId: 298 ETC: 52636.8 priority: 0
  taskPos: 19 taskId: 1012 ETC: 205424 priority: 0
  taskPos: 20 taskId: 684 ETC: 38654.8 priority: 0
  taskPos: 21 taskId: 806 ETC: 76216.5 priority: 0
  taskPos: 22 taskId: 227 ETC: 188597 priority: 0
  taskPos: 23 taskId: 347 ETC: 55976.1 priority: 0
  taskPos: 24 taskId: 791 ETC: 29160.4 priority: 0
  taskPos: 25 taskId: 169 ETC: 293515 priority: 0
  taskPos: 26 taskId: 236 ETC: 654431 priority: 0
  taskPos: 27 taskId: 197 ETC: 16398.7 priority: 0
  taskPos: 28 taskId: 576 ETC: 44271.6 priority: 0
  taskPos: 29 taskId: 594 ETC: 561476 priority: 0
  taskPos: 30 taskId: 514 ETC: 11273.8 priority: 0
  taskPos: 31 taskId: 737 ETC: 273284 priority: 0
  taskPos: 32 taskId: 706 ETC: 251446 priority: 0
  taskPos: 33 taskId: 781 ETC: 16454.4 priority: 0
  taskPos: 34 taskId: 447 ETC: 25602.3 priority: 0
  taskPos: 35 taskId: 14 ETC: 4982.15 priority: 0
  taskPos: 36 taskId: 302 ETC: 72917.5 priority: 0
  taskPos: 37 taskId: 695 ETC: 130141 priority: 0
  taskPos: 38 taskId: 869 ETC: 29668.9 priority: 0
  taskPos: 39 taskId: 584 ETC: 31574.1 priority: 0
> machineId: 14
  taskPos: 0 taskId: 379 ETC: 136812 priority: 0
  taskPos: 1 taskId: 787 ETC: 304810 priority: 0
  taskPos: 2 taskId: 122 ETC: 153324 priority: 0
  taskPos: 3 taskId: 24 ETC: 230740 priority: 0
  taskPos: 4 taskId: 629 ETC: 423699 priority: 0
  taskPos: 5 taskId: 57 ETC: 26957.4 priority: 0
  taskPos: 6 taskId: 566 ETC: 145446 priority: 0
  taskPos: 7 taskId: 951 ETC: 170896 priority: 0
  taskPos: 8 taskId: 71 ETC: 463272 priority: 0
  taskPos: 9 taskId: 587 ETC: 16603.7 priority: 0
  taskPos: 10 taskId: 517 ETC: 417329 priority: 0
  taskPos: 11 taskId: 176 ETC: 977194 priority: 0
  taskPos: 12 taskId: 453 ETC: 672716 priority: 0
  taskPos: 13 taskId: 361 ETC: 2270.22 priority: 0
  taskPos: 14 taskId: 795 ETC: 79538.1 priority: 0
  taskPos: 15 taskId: 279 ETC: 72392.1 priority: 0
  taskPos: 16 taskId: 572 ETC: 71946.1 priority: 0
  taskPos: 17 taskId: 784 ETC: 762582 priority: 0
  taskPos: 18 taskId: 618 ETC: 127142 priority: 0
  taskPos: 19 taskId: 958 ETC: 115319 priority: 0
  taskPos: 20 taskId: 993 ETC: 25072.8 priority: 0
  taskPos: 21 taskId: 441 ETC: 23492.2 priority: 0
> machineId: 15
  taskPos: 0 taskId: 896 ETC: 464774 priority: 0
  taskPos: 1 taskId: 509 ETC: 24441.5 priority: 0
  taskPos: 2 taskId: 661 ETC: 28364.3 priority: 0
  taskPos: 3 taskId: 624 ETC: 43906.1 priority: 0
  taskPos: 4 taskId: 647 ETC: 54965.6 priority: 0
  taskPos: 5 taskId: 317 ETC: 581559 priority: 0
  taskPos: 6 taskId: 466 ETC: 49896.2 priority: 0
  taskPos: 7 taskId: 970 ETC: 62810.1 priority: 0
  taskPos: 8 taskId: 224 ETC: 28209.3 priority: 0
  taskPos: 9 taskId: 43 ETC: 5052.25 priority: 0
  taskPos: 10 taskId: 922 ETC: 68968.4 priority: 0
  taskPos: 11 taskId: 391 ETC: 93338.4 priority: 0
  taskPos: 12 taskId: 332 ETC: 28427.2 priority: 0
  taskPos: 13 taskId: 861 ETC: 268745 priority: 0
  taskPos: 14 taskId: 191 ETC: 709494 priority: 0
  taskPos: 15 taskId: 11 ETC: 5725.62 priority: 0
  taskPos: 16 taskId: 526 ETC: 52154.6 priority: 0
  taskPos: 17 taskId: 381 ETC: 76505.2 priority: 0
  taskPos: 18 taskId: 406 ETC: 607190 priority: 0
  taskPos: 19 taskId: 729 ETC: 147557 priority: 0
  taskPos: 20 taskId: 121 ETC: 282708 priority: 0
  taskPos: 21 taskId: 899 ETC: 12293.4 priority: 0
  taskPos: 22 taskId: 811 ETC: 359462 priority: 0
  taskPos: 23 taskId: 242 ETC: 95272.7 priority: 0
  taskPos: 24 taskId: 144 ETC: 62823 priority: 0
  taskPos: 25 taskId: 828 ETC: 110119 priority: 0
  taskPos: 26 taskId: 13 ETC: 46893.5 priority: 0
  taskPos: 27 taskId: 557 ETC: 433606 priority: 0
  taskPos: 28 taskId: 720 ETC: 168639 priority: 0
  taskPos: 29 taskId: 82 ETC: 136493 priority: 0
  taskPos: 30 taskId: 955 ETC: 49027.5 priority: 0
  taskPos: 31 taskId: 78 ETC: 10188.2 priority: 0
  taskPos: 32 taskId: 963 ETC: 16340.8 priority: 0
  taskPos: 33 taskId: 803 ETC: 283.88 priority: 0
  taskPos: 34 taskId: 715 ETC: 185296 priority: 0
> machineId: 16
  taskPos: 0 taskId: 34 ETC: 191837 priority: 0
  taskPos: 1 taskId: 698 ETC: 248229 priority: 0
  taskPos: 2 taskId: 755 ETC: 27681.2 priority: 0
  taskPos: 3 taskId: 714 ETC: 140923 priority: 0
  taskPos: 4 taskId: 29 ETC: 174772 priority: 0
  taskPos: 5 taskId: 703 ETC: 342445 priority: 0
  taskPos: 6 taskId: 387 ETC: 602578 priority: 0
  taskPos: 7 taskId: 219 ETC: 72829.2 priority: 0
  taskPos: 8 taskId: 320 ETC: 26685.9 priority: 0
  taskPos: 9 taskId: 736 ETC: 110062 priority: 0
  taskPos: 10 taskId: 639 ETC: 133623 priority: 0
  taskPos: 11 taskId: 201 ETC: 120350 priority: 0
  taskPos: 12 taskId: 577 ETC: 69590.8 priority: 0
  taskPos: 13 taskId: 819 ETC: 375066 priority: 0
  taskPos: 14 taskId: 997 ETC: 60586.3 priority: 0
  taskPos: 15 taskId: 468 ETC: 127760 priority: 0
  taskPos: 16 taskId: 414 ETC: 87521.9 priority: 0
  taskPos: 17 taskId: 54 ETC: 16138.6 priority: 0
  taskPos: 18 taskId: 550 ETC: 123848 priority: 0
  taskPos: 19 taskId: 398 ETC: 495032 priority: 0
  taskPos: 20 taskId: 266 ETC: 93659.8 priority: 0
  taskPos: 21 taskId: 657 ETC: 28436 priority: 0
  taskPos: 22 taskId: 305 ETC: 941822 priority: 0
  taskPos: 23 taskId: 40 ETC: 644442 priority: 0
  taskPos: 24 taskId: 210 ETC: 16239.6 priority: 0
  taskPos: 25 taskId: 312 ETC: 141952 priority: 0
> machineId: 17
  taskPos: 0 taskId: 573 ETC: 6081.98 priority: 0
  taskPos: 1 taskId: 183 ETC: 463626 priority: 0
  taskPos: 2 taskId: 830 ETC: 81061.6 priority: 0
  taskPos: 3 taskId: 237 ETC: 78040 priority: 0
  taskPos: 4 taskId: 360 ETC: 114474 priority: 0
  taskPos: 5 taskId: 22 ETC: 218156 priority: 0
  taskPos: 6 taskId: 593 ETC: 42739.4 priority: 0
  taskPos: 7 taskId: 643 ETC: 175724 priority: 0
  taskPos: 8 taskId: 773 ETC: 85018.3 priority: 0
  taskPos: 9 taskId: 364 ETC: 230986 priority: 0
  taskPos: 10 taskId: 658 ETC: 254175 priority: 0
  taskPos: 11 taskId: 250 ETC: 124872 priority: 0
  taskPos: 12 taskId: 778 ETC: 132602 priority: 0
  taskPos: 13 taskId: 677 ETC: 121169 priority: 0
  taskPos: 14 taskId: 545 ETC: 337532 priority: 0
  taskPos: 15 taskId: 546 ETC: 280722 priority: 0
  taskPos: 16 taskId: 286 ETC: 114901 priority: 0
  taskPos: 17 taskId: 423 ETC: 11128.3 priority: 0
  taskPos: 18 taskId: 863 ETC: 410755 priority: 0
  taskPos: 19 taskId: 196 ETC: 94596.9 priority: 0
  taskPos: 20 taskId: 635 ETC: 207118 priority: 0
  taskPos: 21 taskId: 641 ETC: 106846 priority: 0
  taskPos: 22 taskId: 411 ETC: 103671 priority: 0
  taskPos: 23 taskId: 238 ETC: 56506.1 priority: 0
  taskPos: 24 taskId: 426 ETC: 18390.2 priority: 0
  taskPos: 25 taskId: 147 ETC: 54008.1 priority: 0
  taskPos: 26 taskId: 443 ETC: 21077 priority: 0
  taskPos: 27 taskId: 513 ETC: 37490.9 priority: 0
  taskPos: 28 taskId: 272 ETC: 104534 priority: 0
  taskPos: 29 taskId: 234 ETC: 788209 priority: 0
  taskPos: 30 taskId: 831 ETC: 8474.28 priority: 0
  taskPos: 31 taskId: 945 ETC: 199687 priority: 0
  taskPos: 32 taskId: 796 ETC: 39589.3 priority: 0
  taskPos: 33 taskId: 290 ETC: 238717 priority: 0
  taskPos: 34 taskId: 73 ETC: 34268.5 priority: 0
  taskPos: 35 taskId: 1011 ETC: 11006.3 priority: 0
> machineId: 18
  taskPos: 0 taskId: 243 ETC: 195387 priority: 0
  taskPos: 1 taskId: 32 ETC: 11061.1 priority: 0
  taskPos: 2 taskId: 621 ETC: 245586 priority: 0
  taskPos: 3 taskId: 189 ETC: 205400 priority: 0
  taskPos: 4 taskId: 866 ETC: 15245.7 priority: 0
  taskPos: 5 taskId: 655 ETC: 123150 priority: 0
  taskPos: 6 taskId: 619 ETC: 86873.5 priority: 0
  taskPos: 7 taskId: 315 ETC: 398955 priority: 0
  taskPos: 8 taskId: 462 ETC: 237786 priority: 0
  taskPos: 9 taskId: 247 ETC: 245347 priority: 0
  taskPos: 10 taskId: 694 ETC: 138105 priority: 0
  taskPos: 11 taskId: 1018 ETC: 97766.9 priority: 0
  taskPos: 12 taskId: 5 ETC: 46864.9 priority: 0
  taskPos: 13 taskId: 289 ETC: 265939 priority: 0
  taskPos: 14 taskId: 481 ETC: 10356.2 priority: 0
  taskPos: 15 taskId: 700 ETC: 587847 priority: 0
  taskPos: 16 taskId: 427 ETC: 25812.2 priority: 0
  taskPos: 17 taskId: 324 ETC: 218790 priority: 0
  taskPos: 18 taskId: 603 ETC: 227139 priority: 0
  taskPos: 19 taskId: 942 ETC: 10379.9 priority: 0
  taskPos: 20 taskId: 309 ETC: 6582.11 priority: 0
  taskPos: 21 taskId: 864 ETC: 189068 priority: 0
  taskPos: 22 taskId: 892 ETC: 92472.1 priority: 0
  taskPos: 23 taskId: 217 ETC: 116434 priority: 0
  taskPos: 24 taskId: 256 ETC: 205864 priority: 0
  taskPos: 25 taskId: 186 ETC: 165521 priority: 0
  taskPos: 26 taskId: 968 ETC: 826430 priority: 0
  taskPos: 27 taskId: 739 ETC: 51895 priority: 0
  taskPos: 28 taskId: 33 ETC: 320279 priority: 0
  taskPos: 29 taskId: 678 ETC: 63215.4 priority: 0
  taskPos: 30 taskId: 775 ETC: 5477.28 priority: 0
  taskPos: 31 taskId: 676 ETC: 10941.1 priority: 0
> machineId: 19
  taskPos: 0 taskId: 115 ETC: 2957.38 priority: 0
  taskPos: 1 taskId: 200 ETC: 167850 priority: 0
  taskPos: 2 taskId: 589 ETC: 98770 priority: 0
  taskPos: 3 taskId: 478 ETC: 568095 priority: 0
  taskPos: 4 taskId: 512 ETC: 5629.75 priority: 0
  taskPos: 5 taskId: 271 ETC: 117181 priority: 0
  taskPos: 6 taskId: 730 ETC: 8337.41 priority: 0
  taskPos: 7 taskId: 921 ETC: 135537 priority: 0
  taskPos: 8 taskId: 982 ETC: 9368.34 priority: 0
  taskPos: 9 taskId: 282 ETC: 170913 priority: 0
  taskPos: 10 taskId: 378 ETC: 178174 priority: 0
  taskPos: 11 taskId: 872 ETC: 732378 priority: 0
  taskPos: 12 taskId: 522 ETC: 267345 priority: 0
  taskPos: 13 taskId: 156 ETC: 87844.4 priority: 0
  taskPos: 14 taskId: 493 ETC: 302703 priority: 0
  taskPos: 15 taskId: 613 ETC: 24462.1 priority: 0
  taskPos: 16 taskId: 311 ETC: 146769 priority: 0
  taskPos: 17 taskId: 174 ETC: 267335 priority: 0
  taskPos: 18 taskId: 508 ETC: 41892.2 priority: 0
  taskPos: 19 taskId: 416 ETC: 58792.3 priority: 0
  taskPos: 20 taskId: 690 ETC: 362284 priority: 0
  taskPos: 21 taskId: 553 ETC: 92125.2 priority: 0
  taskPos: 22 taskId: 300 ETC: 1137.42 priority: 0
  taskPos: 23 taskId: 380 ETC: 23157 priority: 0
  taskPos: 24 taskId: 284 ETC: 148784 priority: 0
  taskPos: 25 taskId: 100 ETC: 191659 priority: 0
  taskPos: 26 taskId: 18 ETC: 6395.64 priority: 0
  taskPos: 27 taskId: 3 ETC: 111896 priority: 0
  taskPos: 28 taskId: 821 ETC: 519748 priority: 0
  taskPos: 29 taskId: 805 ETC: 200062 priority: 0
  taskPos: 30 taskId: 565 ETC: 180114 priority: 0
  taskPos: 31 taskId: 652 ETC: 35360.7 priority: 0
  taskPos: 32 taskId: 307 ETC: 209250 priority: 0
> machineId: 20
  taskPos: 0 taskId: 280 ETC: 136724 priority: 0
  taskPos: 1 taskId: 107 ETC: 187920 priority: 0
  taskPos: 2 taskId: 158 ETC: 251325 priority: 0
  taskPos: 3 taskId: 177 ETC: 166571 priority: 0
  taskPos: 4 taskId: 725 ETC: 42963.2 priority: 0
  taskPos: 5 taskId: 634 ETC: 49668.4 priority: 0
  taskPos: 6 taskId: 834 ETC: 30636.4 priority: 0
  taskPos: 7 taskId: 206 ETC: 31893 priority: 0
  taskPos: 8 taskId: 518 ETC: 109760 priority: 0
  taskPos: 9 taskId: 35 ETC: 72967 priority: 0
  taskPos: 10 taskId: 544 ETC: 104033 priority: 0
  taskPos: 11 taskId: 782 ETC: 47156.3 priority: 0
  taskPos: 12 taskId: 127 ETC: 590539 priority: 0
  taskPos: 13 taskId: 817 ETC: 193372 priority: 0
  taskPos: 14 taskId: 495 ETC: 81735.5 priority: 0
  taskPos: 15 taskId: 1005 ETC: 304540 priority: 0
  taskPos: 16 taskId: 58 ETC: 98754.6 priority: 0
  taskPos: 17 taskId: 867 ETC: 22724.8 priority: 0
  taskPos: 18 taskId: 175 ETC: 379794 priority: 0
  taskPos: 19 taskId: 902 ETC: 53755 priority: 0
  taskPos: 20 taskId: 693 ETC: 69656 priority: 0
  taskPos: 21 taskId: 758 ETC: 105781 priority: 0
  taskPos: 22 taskId: 889 ETC: 42533.6 priority: 0
  taskPos: 23 taskId: 551 ETC: 47590.8 priority: 0
  taskPos: 24 taskId: 615 ETC: 60797.9 priority: 0
  taskPos: 25 taskId: 228 ETC: 189764 priority: 0
  taskPos: 26 taskId: 419 ETC: 185543 priority: 0
  taskPos: 27 taskId: 180 ETC: 12800.6 priority: 0
  taskPos: 28 taskId: 560 ETC: 44924.6 priority: 0
  taskPos: 29 taskId: 648 ETC: 197016 priority: 0
  taskPos: 30 taskId: 800 ETC: 97485.8 priority: 0
  taskPos: 31 taskId: 1015 ETC: 55137.5 priority: 0
  taskPos: 32 taskId: 0 ETC: 162985 priority: 0
  taskPos: 33 taskId: 310 ETC: 121555 priority: 0
  taskPos: 34 taskId: 207 ETC: 112526 priority: 0
  taskPos: 35 taskId: 829 ETC: 297300 priority: 0
  taskPos: 36 taskId: 671 ETC: 17627.1 priority: 0
  taskPos: 37 taskId: 113 ETC: 93257.6 priority: 0
  taskPos: 38 taskId: 474 ETC: 240789 priority: 0
  taskPos: 39 taskId: 897 ETC: 81323 priority: 0
  taskPos: 40 taskId: 38 ETC: 105223 priority: 0
  taskPos: 41 taskId: 742 ETC: 30210.8 priority: 0
  taskPos: 42 taskId: 118 ETC: 4074.65 priority: 0
  taskPos: 43 taskId: 569 ETC: 3357.87 priority: 0
> machineId: 21
  taskPos: 0 taskId: 399 ETC: 111176 priority: 0
  taskPos: 1 taskId: 373 ETC: 36986.8 priority: 0
  taskPos: 2 taskId: 894 ETC: 4526.33 priority: 0
  taskPos: 3 taskId: 333 ETC: 379385 priority: 0
  taskPos: 4 taskId: 187 ETC: 904955 priority: 0
  taskPos: 5 taskId: 763 ETC: 32565.1 priority: 0
  taskPos: 6 taskId: 392 ETC: 95297.7 priority: 0
  taskPos: 7 taskId: 486 ETC: 46352.1 priority: 0
  taskPos: 8 taskId: 718 ETC: 55761.6 priority: 0
  taskPos: 9 taskId: 106 ETC: 345123 priority: 0
  taskPos: 10 taskId: 938 ETC: 34150 priority: 0
  taskPos: 11 taskId: 240 ETC: 45218.1 priority: 0
  taskPos: 12 taskId: 96 ETC: 264542 priority: 0
  taskPos: 13 taskId: 614 ETC: 75902.9 priority: 0
  taskPos: 14 taskId: 974 ETC: 214124 priority: 0
  taskPos: 15 taskId: 685 ETC: 59599.5 priority: 0
  taskPos: 16 taskId: 316 ETC: 329718 priority: 0
  taskPos: 17 taskId: 582 ETC: 614250 priority: 0
  taskPos: 18 taskId: 204 ETC: 131094 priority: 0
  taskPos: 19 taskId: 535 ETC: 168386 priority: 0
  taskPos: 20 taskId: 432 ETC: 674148 priority: 0
  taskPos: 21 taskId: 291 ETC: 268101 priority: 0
  taskPos: 22 taskId: 954 ETC: 26872.5 priority: 0
  taskPos: 23 taskId: 979 ETC: 50700.6 priority: 0
  taskPos: 24 taskId: 318 ETC: 26569.4 priority: 0
  taskPos: 25 taskId: 965 ETC: 80872.7 priority: 0
  taskPos: 26 taskId: 976 ETC: 48259.1 priority: 0
  taskPos: 27 taskId: 709 ETC: 4709.68 priority: 0
  taskPos: 28 taskId: 556 ETC: 23222.8 priority: 0
  taskPos: 29 taskId: 793 ETC: 36801 priority: 0
  taskPos: 30 taskId: 1014 ETC: 88014.3 priority: 0
  taskPos: 31 taskId: 710 ETC: 143541 priority: 0
  taskPos: 32 taskId: 95 ETC: 16651 priority: 0
> machineId: 22
  taskPos: 0 taskId: 719 ETC: 19231.4 priority: 0
  taskPos: 1 taskId: 401 ETC: 10786.3 priority: 0
  taskPos: 2 taskId: 804 ETC: 221992 priority: 0
  taskPos: 3 taskId: 845 ETC: 51107.6 priority: 0
  taskPos: 4 taskId: 622 ETC: 178039 priority: 0
  taskPos: 5 taskId: 890 ETC: 134917 priority: 0
  taskPos: 6 taskId: 410 ETC: 13633.5 priority: 0
  taskPos: 7 taskId: 827 ETC: 1.30042e+06 priority: 0
  taskPos: 8 taskId: 701 ETC: 43380 priority: 0
  taskPos: 9 taskId: 563 ETC: 174689 priority: 0
  taskPos: 10 taskId: 654 ETC: 78728.4 priority: 0
  taskPos: 11 taskId: 383 ETC: 276530 priority: 0
  taskPos: 12 taskId: 428 ETC: 129252 priority: 0
  taskPos: 13 taskId: 456 ETC: 385849 priority: 0
  taskPos: 14 taskId: 283 ETC: 118438 priority: 0
  taskPos: 15 taskId: 903 ETC: 254834 priority: 0
  taskPos: 16 taskId: 850 ETC: 167626 priority: 0
  taskPos: 17 taskId: 52 ETC: 144420 priority: 0
  taskPos: 18 taskId: 389 ETC: 55306.6 priority: 0
  taskPos: 19 taskId: 452 ETC: 33237.4 priority: 0
  taskPos: 20 taskId: 499 ETC: 3478.69 priority: 0
  taskPos: 21 taskId: 941 ETC: 140571 priority: 0
  taskPos: 22 taskId: 390 ETC: 45733.8 priority: 0
  taskPos: 23 taskId: 202 ETC: 381127 priority: 0
  taskPos: 24 taskId: 604 ETC: 39989.4 priority: 0
  taskPos: 25 taskId: 442 ETC: 9960.71 priority: 0
  taskPos: 26 taskId: 358 ETC: 43618.6 priority: 0
  taskPos: 27 taskId: 341 ETC: 311469 priority: 0
  taskPos: 28 taskId: 430 ETC: 260458 priority: 0
  taskPos: 29 taskId: 68 ETC: 6716.94 priority: 0
  taskPos: 30 taskId: 915 ETC: 209900 priority: 0
> machineId: 23
  taskPos: 0 taskId: 98 ETC: 91820.3 priority: 0
  taskPos: 1 taskId: 388 ETC: 107923 priority: 0
  taskPos: 2 taskId: 759 ETC: 290217 priority: 0
  taskPos: 3 taskId: 846 ETC: 503381 priority: 0
  taskPos: 4 taskId: 463 ETC: 610771 priority: 0
  taskPos: 5 taskId: 435 ETC: 6616.85 priority: 0
  taskPos: 6 taskId: 930 ETC: 95938.4 priority: 0
  taskPos: 7 taskId: 369 ETC: 14100.7 priority: 0
  taskPos: 8 taskId: 216 ETC: 102798 priority: 0
  taskPos: 9 taskId: 956 ETC: 126012 priority: 0
  taskPos: 10 taskId: 260 ETC: 100760 priority: 0
  taskPos: 11 taskId: 876 ETC: 459955 priority: 0
  taskPos: 12 taskId: 826 ETC: 113120 priority: 0
  taskPos: 13 taskId: 83 ETC: 295273 priority: 0
  taskPos: 14 taskId: 225 ETC: 255886 priority: 0
  taskPos: 15 taskId: 314 ETC: 46806.5 priority: 0
  taskPos: 16 taskId: 97 ETC: 323884 priority: 0
  taskPos: 17 taskId: 637 ETC: 194305 priority: 0
  taskPos: 18 taskId: 267 ETC: 99053.9 priority: 0
  taskPos: 19 taskId: 530 ETC: 1411.32 priority: 0
  taskPos: 20 taskId: 134 ETC: 250.23 priority: 0
  taskPos: 21 taskId: 1019 ETC: 82167.7 priority: 0
  taskPos: 22 taskId: 477 ETC: 132650 priority: 0
  taskPos: 23 taskId: 231 ETC: 11605.2 priority: 0
  taskPos: 24 taskId: 255 ETC: 39848.6 priority: 0
  taskPos: 25 taskId: 874 ETC: 8117.26 priority: 0
  taskPos: 26 taskId: 1023 ETC: 138132 priority: 0
  taskPos: 27 taskId: 338 ETC: 46147.1 priority: 0
  taskPos: 28 taskId: 549 ETC: 158403 priority: 0
  taskPos: 29 taskId: 465 ETC: 130173 priority: 0
  taskPos: 30 taskId: 559 ETC: 106009 priority: 0
  taskPos: 31 taskId: 816 ETC: 71729.4 priority: 0
  taskPos: 32 taskId: 689 ETC: 15584.7 priority: 0
  taskPos: 33 taskId: 688 ETC: 58845.2 priority: 0
  taskPos: 34 taskId: 554 ETC: 68649.4 priority: 0
  taskPos: 35 taskId: 511 ETC: 305211 priority: 0
  taskPos: 36 taskId: 161 ETC: 186386 priority: 0
  taskPos: 37 taskId: 92 ETC: 65715.5 priority: 0
  taskPos: 38 taskId: 213 ETC: 1600.44 priority: 0
> machineId: 24
  taskPos: 0 taskId: 153 ETC: 340911 priority: 0
  taskPos: 1 taskId: 721 ETC: 56149.2 priority: 0
  taskPos: 2 taskId: 682 ETC: 208334 priority: 0
  taskPos: 3 taskId: 55 ETC: 262000 priority: 0
  taskPos: 4 taskId: 405 ETC: 97897.3 priority: 0
  taskPos: 5 taskId: 417 ETC: 159633 priority: 0
  taskPos: 6 taskId: 536 ETC: 107292 priority: 0
  taskPos: 7 taskId: 252 ETC: 35255.3 priority: 0
  taskPos: 8 taskId: 1003 ETC: 284781 priority: 0
  taskPos: 9 taskId: 166 ETC: 949110 priority: 0
  taskPos: 10 taskId: 480 ETC: 274614 priority: 0
  taskPos: 11 taskId: 598 ETC: 22006.8 priority: 0
  taskPos: 12 taskId: 961 ETC: 242013 priority: 0
  taskPos: 13 taskId: 772 ETC: 627257 priority: 0
  taskPos: 14 taskId: 931 ETC: 88579.5 priority: 0
  taskPos: 15 taskId: 940 ETC: 29981.9 priority: 0
  taskPos: 16 taskId: 244 ETC: 44823.7 priority: 0
  taskPos: 17 taskId: 139 ETC: 284129 priority: 0
  taskPos: 18 taskId: 901 ETC: 386274 priority: 0
  taskPos: 19 taskId: 179 ETC: 278485 priority: 0
  taskPos: 20 taskId: 488 ETC: 103654 priority: 0
  taskPos: 21 taskId: 770 ETC: 48528.9 priority: 0
  taskPos: 22 taskId: 15 ETC: 16084.2 priority: 0
  taskPos: 23 taskId: 222 ETC: 99412 priority: 0
  taskPos: 24 taskId: 496 ETC: 43643.1 priority: 0
  taskPos: 25 taskId: 80 ETC: 3447.92 priority: 0
  taskPos: 26 taskId: 533 ETC: 275943 priority: 0
> machineId: 25
  taskPos: 0 taskId: 988 ETC: 103414 priority: 0
  taskPos: 1 taskId: 856 ETC: 362390 priority: 0
  taskPos: 2 taskId: 49 ETC: 228509 priority: 0
  taskPos: 3 taskId: 601 ETC: 88702 priority: 0
  taskPos: 4 taskId: 281 ETC: 204247 priority: 0
  taskPos: 5 taskId: 771 ETC: 84810.3 priority: 0
  taskPos: 6 taskId: 627 ETC: 226266 priority: 0
  taskPos: 7 taskId: 919 ETC: 275600 priority: 0
  taskPos: 8 taskId: 9 ETC: 589137 priority: 0
  taskPos: 9 taskId: 825 ETC: 227762 priority: 0
  taskPos: 10 taskId: 241 ETC: 119732 priority: 0
  taskPos: 11 taskId: 640 ETC: 789540 priority: 0
  taskPos: 12 taskId: 114 ETC: 282549 priority: 0
  taskPos: 13 taskId: 918 ETC: 189073 priority: 0
  taskPos: 14 taskId: 439 ETC: 256269 priority: 0
  taskPos: 15 taskId: 596 ETC: 370618 priority: 0
  taskPos: 16 taskId: 664 ETC: 176295 priority: 0
  taskPos: 17 taskId: 521 ETC: 686868 priority: 0
  taskPos: 18 taskId: 323 ETC: 56006.6 priority: 0
> machineId: 26
  taskPos: 0 taskId: 636 ETC: 2301.88 priority: 0
  taskPos: 1 taskId: 972 ETC: 336404 priority: 0
  taskPos: 2 taskId: 713 ETC: 312585 priority: 0
  taskPos: 3 taskId: 353 ETC: 190996 priority: 0
  taskPos: 4 taskId: 31 ETC: 102429 priority: 0
  taskPos: 5 taskId: 214 ETC: 493223 priority: 0
  taskPos: 6 taskId: 697 ETC: 95618 priority: 0
  taskPos: 7 taskId: 981 ETC: 156809 priority: 0
  taskPos: 8 taskId: 1017 ETC: 138400 priority: 0
  taskPos: 9 taskId: 239 ETC: 6883.84 priority: 0
  taskPos: 10 taskId: 995 ETC: 93223.9 priority: 0
  taskPos: 11 taskId: 397 ETC: 60828.9 priority: 0
  taskPos: 12 taskId: 507 ETC: 152722 priority: 0
  taskPos: 13 taskId: 570 ETC: 57319.3 priority: 0
  taskPos: 14 taskId: 786 ETC: 1.46214e+06 priority: 0
  taskPos: 15 taskId: 504 ETC: 128227 priority: 0
  taskPos: 16 taskId: 555 ETC: 193921 priority: 0
  taskPos: 17 taskId: 471 ETC: 71175.9 priority: 0
  taskPos: 18 taskId: 779 ETC: 42717.7 priority: 0
  taskPos: 19 taskId: 21 ETC: 107272 priority: 0
  taskPos: 20 taskId: 367 ETC: 2498.68 priority: 0
  taskPos: 21 taskId: 403 ETC: 11294.8 priority: 0
  taskPos: 22 taskId: 547 ETC: 3982.63 priority: 0
  taskPos: 23 taskId: 329 ETC: 175450 priority: 0
  taskPos: 24 taskId: 541 ETC: 326827 priority: 0
  taskPos: 25 taskId: 292 ETC: 10249.3 priority: 0
  taskPos: 26 taskId: 977 ETC: 61686.7 priority: 0
  taskPos: 27 taskId: 449 ETC: 26582.7 priority: 0
  taskPos: 28 taskId: 356 ETC: 32112.8 priority: 0
  taskPos: 29 taskId: 808 ETC: 64865.4 priority: 0
  taskPos: 30 taskId: 644 ETC: 552475 priority: 0
> machineId: 27
  taskPos: 0 taskId: 232 ETC: 90810.5 priority: 0
  taskPos: 1 taskId: 94 ETC: 68963.7 priority: 0
  taskPos: 2 taskId: 743 ETC: 399400 priority: 0
  taskPos: 3 taskId: 472 ETC: 6808.04 priority: 0
  taskPos: 4 taskId: 165 ETC: 74877.5 priority: 0
  taskPos: 5 taskId: 321 ETC: 126517 priority: 0
  taskPos: 6 taskId: 741 ETC: 27222.5 priority: 0
  taskPos: 7 taskId: 672 ETC: 124761 priority: 0
  taskPos: 8 taskId: 906 ETC: 173204 priority: 0
  taskPos: 9 taskId: 855 ETC: 295827 priority: 0
  taskPos: 10 taskId: 588 ETC: 37610.5 priority: 0
  taskPos: 11 taskId: 440 ETC: 415782 priority: 0
  taskPos: 12 taskId: 608 ETC: 155179 priority: 0
  taskPos: 13 taskId: 497 ETC: 225184 priority: 0
  taskPos: 14 taskId: 326 ETC: 409878 priority: 0
  taskPos: 15 taskId: 110 ETC: 404126 priority: 0
  taskPos: 16 taskId: 226 ETC: 341058 priority: 0
  taskPos: 17 taskId: 61 ETC: 101086 priority: 0
  taskPos: 18 taskId: 527 ETC: 218639 priority: 0
  taskPos: 19 taskId: 346 ETC: 50060.2 priority: 0
  taskPos: 20 taskId: 142 ETC: 137349 priority: 0
  taskPos: 21 taskId: 325 ETC: 47710.3 priority: 0
  taskPos: 22 taskId: 969 ETC: 360381 priority: 0
  taskPos: 23 taskId: 802 ETC: 404700 priority: 0
  taskPos: 24 taskId: 858 ETC: 121758 priority: 0
  taskPos: 25 taskId: 548 ETC: 18539.6 priority: 0
  taskPos: 26 taskId: 72 ETC: 159698 priority: 0
  taskPos: 27 taskId: 849 ETC: 135767 priority: 0
  taskPos: 28 taskId: 413 ETC: 255417 priority: 0
  taskPos: 29 taskId: 705 ETC: 31204.3 priority: 0
> machineId: 28
  taskPos: 0 taskId: 429 ETC: 816257 priority: 0
  taskPos: 1 taskId: 85 ETC: 78944 priority: 0
  taskPos: 2 taskId: 898 ETC: 90603.4 priority: 0
  taskPos: 3 taskId: 12 ETC: 46398.4 priority: 0
  taskPos: 4 taskId: 436 ETC: 31310.7 priority: 0
  taskPos: 5 taskId: 751 ETC: 178066 priority: 0
  taskPos: 6 taskId: 482 ETC: 646910 priority: 0
  taskPos: 7 taskId: 875 ETC: 160582 priority: 0
  taskPos: 8 taskId: 135 ETC: 354091 priority: 0
  taskPos: 9 taskId: 229 ETC: 48597.2 priority: 0
  taskPos: 10 taskId: 851 ETC: 494490 priority: 0
  taskPos: 11 taskId: 934 ETC: 53441.8 priority: 0
  taskPos: 12 taskId: 837 ETC: 97342.9 priority: 0
  taskPos: 13 taskId: 531 ETC: 355786 priority: 0
  taskPos: 14 taskId: 366 ETC: 103943 priority: 0
  taskPos: 15 taskId: 434 ETC: 52962.2 priority: 0
  taskPos: 16 taskId: 285 ETC: 24949.2 priority: 0
  taskPos: 17 taskId: 862 ETC: 9403.39 priority: 0
  taskPos: 18 taskId: 649 ETC: 166508 priority: 0
  taskPos: 19 taskId: 877 ETC: 135119 priority: 0
  taskPos: 20 taskId: 895 ETC: 27572 priority: 0
  taskPos: 21 taskId: 947 ETC: 978.46 priority: 0
  taskPos: 22 taskId: 50 ETC: 9980.97 priority: 0
  taskPos: 23 taskId: 610 ETC: 113721 priority: 0
  taskPos: 24 taskId: 674 ETC: 59567.8 priority: 0
  taskPos: 25 taskId: 140 ETC: 28024.9 priority: 0
  taskPos: 26 taskId: 663 ETC: 289909 priority: 0
  taskPos: 27 taskId: 753 ETC: 104633 priority: 0
  taskPos: 28 taskId: 146 ETC: 18328.2 priority: 0
  taskPos: 29 taskId: 143 ETC: 183432 priority: 0
  taskPos: 30 taskId: 998 ETC: 69377 priority: 0
  taskPos: 31 taskId: 479 ETC: 75036.4 priority: 0
  taskPos: 32 taskId: 375 ETC: 8001.74 priority: 0
  taskPos: 33 taskId: 707 ETC: 196998 priority: 0
  taskPos: 34 taskId: 270 ETC: 350284 priority: 0
> machineId: 29
  taskPos: 0 taskId: 732 ETC: 147591 priority: 0
  taskPos: 1 taskId: 904 ETC: 68122.4 priority: 0
  taskPos: 2 taskId: 444 ETC: 89275.3 priority: 0
  taskPos: 3 taskId: 927 ETC: 254111 priority: 0
  taskPos: 4 taskId: 824 ETC: 759.64 priority: 0
  taskPos: 5 taskId: 319 ETC: 830293 priority: 0
  taskPos: 6 taskId: 978 ETC: 38495 priority: 0
  taskPos: 7 taskId: 116 ETC: 782280 priority: 0
  taskPos: 8 taskId: 198 ETC: 208046 priority: 0
  taskPos: 9 taskId: 209 ETC: 21106.7 priority: 0
  taskPos: 10 taskId: 506 ETC: 115328 priority: 0
  taskPos: 11 taskId: 971 ETC: 11587.4 priority: 0
  taskPos: 12 taskId: 246 ETC: 181905 priority: 0
  taskPos: 13 taskId: 188 ETC: 117582 priority: 0
  taskPos: 14 taskId: 181 ETC: 171446 priority: 0
  taskPos: 15 taskId: 67 ETC: 6498.6 priority: 0
  taskPos: 16 taskId: 354 ETC: 169860 priority: 0
  taskPos: 17 taskId: 86 ETC: 261037 priority: 0
  taskPos: 18 taskId: 384 ETC: 18494.4 priority: 0
  taskPos: 19 taskId: 859 ETC: 299778 priority: 0
  taskPos: 20 taskId: 878 ETC: 326022 priority: 0
  taskPos: 21 taskId: 370 ETC: 497858 priority: 0
  taskPos: 22 taskId: 939 ETC: 25216.5 priority: 0
  taskPos: 23 taskId: 254 ETC: 34476.1 priority: 0
  taskPos: 24 taskId: 574 ETC: 7462.52 priority: 0
  taskPos: 25 taskId: 154 ETC: 5745.98 priority: 0
  taskPos: 26 taskId: 233 ETC: 48615.4 priority: 0
  taskPos: 27 taskId: 785 ETC: 11980.9 priority: 0
  taskPos: 28 taskId: 960 ETC: 177252 priority: 0
  taskPos: 29 taskId: 220 ETC: 74394.4 priority: 0
  taskPos: 30 taskId: 431 ETC: 372868 priority: 0
  taskPos: 31 taskId: 141 ETC: 81959.3 priority: 0
  taskPos: 32 taskId: 923 ETC: 14273.2 priority: 0
> machineId: 30
  taskPos: 0 taskId: 490 ETC: 43508.4 priority: 0
  taskPos: 1 taskId: 579 ETC: 255982 priority: 0
  taskPos: 2 taskId: 723 ETC: 494949 priority: 0
  taskPos: 3 taskId: 1009 ETC: 84951.5 priority: 0
  taskPos: 4 taskId: 957 ETC: 14444.3 priority: 0
  taskPos: 5 taskId: 656 ETC: 63078.1 priority: 0
  taskPos: 6 taskId: 575 ETC: 411317 priority: 0
  taskPos: 7 taskId: 89 ETC: 19271.7 priority: 0
  taskPos: 8 taskId: 505 ETC: 347763 priority: 0
  taskPos: 9 taskId: 937 ETC: 107978 priority: 0
  taskPos: 10 taskId: 907 ETC: 78447.5 priority: 0
  taskPos: 11 taskId: 612 ETC: 238.32 priority: 0
  taskPos: 12 taskId: 313 ETC: 11978.2 priority: 0
  taskPos: 13 taskId: 350 ETC: 139866 priority: 0
  taskPos: 14 taskId: 372 ETC: 182703 priority: 0
  taskPos: 15 taskId: 873 ETC: 1.47988e+06 priority: 0
  taskPos: 16 taskId: 287 ETC: 44748.7 priority: 0
  taskPos: 17 taskId: 90 ETC: 58796.5 priority: 0
  taskPos: 18 taskId: 910 ETC: 802248 priority: 0
  taskPos: 19 taskId: 342 ETC: 49514.9 priority: 0
  taskPos: 20 taskId: 148 ETC: 18467 priority: 0
  taskPos: 21 taskId: 886 ETC: 165565 priority: 0
  taskPos: 22 taskId: 393 ETC: 92049.9 priority: 0
  taskPos: 23 taskId: 402 ETC: 32574 priority: 0
  taskPos: 24 taskId: 105 ETC: 11008 priority: 0
  taskPos: 25 taskId: 37 ETC: 2416.48 priority: 0
  taskPos: 26 taskId: 102 ETC: 63786.4 priority: 0
  taskPos: 27 taskId: 111 ETC: 53947.8 priority: 0
  taskPos: 28 taskId: 832 ETC: 27766 priority: 0
  taskPos: 29 taskId: 337 ETC: 71977.8 priority: 0
  taskPos: 30 taskId: 340 ETC: 166863 priority: 0
  taskPos: 31 taskId: 935 ETC: 2478.73 priority: 0
> machineId: 31
  taskPos: 0 taskId: 712 ETC: 108678 priority: 0
  taskPos: 1 taskId: 301 ETC: 316073 priority: 0
  taskPos: 2 taskId: 623 ETC: 145812 priority: 0
  taskPos: 3 taskId: 909 ETC: 33720.2 priority: 0
  taskPos: 4 taskId: 157 ETC: 179865 priority: 0
  taskPos: 5 taskId: 842 ETC: 77990.6 priority: 0
  taskPos: 6 taskId: 860 ETC: 34541.8 priority: 0
  taskPos: 7 taskId: 295 ETC: 114595 priority: 0
  taskPos: 8 taskId: 999 ETC: 38410.8 priority: 0
  taskPos: 9 taskId: 943 ETC: 164538 priority: 0
  taskPos: 10 taskId: 810 ETC: 93610.2 priority: 0
  taskPos: 11 taskId: 404 ETC: 682199 priority: 0
  taskPos: 12 taskId: 580 ETC: 1964.17 priority: 0
  taskPos: 13 taskId: 949 ETC: 684.86 priority: 0
  taskPos: 14 taskId: 728 ETC: 20392.5 priority: 0
  taskPos: 15 taskId: 687 ETC: 38606.4 priority: 0
  taskPos: 16 taskId: 294 ETC: 357774 priority: 0
  taskPos: 17 taskId: 424 ETC: 1027.49 priority: 0
  taskPos: 18 taskId: 8 ETC: 28557.9 priority: 0
  taskPos: 19 taskId: 257 ETC: 378321 priority: 0
  taskPos: 20 taskId: 56 ETC: 18612.3 priority: 0
  taskPos: 21 taskId: 261 ETC: 70895.4 priority: 0
  taskPos: 22 taskId: 362 ETC: 22443.2 priority: 0
  taskPos: 23 taskId: 992 ETC: 143664 priority: 0
  taskPos: 24 taskId: 645 ETC: 411648 priority: 0
  taskPos: 25 taskId: 336 ETC: 30180.2 priority: 0
  taskPos: 26 taskId: 885 ETC: 276206 priority: 0
  taskPos: 27 taskId: 212 ETC: 82554 priority: 0
  taskPos: 28 taskId: 738 ETC: 177150 priority: 0
  taskPos: 29 taskId: 485 ETC: 136499 priority: 0
  taskPos: 30 taskId: 801 ETC: 35822.1 priority: 0
  taskPos: 31 taskId: 251 ETC: 225146 priority: 0
  taskPos: 32 taskId: 137 ETC: 298141 priority: 0
  taskPos: 33 taskId: 91 ETC: 94434 priority: 0
  taskPos: 34 taskId: 669 ETC: 373212 priority: 0
  taskPos: 35 taskId: 28 ETC: 182551 priority: 0
  taskPos: 36 taskId: 500 ETC: 685.92 priority: 0
  taskPos: 37 taskId: 203 ETC: 73814.2 priority: 0



 :( ---------------------- THE END --------------- :) 