[H[2J[INFO] TaskCount: 1024
[INFO] MachineCount: 32

[DEBUG] Inicialización MIN-MIN

Min-Min fitness: 1380.54

[DEBUG] Inicialización Sufferage

Sufferage fitness: 1658.62

[DEBUG] Inicialización random

[DEBUG] Inicialización random

[DEBUG] Inicialización random

[DEBUG] Inicialización MCT

MCT fitness: 1842.79

[DEBUG] Inicialización random

[DEBUG] Inicialización random

[DEBUG] Inicialización random

[DEBUG] Inicialización random

[DEBUG] Inicialización MCT

MCT fitness: 1911.69

[DEBUG] Inicialización random

[DEBUG] Inicialización random

[DEBUG] Inicialización random

[DEBUG] Inicialización random

 Current State ---------------------------------------------

Current trial: 1
Current iteration: 1500
Current evaluations: 22695
Current best cost: 1276.86
Current worst cost: 1276.86
Current Average cost: 1276.86
Current Standard Deviation: 0

Trial: 
Best cost trial: 1276.86
Worst cost trial: 16754.4
Iteration best found in trial: 1456
Time best found trial: 2.41593e+07
Time spent in trial: 2.47838e+07

Global: 
Global best cost: 1276.86
Global worst cost: 16754.4
Trial best found: 1
Iteration best found: 1456
Time best found: 2.41593e+07

Current time spent (so far): 2.47838e+07
Solution
> machineId: 0
  taskPos: 0 taskId: 206 ETC: 0.03 priority: 0
  taskPos: 1 taskId: 102 ETC: 0.02 priority: 0
  taskPos: 2 taskId: 438 ETC: 0.01 priority: 0
  taskPos: 3 taskId: 169 ETC: 0.21 priority: 0
  taskPos: 4 taskId: 370 ETC: 0.09 priority: 0
  taskPos: 5 taskId: 204 ETC: 0.11 priority: 0
  taskPos: 6 taskId: 852 ETC: 0.3 priority: 0
  taskPos: 7 taskId: 308 ETC: 0.23 priority: 0
  taskPos: 8 taskId: 628 ETC: 0.2 priority: 0
  taskPos: 9 taskId: 998 ETC: 0.02 priority: 0
  taskPos: 10 taskId: 556 ETC: 0.23 priority: 0
  taskPos: 11 taskId: 592 ETC: 0.48 priority: 0
  taskPos: 12 taskId: 224 ETC: 0.4 priority: 0
  taskPos: 13 taskId: 772 ETC: 0.29 priority: 0
  taskPos: 14 taskId: 568 ETC: 0.24 priority: 0
  taskPos: 15 taskId: 954 ETC: 0.11 priority: 0
  taskPos: 16 taskId: 642 ETC: 0.42 priority: 0
  taskPos: 17 taskId: 792 ETC: 0.32 priority: 0
  taskPos: 18 taskId: 248 ETC: 0.43 priority: 0
  taskPos: 19 taskId: 90 ETC: 0.63 priority: 0
  taskPos: 20 taskId: 564 ETC: 0.45 priority: 0
  taskPos: 21 taskId: 358 ETC: 0.29 priority: 0
  taskPos: 22 taskId: 928 ETC: 0.52 priority: 0
  taskPos: 23 taskId: 824 ETC: 0.19 priority: 0
  taskPos: 24 taskId: 236 ETC: 0.48 priority: 0
  taskPos: 25 taskId: 260 ETC: 0.59 priority: 0
  taskPos: 26 taskId: 980 ETC: 0.23 priority: 0
  taskPos: 27 taskId: 698 ETC: 0.45 priority: 0
  taskPos: 28 taskId: 168 ETC: 0.57 priority: 0
  taskPos: 29 taskId: 384 ETC: 0.72 priority: 0
  taskPos: 30 taskId: 474 ETC: 0.48 priority: 0
  taskPos: 31 taskId: 188 ETC: 0.84 priority: 0
  taskPos: 32 taskId: 24 ETC: 0.6 priority: 0
  taskPos: 33 taskId: 810 ETC: 0.37 priority: 0
  taskPos: 34 taskId: 20 ETC: 0.77 priority: 0
  taskPos: 35 taskId: 58 ETC: 1.51 priority: 0
  taskPos: 36 taskId: 269 ETC: 1.15 priority: 0
  taskPos: 37 taskId: 516 ETC: 0.71 priority: 0
  taskPos: 38 taskId: 38 ETC: 0.85 priority: 0
  taskPos: 39 taskId: 6 ETC: 0.89 priority: 0
  taskPos: 40 taskId: 558 ETC: 1.03 priority: 0
  taskPos: 41 taskId: 238 ETC: 0.74 priority: 0
  taskPos: 42 taskId: 166 ETC: 1.09 priority: 0
  taskPos: 43 taskId: 932 ETC: 0.19 priority: 0
  taskPos: 44 taskId: 942 ETC: 0.99 priority: 0
  taskPos: 45 taskId: 800 ETC: 0.96 priority: 0
  taskPos: 46 taskId: 350 ETC: 1.48 priority: 0
  taskPos: 47 taskId: 142 ETC: 0.33 priority: 0
  taskPos: 48 taskId: 220 ETC: 1.77 priority: 0
  taskPos: 49 taskId: 670 ETC: 1.05 priority: 0
  taskPos: 50 taskId: 916 ETC: 0.83 priority: 0
  taskPos: 51 taskId: 624 ETC: 1.55 priority: 0
  taskPos: 52 taskId: 920 ETC: 1.37 priority: 0
  taskPos: 53 taskId: 944 ETC: 1.41 priority: 0
  taskPos: 54 taskId: 620 ETC: 1.09 priority: 0
  taskPos: 55 taskId: 586 ETC: 1.68 priority: 0
  taskPos: 56 taskId: 828 ETC: 1.04 priority: 0
  taskPos: 57 taskId: 506 ETC: 1.06 priority: 0
  taskPos: 58 taskId: 1014 ETC: 0.98 priority: 0
  taskPos: 59 taskId: 838 ETC: 1.72 priority: 0
  taskPos: 60 taskId: 660 ETC: 1.55 priority: 0
  taskPos: 61 taskId: 898 ETC: 2 priority: 0
  taskPos: 62 taskId: 540 ETC: 1.37 priority: 0
  taskPos: 63 taskId: 196 ETC: 1.77 priority: 0
  taskPos: 64 taskId: 362 ETC: 2.27 priority: 0
  taskPos: 65 taskId: 106 ETC: 1.74 priority: 0
  taskPos: 66 taskId: 912 ETC: 1.06 priority: 0
  taskPos: 67 taskId: 996 ETC: 1.69 priority: 0
  taskPos: 68 taskId: 66 ETC: 1.67 priority: 0
  taskPos: 69 taskId: 50 ETC: 2.54 priority: 0
  taskPos: 70 taskId: 596 ETC: 1.9 priority: 0
  taskPos: 71 taskId: 896 ETC: 2.23 priority: 0
  taskPos: 72 taskId: 536 ETC: 1.79 priority: 0
  taskPos: 73 taskId: 304 ETC: 2.57 priority: 0
  taskPos: 74 taskId: 258 ETC: 2.41 priority: 0
  taskPos: 75 taskId: 132 ETC: 1.69 priority: 0
  taskPos: 76 taskId: 796 ETC: 2.68 priority: 0
  taskPos: 77 taskId: 8 ETC: 2.92 priority: 0
  taskPos: 78 taskId: 854 ETC: 1.65 priority: 0
  taskPos: 79 taskId: 716 ETC: 2.59 priority: 0
  taskPos: 80 taskId: 488 ETC: 1.47 priority: 0
  taskPos: 81 taskId: 398 ETC: 2.76 priority: 0
  taskPos: 82 taskId: 288 ETC: 2.24 priority: 0
  taskPos: 83 taskId: 482 ETC: 2.96 priority: 0
  taskPos: 84 taskId: 186 ETC: 2.89 priority: 0
  taskPos: 85 taskId: 198 ETC: 3.17 priority: 0
  taskPos: 86 taskId: 884 ETC: 1.85 priority: 0
  taskPos: 87 taskId: 164 ETC: 4.41 priority: 0
  taskPos: 88 taskId: 778 ETC: 2.36 priority: 0
  taskPos: 89 taskId: 892 ETC: 1.79 priority: 0
  taskPos: 90 taskId: 572 ETC: 2.44 priority: 0
  taskPos: 91 taskId: 544 ETC: 2.87 priority: 0
  taskPos: 92 taskId: 250 ETC: 2.8 priority: 0
  taskPos: 93 taskId: 160 ETC: 2.88 priority: 0
  taskPos: 94 taskId: 708 ETC: 1.81 priority: 0
  taskPos: 95 taskId: 744 ETC: 2.93 priority: 0
  taskPos: 96 taskId: 794 ETC: 3.14 priority: 0
  taskPos: 97 taskId: 394 ETC: 3.21 priority: 0
  taskPos: 98 taskId: 280 ETC: 3.91 priority: 0
  taskPos: 99 taskId: 902 ETC: 2.75 priority: 0
  taskPos: 100 taskId: 184 ETC: 3.12 priority: 0
  taskPos: 101 taskId: 420 ETC: 4.07 priority: 0
  taskPos: 102 taskId: 606 ETC: 3.27 priority: 0
  taskPos: 103 taskId: 614 ETC: 3.86 priority: 0
  taskPos: 104 taskId: 964 ETC: 2.06 priority: 0
  taskPos: 105 taskId: 48 ETC: 5.45 priority: 0
  taskPos: 106 taskId: 336 ETC: 5.35 priority: 0
  taskPos: 107 taskId: 914 ETC: 3.94 priority: 0
  taskPos: 108 taskId: 472 ETC: 3.31 priority: 0
  taskPos: 109 taskId: 264 ETC: 3.59 priority: 0
  taskPos: 110 taskId: 418 ETC: 4.73 priority: 0
  taskPos: 111 taskId: 950 ETC: 4.16 priority: 0
  taskPos: 112 taskId: 970 ETC: 3.3 priority: 0
  taskPos: 113 taskId: 512 ETC: 3.57 priority: 0
  taskPos: 114 taskId: 814 ETC: 4.59 priority: 0
  taskPos: 115 taskId: 734 ETC: 3.97 priority: 0
  taskPos: 116 taskId: 542 ETC: 5.92 priority: 0
  taskPos: 117 taskId: 114 ETC: 5.84 priority: 0
  taskPos: 118 taskId: 626 ETC: 2.84 priority: 0
  taskPos: 119 taskId: 754 ETC: 4.81 priority: 0
  taskPos: 120 taskId: 226 ETC: 7.57 priority: 0
  taskPos: 121 taskId: 170 ETC: 5.48 priority: 0
  taskPos: 122 taskId: 758 ETC: 5.56 priority: 0
  taskPos: 123 taskId: 662 ETC: 3.66 priority: 0
  taskPos: 124 taskId: 520 ETC: 4.45 priority: 0
  taskPos: 125 taskId: 200 ETC: 6.73 priority: 0
  taskPos: 126 taskId: 630 ETC: 5.48 priority: 0
  taskPos: 127 taskId: 430 ETC: 7.24 priority: 0
  taskPos: 128 taskId: 110 ETC: 5.02 priority: 0
  taskPos: 129 taskId: 468 ETC: 6.22 priority: 0
  taskPos: 130 taskId: 508 ETC: 4.85 priority: 0
  taskPos: 131 taskId: 584 ETC: 7.06 priority: 0
  taskPos: 132 taskId: 502 ETC: 5.46 priority: 0
  taskPos: 133 taskId: 752 ETC: 7.03 priority: 0
  taskPos: 134 taskId: 936 ETC: 4.61 priority: 0
  taskPos: 135 taskId: 122 ETC: 7.63 priority: 0
  taskPos: 136 taskId: 696 ETC: 7.01 priority: 0
  taskPos: 137 taskId: 348 ETC: 7.19 priority: 0
  taskPos: 138 taskId: 864 ETC: 6.59 priority: 0
  taskPos: 139 taskId: 392 ETC: 7.35 priority: 0
  taskPos: 140 taskId: 812 ETC: 4.31 priority: 0
  taskPos: 141 taskId: 284 ETC: 6.56 priority: 0
  taskPos: 142 taskId: 120 ETC: 12.4 priority: 0
  taskPos: 143 taskId: 1022 ETC: 3.63 priority: 0
  taskPos: 144 taskId: 702 ETC: 6.63 priority: 0
  taskPos: 145 taskId: 938 ETC: 5 priority: 0
  taskPos: 146 taskId: 212 ETC: 10.1 priority: 0
  taskPos: 147 taskId: 562 ETC: 9.72 priority: 0
  taskPos: 148 taskId: 216 ETC: 8.49 priority: 0
  taskPos: 149 taskId: 444 ETC: 6.92 priority: 0
  taskPos: 150 taskId: 762 ETC: 8.72 priority: 0
  taskPos: 151 taskId: 972 ETC: 5.99 priority: 0
  taskPos: 152 taskId: 390 ETC: 16.83 priority: 0
  taskPos: 153 taskId: 590 ETC: 12.51 priority: 0
  taskPos: 154 taskId: 652 ETC: 7.66 priority: 0
  taskPos: 155 taskId: 742 ETC: 13.23 priority: 0
  taskPos: 156 taskId: 278 ETC: 12.66 priority: 0
  taskPos: 157 taskId: 86 ETC: 10.77 priority: 0
  taskPos: 158 taskId: 692 ETC: 8.77 priority: 0
  taskPos: 159 taskId: 402 ETC: 9.27 priority: 0
  taskPos: 160 taskId: 922 ETC: 6.21 priority: 0
  taskPos: 161 taskId: 408 ETC: 11.83 priority: 0
  taskPos: 162 taskId: 28 ETC: 9.17 priority: 0
  taskPos: 163 taskId: 866 ETC: 7.93 priority: 0
  taskPos: 164 taskId: 232 ETC: 8.96 priority: 0
  taskPos: 165 taskId: 576 ETC: 13.25 priority: 0
  taskPos: 166 taskId: 534 ETC: 10.95 priority: 0
  taskPos: 167 taskId: 774 ETC: 15.79 priority: 0
  taskPos: 168 taskId: 706 ETC: 12.02 priority: 0
  taskPos: 169 taskId: 218 ETC: 19.04 priority: 0
  taskPos: 170 taskId: 850 ETC: 7.26 priority: 0
  taskPos: 171 taskId: 378 ETC: 11.93 priority: 0
  taskPos: 172 taskId: 578 ETC: 8.81 priority: 0
  taskPos: 173 taskId: 406 ETC: 18.41 priority: 0
  taskPos: 174 taskId: 826 ETC: 12.51 priority: 0
  taskPos: 175 taskId: 878 ETC: 13.84 priority: 0
  taskPos: 176 taskId: 42 ETC: 20.31 priority: 0
  taskPos: 177 taskId: 1000 ETC: 19.86 priority: 0
  taskPos: 178 taskId: 230 ETC: 26.35 priority: 0
  taskPos: 179 taskId: 1016 ETC: 19.77 priority: 0
  taskPos: 180 taskId: 538 ETC: 19.56 priority: 0
  taskPos: 181 taskId: 862 ETC: 16.94 priority: 0
  taskPos: 182 taskId: 300 ETC: 31.47 priority: 0
  taskPos: 183 taskId: 514 ETC: 20.78 priority: 0
  taskPos: 184 taskId: 140 ETC: 24.24 priority: 0
  taskPos: 185 taskId: 746 ETC: 15.38 priority: 0
  taskPos: 186 taskId: 712 ETC: 8.73 priority: 0
  taskPos: 187 taskId: 616 ETC: 71.78 priority: 0
  taskPos: 188 taskId: 464 ETC: 29.82 priority: 0
  taskPos: 189 taskId: 780 ETC: 23.56 priority: 0
  taskPos: 190 taskId: 788 ETC: 25.59 priority: 0
  taskPos: 191 taskId: 294 ETC: 49.71 priority: 0
  taskPos: 192 taskId: 352 ETC: 32.95 priority: 0
  taskPos: 193 taskId: 442 ETC: 32.83 priority: 0
  taskPos: 194 taskId: 822 ETC: 45.17 priority: 0
  taskPos: 195 taskId: 958 ETC: 17.1 priority: 0
> machineId: 1
  taskPos: 0 taskId: 476 ETC: 0.12 priority: 0
  taskPos: 1 taskId: 736 ETC: 0.06 priority: 0
  taskPos: 2 taskId: 342 ETC: 0.72 priority: 0
  taskPos: 3 taskId: 262 ETC: 0.04 priority: 0
  taskPos: 4 taskId: 415 ETC: 0.2 priority: 0
  taskPos: 5 taskId: 356 ETC: 0.98 priority: 0
  taskPos: 6 taskId: 282 ETC: 0.69 priority: 0
  taskPos: 7 taskId: 994 ETC: 0.31 priority: 0
  taskPos: 8 taskId: 858 ETC: 0.48 priority: 0
  taskPos: 9 taskId: 121 ETC: 0.62 priority: 0
  taskPos: 10 taskId: 412 ETC: 1.04 priority: 0
  taskPos: 11 taskId: 588 ETC: 0.38 priority: 0
  taskPos: 12 taskId: 56 ETC: 1.55 priority: 0
  taskPos: 13 taskId: 960 ETC: 1.15 priority: 0
  taskPos: 14 taskId: 210 ETC: 1.01 priority: 0
  taskPos: 15 taskId: 286 ETC: 2.65 priority: 0
  taskPos: 16 taskId: 201 ETC: 2.36 priority: 0
  taskPos: 17 taskId: 322 ETC: 3.23 priority: 0
  taskPos: 18 taskId: 500 ETC: 1.91 priority: 0
  taskPos: 19 taskId: 222 ETC: 10.02 priority: 0
  taskPos: 20 taskId: 602 ETC: 4.52 priority: 0
  taskPos: 21 taskId: 523 ETC: 1.07 priority: 0
  taskPos: 22 taskId: 70 ETC: 0.2 priority: 0
  taskPos: 23 taskId: 202 ETC: 3.88 priority: 0
  taskPos: 24 taskId: 100 ETC: 5.54 priority: 0
  taskPos: 25 taskId: 598 ETC: 3.75 priority: 0
  taskPos: 26 taskId: 89 ETC: 3.59 priority: 0
  taskPos: 27 taskId: 366 ETC: 4.58 priority: 0
  taskPos: 28 taskId: 962 ETC: 6.36 priority: 0
  taskPos: 29 taskId: 246 ETC: 5.35 priority: 0
  taskPos: 30 taskId: 22 ETC: 2.67 priority: 0
  taskPos: 31 taskId: 535 ETC: 2.88 priority: 0
  taskPos: 32 taskId: 570 ETC: 5.94 priority: 0
  taskPos: 33 taskId: 766 ETC: 4.09 priority: 0
  taskPos: 34 taskId: 768 ETC: 6.84 priority: 0
  taskPos: 35 taskId: 700 ETC: 7.22 priority: 0
  taskPos: 36 taskId: 1008 ETC: 7.81 priority: 0
  taskPos: 37 taskId: 856 ETC: 5.68 priority: 0
  taskPos: 38 taskId: 622 ETC: 8.03 priority: 0
  taskPos: 39 taskId: 158 ETC: 7.94 priority: 0
  taskPos: 40 taskId: 313 ETC: 8.81 priority: 0
  taskPos: 41 taskId: 40 ETC: 9.3 priority: 0
  taskPos: 42 taskId: 658 ETC: 8.95 priority: 0
  taskPos: 43 taskId: 26 ETC: 9.69 priority: 0
  taskPos: 44 taskId: 60 ETC: 11.38 priority: 0
  taskPos: 45 taskId: 448 ETC: 11.81 priority: 0
  taskPos: 46 taskId: 528 ETC: 9.65 priority: 0
  taskPos: 47 taskId: 546 ETC: 9.76 priority: 0
  taskPos: 48 taskId: 548 ETC: 8.37 priority: 0
  taskPos: 49 taskId: 672 ETC: 12.03 priority: 0
  taskPos: 50 taskId: 492 ETC: 10.05 priority: 0
  taskPos: 51 taskId: 974 ETC: 7.85 priority: 0
  taskPos: 52 taskId: 190 ETC: 10.18 priority: 0
  taskPos: 53 taskId: 240 ETC: 9.33 priority: 0
  taskPos: 54 taskId: 138 ETC: 13.18 priority: 0
  taskPos: 55 taskId: 428 ETC: 13.65 priority: 0
  taskPos: 56 taskId: 298 ETC: 14.67 priority: 0
  taskPos: 57 taskId: 690 ETC: 13.5 priority: 0
  taskPos: 58 taskId: 776 ETC: 18.37 priority: 0
  taskPos: 59 taskId: 804 ETC: 12.13 priority: 0
  taskPos: 60 taskId: 162 ETC: 15.72 priority: 0
  taskPos: 61 taskId: 880 ETC: 16.35 priority: 0
  taskPos: 62 taskId: 68 ETC: 12.62 priority: 0
  taskPos: 63 taskId: 320 ETC: 14.8 priority: 0
  taskPos: 64 taskId: 908 ETC: 17.76 priority: 0
  taskPos: 65 taskId: 466 ETC: 17.82 priority: 0
  taskPos: 66 taskId: 978 ETC: 20.4 priority: 0
  taskPos: 67 taskId: 490 ETC: 19.63 priority: 0
  taskPos: 68 taskId: 400 ETC: 3.15 priority: 0
  taskPos: 69 taskId: 32 ETC: 19.06 priority: 0
  taskPos: 70 taskId: 82 ETC: 22.28 priority: 0
  taskPos: 71 taskId: 1002 ETC: 18.89 priority: 0
  taskPos: 72 taskId: 290 ETC: 22.94 priority: 0
  taskPos: 73 taskId: 1018 ETC: 18.5 priority: 0
  taskPos: 74 taskId: 380 ETC: 28.2 priority: 0
  taskPos: 75 taskId: 2 ETC: 21.94 priority: 0
  taskPos: 76 taskId: 76 ETC: 69.43 priority: 0
  taskPos: 77 taskId: 728 ETC: 20.31 priority: 0
  taskPos: 78 taskId: 860 ETC: 31.47 priority: 0
  taskPos: 79 taskId: 986 ETC: 25.25 priority: 0
  taskPos: 80 taskId: 924 ETC: 40.21 priority: 0
  taskPos: 81 taskId: 504 ETC: 42.3 priority: 0
  taskPos: 82 taskId: 242 ETC: 27.24 priority: 0
  taskPos: 83 taskId: 154 ETC: 24.34 priority: 0
  taskPos: 84 taskId: 376 ETC: 43.92 priority: 0
  taskPos: 85 taskId: 10 ETC: 99.99 priority: 0
  taskPos: 86 taskId: 134 ETC: 30.34 priority: 0
  taskPos: 87 taskId: 876 ETC: 32.64 priority: 0
  taskPos: 88 taskId: 80 ETC: 54.17 priority: 0
  taskPos: 89 taskId: 952 ETC: 24.39 priority: 0
  taskPos: 90 taskId: 494 ETC: 69 priority: 0
> machineId: 2
  taskPos: 0 taskId: 636 ETC: 7.51 priority: 0
  taskPos: 1 taskId: 969 ETC: 0.45 priority: 0
  taskPos: 2 taskId: 332 ETC: 1.89 priority: 0
  taskPos: 3 taskId: 126 ETC: 1.15 priority: 0
  taskPos: 4 taskId: 801 ETC: 6.51 priority: 0
  taskPos: 5 taskId: 976 ETC: 3.35 priority: 0
  taskPos: 6 taskId: 714 ETC: 4.67 priority: 0
  taskPos: 7 taskId: 440 ETC: 8.27 priority: 0
  taskPos: 8 taskId: 454 ETC: 4.93 priority: 0
  taskPos: 9 taskId: 632 ETC: 3.96 priority: 0
  taskPos: 10 taskId: 618 ETC: 1.28 priority: 0
  taskPos: 11 taskId: 104 ETC: 4.55 priority: 0
  taskPos: 12 taskId: 199 ETC: 7.65 priority: 0
  taskPos: 13 taskId: 726 ETC: 5.99 priority: 0
  taskPos: 14 taskId: 848 ETC: 3.11 priority: 0
  taskPos: 15 taskId: 324 ETC: 6.48 priority: 0
  taskPos: 16 taskId: 881 ETC: 2.9 priority: 0
  taskPos: 17 taskId: 684 ETC: 5.27 priority: 0
  taskPos: 18 taskId: 498 ETC: 7.36 priority: 0
  taskPos: 19 taskId: 522 ETC: 17.19 priority: 0
  taskPos: 20 taskId: 648 ETC: 11.43 priority: 0
  taskPos: 21 taskId: 784 ETC: 8.93 priority: 0
  taskPos: 22 taskId: 694 ETC: 8.26 priority: 0
  taskPos: 23 taskId: 434 ETC: 11.43 priority: 0
  taskPos: 24 taskId: 172 ETC: 13.55 priority: 0
  taskPos: 25 taskId: 318 ETC: 64.54 priority: 0
  taskPos: 26 taskId: 254 ETC: 11.32 priority: 0
  taskPos: 27 taskId: 108 ETC: 15.6 priority: 0
  taskPos: 28 taskId: 88 ETC: 9.36 priority: 0
  taskPos: 29 taskId: 846 ETC: 19.97 priority: 0
  taskPos: 30 taskId: 44 ETC: 9.35 priority: 0
  taskPos: 31 taskId: 328 ETC: 17.48 priority: 0
  taskPos: 32 taskId: 128 ETC: 11.4 priority: 0
  taskPos: 33 taskId: 718 ETC: 26.41 priority: 0
  taskPos: 34 taskId: 436 ETC: 15.03 priority: 0
  taskPos: 35 taskId: 98 ETC: 18.32 priority: 0
  taskPos: 36 taskId: 738 ETC: 20.79 priority: 0
  taskPos: 37 taskId: 292 ETC: 29.89 priority: 0
  taskPos: 38 taskId: 802 ETC: 13.73 priority: 0
  taskPos: 39 taskId: 194 ETC: 18.94 priority: 0
  taskPos: 40 taskId: 732 ETC: 22.12 priority: 0
  taskPos: 41 taskId: 214 ETC: 55.15 priority: 0
  taskPos: 42 taskId: 266 ETC: 22.42 priority: 0
  taskPos: 43 taskId: 62 ETC: 29.36 priority: 0
  taskPos: 44 taskId: 180 ETC: 32.88 priority: 0
  taskPos: 45 taskId: 654 ETC: 40.09 priority: 0
  taskPos: 46 taskId: 720 ETC: 26.02 priority: 0
  taskPos: 47 taskId: 470 ETC: 30.04 priority: 0
  taskPos: 48 taskId: 72 ETC: 46.16 priority: 0
  taskPos: 49 taskId: 750 ETC: 108.08 priority: 0
  taskPos: 50 taskId: 886 ETC: 35.59 priority: 0
  taskPos: 51 taskId: 30 ETC: 34.86 priority: 0
  taskPos: 52 taskId: 326 ETC: 127.18 priority: 0
  taskPos: 53 taskId: 150 ETC: 36.46 priority: 0
  taskPos: 54 taskId: 16 ETC: 16.47 priority: 0
  taskPos: 55 taskId: 410 ETC: 44.23 priority: 0
  taskPos: 56 taskId: 148 ETC: 69.68 priority: 0
  taskPos: 57 taskId: 144 ETC: 36.76 priority: 0
> machineId: 3
  taskPos: 0 taskId: 988 ETC: 0.6 priority: 0
  taskPos: 1 taskId: 825 ETC: 5.45 priority: 0
  taskPos: 2 taskId: 159 ETC: 0.52 priority: 0
  taskPos: 3 taskId: 130 ETC: 8.17 priority: 0
  taskPos: 4 taskId: 426 ETC: 3.94 priority: 0
  taskPos: 5 taskId: 713 ETC: 1.34 priority: 0
  taskPos: 6 taskId: 722 ETC: 6.51 priority: 0
  taskPos: 7 taskId: 323 ETC: 34.45 priority: 0
  taskPos: 8 taskId: 182 ETC: 5.29 priority: 0
  taskPos: 9 taskId: 830 ETC: 2.99 priority: 0
  taskPos: 10 taskId: 43 ETC: 8.53 priority: 0
  taskPos: 11 taskId: 1017 ETC: 10.4 priority: 0
  taskPos: 12 taskId: 312 ETC: 5.07 priority: 0
  taskPos: 13 taskId: 276 ETC: 13.02 priority: 0
  taskPos: 14 taskId: 668 ETC: 29.24 priority: 0
  taskPos: 15 taskId: 346 ETC: 6.68 priority: 0
  taskPos: 16 taskId: 124 ETC: 12.02 priority: 0
  taskPos: 17 taskId: 640 ETC: 24.49 priority: 0
  taskPos: 18 taskId: 46 ETC: 7.56 priority: 0
  taskPos: 19 taskId: 832 ETC: 23 priority: 0
  taskPos: 20 taskId: 217 ETC: 15.94 priority: 0
  taskPos: 21 taskId: 555 ETC: 13.59 priority: 0
  taskPos: 22 taskId: 13 ETC: 5.09 priority: 0
  taskPos: 23 taskId: 452 ETC: 34.24 priority: 0
  taskPos: 24 taskId: 371 ETC: 7.6 priority: 0
  taskPos: 25 taskId: 1004 ETC: 14.57 priority: 0
  taskPos: 26 taskId: 983 ETC: 8.13 priority: 0
  taskPos: 27 taskId: 890 ETC: 50.62 priority: 0
  taskPos: 28 taskId: 940 ETC: 28.75 priority: 0
  taskPos: 29 taskId: 353 ETC: 18.4 priority: 0
  taskPos: 30 taskId: 946 ETC: 32.68 priority: 0
  taskPos: 31 taskId: 756 ETC: 22.63 priority: 0
  taskPos: 32 taskId: 146 ETC: 42.01 priority: 0
  taskPos: 33 taskId: 953 ETC: 8.89 priority: 0
  taskPos: 34 taskId: 680 ETC: 18.09 priority: 0
  taskPos: 35 taskId: 316 ETC: 29.42 priority: 0
  taskPos: 36 taskId: 872 ETC: 35.37 priority: 0
  taskPos: 37 taskId: 918 ETC: 49.89 priority: 0
  taskPos: 38 taskId: 519 ETC: 19.22 priority: 0
  taskPos: 39 taskId: 686 ETC: 137.81 priority: 0
  taskPos: 40 taskId: 554 ETC: 78.71 priority: 0
  taskPos: 41 taskId: 688 ETC: 15.05 priority: 0
  taskPos: 42 taskId: 644 ETC: 43.46 priority: 0
  taskPos: 43 taskId: 382 ETC: 35.63 priority: 0
  taskPos: 44 taskId: 526 ETC: 68.33 priority: 0
  taskPos: 45 taskId: 782 ETC: 83.45 priority: 0
  taskPos: 46 taskId: 364 ETC: 87.55 priority: 0
  taskPos: 47 taskId: 272 ETC: 54.05 priority: 0
> machineId: 4
  taskPos: 0 taskId: 913 ETC: 2.23 priority: 0
  taskPos: 1 taskId: 871 ETC: 12.12 priority: 0
  taskPos: 2 taskId: 820 ETC: 0.66 priority: 0
  taskPos: 3 taskId: 827 ETC: 7.62 priority: 0
  taskPos: 4 taskId: 813 ETC: 16.23 priority: 0
  taskPos: 5 taskId: 604 ETC: 1.99 priority: 0
  taskPos: 6 taskId: 607 ETC: 2.41 priority: 0
  taskPos: 7 taskId: 701 ETC: 4.54 priority: 0
  taskPos: 8 taskId: 665 ETC: 2.32 priority: 0
  taskPos: 9 taskId: 575 ETC: 15.46 priority: 0
  taskPos: 10 taskId: 305 ETC: 6.31 priority: 0
  taskPos: 11 taskId: 379 ETC: 4.18 priority: 0
  taskPos: 12 taskId: 334 ETC: 9.29 priority: 0
  taskPos: 13 taskId: 176 ETC: 7.06 priority: 0
  taskPos: 14 taskId: 888 ETC: 35.1 priority: 0
  taskPos: 15 taskId: 344 ETC: 19.36 priority: 0
  taskPos: 16 taskId: 844 ETC: 11.61 priority: 0
  taskPos: 17 taskId: 608 ETC: 9.89 priority: 0
  taskPos: 18 taskId: 900 ETC: 40.85 priority: 0
  taskPos: 19 taskId: 213 ETC: 17.97 priority: 0
  taskPos: 20 taskId: 386 ETC: 48.43 priority: 0
  taskPos: 21 taskId: 573 ETC: 12.94 priority: 0
  taskPos: 22 taskId: 193 ETC: 19.74 priority: 0
  taskPos: 23 taskId: 786 ETC: 29.04 priority: 0
  taskPos: 24 taskId: 431 ETC: 19.91 priority: 0
  taskPos: 25 taskId: 550 ETC: 89.33 priority: 0
  taskPos: 26 taskId: 582 ETC: 38.13 priority: 0
  taskPos: 27 taskId: 532 ETC: 49.09 priority: 0
  taskPos: 28 taskId: 982 ETC: 78.36 priority: 0
  taskPos: 29 taskId: 21 ETC: 28.44 priority: 0
  taskPos: 30 taskId: 64 ETC: 45.53 priority: 0
  taskPos: 31 taskId: 74 ETC: 98.36 priority: 0
  taskPos: 32 taskId: 790 ETC: 45.26 priority: 0
  taskPos: 33 taskId: 396 ETC: 69.41 priority: 0
  taskPos: 34 taskId: 678 ETC: 26.64 priority: 0
  taskPos: 35 taskId: 416 ETC: 73.21 priority: 0
  taskPos: 36 taskId: 842 ETC: 61.85 priority: 0
  taskPos: 37 taskId: 656 ETC: 140.11 priority: 0
  taskPos: 38 taskId: 460 ETC: 51.31 priority: 0
> machineId: 5
  taskPos: 0 taskId: 425 ETC: 52.31 priority: 0
  taskPos: 1 taskId: 633 ETC: 6.08 priority: 0
  taskPos: 2 taskId: 479 ETC: 4.59 priority: 0
  taskPos: 3 taskId: 829 ETC: 6.05 priority: 0
  taskPos: 4 taskId: 443 ETC: 7.37 priority: 0
  taskPos: 5 taskId: 109 ETC: 2.06 priority: 0
  taskPos: 6 taskId: 735 ETC: 10.28 priority: 0
  taskPos: 7 taskId: 63 ETC: 10.11 priority: 0
  taskPos: 8 taskId: 478 ETC: 9.69 priority: 0
  taskPos: 9 taskId: 553 ETC: 26.04 priority: 0
  taskPos: 10 taskId: 296 ETC: 39.87 priority: 0
  taskPos: 11 taskId: 539 ETC: 15.29 priority: 0
  taskPos: 12 taskId: 566 ETC: 61.95 priority: 0
  taskPos: 13 taskId: 951 ETC: 14.39 priority: 0
  taskPos: 14 taskId: 560 ETC: 24.35 priority: 0
  taskPos: 15 taskId: 966 ETC: 94.01 priority: 0
  taskPos: 16 taskId: 4 ETC: 27.76 priority: 0
  taskPos: 17 taskId: 403 ETC: 21.41 priority: 0
  taskPos: 18 taskId: 749 ETC: 28.19 priority: 0
  taskPos: 19 taskId: 1023 ETC: 26.38 priority: 0
  taskPos: 20 taskId: 270 ETC: 106.75 priority: 0
  taskPos: 21 taskId: 770 ETC: 63.88 priority: 0
  taskPos: 22 taskId: 81 ETC: 9.96 priority: 0
  taskPos: 23 taskId: 78 ETC: 50.15 priority: 0
  taskPos: 24 taskId: 610 ETC: 116.81 priority: 0
  taskPos: 25 taskId: 156 ETC: 50.29 priority: 0
  taskPos: 26 taskId: 676 ETC: 213.63 priority: 0
  taskPos: 27 taskId: 54 ETC: 30 priority: 0
  taskPos: 28 taskId: 904 ETC: 80.27 priority: 0
  taskPos: 29 taskId: 926 ETC: 29.55 priority: 0
> machineId: 6
  taskPos: 0 taskId: 923 ETC: 2.77 priority: 0
  taskPos: 1 taskId: 549 ETC: 4.59 priority: 0
  taskPos: 2 taskId: 764 ETC: 7.22 priority: 0
  taskPos: 3 taskId: 821 ETC: 7.55 priority: 0
  taskPos: 4 taskId: 319 ETC: 2.53 priority: 0
  taskPos: 5 taskId: 389 ETC: 2.38 priority: 0
  taskPos: 6 taskId: 480 ETC: 1.88 priority: 0
  taskPos: 7 taskId: 435 ETC: 14.09 priority: 0
  taskPos: 8 taskId: 793 ETC: 18.29 priority: 0
  taskPos: 9 taskId: 404 ETC: 16.88 priority: 0
  taskPos: 10 taskId: 599 ETC: 21.12 priority: 0
  taskPos: 11 taskId: 388 ETC: 12.59 priority: 0
  taskPos: 12 taskId: 808 ETC: 10.03 priority: 0
  taskPos: 13 taskId: 293 ETC: 16.26 priority: 0
  taskPos: 14 taskId: 1020 ETC: 33.62 priority: 0
  taskPos: 15 taskId: 175 ETC: 32.12 priority: 0
  taskPos: 16 taskId: 990 ETC: 286.15 priority: 0
  taskPos: 17 taskId: 664 ETC: 1.92 priority: 0
  taskPos: 18 taskId: 748 ETC: 133.35 priority: 0
  taskPos: 19 taskId: 612 ETC: 41.01 priority: 0
  taskPos: 20 taskId: 1010 ETC: 72.17 priority: 0
  taskPos: 21 taskId: 463 ETC: 24.11 priority: 0
  taskPos: 22 taskId: 484 ETC: 84.55 priority: 0
  taskPos: 23 taskId: 314 ETC: 97.77 priority: 0
  taskPos: 24 taskId: 674 ETC: 176.42 priority: 0
  taskPos: 25 taskId: 956 ETC: 31.05 priority: 0
  taskPos: 26 taskId: 96 ETC: 38.07 priority: 0
  taskPos: 27 taskId: 524 ETC: 79.06 priority: 0
> machineId: 7
  taskPos: 0 taskId: 279 ETC: 1.42 priority: 0
  taskPos: 1 taskId: 689 ETC: 4.66 priority: 0
  taskPos: 2 taskId: 903 ETC: 9.25 priority: 0
  taskPos: 3 taskId: 1001 ETC: 6.34 priority: 0
  taskPos: 4 taskId: 897 ETC: 2.12 priority: 0
  taskPos: 5 taskId: 891 ETC: 7.73 priority: 0
  taskPos: 6 taskId: 257 ETC: 4.35 priority: 0
  taskPos: 7 taskId: 525 ETC: 10.44 priority: 0
  taskPos: 8 taskId: 545 ETC: 5.84 priority: 0
  taskPos: 9 taskId: 368 ETC: 21.35 priority: 0
  taskPos: 10 taskId: 315 ETC: 12.46 priority: 0
  taskPos: 11 taskId: 615 ETC: 26.26 priority: 0
  taskPos: 12 taskId: 67 ETC: 16.5 priority: 0
  taskPos: 13 taskId: 743 ETC: 36.81 priority: 0
  taskPos: 14 taskId: 259 ETC: 27.83 priority: 0
  taskPos: 15 taskId: 309 ETC: 32.77 priority: 0
  taskPos: 16 taskId: 107 ETC: 38.68 priority: 0
  taskPos: 17 taskId: 330 ETC: 73.19 priority: 0
  taskPos: 18 taskId: 798 ETC: 46.05 priority: 0
  taskPos: 19 taskId: 915 ETC: 52.76 priority: 0
  taskPos: 20 taskId: 496 ETC: 108.08 priority: 0
  taskPos: 21 taskId: 666 ETC: 63.69 priority: 0
  taskPos: 22 taskId: 730 ETC: 132.52 priority: 0
  taskPos: 23 taskId: 840 ETC: 122.72 priority: 0
  taskPos: 24 taskId: 580 ETC: 98.02 priority: 0
  taskPos: 25 taskId: 510 ETC: 273.9 priority: 0
> machineId: 8
  taskPos: 0 taskId: 373 ETC: 0.41 priority: 0
  taskPos: 1 taskId: 174 ETC: 11.06 priority: 0
  taskPos: 2 taskId: 241 ETC: 12.58 priority: 0
  taskPos: 3 taskId: 263 ETC: 3.59 priority: 0
  taskPos: 4 taskId: 501 ETC: 1.85 priority: 0
  taskPos: 5 taskId: 49 ETC: 8.43 priority: 0
  taskPos: 6 taskId: 767 ETC: 1.34 priority: 0
  taskPos: 7 taskId: 587 ETC: 1.05 priority: 0
  taskPos: 8 taskId: 95 ETC: 14.59 priority: 0
  taskPos: 9 taskId: 189 ETC: 13.47 priority: 0
  taskPos: 10 taskId: 177 ETC: 20.81 priority: 0
  taskPos: 11 taskId: 646 ETC: 20.12 priority: 0
  taskPos: 12 taskId: 707 ETC: 35.85 priority: 0
  taskPos: 13 taskId: 325 ETC: 32.52 priority: 0
  taskPos: 14 taskId: 372 ETC: 95.81 priority: 0
  taskPos: 15 taskId: 882 ETC: 227.95 priority: 0
  taskPos: 16 taskId: 625 ETC: 26.17 priority: 0
  taskPos: 17 taskId: 1012 ETC: 74.04 priority: 0
  taskPos: 18 taskId: 234 ETC: 79.78 priority: 0
  taskPos: 19 taskId: 868 ETC: 129.8 priority: 0
  taskPos: 20 taskId: 699 ETC: 1.59 priority: 0
  taskPos: 21 taskId: 34 ETC: 305.8 priority: 0
  taskPos: 22 taskId: 769 ETC: 55.94 priority: 0
  taskPos: 23 taskId: 818 ETC: 62.88 priority: 0
  taskPos: 24 taskId: 927 ETC: 37.83 priority: 0
> machineId: 9
  taskPos: 0 taskId: 569 ETC: 0.23 priority: 0
  taskPos: 1 taskId: 645 ETC: 0.41 priority: 0
  taskPos: 2 taskId: 695 ETC: 2.53 priority: 0
  taskPos: 3 taskId: 73 ETC: 24.8 priority: 0
  taskPos: 4 taskId: 641 ETC: 2.08 priority: 0
  taskPos: 5 taskId: 785 ETC: 1.96 priority: 0
  taskPos: 6 taskId: 919 ETC: 9.47 priority: 0
  taskPos: 7 taskId: 777 ETC: 5.09 priority: 0
  taskPos: 8 taskId: 471 ETC: 13.22 priority: 0
  taskPos: 9 taskId: 351 ETC: 19.72 priority: 0
  taskPos: 10 taskId: 31 ETC: 8.12 priority: 0
  taskPos: 11 taskId: 365 ETC: 24.52 priority: 0
  taskPos: 12 taskId: 145 ETC: 21.21 priority: 0
  taskPos: 13 taskId: 387 ETC: 84.68 priority: 0
  taskPos: 14 taskId: 483 ETC: 10.56 priority: 0
  taskPos: 15 taskId: 486 ETC: 73.82 priority: 0
  taskPos: 16 taskId: 446 ETC: 51.09 priority: 0
  taskPos: 17 taskId: 268 ETC: 115.26 priority: 0
  taskPos: 18 taskId: 682 ETC: 167.73 priority: 0
  taskPos: 19 taskId: 355 ETC: 35.53 priority: 0
  taskPos: 20 taskId: 147 ETC: 60.12 priority: 0
  taskPos: 21 taskId: 252 ETC: 284.71 priority: 0
  taskPos: 22 taskId: 959 ETC: 34.17 priority: 0
  taskPos: 23 taskId: 650 ETC: 224.98 priority: 0
> machineId: 10
  taskPos: 0 taskId: 273 ETC: 3.45 priority: 0
  taskPos: 1 taskId: 47 ETC: 0.21 priority: 0
  taskPos: 2 taskId: 861 ETC: 10.95 priority: 0
  taskPos: 3 taskId: 15 ETC: 16.33 priority: 0
  taskPos: 4 taskId: 256 ETC: 147.61 priority: 0
  taskPos: 5 taskId: 157 ETC: 4.89 priority: 0
  taskPos: 6 taskId: 103 ETC: 0.64 priority: 0
  taskPos: 7 taskId: 805 ETC: 23.19 priority: 0
  taskPos: 8 taskId: 143 ETC: 23.17 priority: 0
  taskPos: 9 taskId: 57 ETC: 11.29 priority: 0
  taskPos: 10 taskId: 1019 ETC: 4.22 priority: 0
  taskPos: 11 taskId: 691 ETC: 30.96 priority: 0
  taskPos: 12 taskId: 589 ETC: 23.33 priority: 0
  taskPos: 13 taskId: 527 ETC: 11.67 priority: 0
  taskPos: 14 taskId: 869 ETC: 13.94 priority: 0
  taskPos: 15 taskId: 623 ETC: 2.77 priority: 0
  taskPos: 16 taskId: 816 ETC: 52.08 priority: 0
  taskPos: 17 taskId: 1006 ETC: 193.49 priority: 0
  taskPos: 18 taskId: 94 ETC: 105.5 priority: 0
  taskPos: 19 taskId: 244 ETC: 130.77 priority: 0
  taskPos: 20 taskId: 228 ETC: 288.96 priority: 0
  taskPos: 21 taskId: 879 ETC: 25.61 priority: 0
  taskPos: 22 taskId: 518 ETC: 88.27 priority: 0
  taskPos: 23 taskId: 834 ETC: 62.04 priority: 0
> machineId: 11
  taskPos: 0 taskId: 655 ETC: 0.96 priority: 0
  taskPos: 1 taskId: 285 ETC: 3.34 priority: 0
  taskPos: 2 taskId: 115 ETC: 1.02 priority: 0
  taskPos: 3 taskId: 295 ETC: 4.75 priority: 0
  taskPos: 4 taskId: 557 ETC: 4.72 priority: 0
  taskPos: 5 taskId: 357 ETC: 24.61 priority: 0
  taskPos: 6 taskId: 407 ETC: 13.57 priority: 0
  taskPos: 7 taskId: 635 ETC: 8.53 priority: 0
  taskPos: 8 taskId: 771 ETC: 19.56 priority: 0
  taskPos: 9 taskId: 451 ETC: 2.63 priority: 0
  taskPos: 10 taskId: 870 ETC: 238.4 priority: 0
  taskPos: 11 taskId: 473 ETC: 15.39 priority: 0
  taskPos: 12 taskId: 251 ETC: 22.82 priority: 0
  taskPos: 13 taskId: 693 ETC: 33.17 priority: 0
  taskPos: 14 taskId: 23 ETC: 61.37 priority: 0
  taskPos: 15 taskId: 450 ETC: 102.79 priority: 0
  taskPos: 16 taskId: 383 ETC: 54.12 priority: 0
  taskPos: 17 taskId: 581 ETC: 25.28 priority: 0
  taskPos: 18 taskId: 657 ETC: 39.02 priority: 0
  taskPos: 19 taskId: 432 ETC: 210.17 priority: 0
  taskPos: 20 taskId: 14 ETC: 295.77 priority: 0
> machineId: 12
  taskPos: 0 taskId: 449 ETC: 6.05 priority: 0
  taskPos: 1 taskId: 585 ETC: 12.3 priority: 0
  taskPos: 2 taskId: 975 ETC: 1.8 priority: 0
  taskPos: 3 taskId: 617 ETC: 5.61 priority: 0
  taskPos: 4 taskId: 531 ETC: 7.32 priority: 0
  taskPos: 5 taskId: 421 ETC: 6.42 priority: 0
  taskPos: 6 taskId: 961 ETC: 35.71 priority: 0
  taskPos: 7 taskId: 574 ETC: 280.49 priority: 0
  taskPos: 8 taskId: 457 ETC: 7.89 priority: 0
  taskPos: 9 taskId: 456 ETC: 138.49 priority: 0
  taskPos: 10 taskId: 757 ETC: 59.83 priority: 0
  taskPos: 11 taskId: 299 ETC: 20.99 priority: 0
  taskPos: 12 taskId: 167 ETC: 4.34 priority: 0
  taskPos: 13 taskId: 991 ETC: 21.59 priority: 0
  taskPos: 14 taskId: 874 ETC: 50.73 priority: 0
  taskPos: 15 taskId: 233 ETC: 23.03 priority: 0
  taskPos: 16 taskId: 277 ETC: 38.79 priority: 0
  taskPos: 17 taskId: 135 ETC: 9.06 priority: 0
  taskPos: 18 taskId: 503 ETC: 47.24 priority: 0
  taskPos: 19 taskId: 968 ETC: 93.66 priority: 0
  taskPos: 20 taskId: 116 ETC: 193.62 priority: 0
> machineId: 13
  taskPos: 0 taskId: 533 ETC: 0.23 priority: 0
  taskPos: 1 taskId: 171 ETC: 3.96 priority: 0
  taskPos: 2 taskId: 981 ETC: 1.67 priority: 0
  taskPos: 3 taskId: 209 ETC: 3.48 priority: 0
  taskPos: 4 taskId: 119 ETC: 15.77 priority: 0
  taskPos: 5 taskId: 711 ETC: 2.26 priority: 0
  taskPos: 6 taskId: 475 ETC: 4.22 priority: 0
  taskPos: 7 taskId: 741 ETC: 15.39 priority: 0
  taskPos: 8 taskId: 113 ETC: 4.85 priority: 0
  taskPos: 9 taskId: 839 ETC: 30.81 priority: 0
  taskPos: 10 taskId: 417 ETC: 0.33 priority: 0
  taskPos: 11 taskId: 621 ETC: 9.83 priority: 0
  taskPos: 12 taskId: 18 ETC: 318.73 priority: 0
  taskPos: 13 taskId: 885 ETC: 25.05 priority: 0
  taskPos: 14 taskId: 84 ETC: 282.97 priority: 0
  taskPos: 15 taskId: 399 ETC: 18.52 priority: 0
  taskPos: 16 taskId: 51 ETC: 50.48 priority: 0
  taskPos: 17 taskId: 685 ETC: 37.6 priority: 0
  taskPos: 18 taskId: 600 ETC: 216.92 priority: 0
  taskPos: 19 taskId: 131 ETC: 51.36 priority: 0
  taskPos: 20 taskId: 333 ETC: 100.46 priority: 0
> machineId: 14
  taskPos: 0 taskId: 571 ETC: 0.46 priority: 0
  taskPos: 1 taskId: 229 ETC: 2.36 priority: 0
  taskPos: 2 taskId: 424 ETC: 17.12 priority: 0
  taskPos: 3 taskId: 967 ETC: 0.24 priority: 0
  taskPos: 4 taskId: 75 ETC: 4.36 priority: 0
  taskPos: 5 taskId: 265 ETC: 3.06 priority: 0
  taskPos: 6 taskId: 851 ETC: 20.98 priority: 0
  taskPos: 7 taskId: 899 ETC: 0.52 priority: 0
  taskPos: 8 taskId: 530 ETC: 161.82 priority: 0
  taskPos: 9 taskId: 889 ETC: 10.69 priority: 0
  taskPos: 10 taskId: 819 ETC: 25.33 priority: 0
  taskPos: 11 taskId: 111 ETC: 12.99 priority: 0
  taskPos: 12 taskId: 205 ETC: 8.54 priority: 0
  taskPos: 13 taskId: 663 ETC: 42.13 priority: 0
  taskPos: 14 taskId: 724 ETC: 213.26 priority: 0
  taskPos: 15 taskId: 675 ETC: 14.78 priority: 0
  taskPos: 16 taskId: 423 ETC: 6.01 priority: 0
  taskPos: 17 taskId: 191 ETC: 22.44 priority: 0
  taskPos: 18 taskId: 855 ETC: 14.13 priority: 0
  taskPos: 19 taskId: 274 ETC: 101.69 priority: 0
  taskPos: 20 taskId: 984 ETC: 305.5 priority: 0
  taskPos: 21 taskId: 61 ETC: 31.91 priority: 0
  taskPos: 22 taskId: 45 ETC: 46.23 priority: 0
> machineId: 15
  taskPos: 0 taskId: 447 ETC: 0.77 priority: 0
  taskPos: 1 taskId: 187 ETC: 0.89 priority: 0
  taskPos: 2 taskId: 307 ETC: 0.68 priority: 0
  taskPos: 3 taskId: 129 ETC: 8.1 priority: 0
  taskPos: 4 taskId: 987 ETC: 3.22 priority: 0
  taskPos: 5 taskId: 579 ETC: 3.14 priority: 0
  taskPos: 6 taskId: 52 ETC: 285.03 priority: 0
  taskPos: 7 taskId: 181 ETC: 6.43 priority: 0
  taskPos: 8 taskId: 613 ETC: 3.53 priority: 0
  taskPos: 9 taskId: 395 ETC: 17.1 priority: 0
  taskPos: 10 taskId: 5 ETC: 44.54 priority: 0
  taskPos: 11 taskId: 995 ETC: 19.73 priority: 0
  taskPos: 12 taskId: 303 ETC: 41.21 priority: 0
  taskPos: 13 taskId: 301 ETC: 43.92 priority: 0
  taskPos: 14 taskId: 458 ETC: 205.1 priority: 0
  taskPos: 15 taskId: 462 ETC: 289.71 priority: 0
  taskPos: 16 taskId: 934 ETC: 33.89 priority: 0
  taskPos: 17 taskId: 906 ETC: 117.6 priority: 0
  taskPos: 18 taskId: 133 ETC: 50.51 priority: 0
> machineId: 16
  taskPos: 0 taskId: 409 ETC: 0.35 priority: 0
  taskPos: 1 taskId: 271 ETC: 0.28 priority: 0
  taskPos: 2 taskId: 343 ETC: 1.82 priority: 0
  taskPos: 3 taskId: 721 ETC: 1.6 priority: 0
  taskPos: 4 taskId: 753 ETC: 3.64 priority: 0
  taskPos: 5 taskId: 497 ETC: 5.98 priority: 0
  taskPos: 6 taskId: 489 ETC: 3.28 priority: 0
  taskPos: 7 taskId: 563 ETC: 17.01 priority: 0
  taskPos: 8 taskId: 895 ETC: 5.57 priority: 0
  taskPos: 9 taskId: 360 ETC: 150.83 priority: 0
  taskPos: 10 taskId: 515 ETC: 0.74 priority: 0
  taskPos: 11 taskId: 385 ETC: 10.18 priority: 0
  taskPos: 12 taskId: 803 ETC: 5.82 priority: 0
  taskPos: 13 taskId: 719 ETC: 37.97 priority: 0
  taskPos: 14 taskId: 231 ETC: 13.31 priority: 0
  taskPos: 15 taskId: 759 ETC: 18.47 priority: 0
  taskPos: 16 taskId: 887 ETC: 18.6 priority: 0
  taskPos: 17 taskId: 1007 ETC: 10.56 priority: 0
  taskPos: 18 taskId: 311 ETC: 40.05 priority: 0
  taskPos: 19 taskId: 439 ETC: 30.3 priority: 0
  taskPos: 20 taskId: 0 ETC: 313.47 priority: 0
  taskPos: 21 taskId: 12 ETC: 427.46 priority: 0
  taskPos: 22 taskId: 136 ETC: 122.87 priority: 0
  taskPos: 23 taskId: 481 ETC: 15.03 priority: 0
> machineId: 17
  taskPos: 0 taskId: 195 ETC: 1.8 priority: 0
  taskPos: 1 taskId: 29 ETC: 3.93 priority: 0
  taskPos: 2 taskId: 725 ETC: 6.8 priority: 0
  taskPos: 3 taskId: 179 ETC: 6.54 priority: 0
  taskPos: 4 taskId: 437 ETC: 7.68 priority: 0
  taskPos: 5 taskId: 541 ETC: 14.04 priority: 0
  taskPos: 6 taskId: 847 ETC: 13.87 priority: 0
  taskPos: 7 taskId: 755 ETC: 2.05 priority: 0
  taskPos: 8 taskId: 338 ETC: 142.23 priority: 0
  taskPos: 9 taskId: 375 ETC: 2.05 priority: 0
  taskPos: 10 taskId: 327 ETC: 17.51 priority: 0
  taskPos: 11 taskId: 593 ETC: 26.04 priority: 0
  taskPos: 12 taskId: 302 ETC: 411.67 priority: 0
  taskPos: 13 taskId: 152 ETC: 259.52 priority: 0
  taskPos: 14 taskId: 211 ETC: 101.14 priority: 0
  taskPos: 15 taskId: 597 ETC: 47.95 priority: 0
  taskPos: 16 taskId: 841 ETC: 44.58 priority: 0
  taskPos: 17 taskId: 419 ETC: 35 priority: 0
> machineId: 18
  taskPos: 0 taskId: 77 ETC: 11.33 priority: 0
  taskPos: 1 taskId: 677 ETC: 8.08 priority: 0
  taskPos: 2 taskId: 69 ETC: 1.53 priority: 0
  taskPos: 3 taskId: 125 ETC: 8.46 priority: 0
  taskPos: 4 taskId: 709 ETC: 8.67 priority: 0
  taskPos: 5 taskId: 853 ETC: 3.17 priority: 0
  taskPos: 6 taskId: 493 ETC: 2.36 priority: 0
  taskPos: 7 taskId: 331 ETC: 20.45 priority: 0
  taskPos: 8 taskId: 679 ETC: 33.67 priority: 0
  taskPos: 9 taskId: 9 ETC: 26.73 priority: 0
  taskPos: 10 taskId: 341 ETC: 67 priority: 0
  taskPos: 11 taskId: 729 ETC: 56.71 priority: 0
  taskPos: 12 taskId: 306 ETC: 314.42 priority: 0
  taskPos: 13 taskId: 577 ETC: 30.69 priority: 0
  taskPos: 14 taskId: 733 ETC: 8.22 priority: 0
  taskPos: 15 taskId: 552 ETC: 482.61 priority: 0
  taskPos: 16 taskId: 33 ETC: 1.62 priority: 0
  taskPos: 17 taskId: 909 ETC: 149.91 priority: 0
  taskPos: 18 taskId: 737 ETC: 36.12 priority: 0
> machineId: 19
  taskPos: 0 taskId: 1021 ETC: 2.21 priority: 0
  taskPos: 1 taskId: 249 ETC: 6.33 priority: 0
  taskPos: 2 taskId: 637 ETC: 0.56 priority: 0
  taskPos: 3 taskId: 127 ETC: 4.07 priority: 0
  taskPos: 4 taskId: 831 ETC: 7.26 priority: 0
  taskPos: 5 taskId: 215 ETC: 2.12 priority: 0
  taskPos: 6 taskId: 697 ETC: 5.43 priority: 0
  taskPos: 7 taskId: 53 ETC: 16.48 priority: 0
  taskPos: 8 taskId: 941 ETC: 5.71 priority: 0
  taskPos: 9 taskId: 361 ETC: 19.47 priority: 0
  taskPos: 10 taskId: 765 ETC: 13.31 priority: 0
  taskPos: 11 taskId: 310 ETC: 323.38 priority: 0
  taskPos: 12 taskId: 297 ETC: 67.58 priority: 0
  taskPos: 13 taskId: 185 ETC: 21.52 priority: 0
  taskPos: 14 taskId: 806 ETC: 265.86 priority: 0
  taskPos: 15 taskId: 337 ETC: 14 priority: 0
  taskPos: 16 taskId: 359 ETC: 68.35 priority: 0
  taskPos: 17 taskId: 499 ETC: 24.65 priority: 0
  taskPos: 18 taskId: 477 ETC: 5.95 priority: 0
  taskPos: 19 taskId: 178 ETC: 335.57 priority: 0
  taskPos: 20 taskId: 957 ETC: 31.41 priority: 0
> machineId: 20
  taskPos: 0 taskId: 773 ETC: 0.87 priority: 0
  taskPos: 1 taskId: 469 ETC: 1.07 priority: 0
  taskPos: 2 taskId: 363 ETC: 2.95 priority: 0
  taskPos: 3 taskId: 997 ETC: 3.11 priority: 0
  taskPos: 4 taskId: 445 ETC: 1.4 priority: 0
  taskPos: 5 taskId: 799 ETC: 4.76 priority: 0
  taskPos: 6 taskId: 339 ETC: 3.89 priority: 0
  taskPos: 7 taskId: 91 ETC: 3.14 priority: 0
  taskPos: 8 taskId: 491 ETC: 4.85 priority: 0
  taskPos: 9 taskId: 393 ETC: 5.17 priority: 0
  taskPos: 10 taskId: 911 ETC: 10.97 priority: 0
  taskPos: 11 taskId: 36 ETC: 172.99 priority: 0
  taskPos: 12 taskId: 149 ETC: 6.14 priority: 0
  taskPos: 13 taskId: 377 ETC: 13.07 priority: 0
  taskPos: 14 taskId: 661 ETC: 55.62 priority: 0
  taskPos: 15 taskId: 731 ETC: 22.07 priority: 0
  taskPos: 16 taskId: 429 ETC: 10.73 priority: 0
  taskPos: 17 taskId: 992 ETC: 530.88 priority: 0
  taskPos: 18 taskId: 787 ETC: 18.39 priority: 0
  taskPos: 19 taskId: 7 ETC: 12.15 priority: 0
  taskPos: 20 taskId: 859 ETC: 18.93 priority: 0
  taskPos: 21 taskId: 760 ETC: 225.04 priority: 0
  taskPos: 22 taskId: 413 ETC: 40.1 priority: 0
  taskPos: 23 taskId: 223 ETC: 88.41 priority: 0
> machineId: 21
  taskPos: 0 taskId: 863 ETC: 30.08 priority: 0
  taskPos: 1 taskId: 529 ETC: 50.84 priority: 0
  taskPos: 2 taskId: 857 ETC: 5.27 priority: 0
  taskPos: 3 taskId: 245 ETC: 0.21 priority: 0
  taskPos: 4 taskId: 875 ETC: 26.07 priority: 0
  taskPos: 5 taskId: 287 ETC: 144.57 priority: 0
  taskPos: 6 taskId: 37 ETC: 62.44 priority: 0
  taskPos: 7 taskId: 761 ETC: 14.8 priority: 0
  taskPos: 8 taskId: 239 ETC: 21.45 priority: 0
  taskPos: 9 taskId: 930 ETC: 324.32 priority: 0
  taskPos: 10 taskId: 948 ETC: 157.79 priority: 0
  taskPos: 11 taskId: 397 ETC: 144.66 priority: 0
  taskPos: 12 taskId: 945 ETC: 39.42 priority: 0
  taskPos: 13 taskId: 79 ETC: 20.77 priority: 0
  taskPos: 14 taskId: 39 ETC: 10.98 priority: 0
  taskPos: 15 taskId: 335 ETC: 43.06 priority: 0
  taskPos: 16 taskId: 894 ETC: 47.43 priority: 0
  taskPos: 17 taskId: 943 ETC: 25.51 priority: 0
  taskPos: 18 taskId: 347 ETC: 17.07 priority: 0
> machineId: 22
  taskPos: 0 taskId: 673 ETC: 20.91 priority: 0
  taskPos: 1 taskId: 101 ETC: 0.26 priority: 0
  taskPos: 2 taskId: 925 ETC: 4.9 priority: 0
  taskPos: 3 taskId: 329 ETC: 1.31 priority: 0
  taskPos: 4 taskId: 893 ETC: 3.07 priority: 0
  taskPos: 5 taskId: 225 ETC: 0.9 priority: 0
  taskPos: 6 taskId: 459 ETC: 3.32 priority: 0
  taskPos: 7 taskId: 795 ETC: 17.39 priority: 0
  taskPos: 8 taskId: 11 ETC: 60.13 priority: 0
  taskPos: 9 taskId: 639 ETC: 8.08 priority: 0
  taskPos: 10 taskId: 517 ETC: 6.93 priority: 0
  taskPos: 11 taskId: 537 ETC: 1.63 priority: 0
  taskPos: 12 taskId: 947 ETC: 62.76 priority: 0
  taskPos: 13 taskId: 547 ETC: 12.31 priority: 0
  taskPos: 14 taskId: 253 ETC: 9.05 priority: 0
  taskPos: 15 taskId: 123 ETC: 10.35 priority: 0
  taskPos: 16 taskId: 1005 ETC: 28.78 priority: 0
  taskPos: 17 taskId: 638 ETC: 326.24 priority: 0
  taskPos: 18 taskId: 651 ETC: 32.17 priority: 0
  taskPos: 19 taskId: 883 ETC: 24.23 priority: 0
  taskPos: 20 taskId: 495 ETC: 1.92 priority: 0
  taskPos: 21 taskId: 93 ETC: 8.84 priority: 0
  taskPos: 22 taskId: 910 ETC: 525.1 priority: 0
  taskPos: 23 taskId: 161 ETC: 20.01 priority: 0
  taskPos: 24 taskId: 235 ETC: 41.77 priority: 0
  taskPos: 25 taskId: 551 ETC: 43.54 priority: 0
> machineId: 23
  taskPos: 0 taskId: 999 ETC: 0.49 priority: 0
  taskPos: 1 taskId: 139 ETC: 0.79 priority: 0
  taskPos: 2 taskId: 99 ETC: 13.05 priority: 0
  taskPos: 3 taskId: 835 ETC: 1.86 priority: 0
  taskPos: 4 taskId: 931 ETC: 14.84 priority: 0
  taskPos: 5 taskId: 687 ETC: 5.02 priority: 0
  taskPos: 6 taskId: 683 ETC: 1.47 priority: 0
  taskPos: 7 taskId: 567 ETC: 22.89 priority: 0
  taskPos: 8 taskId: 815 ETC: 37.96 priority: 0
  taskPos: 9 taskId: 671 ETC: 161.46 priority: 0
  taskPos: 10 taskId: 71 ETC: 3.35 priority: 0
  taskPos: 11 taskId: 367 ETC: 5.91 priority: 0
  taskPos: 12 taskId: 1003 ETC: 5.73 priority: 0
  taskPos: 13 taskId: 87 ETC: 0.93 priority: 0
  taskPos: 14 taskId: 591 ETC: 9.72 priority: 0
  taskPos: 15 taskId: 105 ETC: 9.43 priority: 0
  taskPos: 16 taskId: 710 ETC: 477.7 priority: 0
  taskPos: 17 taskId: 949 ETC: 44.45 priority: 0
  taskPos: 18 taskId: 603 ETC: 40.75 priority: 0
  taskPos: 19 taskId: 561 ETC: 9.33 priority: 0
  taskPos: 20 taskId: 643 ETC: 13.58 priority: 0
  taskPos: 21 taskId: 405 ETC: 113.24 priority: 0
  taskPos: 22 taskId: 703 ETC: 21.72 priority: 0
  taskPos: 23 taskId: 41 ETC: 72.24 priority: 0
  taskPos: 24 taskId: 267 ETC: 7.98 priority: 0
  taskPos: 25 taskId: 781 ETC: 12.42 priority: 0
  taskPos: 26 taskId: 583 ETC: 13.23 priority: 0
  taskPos: 27 taskId: 275 ETC: 5.01 priority: 0
> machineId: 24
  taskPos: 0 taskId: 247 ETC: 20.34 priority: 0
  taskPos: 1 taskId: 739 ETC: 38.09 priority: 0
  taskPos: 2 taskId: 659 ETC: 8.11 priority: 0
  taskPos: 3 taskId: 509 ETC: 8.47 priority: 0
  taskPos: 4 taskId: 627 ETC: 2.44 priority: 0
  taskPos: 5 taskId: 629 ETC: 39.54 priority: 0
  taskPos: 6 taskId: 291 ETC: 2.12 priority: 0
  taskPos: 7 taskId: 1011 ETC: 22.53 priority: 0
  taskPos: 8 taskId: 740 ETC: 303.35 priority: 0
  taskPos: 9 taskId: 1013 ETC: 30.95 priority: 0
  taskPos: 10 taskId: 165 ETC: 40.87 priority: 0
  taskPos: 11 taskId: 705 ETC: 61.56 priority: 0
  taskPos: 12 taskId: 414 ETC: 662.75 priority: 0
  taskPos: 13 taskId: 837 ETC: 10.1 priority: 0
> machineId: 25
  taskPos: 0 taskId: 261 ETC: 2.82 priority: 0
  taskPos: 1 taskId: 507 ETC: 14.15 priority: 0
  taskPos: 2 taskId: 605 ETC: 1.35 priority: 0
  taskPos: 3 taskId: 381 ETC: 0.94 priority: 0
  taskPos: 4 taskId: 775 ETC: 6.1 priority: 0
  taskPos: 5 taskId: 715 ETC: 53.63 priority: 0
  taskPos: 6 taskId: 281 ETC: 13.91 priority: 0
  taskPos: 7 taskId: 745 ETC: 15.72 priority: 0
  taskPos: 8 taskId: 901 ETC: 3.02 priority: 0
  taskPos: 9 taskId: 3 ETC: 73.36 priority: 0
  taskPos: 10 taskId: 461 ETC: 0.82 priority: 0
  taskPos: 11 taskId: 783 ETC: 90.54 priority: 0
  taskPos: 12 taskId: 155 ETC: 17.7 priority: 0
  taskPos: 13 taskId: 939 ETC: 38.64 priority: 0
  taskPos: 14 taskId: 112 ETC: 54.16 priority: 0
  taskPos: 15 taskId: 807 ETC: 32.73 priority: 0
  taskPos: 16 taskId: 917 ETC: 314.99 priority: 0
  taskPos: 17 taskId: 594 ETC: 391.98 priority: 0
  taskPos: 18 taskId: 197 ETC: 72.27 priority: 0
  taskPos: 19 taskId: 369 ETC: 20.06 priority: 0
> machineId: 26
  taskPos: 0 taskId: 227 ETC: 1.12 priority: 0
  taskPos: 1 taskId: 55 ETC: 4.1 priority: 0
  taskPos: 2 taskId: 955 ETC: 0.43 priority: 0
  taskPos: 3 taskId: 609 ETC: 10.51 priority: 0
  taskPos: 4 taskId: 25 ETC: 23.01 priority: 0
  taskPos: 5 taskId: 321 ETC: 4.39 priority: 0
  taskPos: 6 taskId: 797 ETC: 76.95 priority: 0
  taskPos: 7 taskId: 317 ETC: 25.27 priority: 0
  taskPos: 8 taskId: 565 ETC: 1.12 priority: 0
  taskPos: 9 taskId: 85 ETC: 17.87 priority: 0
  taskPos: 10 taskId: 704 ETC: 662.57 priority: 0
  taskPos: 11 taskId: 83 ETC: 20.19 priority: 0
  taskPos: 12 taskId: 283 ETC: 3.99 priority: 0
  taskPos: 13 taskId: 59 ETC: 8.17 priority: 0
  taskPos: 14 taskId: 349 ETC: 15.52 priority: 0
  taskPos: 15 taskId: 747 ETC: 37.66 priority: 0
  taskPos: 16 taskId: 1009 ETC: 25.93 priority: 0
  taskPos: 17 taskId: 183 ETC: 15.35 priority: 0
  taskPos: 18 taskId: 817 ETC: 61.13 priority: 0
  taskPos: 19 taskId: 289 ETC: 15.62 priority: 0
  taskPos: 20 taskId: 937 ETC: 11.55 priority: 0
  taskPos: 21 taskId: 505 ETC: 47.11 priority: 0
  taskPos: 22 taskId: 971 ETC: 34.68 priority: 0
> machineId: 27
  taskPos: 0 taskId: 65 ETC: 0.89 priority: 0
  taskPos: 1 taskId: 543 ETC: 1.44 priority: 0
  taskPos: 2 taskId: 141 ETC: 5.41 priority: 0
  taskPos: 3 taskId: 208 ETC: 386.12 priority: 0
  taskPos: 4 taskId: 17 ETC: 15.03 priority: 0
  taskPos: 5 taskId: 219 ETC: 43.51 priority: 0
  taskPos: 6 taskId: 811 ETC: 1.41 priority: 0
  taskPos: 7 taskId: 465 ETC: 3.09 priority: 0
  taskPos: 8 taskId: 467 ETC: 114.28 priority: 0
  taskPos: 9 taskId: 985 ETC: 10.91 priority: 0
  taskPos: 10 taskId: 255 ETC: 15.74 priority: 0
  taskPos: 11 taskId: 647 ETC: 7.62 priority: 0
  taskPos: 12 taskId: 433 ETC: 31.63 priority: 0
  taskPos: 13 taskId: 192 ETC: 539.68 priority: 0
  taskPos: 14 taskId: 511 ETC: 34.12 priority: 0
  taskPos: 15 taskId: 441 ETC: 30.52 priority: 0
> machineId: 28
  taskPos: 0 taskId: 19 ETC: 4.85 priority: 0
  taskPos: 1 taskId: 173 ETC: 4.68 priority: 0
  taskPos: 2 taskId: 243 ETC: 2.03 priority: 0
  taskPos: 3 taskId: 845 ETC: 4.17 priority: 0
  taskPos: 4 taskId: 117 ETC: 69.14 priority: 0
  taskPos: 5 taskId: 611 ETC: 8.1 priority: 0
  taskPos: 6 taskId: 929 ETC: 39.64 priority: 0
  taskPos: 7 taskId: 877 ETC: 17.41 priority: 0
  taskPos: 8 taskId: 993 ETC: 27.61 priority: 0
  taskPos: 9 taskId: 833 ETC: 14.18 priority: 0
  taskPos: 10 taskId: 836 ETC: 524.37 priority: 0
  taskPos: 11 taskId: 653 ETC: 12.94 priority: 0
  taskPos: 12 taskId: 97 ETC: 20.57 priority: 0
  taskPos: 13 taskId: 823 ETC: 52.87 priority: 0
  taskPos: 14 taskId: 849 ETC: 382.98 priority: 0
  taskPos: 15 taskId: 965 ETC: 30.1 priority: 0
  taskPos: 16 taskId: 867 ETC: 36.7 priority: 0
> machineId: 29
  taskPos: 0 taskId: 455 ETC: 1.82 priority: 0
  taskPos: 1 taskId: 631 ETC: 1.96 priority: 0
  taskPos: 2 taskId: 401 ETC: 3.23 priority: 0
  taskPos: 3 taskId: 973 ETC: 2.28 priority: 0
  taskPos: 4 taskId: 619 ETC: 2.99 priority: 0
  taskPos: 5 taskId: 203 ETC: 6.58 priority: 0
  taskPos: 6 taskId: 865 ETC: 7.01 priority: 0
  taskPos: 7 taskId: 935 ETC: 14.1 priority: 0
  taskPos: 8 taskId: 1015 ETC: 5.9 priority: 0
  taskPos: 9 taskId: 35 ETC: 10.48 priority: 0
  taskPos: 10 taskId: 789 ETC: 14.57 priority: 0
  taskPos: 11 taskId: 153 ETC: 132.32 priority: 0
  taskPos: 12 taskId: 422 ETC: 285.24 priority: 0
  taskPos: 13 taskId: 751 ETC: 14.76 priority: 0
  taskPos: 14 taskId: 340 ETC: 613.01 priority: 0
  taskPos: 15 taskId: 391 ETC: 44.07 priority: 0
  taskPos: 16 taskId: 485 ETC: 50.09 priority: 0
  taskPos: 17 taskId: 137 ETC: 30.55 priority: 0
  taskPos: 18 taskId: 374 ETC: 10.4 priority: 0
> machineId: 30
  taskPos: 0 taskId: 411 ETC: 3.65 priority: 0
  taskPos: 1 taskId: 843 ETC: 0.53 priority: 0
  taskPos: 2 taskId: 151 ETC: 5.39 priority: 0
  taskPos: 3 taskId: 989 ETC: 11.91 priority: 0
  taskPos: 4 taskId: 963 ETC: 0.69 priority: 0
  taskPos: 5 taskId: 345 ETC: 7.97 priority: 0
  taskPos: 6 taskId: 905 ETC: 1.31 priority: 0
  taskPos: 7 taskId: 921 ETC: 8.78 priority: 0
  taskPos: 8 taskId: 933 ETC: 2.74 priority: 0
  taskPos: 9 taskId: 669 ETC: 6.61 priority: 0
  taskPos: 10 taskId: 354 ETC: 213.53 priority: 0
  taskPos: 11 taskId: 513 ETC: 9.61 priority: 0
  taskPos: 12 taskId: 649 ETC: 10.21 priority: 0
  taskPos: 13 taskId: 723 ETC: 23.62 priority: 0
  taskPos: 14 taskId: 763 ETC: 139.78 priority: 0
  taskPos: 15 taskId: 907 ETC: 34.39 priority: 0
  taskPos: 16 taskId: 27 ETC: 22.37 priority: 0
  taskPos: 17 taskId: 559 ETC: 66.65 priority: 0
  taskPos: 18 taskId: 487 ETC: 29.62 priority: 0
  taskPos: 19 taskId: 634 ETC: 647.25 priority: 0
  taskPos: 20 taskId: 727 ETC: 17.56 priority: 0
  taskPos: 21 taskId: 237 ETC: 12.69 priority: 0
> machineId: 31
  taskPos: 0 taskId: 1 ETC: 15.4 priority: 0
  taskPos: 1 taskId: 92 ETC: 185.77 priority: 0
  taskPos: 2 taskId: 163 ETC: 2.8 priority: 0
  taskPos: 3 taskId: 667 ETC: 19.51 priority: 0
  taskPos: 4 taskId: 601 ETC: 2.17 priority: 0
  taskPos: 5 taskId: 427 ETC: 2.97 priority: 0
  taskPos: 6 taskId: 873 ETC: 11.08 priority: 0
  taskPos: 7 taskId: 809 ETC: 8.92 priority: 0
  taskPos: 8 taskId: 979 ETC: 37.01 priority: 0
  taskPos: 9 taskId: 595 ETC: 3.47 priority: 0
  taskPos: 10 taskId: 779 ETC: 4.82 priority: 0
  taskPos: 11 taskId: 717 ETC: 27.66 priority: 0
  taskPos: 12 taskId: 453 ETC: 19.08 priority: 0
  taskPos: 13 taskId: 221 ETC: 25.14 priority: 0
  taskPos: 14 taskId: 521 ETC: 61.32 priority: 0
  taskPos: 15 taskId: 681 ETC: 29.04 priority: 0
  taskPos: 16 taskId: 977 ETC: 97.84 priority: 0
  taskPos: 17 taskId: 118 ETC: 626.39 priority: 0
  taskPos: 18 taskId: 207 ETC: 2.2 priority: 0
  taskPos: 19 taskId: 791 ETC: 8.97 priority: 0



 :( ---------------------- THE END --------------- :) 