[H[2J[INFO] TaskCount: 1024
[INFO] MachineCount: 32

[DEBUG] Inicialización MIN-MIN

Min-Min fitness: 2154.95

[DEBUG] Inicialización Sufferage

Sufferage fitness: 2768.99

[DEBUG] Inicialización random

[DEBUG] Inicialización random

[DEBUG] Inicialización random

[DEBUG] Inicialización MCT

MCT fitness: 3038.81

[DEBUG] Inicialización random

[DEBUG] Inicialización random

[DEBUG] Inicialización random

[DEBUG] Inicialización random

[DEBUG] Inicialización MCT

MCT fitness: 3074.71

[DEBUG] Inicialización random

[DEBUG] Inicialización random

[DEBUG] Inicialización random

[DEBUG] Inicialización random

 Current State ---------------------------------------------

Current trial: 1
Current iteration: 1500
Current evaluations: 22695
Current best cost: 2031.36
Current worst cost: 2034.41
Current Average cost: 2033.36
Current Standard Deviation: 1.16004

Trial: 
Best cost trial: 2031.36
Worst cost trial: 22466.6
Iteration best found in trial: 1485
Time best found trial: 2.14611e+07
Time spent in trial: 2.16653e+07

Global: 
Global best cost: 2031.36
Global worst cost: 22466.6
Trial best found: 1
Iteration best found: 1485
Time best found: 2.14611e+07

Current time spent (so far): 2.16653e+07
Solution
> machineId: 0
  taskPos: 0 taskId: 13 ETC: 0.06 priority: 0
  taskPos: 1 taskId: 541 ETC: 0 priority: 0
  taskPos: 2 taskId: 431 ETC: 0.33 priority: 0
  taskPos: 3 taskId: 274 ETC: 0.13 priority: 0
  taskPos: 4 taskId: 712 ETC: 0.02 priority: 0
  taskPos: 5 taskId: 127 ETC: 0.04 priority: 0
  taskPos: 6 taskId: 404 ETC: 0.09 priority: 0
  taskPos: 7 taskId: 301 ETC: 0.27 priority: 0
  taskPos: 8 taskId: 635 ETC: 0.18 priority: 0
  taskPos: 9 taskId: 879 ETC: 0.04 priority: 0
  taskPos: 10 taskId: 36 ETC: 1.02 priority: 0
  taskPos: 11 taskId: 62 ETC: 0.09 priority: 0
  taskPos: 12 taskId: 338 ETC: 0.12 priority: 0
  taskPos: 13 taskId: 63 ETC: 0.26 priority: 0
  taskPos: 14 taskId: 217 ETC: 0.17 priority: 0
  taskPos: 15 taskId: 263 ETC: 0.2 priority: 0
  taskPos: 16 taskId: 709 ETC: 0.15 priority: 0
  taskPos: 17 taskId: 487 ETC: 0.09 priority: 0
  taskPos: 18 taskId: 361 ETC: 0.13 priority: 0
  taskPos: 19 taskId: 223 ETC: 0.19 priority: 0
  taskPos: 20 taskId: 360 ETC: 0.34 priority: 0
  taskPos: 21 taskId: 80 ETC: 0.36 priority: 0
  taskPos: 22 taskId: 639 ETC: 0.15 priority: 0
  taskPos: 23 taskId: 47 ETC: 0.38 priority: 0
  taskPos: 24 taskId: 176 ETC: 0.31 priority: 0
  taskPos: 25 taskId: 40 ETC: 0.21 priority: 0
  taskPos: 26 taskId: 463 ETC: 0.2 priority: 0
  taskPos: 27 taskId: 720 ETC: 0.17 priority: 0
  taskPos: 28 taskId: 718 ETC: 0.43 priority: 0
  taskPos: 29 taskId: 617 ETC: 0.3 priority: 0
  taskPos: 30 taskId: 826 ETC: 0.16 priority: 0
  taskPos: 31 taskId: 334 ETC: 0.3 priority: 0
  taskPos: 32 taskId: 669 ETC: 0.26 priority: 0
  taskPos: 33 taskId: 279 ETC: 0.22 priority: 0
  taskPos: 34 taskId: 508 ETC: 0.43 priority: 0
  taskPos: 35 taskId: 861 ETC: 0.44 priority: 0
  taskPos: 36 taskId: 144 ETC: 0.39 priority: 0
  taskPos: 37 taskId: 73 ETC: 0.54 priority: 0
  taskPos: 38 taskId: 904 ETC: 0.55 priority: 0
  taskPos: 39 taskId: 807 ETC: 0.48 priority: 0
  taskPos: 40 taskId: 283 ETC: 0.32 priority: 0
  taskPos: 41 taskId: 265 ETC: 0.52 priority: 0
  taskPos: 42 taskId: 604 ETC: 0.39 priority: 0
  taskPos: 43 taskId: 871 ETC: 0.61 priority: 0
  taskPos: 44 taskId: 153 ETC: 0.48 priority: 0
  taskPos: 45 taskId: 976 ETC: 0.42 priority: 0
  taskPos: 46 taskId: 921 ETC: 0.28 priority: 0
  taskPos: 47 taskId: 794 ETC: 0.82 priority: 0
  taskPos: 48 taskId: 407 ETC: 0.48 priority: 0
  taskPos: 49 taskId: 185 ETC: 0.43 priority: 0
  taskPos: 50 taskId: 39 ETC: 0.47 priority: 0
  taskPos: 51 taskId: 367 ETC: 0.5 priority: 0
  taskPos: 52 taskId: 445 ETC: 0.87 priority: 0
  taskPos: 53 taskId: 375 ETC: 0.61 priority: 0
  taskPos: 54 taskId: 64 ETC: 0.55 priority: 0
  taskPos: 55 taskId: 600 ETC: 0.86 priority: 0
  taskPos: 56 taskId: 817 ETC: 0.49 priority: 0
  taskPos: 57 taskId: 132 ETC: 1.08 priority: 0
  taskPos: 58 taskId: 574 ETC: 0.57 priority: 0
  taskPos: 59 taskId: 149 ETC: 0.68 priority: 0
  taskPos: 60 taskId: 182 ETC: 0.61 priority: 0
  taskPos: 61 taskId: 678 ETC: 0.95 priority: 0
  taskPos: 62 taskId: 514 ETC: 0.92 priority: 0
  taskPos: 63 taskId: 705 ETC: 1.02 priority: 0
  taskPos: 64 taskId: 969 ETC: 0.66 priority: 0
  taskPos: 65 taskId: 26 ETC: 0.61 priority: 0
  taskPos: 66 taskId: 177 ETC: 1.03 priority: 0
  taskPos: 67 taskId: 457 ETC: 0.61 priority: 0
  taskPos: 68 taskId: 916 ETC: 0.83 priority: 0
  taskPos: 69 taskId: 795 ETC: 0.8 priority: 0
  taskPos: 70 taskId: 14 ETC: 0.71 priority: 0
  taskPos: 71 taskId: 342 ETC: 0.82 priority: 0
  taskPos: 72 taskId: 752 ETC: 1.01 priority: 0
  taskPos: 73 taskId: 607 ETC: 0.89 priority: 0
  taskPos: 74 taskId: 632 ETC: 0.95 priority: 0
  taskPos: 75 taskId: 869 ETC: 2.14 priority: 0
  taskPos: 76 taskId: 2 ETC: 1.44 priority: 0
  taskPos: 77 taskId: 789 ETC: 0.69 priority: 0
  taskPos: 78 taskId: 528 ETC: 1.09 priority: 0
  taskPos: 79 taskId: 880 ETC: 0.83 priority: 0
  taskPos: 80 taskId: 325 ETC: 1.1 priority: 0
  taskPos: 81 taskId: 676 ETC: 0.95 priority: 0
  taskPos: 82 taskId: 181 ETC: 0.98 priority: 0
  taskPos: 83 taskId: 961 ETC: 0.57 priority: 0
  taskPos: 84 taskId: 754 ETC: 0.68 priority: 0
  taskPos: 85 taskId: 452 ETC: 1.16 priority: 0
  taskPos: 86 taskId: 285 ETC: 1.47 priority: 0
  taskPos: 87 taskId: 1002 ETC: 1.23 priority: 0
  taskPos: 88 taskId: 997 ETC: 1.2 priority: 0
  taskPos: 89 taskId: 140 ETC: 0.99 priority: 0
  taskPos: 90 taskId: 396 ETC: 1.1 priority: 0
  taskPos: 91 taskId: 835 ETC: 0.88 priority: 0
  taskPos: 92 taskId: 935 ETC: 0.89 priority: 0
  taskPos: 93 taskId: 667 ETC: 1.42 priority: 0
  taskPos: 94 taskId: 275 ETC: 1.24 priority: 0
  taskPos: 95 taskId: 356 ETC: 1.2 priority: 0
  taskPos: 96 taskId: 774 ETC: 1.23 priority: 0
  taskPos: 97 taskId: 92 ETC: 1.31 priority: 0
  taskPos: 98 taskId: 648 ETC: 1.47 priority: 0
  taskPos: 99 taskId: 981 ETC: 1.48 priority: 0
  taskPos: 100 taskId: 956 ETC: 1.22 priority: 0
  taskPos: 101 taskId: 122 ETC: 1.48 priority: 0
  taskPos: 102 taskId: 542 ETC: 1.5 priority: 0
  taskPos: 103 taskId: 744 ETC: 1.7 priority: 0
  taskPos: 104 taskId: 810 ETC: 1.53 priority: 0
  taskPos: 105 taskId: 651 ETC: 1.97 priority: 0
  taskPos: 106 taskId: 950 ETC: 0.97 priority: 0
  taskPos: 107 taskId: 498 ETC: 1.8 priority: 0
  taskPos: 108 taskId: 221 ETC: 1.66 priority: 0
  taskPos: 109 taskId: 192 ETC: 2.27 priority: 0
  taskPos: 110 taskId: 629 ETC: 1.47 priority: 0
  taskPos: 111 taskId: 314 ETC: 1.63 priority: 0
  taskPos: 112 taskId: 814 ETC: 1.48 priority: 0
  taskPos: 113 taskId: 219 ETC: 1.93 priority: 0
  taskPos: 114 taskId: 958 ETC: 1.45 priority: 0
  taskPos: 115 taskId: 309 ETC: 1.92 priority: 0
  taskPos: 116 taskId: 10 ETC: 1.59 priority: 0
  taskPos: 117 taskId: 615 ETC: 1.65 priority: 0
  taskPos: 118 taskId: 476 ETC: 2.3 priority: 0
  taskPos: 119 taskId: 946 ETC: 1.62 priority: 0
  taskPos: 120 taskId: 206 ETC: 2.02 priority: 0
  taskPos: 121 taskId: 1005 ETC: 1.84 priority: 0
  taskPos: 122 taskId: 145 ETC: 1.99 priority: 0
  taskPos: 123 taskId: 699 ETC: 1.95 priority: 0
  taskPos: 124 taskId: 435 ETC: 1.88 priority: 0
  taskPos: 125 taskId: 790 ETC: 2.19 priority: 0
  taskPos: 126 taskId: 610 ETC: 2.12 priority: 0
  taskPos: 127 taskId: 877 ETC: 1.84 priority: 0
  taskPos: 128 taskId: 136 ETC: 2.69 priority: 0
  taskPos: 129 taskId: 962 ETC: 1.49 priority: 0
  taskPos: 130 taskId: 785 ETC: 2.16 priority: 0
  taskPos: 131 taskId: 194 ETC: 2.02 priority: 0
  taskPos: 132 taskId: 278 ETC: 1.94 priority: 0
  taskPos: 133 taskId: 735 ETC: 2.54 priority: 0
  taskPos: 134 taskId: 424 ETC: 2.52 priority: 0
  taskPos: 135 taskId: 291 ETC: 2.59 priority: 0
  taskPos: 136 taskId: 857 ETC: 2.48 priority: 0
  taskPos: 137 taskId: 538 ETC: 2.93 priority: 0
  taskPos: 138 taskId: 513 ETC: 2.16 priority: 0
  taskPos: 139 taskId: 105 ETC: 3.51 priority: 0
  taskPos: 140 taskId: 385 ETC: 2.45 priority: 0
  taskPos: 141 taskId: 787 ETC: 2.48 priority: 0
  taskPos: 142 taskId: 245 ETC: 2.77 priority: 0
  taskPos: 143 taskId: 692 ETC: 1.95 priority: 0
  taskPos: 144 taskId: 33 ETC: 2.65 priority: 0
  taskPos: 145 taskId: 251 ETC: 2.2 priority: 0
  taskPos: 146 taskId: 827 ETC: 2.31 priority: 0
  taskPos: 147 taskId: 584 ETC: 2.75 priority: 0
  taskPos: 148 taskId: 548 ETC: 2.71 priority: 0
  taskPos: 149 taskId: 740 ETC: 2.77 priority: 0
  taskPos: 150 taskId: 573 ETC: 2.43 priority: 0
  taskPos: 151 taskId: 945 ETC: 2.35 priority: 0
  taskPos: 152 taskId: 501 ETC: 3.56 priority: 0
  taskPos: 153 taskId: 249 ETC: 2.73 priority: 0
  taskPos: 154 taskId: 967 ETC: 1.9 priority: 0
  taskPos: 155 taskId: 131 ETC: 2.77 priority: 0
  taskPos: 156 taskId: 663 ETC: 3.54 priority: 0
  taskPos: 157 taskId: 511 ETC: 3.16 priority: 0
  taskPos: 158 taskId: 198 ETC: 3.11 priority: 0
  taskPos: 159 taskId: 850 ETC: 3.75 priority: 0
  taskPos: 160 taskId: 626 ETC: 2.32 priority: 0
  taskPos: 161 taskId: 552 ETC: 2.54 priority: 0
  taskPos: 162 taskId: 201 ETC: 2.78 priority: 0
  taskPos: 163 taskId: 983 ETC: 2.49 priority: 0
  taskPos: 164 taskId: 550 ETC: 3.34 priority: 0
  taskPos: 165 taskId: 908 ETC: 2.68 priority: 0
  taskPos: 166 taskId: 813 ETC: 3.14 priority: 0
  taskPos: 167 taskId: 284 ETC: 3.49 priority: 0
  taskPos: 168 taskId: 592 ETC: 3.43 priority: 0
  taskPos: 169 taskId: 345 ETC: 3.34 priority: 0
  taskPos: 170 taskId: 674 ETC: 2.52 priority: 0
  taskPos: 171 taskId: 302 ETC: 4.34 priority: 0
  taskPos: 172 taskId: 914 ETC: 3.54 priority: 0
  taskPos: 173 taskId: 1007 ETC: 2.29 priority: 0
  taskPos: 174 taskId: 408 ETC: 4.82 priority: 0
  taskPos: 175 taskId: 494 ETC: 2.88 priority: 0
  taskPos: 176 taskId: 884 ETC: 2.71 priority: 0
  taskPos: 177 taskId: 963 ETC: 3.75 priority: 0
  taskPos: 178 taskId: 999 ETC: 3.36 priority: 0
  taskPos: 179 taskId: 764 ETC: 3.65 priority: 0
  taskPos: 180 taskId: 125 ETC: 3.29 priority: 0
  taskPos: 181 taskId: 96 ETC: 3.95 priority: 0
  taskPos: 182 taskId: 791 ETC: 2.96 priority: 0
  taskPos: 183 taskId: 937 ETC: 2.98 priority: 0
  taskPos: 184 taskId: 839 ETC: 3.2 priority: 0
  taskPos: 185 taskId: 846 ETC: 3.07 priority: 0
  taskPos: 186 taskId: 100 ETC: 5.24 priority: 0
  taskPos: 187 taskId: 42 ETC: 4.15 priority: 0
  taskPos: 188 taskId: 507 ETC: 4.49 priority: 0
  taskPos: 189 taskId: 798 ETC: 3.39 priority: 0
  taskPos: 190 taskId: 400 ETC: 4.66 priority: 0
  taskPos: 191 taskId: 160 ETC: 4.47 priority: 0
  taskPos: 192 taskId: 341 ETC: 6.26 priority: 0
  taskPos: 193 taskId: 683 ETC: 3.48 priority: 0
  taskPos: 194 taskId: 461 ETC: 4.44 priority: 0
  taskPos: 195 taskId: 864 ETC: 4.25 priority: 0
  taskPos: 196 taskId: 622 ETC: 3.93 priority: 0
  taskPos: 197 taskId: 207 ETC: 4.01 priority: 0
  taskPos: 198 taskId: 299 ETC: 4.73 priority: 0
  taskPos: 199 taskId: 870 ETC: 4.44 priority: 0
  taskPos: 200 taskId: 761 ETC: 4.07 priority: 0
  taskPos: 201 taskId: 1020 ETC: 4.74 priority: 0
  taskPos: 202 taskId: 543 ETC: 4.54 priority: 0
  taskPos: 203 taskId: 781 ETC: 4 priority: 0
  taskPos: 204 taskId: 94 ETC: 3.69 priority: 0
  taskPos: 205 taskId: 146 ETC: 4.97 priority: 0
  taskPos: 206 taskId: 1008 ETC: 3.61 priority: 0
  taskPos: 207 taskId: 903 ETC: 4.59 priority: 0
  taskPos: 208 taskId: 91 ETC: 4.95 priority: 0
  taskPos: 209 taskId: 451 ETC: 5.04 priority: 0
  taskPos: 210 taskId: 537 ETC: 4.04 priority: 0
  taskPos: 211 taskId: 1019 ETC: 3.58 priority: 0
  taskPos: 212 taskId: 43 ETC: 5.94 priority: 0
  taskPos: 213 taskId: 353 ETC: 4.89 priority: 0
  taskPos: 214 taskId: 671 ETC: 6.4 priority: 0
  taskPos: 215 taskId: 193 ETC: 6.16 priority: 0
  taskPos: 216 taskId: 594 ETC: 6.47 priority: 0
  taskPos: 217 taskId: 272 ETC: 6.81 priority: 0
  taskPos: 218 taskId: 1003 ETC: 4.16 priority: 0
  taskPos: 219 taskId: 828 ETC: 11.66 priority: 0
  taskPos: 220 taskId: 1004 ETC: 4.06 priority: 0
  taskPos: 221 taskId: 892 ETC: 4.48 priority: 0
  taskPos: 222 taskId: 364 ETC: 5.33 priority: 0
  taskPos: 223 taskId: 70 ETC: 5.88 priority: 0
  taskPos: 224 taskId: 1022 ETC: 5.47 priority: 0
  taskPos: 225 taskId: 17 ETC: 5.76 priority: 0
  taskPos: 226 taskId: 409 ETC: 5.32 priority: 0
  taskPos: 227 taskId: 640 ETC: 5.3 priority: 0
  taskPos: 228 taskId: 562 ETC: 6.32 priority: 0
  taskPos: 229 taskId: 856 ETC: 6.19 priority: 0
  taskPos: 230 taskId: 117 ETC: 7.28 priority: 0
  taskPos: 231 taskId: 690 ETC: 8.38 priority: 0
  taskPos: 232 taskId: 166 ETC: 6.66 priority: 0
  taskPos: 233 taskId: 738 ETC: 7.66 priority: 0
  taskPos: 234 taskId: 700 ETC: 5.89 priority: 0
  taskPos: 235 taskId: 332 ETC: 6.24 priority: 0
  taskPos: 236 taskId: 434 ETC: 6.66 priority: 0
  taskPos: 237 taskId: 135 ETC: 6.55 priority: 0
  taskPos: 238 taskId: 614 ETC: 7.45 priority: 0
  taskPos: 239 taskId: 944 ETC: 6.86 priority: 0
  taskPos: 240 taskId: 123 ETC: 7.79 priority: 0
  taskPos: 241 taskId: 1018 ETC: 5.35 priority: 0
  taskPos: 242 taskId: 907 ETC: 4.85 priority: 0
  taskPos: 243 taskId: 35 ETC: 6.98 priority: 0
  taskPos: 244 taskId: 650 ETC: 7.97 priority: 0
  taskPos: 245 taskId: 170 ETC: 8.49 priority: 0
  taskPos: 246 taskId: 12 ETC: 6.12 priority: 0
  taskPos: 247 taskId: 478 ETC: 7.27 priority: 0
  taskPos: 248 taskId: 305 ETC: 4.96 priority: 0
  taskPos: 249 taskId: 281 ETC: 7.07 priority: 0
  taskPos: 250 taskId: 624 ETC: 11.3 priority: 0
  taskPos: 251 taskId: 860 ETC: 8.25 priority: 0
  taskPos: 252 taskId: 549 ETC: 6.98 priority: 0
  taskPos: 253 taskId: 736 ETC: 9.27 priority: 0
  taskPos: 254 taskId: 616 ETC: 7.32 priority: 0
  taskPos: 255 taskId: 348 ETC: 8.11 priority: 0
  taskPos: 256 taskId: 469 ETC: 8.67 priority: 0
  taskPos: 257 taskId: 509 ETC: 11.94 priority: 0
  taskPos: 258 taskId: 845 ETC: 9.35 priority: 0
  taskPos: 259 taskId: 300 ETC: 9.24 priority: 0
  taskPos: 260 taskId: 436 ETC: 8.15 priority: 0
  taskPos: 261 taskId: 644 ETC: 15.51 priority: 0
  taskPos: 262 taskId: 414 ETC: 10.15 priority: 0
  taskPos: 263 taskId: 806 ETC: 7.86 priority: 0
  taskPos: 264 taskId: 485 ETC: 13.08 priority: 0
  taskPos: 265 taskId: 252 ETC: 9.84 priority: 0
  taskPos: 266 taskId: 992 ETC: 4.86 priority: 0
  taskPos: 267 taskId: 477 ETC: 12.29 priority: 0
  taskPos: 268 taskId: 911 ETC: 8.84 priority: 0
  taskPos: 269 taskId: 533 ETC: 8.82 priority: 0
  taskPos: 270 taskId: 41 ETC: 10.91 priority: 0
  taskPos: 271 taskId: 173 ETC: 9.67 priority: 0
  taskPos: 272 taskId: 229 ETC: 10.3 priority: 0
  taskPos: 273 taskId: 658 ETC: 13.58 priority: 0
  taskPos: 274 taskId: 88 ETC: 11.24 priority: 0
  taskPos: 275 taskId: 482 ETC: 7.69 priority: 0
  taskPos: 276 taskId: 800 ETC: 13.24 priority: 0
  taskPos: 277 taskId: 571 ETC: 11.58 priority: 0
  taskPos: 278 taskId: 769 ETC: 10.74 priority: 0
  taskPos: 279 taskId: 235 ETC: 9.61 priority: 0
  taskPos: 280 taskId: 124 ETC: 9.66 priority: 0
  taskPos: 281 taskId: 331 ETC: 16.06 priority: 0
  taskPos: 282 taskId: 22 ETC: 9.45 priority: 0
  taskPos: 283 taskId: 202 ETC: 16.41 priority: 0
  taskPos: 284 taskId: 577 ETC: 12.12 priority: 0
  taskPos: 285 taskId: 429 ETC: 11.11 priority: 0
  taskPos: 286 taskId: 782 ETC: 12.43 priority: 0
  taskPos: 287 taskId: 484 ETC: 11.9 priority: 0
  taskPos: 288 taskId: 330 ETC: 12.39 priority: 0
  taskPos: 289 taskId: 758 ETC: 12.53 priority: 0
  taskPos: 290 taskId: 821 ETC: 9.95 priority: 0
  taskPos: 291 taskId: 583 ETC: 13.21 priority: 0
  taskPos: 292 taskId: 849 ETC: 11.91 priority: 0
  taskPos: 293 taskId: 793 ETC: 10.33 priority: 0
  taskPos: 294 taskId: 382 ETC: 33.19 priority: 0
  taskPos: 295 taskId: 783 ETC: 15.22 priority: 0
  taskPos: 296 taskId: 71 ETC: 14.22 priority: 0
  taskPos: 297 taskId: 625 ETC: 18.29 priority: 0
  taskPos: 298 taskId: 3 ETC: 20.64 priority: 0
  taskPos: 299 taskId: 763 ETC: 43.65 priority: 0
  taskPos: 300 taskId: 901 ETC: 22 priority: 0
  taskPos: 301 taskId: 984 ETC: 12.75 priority: 0
  taskPos: 302 taskId: 567 ETC: 19.99 priority: 0
  taskPos: 303 taskId: 113 ETC: 18.49 priority: 0
  taskPos: 304 taskId: 129 ETC: 16.44 priority: 0
  taskPos: 305 taskId: 530 ETC: 19.21 priority: 0
  taskPos: 306 taskId: 535 ETC: 18.37 priority: 0
  taskPos: 307 taskId: 979 ETC: 9.83 priority: 0
  taskPos: 308 taskId: 895 ETC: 16.83 priority: 0
  taskPos: 309 taskId: 825 ETC: 17.36 priority: 0
  taskPos: 310 taskId: 641 ETC: 11.41 priority: 0
  taskPos: 311 taskId: 28 ETC: 24.72 priority: 0
  taskPos: 312 taskId: 293 ETC: 14.53 priority: 0
  taskPos: 313 taskId: 927 ETC: 10.24 priority: 0
  taskPos: 314 taskId: 102 ETC: 16.59 priority: 0
  taskPos: 315 taskId: 99 ETC: 15.29 priority: 0
  taskPos: 316 taskId: 157 ETC: 23.91 priority: 0
  taskPos: 317 taskId: 318 ETC: 32.17 priority: 0
  taskPos: 318 taskId: 439 ETC: 21.89 priority: 0
  taskPos: 319 taskId: 987 ETC: 30.66 priority: 0
  taskPos: 320 taskId: 991 ETC: 14.17 priority: 0
  taskPos: 321 taskId: 317 ETC: 32.41 priority: 0
  taskPos: 322 taskId: 728 ETC: 18.79 priority: 0
  taskPos: 323 taskId: 491 ETC: 42.82 priority: 0
  taskPos: 324 taskId: 939 ETC: 14.65 priority: 0
  taskPos: 325 taskId: 717 ETC: 66.09 priority: 0
  taskPos: 326 taskId: 167 ETC: 30.86 priority: 0
  taskPos: 327 taskId: 467 ETC: 25.24 priority: 0
  taskPos: 328 taskId: 688 ETC: 49.79 priority: 0
  taskPos: 329 taskId: 214 ETC: 1.14 priority: 0
  taskPos: 330 taskId: 684 ETC: 18.36 priority: 0
  taskPos: 331 taskId: 428 ETC: 24.65 priority: 0
  taskPos: 332 taskId: 643 ETC: 24.42 priority: 0
  taskPos: 333 taskId: 820 ETC: 14.25 priority: 0
  taskPos: 334 taskId: 841 ETC: 7.38 priority: 0
  taskPos: 335 taskId: 924 ETC: 25.77 priority: 0
> machineId: 1
  taskPos: 0 taskId: 410 ETC: 0.03 priority: 0
  taskPos: 1 taskId: 60 ETC: 0.1 priority: 0
  taskPos: 2 taskId: 923 ETC: 0.64 priority: 0
  taskPos: 3 taskId: 29 ETC: 0.12 priority: 0
  taskPos: 4 taskId: 288 ETC: 0.2 priority: 0
  taskPos: 5 taskId: 32 ETC: 0.72 priority: 0
  taskPos: 6 taskId: 437 ETC: 0.52 priority: 0
  taskPos: 7 taskId: 380 ETC: 1.44 priority: 0
  taskPos: 8 taskId: 243 ETC: 1.03 priority: 0
  taskPos: 9 taskId: 951 ETC: 1.36 priority: 0
  taskPos: 10 taskId: 805 ETC: 0.62 priority: 0
  taskPos: 11 taskId: 387 ETC: 0.4 priority: 0
  taskPos: 12 taskId: 865 ETC: 0.72 priority: 0
  taskPos: 13 taskId: 505 ETC: 1.26 priority: 0
  taskPos: 14 taskId: 440 ETC: 1.73 priority: 0
  taskPos: 15 taskId: 804 ETC: 1.55 priority: 0
  taskPos: 16 taskId: 894 ETC: 0.95 priority: 0
  taskPos: 17 taskId: 365 ETC: 1.49 priority: 0
  taskPos: 18 taskId: 51 ETC: 1.84 priority: 0
  taskPos: 19 taskId: 1001 ETC: 1.92 priority: 0
  taskPos: 20 taskId: 597 ETC: 2.12 priority: 0
  taskPos: 21 taskId: 358 ETC: 1.85 priority: 0
  taskPos: 22 taskId: 189 ETC: 1.6 priority: 0
  taskPos: 23 taskId: 53 ETC: 2.31 priority: 0
  taskPos: 24 taskId: 390 ETC: 2.26 priority: 0
  taskPos: 25 taskId: 459 ETC: 0.64 priority: 0
  taskPos: 26 taskId: 972 ETC: 2.1 priority: 0
  taskPos: 27 taskId: 770 ETC: 3.36 priority: 0
  taskPos: 28 taskId: 261 ETC: 4.28 priority: 0
  taskPos: 29 taskId: 197 ETC: 1.6 priority: 0
  taskPos: 30 taskId: 1012 ETC: 2.18 priority: 0
  taskPos: 31 taskId: 470 ETC: 2.8 priority: 0
  taskPos: 32 taskId: 823 ETC: 3.11 priority: 0
  taskPos: 33 taskId: 121 ETC: 2.87 priority: 0
  taskPos: 34 taskId: 304 ETC: 2.56 priority: 0
  taskPos: 35 taskId: 816 ETC: 3.93 priority: 0
  taskPos: 36 taskId: 701 ETC: 3.21 priority: 0
  taskPos: 37 taskId: 495 ETC: 4.15 priority: 0
  taskPos: 38 taskId: 881 ETC: 4.52 priority: 0
  taskPos: 39 taskId: 652 ETC: 2.25 priority: 0
  taskPos: 40 taskId: 755 ETC: 4.31 priority: 0
  taskPos: 41 taskId: 854 ETC: 3.9 priority: 0
  taskPos: 42 taskId: 544 ETC: 3.2 priority: 0
  taskPos: 43 taskId: 971 ETC: 4.32 priority: 0
  taskPos: 44 taskId: 50 ETC: 4.64 priority: 0
  taskPos: 45 taskId: 702 ETC: 4.44 priority: 0
  taskPos: 46 taskId: 371 ETC: 4.34 priority: 0
  taskPos: 47 taskId: 520 ETC: 5.63 priority: 0
  taskPos: 48 taskId: 247 ETC: 5.3 priority: 0
  taskPos: 49 taskId: 995 ETC: 4.44 priority: 0
  taskPos: 50 taskId: 169 ETC: 5.97 priority: 0
  taskPos: 51 taskId: 858 ETC: 5.6 priority: 0
  taskPos: 52 taskId: 830 ETC: 5.04 priority: 0
  taskPos: 53 taskId: 133 ETC: 7.7 priority: 0
  taskPos: 54 taskId: 393 ETC: 6.05 priority: 0
  taskPos: 55 taskId: 767 ETC: 7.37 priority: 0
  taskPos: 56 taskId: 836 ETC: 5.89 priority: 0
  taskPos: 57 taskId: 7 ETC: 22.62 priority: 0
  taskPos: 58 taskId: 518 ETC: 6.24 priority: 0
  taskPos: 59 taskId: 171 ETC: 6.94 priority: 0
  taskPos: 60 taskId: 609 ETC: 6.39 priority: 0
  taskPos: 61 taskId: 66 ETC: 9.32 priority: 0
  taskPos: 62 taskId: 812 ETC: 5.57 priority: 0
  taskPos: 63 taskId: 909 ETC: 8.99 priority: 0
  taskPos: 64 taskId: 708 ETC: 7.03 priority: 0
  taskPos: 65 taskId: 612 ETC: 11.32 priority: 0
  taskPos: 66 taskId: 762 ETC: 8.39 priority: 0
  taskPos: 67 taskId: 786 ETC: 8.1 priority: 0
  taskPos: 68 taskId: 973 ETC: 9.37 priority: 0
  taskPos: 69 taskId: 178 ETC: 7.7 priority: 0
  taskPos: 70 taskId: 172 ETC: 9.92 priority: 0
  taskPos: 71 taskId: 1014 ETC: 9.04 priority: 0
  taskPos: 72 taskId: 398 ETC: 12.29 priority: 0
  taskPos: 73 taskId: 868 ETC: 11.09 priority: 0
  taskPos: 74 taskId: 381 ETC: 8.01 priority: 0
  taskPos: 75 taskId: 703 ETC: 10.68 priority: 0
  taskPos: 76 taskId: 572 ETC: 12.14 priority: 0
  taskPos: 77 taskId: 1011 ETC: 7.77 priority: 0
  taskPos: 78 taskId: 237 ETC: 9.5 priority: 0
  taskPos: 79 taskId: 993 ETC: 2.66 priority: 0
  taskPos: 80 taskId: 52 ETC: 10.56 priority: 0
  taskPos: 81 taskId: 966 ETC: 6.32 priority: 0
  taskPos: 82 taskId: 374 ETC: 12.33 priority: 0
  taskPos: 83 taskId: 953 ETC: 12.21 priority: 0
  taskPos: 84 taskId: 749 ETC: 12.2 priority: 0
  taskPos: 85 taskId: 187 ETC: 15.89 priority: 0
  taskPos: 86 taskId: 517 ETC: 15.64 priority: 0
  taskPos: 87 taskId: 406 ETC: 14.96 priority: 0
  taskPos: 88 taskId: 803 ETC: 10.78 priority: 0
  taskPos: 89 taskId: 277 ETC: 10.55 priority: 0
  taskPos: 90 taskId: 776 ETC: 15.19 priority: 0
  taskPos: 91 taskId: 81 ETC: 10.01 priority: 0
  taskPos: 92 taskId: 242 ETC: 11.87 priority: 0
  taskPos: 93 taskId: 585 ETC: 13.57 priority: 0
  taskPos: 94 taskId: 442 ETC: 5.93 priority: 0
  taskPos: 95 taskId: 292 ETC: 18.39 priority: 0
  taskPos: 96 taskId: 613 ETC: 16.82 priority: 0
  taskPos: 97 taskId: 401 ETC: 12.75 priority: 0
  taskPos: 98 taskId: 588 ETC: 13.64 priority: 0
  taskPos: 99 taskId: 383 ETC: 19.14 priority: 0
  taskPos: 100 taskId: 556 ETC: 15.88 priority: 0
  taskPos: 101 taskId: 591 ETC: 20.94 priority: 0
  taskPos: 102 taskId: 179 ETC: 17.58 priority: 0
  taskPos: 103 taskId: 363 ETC: 18.79 priority: 0
  taskPos: 104 taskId: 392 ETC: 17.5 priority: 0
  taskPos: 105 taskId: 38 ETC: 21.44 priority: 0
  taskPos: 106 taskId: 659 ETC: 13.92 priority: 0
  taskPos: 107 taskId: 623 ETC: 20.4 priority: 0
  taskPos: 108 taskId: 837 ETC: 17.32 priority: 0
  taskPos: 109 taskId: 479 ETC: 13.92 priority: 0
  taskPos: 110 taskId: 174 ETC: 9.2 priority: 0
  taskPos: 111 taskId: 69 ETC: 24.83 priority: 0
  taskPos: 112 taskId: 704 ETC: 22.33 priority: 0
  taskPos: 113 taskId: 126 ETC: 26.62 priority: 0
  taskPos: 114 taskId: 656 ETC: 17.84 priority: 0
  taskPos: 115 taskId: 423 ETC: 24.25 priority: 0
  taskPos: 116 taskId: 582 ETC: 18.91 priority: 0
  taskPos: 117 taskId: 349 ETC: 30.19 priority: 0
  taskPos: 118 taskId: 162 ETC: 26.69 priority: 0
  taskPos: 119 taskId: 730 ETC: 33.58 priority: 0
  taskPos: 120 taskId: 104 ETC: 23.39 priority: 0
  taskPos: 121 taskId: 602 ETC: 30.68 priority: 0
  taskPos: 122 taskId: 466 ETC: 31.7 priority: 0
  taskPos: 123 taskId: 611 ETC: 28.8 priority: 0
  taskPos: 124 taskId: 347 ETC: 12.97 priority: 0
  taskPos: 125 taskId: 988 ETC: 33.67 priority: 0
  taskPos: 126 taskId: 753 ETC: 24.1 priority: 0
  taskPos: 127 taskId: 273 ETC: 28.14 priority: 0
  taskPos: 128 taskId: 968 ETC: 30.13 priority: 0
  taskPos: 129 taskId: 31 ETC: 34.97 priority: 0
  taskPos: 130 taskId: 978 ETC: 39.26 priority: 0
  taskPos: 131 taskId: 621 ETC: 43.64 priority: 0
  taskPos: 132 taskId: 402 ETC: 34.92 priority: 0
  taskPos: 133 taskId: 721 ETC: 50.29 priority: 0
  taskPos: 134 taskId: 756 ETC: 56.87 priority: 0
  taskPos: 135 taskId: 1009 ETC: 32.49 priority: 0
  taskPos: 136 taskId: 211 ETC: 79.93 priority: 0
  taskPos: 137 taskId: 547 ETC: 99.47 priority: 0
  taskPos: 138 taskId: 196 ETC: 35.21 priority: 0
  taskPos: 139 taskId: 546 ETC: 35.7 priority: 0
  taskPos: 140 taskId: 236 ETC: 59.96 priority: 0
  taskPos: 141 taskId: 775 ETC: 46.13 priority: 0
  taskPos: 142 taskId: 472 ETC: 41.22 priority: 0
  taskPos: 143 taskId: 928 ETC: 50.7 priority: 0
> machineId: 2
  taskPos: 0 taskId: 134 ETC: 9.08 priority: 0
  taskPos: 1 taskId: 697 ETC: 2.57 priority: 0
  taskPos: 2 taskId: 796 ETC: 0.83 priority: 0
  taskPos: 3 taskId: 327 ETC: 0.52 priority: 0
  taskPos: 4 taskId: 489 ETC: 2.98 priority: 0
  taskPos: 5 taskId: 403 ETC: 1.79 priority: 0
  taskPos: 6 taskId: 147 ETC: 1.4 priority: 0
  taskPos: 7 taskId: 316 ETC: 1.56 priority: 0
  taskPos: 8 taskId: 902 ETC: 4.03 priority: 0
  taskPos: 9 taskId: 668 ETC: 8.05 priority: 0
  taskPos: 10 taskId: 990 ETC: 2.66 priority: 0
  taskPos: 11 taskId: 545 ETC: 5.16 priority: 0
  taskPos: 12 taskId: 226 ETC: 6.34 priority: 0
  taskPos: 13 taskId: 568 ETC: 2.3 priority: 0
  taskPos: 14 taskId: 525 ETC: 2.96 priority: 0
  taskPos: 15 taskId: 227 ETC: 9.3 priority: 0
  taskPos: 16 taskId: 515 ETC: 4.91 priority: 0
  taskPos: 17 taskId: 376 ETC: 9.05 priority: 0
  taskPos: 18 taskId: 271 ETC: 4.08 priority: 0
  taskPos: 19 taskId: 590 ETC: 10.53 priority: 0
  taskPos: 20 taskId: 691 ETC: 12.57 priority: 0
  taskPos: 21 taskId: 359 ETC: 6.56 priority: 0
  taskPos: 22 taskId: 824 ETC: 5.52 priority: 0
  taskPos: 23 taskId: 280 ETC: 9.04 priority: 0
  taskPos: 24 taskId: 312 ETC: 9.39 priority: 0
  taskPos: 25 taskId: 788 ETC: 12.76 priority: 0
  taskPos: 26 taskId: 746 ETC: 7.08 priority: 0
  taskPos: 27 taskId: 653 ETC: 18.56 priority: 0
  taskPos: 28 taskId: 727 ETC: 6.58 priority: 0
  taskPos: 29 taskId: 715 ETC: 14.83 priority: 0
  taskPos: 30 taskId: 255 ETC: 15.38 priority: 0
  taskPos: 31 taskId: 432 ETC: 20.96 priority: 0
  taskPos: 32 taskId: 811 ETC: 3.59 priority: 0
  taskPos: 33 taskId: 919 ETC: 7.6 priority: 0
  taskPos: 34 taskId: 180 ETC: 27.75 priority: 0
  taskPos: 35 taskId: 311 ETC: 11.24 priority: 0
  taskPos: 36 taskId: 241 ETC: 16.31 priority: 0
  taskPos: 37 taskId: 138 ETC: 25.12 priority: 0
  taskPos: 38 taskId: 560 ETC: 15.95 priority: 0
  taskPos: 39 taskId: 575 ETC: 24.07 priority: 0
  taskPos: 40 taskId: 418 ETC: 17.13 priority: 0
  taskPos: 41 taskId: 346 ETC: 17.15 priority: 0
  taskPos: 42 taskId: 649 ETC: 16.98 priority: 0
  taskPos: 43 taskId: 815 ETC: 13.17 priority: 0
  taskPos: 44 taskId: 493 ETC: 25.42 priority: 0
  taskPos: 45 taskId: 233 ETC: 35.7 priority: 0
  taskPos: 46 taskId: 593 ETC: 29.26 priority: 0
  taskPos: 47 taskId: 589 ETC: 16.33 priority: 0
  taskPos: 48 taskId: 152 ETC: 26.72 priority: 0
  taskPos: 49 taskId: 672 ETC: 32.89 priority: 0
  taskPos: 50 taskId: 34 ETC: 15.47 priority: 0
  taskPos: 51 taskId: 427 ETC: 43.83 priority: 0
  taskPos: 52 taskId: 128 ETC: 39.32 priority: 0
  taskPos: 53 taskId: 324 ETC: 33.21 priority: 0
  taskPos: 54 taskId: 905 ETC: 22.81 priority: 0
  taskPos: 55 taskId: 351 ETC: 48.42 priority: 0
  taskPos: 56 taskId: 1010 ETC: 52.96 priority: 0
  taskPos: 57 taskId: 970 ETC: 22.45 priority: 0
  taskPos: 58 taskId: 634 ETC: 28.17 priority: 0
  taskPos: 59 taskId: 848 ETC: 51.31 priority: 0
  taskPos: 60 taskId: 522 ETC: 112.18 priority: 0
  taskPos: 61 taskId: 768 ETC: 24.82 priority: 0
  taskPos: 62 taskId: 784 ETC: 15.51 priority: 0
  taskPos: 63 taskId: 579 ETC: 22.5 priority: 0
  taskPos: 64 taskId: 510 ETC: 55.16 priority: 0
  taskPos: 65 taskId: 687 ETC: 34.21 priority: 0
  taskPos: 66 taskId: 443 ETC: 35.34 priority: 0
  taskPos: 67 taskId: 673 ETC: 70.31 priority: 0
  taskPos: 68 taskId: 143 ETC: 68.12 priority: 0
  taskPos: 69 taskId: 627 ETC: 34.36 priority: 0
  taskPos: 70 taskId: 863 ETC: 39.11 priority: 0
  taskPos: 71 taskId: 276 ETC: 27.64 priority: 0
  taskPos: 72 taskId: 959 ETC: 63.72 priority: 0
  taskPos: 73 taskId: 748 ETC: 28.47 priority: 0
  taskPos: 74 taskId: 693 ETC: 50.73 priority: 0
  taskPos: 75 taskId: 6 ETC: 77.78 priority: 0
  taskPos: 76 taskId: 847 ETC: 59.66 priority: 0
  taskPos: 77 taskId: 1016 ETC: 196.1 priority: 0
  taskPos: 78 taskId: 989 ETC: 59.89 priority: 0
> machineId: 3
  taskPos: 0 taskId: 526 ETC: 0.67 priority: 0
  taskPos: 1 taskId: 751 ETC: 0.89 priority: 0
  taskPos: 2 taskId: 379 ETC: 1.56 priority: 0
  taskPos: 3 taskId: 483 ETC: 4.12 priority: 0
  taskPos: 4 taskId: 155 ETC: 3.59 priority: 0
  taskPos: 5 taskId: 666 ETC: 5.3 priority: 0
  taskPos: 6 taskId: 766 ETC: 4.25 priority: 0
  taskPos: 7 taskId: 536 ETC: 2.94 priority: 0
  taskPos: 8 taskId: 344 ETC: 7.05 priority: 0
  taskPos: 9 taskId: 665 ETC: 6.44 priority: 0
  taskPos: 10 taskId: 154 ETC: 6.55 priority: 0
  taskPos: 11 taskId: 450 ETC: 14.5 priority: 0
  taskPos: 12 taskId: 726 ETC: 8.36 priority: 0
  taskPos: 13 taskId: 412 ETC: 30.33 priority: 0
  taskPos: 14 taskId: 565 ETC: 14.86 priority: 0
  taskPos: 15 taskId: 986 ETC: 10.28 priority: 0
  taskPos: 16 taskId: 354 ETC: 13.97 priority: 0
  taskPos: 17 taskId: 67 ETC: 74.88 priority: 0
  taskPos: 18 taskId: 77 ETC: 1.64 priority: 0
  taskPos: 19 taskId: 654 ETC: 15.89 priority: 0
  taskPos: 20 taskId: 238 ETC: 17.37 priority: 0
  taskPos: 21 taskId: 1006 ETC: 11.71 priority: 0
  taskPos: 22 taskId: 30 ETC: 16.31 priority: 0
  taskPos: 23 taskId: 899 ETC: 27.23 priority: 0
  taskPos: 24 taskId: 896 ETC: 32.02 priority: 0
  taskPos: 25 taskId: 710 ETC: 15.4 priority: 0
  taskPos: 26 taskId: 444 ETC: 18.19 priority: 0
  taskPos: 27 taskId: 465 ETC: 16.25 priority: 0
  taskPos: 28 taskId: 48 ETC: 23.85 priority: 0
  taskPos: 29 taskId: 389 ETC: 30.46 priority: 0
  taskPos: 30 taskId: 885 ETC: 22.96 priority: 0
  taskPos: 31 taskId: 474 ETC: 29.09 priority: 0
  taskPos: 32 taskId: 975 ETC: 47.23 priority: 0
  taskPos: 33 taskId: 254 ETC: 34.06 priority: 0
  taskPos: 34 taskId: 151 ETC: 28.44 priority: 0
  taskPos: 35 taskId: 266 ETC: 30.59 priority: 0
  taskPos: 36 taskId: 468 ETC: 53.78 priority: 0
  taskPos: 37 taskId: 57 ETC: 30.83 priority: 0
  taskPos: 38 taskId: 460 ETC: 25.03 priority: 0
  taskPos: 39 taskId: 957 ETC: 39.2 priority: 0
  taskPos: 40 taskId: 415 ETC: 36.93 priority: 0
  taskPos: 41 taskId: 433 ETC: 56.32 priority: 0
  taskPos: 42 taskId: 55 ETC: 33.05 priority: 0
  taskPos: 43 taskId: 679 ETC: 47.39 priority: 0
  taskPos: 44 taskId: 551 ETC: 50.41 priority: 0
  taskPos: 45 taskId: 745 ETC: 46.47 priority: 0
  taskPos: 46 taskId: 739 ETC: 62.82 priority: 0
  taskPos: 47 taskId: 413 ETC: 48.45 priority: 0
  taskPos: 48 taskId: 253 ETC: 21.85 priority: 0
  taskPos: 49 taskId: 940 ETC: 73.45 priority: 0
  taskPos: 50 taskId: 323 ETC: 74.86 priority: 0
  taskPos: 51 taskId: 645 ETC: 52.32 priority: 0
  taskPos: 52 taskId: 23 ETC: 143.03 priority: 0
  taskPos: 53 taskId: 677 ETC: 54.23 priority: 0
  taskPos: 54 taskId: 328 ETC: 118.39 priority: 0
  taskPos: 55 taskId: 917 ETC: 4.97 priority: 0
  taskPos: 56 taskId: 59 ETC: 41.46 priority: 0
  taskPos: 57 taskId: 150 ETC: 75.39 priority: 0
  taskPos: 58 taskId: 391 ETC: 70.08 priority: 0
  taskPos: 59 taskId: 741 ETC: 83.91 priority: 0
  taskPos: 60 taskId: 918 ETC: 49.96 priority: 0
> machineId: 4
  taskPos: 0 taskId: 942 ETC: 1.59 priority: 0
  taskPos: 1 taskId: 838 ETC: 1 priority: 0
  taskPos: 2 taskId: 200 ETC: 2.72 priority: 0
  taskPos: 3 taskId: 446 ETC: 3.69 priority: 0
  taskPos: 4 taskId: 289 ETC: 5.04 priority: 0
  taskPos: 5 taskId: 809 ETC: 5.95 priority: 0
  taskPos: 6 taskId: 204 ETC: 3.42 priority: 0
  taskPos: 7 taskId: 662 ETC: 10.81 priority: 0
  taskPos: 8 taskId: 926 ETC: 18.09 priority: 0
  taskPos: 9 taskId: 184 ETC: 7.33 priority: 0
  taskPos: 10 taskId: 139 ETC: 10.35 priority: 0
  taskPos: 11 taskId: 86 ETC: 21.94 priority: 0
  taskPos: 12 taskId: 362 ETC: 15.51 priority: 0
  taskPos: 13 taskId: 456 ETC: 18.96 priority: 0
  taskPos: 14 taskId: 492 ETC: 29.53 priority: 0
  taskPos: 15 taskId: 90 ETC: 22.61 priority: 0
  taskPos: 16 taskId: 889 ETC: 31.44 priority: 0
  taskPos: 17 taskId: 840 ETC: 27.29 priority: 0
  taskPos: 18 taskId: 378 ETC: 9.29 priority: 0
  taskPos: 19 taskId: 664 ETC: 32.68 priority: 0
  taskPos: 20 taskId: 595 ETC: 42.87 priority: 0
  taskPos: 21 taskId: 417 ETC: 34.2 priority: 0
  taskPos: 22 taskId: 1013 ETC: 16.71 priority: 0
  taskPos: 23 taskId: 947 ETC: 41.48 priority: 0
  taskPos: 24 taskId: 891 ETC: 18.3 priority: 0
  taskPos: 25 taskId: 420 ETC: 24.03 priority: 0
  taskPos: 26 taskId: 395 ETC: 38.11 priority: 0
  taskPos: 27 taskId: 303 ETC: 37.56 priority: 0
  taskPos: 28 taskId: 996 ETC: 50.58 priority: 0
  taskPos: 29 taskId: 576 ETC: 31.72 priority: 0
  taskPos: 30 taskId: 296 ETC: 57.88 priority: 0
  taskPos: 31 taskId: 75 ETC: 46.53 priority: 0
  taskPos: 32 taskId: 913 ETC: 58.54 priority: 0
  taskPos: 33 taskId: 829 ETC: 55.44 priority: 0
  taskPos: 34 taskId: 267 ETC: 56.65 priority: 0
  taskPos: 35 taskId: 773 ETC: 114 priority: 0
  taskPos: 36 taskId: 723 ETC: 39.44 priority: 0
  taskPos: 37 taskId: 596 ETC: 34.26 priority: 0
  taskPos: 38 taskId: 54 ETC: 94.51 priority: 0
  taskPos: 39 taskId: 373 ETC: 66.26 priority: 0
  taskPos: 40 taskId: 862 ETC: 86.19 priority: 0
  taskPos: 41 taskId: 844 ETC: 93.82 priority: 0
  taskPos: 42 taskId: 778 ETC: 62.97 priority: 0
  taskPos: 43 taskId: 566 ETC: 71.77 priority: 0
  taskPos: 44 taskId: 521 ETC: 99.05 priority: 0
  taskPos: 45 taskId: 833 ETC: 70.38 priority: 0
  taskPos: 46 taskId: 689 ETC: 169.45 priority: 0
  taskPos: 47 taskId: 372 ETC: 60.45 priority: 0
  taskPos: 48 taskId: 454 ETC: 69.5 priority: 0
> machineId: 5
  taskPos: 0 taskId: 210 ETC: 16.04 priority: 0
  taskPos: 1 taskId: 792 ETC: 17.58 priority: 0
  taskPos: 2 taskId: 19 ETC: 1.16 priority: 0
  taskPos: 3 taskId: 215 ETC: 8.02 priority: 0
  taskPos: 4 taskId: 532 ETC: 4.76 priority: 0
  taskPos: 5 taskId: 698 ETC: 19.15 priority: 0
  taskPos: 6 taskId: 259 ETC: 5.52 priority: 0
  taskPos: 7 taskId: 329 ETC: 12.75 priority: 0
  taskPos: 8 taskId: 119 ETC: 3.18 priority: 0
  taskPos: 9 taskId: 430 ETC: 16.9 priority: 0
  taskPos: 10 taskId: 458 ETC: 20.69 priority: 0
  taskPos: 11 taskId: 244 ETC: 10.32 priority: 0
  taskPos: 12 taskId: 320 ETC: 11.33 priority: 0
  taskPos: 13 taskId: 191 ETC: 38.07 priority: 0
  taskPos: 14 taskId: 519 ETC: 12.69 priority: 0
  taskPos: 15 taskId: 464 ETC: 42.9 priority: 0
  taskPos: 16 taskId: 534 ETC: 48.55 priority: 0
  taskPos: 17 taskId: 977 ETC: 55.62 priority: 0
  taskPos: 18 taskId: 339 ETC: 25 priority: 0
  taskPos: 19 taskId: 319 ETC: 26.79 priority: 0
  taskPos: 20 taskId: 270 ETC: 63.21 priority: 0
  taskPos: 21 taskId: 250 ETC: 29.37 priority: 0
  taskPos: 22 taskId: 230 ETC: 38.57 priority: 0
  taskPos: 23 taskId: 831 ETC: 119.99 priority: 0
  taskPos: 24 taskId: 630 ETC: 105.98 priority: 0
  taskPos: 25 taskId: 655 ETC: 44.26 priority: 0
  taskPos: 26 taskId: 61 ETC: 44.41 priority: 0
  taskPos: 27 taskId: 557 ETC: 86.56 priority: 0
  taskPos: 28 taskId: 220 ETC: 60.74 priority: 0
  taskPos: 29 taskId: 394 ETC: 66.05 priority: 0
  taskPos: 30 taskId: 164 ETC: 92.53 priority: 0
  taskPos: 31 taskId: 108 ETC: 55.49 priority: 0
  taskPos: 32 taskId: 618 ETC: 49.87 priority: 0
  taskPos: 33 taskId: 619 ETC: 96.77 priority: 0
  taskPos: 34 taskId: 722 ETC: 96.22 priority: 0
  taskPos: 35 taskId: 929 ETC: 75.03 priority: 0
  taskPos: 36 taskId: 228 ETC: 210.02 priority: 0
  taskPos: 37 taskId: 438 ETC: 126.82 priority: 0
  taskPos: 38 taskId: 503 ETC: 155.85 priority: 0
> machineId: 6
  taskPos: 0 taskId: 682 ETC: 5.7 priority: 0
  taskPos: 1 taskId: 225 ETC: 2.46 priority: 0
  taskPos: 2 taskId: 0 ETC: 20.69 priority: 0
  taskPos: 3 taskId: 310 ETC: 6.97 priority: 0
  taskPos: 4 taskId: 734 ETC: 30.53 priority: 0
  taskPos: 5 taskId: 636 ETC: 12.62 priority: 0
  taskPos: 6 taskId: 471 ETC: 33.44 priority: 0
  taskPos: 7 taskId: 897 ETC: 10.58 priority: 0
  taskPos: 8 taskId: 231 ETC: 16.65 priority: 0
  taskPos: 9 taskId: 496 ETC: 34.2 priority: 0
  taskPos: 10 taskId: 606 ETC: 74.08 priority: 0
  taskPos: 11 taskId: 248 ETC: 69.59 priority: 0
  taskPos: 12 taskId: 657 ETC: 48.48 priority: 0
  taskPos: 13 taskId: 84 ETC: 24.46 priority: 0
  taskPos: 14 taskId: 24 ETC: 23.25 priority: 0
  taskPos: 15 taskId: 175 ETC: 46.02 priority: 0
  taskPos: 16 taskId: 11 ETC: 47.5 priority: 0
  taskPos: 17 taskId: 49 ETC: 257.86 priority: 0
  taskPos: 18 taskId: 455 ETC: 41.54 priority: 0
  taskPos: 19 taskId: 388 ETC: 61.17 priority: 0
  taskPos: 20 taskId: 586 ETC: 91.81 priority: 0
  taskPos: 21 taskId: 874 ETC: 61.97 priority: 0
  taskPos: 22 taskId: 681 ETC: 64.24 priority: 0
  taskPos: 23 taskId: 842 ETC: 147.07 priority: 0
  taskPos: 24 taskId: 994 ETC: 115.89 priority: 0
  taskPos: 25 taskId: 85 ETC: 124.13 priority: 0
  taskPos: 26 taskId: 859 ETC: 80.42 priority: 0
  taskPos: 27 taskId: 5 ETC: 85.4 priority: 0
  taskPos: 28 taskId: 912 ETC: 100.49 priority: 0
  taskPos: 29 taskId: 239 ETC: 81.53 priority: 0
  taskPos: 30 taskId: 447 ETC: 196.71 priority: 0
> machineId: 7
  taskPos: 0 taskId: 18 ETC: 3.27 priority: 0
  taskPos: 1 taskId: 224 ETC: 13.28 priority: 0
  taskPos: 2 taskId: 203 ETC: 44.33 priority: 0
  taskPos: 3 taskId: 731 ETC: 26.28 priority: 0
  taskPos: 4 taskId: 922 ETC: 81.32 priority: 0
  taskPos: 5 taskId: 114 ETC: 50.41 priority: 0
  taskPos: 6 taskId: 695 ETC: 81.07 priority: 0
  taskPos: 7 taskId: 232 ETC: 65.99 priority: 0
  taskPos: 8 taskId: 853 ETC: 59.41 priority: 0
  taskPos: 9 taskId: 8 ETC: 34.69 priority: 0
  taskPos: 10 taskId: 598 ETC: 19.91 priority: 0
  taskPos: 11 taskId: 933 ETC: 38.54 priority: 0
  taskPos: 12 taskId: 506 ETC: 31.75 priority: 0
  taskPos: 13 taskId: 716 ETC: 91.33 priority: 0
  taskPos: 14 taskId: 965 ETC: 88.1 priority: 0
  taskPos: 15 taskId: 711 ETC: 36.92 priority: 0
  taskPos: 16 taskId: 368 ETC: 71.12 priority: 0
  taskPos: 17 taskId: 350 ETC: 153.52 priority: 0
  taskPos: 18 taskId: 488 ETC: 36.23 priority: 0
  taskPos: 19 taskId: 886 ETC: 120.54 priority: 0
  taskPos: 20 taskId: 628 ETC: 88.97 priority: 0
  taskPos: 21 taskId: 797 ETC: 317.87 priority: 0
  taskPos: 22 taskId: 115 ETC: 98.17 priority: 0
  taskPos: 23 taskId: 910 ETC: 211.09 priority: 0
  taskPos: 24 taskId: 97 ETC: 157.4 priority: 0
> machineId: 8
  taskPos: 0 taskId: 714 ETC: 92.27 priority: 0
  taskPos: 1 taskId: 95 ETC: 20.1 priority: 0
  taskPos: 2 taskId: 246 ETC: 5.26 priority: 0
  taskPos: 3 taskId: 898 ETC: 0.44 priority: 0
  taskPos: 4 taskId: 855 ETC: 15.35 priority: 0
  taskPos: 5 taskId: 106 ETC: 71.92 priority: 0
  taskPos: 6 taskId: 186 ETC: 47.62 priority: 0
  taskPos: 7 taskId: 158 ETC: 231.89 priority: 0
  taskPos: 8 taskId: 343 ETC: 35.42 priority: 0
  taskPos: 9 taskId: 920 ETC: 30.52 priority: 0
  taskPos: 10 taskId: 130 ETC: 59.21 priority: 0
  taskPos: 11 taskId: 980 ETC: 42.31 priority: 0
  taskPos: 12 taskId: 68 ETC: 126.55 priority: 0
  taskPos: 13 taskId: 539 ETC: 78.75 priority: 0
  taskPos: 14 taskId: 888 ETC: 122.09 priority: 0
  taskPos: 15 taskId: 915 ETC: 73.4 priority: 0
  taskPos: 16 taskId: 453 ETC: 71.87 priority: 0
  taskPos: 17 taskId: 209 ETC: 196.53 priority: 0
  taskPos: 18 taskId: 843 ETC: 108.4 priority: 0
  taskPos: 19 taskId: 195 ETC: 106.09 priority: 0
  taskPos: 20 taskId: 780 ETC: 50.35 priority: 0
  taskPos: 21 taskId: 286 ETC: 102.92 priority: 0
  taskPos: 22 taskId: 941 ETC: 169.04 priority: 0
  taskPos: 23 taskId: 706 ETC: 158.89 priority: 0
> machineId: 9
  taskPos: 0 taskId: 103 ETC: 28.91 priority: 0
  taskPos: 1 taskId: 832 ETC: 4.01 priority: 0
  taskPos: 2 taskId: 943 ETC: 12.89 priority: 0
  taskPos: 3 taskId: 369 ETC: 71.25 priority: 0
  taskPos: 4 taskId: 852 ETC: 15.76 priority: 0
  taskPos: 5 taskId: 260 ETC: 25.93 priority: 0
  taskPos: 6 taskId: 931 ETC: 86.15 priority: 0
  taskPos: 7 taskId: 603 ETC: 42.71 priority: 0
  taskPos: 8 taskId: 141 ETC: 96.33 priority: 0
  taskPos: 9 taskId: 608 ETC: 37.48 priority: 0
  taskPos: 10 taskId: 819 ETC: 133.19 priority: 0
  taskPos: 11 taskId: 78 ETC: 135.32 priority: 0
  taskPos: 12 taskId: 1000 ETC: 48.35 priority: 0
  taskPos: 13 taskId: 216 ETC: 188.33 priority: 0
  taskPos: 14 taskId: 449 ETC: 63.61 priority: 0
  taskPos: 15 taskId: 599 ETC: 54.13 priority: 0
  taskPos: 16 taskId: 357 ETC: 109.47 priority: 0
  taskPos: 17 taskId: 295 ETC: 112.11 priority: 0
  taskPos: 18 taskId: 72 ETC: 151.84 priority: 0
  taskPos: 19 taskId: 213 ETC: 186.86 priority: 0
  taskPos: 20 taskId: 386 ETC: 122.86 priority: 0
  taskPos: 21 taskId: 486 ETC: 235.08 priority: 0
> machineId: 10
  taskPos: 0 taskId: 750 ETC: 15.19 priority: 0
  taskPos: 1 taskId: 725 ETC: 100.12 priority: 0
  taskPos: 2 taskId: 298 ETC: 45.14 priority: 0
  taskPos: 3 taskId: 960 ETC: 3.35 priority: 0
  taskPos: 4 taskId: 355 ETC: 0.2 priority: 0
  taskPos: 5 taskId: 561 ETC: 23.68 priority: 0
  taskPos: 6 taskId: 190 ETC: 34.65 priority: 0
  taskPos: 7 taskId: 930 ETC: 133.08 priority: 0
  taskPos: 8 taskId: 111 ETC: 111.3 priority: 0
  taskPos: 9 taskId: 799 ETC: 67.1 priority: 0
  taskPos: 10 taskId: 504 ETC: 94.21 priority: 0
  taskPos: 11 taskId: 497 ETC: 80.42 priority: 0
  taskPos: 12 taskId: 112 ETC: 264.37 priority: 0
  taskPos: 13 taskId: 110 ETC: 161.33 priority: 0
  taskPos: 14 taskId: 377 ETC: 48.82 priority: 0
  taskPos: 15 taskId: 554 ETC: 111.96 priority: 0
  taskPos: 16 taskId: 282 ETC: 165.93 priority: 0
  taskPos: 17 taskId: 660 ETC: 146.92 priority: 0
  taskPos: 18 taskId: 808 ETC: 213.58 priority: 0
  taskPos: 19 taskId: 818 ETC: 202.98 priority: 0
> machineId: 11
  taskPos: 0 taskId: 262 ETC: 67.24 priority: 0
  taskPos: 1 taskId: 985 ETC: 43.54 priority: 0
  taskPos: 2 taskId: 306 ETC: 202.26 priority: 0
  taskPos: 3 taskId: 523 ETC: 30.65 priority: 0
  taskPos: 4 taskId: 56 ETC: 10.5 priority: 0
  taskPos: 5 taskId: 397 ETC: 95.93 priority: 0
  taskPos: 6 taskId: 876 ETC: 0.99 priority: 0
  taskPos: 7 taskId: 1015 ETC: 101.31 priority: 0
  taskPos: 8 taskId: 411 ETC: 177.28 priority: 0
  taskPos: 9 taskId: 647 ETC: 15.32 priority: 0
  taskPos: 10 taskId: 416 ETC: 146.1 priority: 0
  taskPos: 11 taskId: 570 ETC: 82.4 priority: 0
  taskPos: 12 taskId: 322 ETC: 280.02 priority: 0
  taskPos: 13 taskId: 101 ETC: 18.9 priority: 0
  taskPos: 14 taskId: 58 ETC: 161.64 priority: 0
  taskPos: 15 taskId: 399 ETC: 119.59 priority: 0
  taskPos: 16 taskId: 605 ETC: 232.85 priority: 0
  taskPos: 17 taskId: 425 ETC: 179.55 priority: 0
> machineId: 12
  taskPos: 0 taskId: 165 ETC: 102.54 priority: 0
  taskPos: 1 taskId: 475 ETC: 88.47 priority: 0
  taskPos: 2 taskId: 335 ETC: 47.37 priority: 0
  taskPos: 3 taskId: 199 ETC: 11.27 priority: 0
  taskPos: 4 taskId: 729 ETC: 67.66 priority: 0
  taskPos: 5 taskId: 771 ETC: 143.26 priority: 0
  taskPos: 6 taskId: 82 ETC: 111.67 priority: 0
  taskPos: 7 taskId: 747 ETC: 122.01 priority: 0
  taskPos: 8 taskId: 713 ETC: 15.83 priority: 0
  taskPos: 9 taskId: 802 ETC: 168.77 priority: 0
  taskPos: 10 taskId: 87 ETC: 181.12 priority: 0
  taskPos: 11 taskId: 326 ETC: 37.28 priority: 0
  taskPos: 12 taskId: 89 ETC: 219.58 priority: 0
  taskPos: 13 taskId: 205 ETC: 85.13 priority: 0
  taskPos: 14 taskId: 555 ETC: 259.97 priority: 0
  taskPos: 15 taskId: 540 ETC: 341.06 priority: 0
> machineId: 13
  taskPos: 0 taskId: 16 ETC: 130.66 priority: 0
  taskPos: 1 taskId: 737 ETC: 24.86 priority: 0
  taskPos: 2 taskId: 340 ETC: 73.25 priority: 0
  taskPos: 3 taskId: 268 ETC: 93.04 priority: 0
  taskPos: 4 taskId: 578 ETC: 43.32 priority: 0
  taskPos: 5 taskId: 569 ETC: 62.73 priority: 0
  taskPos: 6 taskId: 694 ETC: 194.38 priority: 0
  taskPos: 7 taskId: 733 ETC: 401.5 priority: 0
  taskPos: 8 taskId: 405 ETC: 302.12 priority: 0
  taskPos: 9 taskId: 307 ETC: 112.19 priority: 0
  taskPos: 10 taskId: 998 ETC: 161.54 priority: 0
  taskPos: 11 taskId: 168 ETC: 245.38 priority: 0
  taskPos: 12 taskId: 893 ETC: 181.32 priority: 0
> machineId: 14
  taskPos: 0 taskId: 118 ETC: 95.83 priority: 0
  taskPos: 1 taskId: 906 ETC: 20.07 priority: 0
  taskPos: 2 taskId: 352 ETC: 370.29 priority: 0
  taskPos: 3 taskId: 724 ETC: 66.33 priority: 0
  taskPos: 4 taskId: 473 ETC: 284.39 priority: 0
  taskPos: 5 taskId: 760 ETC: 12.81 priority: 0
  taskPos: 6 taskId: 601 ETC: 345.31 priority: 0
  taskPos: 7 taskId: 264 ETC: 143.59 priority: 0
  taskPos: 8 taskId: 637 ETC: 113.68 priority: 0
  taskPos: 9 taskId: 875 ETC: 182.34 priority: 0
  taskPos: 10 taskId: 954 ETC: 231.65 priority: 0
  taskPos: 11 taskId: 646 ETC: 156.36 priority: 0
> machineId: 15
  taskPos: 0 taskId: 934 ETC: 40.4 priority: 0
  taskPos: 1 taskId: 642 ETC: 62 priority: 0
  taskPos: 2 taskId: 670 ETC: 141.16 priority: 0
  taskPos: 3 taskId: 563 ETC: 90.7 priority: 0
  taskPos: 4 taskId: 441 ETC: 352.17 priority: 0
  taskPos: 5 taskId: 21 ETC: 170.18 priority: 0
  taskPos: 6 taskId: 580 ETC: 197.18 priority: 0
  taskPos: 7 taskId: 116 ETC: 7.18 priority: 0
  taskPos: 8 taskId: 426 ETC: 110.43 priority: 0
  taskPos: 9 taskId: 333 ETC: 233.62 priority: 0
  taskPos: 10 taskId: 9 ETC: 161 priority: 0
  taskPos: 11 taskId: 873 ETC: 268.02 priority: 0
> machineId: 16
  taskPos: 0 taskId: 46 ETC: 19.05 priority: 0
  taskPos: 1 taskId: 882 ETC: 52.33 priority: 0
  taskPos: 2 taskId: 490 ETC: 88.76 priority: 0
  taskPos: 3 taskId: 952 ETC: 126.52 priority: 0
  taskPos: 4 taskId: 159 ETC: 256.93 priority: 0
  taskPos: 5 taskId: 772 ETC: 79.07 priority: 0
  taskPos: 6 taskId: 631 ETC: 160.87 priority: 0
  taskPos: 7 taskId: 925 ETC: 325.52 priority: 0
  taskPos: 8 taskId: 866 ETC: 236.43 priority: 0
  taskPos: 9 taskId: 757 ETC: 204.66 priority: 0
  taskPos: 10 taskId: 234 ETC: 433.74 priority: 0
> machineId: 17
  taskPos: 0 taskId: 696 ETC: 177.53 priority: 0
  taskPos: 1 taskId: 137 ETC: 174.04 priority: 0
  taskPos: 2 taskId: 779 ETC: 154.87 priority: 0
  taskPos: 3 taskId: 218 ETC: 80.1 priority: 0
  taskPos: 4 taskId: 212 ETC: 60.2 priority: 0
  taskPos: 5 taskId: 872 ETC: 316.97 priority: 0
  taskPos: 6 taskId: 686 ETC: 228.09 priority: 0
  taskPos: 7 taskId: 974 ETC: 415.03 priority: 0
  taskPos: 8 taskId: 867 ETC: 124.77 priority: 0
  taskPos: 9 taskId: 765 ETC: 273.37 priority: 0
> machineId: 18
  taskPos: 0 taskId: 531 ETC: 241.55 priority: 0
  taskPos: 1 taskId: 1023 ETC: 204.71 priority: 0
  taskPos: 2 taskId: 1 ETC: 354.98 priority: 0
  taskPos: 3 taskId: 20 ETC: 24.4 priority: 0
  taskPos: 4 taskId: 142 ETC: 92.07 priority: 0
  taskPos: 5 taskId: 337 ETC: 308.57 priority: 0
  taskPos: 6 taskId: 462 ETC: 196.44 priority: 0
  taskPos: 7 taskId: 222 ETC: 396.65 priority: 0
  taskPos: 8 taskId: 801 ETC: 64.7 priority: 0
  taskPos: 9 taskId: 883 ETC: 143.43 priority: 0
  taskPos: 10 taskId: 982 ETC: 3.22 priority: 0
> machineId: 19
  taskPos: 0 taskId: 240 ETC: 72.57 priority: 0
  taskPos: 1 taskId: 256 ETC: 26.72 priority: 0
  taskPos: 2 taskId: 313 ETC: 502.62 priority: 0
  taskPos: 3 taskId: 370 ETC: 154.45 priority: 0
  taskPos: 4 taskId: 581 ETC: 68.33 priority: 0
  taskPos: 5 taskId: 37 ETC: 304.27 priority: 0
  taskPos: 6 taskId: 257 ETC: 191.09 priority: 0
  taskPos: 7 taskId: 120 ETC: 366.45 priority: 0
  taskPos: 8 taskId: 948 ETC: 242.37 priority: 0
> machineId: 20
  taskPos: 0 taskId: 65 ETC: 449.9 priority: 0
  taskPos: 1 taskId: 524 ETC: 44.85 priority: 0
  taskPos: 2 taskId: 742 ETC: 170.53 priority: 0
  taskPos: 3 taskId: 15 ETC: 208.54 priority: 0
  taskPos: 4 taskId: 448 ETC: 286.11 priority: 0
  taskPos: 5 taskId: 638 ETC: 354.36 priority: 0
  taskPos: 6 taskId: 109 ETC: 83.4 priority: 0
  taskPos: 7 taskId: 183 ETC: 432.67 priority: 0
> machineId: 21
  taskPos: 0 taskId: 269 ETC: 42.59 priority: 0
  taskPos: 1 taskId: 366 ETC: 234.42 priority: 0
  taskPos: 2 taskId: 315 ETC: 87.55 priority: 0
  taskPos: 3 taskId: 553 ETC: 149.25 priority: 0
  taskPos: 4 taskId: 707 ETC: 47.85 priority: 0
  taskPos: 5 taskId: 500 ETC: 370.37 priority: 0
  taskPos: 6 taskId: 45 ETC: 458.44 priority: 0
  taskPos: 7 taskId: 294 ETC: 289.53 priority: 0
  taskPos: 8 taskId: 955 ETC: 195.21 priority: 0
> machineId: 22
  taskPos: 0 taskId: 932 ETC: 479.61 priority: 0
  taskPos: 1 taskId: 675 ETC: 97.31 priority: 0
  taskPos: 2 taskId: 290 ETC: 225.33 priority: 0
  taskPos: 3 taskId: 148 ETC: 258.39 priority: 0
  taskPos: 4 taskId: 79 ETC: 159.08 priority: 0
  taskPos: 5 taskId: 1017 ETC: 340.31 priority: 0
  taskPos: 6 taskId: 964 ETC: 433.48 priority: 0
> machineId: 23
  taskPos: 0 taskId: 661 ETC: 111.11 priority: 0
  taskPos: 1 taskId: 27 ETC: 167.04 priority: 0
  taskPos: 2 taskId: 759 ETC: 178 priority: 0
  taskPos: 3 taskId: 900 ETC: 307.47 priority: 0
  taskPos: 4 taskId: 527 ETC: 49.7 priority: 0
  taskPos: 5 taskId: 620 ETC: 234.46 priority: 0
  taskPos: 6 taskId: 938 ETC: 16.39 priority: 0
  taskPos: 7 taskId: 633 ETC: 394.95 priority: 0
  taskPos: 8 taskId: 512 ETC: 524.35 priority: 0
> machineId: 24
  taskPos: 0 taskId: 25 ETC: 308.94 priority: 0
  taskPos: 1 taskId: 1021 ETC: 230.4 priority: 0
  taskPos: 2 taskId: 732 ETC: 203.79 priority: 0
  taskPos: 3 taskId: 258 ETC: 258.67 priority: 0
  taskPos: 4 taskId: 564 ETC: 450.42 priority: 0
  taskPos: 5 taskId: 936 ETC: 351.92 priority: 0
> machineId: 25
  taskPos: 0 taskId: 777 ETC: 499.73 priority: 0
  taskPos: 1 taskId: 156 ETC: 65.1 priority: 0
  taskPos: 2 taskId: 851 ETC: 259.36 priority: 0
  taskPos: 3 taskId: 98 ETC: 147.64 priority: 0
  taskPos: 4 taskId: 559 ETC: 317.71 priority: 0
  taskPos: 5 taskId: 308 ETC: 0.06 priority: 0
  taskPos: 6 taskId: 83 ETC: 288.81 priority: 0
  taskPos: 7 taskId: 558 ETC: 411 priority: 0
> machineId: 26
  taskPos: 0 taskId: 163 ETC: 349.06 priority: 0
  taskPos: 1 taskId: 44 ETC: 266.01 priority: 0
  taskPos: 2 taskId: 499 ETC: 242.3 priority: 0
  taskPos: 3 taskId: 680 ETC: 186.95 priority: 0
  taskPos: 4 taskId: 481 ETC: 429.2 priority: 0
  taskPos: 5 taskId: 949 ETC: 557.26 priority: 0
> machineId: 27
  taskPos: 0 taskId: 297 ETC: 252.31 priority: 0
  taskPos: 1 taskId: 74 ETC: 589.91 priority: 0
  taskPos: 2 taskId: 384 ETC: 167.48 priority: 0
  taskPos: 3 taskId: 890 ETC: 473.92 priority: 0
  taskPos: 4 taskId: 529 ETC: 375.11 priority: 0
  taskPos: 5 taskId: 421 ETC: 9.13 priority: 0
> machineId: 28
  taskPos: 0 taskId: 4 ETC: 154.9 priority: 0
  taskPos: 1 taskId: 161 ETC: 488.21 priority: 0
  taskPos: 2 taskId: 502 ETC: 537.63 priority: 0
  taskPos: 3 taskId: 287 ETC: 390.53 priority: 0
  taskPos: 4 taskId: 719 ETC: 313.03 priority: 0
> machineId: 29
  taskPos: 0 taskId: 93 ETC: 293.27 priority: 0
  taskPos: 1 taskId: 516 ETC: 48.85 priority: 0
  taskPos: 2 taskId: 878 ETC: 407.78 priority: 0
  taskPos: 3 taskId: 107 ETC: 316.29 priority: 0
  taskPos: 4 taskId: 887 ETC: 128.73 priority: 0
  taskPos: 5 taskId: 743 ETC: 38.7 priority: 0
  taskPos: 6 taskId: 685 ETC: 558.02 priority: 0
  taskPos: 7 taskId: 208 ETC: 227.6 priority: 0
> machineId: 30
  taskPos: 0 taskId: 76 ETC: 836.04 priority: 0
  taskPos: 1 taskId: 321 ETC: 363.85 priority: 0
  taskPos: 2 taskId: 822 ETC: 460.65 priority: 0
  taskPos: 3 taskId: 188 ETC: 194.38 priority: 0
  taskPos: 4 taskId: 587 ETC: 176.42 priority: 0
> machineId: 31
  taskPos: 0 taskId: 422 ETC: 811.44 priority: 0
  taskPos: 1 taskId: 480 ETC: 259.04 priority: 0
  taskPos: 2 taskId: 419 ETC: 533.07 priority: 0
  taskPos: 3 taskId: 336 ETC: 390.06 priority: 0
  taskPos: 4 taskId: 834 ETC: 10.4 priority: 0



 :( ---------------------- THE END --------------- :) 