[H[2J[INFO] TaskCount: 1024
[INFO] MachineCount: 32

[DEBUG] Inicialización MIN-MIN

Min-Min fitness: 2.16458e+06

[DEBUG] Inicialización Sufferage

Sufferage fitness: 1.84765e+06

[DEBUG] Inicialización random

[DEBUG] Inicialización random

[DEBUG] Inicialización random

[DEBUG] Inicialización MCT

MCT fitness: 2.35041e+06

[DEBUG] Inicialización random

[DEBUG] Inicialización random

[DEBUG] Inicialización random

[DEBUG] Inicialización random

[DEBUG] Inicialización MCT

MCT fitness: 2.44793e+06

[DEBUG] Inicialización random

[DEBUG] Inicialización random

[DEBUG] Inicialización random

[DEBUG] Inicialización random

 Current State ---------------------------------------------

Current trial: 1
Current iteration: 1500
Current evaluations: 22695
Current best cost: 1.74906e+06
Current worst cost: 1.74906e+06
Current Average cost: 1.74906e+06
Current Standard Deviation: 0

Trial: 
Best cost trial: 1.74906e+06
Worst cost trial: 4.08048e+07
Iteration best found in trial: 1313
Time best found trial: 2.09155e+07
Time spent in trial: 2.45373e+07

Global: 
Global best cost: 1.74906e+06
Global worst cost: 4.08048e+07
Trial best found: 1
Iteration best found: 1313
Time best found: 2.09155e+07

Current time spent (so far): 2.45373e+07
Solution
> machineId: 0
  taskPos: 0 taskId: 808 ETC: 165128 priority: 0
  taskPos: 1 taskId: 465 ETC: 86949.5 priority: 0
  taskPos: 2 taskId: 23 ETC: 60895.6 priority: 0
  taskPos: 3 taskId: 883 ETC: 4430.81 priority: 0
  taskPos: 4 taskId: 1002 ETC: 23987.5 priority: 0
  taskPos: 5 taskId: 869 ETC: 745.4 priority: 0
  taskPos: 6 taskId: 337 ETC: 16488.5 priority: 0
  taskPos: 7 taskId: 557 ETC: 7661.8 priority: 0
  taskPos: 8 taskId: 278 ETC: 5797.63 priority: 0
  taskPos: 9 taskId: 728 ETC: 68742.9 priority: 0
  taskPos: 10 taskId: 19 ETC: 30080.6 priority: 0
  taskPos: 11 taskId: 964 ETC: 76508.8 priority: 0
  taskPos: 12 taskId: 621 ETC: 47281.4 priority: 0
  taskPos: 13 taskId: 538 ETC: 119235 priority: 0
  taskPos: 14 taskId: 640 ETC: 50564.8 priority: 0
  taskPos: 15 taskId: 607 ETC: 27166.1 priority: 0
  taskPos: 16 taskId: 530 ETC: 2350.53 priority: 0
  taskPos: 17 taskId: 749 ETC: 79604.4 priority: 0
  taskPos: 18 taskId: 600 ETC: 17119.7 priority: 0
  taskPos: 19 taskId: 441 ETC: 13611.4 priority: 0
  taskPos: 20 taskId: 819 ETC: 72388.7 priority: 0
  taskPos: 21 taskId: 256 ETC: 50106.8 priority: 0
  taskPos: 22 taskId: 146 ETC: 26552.5 priority: 0
  taskPos: 23 taskId: 834 ETC: 20376.4 priority: 0
  taskPos: 24 taskId: 720 ETC: 269.97 priority: 0
  taskPos: 25 taskId: 865 ETC: 5487.38 priority: 0
  taskPos: 26 taskId: 751 ETC: 4001.65 priority: 0
  taskPos: 27 taskId: 541 ETC: 60705.8 priority: 0
  taskPos: 28 taskId: 157 ETC: 27938.2 priority: 0
  taskPos: 29 taskId: 42 ETC: 76867.2 priority: 0
  taskPos: 30 taskId: 861 ETC: 3514.96 priority: 0
  taskPos: 31 taskId: 46 ETC: 256502 priority: 0
  taskPos: 32 taskId: 118 ETC: 61384 priority: 0
  taskPos: 33 taskId: 719 ETC: 32717.3 priority: 0
  taskPos: 34 taskId: 1005 ETC: 24750.1 priority: 0
  taskPos: 35 taskId: 596 ETC: 58239 priority: 0
> machineId: 1
  taskPos: 0 taskId: 282 ETC: 102353 priority: 0
  taskPos: 1 taskId: 729 ETC: 19569.2 priority: 0
  taskPos: 2 taskId: 78 ETC: 24621 priority: 0
  taskPos: 3 taskId: 966 ETC: 146120 priority: 0
  taskPos: 4 taskId: 562 ETC: 39663.1 priority: 0
  taskPos: 5 taskId: 296 ETC: 88989.2 priority: 0
  taskPos: 6 taskId: 258 ETC: 114905 priority: 0
  taskPos: 7 taskId: 547 ETC: 39458.3 priority: 0
  taskPos: 8 taskId: 705 ETC: 58566.5 priority: 0
  taskPos: 9 taskId: 350 ETC: 42065.8 priority: 0
  taskPos: 10 taskId: 772 ETC: 7256.98 priority: 0
  taskPos: 11 taskId: 763 ETC: 70338.2 priority: 0
  taskPos: 12 taskId: 292 ETC: 13995.5 priority: 0
  taskPos: 13 taskId: 768 ETC: 161212 priority: 0
  taskPos: 14 taskId: 1021 ETC: 147223 priority: 0
  taskPos: 15 taskId: 794 ETC: 76110.5 priority: 0
  taskPos: 16 taskId: 928 ETC: 53929.2 priority: 0
  taskPos: 17 taskId: 265 ETC: 90401.2 priority: 0
  taskPos: 18 taskId: 247 ETC: 37153.4 priority: 0
  taskPos: 19 taskId: 56 ETC: 17581.2 priority: 0
  taskPos: 20 taskId: 440 ETC: 26760.6 priority: 0
  taskPos: 21 taskId: 111 ETC: 9109.77 priority: 0
  taskPos: 22 taskId: 662 ETC: 64238.9 priority: 0
  taskPos: 23 taskId: 739 ETC: 19009.2 priority: 0
  taskPos: 24 taskId: 285 ETC: 83108.4 priority: 0
  taskPos: 25 taskId: 30 ETC: 110194 priority: 0
  taskPos: 26 taskId: 180 ETC: 28668.1 priority: 0
  taskPos: 27 taskId: 570 ETC: 98.46 priority: 0
> machineId: 2
  taskPos: 0 taskId: 323 ETC: 68207.2 priority: 0
  taskPos: 1 taskId: 164 ETC: 150846 priority: 0
  taskPos: 2 taskId: 737 ETC: 29879.3 priority: 0
  taskPos: 3 taskId: 955 ETC: 34873.4 priority: 0
  taskPos: 4 taskId: 176 ETC: 64945.7 priority: 0
  taskPos: 5 taskId: 214 ETC: 42398.6 priority: 0
  taskPos: 6 taskId: 35 ETC: 13320.1 priority: 0
  taskPos: 7 taskId: 371 ETC: 21721 priority: 0
  taskPos: 8 taskId: 117 ETC: 121616 priority: 0
  taskPos: 9 taskId: 37 ETC: 17775.9 priority: 0
  taskPos: 10 taskId: 624 ETC: 7068.17 priority: 0
  taskPos: 11 taskId: 960 ETC: 177463 priority: 0
  taskPos: 12 taskId: 791 ETC: 197933 priority: 0
  taskPos: 13 taskId: 693 ETC: 7631.14 priority: 0
  taskPos: 14 taskId: 943 ETC: 151606 priority: 0
  taskPos: 15 taskId: 922 ETC: 2937.29 priority: 0
  taskPos: 16 taskId: 639 ETC: 15193.8 priority: 0
  taskPos: 17 taskId: 620 ETC: 9967.65 priority: 0
  taskPos: 18 taskId: 785 ETC: 103450 priority: 0
  taskPos: 19 taskId: 937 ETC: 11461.3 priority: 0
  taskPos: 20 taskId: 72 ETC: 67538.5 priority: 0
  taskPos: 21 taskId: 666 ETC: 17818.7 priority: 0
  taskPos: 22 taskId: 5 ETC: 75216.5 priority: 0
  taskPos: 23 taskId: 257 ETC: 63336.8 priority: 0
  taskPos: 24 taskId: 647 ETC: 1504.55 priority: 0
  taskPos: 25 taskId: 694 ETC: 161287 priority: 0
  taskPos: 26 taskId: 556 ETC: 4122.04 priority: 0
  taskPos: 27 taskId: 663 ETC: 9233.19 priority: 0
  taskPos: 28 taskId: 24 ETC: 19170.1 priority: 0
  taskPos: 29 taskId: 522 ETC: 43303.2 priority: 0
  taskPos: 30 taskId: 235 ETC: 13249.3 priority: 0
> machineId: 3
  taskPos: 0 taskId: 32 ETC: 27453.3 priority: 0
  taskPos: 1 taskId: 392 ETC: 59303.5 priority: 0
  taskPos: 2 taskId: 697 ETC: 42371.4 priority: 0
  taskPos: 3 taskId: 291 ETC: 139689 priority: 0
  taskPos: 4 taskId: 100 ETC: 3776.86 priority: 0
  taskPos: 5 taskId: 141 ETC: 202141 priority: 0
  taskPos: 6 taskId: 506 ETC: 19490 priority: 0
  taskPos: 7 taskId: 716 ETC: 8315.7 priority: 0
  taskPos: 8 taskId: 142 ETC: 11306.1 priority: 0
  taskPos: 9 taskId: 304 ETC: 185722 priority: 0
  taskPos: 10 taskId: 807 ETC: 248264 priority: 0
  taskPos: 11 taskId: 374 ETC: 24768.4 priority: 0
  taskPos: 12 taskId: 927 ETC: 42599.8 priority: 0
  taskPos: 13 taskId: 606 ETC: 45236 priority: 0
  taskPos: 14 taskId: 526 ETC: 179223 priority: 0
  taskPos: 15 taskId: 352 ETC: 155312 priority: 0
  taskPos: 16 taskId: 76 ETC: 26546.2 priority: 0
  taskPos: 17 taskId: 998 ETC: 16606.3 priority: 0
  taskPos: 18 taskId: 839 ETC: 44961.5 priority: 0
  taskPos: 19 taskId: 608 ETC: 10511.8 priority: 0
  taskPos: 20 taskId: 487 ETC: 7818.97 priority: 0
  taskPos: 21 taskId: 104 ETC: 28407.4 priority: 0
  taskPos: 22 taskId: 699 ETC: 15671.6 priority: 0
  taskPos: 23 taskId: 747 ETC: 17570.1 priority: 0
  taskPos: 24 taskId: 682 ETC: 27768.2 priority: 0
  taskPos: 25 taskId: 195 ETC: 12110.9 priority: 0
  taskPos: 26 taskId: 422 ETC: 33537.4 priority: 0
  taskPos: 27 taskId: 341 ETC: 16818.4 priority: 0
  taskPos: 28 taskId: 293 ETC: 8073.14 priority: 0
  taskPos: 29 taskId: 347 ETC: 11935.4 priority: 0
> machineId: 4
  taskPos: 0 taskId: 49 ETC: 59253.1 priority: 0
  taskPos: 1 taskId: 866 ETC: 193685 priority: 0
  taskPos: 2 taskId: 893 ETC: 39702.7 priority: 0
  taskPos: 3 taskId: 2 ETC: 100661 priority: 0
  taskPos: 4 taskId: 599 ETC: 36339 priority: 0
  taskPos: 5 taskId: 986 ETC: 178250 priority: 0
  taskPos: 6 taskId: 219 ETC: 34681.7 priority: 0
  taskPos: 7 taskId: 317 ETC: 46797.6 priority: 0
  taskPos: 8 taskId: 123 ETC: 271511 priority: 0
  taskPos: 9 taskId: 222 ETC: 89491.5 priority: 0
  taskPos: 10 taskId: 563 ETC: 73768.4 priority: 0
  taskPos: 11 taskId: 776 ETC: 9461.5 priority: 0
  taskPos: 12 taskId: 64 ETC: 133295 priority: 0
  taskPos: 13 taskId: 784 ETC: 104100 priority: 0
  taskPos: 14 taskId: 445 ETC: 139746 priority: 0
  taskPos: 15 taskId: 369 ETC: 2711.51 priority: 0
  taskPos: 16 taskId: 842 ETC: 24784.6 priority: 0
  taskPos: 17 taskId: 394 ETC: 47988.4 priority: 0
  taskPos: 18 taskId: 27 ETC: 11593 priority: 0
  taskPos: 19 taskId: 627 ETC: 5961.1 priority: 0
  taskPos: 20 taskId: 444 ETC: 3755.62 priority: 0
  taskPos: 21 taskId: 98 ETC: 70034.8 priority: 0
> machineId: 5
  taskPos: 0 taskId: 373 ETC: 10221.3 priority: 0
  taskPos: 1 taskId: 695 ETC: 25230.1 priority: 0
  taskPos: 2 taskId: 769 ETC: 6195.26 priority: 0
  taskPos: 3 taskId: 676 ETC: 78946.1 priority: 0
  taskPos: 4 taskId: 28 ETC: 18643.8 priority: 0
  taskPos: 5 taskId: 289 ETC: 12513.2 priority: 0
  taskPos: 6 taskId: 96 ETC: 133261 priority: 0
  taskPos: 7 taskId: 643 ETC: 14429.3 priority: 0
  taskPos: 8 taskId: 399 ETC: 40140.9 priority: 0
  taskPos: 9 taskId: 827 ETC: 86320.3 priority: 0
  taskPos: 10 taskId: 691 ETC: 46721 priority: 0
  taskPos: 11 taskId: 264 ETC: 32638.8 priority: 0
  taskPos: 12 taskId: 843 ETC: 34755.2 priority: 0
  taskPos: 13 taskId: 875 ETC: 54844.4 priority: 0
  taskPos: 14 taskId: 536 ETC: 77073.1 priority: 0
  taskPos: 15 taskId: 65 ETC: 116810 priority: 0
  taskPos: 16 taskId: 290 ETC: 72467 priority: 0
  taskPos: 17 taskId: 573 ETC: 23644.8 priority: 0
  taskPos: 18 taskId: 297 ETC: 23093.2 priority: 0
  taskPos: 19 taskId: 521 ETC: 9839.97 priority: 0
  taskPos: 20 taskId: 499 ETC: 36739.3 priority: 0
  taskPos: 21 taskId: 841 ETC: 33752.1 priority: 0
  taskPos: 22 taskId: 958 ETC: 49643.4 priority: 0
  taskPos: 23 taskId: 16 ETC: 34937.4 priority: 0
  taskPos: 24 taskId: 544 ETC: 16884.6 priority: 0
  taskPos: 25 taskId: 479 ETC: 19481.1 priority: 0
  taskPos: 26 taskId: 498 ETC: 19947.9 priority: 0
  taskPos: 27 taskId: 654 ETC: 24253.7 priority: 0
  taskPos: 28 taskId: 216 ETC: 42684 priority: 0
  taskPos: 29 taskId: 101 ETC: 116411 priority: 0
  taskPos: 30 taskId: 349 ETC: 34345.6 priority: 0
  taskPos: 31 taskId: 10 ETC: 12455.4 priority: 0
  taskPos: 32 taskId: 491 ETC: 233895 priority: 0
  taskPos: 33 taskId: 505 ETC: 35457.3 priority: 0
  taskPos: 34 taskId: 300 ETC: 36106.1 priority: 0
  taskPos: 35 taskId: 457 ETC: 44290.2 priority: 0
  taskPos: 36 taskId: 144 ETC: 23459.3 priority: 0
  taskPos: 37 taskId: 885 ETC: 321.69 priority: 0
> machineId: 6
  taskPos: 0 taskId: 1010 ETC: 12115 priority: 0
  taskPos: 1 taskId: 241 ETC: 191566 priority: 0
  taskPos: 2 taskId: 189 ETC: 107462 priority: 0
  taskPos: 3 taskId: 781 ETC: 40487.7 priority: 0
  taskPos: 4 taskId: 288 ETC: 24440.7 priority: 0
  taskPos: 5 taskId: 158 ETC: 24673 priority: 0
  taskPos: 6 taskId: 284 ETC: 66760.4 priority: 0
  taskPos: 7 taskId: 855 ETC: 6575.41 priority: 0
  taskPos: 8 taskId: 813 ETC: 651.54 priority: 0
  taskPos: 9 taskId: 641 ETC: 21511.6 priority: 0
  taskPos: 10 taskId: 871 ETC: 16041.4 priority: 0
  taskPos: 11 taskId: 50 ETC: 43010.4 priority: 0
  taskPos: 12 taskId: 957 ETC: 43733.5 priority: 0
  taskPos: 13 taskId: 587 ETC: 70837.1 priority: 0
  taskPos: 14 taskId: 335 ETC: 46074.2 priority: 0
  taskPos: 15 taskId: 534 ETC: 39330.7 priority: 0
  taskPos: 16 taskId: 305 ETC: 42986.1 priority: 0
  taskPos: 17 taskId: 973 ETC: 20844.9 priority: 0
  taskPos: 18 taskId: 237 ETC: 145150 priority: 0
  taskPos: 19 taskId: 390 ETC: 113862 priority: 0
  taskPos: 20 taskId: 318 ETC: 9663.43 priority: 0
  taskPos: 21 taskId: 741 ETC: 20978.5 priority: 0
  taskPos: 22 taskId: 503 ETC: 58978.1 priority: 0
  taskPos: 23 taskId: 29 ETC: 4684.54 priority: 0
  taskPos: 24 taskId: 584 ETC: 180632 priority: 0
  taskPos: 25 taskId: 36 ETC: 2099.93 priority: 0
  taskPos: 26 taskId: 878 ETC: 12198.7 priority: 0
  taskPos: 27 taskId: 396 ETC: 28489.2 priority: 0
  taskPos: 28 taskId: 636 ETC: 51293.1 priority: 0
  taskPos: 29 taskId: 61 ETC: 24481 priority: 0
  taskPos: 30 taskId: 516 ETC: 109854 priority: 0
  taskPos: 31 taskId: 683 ETC: 35176.4 priority: 0
  taskPos: 32 taskId: 262 ETC: 26648.9 priority: 0
> machineId: 7
  taskPos: 0 taskId: 761 ETC: 27087.8 priority: 0
  taskPos: 1 taskId: 234 ETC: 12579.1 priority: 0
  taskPos: 2 taskId: 989 ETC: 2628.89 priority: 0
  taskPos: 3 taskId: 367 ETC: 81419.5 priority: 0
  taskPos: 4 taskId: 231 ETC: 30048.4 priority: 0
  taskPos: 5 taskId: 660 ETC: 57536.4 priority: 0
  taskPos: 6 taskId: 186 ETC: 44578.2 priority: 0
  taskPos: 7 taskId: 601 ETC: 9911.57 priority: 0
  taskPos: 8 taskId: 368 ETC: 7466.3 priority: 0
  taskPos: 9 taskId: 542 ETC: 50779.6 priority: 0
  taskPos: 10 taskId: 615 ETC: 128831 priority: 0
  taskPos: 11 taskId: 21 ETC: 45817.9 priority: 0
  taskPos: 12 taskId: 345 ETC: 31900.2 priority: 0
  taskPos: 13 taskId: 860 ETC: 4120.54 priority: 0
  taskPos: 14 taskId: 79 ETC: 20713 priority: 0
  taskPos: 15 taskId: 604 ETC: 16322.4 priority: 0
  taskPos: 16 taskId: 795 ETC: 248539 priority: 0
  taskPos: 17 taskId: 404 ETC: 27794.9 priority: 0
  taskPos: 18 taskId: 952 ETC: 18612.8 priority: 0
  taskPos: 19 taskId: 356 ETC: 2896.11 priority: 0
  taskPos: 20 taskId: 984 ETC: 71346.2 priority: 0
  taskPos: 21 taskId: 594 ETC: 39882.3 priority: 0
  taskPos: 22 taskId: 387 ETC: 76047.6 priority: 0
  taskPos: 23 taskId: 67 ETC: 94126 priority: 0
  taskPos: 24 taskId: 363 ETC: 80538 priority: 0
  taskPos: 25 taskId: 983 ETC: 31960.7 priority: 0
  taskPos: 26 taskId: 239 ETC: 55279.8 priority: 0
  taskPos: 27 taskId: 509 ETC: 68910.2 priority: 0
  taskPos: 28 taskId: 847 ETC: 35586.7 priority: 0
  taskPos: 29 taskId: 569 ETC: 535.03 priority: 0
  taskPos: 30 taskId: 905 ETC: 36041.8 priority: 0
  taskPos: 31 taskId: 546 ETC: 10815.9 priority: 0
  taskPos: 32 taskId: 688 ETC: 56063.3 priority: 0
  taskPos: 33 taskId: 80 ETC: 83523.4 priority: 0
  taskPos: 34 taskId: 930 ETC: 5539.23 priority: 0
  taskPos: 35 taskId: 762 ETC: 5201.43 priority: 0
  taskPos: 36 taskId: 102 ETC: 26407.1 priority: 0
  taskPos: 37 taskId: 139 ETC: 4126.39 priority: 0
  taskPos: 38 taskId: 471 ETC: 19859.5 priority: 0
  taskPos: 39 taskId: 493 ETC: 11819.9 priority: 0
  taskPos: 40 taskId: 508 ETC: 49248.2 priority: 0
> machineId: 8
  taskPos: 0 taskId: 511 ETC: 8423.33 priority: 0
  taskPos: 1 taskId: 348 ETC: 86636.5 priority: 0
  taskPos: 2 taskId: 709 ETC: 33240.1 priority: 0
  taskPos: 3 taskId: 171 ETC: 5235.07 priority: 0
  taskPos: 4 taskId: 432 ETC: 205397 priority: 0
  taskPos: 5 taskId: 40 ETC: 26206 priority: 0
  taskPos: 6 taskId: 26 ETC: 50110.4 priority: 0
  taskPos: 7 taskId: 678 ETC: 98429 priority: 0
  taskPos: 8 taskId: 409 ETC: 89483.5 priority: 0
  taskPos: 9 taskId: 585 ETC: 100983 priority: 0
  taskPos: 10 taskId: 1004 ETC: 24588.3 priority: 0
  taskPos: 11 taskId: 514 ETC: 16981.5 priority: 0
  taskPos: 12 taskId: 1011 ETC: 10658.6 priority: 0
  taskPos: 13 taskId: 275 ETC: 10558.3 priority: 0
  taskPos: 14 taskId: 313 ETC: 23340.7 priority: 0
  taskPos: 15 taskId: 913 ETC: 6819.08 priority: 0
  taskPos: 16 taskId: 458 ETC: 79710.6 priority: 0
  taskPos: 17 taskId: 941 ETC: 76782.5 priority: 0
  taskPos: 18 taskId: 354 ETC: 120759 priority: 0
  taskPos: 19 taskId: 789 ETC: 152630 priority: 0
  taskPos: 20 taskId: 510 ETC: 83678.9 priority: 0
  taskPos: 21 taskId: 887 ETC: 12875.7 priority: 0
  taskPos: 22 taskId: 273 ETC: 10349.4 priority: 0
  taskPos: 23 taskId: 126 ETC: 41721.5 priority: 0
  taskPos: 24 taskId: 326 ETC: 24898 priority: 0
  taskPos: 25 taskId: 482 ETC: 53894.8 priority: 0
  taskPos: 26 taskId: 512 ETC: 26346.8 priority: 0
  taskPos: 27 taskId: 906 ETC: 19185.7 priority: 0
  taskPos: 28 taskId: 424 ETC: 18355.9 priority: 0
  taskPos: 29 taskId: 48 ETC: 32130.3 priority: 0
  taskPos: 30 taskId: 31 ETC: 19280.4 priority: 0
  taskPos: 31 taskId: 248 ETC: 21250.1 priority: 0
  taskPos: 32 taskId: 581 ETC: 30839.8 priority: 0
  taskPos: 33 taskId: 172 ETC: 45050.8 priority: 0
> machineId: 9
  taskPos: 0 taskId: 921 ETC: 87757.7 priority: 0
  taskPos: 1 taskId: 340 ETC: 38897.4 priority: 0
  taskPos: 2 taskId: 308 ETC: 49017.3 priority: 0
  taskPos: 3 taskId: 946 ETC: 13751.1 priority: 0
  taskPos: 4 taskId: 334 ETC: 26614.7 priority: 0
  taskPos: 5 taskId: 253 ETC: 12587.8 priority: 0
  taskPos: 6 taskId: 12 ETC: 35098.2 priority: 0
  taskPos: 7 taskId: 500 ETC: 25471.7 priority: 0
  taskPos: 8 taskId: 523 ETC: 32261.1 priority: 0
  taskPos: 9 taskId: 398 ETC: 15994.7 priority: 0
  taskPos: 10 taskId: 269 ETC: 28720.7 priority: 0
  taskPos: 11 taskId: 468 ETC: 81294 priority: 0
  taskPos: 12 taskId: 254 ETC: 7789.02 priority: 0
  taskPos: 13 taskId: 838 ETC: 40970 priority: 0
  taskPos: 14 taskId: 70 ETC: 70859.2 priority: 0
  taskPos: 15 taskId: 252 ETC: 1378.08 priority: 0
  taskPos: 16 taskId: 850 ETC: 23260.7 priority: 0
  taskPos: 17 taskId: 182 ETC: 186113 priority: 0
  taskPos: 18 taskId: 93 ETC: 63691.2 priority: 0
  taskPos: 19 taskId: 804 ETC: 64448.2 priority: 0
  taskPos: 20 taskId: 1015 ETC: 138089 priority: 0
  taskPos: 21 taskId: 888 ETC: 95505.1 priority: 0
  taskPos: 22 taskId: 575 ETC: 10835.2 priority: 0
  taskPos: 23 taskId: 938 ETC: 33523.1 priority: 0
  taskPos: 24 taskId: 507 ETC: 23180.8 priority: 0
  taskPos: 25 taskId: 490 ETC: 42680.8 priority: 0
  taskPos: 26 taskId: 408 ETC: 7159.37 priority: 0
  taskPos: 27 taskId: 228 ETC: 476.32 priority: 0
  taskPos: 28 taskId: 832 ETC: 5454.96 priority: 0
  taskPos: 29 taskId: 60 ETC: 38828.9 priority: 0
  taskPos: 30 taskId: 57 ETC: 21428 priority: 0
  taskPos: 31 taskId: 718 ETC: 2432.25 priority: 0
  taskPos: 32 taskId: 745 ETC: 54673.9 priority: 0
  taskPos: 33 taskId: 467 ETC: 461.69 priority: 0
  taskPos: 34 taskId: 170 ETC: 81912 priority: 0
  taskPos: 35 taskId: 840 ETC: 21679.4 priority: 0
  taskPos: 36 taskId: 864 ETC: 7827.63 priority: 0
  taskPos: 37 taskId: 833 ETC: 3544.64 priority: 0
  taskPos: 38 taskId: 402 ETC: 233351 priority: 0
  taskPos: 39 taskId: 686 ETC: 20043.8 priority: 0
> machineId: 10
  taskPos: 0 taskId: 225 ETC: 85962.2 priority: 0
  taskPos: 1 taskId: 336 ETC: 104862 priority: 0
  taskPos: 2 taskId: 449 ETC: 159598 priority: 0
  taskPos: 3 taskId: 38 ETC: 10954.2 priority: 0
  taskPos: 4 taskId: 243 ETC: 26454.7 priority: 0
  taskPos: 5 taskId: 199 ETC: 59557.4 priority: 0
  taskPos: 6 taskId: 279 ETC: 49344.6 priority: 0
  taskPos: 7 taskId: 655 ETC: 3447.22 priority: 0
  taskPos: 8 taskId: 412 ETC: 54684.9 priority: 0
  taskPos: 9 taskId: 152 ETC: 193945 priority: 0
  taskPos: 10 taskId: 383 ETC: 118968 priority: 0
  taskPos: 11 taskId: 184 ETC: 21640.2 priority: 0
  taskPos: 12 taskId: 690 ETC: 20495.2 priority: 0
  taskPos: 13 taskId: 381 ETC: 4958.49 priority: 0
  taskPos: 14 taskId: 980 ETC: 117137 priority: 0
  taskPos: 15 taskId: 903 ETC: 14226.9 priority: 0
  taskPos: 16 taskId: 162 ETC: 37123.1 priority: 0
  taskPos: 17 taskId: 71 ETC: 29441.4 priority: 0
  taskPos: 18 taskId: 215 ETC: 14153 priority: 0
  taskPos: 19 taskId: 400 ETC: 14887.5 priority: 0
  taskPos: 20 taskId: 1020 ETC: 84180.9 priority: 0
  taskPos: 21 taskId: 746 ETC: 109015 priority: 0
  taskPos: 22 taskId: 62 ETC: 83.85 priority: 0
  taskPos: 23 taskId: 174 ETC: 12675.2 priority: 0
  taskPos: 24 taskId: 167 ETC: 19474.3 priority: 0
  taskPos: 25 taskId: 178 ETC: 19456.3 priority: 0
  taskPos: 26 taskId: 806 ETC: 3134.42 priority: 0
  taskPos: 27 taskId: 433 ETC: 151605 priority: 0
  taskPos: 28 taskId: 933 ETC: 25356.5 priority: 0
  taskPos: 29 taskId: 561 ETC: 8764.64 priority: 0
  taskPos: 30 taskId: 485 ETC: 9123.25 priority: 0
  taskPos: 31 taskId: 151 ETC: 21325.9 priority: 0
  taskPos: 32 taskId: 316 ETC: 15999.3 priority: 0
  taskPos: 33 taskId: 384 ETC: 75737.1 priority: 0
  taskPos: 34 taskId: 591 ETC: 20056.9 priority: 0
  taskPos: 35 taskId: 478 ETC: 13420.9 priority: 0
  taskPos: 36 taskId: 696 ETC: 1360.29 priority: 0
> machineId: 11
  taskPos: 0 taskId: 309 ETC: 51399.7 priority: 0
  taskPos: 1 taskId: 652 ETC: 3713.25 priority: 0
  taskPos: 2 taskId: 238 ETC: 117362 priority: 0
  taskPos: 3 taskId: 474 ETC: 15293.4 priority: 0
  taskPos: 4 taskId: 17 ETC: 3686.81 priority: 0
  taskPos: 5 taskId: 650 ETC: 57419.5 priority: 0
  taskPos: 6 taskId: 645 ETC: 356211 priority: 0
  taskPos: 7 taskId: 809 ETC: 10165.2 priority: 0
  taskPos: 8 taskId: 932 ETC: 170160 priority: 0
  taskPos: 9 taskId: 145 ETC: 27328.8 priority: 0
  taskPos: 10 taskId: 360 ETC: 102523 priority: 0
  taskPos: 11 taskId: 391 ETC: 73143.4 priority: 0
  taskPos: 12 taskId: 200 ETC: 37588.1 priority: 0
  taskPos: 13 taskId: 907 ETC: 554409 priority: 0
  taskPos: 14 taskId: 68 ETC: 19097.4 priority: 0
  taskPos: 15 taskId: 904 ETC: 63306.5 priority: 0
  taskPos: 16 taskId: 1022 ETC: 5809.2 priority: 0
  taskPos: 17 taskId: 858 ETC: 8065.98 priority: 0
  taskPos: 18 taskId: 936 ETC: 16536.6 priority: 0
  taskPos: 19 taskId: 803 ETC: 6394.85 priority: 0
  taskPos: 20 taskId: 773 ETC: 27652.8 priority: 0
> machineId: 12
  taskPos: 0 taskId: 113 ETC: 11095.9 priority: 0
  taskPos: 1 taskId: 427 ETC: 284351 priority: 0
  taskPos: 2 taskId: 664 ETC: 197492 priority: 0
  taskPos: 3 taskId: 411 ETC: 305885 priority: 0
  taskPos: 4 taskId: 940 ETC: 213006 priority: 0
  taskPos: 5 taskId: 815 ETC: 75809.8 priority: 0
  taskPos: 6 taskId: 897 ETC: 34056.7 priority: 0
  taskPos: 7 taskId: 991 ETC: 33940.1 priority: 0
  taskPos: 8 taskId: 134 ETC: 4290.94 priority: 0
  taskPos: 9 taskId: 550 ETC: 4662.07 priority: 0
  taskPos: 10 taskId: 533 ETC: 53451.3 priority: 0
  taskPos: 11 taskId: 801 ETC: 1247.77 priority: 0
  taskPos: 12 taskId: 788 ETC: 11605.5 priority: 0
  taskPos: 13 taskId: 735 ETC: 8697.03 priority: 0
  taskPos: 14 taskId: 796 ETC: 12339.1 priority: 0
  taskPos: 15 taskId: 632 ETC: 31899.7 priority: 0
  taskPos: 16 taskId: 630 ETC: 298223 priority: 0
  taskPos: 17 taskId: 183 ETC: 20463.1 priority: 0
  taskPos: 18 taskId: 450 ETC: 5831.87 priority: 0
  taskPos: 19 taskId: 436 ETC: 51474.2 priority: 0
  taskPos: 20 taskId: 4 ETC: 19062.6 priority: 0
> machineId: 13
  taskPos: 0 taskId: 648 ETC: 104457 priority: 0
  taskPos: 1 taskId: 454 ETC: 101137 priority: 0
  taskPos: 2 taskId: 406 ETC: 93475.8 priority: 0
  taskPos: 3 taskId: 129 ETC: 28249.6 priority: 0
  taskPos: 4 taskId: 950 ETC: 27835.6 priority: 0
  taskPos: 5 taskId: 395 ETC: 11390.1 priority: 0
  taskPos: 6 taskId: 236 ETC: 72107.2 priority: 0
  taskPos: 7 taskId: 551 ETC: 123992 priority: 0
  taskPos: 8 taskId: 814 ETC: 5629.28 priority: 0
  taskPos: 9 taskId: 780 ETC: 26847.2 priority: 0
  taskPos: 10 taskId: 811 ETC: 37127.3 priority: 0
  taskPos: 11 taskId: 846 ETC: 9524.15 priority: 0
  taskPos: 12 taskId: 775 ETC: 19736.7 priority: 0
  taskPos: 13 taskId: 451 ETC: 41058.3 priority: 0
  taskPos: 14 taskId: 407 ETC: 36866.6 priority: 0
  taskPos: 15 taskId: 82 ETC: 11408.2 priority: 0
  taskPos: 16 taskId: 588 ETC: 6193.03 priority: 0
  taskPos: 17 taskId: 130 ETC: 17851 priority: 0
  taskPos: 18 taskId: 330 ETC: 32335 priority: 0
  taskPos: 19 taskId: 188 ETC: 18935.2 priority: 0
  taskPos: 20 taskId: 993 ETC: 93142.5 priority: 0
  taskPos: 21 taskId: 992 ETC: 159678 priority: 0
  taskPos: 22 taskId: 95 ETC: 52913 priority: 0
  taskPos: 23 taskId: 948 ETC: 57918.8 priority: 0
  taskPos: 24 taskId: 722 ETC: 63832.3 priority: 0
  taskPos: 25 taskId: 656 ETC: 27022.9 priority: 0
  taskPos: 26 taskId: 187 ETC: 154571 priority: 0
  taskPos: 27 taskId: 161 ETC: 140845 priority: 0
  taskPos: 28 taskId: 461 ETC: 18613.4 priority: 0
  taskPos: 29 taskId: 438 ETC: 11302.7 priority: 0
  taskPos: 30 taskId: 218 ETC: 26481.4 priority: 0
  taskPos: 31 taskId: 75 ETC: 2798.44 priority: 0
  taskPos: 32 taskId: 680 ETC: 20987.5 priority: 0
> machineId: 14
  taskPos: 0 taskId: 593 ETC: 126404 priority: 0
  taskPos: 1 taskId: 692 ETC: 64381.3 priority: 0
  taskPos: 2 taskId: 232 ETC: 94740.3 priority: 0
  taskPos: 3 taskId: 867 ETC: 424312 priority: 0
  taskPos: 4 taskId: 996 ETC: 19222.9 priority: 0
  taskPos: 5 taskId: 793 ETC: 4535.4 priority: 0
  taskPos: 6 taskId: 456 ETC: 1527.76 priority: 0
  taskPos: 7 taskId: 816 ETC: 39833.7 priority: 0
  taskPos: 8 taskId: 84 ETC: 439653 priority: 0
  taskPos: 9 taskId: 782 ETC: 8437.3 priority: 0
  taskPos: 10 taskId: 566 ETC: 5521.95 priority: 0
  taskPos: 11 taskId: 770 ETC: 105633 priority: 0
  taskPos: 12 taskId: 681 ETC: 1902.45 priority: 0
  taskPos: 13 taskId: 209 ETC: 19264.7 priority: 0
  taskPos: 14 taskId: 881 ETC: 109265 priority: 0
  taskPos: 15 taskId: 87 ETC: 20095.3 priority: 0
  taskPos: 16 taskId: 92 ETC: 11639.9 priority: 0
  taskPos: 17 taskId: 120 ETC: 15561.4 priority: 0
  taskPos: 18 taskId: 15 ETC: 5966.33 priority: 0
  taskPos: 19 taskId: 759 ETC: 11431.9 priority: 0
  taskPos: 20 taskId: 971 ETC: 16315.4 priority: 0
  taskPos: 21 taskId: 579 ETC: 11242.9 priority: 0
  taskPos: 22 taskId: 1009 ETC: 3974.28 priority: 0
  taskPos: 23 taskId: 818 ETC: 22561.9 priority: 0
  taskPos: 24 taskId: 549 ETC: 32073.4 priority: 0
  taskPos: 25 taskId: 638 ETC: 30261.4 priority: 0
  taskPos: 26 taskId: 967 ETC: 4490.3 priority: 0
  taskPos: 27 taskId: 914 ETC: 3402.86 priority: 0
  taskPos: 28 taskId: 540 ETC: 23104.5 priority: 0
  taskPos: 29 taskId: 1001 ETC: 12285.2 priority: 0
> machineId: 15
  taskPos: 0 taskId: 267 ETC: 23344.4 priority: 0
  taskPos: 1 taskId: 181 ETC: 127958 priority: 0
  taskPos: 2 taskId: 649 ETC: 83674.1 priority: 0
  taskPos: 3 taskId: 545 ETC: 46583.4 priority: 0
  taskPos: 4 taskId: 710 ETC: 4474.24 priority: 0
  taskPos: 5 taskId: 959 ETC: 82136.8 priority: 0
  taskPos: 6 taskId: 52 ETC: 3552.59 priority: 0
  taskPos: 7 taskId: 319 ETC: 5089.69 priority: 0
  taskPos: 8 taskId: 380 ETC: 36680 priority: 0
  taskPos: 9 taskId: 555 ETC: 13021.3 priority: 0
  taskPos: 10 taskId: 261 ETC: 83700 priority: 0
  taskPos: 11 taskId: 981 ETC: 275638 priority: 0
  taskPos: 12 taskId: 531 ETC: 40088.1 priority: 0
  taskPos: 13 taskId: 156 ETC: 69407.2 priority: 0
  taskPos: 14 taskId: 757 ETC: 73096 priority: 0
  taskPos: 15 taskId: 653 ETC: 100549 priority: 0
  taskPos: 16 taskId: 748 ETC: 87660.4 priority: 0
  taskPos: 17 taskId: 891 ETC: 97653.4 priority: 0
  taskPos: 18 taskId: 821 ETC: 12097.1 priority: 0
  taskPos: 19 taskId: 294 ETC: 55503.8 priority: 0
  taskPos: 20 taskId: 192 ETC: 17187.9 priority: 0
  taskPos: 21 taskId: 767 ETC: 28511.7 priority: 0
  taskPos: 22 taskId: 736 ETC: 79359.3 priority: 0
  taskPos: 23 taskId: 698 ETC: 21431.5 priority: 0
  taskPos: 24 taskId: 576 ETC: 33433.2 priority: 0
  taskPos: 25 taskId: 894 ETC: 40424.5 priority: 0
  taskPos: 26 taskId: 90 ETC: 82427.6 priority: 0
  taskPos: 27 taskId: 206 ETC: 9672.79 priority: 0
  taskPos: 28 taskId: 987 ETC: 11493.8 priority: 0
  taskPos: 29 taskId: 1013 ETC: 74952.4 priority: 0
> machineId: 16
  taskPos: 0 taskId: 977 ETC: 67748.2 priority: 0
  taskPos: 1 taskId: 149 ETC: 272949 priority: 0
  taskPos: 2 taskId: 982 ETC: 53740.4 priority: 0
  taskPos: 3 taskId: 732 ETC: 84506.6 priority: 0
  taskPos: 4 taskId: 778 ETC: 52467.1 priority: 0
  taskPos: 5 taskId: 826 ETC: 104936 priority: 0
  taskPos: 6 taskId: 730 ETC: 42134.5 priority: 0
  taskPos: 7 taskId: 618 ETC: 41094.4 priority: 0
  taskPos: 8 taskId: 227 ETC: 39860.1 priority: 0
  taskPos: 9 taskId: 657 ETC: 62201 priority: 0
  taskPos: 10 taskId: 73 ETC: 7426.18 priority: 0
  taskPos: 11 taskId: 226 ETC: 17366 priority: 0
  taskPos: 12 taskId: 271 ETC: 366529 priority: 0
  taskPos: 13 taskId: 312 ETC: 14650.2 priority: 0
  taskPos: 14 taskId: 734 ETC: 84650.5 priority: 0
  taskPos: 15 taskId: 1006 ETC: 40363.1 priority: 0
  taskPos: 16 taskId: 229 ETC: 13447.8 priority: 0
  taskPos: 17 taskId: 327 ETC: 281053 priority: 0
  taskPos: 18 taskId: 306 ETC: 7996.82 priority: 0
  taskPos: 19 taskId: 919 ETC: 41629.8 priority: 0
> machineId: 17
  taskPos: 0 taskId: 764 ETC: 262.21 priority: 0
  taskPos: 1 taskId: 635 ETC: 57880.7 priority: 0
  taskPos: 2 taskId: 463 ETC: 64042.2 priority: 0
  taskPos: 3 taskId: 568 ETC: 11073.3 priority: 0
  taskPos: 4 taskId: 872 ETC: 93164.2 priority: 0
  taskPos: 5 taskId: 223 ETC: 138460 priority: 0
  taskPos: 6 taskId: 446 ETC: 47477.4 priority: 0
  taskPos: 7 taskId: 882 ETC: 77392.9 priority: 0
  taskPos: 8 taskId: 365 ETC: 162136 priority: 0
  taskPos: 9 taskId: 744 ETC: 103265 priority: 0
  taskPos: 10 taskId: 900 ETC: 13548.5 priority: 0
  taskPos: 11 taskId: 828 ETC: 5884.29 priority: 0
  taskPos: 12 taskId: 401 ETC: 10100.1 priority: 0
  taskPos: 13 taskId: 706 ETC: 1944.54 priority: 0
  taskPos: 14 taskId: 829 ETC: 18116.2 priority: 0
  taskPos: 15 taskId: 528 ETC: 14786.2 priority: 0
  taskPos: 16 taskId: 429 ETC: 2120.76 priority: 0
  taskPos: 17 taskId: 386 ETC: 31671.8 priority: 0
  taskPos: 18 taskId: 328 ETC: 6313.37 priority: 0
  taskPos: 19 taskId: 771 ETC: 3034.22 priority: 0
  taskPos: 20 taskId: 701 ETC: 57101.2 priority: 0
  taskPos: 21 taskId: 135 ETC: 4389.04 priority: 0
  taskPos: 22 taskId: 310 ETC: 45802.5 priority: 0
  taskPos: 23 taskId: 497 ETC: 9590.86 priority: 0
  taskPos: 24 taskId: 221 ETC: 75347.4 priority: 0
  taskPos: 25 taskId: 453 ETC: 29747.5 priority: 0
  taskPos: 26 taskId: 177 ETC: 7516.12 priority: 0
  taskPos: 27 taskId: 85 ETC: 115.61 priority: 0
  taskPos: 28 taskId: 301 ETC: 18539.9 priority: 0
  taskPos: 29 taskId: 665 ETC: 11093 priority: 0
  taskPos: 30 taskId: 439 ETC: 70996.5 priority: 0
  taskPos: 31 taskId: 421 ETC: 47357.5 priority: 0
  taskPos: 32 taskId: 307 ETC: 26481.9 priority: 0
  taskPos: 33 taskId: 580 ETC: 11702 priority: 0
  taskPos: 34 taskId: 364 ETC: 93965.8 priority: 0
  taskPos: 35 taskId: 53 ETC: 166168 priority: 0
  taskPos: 36 taskId: 529 ETC: 9261.01 priority: 0
  taskPos: 37 taskId: 283 ETC: 11145.3 priority: 0
  taskPos: 38 taskId: 105 ETC: 10920.9 priority: 0
  taskPos: 39 taskId: 302 ETC: 70806.2 priority: 0
  taskPos: 40 taskId: 520 ETC: 86208.5 priority: 0
  taskPos: 41 taskId: 609 ETC: 12247.7 priority: 0
> machineId: 18
  taskPos: 0 taskId: 251 ETC: 117019 priority: 0
  taskPos: 1 taskId: 483 ETC: 15292.9 priority: 0
  taskPos: 2 taskId: 968 ETC: 8931.54 priority: 0
  taskPos: 3 taskId: 830 ETC: 137290 priority: 0
  taskPos: 4 taskId: 114 ETC: 17803 priority: 0
  taskPos: 5 taskId: 548 ETC: 53862.1 priority: 0
  taskPos: 6 taskId: 831 ETC: 41351.9 priority: 0
  taskPos: 7 taskId: 378 ETC: 16788.8 priority: 0
  taskPos: 8 taskId: 572 ETC: 22658.4 priority: 0
  taskPos: 9 taskId: 260 ETC: 110780 priority: 0
  taskPos: 10 taskId: 464 ETC: 16196 priority: 0
  taskPos: 11 taskId: 565 ETC: 97317.3 priority: 0
  taskPos: 12 taskId: 8 ETC: 18562.3 priority: 0
  taskPos: 13 taskId: 856 ETC: 233035 priority: 0
  taskPos: 14 taskId: 884 ETC: 32535.4 priority: 0
  taskPos: 15 taskId: 684 ETC: 88758.8 priority: 0
  taskPos: 16 taskId: 535 ETC: 15828.8 priority: 0
  taskPos: 17 taskId: 286 ETC: 5131.96 priority: 0
  taskPos: 18 taskId: 700 ETC: 301475 priority: 0
  taskPos: 19 taskId: 1023 ETC: 89686.7 priority: 0
  taskPos: 20 taskId: 138 ETC: 18893.4 priority: 0
  taskPos: 21 taskId: 9 ETC: 17273 priority: 0
  taskPos: 22 taskId: 469 ETC: 22973.6 priority: 0
  taskPos: 23 taskId: 617 ETC: 35314.9 priority: 0
  taskPos: 24 taskId: 331 ETC: 173991 priority: 0
  taskPos: 25 taskId: 823 ETC: 13647.3 priority: 0
  taskPos: 26 taskId: 612 ETC: 25193 priority: 0
> machineId: 19
  taskPos: 0 taskId: 357 ETC: 24805.8 priority: 0
  taskPos: 1 taskId: 109 ETC: 109985 priority: 0
  taskPos: 2 taskId: 403 ETC: 5320.02 priority: 0
  taskPos: 3 taskId: 994 ETC: 242974 priority: 0
  taskPos: 4 taskId: 47 ETC: 60413 priority: 0
  taskPos: 5 taskId: 34 ETC: 176449 priority: 0
  taskPos: 6 taskId: 616 ETC: 259524 priority: 0
  taskPos: 7 taskId: 1019 ETC: 13146.2 priority: 0
  taskPos: 8 taskId: 410 ETC: 23180.4 priority: 0
  taskPos: 9 taskId: 902 ETC: 77262.1 priority: 0
  taskPos: 10 taskId: 908 ETC: 1471.98 priority: 0
  taskPos: 11 taskId: 707 ETC: 3495.33 priority: 0
  taskPos: 12 taskId: 127 ETC: 238219 priority: 0
  taskPos: 13 taskId: 66 ETC: 233782 priority: 0
  taskPos: 14 taskId: 969 ETC: 25786.2 priority: 0
  taskPos: 15 taskId: 119 ETC: 4107.04 priority: 0
  taskPos: 16 taskId: 106 ETC: 6511.22 priority: 0
  taskPos: 17 taskId: 448 ETC: 21679 priority: 0
  taskPos: 18 taskId: 1000 ETC: 13396.2 priority: 0
  taskPos: 19 taskId: 956 ETC: 4129.08 priority: 0
  taskPos: 20 taskId: 559 ETC: 4959.67 priority: 0
  taskPos: 21 taskId: 315 ETC: 2648.49 priority: 0
  taskPos: 22 taskId: 481 ETC: 45165.4 priority: 0
  taskPos: 23 taskId: 879 ETC: 15196.5 priority: 0
  taskPos: 24 taskId: 489 ETC: 16614.1 priority: 0
  taskPos: 25 taskId: 263 ETC: 6391.6 priority: 0
  taskPos: 26 taskId: 459 ETC: 10259.2 priority: 0
  taskPos: 27 taskId: 266 ETC: 10973.3 priority: 0
  taskPos: 28 taskId: 6 ETC: 68882.2 priority: 0
> machineId: 20
  taskPos: 0 taskId: 140 ETC: 99850.8 priority: 0
  taskPos: 1 taskId: 460 ETC: 23791.7 priority: 0
  taskPos: 2 taskId: 419 ETC: 7489.44 priority: 0
  taskPos: 3 taskId: 863 ETC: 423658 priority: 0
  taskPos: 4 taskId: 924 ETC: 268798 priority: 0
  taskPos: 5 taskId: 7 ETC: 119043 priority: 0
  taskPos: 6 taskId: 83 ETC: 165831 priority: 0
  taskPos: 7 taskId: 3 ETC: 90521.4 priority: 0
  taskPos: 8 taskId: 1 ETC: 33302.4 priority: 0
  taskPos: 9 taskId: 672 ETC: 7038.75 priority: 0
  taskPos: 10 taskId: 995 ETC: 27352.3 priority: 0
  taskPos: 11 taskId: 886 ETC: 33545.8 priority: 0
  taskPos: 12 taskId: 802 ETC: 977.82 priority: 0
  taskPos: 13 taskId: 475 ETC: 39888.5 priority: 0
  taskPos: 14 taskId: 442 ETC: 17038.5 priority: 0
  taskPos: 15 taskId: 852 ETC: 93139.7 priority: 0
  taskPos: 16 taskId: 428 ETC: 29976.5 priority: 0
  taskPos: 17 taskId: 393 ETC: 51040.3 priority: 0
  taskPos: 18 taskId: 211 ETC: 22931 priority: 0
  taskPos: 19 taskId: 917 ETC: 36646.4 priority: 0
  taskPos: 20 taskId: 110 ETC: 31927.2 priority: 0
  taskPos: 21 taskId: 920 ETC: 84620.8 priority: 0
  taskPos: 22 taskId: 175 ETC: 16877.3 priority: 0
> machineId: 21
  taskPos: 0 taskId: 790 ETC: 104151 priority: 0
  taskPos: 1 taskId: 634 ETC: 148918 priority: 0
  taskPos: 2 taskId: 81 ETC: 149032 priority: 0
  taskPos: 3 taskId: 592 ETC: 1211.57 priority: 0
  taskPos: 4 taskId: 674 ETC: 31422.6 priority: 0
  taskPos: 5 taskId: 122 ETC: 61775.8 priority: 0
  taskPos: 6 taskId: 25 ETC: 15978.4 priority: 0
  taskPos: 7 taskId: 185 ETC: 120520 priority: 0
  taskPos: 8 taskId: 689 ETC: 135993 priority: 0
  taskPos: 9 taskId: 899 ETC: 10007.5 priority: 0
  taskPos: 10 taskId: 868 ETC: 9199.04 priority: 0
  taskPos: 11 taskId: 667 ETC: 14701.2 priority: 0
  taskPos: 12 taskId: 250 ETC: 8818.06 priority: 0
  taskPos: 13 taskId: 623 ETC: 115022 priority: 0
  taskPos: 14 taskId: 324 ETC: 9919.1 priority: 0
  taskPos: 15 taskId: 825 ETC: 47284.3 priority: 0
  taskPos: 16 taskId: 637 ETC: 8912.95 priority: 0
  taskPos: 17 taskId: 205 ETC: 87405.2 priority: 0
  taskPos: 18 taskId: 779 ETC: 142142 priority: 0
  taskPos: 19 taskId: 45 ETC: 2755.13 priority: 0
  taskPos: 20 taskId: 99 ETC: 6511.4 priority: 0
  taskPos: 21 taskId: 338 ETC: 2972.73 priority: 0
  taskPos: 22 taskId: 351 ETC: 67206.3 priority: 0
  taskPos: 23 taskId: 377 ETC: 21107.4 priority: 0
  taskPos: 24 taskId: 213 ETC: 2532.24 priority: 0
  taskPos: 25 taskId: 715 ETC: 7085.34 priority: 0
  taskPos: 26 taskId: 880 ETC: 20780.2 priority: 0
  taskPos: 27 taskId: 988 ETC: 989.39 priority: 0
  taskPos: 28 taskId: 797 ETC: 13977.9 priority: 0
  taskPos: 29 taskId: 74 ETC: 31038.4 priority: 0
  taskPos: 30 taskId: 651 ETC: 5884.47 priority: 0
  taskPos: 31 taskId: 978 ETC: 10375.5 priority: 0
  taskPos: 32 taskId: 43 ETC: 176066 priority: 0
  taskPos: 33 taskId: 824 ETC: 16293.5 priority: 0
  taskPos: 34 taskId: 997 ETC: 13274.1 priority: 0
  taskPos: 35 taskId: 912 ETC: 1538.57 priority: 0
  taskPos: 36 taskId: 835 ETC: 1436.85 priority: 0
  taskPos: 37 taskId: 329 ETC: 13233.8 priority: 0
  taskPos: 38 taskId: 931 ETC: 2416.72 priority: 0
  taskPos: 39 taskId: 484 ETC: 58215.1 priority: 0
  taskPos: 40 taskId: 810 ETC: 3775.63 priority: 0
  taskPos: 41 taskId: 496 ETC: 520.6 priority: 0
  taskPos: 42 taskId: 150 ETC: 3409.22 priority: 0
  taskPos: 43 taskId: 595 ETC: 188.73 priority: 0
  taskPos: 44 taskId: 974 ETC: 2080.02 priority: 0
  taskPos: 45 taskId: 244 ETC: 551.09 priority: 0
  taskPos: 46 taskId: 416 ETC: 8449.66 priority: 0
> machineId: 22
  taskPos: 0 taskId: 870 ETC: 1055.69 priority: 0
  taskPos: 1 taskId: 103 ETC: 18142.3 priority: 0
  taskPos: 2 taskId: 669 ETC: 112311 priority: 0
  taskPos: 3 taskId: 602 ETC: 48365.8 priority: 0
  taskPos: 4 taskId: 743 ETC: 73867.1 priority: 0
  taskPos: 5 taskId: 210 ETC: 201323 priority: 0
  taskPos: 6 taskId: 342 ETC: 21517.2 priority: 0
  taskPos: 7 taskId: 168 ETC: 44089.4 priority: 0
  taskPos: 8 taskId: 208 ETC: 9324.72 priority: 0
  taskPos: 9 taskId: 783 ETC: 58383.2 priority: 0
  taskPos: 10 taskId: 626 ETC: 13001.3 priority: 0
  taskPos: 11 taskId: 193 ETC: 43931.8 priority: 0
  taskPos: 12 taskId: 303 ETC: 21112.3 priority: 0
  taskPos: 13 taskId: 201 ETC: 14136.4 priority: 0
  taskPos: 14 taskId: 420 ETC: 9472.25 priority: 0
  taskPos: 15 taskId: 196 ETC: 32018.8 priority: 0
  taskPos: 16 taskId: 527 ETC: 41477.5 priority: 0
  taskPos: 17 taskId: 1016 ETC: 33085.5 priority: 0
  taskPos: 18 taskId: 670 ETC: 43046.5 priority: 0
  taskPos: 19 taskId: 124 ETC: 48886.1 priority: 0
  taskPos: 20 taskId: 88 ETC: 3834.14 priority: 0
  taskPos: 21 taskId: 1017 ETC: 2289.94 priority: 0
  taskPos: 22 taskId: 462 ETC: 177102 priority: 0
  taskPos: 23 taskId: 343 ETC: 122744 priority: 0
  taskPos: 24 taskId: 854 ETC: 8031.46 priority: 0
  taskPos: 25 taskId: 605 ETC: 129330 priority: 0
  taskPos: 26 taskId: 935 ETC: 74123.2 priority: 0
  taskPos: 27 taskId: 198 ETC: 54931.8 priority: 0
  taskPos: 28 taskId: 756 ETC: 101673 priority: 0
  taskPos: 29 taskId: 765 ETC: 1188.61 priority: 0
  taskPos: 30 taskId: 851 ETC: 7003.87 priority: 0
  taskPos: 31 taskId: 268 ETC: 14769.7 priority: 0
  taskPos: 32 taskId: 963 ETC: 4936.65 priority: 0
  taskPos: 33 taskId: 220 ETC: 3144.23 priority: 0
  taskPos: 34 taskId: 724 ETC: 7157.08 priority: 0
  taskPos: 35 taskId: 108 ETC: 38628.7 priority: 0
  taskPos: 36 taskId: 934 ETC: 16234.5 priority: 0
  taskPos: 37 taskId: 136 ETC: 18133 priority: 0
  taskPos: 38 taskId: 598 ETC: 11519.9 priority: 0
  taskPos: 39 taskId: 125 ETC: 140.65 priority: 0
  taskPos: 40 taskId: 502 ETC: 2707.35 priority: 0
> machineId: 23
  taskPos: 0 taskId: 862 ETC: 4949.14 priority: 0
  taskPos: 1 taskId: 525 ETC: 158737 priority: 0
  taskPos: 2 taskId: 207 ETC: 466.29 priority: 0
  taskPos: 3 taskId: 845 ETC: 79552.7 priority: 0
  taskPos: 4 taskId: 355 ETC: 440576 priority: 0
  taskPos: 5 taskId: 107 ETC: 84080.3 priority: 0
  taskPos: 6 taskId: 733 ETC: 120557 priority: 0
  taskPos: 7 taskId: 1014 ETC: 9236.63 priority: 0
  taskPos: 8 taskId: 359 ETC: 85137.7 priority: 0
  taskPos: 9 taskId: 942 ETC: 65689 priority: 0
  taskPos: 10 taskId: 86 ETC: 73668.5 priority: 0
  taskPos: 11 taskId: 999 ETC: 20188.2 priority: 0
  taskPos: 12 taskId: 704 ETC: 39706.1 priority: 0
  taskPos: 13 taskId: 425 ETC: 51968.7 priority: 0
  taskPos: 14 taskId: 272 ETC: 6945.38 priority: 0
  taskPos: 15 taskId: 197 ETC: 116253 priority: 0
  taskPos: 16 taskId: 314 ETC: 41381.7 priority: 0
  taskPos: 17 taskId: 873 ETC: 16031.3 priority: 0
  taskPos: 18 taskId: 513 ETC: 7440.25 priority: 0
  taskPos: 19 taskId: 430 ETC: 158414 priority: 0
  taskPos: 20 taskId: 376 ETC: 2257.57 priority: 0
  taskPos: 21 taskId: 896 ETC: 24837.3 priority: 0
  taskPos: 22 taskId: 702 ETC: 22468.4 priority: 0
  taskPos: 23 taskId: 346 ETC: 104520 priority: 0
  taskPos: 24 taskId: 437 ETC: 9741.2 priority: 0
> machineId: 24
  taskPos: 0 taskId: 277 ETC: 80002.5 priority: 0
  taskPos: 1 taskId: 633 ETC: 31110.9 priority: 0
  taskPos: 2 taskId: 155 ETC: 182807 priority: 0
  taskPos: 3 taskId: 115 ETC: 17232.8 priority: 0
  taskPos: 4 taskId: 163 ETC: 9500.89 priority: 0
  taskPos: 5 taskId: 578 ETC: 104.04 priority: 0
  taskPos: 6 taskId: 628 ETC: 52154 priority: 0
  taskPos: 7 taskId: 405 ETC: 138344 priority: 0
  taskPos: 8 taskId: 708 ETC: 9708.94 priority: 0
  taskPos: 9 taskId: 583 ETC: 25257 priority: 0
  taskPos: 10 taskId: 517 ETC: 193227 priority: 0
  taskPos: 11 taskId: 388 ETC: 24393 priority: 0
  taskPos: 12 taskId: 11 ETC: 10686 priority: 0
  taskPos: 13 taskId: 515 ETC: 69806 priority: 0
  taskPos: 14 taskId: 382 ETC: 54518.6 priority: 0
  taskPos: 15 taskId: 44 ETC: 44294.1 priority: 0
  taskPos: 16 taskId: 217 ETC: 52507.8 priority: 0
  taskPos: 17 taskId: 443 ETC: 121469 priority: 0
  taskPos: 18 taskId: 20 ETC: 106021 priority: 0
  taskPos: 19 taskId: 131 ETC: 44705.1 priority: 0
  taskPos: 20 taskId: 242 ETC: 46988 priority: 0
  taskPos: 21 taskId: 552 ETC: 34636.3 priority: 0
  taskPos: 22 taskId: 953 ETC: 26376.8 priority: 0
  taskPos: 23 taskId: 1007 ETC: 55356.9 priority: 0
  taskPos: 24 taskId: 631 ETC: 6477.13 priority: 0
  taskPos: 25 taskId: 39 ETC: 45184.4 priority: 0
  taskPos: 26 taskId: 473 ETC: 66718.3 priority: 0
  taskPos: 27 taskId: 233 ETC: 12809.3 priority: 0
  taskPos: 28 taskId: 675 ETC: 4752.85 priority: 0
  taskPos: 29 taskId: 344 ETC: 2217.39 priority: 0
  taskPos: 30 taskId: 750 ETC: 24318.1 priority: 0
  taskPos: 31 taskId: 488 ETC: 2799.97 priority: 0
  taskPos: 32 taskId: 190 ETC: 45222.3 priority: 0
  taskPos: 33 taskId: 389 ETC: 18321.6 priority: 0
  taskPos: 34 taskId: 519 ETC: 13351.9 priority: 0
  taskPos: 35 taskId: 477 ETC: 1588.41 priority: 0
  taskPos: 36 taskId: 901 ETC: 19294.1 priority: 0
> machineId: 25
  taskPos: 0 taskId: 590 ETC: 111081 priority: 0
  taskPos: 1 taskId: 918 ETC: 53278.5 priority: 0
  taskPos: 2 taskId: 853 ETC: 159244 priority: 0
  taskPos: 3 taskId: 571 ETC: 169007 priority: 0
  taskPos: 4 taskId: 727 ETC: 80413.4 priority: 0
  taskPos: 5 taskId: 611 ETC: 13996.2 priority: 0
  taskPos: 6 taskId: 51 ETC: 60620 priority: 0
  taskPos: 7 taskId: 890 ETC: 29511.8 priority: 0
  taskPos: 8 taskId: 949 ETC: 141621 priority: 0
  taskPos: 9 taskId: 240 ETC: 20705 priority: 0
  taskPos: 10 taskId: 721 ETC: 73348.4 priority: 0
  taskPos: 11 taskId: 537 ETC: 128934 priority: 0
  taskPos: 12 taskId: 447 ETC: 22713.9 priority: 0
  taskPos: 13 taskId: 492 ETC: 8604.02 priority: 0
  taskPos: 14 taskId: 926 ETC: 66797.2 priority: 0
  taskPos: 15 taskId: 673 ETC: 184144 priority: 0
  taskPos: 16 taskId: 857 ETC: 104915 priority: 0
  taskPos: 17 taskId: 614 ETC: 9412.85 priority: 0
  taskPos: 18 taskId: 895 ETC: 5753.23 priority: 0
  taskPos: 19 taskId: 837 ETC: 11687.3 priority: 0
  taskPos: 20 taskId: 224 ETC: 49219.6 priority: 0
  taskPos: 21 taskId: 281 ETC: 13012.9 priority: 0
  taskPos: 22 taskId: 332 ETC: 2371.12 priority: 0
  taskPos: 23 taskId: 723 ETC: 1635.76 priority: 0
  taskPos: 24 taskId: 22 ETC: 28441.5 priority: 0
  taskPos: 25 taskId: 1008 ETC: 22311.6 priority: 0
  taskPos: 26 taskId: 898 ETC: 22538.5 priority: 0
  taskPos: 27 taskId: 619 ETC: 6718.8 priority: 0
  taskPos: 28 taskId: 805 ETC: 15264.4 priority: 0
  taskPos: 29 taskId: 494 ETC: 13602.9 priority: 0
  taskPos: 30 taskId: 287 ETC: 91071.1 priority: 0
  taskPos: 31 taskId: 385 ETC: 7141.01 priority: 0
> machineId: 26
  taskPos: 0 taskId: 644 ETC: 104244 priority: 0
  taskPos: 1 taskId: 582 ETC: 1977.94 priority: 0
  taskPos: 2 taskId: 311 ETC: 89344.3 priority: 0
  taskPos: 3 taskId: 476 ETC: 10322.2 priority: 0
  taskPos: 4 taskId: 472 ETC: 39623.9 priority: 0
  taskPos: 5 taskId: 714 ETC: 33626.8 priority: 0
  taskPos: 6 taskId: 753 ETC: 8045.25 priority: 0
  taskPos: 7 taskId: 414 ETC: 140093 priority: 0
  taskPos: 8 taskId: 14 ETC: 99022.3 priority: 0
  taskPos: 9 taskId: 812 ETC: 58784.6 priority: 0
  taskPos: 10 taskId: 876 ETC: 2726.5 priority: 0
  taskPos: 11 taskId: 1003 ETC: 41252.6 priority: 0
  taskPos: 12 taskId: 358 ETC: 122260 priority: 0
  taskPos: 13 taskId: 925 ETC: 32487.9 priority: 0
  taskPos: 14 taskId: 658 ETC: 48048.7 priority: 0
  taskPos: 15 taskId: 574 ETC: 74753.3 priority: 0
  taskPos: 16 taskId: 786 ETC: 3824.46 priority: 0
  taskPos: 17 taskId: 77 ETC: 36308.2 priority: 0
  taskPos: 18 taskId: 423 ETC: 99337.1 priority: 0
  taskPos: 19 taskId: 859 ETC: 6624.2 priority: 0
  taskPos: 20 taskId: 726 ETC: 73176 priority: 0
  taskPos: 21 taskId: 685 ETC: 36729.2 priority: 0
  taskPos: 22 taskId: 629 ETC: 43942 priority: 0
  taskPos: 23 taskId: 179 ETC: 14035.7 priority: 0
  taskPos: 24 taskId: 712 ETC: 353.21 priority: 0
  taskPos: 25 taskId: 754 ETC: 13671.3 priority: 0
  taskPos: 26 taskId: 276 ETC: 11372.6 priority: 0
  taskPos: 27 taskId: 426 ETC: 25391.4 priority: 0
  taskPos: 28 taskId: 909 ETC: 310285 priority: 0
  taskPos: 29 taskId: 0 ETC: 1921.08 priority: 0
  taskPos: 30 taskId: 979 ETC: 88039.2 priority: 0
  taskPos: 31 taskId: 339 ETC: 75519.2 priority: 0
> machineId: 27
  taskPos: 0 taskId: 755 ETC: 27848.4 priority: 0
  taskPos: 1 taskId: 255 ETC: 107415 priority: 0
  taskPos: 2 taskId: 320 ETC: 25336 priority: 0
  taskPos: 3 taskId: 518 ETC: 247582 priority: 0
  taskPos: 4 taskId: 951 ETC: 12225.3 priority: 0
  taskPos: 5 taskId: 975 ETC: 116875 priority: 0
  taskPos: 6 taskId: 752 ETC: 15923.6 priority: 0
  taskPos: 7 taskId: 245 ETC: 76822.7 priority: 0
  taskPos: 8 taskId: 470 ETC: 90108.8 priority: 0
  taskPos: 9 taskId: 33 ETC: 42864.3 priority: 0
  taskPos: 10 taskId: 154 ETC: 100432 priority: 0
  taskPos: 11 taskId: 274 ETC: 51517.6 priority: 0
  taskPos: 12 taskId: 524 ETC: 27054 priority: 0
  taskPos: 13 taskId: 792 ETC: 57061 priority: 0
  taskPos: 14 taskId: 132 ETC: 100460 priority: 0
  taskPos: 15 taskId: 212 ETC: 18748.5 priority: 0
  taskPos: 16 taskId: 55 ETC: 40282.5 priority: 0
  taskPos: 17 taskId: 148 ETC: 15491.6 priority: 0
  taskPos: 18 taskId: 945 ETC: 14376.8 priority: 0
  taskPos: 19 taskId: 774 ETC: 2539.79 priority: 0
  taskPos: 20 taskId: 742 ETC: 258844 priority: 0
  taskPos: 21 taskId: 965 ETC: 142382 priority: 0
  taskPos: 22 taskId: 679 ETC: 53877.1 priority: 0
  taskPos: 23 taskId: 455 ETC: 23291.2 priority: 0
  taskPos: 24 taskId: 431 ETC: 25584.4 priority: 0
  taskPos: 25 taskId: 717 ETC: 16143.5 priority: 0
  taskPos: 26 taskId: 554 ETC: 29650.2 priority: 0
  taskPos: 27 taskId: 798 ETC: 5312.26 priority: 0
> machineId: 28
  taskPos: 0 taskId: 54 ETC: 14764.7 priority: 0
  taskPos: 1 taskId: 370 ETC: 13803.7 priority: 0
  taskPos: 2 taskId: 564 ETC: 73720.6 priority: 0
  taskPos: 3 taskId: 589 ETC: 42351.4 priority: 0
  taskPos: 4 taskId: 625 ETC: 7125.63 priority: 0
  taskPos: 5 taskId: 939 ETC: 90720.6 priority: 0
  taskPos: 6 taskId: 777 ETC: 19631.3 priority: 0
  taskPos: 7 taskId: 947 ETC: 3638.16 priority: 0
  taskPos: 8 taskId: 435 ETC: 184407 priority: 0
  taskPos: 9 taskId: 711 ETC: 255770 priority: 0
  taskPos: 10 taskId: 169 ETC: 31227.3 priority: 0
  taskPos: 11 taskId: 191 ETC: 98701.1 priority: 0
  taskPos: 12 taskId: 972 ETC: 30636.6 priority: 0
  taskPos: 13 taskId: 194 ETC: 81398 priority: 0
  taskPos: 14 taskId: 480 ETC: 62772.4 priority: 0
  taskPos: 15 taskId: 1012 ETC: 45502.5 priority: 0
  taskPos: 16 taskId: 892 ETC: 27800.3 priority: 0
  taskPos: 17 taskId: 800 ETC: 27187.2 priority: 0
  taskPos: 18 taskId: 59 ETC: 5120.23 priority: 0
  taskPos: 19 taskId: 298 ETC: 59619.3 priority: 0
  taskPos: 20 taskId: 923 ETC: 1269.57 priority: 0
  taskPos: 21 taskId: 671 ETC: 69755.3 priority: 0
  taskPos: 22 taskId: 249 ETC: 167612 priority: 0
  taskPos: 23 taskId: 375 ETC: 2642.97 priority: 0
  taskPos: 24 taskId: 961 ETC: 43856.6 priority: 0
  taskPos: 25 taskId: 543 ETC: 15826.9 priority: 0
  taskPos: 26 taskId: 836 ETC: 124806 priority: 0
  taskPos: 27 taskId: 820 ETC: 64336.2 priority: 0
  taskPos: 28 taskId: 962 ETC: 1650.85 priority: 0
> machineId: 29
  taskPos: 0 taskId: 910 ETC: 28585.1 priority: 0
  taskPos: 1 taskId: 246 ETC: 43137 priority: 0
  taskPos: 2 taskId: 133 ETC: 30907.9 priority: 0
  taskPos: 3 taskId: 758 ETC: 8816.96 priority: 0
  taskPos: 4 taskId: 415 ETC: 15479.5 priority: 0
  taskPos: 5 taskId: 173 ETC: 34109.4 priority: 0
  taskPos: 6 taskId: 89 ETC: 60530.3 priority: 0
  taskPos: 7 taskId: 486 ETC: 233035 priority: 0
  taskPos: 8 taskId: 849 ETC: 16174.9 priority: 0
  taskPos: 9 taskId: 128 ETC: 15117.6 priority: 0
  taskPos: 10 taskId: 147 ETC: 5235.79 priority: 0
  taskPos: 11 taskId: 372 ETC: 7306.82 priority: 0
  taskPos: 12 taskId: 787 ETC: 29837 priority: 0
  taskPos: 13 taskId: 929 ETC: 93865 priority: 0
  taskPos: 14 taskId: 418 ETC: 2494.73 priority: 0
  taskPos: 15 taskId: 325 ETC: 29873.5 priority: 0
  taskPos: 16 taskId: 434 ETC: 115900 priority: 0
  taskPos: 17 taskId: 668 ETC: 54736.1 priority: 0
  taskPos: 18 taskId: 143 ETC: 34553.8 priority: 0
  taskPos: 19 taskId: 41 ETC: 11956.4 priority: 0
  taskPos: 20 taskId: 677 ETC: 124883 priority: 0
  taskPos: 21 taskId: 18 ETC: 70390 priority: 0
  taskPos: 22 taskId: 91 ETC: 53034.1 priority: 0
  taskPos: 23 taskId: 504 ETC: 140794 priority: 0
  taskPos: 24 taskId: 204 ETC: 188031 priority: 0
  taskPos: 25 taskId: 985 ETC: 3090.42 priority: 0
  taskPos: 26 taskId: 159 ETC: 53093 priority: 0
  taskPos: 27 taskId: 725 ETC: 17903.5 priority: 0
  taskPos: 28 taskId: 397 ETC: 16953.4 priority: 0
  taskPos: 29 taskId: 766 ETC: 10668.3 priority: 0
  taskPos: 30 taskId: 567 ETC: 115522 priority: 0
  taskPos: 31 taskId: 321 ETC: 47409.9 priority: 0
> machineId: 30
  taskPos: 0 taskId: 69 ETC: 339.84 priority: 0
  taskPos: 1 taskId: 466 ETC: 43270.2 priority: 0
  taskPos: 2 taskId: 944 ETC: 110718 priority: 0
  taskPos: 3 taskId: 597 ETC: 46117.9 priority: 0
  taskPos: 4 taskId: 539 ETC: 81407.8 priority: 0
  taskPos: 5 taskId: 63 ETC: 7940.79 priority: 0
  taskPos: 6 taskId: 270 ETC: 82859.1 priority: 0
  taskPos: 7 taskId: 379 ETC: 1732.09 priority: 0
  taskPos: 8 taskId: 610 ETC: 31701.9 priority: 0
  taskPos: 9 taskId: 577 ETC: 18141.2 priority: 0
  taskPos: 10 taskId: 817 ETC: 98513 priority: 0
  taskPos: 11 taskId: 911 ETC: 118662 priority: 0
  taskPos: 12 taskId: 916 ETC: 79361.6 priority: 0
  taskPos: 13 taskId: 661 ETC: 29829.7 priority: 0
  taskPos: 14 taskId: 259 ETC: 806.94 priority: 0
  taskPos: 15 taskId: 703 ETC: 40484 priority: 0
  taskPos: 16 taskId: 322 ETC: 38852.8 priority: 0
  taskPos: 17 taskId: 822 ETC: 84642.8 priority: 0
  taskPos: 18 taskId: 112 ETC: 40867.2 priority: 0
  taskPos: 19 taskId: 94 ETC: 14792.9 priority: 0
  taskPos: 20 taskId: 165 ETC: 12195.1 priority: 0
  taskPos: 21 taskId: 452 ETC: 37437.9 priority: 0
  taskPos: 22 taskId: 558 ETC: 69188.7 priority: 0
  taskPos: 23 taskId: 166 ETC: 30603.1 priority: 0
  taskPos: 24 taskId: 230 ETC: 48268.1 priority: 0
  taskPos: 25 taskId: 848 ETC: 150678 priority: 0
  taskPos: 26 taskId: 116 ETC: 104233 priority: 0
  taskPos: 27 taskId: 362 ETC: 11553.6 priority: 0
  taskPos: 28 taskId: 495 ETC: 6128.78 priority: 0
  taskPos: 29 taskId: 280 ETC: 77212 priority: 0
  taskPos: 30 taskId: 659 ETC: 2697.04 priority: 0
  taskPos: 31 taskId: 738 ETC: 7545.38 priority: 0
  taskPos: 32 taskId: 58 ETC: 17164.2 priority: 0
  taskPos: 33 taskId: 532 ETC: 7162.01 priority: 0
  taskPos: 34 taskId: 560 ETC: 27581.6 priority: 0
  taskPos: 35 taskId: 501 ETC: 5451.89 priority: 0
  taskPos: 36 taskId: 915 ETC: 28120.1 priority: 0
  taskPos: 37 taskId: 740 ETC: 361.33 priority: 0
  taskPos: 38 taskId: 160 ETC: 2104.35 priority: 0
  taskPos: 39 taskId: 687 ETC: 100112 priority: 0
  taskPos: 40 taskId: 13 ETC: 13604.9 priority: 0
> machineId: 31
  taskPos: 0 taskId: 642 ETC: 21878.2 priority: 0
  taskPos: 1 taskId: 361 ETC: 1424.22 priority: 0
  taskPos: 2 taskId: 713 ETC: 231637 priority: 0
  taskPos: 3 taskId: 553 ETC: 3836.12 priority: 0
  taskPos: 4 taskId: 799 ETC: 167866 priority: 0
  taskPos: 5 taskId: 97 ETC: 113499 priority: 0
  taskPos: 6 taskId: 760 ETC: 69010.8 priority: 0
  taskPos: 7 taskId: 877 ETC: 5074.39 priority: 0
  taskPos: 8 taskId: 622 ETC: 13299.1 priority: 0
  taskPos: 9 taskId: 366 ETC: 39304.3 priority: 0
  taskPos: 10 taskId: 413 ETC: 74791.7 priority: 0
  taskPos: 11 taskId: 137 ETC: 34063.4 priority: 0
  taskPos: 12 taskId: 603 ETC: 126149 priority: 0
  taskPos: 13 taskId: 889 ETC: 280711 priority: 0
  taskPos: 14 taskId: 586 ETC: 5538.9 priority: 0
  taskPos: 15 taskId: 202 ETC: 4983.2 priority: 0
  taskPos: 16 taskId: 333 ETC: 13655.3 priority: 0
  taskPos: 17 taskId: 153 ETC: 259210 priority: 0
  taskPos: 18 taskId: 353 ETC: 13815.2 priority: 0
  taskPos: 19 taskId: 990 ETC: 17543.3 priority: 0
  taskPos: 20 taskId: 121 ETC: 7920.79 priority: 0
  taskPos: 21 taskId: 299 ETC: 31942.4 priority: 0
  taskPos: 22 taskId: 844 ETC: 25666.1 priority: 0
  taskPos: 23 taskId: 417 ETC: 280.78 priority: 0
  taskPos: 24 taskId: 1018 ETC: 289.53 priority: 0
  taskPos: 25 taskId: 731 ETC: 246.8 priority: 0
  taskPos: 26 taskId: 613 ETC: 6699.77 priority: 0
  taskPos: 27 taskId: 976 ETC: 116095 priority: 0
  taskPos: 28 taskId: 646 ETC: 5087.47 priority: 0
  taskPos: 29 taskId: 203 ETC: 15004.6 priority: 0
  taskPos: 30 taskId: 954 ETC: 2791.9 priority: 0
  taskPos: 31 taskId: 874 ETC: 20479.3 priority: 0
  taskPos: 32 taskId: 970 ETC: 14174.9 priority: 0
  taskPos: 33 taskId: 295 ETC: 1922.34 priority: 0



 :( ---------------------- THE END --------------- :) 