[H[2J[INFO] TaskCount: 1024
[INFO] MachineCount: 32

[DEBUG] Inicialización MIN-MIN

Min-Min fitness: 66684.5

[DEBUG] Inicialización Sufferage

Sufferage fitness: 84876.7

[DEBUG] Inicialización random

[DEBUG] Inicialización random

[DEBUG] Inicialización random

[DEBUG] Inicialización MCT

MCT fitness: 96681.5

[DEBUG] Inicialización random

[DEBUG] Inicialización random

[DEBUG] Inicialización random

[DEBUG] Inicialización random

[DEBUG] Inicialización MCT

MCT fitness: 99117.2

[DEBUG] Inicialización random

[DEBUG] Inicialización random

[DEBUG] Inicialización random

[DEBUG] Inicialización random

 Current State ---------------------------------------------

Current trial: 1
Current iteration: 1500
Current evaluations: 22695
Current best cost: 63313.9
Current worst cost: 63313.9
Current Average cost: 63313.9
Current Standard Deviation: 0

Trial: 
Best cost trial: 63313.9
Worst cost trial: 654277
Iteration best found in trial: 1475
Time best found trial: 2.08276e+07
Time spent in trial: 2.11913e+07

Global: 
Global best cost: 63313.9
Global worst cost: 654277
Trial best found: 1
Iteration best found: 1475
Time best found: 2.08276e+07

Current time spent (so far): 2.11913e+07
Solution
> machineId: 0
  taskPos: 0 taskId: 51 ETC: 0.13 priority: 0
  taskPos: 1 taskId: 283 ETC: 0.41 priority: 0
  taskPos: 2 taskId: 122 ETC: 43.05 priority: 0
  taskPos: 3 taskId: 147 ETC: 3.31 priority: 0
  taskPos: 4 taskId: 143 ETC: 10.18 priority: 0
  taskPos: 5 taskId: 599 ETC: 1.09 priority: 0
  taskPos: 6 taskId: 551 ETC: 10.15 priority: 0
  taskPos: 7 taskId: 685 ETC: 2.53 priority: 0
  taskPos: 8 taskId: 304 ETC: 6.13 priority: 0
  taskPos: 9 taskId: 804 ETC: 0.76 priority: 0
  taskPos: 10 taskId: 758 ETC: 3.76 priority: 0
  taskPos: 11 taskId: 232 ETC: 1.19 priority: 0
  taskPos: 12 taskId: 537 ETC: 1.57 priority: 0
  taskPos: 13 taskId: 805 ETC: 4.38 priority: 0
  taskPos: 14 taskId: 347 ETC: 5.41 priority: 0
  taskPos: 15 taskId: 16 ETC: 5.45 priority: 0
  taskPos: 16 taskId: 445 ETC: 6.46 priority: 0
  taskPos: 17 taskId: 91 ETC: 9.03 priority: 0
  taskPos: 18 taskId: 970 ETC: 9.73 priority: 0
  taskPos: 19 taskId: 848 ETC: 4.94 priority: 0
  taskPos: 20 taskId: 151 ETC: 7.61 priority: 0
  taskPos: 21 taskId: 868 ETC: 6.4 priority: 0
  taskPos: 22 taskId: 432 ETC: 11.08 priority: 0
  taskPos: 23 taskId: 356 ETC: 181.09 priority: 0
  taskPos: 24 taskId: 430 ETC: 11.12 priority: 0
  taskPos: 25 taskId: 908 ETC: 6.98 priority: 0
  taskPos: 26 taskId: 204 ETC: 20.9 priority: 0
  taskPos: 27 taskId: 883 ETC: 2.83 priority: 0
  taskPos: 28 taskId: 48 ETC: 17.53 priority: 0
  taskPos: 29 taskId: 306 ETC: 7.86 priority: 0
  taskPos: 30 taskId: 193 ETC: 4.53 priority: 0
  taskPos: 31 taskId: 540 ETC: 21.63 priority: 0
  taskPos: 32 taskId: 830 ETC: 5.91 priority: 0
  taskPos: 33 taskId: 57 ETC: 21.21 priority: 0
  taskPos: 34 taskId: 575 ETC: 8.29 priority: 0
  taskPos: 35 taskId: 169 ETC: 24.61 priority: 0
  taskPos: 36 taskId: 539 ETC: 10.22 priority: 0
  taskPos: 37 taskId: 454 ETC: 13.23 priority: 0
  taskPos: 38 taskId: 233 ETC: 10.76 priority: 0
  taskPos: 39 taskId: 80 ETC: 7.09 priority: 0
  taskPos: 40 taskId: 466 ETC: 7.11 priority: 0
  taskPos: 41 taskId: 747 ETC: 17 priority: 0
  taskPos: 42 taskId: 389 ETC: 25.42 priority: 0
  taskPos: 43 taskId: 140 ETC: 23.31 priority: 0
  taskPos: 44 taskId: 949 ETC: 13.89 priority: 0
  taskPos: 45 taskId: 489 ETC: 16.72 priority: 0
  taskPos: 46 taskId: 704 ETC: 28.61 priority: 0
  taskPos: 47 taskId: 708 ETC: 7.27 priority: 0
  taskPos: 48 taskId: 914 ETC: 26.26 priority: 0
  taskPos: 49 taskId: 779 ETC: 11.19 priority: 0
  taskPos: 50 taskId: 711 ETC: 14.5 priority: 0
  taskPos: 51 taskId: 503 ETC: 12.08 priority: 0
  taskPos: 52 taskId: 199 ETC: 17.25 priority: 0
  taskPos: 53 taskId: 106 ETC: 25.51 priority: 0
  taskPos: 54 taskId: 654 ETC: 11.64 priority: 0
  taskPos: 55 taskId: 978 ETC: 20.63 priority: 0
  taskPos: 56 taskId: 953 ETC: 24.92 priority: 0
  taskPos: 57 taskId: 54 ETC: 22.06 priority: 0
  taskPos: 58 taskId: 197 ETC: 35.78 priority: 0
  taskPos: 59 taskId: 370 ETC: 27.85 priority: 0
  taskPos: 60 taskId: 720 ETC: 14.84 priority: 0
  taskPos: 61 taskId: 655 ETC: 29.24 priority: 0
  taskPos: 62 taskId: 852 ETC: 20.32 priority: 0
  taskPos: 63 taskId: 1018 ETC: 21.55 priority: 0
  taskPos: 64 taskId: 374 ETC: 22.46 priority: 0
  taskPos: 65 taskId: 946 ETC: 22.04 priority: 0
  taskPos: 66 taskId: 829 ETC: 40.3 priority: 0
  taskPos: 67 taskId: 896 ETC: 17.28 priority: 0
  taskPos: 68 taskId: 813 ETC: 36.97 priority: 0
  taskPos: 69 taskId: 721 ETC: 26.93 priority: 0
  taskPos: 70 taskId: 547 ETC: 34.28 priority: 0
  taskPos: 71 taskId: 242 ETC: 39.25 priority: 0
  taskPos: 72 taskId: 406 ETC: 32.14 priority: 0
  taskPos: 73 taskId: 762 ETC: 32.14 priority: 0
  taskPos: 74 taskId: 843 ETC: 26.49 priority: 0
  taskPos: 75 taskId: 874 ETC: 40.05 priority: 0
  taskPos: 76 taskId: 299 ETC: 41.98 priority: 0
  taskPos: 77 taskId: 43 ETC: 36.61 priority: 0
  taskPos: 78 taskId: 281 ETC: 36.29 priority: 0
  taskPos: 79 taskId: 206 ETC: 26.39 priority: 0
  taskPos: 80 taskId: 1019 ETC: 33.66 priority: 0
  taskPos: 81 taskId: 950 ETC: 28.2 priority: 0
  taskPos: 82 taskId: 494 ETC: 38.03 priority: 0
  taskPos: 83 taskId: 461 ETC: 30.36 priority: 0
  taskPos: 84 taskId: 928 ETC: 30.76 priority: 0
  taskPos: 85 taskId: 934 ETC: 30.2 priority: 0
  taskPos: 86 taskId: 313 ETC: 48.87 priority: 0
  taskPos: 87 taskId: 478 ETC: 38.86 priority: 0
  taskPos: 88 taskId: 45 ETC: 35.1 priority: 0
  taskPos: 89 taskId: 220 ETC: 32.51 priority: 0
  taskPos: 90 taskId: 383 ETC: 41.49 priority: 0
  taskPos: 91 taskId: 357 ETC: 54.63 priority: 0
  taskPos: 92 taskId: 411 ETC: 29.77 priority: 0
  taskPos: 93 taskId: 142 ETC: 48.01 priority: 0
  taskPos: 94 taskId: 819 ETC: 38.09 priority: 0
  taskPos: 95 taskId: 326 ETC: 49.58 priority: 0
  taskPos: 96 taskId: 890 ETC: 38.4 priority: 0
  taskPos: 97 taskId: 413 ETC: 40.9 priority: 0
  taskPos: 98 taskId: 882 ETC: 43.1 priority: 0
  taskPos: 99 taskId: 784 ETC: 35.1 priority: 0
  taskPos: 100 taskId: 674 ETC: 37.42 priority: 0
  taskPos: 101 taskId: 528 ETC: 43.28 priority: 0
  taskPos: 102 taskId: 452 ETC: 43.47 priority: 0
  taskPos: 103 taskId: 166 ETC: 50.43 priority: 0
  taskPos: 104 taskId: 214 ETC: 44.23 priority: 0
  taskPos: 105 taskId: 803 ETC: 40.42 priority: 0
  taskPos: 106 taskId: 473 ETC: 57.16 priority: 0
  taskPos: 107 taskId: 284 ETC: 40.83 priority: 0
  taskPos: 108 taskId: 331 ETC: 50.82 priority: 0
  taskPos: 109 taskId: 289 ETC: 51.23 priority: 0
  taskPos: 110 taskId: 566 ETC: 43.15 priority: 0
  taskPos: 111 taskId: 208 ETC: 61.31 priority: 0
  taskPos: 112 taskId: 243 ETC: 47.9 priority: 0
  taskPos: 113 taskId: 69 ETC: 50.49 priority: 0
  taskPos: 114 taskId: 124 ETC: 46.36 priority: 0
  taskPos: 115 taskId: 541 ETC: 64.39 priority: 0
  taskPos: 116 taskId: 94 ETC: 56.71 priority: 0
  taskPos: 117 taskId: 816 ETC: 49.95 priority: 0
  taskPos: 118 taskId: 977 ETC: 46.43 priority: 0
  taskPos: 119 taskId: 692 ETC: 46.01 priority: 0
  taskPos: 120 taskId: 376 ETC: 54.01 priority: 0
  taskPos: 121 taskId: 1021 ETC: 50.38 priority: 0
  taskPos: 122 taskId: 567 ETC: 53.07 priority: 0
  taskPos: 123 taskId: 153 ETC: 69.84 priority: 0
  taskPos: 124 taskId: 611 ETC: 60.8 priority: 0
  taskPos: 125 taskId: 817 ETC: 64.96 priority: 0
  taskPos: 126 taskId: 130 ETC: 58.9 priority: 0
  taskPos: 127 taskId: 373 ETC: 52.51 priority: 0
  taskPos: 128 taskId: 368 ETC: 59.37 priority: 0
  taskPos: 129 taskId: 348 ETC: 54.43 priority: 0
  taskPos: 130 taskId: 618 ETC: 85.53 priority: 0
  taskPos: 131 taskId: 372 ETC: 90.11 priority: 0
  taskPos: 132 taskId: 565 ETC: 52.79 priority: 0
  taskPos: 133 taskId: 114 ETC: 62.92 priority: 0
  taskPos: 134 taskId: 682 ETC: 48.26 priority: 0
  taskPos: 135 taskId: 666 ETC: 61.27 priority: 0
  taskPos: 136 taskId: 838 ETC: 70.14 priority: 0
  taskPos: 137 taskId: 582 ETC: 82.58 priority: 0
  taskPos: 138 taskId: 344 ETC: 94.83 priority: 0
  taskPos: 139 taskId: 446 ETC: 95.11 priority: 0
  taskPos: 140 taskId: 635 ETC: 59.28 priority: 0
  taskPos: 141 taskId: 754 ETC: 69.04 priority: 0
  taskPos: 142 taskId: 96 ETC: 67.21 priority: 0
  taskPos: 143 taskId: 110 ETC: 86.46 priority: 0
  taskPos: 144 taskId: 131 ETC: 66.03 priority: 0
  taskPos: 145 taskId: 255 ETC: 80.16 priority: 0
  taskPos: 146 taskId: 475 ETC: 97.99 priority: 0
  taskPos: 147 taskId: 238 ETC: 94.03 priority: 0
  taskPos: 148 taskId: 469 ETC: 77.54 priority: 0
  taskPos: 149 taskId: 536 ETC: 66.62 priority: 0
  taskPos: 150 taskId: 988 ETC: 100.91 priority: 0
  taskPos: 151 taskId: 678 ETC: 64.36 priority: 0
  taskPos: 152 taskId: 254 ETC: 111.18 priority: 0
  taskPos: 153 taskId: 196 ETC: 86.06 priority: 0
  taskPos: 154 taskId: 969 ETC: 83.21 priority: 0
  taskPos: 155 taskId: 170 ETC: 110.67 priority: 0
  taskPos: 156 taskId: 662 ETC: 116.11 priority: 0
  taskPos: 157 taskId: 1011 ETC: 76.33 priority: 0
  taskPos: 158 taskId: 879 ETC: 61.19 priority: 0
  taskPos: 159 taskId: 696 ETC: 61.72 priority: 0
  taskPos: 160 taskId: 117 ETC: 75.79 priority: 0
  taskPos: 161 taskId: 241 ETC: 90.02 priority: 0
  taskPos: 162 taskId: 529 ETC: 71.42 priority: 0
  taskPos: 163 taskId: 135 ETC: 80.19 priority: 0
  taskPos: 164 taskId: 63 ETC: 98.47 priority: 0
  taskPos: 165 taskId: 211 ETC: 115.86 priority: 0
  taskPos: 166 taskId: 46 ETC: 115.18 priority: 0
  taskPos: 167 taskId: 490 ETC: 113.05 priority: 0
  taskPos: 168 taskId: 885 ETC: 81.07 priority: 0
  taskPos: 169 taskId: 73 ETC: 74.71 priority: 0
  taskPos: 170 taskId: 793 ETC: 38.49 priority: 0
  taskPos: 171 taskId: 554 ETC: 100.03 priority: 0
  taskPos: 172 taskId: 788 ETC: 110.55 priority: 0
  taskPos: 173 taskId: 390 ETC: 107.37 priority: 0
  taskPos: 174 taskId: 859 ETC: 124.02 priority: 0
  taskPos: 175 taskId: 4 ETC: 149.22 priority: 0
  taskPos: 176 taskId: 937 ETC: 103.46 priority: 0
  taskPos: 177 taskId: 872 ETC: 98.27 priority: 0
  taskPos: 178 taskId: 90 ETC: 102.69 priority: 0
  taskPos: 179 taskId: 409 ETC: 133.63 priority: 0
  taskPos: 180 taskId: 58 ETC: 126.45 priority: 0
  taskPos: 181 taskId: 330 ETC: 108.63 priority: 0
  taskPos: 182 taskId: 88 ETC: 166.39 priority: 0
  taskPos: 183 taskId: 17 ETC: 102.22 priority: 0
  taskPos: 184 taskId: 717 ETC: 117.93 priority: 0
  taskPos: 185 taskId: 880 ETC: 128.57 priority: 0
  taskPos: 186 taskId: 943 ETC: 103.04 priority: 0
  taskPos: 187 taskId: 459 ETC: 136.31 priority: 0
  taskPos: 188 taskId: 179 ETC: 106.51 priority: 0
  taskPos: 189 taskId: 564 ETC: 151.26 priority: 0
  taskPos: 190 taskId: 79 ETC: 116.51 priority: 0
  taskPos: 191 taskId: 212 ETC: 211.7 priority: 0
  taskPos: 192 taskId: 97 ETC: 164.27 priority: 0
  taskPos: 193 taskId: 492 ETC: 140.9 priority: 0
  taskPos: 194 taskId: 426 ETC: 120.15 priority: 0
  taskPos: 195 taskId: 115 ETC: 130.31 priority: 0
  taskPos: 196 taskId: 724 ETC: 165.32 priority: 0
  taskPos: 197 taskId: 358 ETC: 141.47 priority: 0
  taskPos: 198 taskId: 684 ETC: 160.98 priority: 0
  taskPos: 199 taskId: 982 ETC: 132.61 priority: 0
  taskPos: 200 taskId: 190 ETC: 126.7 priority: 0
  taskPos: 201 taskId: 556 ETC: 197.55 priority: 0
  taskPos: 202 taskId: 488 ETC: 162.81 priority: 0
  taskPos: 203 taskId: 173 ETC: 160.38 priority: 0
  taskPos: 204 taskId: 902 ETC: 146.05 priority: 0
  taskPos: 205 taskId: 1016 ETC: 203.26 priority: 0
  taskPos: 206 taskId: 794 ETC: 156.24 priority: 0
  taskPos: 207 taskId: 646 ETC: 130.33 priority: 0
  taskPos: 208 taskId: 588 ETC: 145.17 priority: 0
  taskPos: 209 taskId: 362 ETC: 188.37 priority: 0
  taskPos: 210 taskId: 572 ETC: 170.18 priority: 0
  taskPos: 211 taskId: 850 ETC: 146.6 priority: 0
  taskPos: 212 taskId: 633 ETC: 176.82 priority: 0
  taskPos: 213 taskId: 671 ETC: 189.24 priority: 0
  taskPos: 214 taskId: 385 ETC: 182.8 priority: 0
  taskPos: 215 taskId: 985 ETC: 152.92 priority: 0
  taskPos: 216 taskId: 172 ETC: 209.75 priority: 0
  taskPos: 217 taskId: 378 ETC: 229.66 priority: 0
  taskPos: 218 taskId: 690 ETC: 194.25 priority: 0
  taskPos: 219 taskId: 802 ETC: 176.36 priority: 0
  taskPos: 220 taskId: 144 ETC: 192.45 priority: 0
  taskPos: 221 taskId: 667 ETC: 168.74 priority: 0
  taskPos: 222 taskId: 502 ETC: 200.13 priority: 0
  taskPos: 223 taskId: 125 ETC: 193.55 priority: 0
  taskPos: 224 taskId: 904 ETC: 166.76 priority: 0
  taskPos: 225 taskId: 65 ETC: 222.55 priority: 0
  taskPos: 226 taskId: 984 ETC: 182.14 priority: 0
  taskPos: 227 taskId: 28 ETC: 238.35 priority: 0
  taskPos: 228 taskId: 854 ETC: 238.68 priority: 0
  taskPos: 229 taskId: 963 ETC: 178.86 priority: 0
  taskPos: 230 taskId: 189 ETC: 169.49 priority: 0
  taskPos: 231 taskId: 775 ETC: 249.61 priority: 0
  taskPos: 232 taskId: 300 ETC: 224.48 priority: 0
  taskPos: 233 taskId: 352 ETC: 196.26 priority: 0
  taskPos: 234 taskId: 865 ETC: 213.38 priority: 0
  taskPos: 235 taskId: 180 ETC: 246.52 priority: 0
  taskPos: 236 taskId: 796 ETC: 200.52 priority: 0
  taskPos: 237 taskId: 669 ETC: 195.32 priority: 0
  taskPos: 238 taskId: 945 ETC: 209.82 priority: 0
  taskPos: 239 taskId: 675 ETC: 223.31 priority: 0
  taskPos: 240 taskId: 718 ETC: 215.09 priority: 0
  taskPos: 241 taskId: 722 ETC: 222.6 priority: 0
  taskPos: 242 taskId: 100 ETC: 242.7 priority: 0
  taskPos: 243 taskId: 192 ETC: 232.58 priority: 0
  taskPos: 244 taskId: 425 ETC: 243.83 priority: 0
  taskPos: 245 taskId: 760 ETC: 206.33 priority: 0
  taskPos: 246 taskId: 168 ETC: 252.3 priority: 0
  taskPos: 247 taskId: 505 ETC: 237.39 priority: 0
  taskPos: 248 taskId: 93 ETC: 231.86 priority: 0
  taskPos: 249 taskId: 620 ETC: 255.97 priority: 0
  taskPos: 250 taskId: 919 ETC: 390.44 priority: 0
  taskPos: 251 taskId: 515 ETC: 304.02 priority: 0
  taskPos: 252 taskId: 207 ETC: 257.93 priority: 0
  taskPos: 253 taskId: 343 ETC: 263.02 priority: 0
  taskPos: 254 taskId: 34 ETC: 310.49 priority: 0
  taskPos: 255 taskId: 925 ETC: 197.7 priority: 0
  taskPos: 256 taskId: 522 ETC: 295.24 priority: 0
  taskPos: 257 taskId: 83 ETC: 310.37 priority: 0
  taskPos: 258 taskId: 573 ETC: 311.3 priority: 0
  taskPos: 259 taskId: 833 ETC: 259.89 priority: 0
  taskPos: 260 taskId: 159 ETC: 240.95 priority: 0
  taskPos: 261 taskId: 546 ETC: 254.49 priority: 0
  taskPos: 262 taskId: 92 ETC: 273.58 priority: 0
  taskPos: 263 taskId: 842 ETC: 245.12 priority: 0
  taskPos: 264 taskId: 894 ETC: 237.8 priority: 0
  taskPos: 265 taskId: 439 ETC: 277.91 priority: 0
  taskPos: 266 taskId: 781 ETC: 239.36 priority: 0
  taskPos: 267 taskId: 44 ETC: 540.63 priority: 0
  taskPos: 268 taskId: 364 ETC: 288.52 priority: 0
  taskPos: 269 taskId: 506 ETC: 378.04 priority: 0
  taskPos: 270 taskId: 224 ETC: 261.83 priority: 0
  taskPos: 271 taskId: 354 ETC: 336.39 priority: 0
  taskPos: 272 taskId: 491 ETC: 559.08 priority: 0
  taskPos: 273 taskId: 332 ETC: 288.68 priority: 0
  taskPos: 274 taskId: 759 ETC: 362.69 priority: 0
  taskPos: 275 taskId: 338 ETC: 281.29 priority: 0
  taskPos: 276 taskId: 955 ETC: 263.72 priority: 0
  taskPos: 277 taskId: 507 ETC: 470.45 priority: 0
  taskPos: 278 taskId: 191 ETC: 386.58 priority: 0
  taskPos: 279 taskId: 187 ETC: 298.44 priority: 0
  taskPos: 280 taskId: 271 ETC: 328.92 priority: 0
  taskPos: 281 taskId: 895 ETC: 452.39 priority: 0
  taskPos: 282 taskId: 498 ETC: 434.56 priority: 0
  taskPos: 283 taskId: 545 ETC: 348.56 priority: 0
  taskPos: 284 taskId: 553 ETC: 428.71 priority: 0
  taskPos: 285 taskId: 349 ETC: 420.71 priority: 0
  taskPos: 286 taskId: 660 ETC: 290.84 priority: 0
  taskPos: 287 taskId: 525 ETC: 486.95 priority: 0
  taskPos: 288 taskId: 844 ETC: 418.36 priority: 0
  taskPos: 289 taskId: 260 ETC: 453.06 priority: 0
  taskPos: 290 taskId: 973 ETC: 290.68 priority: 0
  taskPos: 291 taskId: 698 ETC: 573.09 priority: 0
  taskPos: 292 taskId: 702 ETC: 317.25 priority: 0
  taskPos: 293 taskId: 616 ETC: 273.87 priority: 0
  taskPos: 294 taskId: 688 ETC: 108.59 priority: 0
  taskPos: 295 taskId: 516 ETC: 590.96 priority: 0
  taskPos: 296 taskId: 681 ETC: 447.36 priority: 0
  taskPos: 297 taskId: 360 ETC: 557.93 priority: 0
  taskPos: 298 taskId: 799 ETC: 470.43 priority: 0
  taskPos: 299 taskId: 1002 ETC: 636.21 priority: 0
  taskPos: 300 taskId: 239 ETC: 519.49 priority: 0
  taskPos: 301 taskId: 412 ETC: 427.19 priority: 0
  taskPos: 302 taskId: 405 ETC: 970.55 priority: 0
  taskPos: 303 taskId: 818 ETC: 406.04 priority: 0
  taskPos: 304 taskId: 36 ETC: 556.59 priority: 0
  taskPos: 305 taskId: 225 ETC: 440.48 priority: 0
  taskPos: 306 taskId: 235 ETC: 638.98 priority: 0
  taskPos: 307 taskId: 87 ETC: 735.24 priority: 0
  taskPos: 308 taskId: 128 ETC: 497.4 priority: 0
  taskPos: 309 taskId: 521 ETC: 538.46 priority: 0
  taskPos: 310 taskId: 810 ETC: 665.69 priority: 0
  taskPos: 311 taskId: 877 ETC: 426.66 priority: 0
  taskPos: 312 taskId: 755 ETC: 1225.76 priority: 0
  taskPos: 313 taskId: 897 ETC: 745.18 priority: 0
  taskPos: 314 taskId: 325 ETC: 820.2 priority: 0
  taskPos: 315 taskId: 324 ETC: 3709.32 priority: 0
  taskPos: 316 taskId: 789 ETC: 505.44 priority: 0
  taskPos: 317 taskId: 715 ETC: 555.09 priority: 0
  taskPos: 318 taskId: 929 ETC: 653.32 priority: 0
  taskPos: 319 taskId: 1017 ETC: 892.2 priority: 0
  taskPos: 320 taskId: 948 ETC: 514.32 priority: 0
  taskPos: 321 taskId: 448 ETC: 709.21 priority: 0
  taskPos: 322 taskId: 154 ETC: 897.56 priority: 0
  taskPos: 323 taskId: 596 ETC: 668.03 priority: 0
  taskPos: 324 taskId: 740 ETC: 639.69 priority: 0
  taskPos: 325 taskId: 384 ETC: 671.22 priority: 0
  taskPos: 326 taskId: 1020 ETC: 807.52 priority: 0
  taskPos: 327 taskId: 974 ETC: 579.67 priority: 0
  taskPos: 328 taskId: 603 ETC: 785.02 priority: 0
  taskPos: 329 taskId: 606 ETC: 1307.83 priority: 0
  taskPos: 330 taskId: 996 ETC: 847.92 priority: 0
  taskPos: 331 taskId: 171 ETC: 414.42 priority: 0
> machineId: 1
  taskPos: 0 taskId: 75 ETC: 0.9 priority: 0
  taskPos: 1 taskId: 756 ETC: 2.62 priority: 0
  taskPos: 2 taskId: 659 ETC: 3.51 priority: 0
  taskPos: 3 taskId: 941 ETC: 7.78 priority: 0
  taskPos: 4 taskId: 52 ETC: 17.54 priority: 0
  taskPos: 5 taskId: 375 ETC: 6.49 priority: 0
  taskPos: 6 taskId: 482 ETC: 23.37 priority: 0
  taskPos: 7 taskId: 935 ETC: 23.34 priority: 0
  taskPos: 8 taskId: 1004 ETC: 32.24 priority: 0
  taskPos: 9 taskId: 748 ETC: 20.4 priority: 0
  taskPos: 10 taskId: 496 ETC: 17.1 priority: 0
  taskPos: 11 taskId: 786 ETC: 21.41 priority: 0
  taskPos: 12 taskId: 40 ETC: 48.72 priority: 0
  taskPos: 13 taskId: 315 ETC: 13.69 priority: 0
  taskPos: 14 taskId: 609 ETC: 22.57 priority: 0
  taskPos: 15 taskId: 504 ETC: 14.11 priority: 0
  taskPos: 16 taskId: 851 ETC: 32.08 priority: 0
  taskPos: 17 taskId: 487 ETC: 9.77 priority: 0
  taskPos: 18 taskId: 422 ETC: 39.91 priority: 0
  taskPos: 19 taskId: 1006 ETC: 71.59 priority: 0
  taskPos: 20 taskId: 834 ETC: 40.67 priority: 0
  taskPos: 21 taskId: 293 ETC: 28.69 priority: 0
  taskPos: 22 taskId: 53 ETC: 42.35 priority: 0
  taskPos: 23 taskId: 296 ETC: 30.72 priority: 0
  taskPos: 24 taskId: 938 ETC: 60.29 priority: 0
  taskPos: 25 taskId: 215 ETC: 44.23 priority: 0
  taskPos: 26 taskId: 38 ETC: 88.54 priority: 0
  taskPos: 27 taskId: 873 ETC: 80.61 priority: 0
  taskPos: 28 taskId: 552 ETC: 71.11 priority: 0
  taskPos: 29 taskId: 713 ETC: 74.61 priority: 0
  taskPos: 30 taskId: 861 ETC: 85.23 priority: 0
  taskPos: 31 taskId: 327 ETC: 82.92 priority: 0
  taskPos: 32 taskId: 823 ETC: 111.9 priority: 0
  taskPos: 33 taskId: 661 ETC: 58.02 priority: 0
  taskPos: 34 taskId: 60 ETC: 79.45 priority: 0
  taskPos: 35 taskId: 156 ETC: 82.5 priority: 0
  taskPos: 36 taskId: 543 ETC: 78.49 priority: 0
  taskPos: 37 taskId: 32 ETC: 91.22 priority: 0
  taskPos: 38 taskId: 399 ETC: 157.77 priority: 0
  taskPos: 39 taskId: 444 ETC: 90.82 priority: 0
  taskPos: 40 taskId: 821 ETC: 108.7 priority: 0
  taskPos: 41 taskId: 495 ETC: 121.33 priority: 0
  taskPos: 42 taskId: 301 ETC: 84.31 priority: 0
  taskPos: 43 taskId: 600 ETC: 91.41 priority: 0
  taskPos: 44 taskId: 581 ETC: 112.15 priority: 0
  taskPos: 45 taskId: 160 ETC: 114.29 priority: 0
  taskPos: 46 taskId: 355 ETC: 138.89 priority: 0
  taskPos: 47 taskId: 201 ETC: 133.31 priority: 0
  taskPos: 48 taskId: 642 ETC: 146.9 priority: 0
  taskPos: 49 taskId: 37 ETC: 149.71 priority: 0
  taskPos: 50 taskId: 809 ETC: 159.6 priority: 0
  taskPos: 51 taskId: 991 ETC: 113.82 priority: 0
  taskPos: 52 taskId: 464 ETC: 131.01 priority: 0
  taskPos: 53 taskId: 462 ETC: 113.55 priority: 0
  taskPos: 54 taskId: 574 ETC: 143.28 priority: 0
  taskPos: 55 taskId: 435 ETC: 215.31 priority: 0
  taskPos: 56 taskId: 960 ETC: 171.04 priority: 0
  taskPos: 57 taskId: 1000 ETC: 0.9 priority: 0
  taskPos: 58 taskId: 472 ETC: 232.22 priority: 0
  taskPos: 59 taskId: 15 ETC: 191.28 priority: 0
  taskPos: 60 taskId: 961 ETC: 250.95 priority: 0
  taskPos: 61 taskId: 85 ETC: 236.47 priority: 0
  taskPos: 62 taskId: 14 ETC: 296.51 priority: 0
  taskPos: 63 taskId: 1003 ETC: 296.43 priority: 0
  taskPos: 64 taskId: 290 ETC: 219.7 priority: 0
  taskPos: 65 taskId: 527 ETC: 268.65 priority: 0
  taskPos: 66 taskId: 741 ETC: 165.87 priority: 0
  taskPos: 67 taskId: 267 ETC: 175.11 priority: 0
  taskPos: 68 taskId: 968 ETC: 256.35 priority: 0
  taskPos: 69 taskId: 395 ETC: 292.2 priority: 0
  taskPos: 70 taskId: 27 ETC: 311.97 priority: 0
  taskPos: 71 taskId: 940 ETC: 309.96 priority: 0
  taskPos: 72 taskId: 320 ETC: 218.79 priority: 0
  taskPos: 73 taskId: 668 ETC: 319.23 priority: 0
  taskPos: 74 taskId: 613 ETC: 253.16 priority: 0
  taskPos: 75 taskId: 689 ETC: 401.46 priority: 0
  taskPos: 76 taskId: 768 ETC: 306.77 priority: 0
  taskPos: 77 taskId: 266 ETC: 251.54 priority: 0
  taskPos: 78 taskId: 563 ETC: 327.34 priority: 0
  taskPos: 79 taskId: 901 ETC: 341.98 priority: 0
  taskPos: 80 taskId: 631 ETC: 299.09 priority: 0
  taskPos: 81 taskId: 951 ETC: 299.31 priority: 0
  taskPos: 82 taskId: 604 ETC: 300.68 priority: 0
  taskPos: 83 taskId: 262 ETC: 312.15 priority: 0
  taskPos: 84 taskId: 350 ETC: 307.66 priority: 0
  taskPos: 85 taskId: 683 ETC: 176.12 priority: 0
  taskPos: 86 taskId: 856 ETC: 375.66 priority: 0
  taskPos: 87 taskId: 443 ETC: 415.68 priority: 0
  taskPos: 88 taskId: 434 ETC: 374.15 priority: 0
  taskPos: 89 taskId: 687 ETC: 471.38 priority: 0
  taskPos: 90 taskId: 270 ETC: 352.92 priority: 0
  taskPos: 91 taskId: 294 ETC: 315.2 priority: 0
  taskPos: 92 taskId: 163 ETC: 389.21 priority: 0
  taskPos: 93 taskId: 152 ETC: 363.95 priority: 0
  taskPos: 94 taskId: 773 ETC: 373.21 priority: 0
  taskPos: 95 taskId: 86 ETC: 532.28 priority: 0
  taskPos: 96 taskId: 1009 ETC: 477.81 priority: 0
  taskPos: 97 taskId: 608 ETC: 439.86 priority: 0
  taskPos: 98 taskId: 836 ETC: 484.64 priority: 0
  taskPos: 99 taskId: 597 ETC: 374.82 priority: 0
  taskPos: 100 taskId: 12 ETC: 473.46 priority: 0
  taskPos: 101 taskId: 351 ETC: 412.29 priority: 0
  taskPos: 102 taskId: 155 ETC: 503.05 priority: 0
  taskPos: 103 taskId: 78 ETC: 514.2 priority: 0
  taskPos: 104 taskId: 891 ETC: 73.54 priority: 0
  taskPos: 105 taskId: 335 ETC: 502.68 priority: 0
  taskPos: 106 taskId: 178 ETC: 588.27 priority: 0
  taskPos: 107 taskId: 751 ETC: 532.88 priority: 0
  taskPos: 108 taskId: 274 ETC: 565.1 priority: 0
  taskPos: 109 taskId: 279 ETC: 453.53 priority: 0
  taskPos: 110 taskId: 745 ETC: 653.57 priority: 0
  taskPos: 111 taskId: 912 ETC: 629.94 priority: 0
  taskPos: 112 taskId: 892 ETC: 571.98 priority: 0
  taskPos: 113 taskId: 533 ETC: 238.99 priority: 0
  taskPos: 114 taskId: 410 ETC: 587.1 priority: 0
  taskPos: 115 taskId: 250 ETC: 655.71 priority: 0
  taskPos: 116 taskId: 607 ETC: 598.94 priority: 0
  taskPos: 117 taskId: 699 ETC: 688.63 priority: 0
  taskPos: 118 taskId: 479 ETC: 499.2 priority: 0
  taskPos: 119 taskId: 1010 ETC: 740.31 priority: 0
  taskPos: 120 taskId: 407 ETC: 686.68 priority: 0
  taskPos: 121 taskId: 66 ETC: 834.42 priority: 0
  taskPos: 122 taskId: 827 ETC: 820.3 priority: 0
  taskPos: 123 taskId: 26 ETC: 866.23 priority: 0
  taskPos: 124 taskId: 849 ETC: 751.16 priority: 0
  taskPos: 125 taskId: 673 ETC: 794.46 priority: 0
  taskPos: 126 taskId: 710 ETC: 759.26 priority: 0
  taskPos: 127 taskId: 736 ETC: 765.8 priority: 0
  taskPos: 128 taskId: 177 ETC: 814.61 priority: 0
  taskPos: 129 taskId: 737 ETC: 1292.6 priority: 0
  taskPos: 130 taskId: 74 ETC: 1071.23 priority: 0
  taskPos: 131 taskId: 311 ETC: 1038.67 priority: 0
  taskPos: 132 taskId: 176 ETC: 1343.09 priority: 0
  taskPos: 133 taskId: 298 ETC: 1068.6 priority: 0
  taskPos: 134 taskId: 605 ETC: 1275.97 priority: 0
  taskPos: 135 taskId: 577 ETC: 1286.27 priority: 0
  taskPos: 136 taskId: 580 ETC: 1393.47 priority: 0
  taskPos: 137 taskId: 508 ETC: 1087.67 priority: 0
  taskPos: 138 taskId: 993 ETC: 1847.09 priority: 0
  taskPos: 139 taskId: 42 ETC: 1641.96 priority: 0
  taskPos: 140 taskId: 252 ETC: 1401.46 priority: 0
  taskPos: 141 taskId: 81 ETC: 2778.95 priority: 0
  taskPos: 142 taskId: 570 ETC: 1762.6 priority: 0
  taskPos: 143 taskId: 875 ETC: 1662.42 priority: 0
  taskPos: 144 taskId: 776 ETC: 1545.55 priority: 0
  taskPos: 145 taskId: 474 ETC: 1499.67 priority: 0
  taskPos: 146 taskId: 246 ETC: 1229.59 priority: 0
  taskPos: 147 taskId: 249 ETC: 1985.66 priority: 0
> machineId: 2
  taskPos: 0 taskId: 519 ETC: 6.57 priority: 0
  taskPos: 1 taskId: 449 ETC: 41.09 priority: 0
  taskPos: 2 taskId: 826 ETC: 25.13 priority: 0
  taskPos: 3 taskId: 637 ETC: 25.99 priority: 0
  taskPos: 4 taskId: 764 ETC: 44.9 priority: 0
  taskPos: 5 taskId: 561 ETC: 60.85 priority: 0
  taskPos: 6 taskId: 388 ETC: 178.93 priority: 0
  taskPos: 7 taskId: 307 ETC: 125.15 priority: 0
  taskPos: 8 taskId: 791 ETC: 29.44 priority: 0
  taskPos: 9 taskId: 82 ETC: 40.22 priority: 0
  taskPos: 10 taskId: 184 ETC: 161.32 priority: 0
  taskPos: 11 taskId: 918 ETC: 131.69 priority: 0
  taskPos: 12 taskId: 68 ETC: 69.69 priority: 0
  taskPos: 13 taskId: 847 ETC: 147.25 priority: 0
  taskPos: 14 taskId: 398 ETC: 155.67 priority: 0
  taskPos: 15 taskId: 766 ETC: 212.48 priority: 0
  taskPos: 16 taskId: 933 ETC: 212.78 priority: 0
  taskPos: 17 taskId: 486 ETC: 199.98 priority: 0
  taskPos: 18 taskId: 624 ETC: 231.68 priority: 0
  taskPos: 19 taskId: 876 ETC: 231.24 priority: 0
  taskPos: 20 taskId: 213 ETC: 213.32 priority: 0
  taskPos: 21 taskId: 416 ETC: 134.6 priority: 0
  taskPos: 22 taskId: 456 ETC: 247.4 priority: 0
  taskPos: 23 taskId: 995 ETC: 266.22 priority: 0
  taskPos: 24 taskId: 275 ETC: 260.61 priority: 0
  taskPos: 25 taskId: 532 ETC: 239.85 priority: 0
  taskPos: 26 taskId: 485 ETC: 476.16 priority: 0
  taskPos: 27 taskId: 695 ETC: 187.62 priority: 0
  taskPos: 28 taskId: 137 ETC: 498.38 priority: 0
  taskPos: 29 taskId: 840 ETC: 292.45 priority: 0
  taskPos: 30 taskId: 638 ETC: 434.12 priority: 0
  taskPos: 31 taskId: 113 ETC: 429.17 priority: 0
  taskPos: 32 taskId: 118 ETC: 395.35 priority: 0
  taskPos: 33 taskId: 903 ETC: 421.94 priority: 0
  taskPos: 34 taskId: 998 ETC: 487.34 priority: 0
  taskPos: 35 taskId: 5 ETC: 405.28 priority: 0
  taskPos: 36 taskId: 1 ETC: 412.86 priority: 0
  taskPos: 37 taskId: 542 ETC: 316.05 priority: 0
  taskPos: 38 taskId: 806 ETC: 559.02 priority: 0
  taskPos: 39 taskId: 636 ETC: 460.93 priority: 0
  taskPos: 40 taskId: 126 ETC: 627.73 priority: 0
  taskPos: 41 taskId: 571 ETC: 579.56 priority: 0
  taskPos: 42 taskId: 107 ETC: 442.79 priority: 0
  taskPos: 43 taskId: 931 ETC: 723.12 priority: 0
  taskPos: 44 taskId: 853 ETC: 626.27 priority: 0
  taskPos: 45 taskId: 334 ETC: 752.28 priority: 0
  taskPos: 46 taskId: 50 ETC: 613.19 priority: 0
  taskPos: 47 taskId: 639 ETC: 703.01 priority: 0
  taskPos: 48 taskId: 922 ETC: 886.39 priority: 0
  taskPos: 49 taskId: 21 ETC: 839.54 priority: 0
  taskPos: 50 taskId: 652 ETC: 752.82 priority: 0
  taskPos: 51 taskId: 814 ETC: 875.21 priority: 0
  taskPos: 52 taskId: 860 ETC: 865.17 priority: 0
  taskPos: 53 taskId: 857 ETC: 787.43 priority: 0
  taskPos: 54 taskId: 870 ETC: 913.69 priority: 0
  taskPos: 55 taskId: 911 ETC: 1073.78 priority: 0
  taskPos: 56 taskId: 656 ETC: 990.18 priority: 0
  taskPos: 57 taskId: 165 ETC: 866.78 priority: 0
  taskPos: 58 taskId: 560 ETC: 1232.33 priority: 0
  taskPos: 59 taskId: 975 ETC: 727.17 priority: 0
  taskPos: 60 taskId: 379 ETC: 1027.51 priority: 0
  taskPos: 61 taskId: 629 ETC: 1003.64 priority: 0
  taskPos: 62 taskId: 104 ETC: 1195.07 priority: 0
  taskPos: 63 taskId: 645 ETC: 759.22 priority: 0
  taskPos: 64 taskId: 742 ETC: 1180.43 priority: 0
  taskPos: 65 taskId: 731 ETC: 1680.26 priority: 0
  taskPos: 66 taskId: 610 ETC: 1228.61 priority: 0
  taskPos: 67 taskId: 837 ETC: 1121.68 priority: 0
  taskPos: 68 taskId: 586 ETC: 1280.97 priority: 0
  taskPos: 69 taskId: 672 ETC: 1412.55 priority: 0
  taskPos: 70 taskId: 965 ETC: 1395.62 priority: 0
  taskPos: 71 taskId: 369 ETC: 2275.6 priority: 0
  taskPos: 72 taskId: 815 ETC: 1504.18 priority: 0
  taskPos: 73 taskId: 530 ETC: 1652 priority: 0
  taskPos: 74 taskId: 697 ETC: 2034.26 priority: 0
  taskPos: 75 taskId: 56 ETC: 1885.65 priority: 0
  taskPos: 76 taskId: 783 ETC: 2871.69 priority: 0
  taskPos: 77 taskId: 403 ETC: 2645.37 priority: 0
  taskPos: 78 taskId: 158 ETC: 2105.04 priority: 0
  taskPos: 79 taskId: 962 ETC: 1712.92 priority: 0
  taskPos: 80 taskId: 161 ETC: 3896.35 priority: 0
  taskPos: 81 taskId: 431 ETC: 2076.59 priority: 0
> machineId: 3
  taskPos: 0 taskId: 510 ETC: 25.1 priority: 0
  taskPos: 1 taskId: 694 ETC: 25.27 priority: 0
  taskPos: 2 taskId: 777 ETC: 104.85 priority: 0
  taskPos: 3 taskId: 9 ETC: 354.56 priority: 0
  taskPos: 4 taskId: 523 ETC: 46.55 priority: 0
  taskPos: 5 taskId: 209 ETC: 130.11 priority: 0
  taskPos: 6 taskId: 35 ETC: 80.23 priority: 0
  taskPos: 7 taskId: 579 ETC: 36.55 priority: 0
  taskPos: 8 taskId: 774 ETC: 266.99 priority: 0
  taskPos: 9 taskId: 273 ETC: 248.6 priority: 0
  taskPos: 10 taskId: 309 ETC: 199.59 priority: 0
  taskPos: 11 taskId: 676 ETC: 289.09 priority: 0
  taskPos: 12 taskId: 223 ETC: 256.18 priority: 0
  taskPos: 13 taskId: 297 ETC: 18.83 priority: 0
  taskPos: 14 taskId: 952 ETC: 396.85 priority: 0
  taskPos: 15 taskId: 397 ETC: 208.01 priority: 0
  taskPos: 16 taskId: 808 ETC: 552.66 priority: 0
  taskPos: 17 taskId: 226 ETC: 404.4 priority: 0
  taskPos: 18 taskId: 120 ETC: 521.3 priority: 0
  taskPos: 19 taskId: 366 ETC: 312.3 priority: 0
  taskPos: 20 taskId: 227 ETC: 452.83 priority: 0
  taskPos: 21 taskId: 141 ETC: 518.22 priority: 0
  taskPos: 22 taskId: 641 ETC: 472.42 priority: 0
  taskPos: 23 taskId: 863 ETC: 729.29 priority: 0
  taskPos: 24 taskId: 257 ETC: 219.2 priority: 0
  taskPos: 25 taskId: 346 ETC: 657.05 priority: 0
  taskPos: 26 taskId: 749 ETC: 833.3 priority: 0
  taskPos: 27 taskId: 121 ETC: 2676.43 priority: 0
  taskPos: 28 taskId: 136 ETC: 695.27 priority: 0
  taskPos: 29 taskId: 716 ETC: 181.02 priority: 0
  taskPos: 30 taskId: 421 ETC: 334.79 priority: 0
  taskPos: 31 taskId: 917 ETC: 973.17 priority: 0
  taskPos: 32 taskId: 450 ETC: 570.02 priority: 0
  taskPos: 33 taskId: 812 ETC: 878.48 priority: 0
  taskPos: 34 taskId: 648 ETC: 2829.71 priority: 0
  taskPos: 35 taskId: 746 ETC: 951.94 priority: 0
  taskPos: 36 taskId: 594 ETC: 1045.54 priority: 0
  taskPos: 37 taskId: 887 ETC: 1558.96 priority: 0
  taskPos: 38 taskId: 282 ETC: 791.83 priority: 0
  taskPos: 39 taskId: 622 ETC: 896.45 priority: 0
  taskPos: 40 taskId: 442 ETC: 918.36 priority: 0
  taskPos: 41 taskId: 990 ETC: 1537.32 priority: 0
  taskPos: 42 taskId: 62 ETC: 94.61 priority: 0
  taskPos: 43 taskId: 888 ETC: 1014.82 priority: 0
  taskPos: 44 taskId: 202 ETC: 983.2 priority: 0
  taskPos: 45 taskId: 404 ETC: 1316.18 priority: 0
  taskPos: 46 taskId: 517 ETC: 1252.72 priority: 0
  taskPos: 47 taskId: 377 ETC: 1885.61 priority: 0
  taskPos: 48 taskId: 569 ETC: 1444.48 priority: 0
  taskPos: 49 taskId: 649 ETC: 1263.66 priority: 0
  taskPos: 50 taskId: 653 ETC: 2225.39 priority: 0
  taskPos: 51 taskId: 966 ETC: 1976.72 priority: 0
  taskPos: 52 taskId: 134 ETC: 1251.02 priority: 0
  taskPos: 53 taskId: 382 ETC: 1733.75 priority: 0
  taskPos: 54 taskId: 248 ETC: 2709.57 priority: 0
  taskPos: 55 taskId: 763 ETC: 3781.02 priority: 0
  taskPos: 56 taskId: 436 ETC: 1982.14 priority: 0
  taskPos: 57 taskId: 312 ETC: 2576.12 priority: 0
  taskPos: 58 taskId: 958 ETC: 2361.5 priority: 0
  taskPos: 59 taskId: 601 ETC: 33.76 priority: 0
  taskPos: 60 taskId: 994 ETC: 2507.37 priority: 0
  taskPos: 61 taskId: 371 ETC: 2021 priority: 0
  taskPos: 62 taskId: 906 ETC: 3561.61 priority: 0
> machineId: 4
  taskPos: 0 taskId: 535 ETC: 33.73 priority: 0
  taskPos: 1 taskId: 419 ETC: 47.19 priority: 0
  taskPos: 2 taskId: 67 ETC: 302.73 priority: 0
  taskPos: 3 taskId: 701 ETC: 57.42 priority: 0
  taskPos: 4 taskId: 418 ETC: 463.98 priority: 0
  taskPos: 5 taskId: 769 ETC: 143.1 priority: 0
  taskPos: 6 taskId: 314 ETC: 235.73 priority: 0
  taskPos: 7 taskId: 585 ETC: 389.16 priority: 0
  taskPos: 8 taskId: 333 ETC: 183 priority: 0
  taskPos: 9 taskId: 363 ETC: 271.62 priority: 0
  taskPos: 10 taskId: 99 ETC: 576.25 priority: 0
  taskPos: 11 taskId: 150 ETC: 446.25 priority: 0
  taskPos: 12 taskId: 77 ETC: 630 priority: 0
  taskPos: 13 taskId: 440 ETC: 753.11 priority: 0
  taskPos: 14 taskId: 658 ETC: 917.04 priority: 0
  taskPos: 15 taskId: 909 ETC: 345.92 priority: 0
  taskPos: 16 taskId: 359 ETC: 500.75 priority: 0
  taskPos: 17 taskId: 750 ETC: 957.82 priority: 0
  taskPos: 18 taskId: 84 ETC: 802.29 priority: 0
  taskPos: 19 taskId: 782 ETC: 846.27 priority: 0
  taskPos: 20 taskId: 316 ETC: 958.24 priority: 0
  taskPos: 21 taskId: 420 ETC: 884.24 priority: 0
  taskPos: 22 taskId: 414 ETC: 983.69 priority: 0
  taskPos: 23 taskId: 845 ETC: 894.31 priority: 0
  taskPos: 24 taskId: 997 ETC: 1458.63 priority: 0
  taskPos: 25 taskId: 677 ETC: 1023.88 priority: 0
  taskPos: 26 taskId: 276 ETC: 1155.5 priority: 0
  taskPos: 27 taskId: 470 ETC: 1890.19 priority: 0
  taskPos: 28 taskId: 429 ETC: 5911.03 priority: 0
  taskPos: 29 taskId: 787 ETC: 1458.8 priority: 0
  taskPos: 30 taskId: 61 ETC: 4464.89 priority: 0
  taskPos: 31 taskId: 621 ETC: 1761.55 priority: 0
  taskPos: 32 taskId: 869 ETC: 1635.33 priority: 0
  taskPos: 33 taskId: 643 ETC: 3227.24 priority: 0
  taskPos: 34 taskId: 822 ETC: 1713.84 priority: 0
  taskPos: 35 taskId: 31 ETC: 2107.9 priority: 0
  taskPos: 36 taskId: 3 ETC: 946.59 priority: 0
  taskPos: 37 taskId: 680 ETC: 1980.7 priority: 0
  taskPos: 38 taskId: 39 ETC: 3564.02 priority: 0
  taskPos: 39 taskId: 353 ETC: 2106.16 priority: 0
  taskPos: 40 taskId: 317 ETC: 2580.06 priority: 0
  taskPos: 41 taskId: 778 ETC: 2159.46 priority: 0
  taskPos: 42 taskId: 41 ETC: 2614.24 priority: 0
  taskPos: 43 taskId: 730 ETC: 1816.05 priority: 0
  taskPos: 44 taskId: 336 ETC: 4078.95 priority: 0
> machineId: 5
  taskPos: 0 taskId: 0 ETC: 3872.94 priority: 0
  taskPos: 1 taskId: 463 ETC: 155.19 priority: 0
  taskPos: 2 taskId: 181 ETC: 69.82 priority: 0
  taskPos: 3 taskId: 700 ETC: 225.6 priority: 0
  taskPos: 4 taskId: 924 ETC: 345.02 priority: 0
  taskPos: 5 taskId: 944 ETC: 763.97 priority: 0
  taskPos: 6 taskId: 900 ETC: 242.94 priority: 0
  taskPos: 7 taskId: 305 ETC: 308.41 priority: 0
  taskPos: 8 taskId: 291 ETC: 502.56 priority: 0
  taskPos: 9 taskId: 11 ETC: 1139.59 priority: 0
  taskPos: 10 taskId: 182 ETC: 638.26 priority: 0
  taskPos: 11 taskId: 438 ETC: 1027.16 priority: 0
  taskPos: 12 taskId: 244 ETC: 606.29 priority: 0
  taskPos: 13 taskId: 703 ETC: 972.94 priority: 0
  taskPos: 14 taskId: 727 ETC: 860.48 priority: 0
  taskPos: 15 taskId: 771 ETC: 1453.62 priority: 0
  taskPos: 16 taskId: 71 ETC: 1751.22 priority: 0
  taskPos: 17 taskId: 619 ETC: 1417.23 priority: 0
  taskPos: 18 taskId: 437 ETC: 812.93 priority: 0
  taskPos: 19 taskId: 916 ETC: 1229.18 priority: 0
  taskPos: 20 taskId: 795 ETC: 1967.49 priority: 0
  taskPos: 21 taskId: 820 ETC: 1250.72 priority: 0
  taskPos: 22 taskId: 123 ETC: 1864.83 priority: 0
  taskPos: 23 taskId: 584 ETC: 1780.4 priority: 0
  taskPos: 24 taskId: 164 ETC: 1796.35 priority: 0
  taskPos: 25 taskId: 846 ETC: 1463.66 priority: 0
  taskPos: 26 taskId: 866 ETC: 2432.17 priority: 0
  taskPos: 27 taskId: 119 ETC: 2775.04 priority: 0
  taskPos: 28 taskId: 593 ETC: 2262.45 priority: 0
  taskPos: 29 taskId: 424 ETC: 2548.9 priority: 0
  taskPos: 30 taskId: 259 ETC: 2202.08 priority: 0
  taskPos: 31 taskId: 157 ETC: 2879.49 priority: 0
  taskPos: 32 taskId: 1022 ETC: 3119.86 priority: 0
  taskPos: 33 taskId: 670 ETC: 3456.02 priority: 0
  taskPos: 34 taskId: 871 ETC: 3803.99 priority: 0
  taskPos: 35 taskId: 626 ETC: 4103.79 priority: 0
  taskPos: 36 taskId: 111 ETC: 4612.49 priority: 0
> machineId: 6
  taskPos: 0 taskId: 734 ETC: 484.76 priority: 0
  taskPos: 1 taskId: 318 ETC: 343.19 priority: 0
  taskPos: 2 taskId: 665 ETC: 889.38 priority: 0
  taskPos: 3 taskId: 549 ETC: 568.16 priority: 0
  taskPos: 4 taskId: 19 ETC: 142.37 priority: 0
  taskPos: 5 taskId: 25 ETC: 1129.55 priority: 0
  taskPos: 6 taskId: 509 ETC: 2138.84 priority: 0
  taskPos: 7 taskId: 345 ETC: 764.94 priority: 0
  taskPos: 8 taskId: 138 ETC: 1028.35 priority: 0
  taskPos: 9 taskId: 972 ETC: 586.76 priority: 0
  taskPos: 10 taskId: 733 ETC: 732 priority: 0
  taskPos: 11 taskId: 499 ETC: 1655.45 priority: 0
  taskPos: 12 taskId: 458 ETC: 1331.62 priority: 0
  taskPos: 13 taskId: 278 ETC: 1513.15 priority: 0
  taskPos: 14 taskId: 132 ETC: 186.04 priority: 0
  taskPos: 15 taskId: 587 ETC: 2709.75 priority: 0
  taskPos: 16 taskId: 101 ETC: 263.04 priority: 0
  taskPos: 17 taskId: 800 ETC: 1875.12 priority: 0
  taskPos: 18 taskId: 319 ETC: 1952.84 priority: 0
  taskPos: 19 taskId: 285 ETC: 3957.79 priority: 0
  taskPos: 20 taskId: 457 ETC: 3148.73 priority: 0
  taskPos: 21 taskId: 867 ETC: 2750.04 priority: 0
  taskPos: 22 taskId: 936 ETC: 2796.42 priority: 0
  taskPos: 23 taskId: 801 ETC: 2327.52 priority: 0
  taskPos: 24 taskId: 1013 ETC: 4185.19 priority: 0
  taskPos: 25 taskId: 234 ETC: 1339.15 priority: 0
  taskPos: 26 taskId: 129 ETC: 2144.51 priority: 0
  taskPos: 27 taskId: 757 ETC: 4009.4 priority: 0
  taskPos: 28 taskId: 921 ETC: 4407.01 priority: 0
  taskPos: 29 taskId: 939 ETC: 4810.76 priority: 0
  taskPos: 30 taskId: 205 ETC: 1174.68 priority: 0
  taskPos: 31 taskId: 295 ETC: 5930.33 priority: 0
> machineId: 7
  taskPos: 0 taskId: 453 ETC: 235.91 priority: 0
  taskPos: 1 taskId: 258 ETC: 498.22 priority: 0
  taskPos: 2 taskId: 292 ETC: 785.95 priority: 0
  taskPos: 3 taskId: 1007 ETC: 367.9 priority: 0
  taskPos: 4 taskId: 477 ETC: 822.63 priority: 0
  taskPos: 5 taskId: 2 ETC: 225.8 priority: 0
  taskPos: 6 taskId: 167 ETC: 2026.15 priority: 0
  taskPos: 7 taskId: 1012 ETC: 1362.95 priority: 0
  taskPos: 8 taskId: 361 ETC: 626.66 priority: 0
  taskPos: 9 taskId: 102 ETC: 1137.13 priority: 0
  taskPos: 10 taskId: 428 ETC: 1460.99 priority: 0
  taskPos: 11 taskId: 365 ETC: 5918.94 priority: 0
  taskPos: 12 taskId: 484 ETC: 702.15 priority: 0
  taskPos: 13 taskId: 272 ETC: 1669.09 priority: 0
  taskPos: 14 taskId: 562 ETC: 1037.84 priority: 0
  taskPos: 15 taskId: 186 ETC: 2594.68 priority: 0
  taskPos: 16 taskId: 1014 ETC: 5404.36 priority: 0
  taskPos: 17 taskId: 400 ETC: 1891.63 priority: 0
  taskPos: 18 taskId: 524 ETC: 2800.55 priority: 0
  taskPos: 19 taskId: 253 ETC: 7085.56 priority: 0
  taskPos: 20 taskId: 954 ETC: 3479.98 priority: 0
  taskPos: 21 taskId: 898 ETC: 3125.59 priority: 0
  taskPos: 22 taskId: 630 ETC: 3288.25 priority: 0
  taskPos: 23 taskId: 480 ETC: 4987.24 priority: 0
  taskPos: 24 taskId: 340 ETC: 3822.39 priority: 0
  taskPos: 25 taskId: 706 ETC: 1300.79 priority: 0
  taskPos: 26 taskId: 884 ETC: 4460.51 priority: 0
> machineId: 8
  taskPos: 0 taskId: 476 ETC: 1752.21 priority: 0
  taskPos: 1 taskId: 538 ETC: 526.21 priority: 0
  taskPos: 2 taskId: 765 ETC: 876.21 priority: 0
  taskPos: 3 taskId: 798 ETC: 1442.56 priority: 0
  taskPos: 4 taskId: 550 ETC: 1115.74 priority: 0
  taskPos: 5 taskId: 256 ETC: 431.74 priority: 0
  taskPos: 6 taskId: 195 ETC: 355.65 priority: 0
  taskPos: 7 taskId: 89 ETC: 1285.35 priority: 0
  taskPos: 8 taskId: 858 ETC: 127.78 priority: 0
  taskPos: 9 taskId: 614 ETC: 1726.78 priority: 0
  taskPos: 10 taskId: 263 ETC: 698.75 priority: 0
  taskPos: 11 taskId: 423 ETC: 4182.14 priority: 0
  taskPos: 12 taskId: 408 ETC: 288.8 priority: 0
  taskPos: 13 taskId: 520 ETC: 3032.18 priority: 0
  taskPos: 14 taskId: 98 ETC: 4719.53 priority: 0
  taskPos: 15 taskId: 216 ETC: 4083.26 priority: 0
  taskPos: 16 taskId: 200 ETC: 6119.39 priority: 0
  taskPos: 17 taskId: 328 ETC: 2342.15 priority: 0
  taskPos: 18 taskId: 598 ETC: 3565.98 priority: 0
  taskPos: 19 taskId: 568 ETC: 7006.74 priority: 0
  taskPos: 20 taskId: 18 ETC: 2840.12 priority: 0
  taskPos: 21 taskId: 396 ETC: 3372.09 priority: 0
  taskPos: 22 taskId: 926 ETC: 5247.86 priority: 0
  taskPos: 23 taskId: 394 ETC: 6076.05 priority: 0
> machineId: 9
  taskPos: 0 taskId: 864 ETC: 1059.44 priority: 0
  taskPos: 1 taskId: 514 ETC: 778.71 priority: 0
  taskPos: 2 taskId: 240 ETC: 145.68 priority: 0
  taskPos: 3 taskId: 251 ETC: 305.48 priority: 0
  taskPos: 4 taskId: 23 ETC: 372.76 priority: 0
  taskPos: 5 taskId: 612 ETC: 2650.78 priority: 0
  taskPos: 6 taskId: 705 ETC: 1897.08 priority: 0
  taskPos: 7 taskId: 198 ETC: 1810.72 priority: 0
  taskPos: 8 taskId: 47 ETC: 3379.47 priority: 0
  taskPos: 9 taskId: 839 ETC: 2755.78 priority: 0
  taskPos: 10 taskId: 679 ETC: 3698.37 priority: 0
  taskPos: 11 taskId: 999 ETC: 5637.46 priority: 0
  taskPos: 12 taskId: 219 ETC: 5562.41 priority: 0
  taskPos: 13 taskId: 174 ETC: 926.74 priority: 0
  taskPos: 14 taskId: 910 ETC: 8923.43 priority: 0
  taskPos: 15 taskId: 497 ETC: 5337.93 priority: 0
  taskPos: 16 taskId: 893 ETC: 2455.38 priority: 0
  taskPos: 17 taskId: 957 ETC: 1459.78 priority: 0
  taskPos: 18 taskId: 980 ETC: 4290.85 priority: 0
  taskPos: 19 taskId: 231 ETC: 5131.09 priority: 0
  taskPos: 20 taskId: 341 ETC: 931.3 priority: 0
  taskPos: 21 taskId: 878 ETC: 3504.87 priority: 0
> machineId: 10
  taskPos: 0 taskId: 203 ETC: 1054.53 priority: 0
  taskPos: 1 taskId: 967 ETC: 2230.09 priority: 0
  taskPos: 2 taskId: 264 ETC: 623.82 priority: 0
  taskPos: 3 taskId: 380 ETC: 1810.36 priority: 0
  taskPos: 4 taskId: 501 ETC: 1192.38 priority: 0
  taskPos: 5 taskId: 592 ETC: 3138.89 priority: 0
  taskPos: 6 taskId: 415 ETC: 2874.55 priority: 0
  taskPos: 7 taskId: 447 ETC: 2352.9 priority: 0
  taskPos: 8 taskId: 959 ETC: 1017.09 priority: 0
  taskPos: 9 taskId: 217 ETC: 2542.9 priority: 0
  taskPos: 10 taskId: 785 ETC: 1421.08 priority: 0
  taskPos: 11 taskId: 657 ETC: 3967.81 priority: 0
  taskPos: 12 taskId: 557 ETC: 3878.91 priority: 0
  taskPos: 13 taskId: 644 ETC: 3645.14 priority: 0
  taskPos: 14 taskId: 451 ETC: 5142.87 priority: 0
  taskPos: 15 taskId: 471 ETC: 5521.75 priority: 0
  taskPos: 16 taskId: 1015 ETC: 6234.28 priority: 0
  taskPos: 17 taskId: 862 ETC: 3769.65 priority: 0
  taskPos: 18 taskId: 367 ETC: 9920.74 priority: 0
> machineId: 11
  taskPos: 0 taskId: 13 ETC: 6831.02 priority: 0
  taskPos: 1 taskId: 886 ETC: 839.4 priority: 0
  taskPos: 2 taskId: 628 ETC: 360.17 priority: 0
  taskPos: 3 taskId: 591 ETC: 545.42 priority: 0
  taskPos: 4 taskId: 723 ETC: 1256 priority: 0
  taskPos: 5 taskId: 693 ETC: 8344.59 priority: 0
  taskPos: 6 taskId: 1005 ETC: 6354.15 priority: 0
  taskPos: 7 taskId: 483 ETC: 2871.08 priority: 0
  taskPos: 8 taskId: 342 ETC: 2608.72 priority: 0
  taskPos: 9 taskId: 393 ETC: 2002.44 priority: 0
  taskPos: 10 taskId: 807 ETC: 1731.43 priority: 0
  taskPos: 11 taskId: 971 ETC: 6609.09 priority: 0
  taskPos: 12 taskId: 139 ETC: 4471.87 priority: 0
  taskPos: 13 taskId: 109 ETC: 3573.26 priority: 0
  taskPos: 14 taskId: 927 ETC: 4873.13 priority: 0
  taskPos: 15 taskId: 647 ETC: 5101.66 priority: 0
  taskPos: 16 taskId: 237 ETC: 3883.67 priority: 0
> machineId: 12
  taskPos: 0 taskId: 55 ETC: 249.03 priority: 0
  taskPos: 1 taskId: 627 ETC: 221.61 priority: 0
  taskPos: 2 taskId: 302 ETC: 1305.92 priority: 0
  taskPos: 3 taskId: 8 ETC: 4804.49 priority: 0
  taskPos: 4 taskId: 987 ETC: 570.84 priority: 0
  taskPos: 5 taskId: 245 ETC: 1557.18 priority: 0
  taskPos: 6 taskId: 127 ETC: 4416.08 priority: 0
  taskPos: 7 taskId: 229 ETC: 1804.89 priority: 0
  taskPos: 8 taskId: 578 ETC: 7135.43 priority: 0
  taskPos: 9 taskId: 222 ETC: 811.86 priority: 0
  taskPos: 10 taskId: 70 ETC: 5533.32 priority: 0
  taskPos: 11 taskId: 761 ETC: 2889.69 priority: 0
  taskPos: 12 taskId: 310 ETC: 31.14 priority: 0
  taskPos: 13 taskId: 956 ETC: 2745.97 priority: 0
  taskPos: 14 taskId: 664 ETC: 7543.96 priority: 0
  taskPos: 15 taskId: 269 ETC: 6144.54 priority: 0
  taskPos: 16 taskId: 726 ETC: 1248.88 priority: 0
  taskPos: 17 taskId: 133 ETC: 3823.32 priority: 0
  taskPos: 18 taskId: 162 ETC: 10414.1 priority: 0
> machineId: 13
  taskPos: 0 taskId: 707 ETC: 2672.32 priority: 0
  taskPos: 1 taskId: 308 ETC: 7159.37 priority: 0
  taskPos: 2 taskId: 391 ETC: 1443.75 priority: 0
  taskPos: 3 taskId: 576 ETC: 963.7 priority: 0
  taskPos: 4 taskId: 95 ETC: 3875.51 priority: 0
  taskPos: 5 taskId: 500 ETC: 408.3 priority: 0
  taskPos: 6 taskId: 30 ETC: 6288.34 priority: 0
  taskPos: 7 taskId: 920 ETC: 4016.92 priority: 0
  taskPos: 8 taskId: 236 ETC: 5635.77 priority: 0
  taskPos: 9 taskId: 932 ETC: 10024.9 priority: 0
  taskPos: 10 taskId: 221 ETC: 7500.82 priority: 0
  taskPos: 11 taskId: 392 ETC: 6210.92 priority: 0
  taskPos: 12 taskId: 719 ETC: 4787.41 priority: 0
> machineId: 14
  taskPos: 0 taskId: 855 ETC: 2070.66 priority: 0
  taskPos: 1 taskId: 441 ETC: 2841.15 priority: 0
  taskPos: 2 taskId: 725 ETC: 5570.9 priority: 0
  taskPos: 3 taskId: 651 ETC: 5157.47 priority: 0
  taskPos: 4 taskId: 825 ETC: 7036.99 priority: 0
  taskPos: 5 taskId: 744 ETC: 1013.76 priority: 0
  taskPos: 6 taskId: 149 ETC: 5664.4 priority: 0
  taskPos: 7 taskId: 1023 ETC: 8339.25 priority: 0
  taskPos: 8 taskId: 729 ETC: 11899 priority: 0
  taskPos: 9 taskId: 323 ETC: 723.98 priority: 0
  taskPos: 10 taskId: 329 ETC: 8543.33 priority: 0
  taskPos: 11 taskId: 210 ETC: 4351.44 priority: 0
> machineId: 15
  taskPos: 0 taskId: 735 ETC: 3548.64 priority: 0
  taskPos: 1 taskId: 268 ETC: 1908.12 priority: 0
  taskPos: 2 taskId: 595 ETC: 8286.86 priority: 0
  taskPos: 3 taskId: 743 ETC: 6104.08 priority: 0
  taskPos: 4 taskId: 145 ETC: 7056.22 priority: 0
  taskPos: 5 taskId: 780 ETC: 2452.97 priority: 0
  taskPos: 6 taskId: 989 ETC: 3228.67 priority: 0
  taskPos: 7 taskId: 728 ETC: 9262.71 priority: 0
  taskPos: 8 taskId: 559 ETC: 5386.98 priority: 0
  taskPos: 9 taskId: 583 ETC: 4349.69 priority: 0
  taskPos: 10 taskId: 663 ETC: 11599.1 priority: 0
> machineId: 16
  taskPos: 0 taskId: 76 ETC: 3274.01 priority: 0
  taskPos: 1 taskId: 738 ETC: 1654.54 priority: 0
  taskPos: 2 taskId: 558 ETC: 3202.98 priority: 0
  taskPos: 3 taskId: 512 ETC: 9722.02 priority: 0
  taskPos: 4 taskId: 518 ETC: 11963.4 priority: 0
  taskPos: 5 taskId: 589 ETC: 2273.09 priority: 0
  taskPos: 6 taskId: 511 ETC: 4900.67 priority: 0
  taskPos: 7 taskId: 72 ETC: 508.49 priority: 0
  taskPos: 8 taskId: 108 ETC: 3991.58 priority: 0
  taskPos: 9 taskId: 770 ETC: 6398.48 priority: 0
  taskPos: 10 taskId: 905 ETC: 8297.91 priority: 0
  taskPos: 11 taskId: 976 ETC: 6849.36 priority: 0
> machineId: 17
  taskPos: 0 taskId: 634 ETC: 1712.29 priority: 0
  taskPos: 1 taskId: 188 ETC: 4333.15 priority: 0
  taskPos: 2 taskId: 230 ETC: 8324.59 priority: 0
  taskPos: 3 taskId: 797 ETC: 2491.7 priority: 0
  taskPos: 4 taskId: 979 ETC: 4468.23 priority: 0
  taskPos: 5 taskId: 930 ETC: 7360.75 priority: 0
  taskPos: 6 taskId: 386 ETC: 3298.27 priority: 0
  taskPos: 7 taskId: 739 ETC: 9857.74 priority: 0
  taskPos: 8 taskId: 712 ETC: 12450.9 priority: 0
  taskPos: 9 taskId: 590 ETC: 5848.44 priority: 0
  taskPos: 10 taskId: 337 ETC: 444.03 priority: 0
> machineId: 18
  taskPos: 0 taskId: 881 ETC: 11206.5 priority: 0
  taskPos: 1 taskId: 983 ETC: 8220.23 priority: 0
  taskPos: 2 taskId: 59 ETC: 11513 priority: 0
  taskPos: 3 taskId: 772 ETC: 2679.01 priority: 0
  taskPos: 4 taskId: 481 ETC: 3688.65 priority: 0
  taskPos: 5 taskId: 792 ETC: 2027.57 priority: 0
  taskPos: 6 taskId: 303 ETC: 5559.77 priority: 0
  taskPos: 7 taskId: 29 ETC: 6822.09 priority: 0
  taskPos: 8 taskId: 175 ETC: 10541.2 priority: 0
> machineId: 19
  taskPos: 0 taskId: 889 ETC: 4792.74 priority: 0
  taskPos: 1 taskId: 247 ETC: 1215.98 priority: 0
  taskPos: 2 taskId: 548 ETC: 2287.41 priority: 0
  taskPos: 3 taskId: 286 ETC: 6122.24 priority: 0
  taskPos: 4 taskId: 617 ETC: 7934.82 priority: 0
  taskPos: 5 taskId: 1008 ETC: 9679.37 priority: 0
  taskPos: 6 taskId: 832 ETC: 12118.9 priority: 0
  taskPos: 7 taskId: 824 ETC: 14975.5 priority: 0
  taskPos: 8 taskId: 103 ETC: 3491.74 priority: 0
> machineId: 20
  taskPos: 0 taskId: 194 ETC: 9079.06 priority: 0
  taskPos: 1 taskId: 947 ETC: 3427.65 priority: 0
  taskPos: 2 taskId: 753 ETC: 12923.8 priority: 0
  taskPos: 3 taskId: 277 ETC: 7065.74 priority: 0
  taskPos: 4 taskId: 923 ETC: 2674.43 priority: 0
  taskPos: 5 taskId: 148 ETC: 15316.4 priority: 0
  taskPos: 6 taskId: 280 ETC: 11975.8 priority: 0
> machineId: 21
  taskPos: 0 taskId: 691 ETC: 4413.03 priority: 0
  taskPos: 1 taskId: 709 ETC: 9212.41 priority: 0
  taskPos: 2 taskId: 10 ETC: 788.01 priority: 0
  taskPos: 3 taskId: 981 ETC: 6527.58 priority: 0
  taskPos: 4 taskId: 381 ETC: 12825.6 priority: 0
  taskPos: 5 taskId: 732 ETC: 18531.3 priority: 0
  taskPos: 6 taskId: 625 ETC: 10426.7 priority: 0
> machineId: 22
  taskPos: 0 taskId: 7 ETC: 9213.15 priority: 0
  taskPos: 1 taskId: 288 ETC: 10552.1 priority: 0
  taskPos: 2 taskId: 835 ETC: 3315.15 priority: 0
  taskPos: 3 taskId: 105 ETC: 11593.5 priority: 0
  taskPos: 4 taskId: 534 ETC: 14098.3 priority: 0
  taskPos: 5 taskId: 24 ETC: 8810.65 priority: 0
  taskPos: 6 taskId: 460 ETC: 4815.73 priority: 0
> machineId: 23
  taskPos: 0 taskId: 964 ETC: 5203.99 priority: 0
  taskPos: 1 taskId: 640 ETC: 9868.58 priority: 0
  taskPos: 2 taskId: 615 ETC: 8260.57 priority: 0
  taskPos: 3 taskId: 183 ETC: 5770.48 priority: 0
  taskPos: 4 taskId: 387 ETC: 2770.45 priority: 0
  taskPos: 5 taskId: 433 ETC: 3407.02 priority: 0
  taskPos: 6 taskId: 493 ETC: 12012.6 priority: 0
  taskPos: 7 taskId: 401 ETC: 15374.1 priority: 0
> machineId: 24
  taskPos: 0 taskId: 185 ETC: 10426.8 priority: 0
  taskPos: 1 taskId: 112 ETC: 14117.3 priority: 0
  taskPos: 2 taskId: 20 ETC: 20701 priority: 0
  taskPos: 3 taskId: 455 ETC: 3882.85 priority: 0
  taskPos: 4 taskId: 555 ETC: 3099.92 priority: 0
  taskPos: 5 taskId: 623 ETC: 2291.46 priority: 0
  taskPos: 6 taskId: 831 ETC: 8674.98 priority: 0
> machineId: 25
  taskPos: 0 taskId: 767 ETC: 14947.5 priority: 0
  taskPos: 1 taskId: 650 ETC: 4013.86 priority: 0
  taskPos: 2 taskId: 899 ETC: 9865.97 priority: 0
  taskPos: 3 taskId: 22 ETC: 17506.5 priority: 0
  taskPos: 4 taskId: 811 ETC: 9498.24 priority: 0
  taskPos: 5 taskId: 632 ETC: 6559.95 priority: 0
  taskPos: 6 taskId: 116 ETC: 606.04 priority: 0
> machineId: 26
  taskPos: 0 taskId: 228 ETC: 16739.3 priority: 0
  taskPos: 1 taskId: 339 ETC: 3131.61 priority: 0
  taskPos: 2 taskId: 287 ETC: 4977.99 priority: 0
  taskPos: 3 taskId: 602 ETC: 172.37 priority: 0
  taskPos: 4 taskId: 322 ETC: 8062.84 priority: 0
  taskPos: 5 taskId: 427 ETC: 13289 priority: 0
  taskPos: 6 taskId: 321 ETC: 16940.8 priority: 0
> machineId: 27
  taskPos: 0 taskId: 531 ETC: 3161.5 priority: 0
  taskPos: 1 taskId: 790 ETC: 5276.81 priority: 0
  taskPos: 2 taskId: 913 ETC: 10275 priority: 0
  taskPos: 3 taskId: 942 ETC: 8677.43 priority: 0
  taskPos: 4 taskId: 468 ETC: 15060.5 priority: 0
  taskPos: 5 taskId: 828 ETC: 18203.7 priority: 0
> machineId: 28
  taskPos: 0 taskId: 1001 ETC: 14164 priority: 0
  taskPos: 1 taskId: 992 ETC: 8433.54 priority: 0
  taskPos: 2 taskId: 544 ETC: 10566.6 priority: 0
  taskPos: 3 taskId: 402 ETC: 5389.16 priority: 0
  taskPos: 4 taskId: 6 ETC: 14569.8 priority: 0
  taskPos: 5 taskId: 686 ETC: 9217.03 priority: 0
> machineId: 29
  taskPos: 0 taskId: 261 ETC: 10054.6 priority: 0
  taskPos: 1 taskId: 417 ETC: 15588.1 priority: 0
  taskPos: 2 taskId: 33 ETC: 4165.13 priority: 0
  taskPos: 3 taskId: 265 ETC: 12716.7 priority: 0
  taskPos: 4 taskId: 752 ETC: 3482.27 priority: 0
  taskPos: 5 taskId: 714 ETC: 16513.2 priority: 0
> machineId: 30
  taskPos: 0 taskId: 907 ETC: 18418.3 priority: 0
  taskPos: 1 taskId: 526 ETC: 6553.68 priority: 0
  taskPos: 2 taskId: 49 ETC: 6872.11 priority: 0
  taskPos: 3 taskId: 146 ETC: 13130.6 priority: 0
  taskPos: 4 taskId: 64 ETC: 7400.91 priority: 0
  taskPos: 5 taskId: 467 ETC: 10511.1 priority: 0
> machineId: 31
  taskPos: 0 taskId: 986 ETC: 3736.35 priority: 0
  taskPos: 1 taskId: 841 ETC: 6608.13 priority: 0
  taskPos: 2 taskId: 915 ETC: 22205.1 priority: 0
  taskPos: 3 taskId: 513 ETC: 14136.2 priority: 0
  taskPos: 4 taskId: 218 ETC: 10988.9 priority: 0
  taskPos: 5 taskId: 465 ETC: 383.07 priority: 0



 :( ---------------------- THE END --------------- :) 