[H[2J[INFO] TaskCount: 1024
[INFO] MachineCount: 32

[DEBUG] Inicialización MIN-MIN

Min-Min fitness: 6.70823e+06

[DEBUG] Inicialización Sufferage

Sufferage fitness: 8.51466e+06

[DEBUG] Inicialización random

[DEBUG] Inicialización random

[DEBUG] Inicialización random

[DEBUG] Inicialización MCT

MCT fitness: 9.35207e+06

[DEBUG] Inicialización random

[DEBUG] Inicialización random

[DEBUG] Inicialización random

[DEBUG] Inicialización random

[DEBUG] Inicialización MCT

MCT fitness: 9.64135e+06

[DEBUG] Inicialización random

[DEBUG] Inicialización random

[DEBUG] Inicialización random

[DEBUG] Inicialización random

 Current State ---------------------------------------------

Current trial: 1
Current iteration: 1500
Current evaluations: 22680
Current best cost: 6.42999e+06
Current worst cost: 6.42999e+06
Current Average cost: 6.42999e+06
Current Standard Deviation: 0

Trial: 
Best cost trial: 6.42999e+06
Worst cost trial: 6.89939e+07
Iteration best found in trial: 1404
Time best found trial: 1.95248e+07
Time spent in trial: 2.08044e+07

Global: 
Global best cost: 6.42999e+06
Global worst cost: 6.89939e+07
Trial best found: 1
Iteration best found: 1404
Time best found: 1.95248e+07

Current time spent (so far): 2.08044e+07
Solution
> machineId: 0
  taskPos: 0 taskId: 791 ETC: 90.99 priority: 0
  taskPos: 1 taskId: 871 ETC: 112.57 priority: 0
  taskPos: 2 taskId: 191 ETC: 62.72 priority: 0
  taskPos: 3 taskId: 600 ETC: 115.53 priority: 0
  taskPos: 4 taskId: 830 ETC: 352.06 priority: 0
  taskPos: 5 taskId: 940 ETC: 481.61 priority: 0
  taskPos: 6 taskId: 199 ETC: 382.06 priority: 0
  taskPos: 7 taskId: 155 ETC: 417.62 priority: 0
  taskPos: 8 taskId: 433 ETC: 401.07 priority: 0
  taskPos: 9 taskId: 948 ETC: 304.29 priority: 0
  taskPos: 10 taskId: 878 ETC: 15321.3 priority: 0
  taskPos: 11 taskId: 954 ETC: 168.38 priority: 0
  taskPos: 12 taskId: 69 ETC: 358.56 priority: 0
  taskPos: 13 taskId: 892 ETC: 2936.85 priority: 0
  taskPos: 14 taskId: 18 ETC: 113.75 priority: 0
  taskPos: 15 taskId: 555 ETC: 365.84 priority: 0
  taskPos: 16 taskId: 213 ETC: 994.94 priority: 0
  taskPos: 17 taskId: 775 ETC: 273.72 priority: 0
  taskPos: 18 taskId: 788 ETC: 946.28 priority: 0
  taskPos: 19 taskId: 327 ETC: 947.49 priority: 0
  taskPos: 20 taskId: 470 ETC: 542.47 priority: 0
  taskPos: 21 taskId: 663 ETC: 151.53 priority: 0
  taskPos: 22 taskId: 969 ETC: 498.79 priority: 0
  taskPos: 23 taskId: 751 ETC: 641.63 priority: 0
  taskPos: 24 taskId: 453 ETC: 3624.71 priority: 0
  taskPos: 25 taskId: 222 ETC: 605.61 priority: 0
  taskPos: 26 taskId: 388 ETC: 987.76 priority: 0
  taskPos: 27 taskId: 534 ETC: 410.72 priority: 0
  taskPos: 28 taskId: 496 ETC: 1260.93 priority: 0
  taskPos: 29 taskId: 94 ETC: 334.97 priority: 0
  taskPos: 30 taskId: 255 ETC: 747.3 priority: 0
  taskPos: 31 taskId: 928 ETC: 4659.93 priority: 0
  taskPos: 32 taskId: 514 ETC: 888.19 priority: 0
  taskPos: 33 taskId: 13 ETC: 6653.61 priority: 0
  taskPos: 34 taskId: 445 ETC: 716.21 priority: 0
  taskPos: 35 taskId: 230 ETC: 993.16 priority: 0
  taskPos: 36 taskId: 572 ETC: 811.99 priority: 0
  taskPos: 37 taskId: 379 ETC: 1053.55 priority: 0
  taskPos: 38 taskId: 108 ETC: 1290.72 priority: 0
  taskPos: 39 taskId: 993 ETC: 408.47 priority: 0
  taskPos: 40 taskId: 355 ETC: 1035.77 priority: 0
  taskPos: 41 taskId: 594 ETC: 1693.9 priority: 0
  taskPos: 42 taskId: 588 ETC: 861.39 priority: 0
  taskPos: 43 taskId: 310 ETC: 1327.79 priority: 0
  taskPos: 44 taskId: 303 ETC: 1308.82 priority: 0
  taskPos: 45 taskId: 352 ETC: 2158.71 priority: 0
  taskPos: 46 taskId: 825 ETC: 1571.25 priority: 0
  taskPos: 47 taskId: 163 ETC: 1417.93 priority: 0
  taskPos: 48 taskId: 552 ETC: 804.79 priority: 0
  taskPos: 49 taskId: 24 ETC: 10823.4 priority: 0
  taskPos: 50 taskId: 714 ETC: 1784.37 priority: 0
  taskPos: 51 taskId: 386 ETC: 1235.43 priority: 0
  taskPos: 52 taskId: 14 ETC: 1670.35 priority: 0
  taskPos: 53 taskId: 758 ETC: 1522.9 priority: 0
  taskPos: 54 taskId: 640 ETC: 1406.22 priority: 0
  taskPos: 55 taskId: 533 ETC: 1967.48 priority: 0
  taskPos: 56 taskId: 937 ETC: 1572.44 priority: 0
  taskPos: 57 taskId: 593 ETC: 2025.47 priority: 0
  taskPos: 58 taskId: 319 ETC: 3081.67 priority: 0
  taskPos: 59 taskId: 987 ETC: 1699.94 priority: 0
  taskPos: 60 taskId: 773 ETC: 1838.64 priority: 0
  taskPos: 61 taskId: 559 ETC: 2024.57 priority: 0
  taskPos: 62 taskId: 687 ETC: 1576.79 priority: 0
  taskPos: 63 taskId: 526 ETC: 1366.79 priority: 0
  taskPos: 64 taskId: 609 ETC: 2829.61 priority: 0
  taskPos: 65 taskId: 922 ETC: 2017.53 priority: 0
  taskPos: 66 taskId: 886 ETC: 1036.51 priority: 0
  taskPos: 67 taskId: 677 ETC: 2089.87 priority: 0
  taskPos: 68 taskId: 357 ETC: 2420.78 priority: 0
  taskPos: 69 taskId: 261 ETC: 1976.54 priority: 0
  taskPos: 70 taskId: 1000 ETC: 1608.68 priority: 0
  taskPos: 71 taskId: 457 ETC: 2714.66 priority: 0
  taskPos: 72 taskId: 768 ETC: 2033.24 priority: 0
  taskPos: 73 taskId: 747 ETC: 2292.31 priority: 0
  taskPos: 74 taskId: 276 ETC: 1273.7 priority: 0
  taskPos: 75 taskId: 727 ETC: 32880.2 priority: 0
  taskPos: 76 taskId: 306 ETC: 2380.66 priority: 0
  taskPos: 77 taskId: 913 ETC: 1687.8 priority: 0
  taskPos: 78 taskId: 398 ETC: 4307 priority: 0
  taskPos: 79 taskId: 604 ETC: 2190.19 priority: 0
  taskPos: 80 taskId: 682 ETC: 2513.47 priority: 0
  taskPos: 81 taskId: 460 ETC: 2184.6 priority: 0
  taskPos: 82 taskId: 20 ETC: 1789.44 priority: 0
  taskPos: 83 taskId: 725 ETC: 3018.37 priority: 0
  taskPos: 84 taskId: 127 ETC: 3469.44 priority: 0
  taskPos: 85 taskId: 721 ETC: 2122.24 priority: 0
  taskPos: 86 taskId: 391 ETC: 3155.54 priority: 0
  taskPos: 87 taskId: 548 ETC: 2081.32 priority: 0
  taskPos: 88 taskId: 99 ETC: 33552.2 priority: 0
  taskPos: 89 taskId: 902 ETC: 2432.54 priority: 0
  taskPos: 90 taskId: 387 ETC: 5014.11 priority: 0
  taskPos: 91 taskId: 818 ETC: 3005.08 priority: 0
  taskPos: 92 taskId: 873 ETC: 3354.6 priority: 0
  taskPos: 93 taskId: 920 ETC: 1883.59 priority: 0
  taskPos: 94 taskId: 25 ETC: 2745.21 priority: 0
  taskPos: 95 taskId: 370 ETC: 2630.56 priority: 0
  taskPos: 96 taskId: 508 ETC: 2791.18 priority: 0
  taskPos: 97 taskId: 880 ETC: 3053.01 priority: 0
  taskPos: 98 taskId: 759 ETC: 2185.2 priority: 0
  taskPos: 99 taskId: 227 ETC: 4165.06 priority: 0
  taskPos: 100 taskId: 378 ETC: 3285.02 priority: 0
  taskPos: 101 taskId: 188 ETC: 3071.72 priority: 0
  taskPos: 102 taskId: 139 ETC: 4090.25 priority: 0
  taskPos: 103 taskId: 363 ETC: 3974.25 priority: 0
  taskPos: 104 taskId: 133 ETC: 3619.71 priority: 0
  taskPos: 105 taskId: 17 ETC: 3309.65 priority: 0
  taskPos: 106 taskId: 299 ETC: 3301.78 priority: 0
  taskPos: 107 taskId: 742 ETC: 3795.19 priority: 0
  taskPos: 108 taskId: 518 ETC: 3515.5 priority: 0
  taskPos: 109 taskId: 776 ETC: 4144.73 priority: 0
  taskPos: 110 taskId: 219 ETC: 4240.54 priority: 0
  taskPos: 111 taskId: 994 ETC: 4958.47 priority: 0
  taskPos: 112 taskId: 579 ETC: 4034.52 priority: 0
  taskPos: 113 taskId: 583 ETC: 3482.15 priority: 0
  taskPos: 114 taskId: 47 ETC: 4052.37 priority: 0
  taskPos: 115 taskId: 260 ETC: 3242.74 priority: 0
  taskPos: 116 taskId: 40 ETC: 3825 priority: 0
  taskPos: 117 taskId: 459 ETC: 4329.77 priority: 0
  taskPos: 118 taskId: 950 ETC: 5825.93 priority: 0
  taskPos: 119 taskId: 802 ETC: 4390.16 priority: 0
  taskPos: 120 taskId: 531 ETC: 6473.5 priority: 0
  taskPos: 121 taskId: 543 ETC: 6897.93 priority: 0
  taskPos: 122 taskId: 746 ETC: 7492.49 priority: 0
  taskPos: 123 taskId: 934 ETC: 4982.48 priority: 0
  taskPos: 124 taskId: 338 ETC: 4149.55 priority: 0
  taskPos: 125 taskId: 146 ETC: 5816.06 priority: 0
  taskPos: 126 taskId: 897 ETC: 8536.08 priority: 0
  taskPos: 127 taskId: 78 ETC: 4825.48 priority: 0
  taskPos: 128 taskId: 629 ETC: 4307.99 priority: 0
  taskPos: 129 taskId: 890 ETC: 4736.74 priority: 0
  taskPos: 130 taskId: 382 ETC: 8096.1 priority: 0
  taskPos: 131 taskId: 996 ETC: 6486.45 priority: 0
  taskPos: 132 taskId: 827 ETC: 4677.95 priority: 0
  taskPos: 133 taskId: 621 ETC: 4732.51 priority: 0
  taskPos: 134 taskId: 282 ETC: 5549.04 priority: 0
  taskPos: 135 taskId: 910 ETC: 3054.38 priority: 0
  taskPos: 136 taskId: 939 ETC: 4026.65 priority: 0
  taskPos: 137 taskId: 710 ETC: 4676.8 priority: 0
  taskPos: 138 taskId: 169 ETC: 6341.62 priority: 0
  taskPos: 139 taskId: 467 ETC: 10216.2 priority: 0
  taskPos: 140 taskId: 976 ETC: 4478.9 priority: 0
  taskPos: 141 taskId: 964 ETC: 6484.8 priority: 0
  taskPos: 142 taskId: 885 ETC: 5286.93 priority: 0
  taskPos: 143 taskId: 93 ETC: 6305.02 priority: 0
  taskPos: 144 taskId: 803 ETC: 5125.32 priority: 0
  taskPos: 145 taskId: 761 ETC: 5341.53 priority: 0
  taskPos: 146 taskId: 619 ETC: 6880.45 priority: 0
  taskPos: 147 taskId: 930 ETC: 7058.26 priority: 0
  taskPos: 148 taskId: 780 ETC: 4722.25 priority: 0
  taskPos: 149 taskId: 551 ETC: 6082.96 priority: 0
  taskPos: 150 taskId: 1012 ETC: 4402.04 priority: 0
  taskPos: 151 taskId: 472 ETC: 5564.72 priority: 0
  taskPos: 152 taskId: 826 ETC: 9072.43 priority: 0
  taskPos: 153 taskId: 506 ETC: 7678.65 priority: 0
  taskPos: 154 taskId: 103 ETC: 13320 priority: 0
  taskPos: 155 taskId: 275 ETC: 8940.17 priority: 0
  taskPos: 156 taskId: 500 ETC: 7833.79 priority: 0
  taskPos: 157 taskId: 529 ETC: 10053.5 priority: 0
  taskPos: 158 taskId: 226 ETC: 9174.63 priority: 0
  taskPos: 159 taskId: 732 ETC: 8177.11 priority: 0
  taskPos: 160 taskId: 860 ETC: 7994.51 priority: 0
  taskPos: 161 taskId: 963 ETC: 3618.94 priority: 0
  taskPos: 162 taskId: 607 ETC: 7559.56 priority: 0
  taskPos: 163 taskId: 716 ETC: 11354.2 priority: 0
  taskPos: 164 taskId: 524 ETC: 5291.73 priority: 0
  taskPos: 165 taskId: 122 ETC: 6891.41 priority: 0
  taskPos: 166 taskId: 949 ETC: 4986.71 priority: 0
  taskPos: 167 taskId: 30 ETC: 6495.92 priority: 0
  taskPos: 168 taskId: 988 ETC: 8503.77 priority: 0
  taskPos: 169 taskId: 921 ETC: 9783.94 priority: 0
  taskPos: 170 taskId: 623 ETC: 10332.2 priority: 0
  taskPos: 171 taskId: 601 ETC: 8309.45 priority: 0
  taskPos: 172 taskId: 194 ETC: 7490.72 priority: 0
  taskPos: 173 taskId: 986 ETC: 6846.48 priority: 0
  taskPos: 174 taskId: 484 ETC: 9336.44 priority: 0
  taskPos: 175 taskId: 43 ETC: 9150.37 priority: 0
  taskPos: 176 taskId: 989 ETC: 9918.46 priority: 0
  taskPos: 177 taskId: 359 ETC: 10568 priority: 0
  taskPos: 178 taskId: 544 ETC: 12544.2 priority: 0
  taskPos: 179 taskId: 231 ETC: 8765.15 priority: 0
  taskPos: 180 taskId: 374 ETC: 9241.34 priority: 0
  taskPos: 181 taskId: 519 ETC: 8359.72 priority: 0
  taskPos: 182 taskId: 312 ETC: 10995.5 priority: 0
  taskPos: 183 taskId: 882 ETC: 14724.7 priority: 0
  taskPos: 184 taskId: 590 ETC: 16374.4 priority: 0
  taskPos: 185 taskId: 181 ETC: 10844 priority: 0
  taskPos: 186 taskId: 1003 ETC: 9851.18 priority: 0
  taskPos: 187 taskId: 479 ETC: 10319.8 priority: 0
  taskPos: 188 taskId: 896 ETC: 14983.9 priority: 0
  taskPos: 189 taskId: 978 ETC: 8540.54 priority: 0
  taskPos: 190 taskId: 796 ETC: 13400.5 priority: 0
  taskPos: 191 taskId: 114 ETC: 16975.1 priority: 0
  taskPos: 192 taskId: 627 ETC: 10990 priority: 0
  taskPos: 193 taskId: 182 ETC: 19028.2 priority: 0
  taskPos: 194 taskId: 699 ETC: 11564.5 priority: 0
  taskPos: 195 taskId: 701 ETC: 12601.8 priority: 0
  taskPos: 196 taskId: 568 ETC: 12058.1 priority: 0
  taskPos: 197 taskId: 819 ETC: 11960.5 priority: 0
  taskPos: 198 taskId: 650 ETC: 11130 priority: 0
  taskPos: 199 taskId: 942 ETC: 9740.71 priority: 0
  taskPos: 200 taskId: 510 ETC: 13548.6 priority: 0
  taskPos: 201 taskId: 483 ETC: 10044 priority: 0
  taskPos: 202 taskId: 652 ETC: 9331.12 priority: 0
  taskPos: 203 taskId: 741 ETC: 9933.75 priority: 0
  taskPos: 204 taskId: 301 ETC: 12804.5 priority: 0
  taskPos: 205 taskId: 420 ETC: 15499.9 priority: 0
  taskPos: 206 taskId: 771 ETC: 17225.2 priority: 0
  taskPos: 207 taskId: 89 ETC: 18728 priority: 0
  taskPos: 208 taskId: 622 ETC: 13055 priority: 0
  taskPos: 209 taskId: 178 ETC: 22242.1 priority: 0
  taskPos: 210 taskId: 814 ETC: 13964.1 priority: 0
  taskPos: 211 taskId: 323 ETC: 14362.7 priority: 0
  taskPos: 212 taskId: 469 ETC: 15918.2 priority: 0
  taskPos: 213 taskId: 982 ETC: 16518.2 priority: 0
  taskPos: 214 taskId: 39 ETC: 14211.1 priority: 0
  taskPos: 215 taskId: 766 ETC: 18764.8 priority: 0
  taskPos: 216 taskId: 567 ETC: 18116.4 priority: 0
  taskPos: 217 taskId: 376 ETC: 19813 priority: 0
  taskPos: 218 taskId: 373 ETC: 24041.2 priority: 0
  taskPos: 219 taskId: 981 ETC: 21195.3 priority: 0
  taskPos: 220 taskId: 412 ETC: 14499.2 priority: 0
  taskPos: 221 taskId: 266 ETC: 24730.3 priority: 0
  taskPos: 222 taskId: 295 ETC: 16115.6 priority: 0
  taskPos: 223 taskId: 704 ETC: 15209.8 priority: 0
  taskPos: 224 taskId: 183 ETC: 22600.4 priority: 0
  taskPos: 225 taskId: 1009 ETC: 14773.8 priority: 0
  taskPos: 226 taskId: 277 ETC: 25422.2 priority: 0
  taskPos: 227 taskId: 698 ETC: 24238.4 priority: 0
  taskPos: 228 taskId: 279 ETC: 19325.8 priority: 0
  taskPos: 229 taskId: 333 ETC: 18194.4 priority: 0
  taskPos: 230 taskId: 400 ETC: 22886.6 priority: 0
  taskPos: 231 taskId: 339 ETC: 17727.8 priority: 0
  taskPos: 232 taskId: 248 ETC: 24485.2 priority: 0
  taskPos: 233 taskId: 824 ETC: 25946.3 priority: 0
  taskPos: 234 taskId: 615 ETC: 19119.8 priority: 0
  taskPos: 235 taskId: 450 ETC: 21228.2 priority: 0
  taskPos: 236 taskId: 828 ETC: 24142.4 priority: 0
  taskPos: 237 taskId: 247 ETC: 21312.6 priority: 0
  taskPos: 238 taskId: 54 ETC: 30620.5 priority: 0
  taskPos: 239 taskId: 1014 ETC: 15959.1 priority: 0
  taskPos: 240 taskId: 135 ETC: 24598.6 priority: 0
  taskPos: 241 taskId: 539 ETC: 19143.7 priority: 0
  taskPos: 242 taskId: 1020 ETC: 18790.1 priority: 0
  taskPos: 243 taskId: 205 ETC: 24609.4 priority: 0
  taskPos: 244 taskId: 786 ETC: 39355 priority: 0
  taskPos: 245 taskId: 966 ETC: 25401 priority: 0
  taskPos: 246 taskId: 149 ETC: 19277.8 priority: 0
  taskPos: 247 taskId: 105 ETC: 30417.9 priority: 0
  taskPos: 248 taskId: 447 ETC: 22203.3 priority: 0
  taskPos: 249 taskId: 733 ETC: 8118.92 priority: 0
  taskPos: 250 taskId: 297 ETC: 37196.7 priority: 0
  taskPos: 251 taskId: 0 ETC: 1757.54 priority: 0
  taskPos: 252 taskId: 649 ETC: 20172.5 priority: 0
  taskPos: 253 taskId: 953 ETC: 23760.7 priority: 0
  taskPos: 254 taskId: 215 ETC: 24995.8 priority: 0
  taskPos: 255 taskId: 270 ETC: 24762.8 priority: 0
  taskPos: 256 taskId: 903 ETC: 36082.2 priority: 0
  taskPos: 257 taskId: 101 ETC: 25986.2 priority: 0
  taskPos: 258 taskId: 554 ETC: 28481.1 priority: 0
  taskPos: 259 taskId: 70 ETC: 25332.9 priority: 0
  taskPos: 260 taskId: 305 ETC: 29269.6 priority: 0
  taskPos: 261 taskId: 381 ETC: 36991.4 priority: 0
  taskPos: 262 taskId: 147 ETC: 26064.1 priority: 0
  taskPos: 263 taskId: 148 ETC: 37173.4 priority: 0
  taskPos: 264 taskId: 517 ETC: 35180.9 priority: 0
  taskPos: 265 taskId: 253 ETC: 27645.2 priority: 0
  taskPos: 266 taskId: 883 ETC: 36715.1 priority: 0
  taskPos: 267 taskId: 807 ETC: 35789.4 priority: 0
  taskPos: 268 taskId: 7 ETC: 25740.9 priority: 0
  taskPos: 269 taskId: 536 ETC: 27628.8 priority: 0
  taskPos: 270 taskId: 21 ETC: 41524.2 priority: 0
  taskPos: 271 taskId: 4 ETC: 7828.04 priority: 0
  taskPos: 272 taskId: 263 ETC: 55883.3 priority: 0
  taskPos: 273 taskId: 250 ETC: 29891.6 priority: 0
  taskPos: 274 taskId: 570 ETC: 31511.8 priority: 0
  taskPos: 275 taskId: 577 ETC: 33078.1 priority: 0
  taskPos: 276 taskId: 951 ETC: 34311 priority: 0
  taskPos: 277 taskId: 492 ETC: 38273.6 priority: 0
  taskPos: 278 taskId: 799 ETC: 25560.9 priority: 0
  taskPos: 279 taskId: 643 ETC: 28453.1 priority: 0
  taskPos: 280 taskId: 465 ETC: 32814.1 priority: 0
  taskPos: 281 taskId: 486 ETC: 51953 priority: 0
  taskPos: 282 taskId: 638 ETC: 43112.4 priority: 0
  taskPos: 283 taskId: 618 ETC: 34279.8 priority: 0
  taskPos: 284 taskId: 480 ETC: 46413.7 priority: 0
  taskPos: 285 taskId: 212 ETC: 40940.6 priority: 0
  taskPos: 286 taskId: 200 ETC: 42377.2 priority: 0
  taskPos: 287 taskId: 206 ETC: 115052 priority: 0
  taskPos: 288 taskId: 210 ETC: 51403.4 priority: 0
  taskPos: 289 taskId: 87 ETC: 51442.6 priority: 0
  taskPos: 290 taskId: 718 ETC: 44157.7 priority: 0
  taskPos: 291 taskId: 639 ETC: 45522.4 priority: 0
  taskPos: 292 taskId: 816 ETC: 40644.1 priority: 0
  taskPos: 293 taskId: 630 ETC: 55766.7 priority: 0
  taskPos: 294 taskId: 172 ETC: 42819.2 priority: 0
  taskPos: 295 taskId: 330 ETC: 43430.8 priority: 0
  taskPos: 296 taskId: 935 ETC: 41779.6 priority: 0
  taskPos: 297 taskId: 915 ETC: 65729.8 priority: 0
  taskPos: 298 taskId: 632 ETC: 87810.2 priority: 0
  taskPos: 299 taskId: 944 ETC: 42284.8 priority: 0
  taskPos: 300 taskId: 1007 ETC: 62539.8 priority: 0
  taskPos: 301 taskId: 201 ETC: 62135.3 priority: 0
  taskPos: 302 taskId: 399 ETC: 55378.1 priority: 0
  taskPos: 303 taskId: 980 ETC: 72502.2 priority: 0
  taskPos: 304 taskId: 525 ETC: 76483.8 priority: 0
  taskPos: 305 taskId: 846 ETC: 47972.3 priority: 0
  taskPos: 306 taskId: 745 ETC: 62950.5 priority: 0
  taskPos: 307 taskId: 239 ETC: 55543.7 priority: 0
  taskPos: 308 taskId: 924 ETC: 68099.7 priority: 0
  taskPos: 309 taskId: 926 ETC: 47280.8 priority: 0
  taskPos: 310 taskId: 779 ETC: 59229.8 priority: 0
  taskPos: 311 taskId: 287 ETC: 46856.5 priority: 0
  taskPos: 312 taskId: 685 ETC: 44444.7 priority: 0
  taskPos: 313 taskId: 983 ETC: 64273.7 priority: 0
  taskPos: 314 taskId: 59 ETC: 69549.6 priority: 0
  taskPos: 315 taskId: 311 ETC: 42117.5 priority: 0
  taskPos: 316 taskId: 634 ETC: 89354.7 priority: 0
  taskPos: 317 taskId: 726 ETC: 71144.9 priority: 0
  taskPos: 318 taskId: 843 ETC: 83449.8 priority: 0
  taskPos: 319 taskId: 46 ETC: 64408.1 priority: 0
  taskPos: 320 taskId: 690 ETC: 59721.6 priority: 0
  taskPos: 321 taskId: 175 ETC: 103933 priority: 0
  taskPos: 322 taskId: 679 ETC: 89703.9 priority: 0
  taskPos: 323 taskId: 905 ETC: 97641.7 priority: 0
  taskPos: 324 taskId: 657 ETC: 68087.9 priority: 0
  taskPos: 325 taskId: 997 ETC: 89277.5 priority: 0
  taskPos: 326 taskId: 320 ETC: 125141 priority: 0
  taskPos: 327 taskId: 912 ETC: 83270.4 priority: 0
  taskPos: 328 taskId: 956 ETC: 78485.6 priority: 0
  taskPos: 329 taskId: 795 ETC: 41679.1 priority: 0
  taskPos: 330 taskId: 708 ETC: 148403 priority: 0
  taskPos: 331 taskId: 112 ETC: 71199.1 priority: 0
  taskPos: 332 taskId: 444 ETC: 79889.6 priority: 0
  taskPos: 333 taskId: 767 ETC: 140309 priority: 0
> machineId: 1
  taskPos: 0 taskId: 244 ETC: 164.92 priority: 0
  taskPos: 1 taskId: 861 ETC: 575.69 priority: 0
  taskPos: 2 taskId: 702 ETC: 757.21 priority: 0
  taskPos: 3 taskId: 203 ETC: 2668.4 priority: 0
  taskPos: 4 taskId: 245 ETC: 3232.12 priority: 0
  taskPos: 5 taskId: 744 ETC: 3156.39 priority: 0
  taskPos: 6 taskId: 763 ETC: 352.88 priority: 0
  taskPos: 7 taskId: 488 ETC: 1939.06 priority: 0
  taskPos: 8 taskId: 334 ETC: 1098.7 priority: 0
  taskPos: 9 taskId: 414 ETC: 1836.44 priority: 0
  taskPos: 10 taskId: 294 ETC: 1482.86 priority: 0
  taskPos: 11 taskId: 715 ETC: 3693.24 priority: 0
  taskPos: 12 taskId: 304 ETC: 4619.98 priority: 0
  taskPos: 13 taskId: 332 ETC: 5858.38 priority: 0
  taskPos: 14 taskId: 1021 ETC: 3749.14 priority: 0
  taskPos: 15 taskId: 115 ETC: 3931.11 priority: 0
  taskPos: 16 taskId: 256 ETC: 4002.27 priority: 0
  taskPos: 17 taskId: 44 ETC: 6173.06 priority: 0
  taskPos: 18 taskId: 430 ETC: 7494.87 priority: 0
  taskPos: 19 taskId: 77 ETC: 6776.05 priority: 0
  taskPos: 20 taskId: 560 ETC: 6174.52 priority: 0
  taskPos: 21 taskId: 820 ETC: 5070.09 priority: 0
  taskPos: 22 taskId: 494 ETC: 7634.3 priority: 0
  taskPos: 23 taskId: 498 ETC: 7501.58 priority: 0
  taskPos: 24 taskId: 734 ETC: 8975.17 priority: 0
  taskPos: 25 taskId: 157 ETC: 7784.86 priority: 0
  taskPos: 26 taskId: 439 ETC: 8800.76 priority: 0
  taskPos: 27 taskId: 375 ETC: 9815.61 priority: 0
  taskPos: 28 taskId: 541 ETC: 7705.32 priority: 0
  taskPos: 29 taskId: 900 ETC: 10265.1 priority: 0
  taskPos: 30 taskId: 314 ETC: 4364.3 priority: 0
  taskPos: 31 taskId: 836 ETC: 10272.9 priority: 0
  taskPos: 32 taskId: 428 ETC: 13965.2 priority: 0
  taskPos: 33 taskId: 787 ETC: 10740.5 priority: 0
  taskPos: 34 taskId: 592 ETC: 11302 priority: 0
  taskPos: 35 taskId: 992 ETC: 9932.7 priority: 0
  taskPos: 36 taskId: 150 ETC: 13580.5 priority: 0
  taskPos: 37 taskId: 395 ETC: 13887.4 priority: 0
  taskPos: 38 taskId: 748 ETC: 11651 priority: 0
  taskPos: 39 taskId: 265 ETC: 15174.7 priority: 0
  taskPos: 40 taskId: 487 ETC: 12864.1 priority: 0
  taskPos: 41 taskId: 107 ETC: 18577.2 priority: 0
  taskPos: 42 taskId: 161 ETC: 16775.6 priority: 0
  taskPos: 43 taskId: 842 ETC: 18510.7 priority: 0
  taskPos: 44 taskId: 84 ETC: 16947.5 priority: 0
  taskPos: 45 taskId: 931 ETC: 17728.5 priority: 0
  taskPos: 46 taskId: 958 ETC: 16768.1 priority: 0
  taskPos: 47 taskId: 313 ETC: 18118.9 priority: 0
  taskPos: 48 taskId: 268 ETC: 19847.6 priority: 0
  taskPos: 49 taskId: 713 ETC: 8669.39 priority: 0
  taskPos: 50 taskId: 224 ETC: 24135.4 priority: 0
  taskPos: 51 taskId: 546 ETC: 23305.3 priority: 0
  taskPos: 52 taskId: 651 ETC: 18869.3 priority: 0
  taskPos: 53 taskId: 712 ETC: 20837.1 priority: 0
  taskPos: 54 taskId: 458 ETC: 26398.8 priority: 0
  taskPos: 55 taskId: 800 ETC: 24031 priority: 0
  taskPos: 56 taskId: 119 ETC: 20780.7 priority: 0
  taskPos: 57 taskId: 364 ETC: 27272.3 priority: 0
  taskPos: 58 taskId: 764 ETC: 23526.8 priority: 0
  taskPos: 59 taskId: 851 ETC: 21285.9 priority: 0
  taskPos: 60 taskId: 938 ETC: 26838.6 priority: 0
  taskPos: 61 taskId: 947 ETC: 44915.4 priority: 0
  taskPos: 62 taskId: 839 ETC: 24842 priority: 0
  taskPos: 63 taskId: 507 ETC: 26814 priority: 0
  taskPos: 64 taskId: 290 ETC: 22691.6 priority: 0
  taskPos: 65 taskId: 738 ETC: 28208.1 priority: 0
  taskPos: 66 taskId: 162 ETC: 28479.2 priority: 0
  taskPos: 67 taskId: 422 ETC: 31640.5 priority: 0
  taskPos: 68 taskId: 520 ETC: 100900 priority: 0
  taskPos: 69 taskId: 595 ETC: 36667.3 priority: 0
  taskPos: 70 taskId: 550 ETC: 30928.6 priority: 0
  taskPos: 71 taskId: 340 ETC: 28945.2 priority: 0
  taskPos: 72 taskId: 300 ETC: 32456.4 priority: 0
  taskPos: 73 taskId: 489 ETC: 29145 priority: 0
  taskPos: 74 taskId: 636 ETC: 30581.4 priority: 0
  taskPos: 75 taskId: 167 ETC: 27783.5 priority: 0
  taskPos: 76 taskId: 132 ETC: 33272.6 priority: 0
  taskPos: 77 taskId: 889 ETC: 46249.3 priority: 0
  taskPos: 78 taskId: 278 ETC: 29565.8 priority: 0
  taskPos: 79 taskId: 599 ETC: 30840.9 priority: 0
  taskPos: 80 taskId: 152 ETC: 42866.8 priority: 0
  taskPos: 81 taskId: 686 ETC: 37023.7 priority: 0
  taskPos: 82 taskId: 351 ETC: 31306.6 priority: 0
  taskPos: 83 taskId: 678 ETC: 38538.7 priority: 0
  taskPos: 84 taskId: 427 ETC: 39722.4 priority: 0
  taskPos: 85 taskId: 343 ETC: 47379.6 priority: 0
  taskPos: 86 taskId: 1023 ETC: 32171.5 priority: 0
  taskPos: 87 taskId: 899 ETC: 44414.4 priority: 0
  taskPos: 88 taskId: 810 ETC: 46421.3 priority: 0
  taskPos: 89 taskId: 662 ETC: 49602.1 priority: 0
  taskPos: 90 taskId: 587 ETC: 36528.8 priority: 0
  taskPos: 91 taskId: 258 ETC: 4784.04 priority: 0
  taskPos: 92 taskId: 694 ETC: 56809.3 priority: 0
  taskPos: 93 taskId: 959 ETC: 44471.4 priority: 0
  taskPos: 94 taskId: 918 ETC: 64724.1 priority: 0
  taskPos: 95 taskId: 396 ETC: 39943.6 priority: 0
  taskPos: 96 taskId: 793 ETC: 19922.4 priority: 0
  taskPos: 97 taskId: 365 ETC: 49713.9 priority: 0
  taskPos: 98 taskId: 411 ETC: 57300.1 priority: 0
  taskPos: 99 taskId: 156 ETC: 60449.5 priority: 0
  taskPos: 100 taskId: 608 ETC: 58412.4 priority: 0
  taskPos: 101 taskId: 530 ETC: 61391.9 priority: 0
  taskPos: 102 taskId: 891 ETC: 90895.7 priority: 0
  taskPos: 103 taskId: 90 ETC: 64832.8 priority: 0
  taskPos: 104 taskId: 126 ETC: 72745.7 priority: 0
  taskPos: 105 taskId: 840 ETC: 40671.4 priority: 0
  taskPos: 106 taskId: 348 ETC: 72131.1 priority: 0
  taskPos: 107 taskId: 914 ETC: 65726.7 priority: 0
  taskPos: 108 taskId: 455 ETC: 54915.2 priority: 0
  taskPos: 109 taskId: 111 ETC: 82017.4 priority: 0
  taskPos: 110 taskId: 603 ETC: 60030.7 priority: 0
  taskPos: 111 taskId: 185 ETC: 78780.4 priority: 0
  taskPos: 112 taskId: 566 ETC: 64982.9 priority: 0
  taskPos: 113 taskId: 267 ETC: 88413.4 priority: 0
  taskPos: 114 taskId: 45 ETC: 108935 priority: 0
  taskPos: 115 taskId: 241 ETC: 70229.3 priority: 0
  taskPos: 116 taskId: 821 ETC: 88864.7 priority: 0
  taskPos: 117 taskId: 113 ETC: 78597.8 priority: 0
  taskPos: 118 taskId: 409 ETC: 110494 priority: 0
  taskPos: 119 taskId: 192 ETC: 91806.7 priority: 0
  taskPos: 120 taskId: 393 ETC: 89958.8 priority: 0
  taskPos: 121 taskId: 586 ETC: 64431.4 priority: 0
  taskPos: 122 taskId: 911 ETC: 106919 priority: 0
  taskPos: 123 taskId: 34 ETC: 98518.7 priority: 0
  taskPos: 124 taskId: 190 ETC: 94751 priority: 0
  taskPos: 125 taskId: 198 ETC: 97916.8 priority: 0
  taskPos: 126 taskId: 371 ETC: 127247 priority: 0
  taskPos: 127 taskId: 476 ETC: 111870 priority: 0
  taskPos: 128 taskId: 329 ETC: 168159 priority: 0
  taskPos: 129 taskId: 485 ETC: 93242.6 priority: 0
  taskPos: 130 taskId: 100 ETC: 137101 priority: 0
  taskPos: 131 taskId: 392 ETC: 140730 priority: 0
  taskPos: 132 taskId: 589 ETC: 118766 priority: 0
  taskPos: 133 taskId: 797 ETC: 90130.2 priority: 0
  taskPos: 134 taskId: 735 ETC: 284271 priority: 0
  taskPos: 135 taskId: 154 ETC: 92768.7 priority: 0
  taskPos: 136 taskId: 611 ETC: 176134 priority: 0
  taskPos: 137 taskId: 415 ETC: 128451 priority: 0
  taskPos: 138 taskId: 720 ETC: 201180 priority: 0
  taskPos: 139 taskId: 760 ETC: 128184 priority: 0
  taskPos: 140 taskId: 1010 ETC: 180703 priority: 0
> machineId: 2
  taskPos: 0 taskId: 743 ETC: 298.96 priority: 0
  taskPos: 1 taskId: 523 ETC: 41451.1 priority: 0
  taskPos: 2 taskId: 1016 ETC: 2097.68 priority: 0
  taskPos: 3 taskId: 985 ETC: 2213.09 priority: 0
  taskPos: 4 taskId: 813 ETC: 24838.7 priority: 0
  taskPos: 5 taskId: 973 ETC: 1284.49 priority: 0
  taskPos: 6 taskId: 798 ETC: 117189 priority: 0
  taskPos: 7 taskId: 144 ETC: 4443.09 priority: 0
  taskPos: 8 taskId: 325 ETC: 8448.48 priority: 0
  taskPos: 9 taskId: 695 ETC: 8018.64 priority: 0
  taskPos: 10 taskId: 829 ETC: 1021.16 priority: 0
  taskPos: 11 taskId: 431 ETC: 9300.79 priority: 0
  taskPos: 12 taskId: 597 ETC: 8788.86 priority: 0
  taskPos: 13 taskId: 246 ETC: 6246.76 priority: 0
  taskPos: 14 taskId: 917 ETC: 11726 priority: 0
  taskPos: 15 taskId: 670 ETC: 28691.6 priority: 0
  taskPos: 16 taskId: 438 ETC: 20373.5 priority: 0
  taskPos: 17 taskId: 558 ETC: 18254.4 priority: 0
  taskPos: 18 taskId: 647 ETC: 21560.7 priority: 0
  taskPos: 19 taskId: 214 ETC: 20092.2 priority: 0
  taskPos: 20 taskId: 635 ETC: 30545.8 priority: 0
  taskPos: 21 taskId: 855 ETC: 21772.2 priority: 0
  taskPos: 22 taskId: 739 ETC: 28011.4 priority: 0
  taskPos: 23 taskId: 849 ETC: 34266.8 priority: 0
  taskPos: 24 taskId: 31 ETC: 87616.1 priority: 0
  taskPos: 25 taskId: 360 ETC: 18064.3 priority: 0
  taskPos: 26 taskId: 616 ETC: 15288.5 priority: 0
  taskPos: 27 taskId: 291 ETC: 10210.8 priority: 0
  taskPos: 28 taskId: 696 ETC: 27072.5 priority: 0
  taskPos: 29 taskId: 345 ETC: 35003.9 priority: 0
  taskPos: 30 taskId: 684 ETC: 3618.92 priority: 0
  taskPos: 31 taskId: 223 ETC: 43377.3 priority: 0
  taskPos: 32 taskId: 783 ETC: 40272 priority: 0
  taskPos: 33 taskId: 833 ETC: 30573.2 priority: 0
  taskPos: 34 taskId: 967 ETC: 38914.7 priority: 0
  taskPos: 35 taskId: 979 ETC: 41074.9 priority: 0
  taskPos: 36 taskId: 864 ETC: 43676.2 priority: 0
  taskPos: 37 taskId: 835 ETC: 42183.3 priority: 0
  taskPos: 38 taskId: 434 ETC: 34581.6 priority: 0
  taskPos: 39 taskId: 1011 ETC: 53927.3 priority: 0
  taskPos: 40 taskId: 749 ETC: 43874.7 priority: 0
  taskPos: 41 taskId: 578 ETC: 49338.5 priority: 0
  taskPos: 42 taskId: 164 ETC: 47360.4 priority: 0
  taskPos: 43 taskId: 737 ETC: 52686.1 priority: 0
  taskPos: 44 taskId: 906 ETC: 64566.9 priority: 0
  taskPos: 45 taskId: 354 ETC: 43868 priority: 0
  taskPos: 46 taskId: 823 ETC: 53224.4 priority: 0
  taskPos: 47 taskId: 1019 ETC: 70958.9 priority: 0
  taskPos: 48 taskId: 867 ETC: 53746.7 priority: 0
  taskPos: 49 taskId: 853 ETC: 69432.9 priority: 0
  taskPos: 50 taskId: 769 ETC: 59073.9 priority: 0
  taskPos: 51 taskId: 857 ETC: 64640.9 priority: 0
  taskPos: 52 taskId: 493 ETC: 79332.5 priority: 0
  taskPos: 53 taskId: 865 ETC: 79366.2 priority: 0
  taskPos: 54 taskId: 463 ETC: 51248 priority: 0
  taskPos: 55 taskId: 497 ETC: 138114 priority: 0
  taskPos: 56 taskId: 125 ETC: 51329.6 priority: 0
  taskPos: 57 taskId: 97 ETC: 87152.2 priority: 0
  taskPos: 58 taskId: 446 ETC: 68036.1 priority: 0
  taskPos: 59 taskId: 929 ETC: 55903.3 priority: 0
  taskPos: 60 taskId: 289 ETC: 87135.4 priority: 0
  taskPos: 61 taskId: 941 ETC: 96768.3 priority: 0
  taskPos: 62 taskId: 1004 ETC: 94713 priority: 0
  taskPos: 63 taskId: 309 ETC: 68359 priority: 0
  taskPos: 64 taskId: 57 ETC: 65897 priority: 0
  taskPos: 65 taskId: 28 ETC: 76714.2 priority: 0
  taskPos: 66 taskId: 977 ETC: 124692 priority: 0
  taskPos: 67 taskId: 456 ETC: 114610 priority: 0
  taskPos: 68 taskId: 673 ETC: 94741.8 priority: 0
  taskPos: 69 taskId: 410 ETC: 81986.8 priority: 0
  taskPos: 70 taskId: 341 ETC: 110678 priority: 0
  taskPos: 71 taskId: 418 ETC: 109974 priority: 0
  taskPos: 72 taskId: 859 ETC: 121574 priority: 0
  taskPos: 73 taskId: 995 ETC: 149093 priority: 0
  taskPos: 74 taskId: 972 ETC: 103806 priority: 0
  taskPos: 75 taskId: 131 ETC: 137510 priority: 0
  taskPos: 76 taskId: 95 ETC: 111316 priority: 0
  taskPos: 77 taskId: 10 ETC: 159283 priority: 0
  taskPos: 78 taskId: 254 ETC: 204899 priority: 0
  taskPos: 79 taskId: 671 ETC: 171458 priority: 0
  taskPos: 80 taskId: 358 ETC: 159895 priority: 0
  taskPos: 81 taskId: 790 ETC: 188255 priority: 0
  taskPos: 82 taskId: 286 ETC: 210537 priority: 0
  taskPos: 83 taskId: 104 ETC: 178010 priority: 0
  taskPos: 84 taskId: 894 ETC: 130019 priority: 0
  taskPos: 85 taskId: 252 ETC: 198870 priority: 0
  taskPos: 86 taskId: 537 ETC: 198886 priority: 0
  taskPos: 87 taskId: 866 ETC: 259578 priority: 0
  taskPos: 88 taskId: 521 ETC: 299497 priority: 0
> machineId: 3
  taskPos: 0 taskId: 284 ETC: 7708.37 priority: 0
  taskPos: 1 taskId: 602 ETC: 2874.32 priority: 0
  taskPos: 2 taskId: 421 ETC: 746.54 priority: 0
  taskPos: 3 taskId: 468 ETC: 28025.4 priority: 0
  taskPos: 4 taskId: 71 ETC: 3093.23 priority: 0
  taskPos: 5 taskId: 72 ETC: 26642.5 priority: 0
  taskPos: 6 taskId: 236 ETC: 8263.83 priority: 0
  taskPos: 7 taskId: 408 ETC: 10166.2 priority: 0
  taskPos: 8 taskId: 79 ETC: 21180.5 priority: 0
  taskPos: 9 taskId: 38 ETC: 30097.8 priority: 0
  taskPos: 10 taskId: 884 ETC: 26965.5 priority: 0
  taskPos: 11 taskId: 383 ETC: 32323.5 priority: 0
  taskPos: 12 taskId: 504 ETC: 53815.5 priority: 0
  taskPos: 13 taskId: 834 ETC: 51602.6 priority: 0
  taskPos: 14 taskId: 283 ETC: 13406.4 priority: 0
  taskPos: 15 taskId: 1002 ETC: 24279.5 priority: 0
  taskPos: 16 taskId: 961 ETC: 44626.7 priority: 0
  taskPos: 17 taskId: 106 ETC: 27466.1 priority: 0
  taskPos: 18 taskId: 461 ETC: 38524.8 priority: 0
  taskPos: 19 taskId: 624 ETC: 40180.4 priority: 0
  taskPos: 20 taskId: 151 ETC: 12099 priority: 0
  taskPos: 21 taskId: 478 ETC: 55430.6 priority: 0
  taskPos: 22 taskId: 960 ETC: 47567 priority: 0
  taskPos: 23 taskId: 120 ETC: 49050.9 priority: 0
  taskPos: 24 taskId: 692 ETC: 52893.9 priority: 0
  taskPos: 25 taskId: 173 ETC: 76700.6 priority: 0
  taskPos: 26 taskId: 221 ETC: 85546.7 priority: 0
  taskPos: 27 taskId: 875 ETC: 55805.7 priority: 0
  taskPos: 28 taskId: 656 ETC: 59109.7 priority: 0
  taskPos: 29 taskId: 848 ETC: 92265.3 priority: 0
  taskPos: 30 taskId: 242 ETC: 68151 priority: 0
  taskPos: 31 taskId: 74 ETC: 83268.5 priority: 0
  taskPos: 32 taskId: 877 ETC: 71281.9 priority: 0
  taskPos: 33 taskId: 674 ETC: 87040.8 priority: 0
  taskPos: 34 taskId: 724 ETC: 73054.3 priority: 0
  taskPos: 35 taskId: 841 ETC: 88669.5 priority: 0
  taskPos: 36 taskId: 249 ETC: 86250.5 priority: 0
  taskPos: 37 taskId: 369 ETC: 88973.4 priority: 0
  taskPos: 38 taskId: 501 ETC: 89554.6 priority: 0
  taskPos: 39 taskId: 932 ETC: 126185 priority: 0
  taskPos: 40 taskId: 118 ETC: 151992 priority: 0
  taskPos: 41 taskId: 753 ETC: 126796 priority: 0
  taskPos: 42 taskId: 612 ETC: 193630 priority: 0
  taskPos: 43 taskId: 730 ETC: 98919 priority: 0
  taskPos: 44 taskId: 16 ETC: 114440 priority: 0
  taskPos: 45 taskId: 171 ETC: 148967 priority: 0
  taskPos: 46 taskId: 436 ETC: 95292.7 priority: 0
  taskPos: 47 taskId: 462 ETC: 115099 priority: 0
  taskPos: 48 taskId: 975 ETC: 158732 priority: 0
  taskPos: 49 taskId: 675 ETC: 323672 priority: 0
  taskPos: 50 taskId: 324 ETC: 155995 priority: 0
  taskPos: 51 taskId: 991 ETC: 205028 priority: 0
  taskPos: 52 taskId: 124 ETC: 253629 priority: 0
  taskPos: 53 taskId: 666 ETC: 159942 priority: 0
  taskPos: 54 taskId: 116 ETC: 222936 priority: 0
  taskPos: 55 taskId: 717 ETC: 258162 priority: 0
  taskPos: 56 taskId: 302 ETC: 157351 priority: 0
  taskPos: 57 taskId: 35 ETC: 149475 priority: 0
  taskPos: 58 taskId: 321 ETC: 213486 priority: 0
  taskPos: 59 taskId: 170 ETC: 251053 priority: 0
  taskPos: 60 taskId: 85 ETC: 201892 priority: 0
  taskPos: 61 taskId: 999 ETC: 357817 priority: 0
  taskPos: 62 taskId: 575 ETC: 263102 priority: 0
> machineId: 4
  taskPos: 0 taskId: 451 ETC: 1867.77 priority: 0
  taskPos: 1 taskId: 308 ETC: 22996.6 priority: 0
  taskPos: 2 taskId: 908 ETC: 6371 priority: 0
  taskPos: 3 taskId: 384 ETC: 14748.7 priority: 0
  taskPos: 4 taskId: 251 ETC: 25013.4 priority: 0
  taskPos: 5 taskId: 547 ETC: 41166.7 priority: 0
  taskPos: 6 taskId: 423 ETC: 32547.4 priority: 0
  taskPos: 7 taskId: 777 ETC: 4123.72 priority: 0
  taskPos: 8 taskId: 76 ETC: 78083.4 priority: 0
  taskPos: 9 taskId: 53 ETC: 41565.6 priority: 0
  taskPos: 10 taskId: 281 ETC: 74374.6 priority: 0
  taskPos: 11 taskId: 637 ETC: 48268.9 priority: 0
  taskPos: 12 taskId: 562 ETC: 74413.6 priority: 0
  taskPos: 13 taskId: 844 ETC: 43761.6 priority: 0
  taskPos: 14 taskId: 669 ETC: 65149.4 priority: 0
  taskPos: 15 taskId: 502 ETC: 3436.82 priority: 0
  taskPos: 16 taskId: 9 ETC: 207409 priority: 0
  taskPos: 17 taskId: 238 ETC: 68454.9 priority: 0
  taskPos: 18 taskId: 228 ETC: 55979.8 priority: 0
  taskPos: 19 taskId: 271 ETC: 73157.4 priority: 0
  taskPos: 20 taskId: 42 ETC: 94494.4 priority: 0
  taskPos: 21 taskId: 606 ETC: 101821 priority: 0
  taskPos: 22 taskId: 204 ETC: 115018 priority: 0
  taskPos: 23 taskId: 711 ETC: 98482.8 priority: 0
  taskPos: 24 taskId: 361 ETC: 84462.1 priority: 0
  taskPos: 25 taskId: 2 ETC: 65542.5 priority: 0
  taskPos: 26 taskId: 368 ETC: 184951 priority: 0
  taskPos: 27 taskId: 919 ETC: 129903 priority: 0
  taskPos: 28 taskId: 781 ETC: 191007 priority: 0
  taskPos: 29 taskId: 580 ETC: 129960 priority: 0
  taskPos: 30 taskId: 372 ETC: 168118 priority: 0
  taskPos: 31 taskId: 218 ETC: 197110 priority: 0
  taskPos: 32 taskId: 130 ETC: 143628 priority: 0
  taskPos: 33 taskId: 852 ETC: 114493 priority: 0
  taskPos: 34 taskId: 202 ETC: 292199 priority: 0
  taskPos: 35 taskId: 495 ETC: 102751 priority: 0
  taskPos: 36 taskId: 719 ETC: 61414 priority: 0
  taskPos: 37 taskId: 499 ETC: 383825 priority: 0
  taskPos: 38 taskId: 535 ETC: 242005 priority: 0
  taskPos: 39 taskId: 129 ETC: 172067 priority: 0
  taskPos: 40 taskId: 556 ETC: 154696 priority: 0
  taskPos: 41 taskId: 838 ETC: 207514 priority: 0
  taskPos: 42 taskId: 754 ETC: 407835 priority: 0
  taskPos: 43 taskId: 96 ETC: 282841 priority: 0
  taskPos: 44 taskId: 868 ETC: 326335 priority: 0
  taskPos: 45 taskId: 83 ETC: 261512 priority: 0
  taskPos: 46 taskId: 946 ETC: 178301 priority: 0
  taskPos: 47 taskId: 895 ETC: 207501 priority: 0
  taskPos: 48 taskId: 862 ETC: 342365 priority: 0
> machineId: 5
  taskPos: 0 taskId: 642 ETC: 36732.8 priority: 0
  taskPos: 1 taskId: 61 ETC: 278386 priority: 0
  taskPos: 2 taskId: 755 ETC: 2178.58 priority: 0
  taskPos: 3 taskId: 464 ETC: 16710.6 priority: 0
  taskPos: 4 taskId: 216 ETC: 25816.5 priority: 0
  taskPos: 5 taskId: 82 ETC: 33518.6 priority: 0
  taskPos: 6 taskId: 220 ETC: 97616.9 priority: 0
  taskPos: 7 taskId: 815 ETC: 46698.2 priority: 0
  taskPos: 8 taskId: 11 ETC: 62580.5 priority: 0
  taskPos: 9 taskId: 691 ETC: 56611.8 priority: 0
  taskPos: 10 taskId: 784 ETC: 130519 priority: 0
  taskPos: 11 taskId: 553 ETC: 61550.1 priority: 0
  taskPos: 12 taskId: 909 ETC: 57024.1 priority: 0
  taskPos: 13 taskId: 195 ETC: 127550 priority: 0
  taskPos: 14 taskId: 490 ETC: 116961 priority: 0
  taskPos: 15 taskId: 1013 ETC: 216902 priority: 0
  taskPos: 16 taskId: 503 ETC: 77200.3 priority: 0
  taskPos: 17 taskId: 138 ETC: 151034 priority: 0
  taskPos: 18 taskId: 189 ETC: 123276 priority: 0
  taskPos: 19 taskId: 664 ETC: 101604 priority: 0
  taskPos: 20 taskId: 706 ETC: 144748 priority: 0
  taskPos: 21 taskId: 233 ETC: 207158 priority: 0
  taskPos: 22 taskId: 160 ETC: 134652 priority: 0
  taskPos: 23 taskId: 723 ETC: 178469 priority: 0
  taskPos: 24 taskId: 782 ETC: 330833 priority: 0
  taskPos: 25 taskId: 397 ETC: 354682 priority: 0
  taskPos: 26 taskId: 92 ETC: 184466 priority: 0
  taskPos: 27 taskId: 440 ETC: 256974 priority: 0
  taskPos: 28 taskId: 417 ETC: 408298 priority: 0
  taskPos: 29 taskId: 974 ETC: 215983 priority: 0
  taskPos: 30 taskId: 65 ETC: 403809 priority: 0
  taskPos: 31 taskId: 240 ETC: 269827 priority: 0
  taskPos: 32 taskId: 689 ETC: 309187 priority: 0
  taskPos: 33 taskId: 668 ETC: 227292 priority: 0
  taskPos: 34 taskId: 402 ETC: 399796 priority: 0
  taskPos: 35 taskId: 705 ETC: 276338 priority: 0
  taskPos: 36 taskId: 6 ETC: 154026 priority: 0
> machineId: 6
  taskPos: 0 taskId: 177 ETC: 12705.9 priority: 0
  taskPos: 1 taskId: 772 ETC: 35068.2 priority: 0
  taskPos: 2 taskId: 722 ETC: 10589.1 priority: 0
  taskPos: 3 taskId: 211 ETC: 69345.4 priority: 0
  taskPos: 4 taskId: 965 ETC: 44875.4 priority: 0
  taskPos: 5 taskId: 659 ETC: 166622 priority: 0
  taskPos: 6 taskId: 432 ETC: 27049.2 priority: 0
  taskPos: 7 taskId: 293 ETC: 200199 priority: 0
  taskPos: 8 taskId: 952 ETC: 63072.1 priority: 0
  taskPos: 9 taskId: 955 ETC: 106292 priority: 0
  taskPos: 10 taskId: 298 ETC: 65092.6 priority: 0
  taskPos: 11 taskId: 23 ETC: 167386 priority: 0
  taskPos: 12 taskId: 804 ETC: 78506 priority: 0
  taskPos: 13 taskId: 406 ETC: 100393 priority: 0
  taskPos: 14 taskId: 179 ETC: 240435 priority: 0
  taskPos: 15 taskId: 736 ETC: 37816.1 priority: 0
  taskPos: 16 taskId: 648 ETC: 1044.9 priority: 0
  taskPos: 17 taskId: 856 ETC: 246955 priority: 0
  taskPos: 18 taskId: 850 ETC: 174895 priority: 0
  taskPos: 19 taskId: 435 ETC: 224571 priority: 0
  taskPos: 20 taskId: 655 ETC: 127477 priority: 0
  taskPos: 21 taskId: 789 ETC: 242398 priority: 0
  taskPos: 22 taskId: 633 ETC: 145469 priority: 0
  taskPos: 23 taskId: 477 ETC: 323358 priority: 0
  taskPos: 24 taskId: 660 ETC: 263945 priority: 0
  taskPos: 25 taskId: 628 ETC: 174738 priority: 0
  taskPos: 26 taskId: 3 ETC: 363556 priority: 0
  taskPos: 27 taskId: 407 ETC: 461844 priority: 0
  taskPos: 28 taskId: 437 ETC: 431643 priority: 0
  taskPos: 29 taskId: 168 ETC: 439206 priority: 0
  taskPos: 30 taskId: 425 ETC: 283677 priority: 0
  taskPos: 31 taskId: 429 ETC: 668287 priority: 0
  taskPos: 32 taskId: 582 ETC: 395732 priority: 0
> machineId: 7
  taskPos: 0 taskId: 811 ETC: 21053.4 priority: 0
  taskPos: 1 taskId: 858 ETC: 7999.4 priority: 0
  taskPos: 2 taskId: 208 ETC: 52079 priority: 0
  taskPos: 3 taskId: 389 ETC: 42017.9 priority: 0
  taskPos: 4 taskId: 288 ETC: 109168 priority: 0
  taskPos: 5 taskId: 349 ETC: 87054.7 priority: 0
  taskPos: 6 taskId: 159 ETC: 16134.5 priority: 0
  taskPos: 7 taskId: 86 ETC: 67314.5 priority: 0
  taskPos: 8 taskId: 845 ETC: 126475 priority: 0
  taskPos: 9 taskId: 66 ETC: 103256 priority: 0
  taskPos: 10 taskId: 971 ETC: 222990 priority: 0
  taskPos: 11 taskId: 565 ETC: 163449 priority: 0
  taskPos: 12 taskId: 347 ETC: 138124 priority: 0
  taskPos: 13 taskId: 405 ETC: 180165 priority: 0
  taskPos: 14 taskId: 626 ETC: 318998 priority: 0
  taskPos: 15 taskId: 331 ETC: 291338 priority: 0
  taskPos: 16 taskId: 970 ETC: 185727 priority: 0
  taskPos: 17 taskId: 243 ETC: 251573 priority: 0
  taskPos: 18 taskId: 56 ETC: 368501 priority: 0
  taskPos: 19 taskId: 350 ETC: 296439 priority: 0
  taskPos: 20 taskId: 707 ETC: 268409 priority: 0
  taskPos: 21 taskId: 765 ETC: 566109 priority: 0
  taskPos: 22 taskId: 285 ETC: 273019 priority: 0
  taskPos: 23 taskId: 237 ETC: 415688 priority: 0
  taskPos: 24 taskId: 1008 ETC: 462734 priority: 0
  taskPos: 25 taskId: 545 ETC: 434749 priority: 0
  taskPos: 26 taskId: 448 ETC: 589603 priority: 0
  taskPos: 27 taskId: 33 ETC: 325577 priority: 0
> machineId: 8
  taskPos: 0 taskId: 576 ETC: 60101.9 priority: 0
  taskPos: 1 taskId: 511 ETC: 93819.5 priority: 0
  taskPos: 2 taskId: 898 ETC: 110527 priority: 0
  taskPos: 3 taskId: 805 ETC: 15069.2 priority: 0
  taskPos: 4 taskId: 984 ETC: 41828.8 priority: 0
  taskPos: 5 taskId: 874 ETC: 200566 priority: 0
  taskPos: 6 taskId: 801 ETC: 34999.2 priority: 0
  taskPos: 7 taskId: 454 ETC: 52935.1 priority: 0
  taskPos: 8 taskId: 605 ETC: 283158 priority: 0
  taskPos: 9 taskId: 653 ETC: 161693 priority: 0
  taskPos: 10 taskId: 377 ETC: 413480 priority: 0
  taskPos: 11 taskId: 806 ETC: 142610 priority: 0
  taskPos: 12 taskId: 449 ETC: 91243.5 priority: 0
  taskPos: 13 taskId: 404 ETC: 364731 priority: 0
  taskPos: 14 taskId: 561 ETC: 193689 priority: 0
  taskPos: 15 taskId: 64 ETC: 210176 priority: 0
  taskPos: 16 taskId: 584 ETC: 629324 priority: 0
  taskPos: 17 taskId: 385 ETC: 336472 priority: 0
  taskPos: 18 taskId: 232 ETC: 162391 priority: 0
  taskPos: 19 taskId: 8 ETC: 654392 priority: 0
  taskPos: 20 taskId: 870 ETC: 686693 priority: 0
  taskPos: 21 taskId: 693 ETC: 294575 priority: 0
  taskPos: 22 taskId: 346 ETC: 717626 priority: 0
  taskPos: 23 taskId: 596 ETC: 400897 priority: 0
> machineId: 9
  taskPos: 0 taskId: 907 ETC: 68484.4 priority: 0
  taskPos: 1 taskId: 1015 ETC: 138921 priority: 0
  taskPos: 2 taskId: 36 ETC: 107394 priority: 0
  taskPos: 3 taskId: 681 ETC: 44477.8 priority: 0
  taskPos: 4 taskId: 888 ETC: 18584.9 priority: 0
  taskPos: 5 taskId: 136 ETC: 188505 priority: 0
  taskPos: 6 taskId: 109 ETC: 229801 priority: 0
  taskPos: 7 taskId: 217 ETC: 257520 priority: 0
  taskPos: 8 taskId: 598 ETC: 315322 priority: 0
  taskPos: 9 taskId: 945 ETC: 227874 priority: 0
  taskPos: 10 taskId: 419 ETC: 657226 priority: 0
  taskPos: 11 taskId: 620 ETC: 557463 priority: 0
  taskPos: 12 taskId: 482 ETC: 715414 priority: 0
  taskPos: 13 taskId: 269 ETC: 441413 priority: 0
  taskPos: 14 taskId: 491 ETC: 299773 priority: 0
  taskPos: 15 taskId: 540 ETC: 311122 priority: 0
  taskPos: 16 taskId: 998 ETC: 496923 priority: 0
  taskPos: 17 taskId: 367 ETC: 373693 priority: 0
  taskPos: 18 taskId: 869 ETC: 659765 priority: 0
> machineId: 10
  taskPos: 0 taskId: 234 ETC: 21566.2 priority: 0
  taskPos: 1 taskId: 452 ETC: 114682 priority: 0
  taskPos: 2 taskId: 513 ETC: 82327.8 priority: 0
  taskPos: 3 taskId: 962 ETC: 57541.1 priority: 0
  taskPos: 4 taskId: 474 ETC: 205711 priority: 0
  taskPos: 5 taskId: 52 ETC: 139918 priority: 0
  taskPos: 6 taskId: 32 ETC: 925390 priority: 0
  taskPos: 7 taskId: 665 ETC: 332856 priority: 0
  taskPos: 8 taskId: 68 ETC: 354702 priority: 0
  taskPos: 9 taskId: 328 ETC: 182071 priority: 0
  taskPos: 10 taskId: 37 ETC: 300526 priority: 0
  taskPos: 11 taskId: 832 ETC: 277188 priority: 0
  taskPos: 12 taskId: 1 ETC: 374570 priority: 0
  taskPos: 13 taskId: 207 ETC: 435848 priority: 0
  taskPos: 14 taskId: 549 ETC: 718893 priority: 0
  taskPos: 15 taskId: 778 ETC: 504136 priority: 0
  taskPos: 16 taskId: 322 ETC: 620517 priority: 0
  taskPos: 17 taskId: 134 ETC: 777836 priority: 0
> machineId: 11
  taskPos: 0 taskId: 88 ETC: 170983 priority: 0
  taskPos: 1 taskId: 512 ETC: 139334 priority: 0
  taskPos: 2 taskId: 509 ETC: 107805 priority: 0
  taskPos: 3 taskId: 296 ETC: 496357 priority: 0
  taskPos: 4 taskId: 750 ETC: 73590.2 priority: 0
  taskPos: 5 taskId: 91 ETC: 240444 priority: 0
  taskPos: 6 taskId: 683 ETC: 26607.4 priority: 0
  taskPos: 7 taskId: 471 ETC: 8616.67 priority: 0
  taskPos: 8 taskId: 342 ETC: 706021 priority: 0
  taskPos: 9 taskId: 1017 ETC: 539915 priority: 0
  taskPos: 10 taskId: 645 ETC: 371590 priority: 0
  taskPos: 11 taskId: 752 ETC: 1.03819e+06 priority: 0
  taskPos: 12 taskId: 538 ETC: 573282 priority: 0
  taskPos: 13 taskId: 1006 ETC: 258312 priority: 0
  taskPos: 14 taskId: 344 ETC: 512495 priority: 0
  taskPos: 15 taskId: 186 ETC: 417965 priority: 0
  taskPos: 16 taskId: 262 ETC: 748474 priority: 0
> machineId: 12
  taskPos: 0 taskId: 505 ETC: 29092.7 priority: 0
  taskPos: 1 taskId: 571 ETC: 74971.5 priority: 0
  taskPos: 2 taskId: 709 ETC: 350213 priority: 0
  taskPos: 3 taskId: 532 ETC: 159548 priority: 0
  taskPos: 4 taskId: 22 ETC: 531169 priority: 0
  taskPos: 5 taskId: 184 ETC: 126632 priority: 0
  taskPos: 6 taskId: 174 ETC: 433076 priority: 0
  taskPos: 7 taskId: 774 ETC: 303147 priority: 0
  taskPos: 8 taskId: 528 ETC: 488822 priority: 0
  taskPos: 9 taskId: 644 ETC: 925061 priority: 0
  taskPos: 10 taskId: 366 ETC: 219144 priority: 0
  taskPos: 11 taskId: 225 ETC: 302209 priority: 0
  taskPos: 12 taskId: 822 ETC: 695211 priority: 0
  taskPos: 13 taskId: 661 ETC: 725273 priority: 0
  taskPos: 14 taskId: 29 ETC: 570100 priority: 0
> machineId: 13
  taskPos: 0 taskId: 785 ETC: 42632.4 priority: 0
  taskPos: 1 taskId: 273 ETC: 287347 priority: 0
  taskPos: 2 taskId: 591 ETC: 259958 priority: 0
  taskPos: 3 taskId: 196 ETC: 207598 priority: 0
  taskPos: 4 taskId: 356 ETC: 87183.4 priority: 0
  taskPos: 5 taskId: 756 ETC: 217814 priority: 0
  taskPos: 6 taskId: 837 ETC: 325650 priority: 0
  taskPos: 7 taskId: 55 ETC: 914831 priority: 0
  taskPos: 8 taskId: 573 ETC: 338207 priority: 0
  taskPos: 9 taskId: 235 ETC: 571291 priority: 0
  taskPos: 10 taskId: 809 ETC: 822565 priority: 0
  taskPos: 11 taskId: 625 ETC: 514695 priority: 0
  taskPos: 12 taskId: 585 ETC: 1.14714e+06 priority: 0
  taskPos: 13 taskId: 831 ETC: 691398 priority: 0
> machineId: 14
  taskPos: 0 taskId: 145 ETC: 461938 priority: 0
  taskPos: 1 taskId: 48 ETC: 40424 priority: 0
  taskPos: 2 taskId: 728 ETC: 183918 priority: 0
  taskPos: 3 taskId: 307 ETC: 1.27564e+06 priority: 0
  taskPos: 4 taskId: 5 ETC: 235404 priority: 0
  taskPos: 5 taskId: 142 ETC: 50165.8 priority: 0
  taskPos: 6 taskId: 731 ETC: 616043 priority: 0
  taskPos: 7 taskId: 193 ETC: 45571.4 priority: 0
  taskPos: 8 taskId: 441 ETC: 104723 priority: 0
  taskPos: 9 taskId: 688 ETC: 709060 priority: 0
  taskPos: 10 taskId: 847 ETC: 44072.6 priority: 0
  taskPos: 11 taskId: 808 ETC: 300111 priority: 0
  taskPos: 12 taskId: 257 ETC: 71856.8 priority: 0
  taskPos: 13 taskId: 1005 ETC: 409593 priority: 0
  taskPos: 14 taskId: 466 ETC: 957168 priority: 0
  taskPos: 15 taskId: 990 ETC: 823838 priority: 0
> machineId: 15
  taskPos: 0 taskId: 610 ETC: 139117 priority: 0
  taskPos: 1 taskId: 141 ETC: 481209 priority: 0
  taskPos: 2 taskId: 522 ETC: 296313 priority: 0
  taskPos: 3 taskId: 757 ETC: 569029 priority: 0
  taskPos: 4 taskId: 1001 ETC: 210110 priority: 0
  taskPos: 5 taskId: 315 ETC: 557253 priority: 0
  taskPos: 6 taskId: 676 ETC: 633182 priority: 0
  taskPos: 7 taskId: 158 ETC: 423319 priority: 0
  taskPos: 8 taskId: 515 ETC: 725135 priority: 0
  taskPos: 9 taskId: 927 ETC: 890659 priority: 0
  taskPos: 10 taskId: 264 ETC: 393051 priority: 0
  taskPos: 11 taskId: 729 ETC: 1.02148e+06 priority: 0
> machineId: 16
  taskPos: 0 taskId: 58 ETC: 95975 priority: 0
  taskPos: 1 taskId: 614 ETC: 186828 priority: 0
  taskPos: 2 taskId: 272 ETC: 436383 priority: 0
  taskPos: 3 taskId: 60 ETC: 368951 priority: 0
  taskPos: 4 taskId: 187 ETC: 638824 priority: 0
  taskPos: 5 taskId: 641 ETC: 244658 priority: 0
  taskPos: 6 taskId: 426 ETC: 1.39166e+06 priority: 0
  taskPos: 7 taskId: 153 ETC: 861155 priority: 0
  taskPos: 8 taskId: 792 ETC: 1.11631e+06 priority: 0
  taskPos: 9 taskId: 893 ETC: 672774 priority: 0
> machineId: 17
  taskPos: 0 taskId: 80 ETC: 879581 priority: 0
  taskPos: 1 taskId: 110 ETC: 267742 priority: 0
  taskPos: 2 taskId: 316 ETC: 748958 priority: 0
  taskPos: 3 taskId: 527 ETC: 970739 priority: 0
  taskPos: 4 taskId: 933 ETC: 284348 priority: 0
  taskPos: 5 taskId: 481 ETC: 449299 priority: 0
  taskPos: 6 taskId: 916 ETC: 650474 priority: 0
  taskPos: 7 taskId: 943 ETC: 1.26106e+06 priority: 0
  taskPos: 8 taskId: 326 ETC: 843182 priority: 0
> machineId: 18
  taskPos: 0 taskId: 812 ETC: 103995 priority: 0
  taskPos: 1 taskId: 362 ETC: 199743 priority: 0
  taskPos: 2 taskId: 1018 ETC: 326278 priority: 0
  taskPos: 3 taskId: 563 ETC: 540165 priority: 0
  taskPos: 4 taskId: 102 ETC: 699280 priority: 0
  taskPos: 5 taskId: 166 ETC: 1.31698e+06 priority: 0
  taskPos: 6 taskId: 703 ETC: 1.04274e+06 priority: 0
  taskPos: 7 taskId: 770 ETC: 826360 priority: 0
  taskPos: 8 taskId: 416 ETC: 431047 priority: 0
> machineId: 19
  taskPos: 0 taskId: 49 ETC: 1.01658e+06 priority: 0
  taskPos: 1 taskId: 968 ETC: 249234 priority: 0
  taskPos: 2 taskId: 863 ETC: 642550 priority: 0
  taskPos: 3 taskId: 15 ETC: 855215 priority: 0
  taskPos: 4 taskId: 475 ETC: 385890 priority: 0
  taskPos: 5 taskId: 390 ETC: 838625 priority: 0
  taskPos: 6 taskId: 473 ETC: 1.01611e+06 priority: 0
  taskPos: 7 taskId: 292 ETC: 1.19446e+06 priority: 0
> machineId: 20
  taskPos: 0 taskId: 123 ETC: 927721 priority: 0
  taskPos: 1 taskId: 121 ETC: 509703 priority: 0
  taskPos: 2 taskId: 12 ETC: 413585 priority: 0
  taskPos: 3 taskId: 413 ETC: 258758 priority: 0
  taskPos: 4 taskId: 740 ETC: 739519 priority: 0
  taskPos: 5 taskId: 209 ETC: 922181 priority: 0
  taskPos: 6 taskId: 879 ETC: 1.35842e+06 priority: 0
  taskPos: 7 taskId: 50 ETC: 1.10395e+06 priority: 0
> machineId: 21
  taskPos: 0 taskId: 75 ETC: 526884 priority: 0
  taskPos: 1 taskId: 442 ETC: 465440 priority: 0
  taskPos: 2 taskId: 569 ETC: 161987 priority: 0
  taskPos: 3 taskId: 631 ETC: 1.15524e+06 priority: 0
  taskPos: 4 taskId: 654 ETC: 1.00208e+06 priority: 0
  taskPos: 5 taskId: 957 ETC: 904582 priority: 0
  taskPos: 6 taskId: 26 ETC: 45938.6 priority: 0
  taskPos: 7 taskId: 140 ETC: 1.59948e+06 priority: 0
  taskPos: 8 taskId: 936 ETC: 565429 priority: 0
> machineId: 22
  taskPos: 0 taskId: 667 ETC: 338336 priority: 0
  taskPos: 1 taskId: 574 ETC: 686772 priority: 0
  taskPos: 2 taskId: 137 ETC: 575126 priority: 0
  taskPos: 3 taskId: 672 ETC: 1.24111e+06 priority: 0
  taskPos: 4 taskId: 762 ETC: 1.39001e+06 priority: 0
  taskPos: 5 taskId: 317 ETC: 656394 priority: 0
  taskPos: 6 taskId: 143 ETC: 1.41698e+06 priority: 0
> machineId: 23
  taskPos: 0 taskId: 197 ETC: 257607 priority: 0
  taskPos: 1 taskId: 901 ETC: 354391 priority: 0
  taskPos: 2 taskId: 128 ETC: 578145 priority: 0
  taskPos: 3 taskId: 335 ETC: 990882 priority: 0
  taskPos: 4 taskId: 165 ETC: 1.63526e+06 priority: 0
  taskPos: 5 taskId: 564 ETC: 742589 priority: 0
  taskPos: 6 taskId: 229 ETC: 1.15802e+06 priority: 0
> machineId: 24
  taskPos: 0 taskId: 403 ETC: 909185 priority: 0
  taskPos: 1 taskId: 613 ETC: 1.35222e+06 priority: 0
  taskPos: 2 taskId: 658 ETC: 215460 priority: 0
  taskPos: 3 taskId: 817 ETC: 915704 priority: 0
  taskPos: 4 taskId: 617 ETC: 317946 priority: 0
  taskPos: 5 taskId: 280 ETC: 606479 priority: 0
  taskPos: 6 taskId: 872 ETC: 2.04947e+06 priority: 0
> machineId: 25
  taskPos: 0 taskId: 904 ETC: 1.19105e+06 priority: 0
  taskPos: 1 taskId: 876 ETC: 981503 priority: 0
  taskPos: 2 taskId: 443 ETC: 442179 priority: 0
  taskPos: 3 taskId: 27 ETC: 1.4884e+06 priority: 0
  taskPos: 4 taskId: 67 ETC: 635596 priority: 0
> machineId: 26
  taskPos: 0 taskId: 318 ETC: 742752 priority: 0
  taskPos: 1 taskId: 81 ETC: 1.66403e+06 priority: 0
  taskPos: 2 taskId: 542 ETC: 1.40889e+06 priority: 0
  taskPos: 3 taskId: 176 ETC: 1.23916e+06 priority: 0
  taskPos: 4 taskId: 336 ETC: 47477.7 priority: 0
  taskPos: 5 taskId: 180 ETC: 994842 priority: 0
  taskPos: 6 taskId: 353 ETC: 319588 priority: 0
> machineId: 27
  taskPos: 0 taskId: 697 ETC: 795370 priority: 0
  taskPos: 1 taskId: 424 ETC: 560151 priority: 0
  taskPos: 2 taskId: 259 ETC: 2.16421e+06 priority: 0
  taskPos: 3 taskId: 557 ETC: 1.08708e+06 priority: 0
  taskPos: 4 taskId: 887 ETC: 1.30953e+06 priority: 0
> machineId: 28
  taskPos: 0 taskId: 41 ETC: 1.05337e+06 priority: 0
  taskPos: 1 taskId: 700 ETC: 575890 priority: 0
  taskPos: 2 taskId: 854 ETC: 362288 priority: 0
  taskPos: 3 taskId: 117 ETC: 11877 priority: 0
  taskPos: 4 taskId: 1022 ETC: 1.63145e+06 priority: 0
  taskPos: 5 taskId: 881 ETC: 1.18821e+06 priority: 0
  taskPos: 6 taskId: 63 ETC: 308326 priority: 0
  taskPos: 7 taskId: 925 ETC: 855424 priority: 0
  taskPos: 8 taskId: 646 ETC: 8410.16 priority: 0
> machineId: 29
  taskPos: 0 taskId: 19 ETC: 1.28004e+06 priority: 0
  taskPos: 1 taskId: 62 ETC: 1.22289e+06 priority: 0
  taskPos: 2 taskId: 380 ETC: 951360 priority: 0
  taskPos: 3 taskId: 516 ETC: 2.20794e+06 priority: 0
  taskPos: 4 taskId: 73 ETC: 630152 priority: 0
> machineId: 30
  taskPos: 0 taskId: 401 ETC: 1.99211e+06 priority: 0
  taskPos: 1 taskId: 98 ETC: 1.08349e+06 priority: 0
  taskPos: 2 taskId: 51 ETC: 1.24179e+06 priority: 0
  taskPos: 3 taskId: 274 ETC: 1.38611e+06 priority: 0
  taskPos: 4 taskId: 680 ETC: 670268 priority: 0
> machineId: 31
  taskPos: 0 taskId: 581 ETC: 1.22261e+06 priority: 0
  taskPos: 1 taskId: 394 ETC: 959747 priority: 0
  taskPos: 2 taskId: 337 ETC: 694204 priority: 0
  taskPos: 3 taskId: 794 ETC: 1.37688e+06 priority: 0
  taskPos: 4 taskId: 923 ETC: 2.15383e+06 priority: 0



 :( ---------------------- THE END --------------- :) 