[H[2J[INFO] TaskCount: 1024
[INFO] MachineCount: 32

[DEBUG] Inicialización MIN-MIN

Min-Min fitness: 232012

[DEBUG] Inicialización Sufferage

Sufferage fitness: 296033

[DEBUG] Inicialización random

[DEBUG] Inicialización random

[DEBUG] Inicialización random

[DEBUG] Inicialización MCT

MCT fitness: 327956

[DEBUG] Inicialización random

[DEBUG] Inicialización random

[DEBUG] Inicialización random

[DEBUG] Inicialización random

[DEBUG] Inicialización MCT

MCT fitness: 336174

[DEBUG] Inicialización random

[DEBUG] Inicialización random

[DEBUG] Inicialización random

[DEBUG] Inicialización random

 Current State ---------------------------------------------

Current trial: 1
Current iteration: 1500
Current evaluations: 22695
Current best cost: 224077
Current worst cost: 224359
Current Average cost: 224321
Current Standard Deviation: 99.3134

Trial: 
Best cost trial: 224077
Worst cost trial: 2.39514e+06
Iteration best found in trial: 1481
Time best found trial: 2.03466e+07
Time spent in trial: 2.06278e+07

Global: 
Global best cost: 224077
Global worst cost: 2.39514e+06
Trial best found: 1
Iteration best found: 1481
Time best found: 2.03466e+07

Current time spent (so far): 2.06278e+07
Solution
> machineId: 0
  taskPos: 0 taskId: 913 ETC: 10.12 priority: 0
  taskPos: 1 taskId: 469 ETC: 2.33 priority: 0
  taskPos: 2 taskId: 427 ETC: 1.15 priority: 0
  taskPos: 3 taskId: 971 ETC: 205.32 priority: 0
  taskPos: 4 taskId: 619 ETC: 228.71 priority: 0
  taskPos: 5 taskId: 279 ETC: 3.96 priority: 0
  taskPos: 6 taskId: 284 ETC: 4.84 priority: 0
  taskPos: 7 taskId: 32 ETC: 11.17 priority: 0
  taskPos: 8 taskId: 375 ETC: 2.22 priority: 0
  taskPos: 9 taskId: 152 ETC: 13.32 priority: 0
  taskPos: 10 taskId: 61 ETC: 8.24 priority: 0
  taskPos: 11 taskId: 367 ETC: 4.26 priority: 0
  taskPos: 12 taskId: 271 ETC: 24.68 priority: 0
  taskPos: 13 taskId: 900 ETC: 27.92 priority: 0
  taskPos: 14 taskId: 363 ETC: 6.1 priority: 0
  taskPos: 15 taskId: 240 ETC: 23.38 priority: 0
  taskPos: 16 taskId: 16 ETC: 27.29 priority: 0
  taskPos: 17 taskId: 731 ETC: 727.5 priority: 0
  taskPos: 18 taskId: 74 ETC: 796.6 priority: 0
  taskPos: 19 taskId: 539 ETC: 30.52 priority: 0
  taskPos: 20 taskId: 872 ETC: 57.73 priority: 0
  taskPos: 21 taskId: 785 ETC: 15.61 priority: 0
  taskPos: 22 taskId: 298 ETC: 35.66 priority: 0
  taskPos: 23 taskId: 12 ETC: 27.56 priority: 0
  taskPos: 24 taskId: 245 ETC: 16.33 priority: 0
  taskPos: 25 taskId: 774 ETC: 37.16 priority: 0
  taskPos: 26 taskId: 559 ETC: 42.2 priority: 0
  taskPos: 27 taskId: 425 ETC: 551.9 priority: 0
  taskPos: 28 taskId: 125 ETC: 26.94 priority: 0
  taskPos: 29 taskId: 200 ETC: 29.8 priority: 0
  taskPos: 30 taskId: 535 ETC: 35.99 priority: 0
  taskPos: 31 taskId: 722 ETC: 47.35 priority: 0
  taskPos: 32 taskId: 166 ETC: 28.35 priority: 0
  taskPos: 33 taskId: 278 ETC: 41.35 priority: 0
  taskPos: 34 taskId: 424 ETC: 49.47 priority: 0
  taskPos: 35 taskId: 671 ETC: 51.07 priority: 0
  taskPos: 36 taskId: 704 ETC: 47.26 priority: 0
  taskPos: 37 taskId: 956 ETC: 28.79 priority: 0
  taskPos: 38 taskId: 178 ETC: 40.19 priority: 0
  taskPos: 39 taskId: 192 ETC: 76.52 priority: 0
  taskPos: 40 taskId: 631 ETC: 53.96 priority: 0
  taskPos: 41 taskId: 43 ETC: 41.2 priority: 0
  taskPos: 42 taskId: 106 ETC: 64.09 priority: 0
  taskPos: 43 taskId: 351 ETC: 49.13 priority: 0
  taskPos: 44 taskId: 984 ETC: 58.43 priority: 0
  taskPos: 45 taskId: 734 ETC: 60.02 priority: 0
  taskPos: 46 taskId: 209 ETC: 75.77 priority: 0
  taskPos: 47 taskId: 978 ETC: 71.19 priority: 0
  taskPos: 48 taskId: 467 ETC: 63.77 priority: 0
  taskPos: 49 taskId: 970 ETC: 66.42 priority: 0
  taskPos: 50 taskId: 725 ETC: 85.89 priority: 0
  taskPos: 51 taskId: 639 ETC: 71 priority: 0
  taskPos: 52 taskId: 444 ETC: 67.4 priority: 0
  taskPos: 53 taskId: 818 ETC: 69.2 priority: 0
  taskPos: 54 taskId: 743 ETC: 64.49 priority: 0
  taskPos: 55 taskId: 769 ETC: 92.02 priority: 0
  taskPos: 56 taskId: 990 ETC: 88.31 priority: 0
  taskPos: 57 taskId: 29 ETC: 56.01 priority: 0
  taskPos: 58 taskId: 1003 ETC: 65.84 priority: 0
  taskPos: 59 taskId: 85 ETC: 101.15 priority: 0
  taskPos: 60 taskId: 490 ETC: 101.7 priority: 0
  taskPos: 61 taskId: 212 ETC: 618.96 priority: 0
  taskPos: 62 taskId: 607 ETC: 80.1 priority: 0
  taskPos: 63 taskId: 961 ETC: 33.36 priority: 0
  taskPos: 64 taskId: 437 ETC: 126.27 priority: 0
  taskPos: 65 taskId: 496 ETC: 74.33 priority: 0
  taskPos: 66 taskId: 686 ETC: 98.51 priority: 0
  taskPos: 67 taskId: 277 ETC: 74.72 priority: 0
  taskPos: 68 taskId: 877 ETC: 84.5 priority: 0
  taskPos: 69 taskId: 131 ETC: 98.16 priority: 0
  taskPos: 70 taskId: 985 ETC: 97.97 priority: 0
  taskPos: 71 taskId: 226 ETC: 80.08 priority: 0
  taskPos: 72 taskId: 646 ETC: 130.53 priority: 0
  taskPos: 73 taskId: 54 ETC: 125.2 priority: 0
  taskPos: 74 taskId: 431 ETC: 107.37 priority: 0
  taskPos: 75 taskId: 954 ETC: 70.18 priority: 0
  taskPos: 76 taskId: 946 ETC: 101.05 priority: 0
  taskPos: 77 taskId: 450 ETC: 105.24 priority: 0
  taskPos: 78 taskId: 50 ETC: 82.23 priority: 0
  taskPos: 79 taskId: 575 ETC: 114.95 priority: 0
  taskPos: 80 taskId: 66 ETC: 106.59 priority: 0
  taskPos: 81 taskId: 604 ETC: 147.58 priority: 0
  taskPos: 82 taskId: 586 ETC: 150.09 priority: 0
  taskPos: 83 taskId: 730 ETC: 134.53 priority: 0
  taskPos: 84 taskId: 779 ETC: 144.62 priority: 0
  taskPos: 85 taskId: 123 ETC: 2.18 priority: 0
  taskPos: 86 taskId: 643 ETC: 125.74 priority: 0
  taskPos: 87 taskId: 294 ETC: 187.95 priority: 0
  taskPos: 88 taskId: 614 ETC: 94.72 priority: 0
  taskPos: 89 taskId: 113 ETC: 122.78 priority: 0
  taskPos: 90 taskId: 361 ETC: 145.22 priority: 0
  taskPos: 91 taskId: 763 ETC: 196.24 priority: 0
  taskPos: 92 taskId: 565 ETC: 157.05 priority: 0
  taskPos: 93 taskId: 382 ETC: 150.62 priority: 0
  taskPos: 94 taskId: 719 ETC: 137.63 priority: 0
  taskPos: 95 taskId: 860 ETC: 122.34 priority: 0
  taskPos: 96 taskId: 53 ETC: 169.22 priority: 0
  taskPos: 97 taskId: 957 ETC: 153.26 priority: 0
  taskPos: 98 taskId: 537 ETC: 168.77 priority: 0
  taskPos: 99 taskId: 486 ETC: 187.75 priority: 0
  taskPos: 100 taskId: 594 ETC: 159.04 priority: 0
  taskPos: 101 taskId: 944 ETC: 131.63 priority: 0
  taskPos: 102 taskId: 986 ETC: 162.73 priority: 0
  taskPos: 103 taskId: 711 ETC: 209.67 priority: 0
  taskPos: 104 taskId: 220 ETC: 182.9 priority: 0
  taskPos: 105 taskId: 977 ETC: 212.52 priority: 0
  taskPos: 106 taskId: 846 ETC: 167.89 priority: 0
  taskPos: 107 taskId: 788 ETC: 153.22 priority: 0
  taskPos: 108 taskId: 606 ETC: 174.61 priority: 0
  taskPos: 109 taskId: 305 ETC: 194.49 priority: 0
  taskPos: 110 taskId: 600 ETC: 209.93 priority: 0
  taskPos: 111 taskId: 793 ETC: 183.83 priority: 0
  taskPos: 112 taskId: 358 ETC: 194.39 priority: 0
  taskPos: 113 taskId: 384 ETC: 274.4 priority: 0
  taskPos: 114 taskId: 661 ETC: 227.99 priority: 0
  taskPos: 115 taskId: 109 ETC: 221.15 priority: 0
  taskPos: 116 taskId: 410 ETC: 190.63 priority: 0
  taskPos: 117 taskId: 968 ETC: 148.09 priority: 0
  taskPos: 118 taskId: 1013 ETC: 135.16 priority: 0
  taskPos: 119 taskId: 903 ETC: 173.28 priority: 0
  taskPos: 120 taskId: 451 ETC: 256.31 priority: 0
  taskPos: 121 taskId: 718 ETC: 198.97 priority: 0
  taskPos: 122 taskId: 997 ETC: 228.67 priority: 0
  taskPos: 123 taskId: 549 ETC: 241.69 priority: 0
  taskPos: 124 taskId: 784 ETC: 180.45 priority: 0
  taskPos: 125 taskId: 653 ETC: 208.68 priority: 0
  taskPos: 126 taskId: 895 ETC: 186.43 priority: 0
  taskPos: 127 taskId: 855 ETC: 232.21 priority: 0
  taskPos: 128 taskId: 687 ETC: 234.9 priority: 0
  taskPos: 129 taskId: 489 ETC: 210.22 priority: 0
  taskPos: 130 taskId: 230 ETC: 216.68 priority: 0
  taskPos: 131 taskId: 324 ETC: 234.88 priority: 0
  taskPos: 132 taskId: 17 ETC: 252.88 priority: 0
  taskPos: 133 taskId: 554 ETC: 245.58 priority: 0
  taskPos: 134 taskId: 603 ETC: 215.4 priority: 0
  taskPos: 135 taskId: 263 ETC: 296.61 priority: 0
  taskPos: 136 taskId: 13 ETC: 264.12 priority: 0
  taskPos: 137 taskId: 682 ETC: 249.94 priority: 0
  taskPos: 138 taskId: 262 ETC: 344.65 priority: 0
  taskPos: 139 taskId: 129 ETC: 289.11 priority: 0
  taskPos: 140 taskId: 915 ETC: 257.36 priority: 0
  taskPos: 141 taskId: 931 ETC: 184.55 priority: 0
  taskPos: 142 taskId: 51 ETC: 241.62 priority: 0
  taskPos: 143 taskId: 632 ETC: 287.1 priority: 0
  taskPos: 144 taskId: 255 ETC: 287.18 priority: 0
  taskPos: 145 taskId: 511 ETC: 239.32 priority: 0
  taskPos: 146 taskId: 566 ETC: 372.88 priority: 0
  taskPos: 147 taskId: 316 ETC: 413.11 priority: 0
  taskPos: 148 taskId: 622 ETC: 262.11 priority: 0
  taskPos: 149 taskId: 491 ETC: 270.1 priority: 0
  taskPos: 150 taskId: 49 ETC: 324.83 priority: 0
  taskPos: 151 taskId: 688 ETC: 411.48 priority: 0
  taskPos: 152 taskId: 951 ETC: 317.62 priority: 0
  taskPos: 153 taskId: 290 ETC: 292.78 priority: 0
  taskPos: 154 taskId: 99 ETC: 339.66 priority: 0
  taskPos: 155 taskId: 81 ETC: 467.79 priority: 0
  taskPos: 156 taskId: 308 ETC: 261.56 priority: 0
  taskPos: 157 taskId: 455 ETC: 297.24 priority: 0
  taskPos: 158 taskId: 14 ETC: 352.82 priority: 0
  taskPos: 159 taskId: 519 ETC: 261.51 priority: 0
  taskPos: 160 taskId: 301 ETC: 350.13 priority: 0
  taskPos: 161 taskId: 307 ETC: 394.13 priority: 0
  taskPos: 162 taskId: 676 ETC: 347.86 priority: 0
  taskPos: 163 taskId: 506 ETC: 380.7 priority: 0
  taskPos: 164 taskId: 873 ETC: 350.32 priority: 0
  taskPos: 165 taskId: 884 ETC: 387.25 priority: 0
  taskPos: 166 taskId: 960 ETC: 237.71 priority: 0
  taskPos: 167 taskId: 858 ETC: 374.03 priority: 0
  taskPos: 168 taskId: 949 ETC: 408.37 priority: 0
  taskPos: 169 taskId: 618 ETC: 456.9 priority: 0
  taskPos: 170 taskId: 917 ETC: 245.94 priority: 0
  taskPos: 171 taskId: 617 ETC: 408.06 priority: 0
  taskPos: 172 taskId: 538 ETC: 338.76 priority: 0
  taskPos: 173 taskId: 916 ETC: 335.13 priority: 0
  taskPos: 174 taskId: 389 ETC: 386.8 priority: 0
  taskPos: 175 taskId: 222 ETC: 433.75 priority: 0
  taskPos: 176 taskId: 739 ETC: 386.07 priority: 0
  taskPos: 177 taskId: 989 ETC: 459.89 priority: 0
  taskPos: 178 taskId: 596 ETC: 439.94 priority: 0
  taskPos: 179 taskId: 426 ETC: 353.56 priority: 0
  taskPos: 180 taskId: 80 ETC: 494.66 priority: 0
  taskPos: 181 taskId: 48 ETC: 431.5 priority: 0
  taskPos: 182 taskId: 264 ETC: 390.56 priority: 0
  taskPos: 183 taskId: 584 ETC: 1787.84 priority: 0
  taskPos: 184 taskId: 360 ETC: 401.94 priority: 0
  taskPos: 185 taskId: 228 ETC: 500.22 priority: 0
  taskPos: 186 taskId: 124 ETC: 410.96 priority: 0
  taskPos: 187 taskId: 1004 ETC: 292.45 priority: 0
  taskPos: 188 taskId: 270 ETC: 511.53 priority: 0
  taskPos: 189 taskId: 501 ETC: 535.38 priority: 0
  taskPos: 190 taskId: 170 ETC: 789.14 priority: 0
  taskPos: 191 taskId: 657 ETC: 944.9 priority: 0
  taskPos: 192 taskId: 514 ETC: 497.95 priority: 0
  taskPos: 193 taskId: 195 ETC: 563.63 priority: 0
  taskPos: 194 taskId: 238 ETC: 570.17 priority: 0
  taskPos: 195 taskId: 320 ETC: 550.37 priority: 0
  taskPos: 196 taskId: 422 ETC: 473.22 priority: 0
  taskPos: 197 taskId: 902 ETC: 476.51 priority: 0
  taskPos: 198 taskId: 265 ETC: 521.87 priority: 0
  taskPos: 199 taskId: 223 ETC: 503.39 priority: 0
  taskPos: 200 taskId: 313 ETC: 617.91 priority: 0
  taskPos: 201 taskId: 905 ETC: 562.24 priority: 0
  taskPos: 202 taskId: 136 ETC: 500.81 priority: 0
  taskPos: 203 taskId: 39 ETC: 487.41 priority: 0
  taskPos: 204 taskId: 528 ETC: 412.65 priority: 0
  taskPos: 205 taskId: 611 ETC: 566.35 priority: 0
  taskPos: 206 taskId: 773 ETC: 569.62 priority: 0
  taskPos: 207 taskId: 700 ETC: 1287.57 priority: 0
  taskPos: 208 taskId: 499 ETC: 550.49 priority: 0
  taskPos: 209 taskId: 922 ETC: 535.06 priority: 0
  taskPos: 210 taskId: 777 ETC: 580.78 priority: 0
  taskPos: 211 taskId: 520 ETC: 534.46 priority: 0
  taskPos: 212 taskId: 185 ETC: 627.23 priority: 0
  taskPos: 213 taskId: 36 ETC: 679.93 priority: 0
  taskPos: 214 taskId: 339 ETC: 481.67 priority: 0
  taskPos: 215 taskId: 463 ETC: 697.58 priority: 0
  taskPos: 216 taskId: 758 ETC: 813.03 priority: 0
  taskPos: 217 taskId: 692 ETC: 794.57 priority: 0
  taskPos: 218 taskId: 861 ETC: 563.96 priority: 0
  taskPos: 219 taskId: 878 ETC: 542.89 priority: 0
  taskPos: 220 taskId: 359 ETC: 849.71 priority: 0
  taskPos: 221 taskId: 812 ETC: 603.86 priority: 0
  taskPos: 222 taskId: 911 ETC: 747.65 priority: 0
  taskPos: 223 taskId: 815 ETC: 846.17 priority: 0
  taskPos: 224 taskId: 281 ETC: 808.58 priority: 0
  taskPos: 225 taskId: 164 ETC: 729.14 priority: 0
  taskPos: 226 taskId: 134 ETC: 695.46 priority: 0
  taskPos: 227 taskId: 809 ETC: 907.5 priority: 0
  taskPos: 228 taskId: 669 ETC: 617.96 priority: 0
  taskPos: 229 taskId: 453 ETC: 656.63 priority: 0
  taskPos: 230 taskId: 474 ETC: 1021.55 priority: 0
  taskPos: 231 taskId: 543 ETC: 896.3 priority: 0
  taskPos: 232 taskId: 673 ETC: 1016.39 priority: 0
  taskPos: 233 taskId: 333 ETC: 978.17 priority: 0
  taskPos: 234 taskId: 906 ETC: 1049.52 priority: 0
  taskPos: 235 taskId: 571 ETC: 618.59 priority: 0
  taskPos: 236 taskId: 392 ETC: 877.47 priority: 0
  taskPos: 237 taskId: 456 ETC: 1002.62 priority: 0
  taskPos: 238 taskId: 795 ETC: 853.63 priority: 0
  taskPos: 239 taskId: 958 ETC: 725.65 priority: 0
  taskPos: 240 taskId: 420 ETC: 1392.95 priority: 0
  taskPos: 241 taskId: 914 ETC: 880.3 priority: 0
  taskPos: 242 taskId: 497 ETC: 750.46 priority: 0
  taskPos: 243 taskId: 750 ETC: 1256.68 priority: 0
  taskPos: 244 taskId: 690 ETC: 912.01 priority: 0
  taskPos: 245 taskId: 434 ETC: 1035.57 priority: 0
  taskPos: 246 taskId: 791 ETC: 1105.85 priority: 0
  taskPos: 247 taskId: 871 ETC: 1150.68 priority: 0
  taskPos: 248 taskId: 303 ETC: 1174.56 priority: 0
  taskPos: 249 taskId: 302 ETC: 1048.46 priority: 0
  taskPos: 250 taskId: 11 ETC: 1027.55 priority: 0
  taskPos: 251 taskId: 82 ETC: 1013.45 priority: 0
  taskPos: 252 taskId: 869 ETC: 835.07 priority: 0
  taskPos: 253 taskId: 275 ETC: 1004.23 priority: 0
  taskPos: 254 taskId: 822 ETC: 1012.06 priority: 0
  taskPos: 255 taskId: 644 ETC: 1140.63 priority: 0
  taskPos: 256 taskId: 553 ETC: 1322.9 priority: 0
  taskPos: 257 taskId: 1020 ETC: 1051.06 priority: 0
  taskPos: 258 taskId: 886 ETC: 1030.16 priority: 0
  taskPos: 259 taskId: 476 ETC: 956.63 priority: 0
  taskPos: 260 taskId: 331 ETC: 1275.72 priority: 0
  taskPos: 261 taskId: 340 ETC: 1309.25 priority: 0
  taskPos: 262 taskId: 342 ETC: 1183.97 priority: 0
  taskPos: 263 taskId: 541 ETC: 538.8 priority: 0
  taskPos: 264 taskId: 838 ETC: 1167.83 priority: 0
  taskPos: 265 taskId: 177 ETC: 1228.13 priority: 0
  taskPos: 266 taskId: 508 ETC: 2927.71 priority: 0
  taskPos: 267 taskId: 498 ETC: 1214.31 priority: 0
  taskPos: 268 taskId: 334 ETC: 1180.27 priority: 0
  taskPos: 269 taskId: 504 ETC: 1166.5 priority: 0
  taskPos: 270 taskId: 436 ETC: 1342.42 priority: 0
  taskPos: 271 taskId: 772 ETC: 1246.64 priority: 0
  taskPos: 272 taskId: 393 ETC: 917.77 priority: 0
  taskPos: 273 taskId: 34 ETC: 1423.94 priority: 0
  taskPos: 274 taskId: 140 ETC: 1403.04 priority: 0
  taskPos: 275 taskId: 71 ETC: 1240.27 priority: 0
  taskPos: 276 taskId: 203 ETC: 1378.45 priority: 0
  taskPos: 277 taskId: 95 ETC: 1270.38 priority: 0
  taskPos: 278 taskId: 328 ETC: 1434.17 priority: 0
  taskPos: 279 taskId: 572 ETC: 1930.22 priority: 0
  taskPos: 280 taskId: 397 ETC: 2152.46 priority: 0
  taskPos: 281 taskId: 1002 ETC: 1308.31 priority: 0
  taskPos: 282 taskId: 149 ETC: 1556.59 priority: 0
  taskPos: 283 taskId: 445 ETC: 1257.21 priority: 0
  taskPos: 284 taskId: 139 ETC: 1506.66 priority: 0
  taskPos: 285 taskId: 296 ETC: 1929.06 priority: 0
  taskPos: 286 taskId: 831 ETC: 1345.82 priority: 0
  taskPos: 287 taskId: 732 ETC: 1866.92 priority: 0
  taskPos: 288 taskId: 413 ETC: 1337.52 priority: 0
  taskPos: 289 taskId: 974 ETC: 1396.23 priority: 0
  taskPos: 290 taskId: 162 ETC: 1730.51 priority: 0
  taskPos: 291 taskId: 967 ETC: 1358.58 priority: 0
  taskPos: 292 taskId: 637 ETC: 1608.48 priority: 0
  taskPos: 293 taskId: 890 ETC: 2230.71 priority: 0
  taskPos: 294 taskId: 285 ETC: 2124.56 priority: 0
  taskPos: 295 taskId: 683 ETC: 4125.15 priority: 0
  taskPos: 296 taskId: 355 ETC: 1533.72 priority: 0
  taskPos: 297 taskId: 89 ETC: 1417.88 priority: 0
  taskPos: 298 taskId: 987 ETC: 1329.53 priority: 0
  taskPos: 299 taskId: 754 ETC: 1920.07 priority: 0
  taskPos: 300 taskId: 243 ETC: 1402.29 priority: 0
  taskPos: 301 taskId: 311 ETC: 1716.1 priority: 0
  taskPos: 302 taskId: 295 ETC: 1393.39 priority: 0
  taskPos: 303 taskId: 633 ETC: 1626.82 priority: 0
  taskPos: 304 taskId: 459 ETC: 3723.7 priority: 0
  taskPos: 305 taskId: 843 ETC: 2837.79 priority: 0
  taskPos: 306 taskId: 771 ETC: 4326.58 priority: 0
  taskPos: 307 taskId: 500 ETC: 2407.7 priority: 0
  taskPos: 308 taskId: 249 ETC: 2067.1 priority: 0
  taskPos: 309 taskId: 597 ETC: 1703.5 priority: 0
  taskPos: 310 taskId: 244 ETC: 1589.18 priority: 0
  taskPos: 311 taskId: 595 ETC: 2234.21 priority: 0
  taskPos: 312 taskId: 907 ETC: 1647.08 priority: 0
  taskPos: 313 taskId: 675 ETC: 4146.46 priority: 0
  taskPos: 314 taskId: 947 ETC: 1781.53 priority: 0
  taskPos: 315 taskId: 428 ETC: 2160.08 priority: 0
  taskPos: 316 taskId: 638 ETC: 2304.09 priority: 0
  taskPos: 317 taskId: 893 ETC: 3068.36 priority: 0
  taskPos: 318 taskId: 1005 ETC: 1557.06 priority: 0
  taskPos: 319 taskId: 757 ETC: 4697.1 priority: 0
  taskPos: 320 taskId: 473 ETC: 1797.21 priority: 0
  taskPos: 321 taskId: 955 ETC: 2129.06 priority: 0
  taskPos: 322 taskId: 154 ETC: 2853.66 priority: 0
  taskPos: 323 taskId: 621 ETC: 2487.02 priority: 0
  taskPos: 324 taskId: 321 ETC: 3169.63 priority: 0
  taskPos: 325 taskId: 293 ETC: 3169.06 priority: 0
  taskPos: 326 taskId: 969 ETC: 2340.14 priority: 0
  taskPos: 327 taskId: 291 ETC: 2124.2 priority: 0
> machineId: 1
  taskPos: 0 taskId: 650 ETC: 12.73 priority: 0
  taskPos: 1 taskId: 189 ETC: 15.86 priority: 0
  taskPos: 2 taskId: 534 ETC: 16.03 priority: 0
  taskPos: 3 taskId: 372 ETC: 3.36 priority: 0
  taskPos: 4 taskId: 557 ETC: 27.95 priority: 0
  taskPos: 5 taskId: 710 ETC: 62.51 priority: 0
  taskPos: 6 taskId: 524 ETC: 66.66 priority: 0
  taskPos: 7 taskId: 346 ETC: 116.19 priority: 0
  taskPos: 8 taskId: 197 ETC: 82.95 priority: 0
  taskPos: 9 taskId: 266 ETC: 146.77 priority: 0
  taskPos: 10 taskId: 304 ETC: 93.8 priority: 0
  taskPos: 11 taskId: 590 ETC: 54.31 priority: 0
  taskPos: 12 taskId: 409 ETC: 125.08 priority: 0
  taskPos: 13 taskId: 391 ETC: 326.07 priority: 0
  taskPos: 14 taskId: 494 ETC: 117.38 priority: 0
  taskPos: 15 taskId: 523 ETC: 154.61 priority: 0
  taskPos: 16 taskId: 666 ETC: 155.58 priority: 0
  taskPos: 17 taskId: 875 ETC: 157.88 priority: 0
  taskPos: 18 taskId: 558 ETC: 113.01 priority: 0
  taskPos: 19 taskId: 172 ETC: 258.32 priority: 0
  taskPos: 20 taskId: 790 ETC: 177.39 priority: 0
  taskPos: 21 taskId: 721 ETC: 337.83 priority: 0
  taskPos: 22 taskId: 460 ETC: 427.55 priority: 0
  taskPos: 23 taskId: 994 ETC: 133.36 priority: 0
  taskPos: 24 taskId: 909 ETC: 234.07 priority: 0
  taskPos: 25 taskId: 475 ETC: 259.41 priority: 0
  taskPos: 26 taskId: 202 ETC: 221.82 priority: 0
  taskPos: 27 taskId: 314 ETC: 304.55 priority: 0
  taskPos: 28 taskId: 158 ETC: 255.22 priority: 0
  taskPos: 29 taskId: 142 ETC: 253.66 priority: 0
  taskPos: 30 taskId: 385 ETC: 204.44 priority: 0
  taskPos: 31 taskId: 471 ETC: 319.73 priority: 0
  taskPos: 32 taskId: 386 ETC: 511.75 priority: 0
  taskPos: 33 taskId: 408 ETC: 379.11 priority: 0
  taskPos: 34 taskId: 127 ETC: 528.07 priority: 0
  taskPos: 35 taskId: 830 ETC: 344.3 priority: 0
  taskPos: 36 taskId: 652 ETC: 433.13 priority: 0
  taskPos: 37 taskId: 625 ETC: 731.75 priority: 0
  taskPos: 38 taskId: 545 ETC: 620.74 priority: 0
  taskPos: 39 taskId: 932 ETC: 457.27 priority: 0
  taskPos: 40 taskId: 454 ETC: 502.58 priority: 0
  taskPos: 41 taskId: 405 ETC: 465.43 priority: 0
  taskPos: 42 taskId: 899 ETC: 571.11 priority: 0
  taskPos: 43 taskId: 90 ETC: 652.28 priority: 0
  taskPos: 44 taskId: 624 ETC: 739.82 priority: 0
  taskPos: 45 taskId: 282 ETC: 657.6 priority: 0
  taskPos: 46 taskId: 751 ETC: 633.1 priority: 0
  taskPos: 47 taskId: 173 ETC: 466.23 priority: 0
  taskPos: 48 taskId: 276 ETC: 832.92 priority: 0
  taskPos: 49 taskId: 46 ETC: 817.19 priority: 0
  taskPos: 50 taskId: 853 ETC: 599.65 priority: 0
  taskPos: 51 taskId: 938 ETC: 786.05 priority: 0
  taskPos: 52 taskId: 799 ETC: 793.48 priority: 0
  taskPos: 53 taskId: 485 ETC: 747.22 priority: 0
  taskPos: 54 taskId: 998 ETC: 737.43 priority: 0
  taskPos: 55 taskId: 845 ETC: 882.08 priority: 0
  taskPos: 56 taskId: 836 ETC: 1019.64 priority: 0
  taskPos: 57 taskId: 924 ETC: 765.38 priority: 0
  taskPos: 58 taskId: 181 ETC: 887 priority: 0
  taskPos: 59 taskId: 3 ETC: 1134.22 priority: 0
  taskPos: 60 taskId: 805 ETC: 720.27 priority: 0
  taskPos: 61 taskId: 449 ETC: 808.44 priority: 0
  taskPos: 62 taskId: 939 ETC: 1100.75 priority: 0
  taskPos: 63 taskId: 23 ETC: 59.27 priority: 0
  taskPos: 64 taskId: 107 ETC: 1045.96 priority: 0
  taskPos: 65 taskId: 801 ETC: 1079.02 priority: 0
  taskPos: 66 taskId: 239 ETC: 932.7 priority: 0
  taskPos: 67 taskId: 62 ETC: 1015.19 priority: 0
  taskPos: 68 taskId: 96 ETC: 930.23 priority: 0
  taskPos: 69 taskId: 953 ETC: 1122.95 priority: 0
  taskPos: 70 taskId: 993 ETC: 1103.28 priority: 0
  taskPos: 71 taskId: 581 ETC: 1143.1 priority: 0
  taskPos: 72 taskId: 770 ETC: 1351.2 priority: 0
  taskPos: 73 taskId: 407 ETC: 1320.28 priority: 0
  taskPos: 74 taskId: 576 ETC: 954.95 priority: 0
  taskPos: 75 taskId: 1023 ETC: 1410.89 priority: 0
  taskPos: 76 taskId: 400 ETC: 1714.68 priority: 0
  taskPos: 77 taskId: 694 ETC: 1128.92 priority: 0
  taskPos: 78 taskId: 570 ETC: 1206.55 priority: 0
  taskPos: 79 taskId: 55 ETC: 1524.83 priority: 0
  taskPos: 80 taskId: 636 ETC: 1140.09 priority: 0
  taskPos: 81 taskId: 532 ETC: 1620.85 priority: 0
  taskPos: 82 taskId: 288 ETC: 1298.87 priority: 0
  taskPos: 83 taskId: 1019 ETC: 1563.32 priority: 0
  taskPos: 84 taskId: 477 ETC: 1582 priority: 0
  taskPos: 85 taskId: 889 ETC: 1521.69 priority: 0
  taskPos: 86 taskId: 102 ETC: 1336.06 priority: 0
  taskPos: 87 taskId: 891 ETC: 1590.63 priority: 0
  taskPos: 88 taskId: 1007 ETC: 1911.77 priority: 0
  taskPos: 89 taskId: 651 ETC: 1747.66 priority: 0
  taskPos: 90 taskId: 461 ETC: 1806.99 priority: 0
  taskPos: 91 taskId: 79 ETC: 1046.45 priority: 0
  taskPos: 92 taskId: 918 ETC: 1653.74 priority: 0
  taskPos: 93 taskId: 592 ETC: 1856.05 priority: 0
  taskPos: 94 taskId: 654 ETC: 1562.42 priority: 0
  taskPos: 95 taskId: 93 ETC: 1533.26 priority: 0
  taskPos: 96 taskId: 709 ETC: 1991.41 priority: 0
  taskPos: 97 taskId: 246 ETC: 1862.91 priority: 0
  taskPos: 98 taskId: 345 ETC: 1701.2 priority: 0
  taskPos: 99 taskId: 126 ETC: 179.21 priority: 0
  taskPos: 100 taskId: 364 ETC: 2031.66 priority: 0
  taskPos: 101 taskId: 27 ETC: 2340.57 priority: 0
  taskPos: 102 taskId: 517 ETC: 2298.93 priority: 0
  taskPos: 103 taskId: 701 ETC: 2001.66 priority: 0
  taskPos: 104 taskId: 479 ETC: 2800.55 priority: 0
  taskPos: 105 taskId: 259 ETC: 2249.77 priority: 0
  taskPos: 106 taskId: 591 ETC: 2728.65 priority: 0
  taskPos: 107 taskId: 837 ETC: 1919.54 priority: 0
  taskPos: 108 taskId: 854 ETC: 2381.72 priority: 0
  taskPos: 109 taskId: 850 ETC: 2187.2 priority: 0
  taskPos: 110 taskId: 752 ETC: 2852.72 priority: 0
  taskPos: 111 taskId: 137 ETC: 2718.88 priority: 0
  taskPos: 112 taskId: 366 ETC: 2191.3 priority: 0
  taskPos: 113 taskId: 225 ETC: 3190.23 priority: 0
  taskPos: 114 taskId: 186 ETC: 2904.02 priority: 0
  taskPos: 115 taskId: 802 ETC: 2276.03 priority: 0
  taskPos: 116 taskId: 65 ETC: 4294.84 priority: 0
  taskPos: 117 taskId: 876 ETC: 2126.83 priority: 0
  taskPos: 118 taskId: 387 ETC: 3740.96 priority: 0
  taskPos: 119 taskId: 402 ETC: 4664.53 priority: 0
  taskPos: 120 taskId: 623 ETC: 5095.08 priority: 0
  taskPos: 121 taskId: 341 ETC: 3173.14 priority: 0
  taskPos: 122 taskId: 655 ETC: 3647.82 priority: 0
  taskPos: 123 taskId: 910 ETC: 5457.91 priority: 0
  taskPos: 124 taskId: 272 ETC: 3377.34 priority: 0
  taskPos: 125 taskId: 662 ETC: 3834.96 priority: 0
  taskPos: 126 taskId: 103 ETC: 2756.42 priority: 0
  taskPos: 127 taskId: 19 ETC: 3982.73 priority: 0
  taskPos: 128 taskId: 848 ETC: 2621.7 priority: 0
  taskPos: 129 taskId: 883 ETC: 3233.79 priority: 0
  taskPos: 130 taskId: 717 ETC: 2780.44 priority: 0
  taskPos: 131 taskId: 783 ETC: 3824.01 priority: 0
  taskPos: 132 taskId: 813 ETC: 4969.31 priority: 0
  taskPos: 133 taskId: 963 ETC: 4998.48 priority: 0
  taskPos: 134 taskId: 100 ETC: 7972.71 priority: 0
  taskPos: 135 taskId: 439 ETC: 3751.36 priority: 0
  taskPos: 136 taskId: 406 ETC: 5172.68 priority: 0
  taskPos: 137 taskId: 713 ETC: 6442.42 priority: 0
  taskPos: 138 taskId: 787 ETC: 10646.6 priority: 0
  taskPos: 139 taskId: 1001 ETC: 5373.21 priority: 0
> machineId: 2
  taskPos: 0 taskId: 629 ETC: 8.04 priority: 0
  taskPos: 1 taskId: 580 ETC: 142.06 priority: 0
  taskPos: 2 taskId: 92 ETC: 232.73 priority: 0
  taskPos: 3 taskId: 945 ETC: 179.82 priority: 0
  taskPos: 4 taskId: 738 ETC: 179.81 priority: 0
  taskPos: 5 taskId: 896 ETC: 48.66 priority: 0
  taskPos: 6 taskId: 729 ETC: 172.33 priority: 0
  taskPos: 7 taskId: 480 ETC: 108.05 priority: 0
  taskPos: 8 taskId: 182 ETC: 385.97 priority: 0
  taskPos: 9 taskId: 133 ETC: 117.65 priority: 0
  taskPos: 10 taskId: 626 ETC: 447.54 priority: 0
  taskPos: 11 taskId: 283 ETC: 755.21 priority: 0
  taskPos: 12 taskId: 1017 ETC: 534.29 priority: 0
  taskPos: 13 taskId: 728 ETC: 496.83 priority: 0
  taskPos: 14 taskId: 568 ETC: 545.4 priority: 0
  taskPos: 15 taskId: 749 ETC: 288.53 priority: 0
  taskPos: 16 taskId: 376 ETC: 335.45 priority: 0
  taskPos: 17 taskId: 120 ETC: 711.97 priority: 0
  taskPos: 18 taskId: 882 ETC: 1532.45 priority: 0
  taskPos: 19 taskId: 6 ETC: 491.08 priority: 0
  taskPos: 20 taskId: 980 ETC: 435.04 priority: 0
  taskPos: 21 taskId: 753 ETC: 594.4 priority: 0
  taskPos: 22 taskId: 26 ETC: 498.34 priority: 0
  taskPos: 23 taskId: 988 ETC: 1291.54 priority: 0
  taskPos: 24 taskId: 744 ETC: 688.41 priority: 0
  taskPos: 25 taskId: 42 ETC: 197 priority: 0
  taskPos: 26 taskId: 608 ETC: 1164.17 priority: 0
  taskPos: 27 taskId: 229 ETC: 1013.16 priority: 0
  taskPos: 28 taskId: 299 ETC: 1082.63 priority: 0
  taskPos: 29 taskId: 658 ETC: 995.74 priority: 0
  taskPos: 30 taskId: 7 ETC: 1124.94 priority: 0
  taskPos: 31 taskId: 796 ETC: 1758.1 priority: 0
  taskPos: 32 taskId: 641 ETC: 1201.49 priority: 0
  taskPos: 33 taskId: 143 ETC: 1243.63 priority: 0
  taskPos: 34 taskId: 312 ETC: 1317.26 priority: 0
  taskPos: 35 taskId: 130 ETC: 1457.38 priority: 0
  taskPos: 36 taskId: 502 ETC: 1710.06 priority: 0
  taskPos: 37 taskId: 678 ETC: 1433.57 priority: 0
  taskPos: 38 taskId: 681 ETC: 1710.9 priority: 0
  taskPos: 39 taskId: 56 ETC: 1599.19 priority: 0
  taskPos: 40 taskId: 442 ETC: 1505.01 priority: 0
  taskPos: 41 taskId: 703 ETC: 1648.05 priority: 0
  taskPos: 42 taskId: 404 ETC: 1779.22 priority: 0
  taskPos: 43 taskId: 706 ETC: 2052.43 priority: 0
  taskPos: 44 taskId: 194 ETC: 1855.14 priority: 0
  taskPos: 45 taskId: 261 ETC: 2016.7 priority: 0
  taskPos: 46 taskId: 171 ETC: 2227.42 priority: 0
  taskPos: 47 taskId: 834 ETC: 2012.12 priority: 0
  taskPos: 48 taskId: 761 ETC: 2248.29 priority: 0
  taskPos: 49 taskId: 191 ETC: 2462.94 priority: 0
  taskPos: 50 taskId: 156 ETC: 2915.25 priority: 0
  taskPos: 51 taskId: 273 ETC: 1805.82 priority: 0
  taskPos: 52 taskId: 217 ETC: 4151.76 priority: 0
  taskPos: 53 taskId: 338 ETC: 2190.72 priority: 0
  taskPos: 54 taskId: 94 ETC: 1837.24 priority: 0
  taskPos: 55 taskId: 227 ETC: 3576.18 priority: 0
  taskPos: 56 taskId: 548 ETC: 2507.7 priority: 0
  taskPos: 57 taskId: 547 ETC: 2330.05 priority: 0
  taskPos: 58 taskId: 898 ETC: 2941.23 priority: 0
  taskPos: 59 taskId: 766 ETC: 2115.6 priority: 0
  taskPos: 60 taskId: 634 ETC: 3016.09 priority: 0
  taskPos: 61 taskId: 778 ETC: 3827.08 priority: 0
  taskPos: 62 taskId: 755 ETC: 3794.62 priority: 0
  taskPos: 63 taskId: 665 ETC: 2752.4 priority: 0
  taskPos: 64 taskId: 849 ETC: 5729.05 priority: 0
  taskPos: 65 taskId: 605 ETC: 2957.76 priority: 0
  taskPos: 66 taskId: 75 ETC: 2978.57 priority: 0
  taskPos: 67 taskId: 37 ETC: 2458.97 priority: 0
  taskPos: 68 taskId: 941 ETC: 3447.24 priority: 0
  taskPos: 69 taskId: 828 ETC: 4207.53 priority: 0
  taskPos: 70 taskId: 153 ETC: 3267.86 priority: 0
  taskPos: 71 taskId: 1009 ETC: 3840.35 priority: 0
  taskPos: 72 taskId: 57 ETC: 6543.72 priority: 0
  taskPos: 73 taskId: 241 ETC: 3641.57 priority: 0
  taskPos: 74 taskId: 862 ETC: 5497.83 priority: 0
  taskPos: 75 taskId: 689 ETC: 4033.28 priority: 0
  taskPos: 76 taskId: 121 ETC: 4271.13 priority: 0
  taskPos: 77 taskId: 33 ETC: 5653.19 priority: 0
  taskPos: 78 taskId: 357 ETC: 3942.49 priority: 0
  taskPos: 79 taskId: 148 ETC: 10231.8 priority: 0
  taskPos: 80 taskId: 348 ETC: 4922.86 priority: 0
  taskPos: 81 taskId: 561 ETC: 4703.97 priority: 0
  taskPos: 82 taskId: 9 ETC: 10768.2 priority: 0
  taskPos: 83 taskId: 354 ETC: 4183.52 priority: 0
  taskPos: 84 taskId: 78 ETC: 2778 priority: 0
  taskPos: 85 taskId: 119 ETC: 10490.9 priority: 0
  taskPos: 86 taskId: 747 ETC: 6605.71 priority: 0
  taskPos: 87 taskId: 417 ETC: 7027.33 priority: 0
  taskPos: 88 taskId: 699 ETC: 9324.56 priority: 0
> machineId: 3
  taskPos: 0 taskId: 280 ETC: 199.28 priority: 0
  taskPos: 1 taskId: 660 ETC: 304.06 priority: 0
  taskPos: 2 taskId: 810 ETC: 114.06 priority: 0
  taskPos: 3 taskId: 10 ETC: 4348.56 priority: 0
  taskPos: 4 taskId: 267 ETC: 402.25 priority: 0
  taskPos: 5 taskId: 440 ETC: 513.41 priority: 0
  taskPos: 6 taskId: 578 ETC: 925.68 priority: 0
  taskPos: 7 taskId: 742 ETC: 402.91 priority: 0
  taskPos: 8 taskId: 108 ETC: 646.61 priority: 0
  taskPos: 9 taskId: 86 ETC: 413.76 priority: 0
  taskPos: 10 taskId: 569 ETC: 1382.28 priority: 0
  taskPos: 11 taskId: 551 ETC: 1069.51 priority: 0
  taskPos: 12 taskId: 67 ETC: 752.16 priority: 0
  taskPos: 13 taskId: 1000 ETC: 1255.91 priority: 0
  taskPos: 14 taskId: 789 ETC: 715.29 priority: 0
  taskPos: 15 taskId: 775 ETC: 895.11 priority: 0
  taskPos: 16 taskId: 464 ETC: 1366.94 priority: 0
  taskPos: 17 taskId: 521 ETC: 1371.01 priority: 0
  taskPos: 18 taskId: 627 ETC: 1465.18 priority: 0
  taskPos: 19 taskId: 1018 ETC: 1639.31 priority: 0
  taskPos: 20 taskId: 803 ETC: 2297.26 priority: 0
  taskPos: 21 taskId: 798 ETC: 1961.69 priority: 0
  taskPos: 22 taskId: 518 ETC: 1545.61 priority: 0
  taskPos: 23 taskId: 309 ETC: 1448.25 priority: 0
  taskPos: 24 taskId: 495 ETC: 2474.78 priority: 0
  taskPos: 25 taskId: 101 ETC: 2298.1 priority: 0
  taskPos: 26 taskId: 616 ETC: 1354.1 priority: 0
  taskPos: 27 taskId: 253 ETC: 1899.14 priority: 0
  taskPos: 28 taskId: 201 ETC: 2363.95 priority: 0
  taskPos: 29 taskId: 325 ETC: 2557.63 priority: 0
  taskPos: 30 taskId: 260 ETC: 3078.79 priority: 0
  taskPos: 31 taskId: 336 ETC: 3742.23 priority: 0
  taskPos: 32 taskId: 399 ETC: 3225.44 priority: 0
  taskPos: 33 taskId: 852 ETC: 3237.87 priority: 0
  taskPos: 34 taskId: 332 ETC: 3086.01 priority: 0
  taskPos: 35 taskId: 493 ETC: 4319.68 priority: 0
  taskPos: 36 taskId: 765 ETC: 3533.83 priority: 0
  taskPos: 37 taskId: 47 ETC: 3110.85 priority: 0
  taskPos: 38 taskId: 964 ETC: 3615.96 priority: 0
  taskPos: 39 taskId: 587 ETC: 2853.5 priority: 0
  taskPos: 40 taskId: 531 ETC: 3817.15 priority: 0
  taskPos: 41 taskId: 656 ETC: 4568.2 priority: 0
  taskPos: 42 taskId: 800 ETC: 4357.68 priority: 0
  taskPos: 43 taskId: 421 ETC: 4076.46 priority: 0
  taskPos: 44 taskId: 373 ETC: 4097.65 priority: 0
  taskPos: 45 taskId: 794 ETC: 5123.33 priority: 0
  taskPos: 46 taskId: 289 ETC: 7405.59 priority: 0
  taskPos: 47 taskId: 196 ETC: 4573.09 priority: 0
  taskPos: 48 taskId: 327 ETC: 5182.33 priority: 0
  taskPos: 49 taskId: 983 ETC: 6929.43 priority: 0
  taskPos: 50 taskId: 962 ETC: 7576.3 priority: 0
  taskPos: 51 taskId: 996 ETC: 8697.03 priority: 0
  taskPos: 52 taskId: 991 ETC: 5335.86 priority: 0
  taskPos: 53 taskId: 505 ETC: 5405.83 priority: 0
  taskPos: 54 taskId: 344 ETC: 7286.94 priority: 0
  taskPos: 55 taskId: 609 ETC: 5762.74 priority: 0
  taskPos: 56 taskId: 999 ETC: 11747.2 priority: 0
  taskPos: 57 taskId: 180 ETC: 12441.2 priority: 0
  taskPos: 58 taskId: 335 ETC: 9380.38 priority: 0
  taskPos: 59 taskId: 792 ETC: 13278.8 priority: 0
  taskPos: 60 taskId: 509 ETC: 8067.73 priority: 0
> machineId: 4
  taskPos: 0 taskId: 214 ETC: 683.59 priority: 0
  taskPos: 1 taskId: 414 ETC: 329.2 priority: 0
  taskPos: 2 taskId: 555 ETC: 90.95 priority: 0
  taskPos: 3 taskId: 827 ETC: 276.04 priority: 0
  taskPos: 4 taskId: 833 ETC: 492.16 priority: 0
  taskPos: 5 taskId: 146 ETC: 1107.73 priority: 0
  taskPos: 6 taskId: 928 ETC: 905.38 priority: 0
  taskPos: 7 taskId: 269 ETC: 1163.25 priority: 0
  taskPos: 8 taskId: 216 ETC: 1708.17 priority: 0
  taskPos: 9 taskId: 712 ETC: 2012.78 priority: 0
  taskPos: 10 taskId: 550 ETC: 1186.18 priority: 0
  taskPos: 11 taskId: 979 ETC: 703.34 priority: 0
  taskPos: 12 taskId: 481 ETC: 2365.45 priority: 0
  taskPos: 13 taskId: 319 ETC: 1665.85 priority: 0
  taskPos: 14 taskId: 472 ETC: 3292.19 priority: 0
  taskPos: 15 taskId: 842 ETC: 1615.89 priority: 0
  taskPos: 16 taskId: 940 ETC: 2087.22 priority: 0
  taskPos: 17 taskId: 733 ETC: 2597.77 priority: 0
  taskPos: 18 taskId: 160 ETC: 3876.31 priority: 0
  taskPos: 19 taskId: 776 ETC: 3355.67 priority: 0
  taskPos: 20 taskId: 546 ETC: 4341.9 priority: 0
  taskPos: 21 taskId: 840 ETC: 3137.93 priority: 0
  taskPos: 22 taskId: 198 ETC: 2714.34 priority: 0
  taskPos: 23 taskId: 423 ETC: 3561 priority: 0
  taskPos: 24 taskId: 356 ETC: 4436.98 priority: 0
  taskPos: 25 taskId: 684 ETC: 3888.64 priority: 0
  taskPos: 26 taskId: 640 ETC: 4566.12 priority: 0
  taskPos: 27 taskId: 948 ETC: 6618.55 priority: 0
  taskPos: 28 taskId: 151 ETC: 4691.96 priority: 0
  taskPos: 29 taskId: 786 ETC: 6066.55 priority: 0
  taskPos: 30 taskId: 1016 ETC: 4935.9 priority: 0
  taskPos: 31 taskId: 649 ETC: 6067.35 priority: 0
  taskPos: 32 taskId: 503 ETC: 6526.09 priority: 0
  taskPos: 33 taskId: 52 ETC: 7859.44 priority: 0
  taskPos: 34 taskId: 841 ETC: 4788.42 priority: 0
  taskPos: 35 taskId: 577 ETC: 6128.56 priority: 0
  taskPos: 36 taskId: 70 ETC: 10334.1 priority: 0
  taskPos: 37 taskId: 821 ETC: 4590.22 priority: 0
  taskPos: 38 taskId: 232 ETC: 7249.78 priority: 0
  taskPos: 39 taskId: 58 ETC: 4989.23 priority: 0
  taskPos: 40 taskId: 663 ETC: 6948.86 priority: 0
  taskPos: 41 taskId: 4 ETC: 8706.85 priority: 0
  taskPos: 42 taskId: 349 ETC: 19151.5 priority: 0
  taskPos: 43 taskId: 507 ETC: 11630.7 priority: 0
  taskPos: 44 taskId: 966 ETC: 9019.3 priority: 0
  taskPos: 45 taskId: 642 ETC: 15755.4 priority: 0
  taskPos: 46 taskId: 40 ETC: 12456.1 priority: 0
> machineId: 5
  taskPos: 0 taskId: 258 ETC: 227.06 priority: 0
  taskPos: 1 taskId: 589 ETC: 852.03 priority: 0
  taskPos: 2 taskId: 252 ETC: 431.89 priority: 0
  taskPos: 3 taskId: 648 ETC: 630.18 priority: 0
  taskPos: 4 taskId: 144 ETC: 2002.85 priority: 0
  taskPos: 5 taskId: 237 ETC: 1062.28 priority: 0
  taskPos: 6 taskId: 912 ETC: 1309.49 priority: 0
  taskPos: 7 taskId: 233 ETC: 2970.5 priority: 0
  taskPos: 8 taskId: 585 ETC: 2934.93 priority: 0
  taskPos: 9 taskId: 870 ETC: 1729.47 priority: 0
  taskPos: 10 taskId: 933 ETC: 2244.77 priority: 0
  taskPos: 11 taskId: 286 ETC: 2624.95 priority: 0
  taskPos: 12 taskId: 183 ETC: 4472.71 priority: 0
  taskPos: 13 taskId: 394 ETC: 5457.14 priority: 0
  taskPos: 14 taskId: 352 ETC: 1788.47 priority: 0
  taskPos: 15 taskId: 118 ETC: 3404.42 priority: 0
  taskPos: 16 taskId: 691 ETC: 4860.04 priority: 0
  taskPos: 17 taskId: 579 ETC: 5909.21 priority: 0
  taskPos: 18 taskId: 2 ETC: 5441.48 priority: 0
  taskPos: 19 taskId: 184 ETC: 3848.53 priority: 0
  taskPos: 20 taskId: 484 ETC: 6617.49 priority: 0
  taskPos: 21 taskId: 715 ETC: 5625.98 priority: 0
  taskPos: 22 taskId: 780 ETC: 4462.24 priority: 0
  taskPos: 23 taskId: 921 ETC: 6063.79 priority: 0
  taskPos: 24 taskId: 817 ETC: 12004.6 priority: 0
  taskPos: 25 taskId: 664 ETC: 6329.31 priority: 0
  taskPos: 26 taskId: 117 ETC: 6641.18 priority: 0
  taskPos: 27 taskId: 215 ETC: 11230.5 priority: 0
  taskPos: 28 taskId: 920 ETC: 14871 priority: 0
  taskPos: 29 taskId: 668 ETC: 22067.2 priority: 0
  taskPos: 30 taskId: 416 ETC: 7535.41 priority: 0
  taskPos: 31 taskId: 620 ETC: 8221.42 priority: 0
  taskPos: 32 taskId: 68 ETC: 8279.84 priority: 0
  taskPos: 33 taskId: 975 ETC: 7080.89 priority: 0
  taskPos: 34 taskId: 38 ETC: 16746.4 priority: 0
  taskPos: 35 taskId: 564 ETC: 10219.3 priority: 0
  taskPos: 36 taskId: 745 ETC: 12905.6 priority: 0
> machineId: 6
  taskPos: 0 taskId: 128 ETC: 1162.74 priority: 0
  taskPos: 1 taskId: 441 ETC: 10151.1 priority: 0
  taskPos: 2 taskId: 533 ETC: 320.64 priority: 0
  taskPos: 3 taskId: 598 ETC: 481.82 priority: 0
  taskPos: 4 taskId: 60 ETC: 1635.32 priority: 0
  taskPos: 5 taskId: 814 ETC: 542.9 priority: 0
  taskPos: 6 taskId: 268 ETC: 2428.52 priority: 0
  taskPos: 7 taskId: 381 ETC: 4275.62 priority: 0
  taskPos: 8 taskId: 112 ETC: 3507.69 priority: 0
  taskPos: 9 taskId: 251 ETC: 8359.07 priority: 0
  taskPos: 10 taskId: 429 ETC: 6375.14 priority: 0
  taskPos: 11 taskId: 337 ETC: 1758.42 priority: 0
  taskPos: 12 taskId: 377 ETC: 5721.5 priority: 0
  taskPos: 13 taskId: 759 ETC: 4711.7 priority: 0
  taskPos: 14 taskId: 18 ETC: 2316.19 priority: 0
  taskPos: 15 taskId: 567 ETC: 9411.85 priority: 0
  taskPos: 16 taskId: 310 ETC: 7103.06 priority: 0
  taskPos: 17 taskId: 371 ETC: 8844.64 priority: 0
  taskPos: 18 taskId: 674 ETC: 2299.74 priority: 0
  taskPos: 19 taskId: 894 ETC: 11532 priority: 0
  taskPos: 20 taskId: 936 ETC: 6561.03 priority: 0
  taskPos: 21 taskId: 193 ETC: 330.63 priority: 0
  taskPos: 22 taskId: 610 ETC: 14250.9 priority: 0
  taskPos: 23 taskId: 630 ETC: 13643.2 priority: 0
  taskPos: 24 taskId: 221 ETC: 16957.9 priority: 0
  taskPos: 25 taskId: 865 ETC: 7893.83 priority: 0
  taskPos: 26 taskId: 458 ETC: 11074.2 priority: 0
  taskPos: 27 taskId: 492 ETC: 10694.3 priority: 0
  taskPos: 28 taskId: 512 ETC: 21165.1 priority: 0
  taskPos: 29 taskId: 716 ETC: 7542.66 priority: 0
  taskPos: 30 taskId: 892 ETC: 7745.51 priority: 0
  taskPos: 31 taskId: 254 ETC: 13171.9 priority: 0
> machineId: 7
  taskPos: 0 taskId: 380 ETC: 399.21 priority: 0
  taskPos: 1 taskId: 522 ETC: 1206.37 priority: 0
  taskPos: 2 taskId: 826 ETC: 920.85 priority: 0
  taskPos: 3 taskId: 145 ETC: 1502.22 priority: 0
  taskPos: 4 taskId: 204 ETC: 4894.56 priority: 0
  taskPos: 5 taskId: 21 ETC: 2781.1 priority: 0
  taskPos: 6 taskId: 926 ETC: 4470.22 priority: 0
  taskPos: 7 taskId: 927 ETC: 3636.69 priority: 0
  taskPos: 8 taskId: 141 ETC: 4114.94 priority: 0
  taskPos: 9 taskId: 866 ETC: 4916.61 priority: 0
  taskPos: 10 taskId: 635 ETC: 5623.98 priority: 0
  taskPos: 11 taskId: 318 ETC: 27882 priority: 0
  taskPos: 12 taskId: 556 ETC: 6052.52 priority: 0
  taskPos: 13 taskId: 707 ETC: 6857.26 priority: 0
  taskPos: 14 taskId: 615 ETC: 8098.49 priority: 0
  taskPos: 15 taskId: 1010 ETC: 10910.6 priority: 0
  taskPos: 16 taskId: 64 ETC: 9942.91 priority: 0
  taskPos: 17 taskId: 31 ETC: 9542.22 priority: 0
  taskPos: 18 taskId: 864 ETC: 7903.29 priority: 0
  taskPos: 19 taskId: 132 ETC: 9411.09 priority: 0
  taskPos: 20 taskId: 466 ETC: 11289.3 priority: 0
  taskPos: 21 taskId: 365 ETC: 14802 priority: 0
  taskPos: 22 taskId: 433 ETC: 14991.4 priority: 0
  taskPos: 23 taskId: 737 ETC: 13831.4 priority: 0
  taskPos: 24 taskId: 510 ETC: 17940.7 priority: 0
  taskPos: 25 taskId: 468 ETC: 20154.6 priority: 0
> machineId: 8
  taskPos: 0 taskId: 851 ETC: 5201.06 priority: 0
  taskPos: 1 taskId: 388 ETC: 561.94 priority: 0
  taskPos: 2 taskId: 1015 ETC: 5362.22 priority: 0
  taskPos: 3 taskId: 768 ETC: 1066.12 priority: 0
  taskPos: 4 taskId: 443 ETC: 7310.89 priority: 0
  taskPos: 5 taskId: 829 ETC: 5825.29 priority: 0
  taskPos: 6 taskId: 562 ETC: 2425.36 priority: 0
  taskPos: 7 taskId: 544 ETC: 994.04 priority: 0
  taskPos: 8 taskId: 804 ETC: 12893.2 priority: 0
  taskPos: 9 taskId: 430 ETC: 3340.24 priority: 0
  taskPos: 10 taskId: 419 ETC: 4208.63 priority: 0
  taskPos: 11 taskId: 306 ETC: 14951.9 priority: 0
  taskPos: 12 taskId: 462 ETC: 6237.51 priority: 0
  taskPos: 13 taskId: 981 ETC: 9634.05 priority: 0
  taskPos: 14 taskId: 116 ETC: 7984.4 priority: 0
  taskPos: 15 taskId: 41 ETC: 23121.1 priority: 0
  taskPos: 16 taskId: 435 ETC: 10949.2 priority: 0
  taskPos: 17 taskId: 816 ETC: 12797.4 priority: 0
  taskPos: 18 taskId: 165 ETC: 16428.3 priority: 0
  taskPos: 19 taskId: 147 ETC: 6087.51 priority: 0
  taskPos: 20 taskId: 723 ETC: 11305.1 priority: 0
  taskPos: 21 taskId: 395 ETC: 18853.8 priority: 0
  taskPos: 22 taskId: 925 ETC: 1926.9 priority: 0
  taskPos: 23 taskId: 257 ETC: 19603 priority: 0
  taskPos: 24 taskId: 1008 ETC: 14474 priority: 0
> machineId: 9
  taskPos: 0 taskId: 44 ETC: 617.04 priority: 0
  taskPos: 1 taskId: 929 ETC: 2981.48 priority: 0
  taskPos: 2 taskId: 447 ETC: 2556.58 priority: 0
  taskPos: 3 taskId: 353 ETC: 12671.3 priority: 0
  taskPos: 4 taskId: 432 ETC: 11418.3 priority: 0
  taskPos: 5 taskId: 1 ETC: 3908.79 priority: 0
  taskPos: 6 taskId: 693 ETC: 7598.24 priority: 0
  taskPos: 7 taskId: 835 ETC: 20336 priority: 0
  taskPos: 8 taskId: 724 ETC: 16479.7 priority: 0
  taskPos: 9 taskId: 1021 ETC: 9342.24 priority: 0
  taskPos: 10 taskId: 832 ETC: 3013.22 priority: 0
  taskPos: 11 taskId: 111 ETC: 6986.66 priority: 0
  taskPos: 12 taskId: 811 ETC: 8867.63 priority: 0
  taskPos: 13 taskId: 736 ETC: 7944.09 priority: 0
  taskPos: 14 taskId: 516 ETC: 12587.4 priority: 0
  taskPos: 15 taskId: 727 ETC: 15064.7 priority: 0
  taskPos: 16 taskId: 211 ETC: 14698.9 priority: 0
  taskPos: 17 taskId: 680 ETC: 9373.84 priority: 0
  taskPos: 18 taskId: 950 ETC: 32948.3 priority: 0
  taskPos: 19 taskId: 702 ETC: 24225.6 priority: 0
> machineId: 10
  taskPos: 0 taskId: 175 ETC: 7062.66 priority: 0
  taskPos: 1 taskId: 807 ETC: 4225.13 priority: 0
  taskPos: 2 taskId: 374 ETC: 8519.65 priority: 0
  taskPos: 3 taskId: 881 ETC: 8086.89 priority: 0
  taskPos: 4 taskId: 205 ETC: 482.49 priority: 0
  taskPos: 5 taskId: 22 ETC: 18870.8 priority: 0
  taskPos: 6 taskId: 438 ETC: 2676.39 priority: 0
  taskPos: 7 taskId: 867 ETC: 15948.2 priority: 0
  taskPos: 8 taskId: 187 ETC: 1443.92 priority: 0
  taskPos: 9 taskId: 0 ETC: 26527.2 priority: 0
  taskPos: 10 taskId: 315 ETC: 19361.1 priority: 0
  taskPos: 11 taskId: 542 ETC: 605.65 priority: 0
  taskPos: 12 taskId: 274 ETC: 10338.7 priority: 0
  taskPos: 13 taskId: 15 ETC: 25360.5 priority: 0
  taskPos: 14 taskId: 163 ETC: 9037.78 priority: 0
  taskPos: 15 taskId: 714 ETC: 13590.4 priority: 0
  taskPos: 16 taskId: 488 ETC: 22675 priority: 0
  taskPos: 17 taskId: 667 ETC: 16807 priority: 0
  taskPos: 18 taskId: 823 ETC: 12417.5 priority: 0
> machineId: 11
  taskPos: 0 taskId: 88 ETC: 2719.36 priority: 0
  taskPos: 1 taskId: 573 ETC: 8175.46 priority: 0
  taskPos: 2 taskId: 231 ETC: 3940.06 priority: 0
  taskPos: 3 taskId: 529 ETC: 6401.73 priority: 0
  taskPos: 4 taskId: 919 ETC: 6112.17 priority: 0
  taskPos: 5 taskId: 138 ETC: 8450.49 priority: 0
  taskPos: 6 taskId: 1011 ETC: 3371.45 priority: 0
  taskPos: 7 taskId: 350 ETC: 14396.7 priority: 0
  taskPos: 8 taskId: 234 ETC: 10111 priority: 0
  taskPos: 9 taskId: 403 ETC: 16728.6 priority: 0
  taskPos: 10 taskId: 190 ETC: 19414 priority: 0
  taskPos: 11 taskId: 943 ETC: 36139.6 priority: 0
  taskPos: 12 taskId: 582 ETC: 13894.6 priority: 0
  taskPos: 13 taskId: 1012 ETC: 11720.9 priority: 0
  taskPos: 14 taskId: 161 ETC: 17438.1 priority: 0
  taskPos: 15 taskId: 839 ETC: 22936.3 priority: 0
  taskPos: 16 taskId: 797 ETC: 12966 priority: 0
> machineId: 12
  taskPos: 0 taskId: 20 ETC: 6836.42 priority: 0
  taskPos: 1 taskId: 347 ETC: 5091.82 priority: 0
  taskPos: 2 taskId: 934 ETC: 3290.79 priority: 0
  taskPos: 3 taskId: 323 ETC: 927.22 priority: 0
  taskPos: 4 taskId: 242 ETC: 8547.69 priority: 0
  taskPos: 5 taskId: 167 ETC: 15346.6 priority: 0
  taskPos: 6 taskId: 908 ETC: 7057.28 priority: 0
  taskPos: 7 taskId: 1022 ETC: 25739 priority: 0
  taskPos: 8 taskId: 859 ETC: 8836.82 priority: 0
  taskPos: 9 taskId: 5 ETC: 11516 priority: 0
  taskPos: 10 taskId: 937 ETC: 11120.6 priority: 0
  taskPos: 11 taskId: 411 ETC: 16460.1 priority: 0
  taskPos: 12 taskId: 628 ETC: 29289.4 priority: 0
  taskPos: 13 taskId: 343 ETC: 20961.1 priority: 0
  taskPos: 14 taskId: 526 ETC: 25647.4 priority: 0
  taskPos: 15 taskId: 487 ETC: 17141.4 priority: 0
> machineId: 13
  taskPos: 0 taskId: 412 ETC: 6532.96 priority: 0
  taskPos: 1 taskId: 695 ETC: 4625.98 priority: 0
  taskPos: 2 taskId: 63 ETC: 12591.9 priority: 0
  taskPos: 3 taskId: 292 ETC: 9469.16 priority: 0
  taskPos: 4 taskId: 697 ETC: 10272.4 priority: 0
  taskPos: 5 taskId: 808 ETC: 27819.6 priority: 0
  taskPos: 6 taskId: 530 ETC: 7844.33 priority: 0
  taskPos: 7 taskId: 726 ETC: 40550.1 priority: 0
  taskPos: 8 taskId: 973 ETC: 21873.5 priority: 0
  taskPos: 9 taskId: 992 ETC: 15188.7 priority: 0
  taskPos: 10 taskId: 72 ETC: 28448.1 priority: 0
  taskPos: 11 taskId: 819 ETC: 19386.3 priority: 0
  taskPos: 12 taskId: 741 ETC: 17373.7 priority: 0
> machineId: 14
  taskPos: 0 taskId: 602 ETC: 2147.97 priority: 0
  taskPos: 1 taskId: 888 ETC: 16120.1 priority: 0
  taskPos: 2 taskId: 114 ETC: 6712.16 priority: 0
  taskPos: 3 taskId: 224 ETC: 11708.7 priority: 0
  taskPos: 4 taskId: 874 ETC: 9100.07 priority: 0
  taskPos: 5 taskId: 942 ETC: 3891.74 priority: 0
  taskPos: 6 taskId: 97 ETC: 19011.8 priority: 0
  taskPos: 7 taskId: 824 ETC: 16155.4 priority: 0
  taskPos: 8 taskId: 599 ETC: 22894.5 priority: 0
  taskPos: 9 taskId: 370 ETC: 26038.6 priority: 0
  taskPos: 10 taskId: 762 ETC: 130.64 priority: 0
  taskPos: 11 taskId: 210 ETC: 31201.2 priority: 0
  taskPos: 12 taskId: 748 ETC: 42741.5 priority: 0
> machineId: 15
  taskPos: 0 taskId: 35 ETC: 11895.8 priority: 0
  taskPos: 1 taskId: 45 ETC: 12188.8 priority: 0
  taskPos: 2 taskId: 982 ETC: 17366.8 priority: 0
  taskPos: 3 taskId: 677 ETC: 19376.5 priority: 0
  taskPos: 4 taskId: 879 ETC: 1388.26 priority: 0
  taskPos: 5 taskId: 235 ETC: 11711.2 priority: 0
  taskPos: 6 taskId: 59 ETC: 8331.56 priority: 0
  taskPos: 7 taskId: 806 ETC: 24119.2 priority: 0
  taskPos: 8 taskId: 672 ETC: 10592.3 priority: 0
  taskPos: 9 taskId: 705 ETC: 42853.6 priority: 0
  taskPos: 10 taskId: 670 ETC: 2670.7 priority: 0
  taskPos: 11 taskId: 515 ETC: 31054.7 priority: 0
  taskPos: 12 taskId: 513 ETC: 28020.1 priority: 0
> machineId: 16
  taskPos: 0 taskId: 76 ETC: 8376.92 priority: 0
  taskPos: 1 taskId: 396 ETC: 15609.3 priority: 0
  taskPos: 2 taskId: 1006 ETC: 16398.6 priority: 0
  taskPos: 3 taskId: 317 ETC: 2873.05 priority: 0
  taskPos: 4 taskId: 24 ETC: 18991.4 priority: 0
  taskPos: 5 taskId: 760 ETC: 11952.7 priority: 0
  taskPos: 6 taskId: 208 ETC: 21976.4 priority: 0
  taskPos: 7 taskId: 825 ETC: 4546.35 priority: 0
  taskPos: 8 taskId: 756 ETC: 6754.58 priority: 0
  taskPos: 9 taskId: 30 ETC: 13749.5 priority: 0
  taskPos: 10 taskId: 150 ETC: 42172.9 priority: 0
  taskPos: 11 taskId: 583 ETC: 26289.6 priority: 0
  taskPos: 12 taskId: 401 ETC: 31577.5 priority: 0
> machineId: 17
  taskPos: 0 taskId: 87 ETC: 46760.1 priority: 0
  taskPos: 1 taskId: 976 ETC: 5419.01 priority: 0
  taskPos: 2 taskId: 613 ETC: 4316.26 priority: 0
  taskPos: 3 taskId: 326 ETC: 13417.4 priority: 0
  taskPos: 4 taskId: 540 ETC: 32434.4 priority: 0
  taskPos: 5 taskId: 645 ETC: 40492.3 priority: 0
  taskPos: 6 taskId: 720 ETC: 21838.3 priority: 0
  taskPos: 7 taskId: 995 ETC: 10751.6 priority: 0
  taskPos: 8 taskId: 206 ETC: 26599.6 priority: 0
  taskPos: 9 taskId: 552 ETC: 1528.6 priority: 0
  taskPos: 10 taskId: 863 ETC: 19368.5 priority: 0
> machineId: 18
  taskPos: 0 taskId: 28 ETC: 15233.8 priority: 0
  taskPos: 1 taskId: 8 ETC: 39066.5 priority: 0
  taskPos: 2 taskId: 740 ETC: 12214.4 priority: 0
  taskPos: 3 taskId: 781 ETC: 14104 priority: 0
  taskPos: 4 taskId: 659 ETC: 18386.8 priority: 0
  taskPos: 5 taskId: 250 ETC: 22117.5 priority: 0
  taskPos: 6 taskId: 25 ETC: 26767.3 priority: 0
  taskPos: 7 taskId: 563 ETC: 33033.6 priority: 0
  taskPos: 8 taskId: 959 ETC: 35260 priority: 0
> machineId: 19
  taskPos: 0 taskId: 844 ETC: 9613.92 priority: 0
  taskPos: 1 taskId: 155 ETC: 13196 priority: 0
  taskPos: 2 taskId: 415 ETC: 4846.28 priority: 0
  taskPos: 3 taskId: 247 ETC: 2400.22 priority: 0
  taskPos: 4 taskId: 1014 ETC: 29559.6 priority: 0
  taskPos: 5 taskId: 525 ETC: 20610 priority: 0
  taskPos: 6 taskId: 601 ETC: 38717.3 priority: 0
  taskPos: 7 taskId: 115 ETC: 41594.6 priority: 0
  taskPos: 8 taskId: 213 ETC: 23190.5 priority: 0
  taskPos: 9 taskId: 362 ETC: 15303.5 priority: 0
> machineId: 20
  taskPos: 0 taskId: 857 ETC: 55322.2 priority: 0
  taskPos: 1 taskId: 297 ETC: 15025.6 priority: 0
  taskPos: 2 taskId: 767 ETC: 40664.7 priority: 0
  taskPos: 3 taskId: 746 ETC: 17078.9 priority: 0
  taskPos: 4 taskId: 236 ETC: 10645.1 priority: 0
  taskPos: 5 taskId: 478 ETC: 34371.2 priority: 0
  taskPos: 6 taskId: 965 ETC: 21375.8 priority: 0
  taskPos: 7 taskId: 901 ETC: 26373.2 priority: 0
> machineId: 21
  taskPos: 0 taskId: 378 ETC: 4115.84 priority: 0
  taskPos: 1 taskId: 735 ETC: 11976.3 priority: 0
  taskPos: 2 taskId: 168 ETC: 14348.9 priority: 0
  taskPos: 3 taskId: 110 ETC: 24913.8 priority: 0
  taskPos: 4 taskId: 390 ETC: 19862.6 priority: 0
  taskPos: 5 taskId: 887 ETC: 7110.3 priority: 0
  taskPos: 6 taskId: 446 ETC: 31375.2 priority: 0
  taskPos: 7 taskId: 383 ETC: 41987.8 priority: 0
  taskPos: 8 taskId: 470 ETC: 51443.2 priority: 0
  taskPos: 9 taskId: 782 ETC: 16313.5 priority: 0
> machineId: 22
  taskPos: 0 taskId: 199 ETC: 6659.35 priority: 0
  taskPos: 1 taskId: 764 ETC: 12277.5 priority: 0
  taskPos: 2 taskId: 593 ETC: 12523.1 priority: 0
  taskPos: 3 taskId: 369 ETC: 21378.7 priority: 0
  taskPos: 4 taskId: 218 ETC: 26532.8 priority: 0
  taskPos: 5 taskId: 679 ETC: 62049.1 priority: 0
  taskPos: 6 taskId: 482 ETC: 43774.3 priority: 0
  taskPos: 7 taskId: 122 ETC: 34806.3 priority: 0
> machineId: 23
  taskPos: 0 taskId: 135 ETC: 17952.8 priority: 0
  taskPos: 1 taskId: 77 ETC: 22004.7 priority: 0
  taskPos: 2 taskId: 329 ETC: 10596.4 priority: 0
  taskPos: 3 taskId: 868 ETC: 28895.3 priority: 0
  taskPos: 4 taskId: 98 ETC: 24228.7 priority: 0
  taskPos: 5 taskId: 847 ETC: 6139.82 priority: 0
  taskPos: 6 taskId: 174 ETC: 41849.9 priority: 0
  taskPos: 7 taskId: 904 ETC: 49717.1 priority: 0
  taskPos: 8 taskId: 379 ETC: 18645 priority: 0
> machineId: 24
  taskPos: 0 taskId: 418 ETC: 59019 priority: 0
  taskPos: 1 taskId: 612 ETC: 14234.6 priority: 0
  taskPos: 2 taskId: 457 ETC: 853.99 priority: 0
  taskPos: 3 taskId: 698 ETC: 24572.7 priority: 0
  taskPos: 4 taskId: 448 ETC: 47685.6 priority: 0
  taskPos: 5 taskId: 588 ETC: 21496.3 priority: 0
  taskPos: 6 taskId: 930 ETC: 19599.5 priority: 0
> machineId: 25
  taskPos: 0 taskId: 157 ETC: 8743.3 priority: 0
  taskPos: 1 taskId: 952 ETC: 15506.7 priority: 0
  taskPos: 2 taskId: 885 ETC: 20963.5 priority: 0
  taskPos: 3 taskId: 322 ETC: 48187.4 priority: 0
  taskPos: 4 taskId: 91 ETC: 35141.8 priority: 0
  taskPos: 5 taskId: 219 ETC: 59768.5 priority: 0
  taskPos: 6 taskId: 560 ETC: 27423.2 priority: 0
> machineId: 26
  taskPos: 0 taskId: 83 ETC: 27802.2 priority: 0
  taskPos: 1 taskId: 368 ETC: 17175.7 priority: 0
  taskPos: 2 taskId: 452 ETC: 21191.4 priority: 0
  taskPos: 3 taskId: 647 ETC: 27892.9 priority: 0
  taskPos: 4 taskId: 880 ETC: 52856.3 priority: 0
  taskPos: 5 taskId: 287 ETC: 39164.7 priority: 0
  taskPos: 6 taskId: 708 ETC: 30636.9 priority: 0
  taskPos: 7 taskId: 330 ETC: 4177.22 priority: 0
> machineId: 27
  taskPos: 0 taskId: 574 ETC: 7746.82 priority: 0
  taskPos: 1 taskId: 685 ETC: 35336.6 priority: 0
  taskPos: 2 taskId: 105 ETC: 44412.2 priority: 0
  taskPos: 3 taskId: 159 ETC: 45784.8 priority: 0
  taskPos: 4 taskId: 897 ETC: 23795.5 priority: 0
  taskPos: 5 taskId: 536 ETC: 57144.9 priority: 0
> machineId: 28
  taskPos: 0 taskId: 248 ETC: 10612 priority: 0
  taskPos: 1 taskId: 84 ETC: 19657.1 priority: 0
  taskPos: 2 taskId: 300 ETC: 26237 priority: 0
  taskPos: 3 taskId: 923 ETC: 32811.3 priority: 0
  taskPos: 4 taskId: 188 ETC: 49403.2 priority: 0
  taskPos: 5 taskId: 465 ETC: 61960.7 priority: 0
> machineId: 29
  taskPos: 0 taskId: 207 ETC: 79192 priority: 0
  taskPos: 1 taskId: 398 ETC: 22321.2 priority: 0
  taskPos: 2 taskId: 483 ETC: 22597.9 priority: 0
  taskPos: 3 taskId: 176 ETC: 29344.7 priority: 0
  taskPos: 4 taskId: 972 ETC: 50648.2 priority: 0
  taskPos: 5 taskId: 935 ETC: 3631.01 priority: 0
> machineId: 30
  taskPos: 0 taskId: 69 ETC: 58633.4 priority: 0
  taskPos: 1 taskId: 256 ETC: 98468.4 priority: 0
  taskPos: 2 taskId: 856 ETC: 15914.2 priority: 0
  taskPos: 3 taskId: 104 ETC: 29643.5 priority: 0
> machineId: 31
  taskPos: 0 taskId: 696 ETC: 62531 priority: 0
  taskPos: 1 taskId: 527 ETC: 16095.2 priority: 0
  taskPos: 2 taskId: 820 ETC: 5279.54 priority: 0
  taskPos: 3 taskId: 169 ETC: 49371.6 priority: 0
  taskPos: 4 taskId: 73 ETC: 42086.3 priority: 0
  taskPos: 5 taskId: 179 ETC: 25376.6 priority: 0



 :( ---------------------- THE END --------------- :) 