[H[2J[INFO] TaskCount: 1024
[INFO] MachineCount: 32

[DEBUG] Inicialización MIN-MIN

Min-Min fitness: 2.25081e+07

[DEBUG] Inicialización Sufferage

Sufferage fitness: 3.00046e+07

[DEBUG] Inicialización random

[DEBUG] Inicialización random

[DEBUG] Inicialización random

[DEBUG] Inicialización MCT

MCT fitness: 3.23801e+07

[DEBUG] Inicialización random

[DEBUG] Inicialización random

[DEBUG] Inicialización random

[DEBUG] Inicialización random

[DEBUG] Inicialización MCT

MCT fitness: 3.26332e+07

[DEBUG] Inicialización random

[DEBUG] Inicialización random

[DEBUG] Inicialización random

[DEBUG] Inicialización random

 Current State ---------------------------------------------

Current trial: 1
Current iteration: 1500
Current evaluations: 22680
Current best cost: 2.11821e+07
Current worst cost: 2.11821e+07
Current Average cost: 2.11821e+07
Current Standard Deviation: 0

Trial: 
Best cost trial: 2.11821e+07
Worst cost trial: 2.28288e+08
Iteration best found in trial: 1400
Time best found trial: 1.98963e+07
Time spent in trial: 2.05225e+07

Global: 
Global best cost: 2.11821e+07
Global worst cost: 2.28288e+08
Trial best found: 1
Iteration best found: 1400
Time best found: 1.98963e+07

Current time spent (so far): 2.05225e+07
Solution
> machineId: 0
  taskPos: 0 taskId: 626 ETC: 2.2 priority: 0
  taskPos: 1 taskId: 10 ETC: 119.07 priority: 0
  taskPos: 2 taskId: 436 ETC: 1686.1 priority: 0
  taskPos: 3 taskId: 594 ETC: 439.77 priority: 0
  taskPos: 4 taskId: 871 ETC: 1410.15 priority: 0
  taskPos: 5 taskId: 552 ETC: 336.04 priority: 0
  taskPos: 6 taskId: 833 ETC: 208.46 priority: 0
  taskPos: 7 taskId: 428 ETC: 1529.97 priority: 0
  taskPos: 8 taskId: 681 ETC: 12480.4 priority: 0
  taskPos: 9 taskId: 189 ETC: 350.26 priority: 0
  taskPos: 10 taskId: 645 ETC: 1880.45 priority: 0
  taskPos: 11 taskId: 862 ETC: 665.87 priority: 0
  taskPos: 12 taskId: 779 ETC: 3048.66 priority: 0
  taskPos: 13 taskId: 333 ETC: 108.54 priority: 0
  taskPos: 14 taskId: 769 ETC: 1579.77 priority: 0
  taskPos: 15 taskId: 60 ETC: 1922.58 priority: 0
  taskPos: 16 taskId: 811 ETC: 3745.46 priority: 0
  taskPos: 17 taskId: 268 ETC: 1821.32 priority: 0
  taskPos: 18 taskId: 245 ETC: 24010.5 priority: 0
  taskPos: 19 taskId: 248 ETC: 3229.27 priority: 0
  taskPos: 20 taskId: 93 ETC: 2658.94 priority: 0
  taskPos: 21 taskId: 735 ETC: 3637.87 priority: 0
  taskPos: 22 taskId: 1009 ETC: 2180.74 priority: 0
  taskPos: 23 taskId: 980 ETC: 4031.67 priority: 0
  taskPos: 24 taskId: 27 ETC: 4572.92 priority: 0
  taskPos: 25 taskId: 729 ETC: 538.41 priority: 0
  taskPos: 26 taskId: 161 ETC: 2625.69 priority: 0
  taskPos: 27 taskId: 838 ETC: 3195.96 priority: 0
  taskPos: 28 taskId: 36 ETC: 5649.58 priority: 0
  taskPos: 29 taskId: 301 ETC: 3479.89 priority: 0
  taskPos: 30 taskId: 335 ETC: 3581.49 priority: 0
  taskPos: 31 taskId: 202 ETC: 2472.29 priority: 0
  taskPos: 32 taskId: 55 ETC: 6130.13 priority: 0
  taskPos: 33 taskId: 654 ETC: 4061.54 priority: 0
  taskPos: 34 taskId: 888 ETC: 1309.69 priority: 0
  taskPos: 35 taskId: 346 ETC: 2320.69 priority: 0
  taskPos: 36 taskId: 190 ETC: 4233.57 priority: 0
  taskPos: 37 taskId: 745 ETC: 4555.72 priority: 0
  taskPos: 38 taskId: 492 ETC: 3904.74 priority: 0
  taskPos: 39 taskId: 195 ETC: 2316.53 priority: 0
  taskPos: 40 taskId: 320 ETC: 6520.97 priority: 0
  taskPos: 41 taskId: 43 ETC: 62366.2 priority: 0
  taskPos: 42 taskId: 487 ETC: 6119.53 priority: 0
  taskPos: 43 taskId: 104 ETC: 5852.31 priority: 0
  taskPos: 44 taskId: 419 ETC: 6635.2 priority: 0
  taskPos: 45 taskId: 918 ETC: 6353.65 priority: 0
  taskPos: 46 taskId: 146 ETC: 3672.1 priority: 0
  taskPos: 47 taskId: 776 ETC: 4610.85 priority: 0
  taskPos: 48 taskId: 3 ETC: 23233.4 priority: 0
  taskPos: 49 taskId: 543 ETC: 4099.49 priority: 0
  taskPos: 50 taskId: 167 ETC: 4612.58 priority: 0
  taskPos: 51 taskId: 469 ETC: 5957.11 priority: 0
  taskPos: 52 taskId: 233 ETC: 3330.39 priority: 0
  taskPos: 53 taskId: 766 ETC: 5244.25 priority: 0
  taskPos: 54 taskId: 328 ETC: 8827.56 priority: 0
  taskPos: 55 taskId: 561 ETC: 5021.73 priority: 0
  taskPos: 56 taskId: 509 ETC: 7036.97 priority: 0
  taskPos: 57 taskId: 197 ETC: 7618.56 priority: 0
  taskPos: 58 taskId: 156 ETC: 6421.71 priority: 0
  taskPos: 59 taskId: 607 ETC: 7142.89 priority: 0
  taskPos: 60 taskId: 676 ETC: 8483.56 priority: 0
  taskPos: 61 taskId: 115 ETC: 4683.15 priority: 0
  taskPos: 62 taskId: 1003 ETC: 4593.72 priority: 0
  taskPos: 63 taskId: 279 ETC: 8052.99 priority: 0
  taskPos: 64 taskId: 224 ETC: 6770.67 priority: 0
  taskPos: 65 taskId: 907 ETC: 8144.84 priority: 0
  taskPos: 66 taskId: 703 ETC: 8619.02 priority: 0
  taskPos: 67 taskId: 572 ETC: 6254.75 priority: 0
  taskPos: 68 taskId: 817 ETC: 7031.28 priority: 0
  taskPos: 69 taskId: 515 ETC: 10153.2 priority: 0
  taskPos: 70 taskId: 270 ETC: 6192.56 priority: 0
  taskPos: 71 taskId: 935 ETC: 11059 priority: 0
  taskPos: 72 taskId: 741 ETC: 10297.4 priority: 0
  taskPos: 73 taskId: 459 ETC: 10589.2 priority: 0
  taskPos: 74 taskId: 520 ETC: 7613.53 priority: 0
  taskPos: 75 taskId: 70 ETC: 8437.66 priority: 0
  taskPos: 76 taskId: 341 ETC: 7366.27 priority: 0
  taskPos: 77 taskId: 482 ETC: 8933.62 priority: 0
  taskPos: 78 taskId: 278 ETC: 7791.03 priority: 0
  taskPos: 79 taskId: 517 ETC: 6344.57 priority: 0
  taskPos: 80 taskId: 879 ETC: 8362.2 priority: 0
  taskPos: 81 taskId: 332 ETC: 4647.15 priority: 0
  taskPos: 82 taskId: 244 ETC: 7721.14 priority: 0
  taskPos: 83 taskId: 140 ETC: 8932.11 priority: 0
  taskPos: 84 taskId: 657 ETC: 4807.72 priority: 0
  taskPos: 85 taskId: 364 ETC: 12729 priority: 0
  taskPos: 86 taskId: 652 ETC: 10003.7 priority: 0
  taskPos: 87 taskId: 372 ETC: 12503.5 priority: 0
  taskPos: 88 taskId: 318 ETC: 12171.4 priority: 0
  taskPos: 89 taskId: 902 ETC: 14946.7 priority: 0
  taskPos: 90 taskId: 479 ETC: 11986.6 priority: 0
  taskPos: 91 taskId: 502 ETC: 6218.19 priority: 0
  taskPos: 92 taskId: 627 ETC: 11014.4 priority: 0
  taskPos: 93 taskId: 198 ETC: 7975.1 priority: 0
  taskPos: 94 taskId: 184 ETC: 14988.2 priority: 0
  taskPos: 95 taskId: 16 ETC: 12613.9 priority: 0
  taskPos: 96 taskId: 235 ETC: 9619.84 priority: 0
  taskPos: 97 taskId: 49 ETC: 13368.1 priority: 0
  taskPos: 98 taskId: 508 ETC: 10677.9 priority: 0
  taskPos: 99 taskId: 356 ETC: 13465.7 priority: 0
  taskPos: 100 taskId: 458 ETC: 13251.3 priority: 0
  taskPos: 101 taskId: 259 ETC: 7668.12 priority: 0
  taskPos: 102 taskId: 999 ETC: 10503 priority: 0
  taskPos: 103 taskId: 446 ETC: 11450.4 priority: 0
  taskPos: 104 taskId: 170 ETC: 20585.1 priority: 0
  taskPos: 105 taskId: 253 ETC: 12936.4 priority: 0
  taskPos: 106 taskId: 582 ETC: 11887.3 priority: 0
  taskPos: 107 taskId: 586 ETC: 25319.3 priority: 0
  taskPos: 108 taskId: 896 ETC: 12835.8 priority: 0
  taskPos: 109 taskId: 854 ETC: 11752 priority: 0
  taskPos: 110 taskId: 781 ETC: 11921.8 priority: 0
  taskPos: 111 taskId: 486 ETC: 16463.2 priority: 0
  taskPos: 112 taskId: 695 ETC: 18183 priority: 0
  taskPos: 113 taskId: 848 ETC: 14926.9 priority: 0
  taskPos: 114 taskId: 499 ETC: 13016.8 priority: 0
  taskPos: 115 taskId: 23 ETC: 16917 priority: 0
  taskPos: 116 taskId: 337 ETC: 19909.8 priority: 0
  taskPos: 117 taskId: 203 ETC: 13844.2 priority: 0
  taskPos: 118 taskId: 1019 ETC: 12796.1 priority: 0
  taskPos: 119 taskId: 725 ETC: 13094.7 priority: 0
  taskPos: 120 taskId: 570 ETC: 17863.2 priority: 0
  taskPos: 121 taskId: 930 ETC: 19079.1 priority: 0
  taskPos: 122 taskId: 756 ETC: 20299 priority: 0
  taskPos: 123 taskId: 199 ETC: 27405.2 priority: 0
  taskPos: 124 taskId: 299 ETC: 21540.1 priority: 0
  taskPos: 125 taskId: 599 ETC: 18048.8 priority: 0
  taskPos: 126 taskId: 783 ETC: 17110.1 priority: 0
  taskPos: 127 taskId: 304 ETC: 12756.9 priority: 0
  taskPos: 128 taskId: 823 ETC: 20867.7 priority: 0
  taskPos: 129 taskId: 841 ETC: 22626.2 priority: 0
  taskPos: 130 taskId: 214 ETC: 17574.6 priority: 0
  taskPos: 131 taskId: 982 ETC: 14345.8 priority: 0
  taskPos: 132 taskId: 411 ETC: 23799.5 priority: 0
  taskPos: 133 taskId: 451 ETC: 14459.4 priority: 0
  taskPos: 134 taskId: 898 ETC: 17149.1 priority: 0
  taskPos: 135 taskId: 920 ETC: 17627.7 priority: 0
  taskPos: 136 taskId: 952 ETC: 15329.5 priority: 0
  taskPos: 137 taskId: 895 ETC: 5233.19 priority: 0
  taskPos: 138 taskId: 39 ETC: 93828.5 priority: 0
  taskPos: 139 taskId: 744 ETC: 17628.4 priority: 0
  taskPos: 140 taskId: 340 ETC: 15135.5 priority: 0
  taskPos: 141 taskId: 461 ETC: 23785.6 priority: 0
  taskPos: 142 taskId: 58 ETC: 27692.1 priority: 0
  taskPos: 143 taskId: 261 ETC: 21613.9 priority: 0
  taskPos: 144 taskId: 704 ETC: 24615.6 priority: 0
  taskPos: 145 taskId: 602 ETC: 25433 priority: 0
  taskPos: 146 taskId: 297 ETC: 24094.8 priority: 0
  taskPos: 147 taskId: 730 ETC: 20865.2 priority: 0
  taskPos: 148 taskId: 798 ETC: 28822.2 priority: 0
  taskPos: 149 taskId: 544 ETC: 25474.7 priority: 0
  taskPos: 150 taskId: 357 ETC: 106816 priority: 0
  taskPos: 151 taskId: 699 ETC: 25973.9 priority: 0
  taskPos: 152 taskId: 454 ETC: 30580.2 priority: 0
  taskPos: 153 taskId: 407 ETC: 26360.9 priority: 0
  taskPos: 154 taskId: 494 ETC: 27273.7 priority: 0
  taskPos: 155 taskId: 223 ETC: 22272.6 priority: 0
  taskPos: 156 taskId: 176 ETC: 29631.7 priority: 0
  taskPos: 157 taskId: 614 ETC: 27017.3 priority: 0
  taskPos: 158 taskId: 173 ETC: 34498.9 priority: 0
  taskPos: 159 taskId: 534 ETC: 31493.2 priority: 0
  taskPos: 160 taskId: 257 ETC: 28778.5 priority: 0
  taskPos: 161 taskId: 380 ETC: 20787.9 priority: 0
  taskPos: 162 taskId: 1010 ETC: 26822.8 priority: 0
  taskPos: 163 taskId: 336 ETC: 25645.2 priority: 0
  taskPos: 164 taskId: 242 ETC: 24371.1 priority: 0
  taskPos: 165 taskId: 211 ETC: 25987.3 priority: 0
  taskPos: 166 taskId: 264 ETC: 21369.4 priority: 0
  taskPos: 167 taskId: 998 ETC: 23822.1 priority: 0
  taskPos: 168 taskId: 576 ETC: 35307.6 priority: 0
  taskPos: 169 taskId: 801 ETC: 29383 priority: 0
  taskPos: 170 taskId: 715 ETC: 37462.8 priority: 0
  taskPos: 171 taskId: 644 ETC: 27306.7 priority: 0
  taskPos: 172 taskId: 258 ETC: 33921.6 priority: 0
  taskPos: 173 taskId: 103 ETC: 29505.7 priority: 0
  taskPos: 174 taskId: 1000 ETC: 42183.4 priority: 0
  taskPos: 175 taskId: 906 ETC: 34681.2 priority: 0
  taskPos: 176 taskId: 5 ETC: 30999.2 priority: 0
  taskPos: 177 taskId: 106 ETC: 32253.1 priority: 0
  taskPos: 178 taskId: 177 ETC: 35652.2 priority: 0
  taskPos: 179 taskId: 424 ETC: 31244.3 priority: 0
  taskPos: 180 taskId: 455 ETC: 34774.2 priority: 0
  taskPos: 181 taskId: 216 ETC: 29417.2 priority: 0
  taskPos: 182 taskId: 810 ETC: 38060.1 priority: 0
  taskPos: 183 taskId: 276 ETC: 34089.9 priority: 0
  taskPos: 184 taskId: 605 ETC: 39038.2 priority: 0
  taskPos: 185 taskId: 615 ETC: 54008 priority: 0
  taskPos: 186 taskId: 110 ETC: 34713.5 priority: 0
  taskPos: 187 taskId: 379 ETC: 30988.4 priority: 0
  taskPos: 188 taskId: 992 ETC: 26743.2 priority: 0
  taskPos: 189 taskId: 114 ETC: 36768.3 priority: 0
  taskPos: 190 taskId: 117 ETC: 41280.7 priority: 0
  taskPos: 191 taskId: 973 ETC: 47527.2 priority: 0
  taskPos: 192 taskId: 809 ETC: 380833 priority: 0
  taskPos: 193 taskId: 829 ETC: 38732.8 priority: 0
  taskPos: 194 taskId: 362 ETC: 36744.2 priority: 0
  taskPos: 195 taskId: 52 ETC: 53992.7 priority: 0
  taskPos: 196 taskId: 290 ETC: 48207.9 priority: 0
  taskPos: 197 taskId: 964 ETC: 42246 priority: 0
  taskPos: 198 taskId: 243 ETC: 42618.7 priority: 0
  taskPos: 199 taskId: 669 ETC: 31296.1 priority: 0
  taskPos: 200 taskId: 317 ETC: 55153.4 priority: 0
  taskPos: 201 taskId: 353 ETC: 42559.9 priority: 0
  taskPos: 202 taskId: 1007 ETC: 32860.3 priority: 0
  taskPos: 203 taskId: 697 ETC: 54563.7 priority: 0
  taskPos: 204 taskId: 355 ETC: 31596.6 priority: 0
  taskPos: 205 taskId: 441 ETC: 38577.5 priority: 0
  taskPos: 206 taskId: 112 ETC: 43304.2 priority: 0
  taskPos: 207 taskId: 556 ETC: 46724.4 priority: 0
  taskPos: 208 taskId: 737 ETC: 40118.2 priority: 0
  taskPos: 209 taskId: 351 ETC: 47163.5 priority: 0
  taskPos: 210 taskId: 230 ETC: 54214.2 priority: 0
  taskPos: 211 taskId: 883 ETC: 42235.7 priority: 0
  taskPos: 212 taskId: 485 ETC: 48573.8 priority: 0
  taskPos: 213 taskId: 996 ETC: 51224.7 priority: 0
  taskPos: 214 taskId: 546 ETC: 47496 priority: 0
  taskPos: 215 taskId: 275 ETC: 68519.4 priority: 0
  taskPos: 216 taskId: 932 ETC: 42218.3 priority: 0
  taskPos: 217 taskId: 986 ETC: 42899.3 priority: 0
  taskPos: 218 taskId: 936 ETC: 57613.5 priority: 0
  taskPos: 219 taskId: 207 ETC: 68667.4 priority: 0
  taskPos: 220 taskId: 529 ETC: 43561.7 priority: 0
  taskPos: 221 taskId: 311 ETC: 43489.3 priority: 0
  taskPos: 222 taskId: 859 ETC: 54741.7 priority: 0
  taskPos: 223 taskId: 777 ETC: 47776 priority: 0
  taskPos: 224 taskId: 57 ETC: 56124.9 priority: 0
  taskPos: 225 taskId: 220 ETC: 52302.5 priority: 0
  taskPos: 226 taskId: 67 ETC: 70773.4 priority: 0
  taskPos: 227 taskId: 30 ETC: 61455.8 priority: 0
  taskPos: 228 taskId: 736 ETC: 53378.8 priority: 0
  taskPos: 229 taskId: 54 ETC: 74458.5 priority: 0
  taskPos: 230 taskId: 510 ETC: 68257.5 priority: 0
  taskPos: 231 taskId: 857 ETC: 55734.7 priority: 0
  taskPos: 232 taskId: 388 ETC: 44409.5 priority: 0
  taskPos: 233 taskId: 81 ETC: 102111 priority: 0
  taskPos: 234 taskId: 143 ETC: 56982.7 priority: 0
  taskPos: 235 taskId: 53 ETC: 59282.1 priority: 0
  taskPos: 236 taskId: 706 ETC: 57087.1 priority: 0
  taskPos: 237 taskId: 983 ETC: 53288.7 priority: 0
  taskPos: 238 taskId: 711 ETC: 88643 priority: 0
  taskPos: 239 taskId: 352 ETC: 69309.4 priority: 0
  taskPos: 240 taskId: 732 ETC: 76865.6 priority: 0
  taskPos: 241 taskId: 478 ETC: 72735.9 priority: 0
  taskPos: 242 taskId: 802 ETC: 59611.2 priority: 0
  taskPos: 243 taskId: 435 ETC: 69853.9 priority: 0
  taskPos: 244 taskId: 612 ETC: 82259.4 priority: 0
  taskPos: 245 taskId: 557 ETC: 88923.6 priority: 0
  taskPos: 246 taskId: 940 ETC: 126941 priority: 0
  taskPos: 247 taskId: 831 ETC: 51481.5 priority: 0
  taskPos: 248 taskId: 302 ETC: 85203.5 priority: 0
  taskPos: 249 taskId: 82 ETC: 56289.1 priority: 0
  taskPos: 250 taskId: 141 ETC: 69786.4 priority: 0
  taskPos: 251 taskId: 775 ETC: 50937.5 priority: 0
  taskPos: 252 taskId: 821 ETC: 93058.9 priority: 0
  taskPos: 253 taskId: 718 ETC: 70925.8 priority: 0
  taskPos: 254 taskId: 107 ETC: 69447.3 priority: 0
  taskPos: 255 taskId: 942 ETC: 104611 priority: 0
  taskPos: 256 taskId: 254 ETC: 81753.4 priority: 0
  taskPos: 257 taskId: 153 ETC: 68956.7 priority: 0
  taskPos: 258 taskId: 80 ETC: 91712.6 priority: 0
  taskPos: 259 taskId: 889 ETC: 91905 priority: 0
  taskPos: 260 taskId: 1002 ETC: 73773.4 priority: 0
  taskPos: 261 taskId: 15 ETC: 92594.7 priority: 0
  taskPos: 262 taskId: 747 ETC: 97242 priority: 0
  taskPos: 263 taskId: 452 ETC: 108430 priority: 0
  taskPos: 264 taskId: 457 ETC: 75565.9 priority: 0
  taskPos: 265 taskId: 914 ETC: 73240.4 priority: 0
  taskPos: 266 taskId: 782 ETC: 102476 priority: 0
  taskPos: 267 taskId: 496 ETC: 94066.1 priority: 0
  taskPos: 268 taskId: 327 ETC: 84621.8 priority: 0
  taskPos: 269 taskId: 186 ETC: 115258 priority: 0
  taskPos: 270 taskId: 646 ETC: 102791 priority: 0
  taskPos: 271 taskId: 142 ETC: 110386 priority: 0
  taskPos: 272 taskId: 241 ETC: 113964 priority: 0
  taskPos: 273 taskId: 541 ETC: 104549 priority: 0
  taskPos: 274 taskId: 137 ETC: 100682 priority: 0
  taskPos: 275 taskId: 904 ETC: 73863 priority: 0
  taskPos: 276 taskId: 277 ETC: 165938 priority: 0
  taskPos: 277 taskId: 837 ETC: 124970 priority: 0
  taskPos: 278 taskId: 413 ETC: 138235 priority: 0
  taskPos: 279 taskId: 682 ETC: 92606.7 priority: 0
  taskPos: 280 taskId: 976 ETC: 102445 priority: 0
  taskPos: 281 taskId: 1016 ETC: 164437 priority: 0
  taskPos: 282 taskId: 361 ETC: 107547 priority: 0
  taskPos: 283 taskId: 466 ETC: 122530 priority: 0
  taskPos: 284 taskId: 988 ETC: 81117.1 priority: 0
  taskPos: 285 taskId: 752 ETC: 112256 priority: 0
  taskPos: 286 taskId: 477 ETC: 190395 priority: 0
  taskPos: 287 taskId: 145 ETC: 111098 priority: 0
  taskPos: 288 taskId: 598 ETC: 104844 priority: 0
  taskPos: 289 taskId: 1015 ETC: 84582.8 priority: 0
  taskPos: 290 taskId: 961 ETC: 71095.3 priority: 0
  taskPos: 291 taskId: 34 ETC: 122989 priority: 0
  taskPos: 292 taskId: 549 ETC: 147738 priority: 0
  taskPos: 293 taskId: 975 ETC: 129206 priority: 0
  taskPos: 294 taskId: 743 ETC: 157898 priority: 0
  taskPos: 295 taskId: 799 ETC: 148103 priority: 0
  taskPos: 296 taskId: 815 ETC: 122351 priority: 0
  taskPos: 297 taskId: 251 ETC: 124663 priority: 0
  taskPos: 298 taskId: 813 ETC: 144696 priority: 0
  taskPos: 299 taskId: 449 ETC: 128596 priority: 0
  taskPos: 300 taskId: 212 ETC: 152117 priority: 0
  taskPos: 301 taskId: 375 ETC: 163864 priority: 0
  taskPos: 302 taskId: 56 ETC: 157624 priority: 0
  taskPos: 303 taskId: 382 ETC: 245723 priority: 0
  taskPos: 304 taskId: 868 ETC: 140611 priority: 0
  taskPos: 305 taskId: 658 ETC: 182348 priority: 0
  taskPos: 306 taskId: 73 ETC: 145992 priority: 0
  taskPos: 307 taskId: 642 ETC: 209276 priority: 0
  taskPos: 308 taskId: 629 ETC: 159771 priority: 0
  taskPos: 309 taskId: 200 ETC: 186281 priority: 0
  taskPos: 310 taskId: 86 ETC: 213761 priority: 0
  taskPos: 311 taskId: 901 ETC: 105362 priority: 0
  taskPos: 312 taskId: 773 ETC: 124988 priority: 0
  taskPos: 313 taskId: 226 ETC: 424527 priority: 0
  taskPos: 314 taskId: 240 ETC: 257112 priority: 0
  taskPos: 315 taskId: 924 ETC: 163074 priority: 0
  taskPos: 316 taskId: 420 ETC: 195144 priority: 0
  taskPos: 317 taskId: 387 ETC: 153458 priority: 0
  taskPos: 318 taskId: 476 ETC: 188040 priority: 0
  taskPos: 319 taskId: 535 ETC: 253458 priority: 0
  taskPos: 320 taskId: 4 ETC: 68557.9 priority: 0
  taskPos: 321 taskId: 550 ETC: 258004 priority: 0
  taskPos: 322 taskId: 96 ETC: 212493 priority: 0
  taskPos: 323 taskId: 179 ETC: 239890 priority: 0
  taskPos: 324 taskId: 99 ETC: 304970 priority: 0
  taskPos: 325 taskId: 622 ETC: 314961 priority: 0
  taskPos: 326 taskId: 562 ETC: 222648 priority: 0
  taskPos: 327 taskId: 874 ETC: 180679 priority: 0
  taskPos: 328 taskId: 860 ETC: 124911 priority: 0
  taskPos: 329 taskId: 692 ETC: 210065 priority: 0
  taskPos: 330 taskId: 688 ETC: 180021 priority: 0
  taskPos: 331 taskId: 348 ETC: 553985 priority: 0
  taskPos: 332 taskId: 631 ETC: 194115 priority: 0
  taskPos: 333 taskId: 819 ETC: 231614 priority: 0
  taskPos: 334 taskId: 507 ETC: 286812 priority: 0
  taskPos: 335 taskId: 215 ETC: 659959 priority: 0
  taskPos: 336 taskId: 981 ETC: 417523 priority: 0
  taskPos: 337 taskId: 135 ETC: 215259 priority: 0
  taskPos: 338 taskId: 680 ETC: 487310 priority: 0
> machineId: 1
  taskPos: 0 taskId: 440 ETC: 2063.76 priority: 0
  taskPos: 1 taskId: 584 ETC: 1522.88 priority: 0
  taskPos: 2 taskId: 331 ETC: 5791.65 priority: 0
  taskPos: 3 taskId: 191 ETC: 6982.59 priority: 0
  taskPos: 4 taskId: 1014 ETC: 4308.76 priority: 0
  taskPos: 5 taskId: 921 ETC: 6459.96 priority: 0
  taskPos: 6 taskId: 133 ETC: 15864.7 priority: 0
  taskPos: 7 taskId: 864 ETC: 8778.85 priority: 0
  taskPos: 8 taskId: 462 ETC: 5683.77 priority: 0
  taskPos: 9 taskId: 312 ETC: 6825.72 priority: 0
  taskPos: 10 taskId: 325 ETC: 9706.52 priority: 0
  taskPos: 11 taskId: 252 ETC: 12869.5 priority: 0
  taskPos: 12 taskId: 237 ETC: 25816.6 priority: 0
  taskPos: 13 taskId: 990 ETC: 13985.5 priority: 0
  taskPos: 14 taskId: 600 ETC: 18015.5 priority: 0
  taskPos: 15 taskId: 694 ETC: 25608.9 priority: 0
  taskPos: 16 taskId: 702 ETC: 14551.3 priority: 0
  taskPos: 17 taskId: 155 ETC: 30053.7 priority: 0
  taskPos: 18 taskId: 349 ETC: 26089.4 priority: 0
  taskPos: 19 taskId: 925 ETC: 20097.5 priority: 0
  taskPos: 20 taskId: 659 ETC: 31781.9 priority: 0
  taskPos: 21 taskId: 894 ETC: 24432.7 priority: 0
  taskPos: 22 taskId: 438 ETC: 32200.1 priority: 0
  taskPos: 23 taskId: 342 ETC: 33505.7 priority: 0
  taskPos: 24 taskId: 671 ETC: 24629.7 priority: 0
  taskPos: 25 taskId: 84 ETC: 42842.3 priority: 0
  taskPos: 26 taskId: 512 ETC: 39171.4 priority: 0
  taskPos: 27 taskId: 593 ETC: 32850.3 priority: 0
  taskPos: 28 taskId: 434 ETC: 39069.9 priority: 0
  taskPos: 29 taskId: 746 ETC: 44262.9 priority: 0
  taskPos: 30 taskId: 247 ETC: 41260 priority: 0
  taskPos: 31 taskId: 875 ETC: 35922.6 priority: 0
  taskPos: 32 taskId: 663 ETC: 62394 priority: 0
  taskPos: 33 taskId: 771 ETC: 36054 priority: 0
  taskPos: 34 taskId: 164 ETC: 51817.9 priority: 0
  taskPos: 35 taskId: 764 ETC: 40442.2 priority: 0
  taskPos: 36 taskId: 391 ETC: 51434.9 priority: 0
  taskPos: 37 taskId: 159 ETC: 46758.9 priority: 0
  taskPos: 38 taskId: 684 ETC: 45099.4 priority: 0
  taskPos: 39 taskId: 87 ETC: 69858.1 priority: 0
  taskPos: 40 taskId: 664 ETC: 54510.6 priority: 0
  taskPos: 41 taskId: 149 ETC: 50146.6 priority: 0
  taskPos: 42 taskId: 488 ETC: 73069.2 priority: 0
  taskPos: 43 taskId: 460 ETC: 54260.7 priority: 0
  taskPos: 44 taskId: 647 ETC: 48501.7 priority: 0
  taskPos: 45 taskId: 255 ETC: 54878.6 priority: 0
  taskPos: 46 taskId: 559 ETC: 62092 priority: 0
  taskPos: 47 taskId: 947 ETC: 47311 priority: 0
  taskPos: 48 taskId: 210 ETC: 73626.7 priority: 0
  taskPos: 49 taskId: 619 ETC: 71308.7 priority: 0
  taskPos: 50 taskId: 76 ETC: 62876.4 priority: 0
  taskPos: 51 taskId: 396 ETC: 76093.7 priority: 0
  taskPos: 52 taskId: 967 ETC: 47698.7 priority: 0
  taskPos: 53 taskId: 760 ETC: 78905 priority: 0
  taskPos: 54 taskId: 630 ETC: 72557.4 priority: 0
  taskPos: 55 taskId: 987 ETC: 65157.7 priority: 0
  taskPos: 56 taskId: 139 ETC: 72110.1 priority: 0
  taskPos: 57 taskId: 786 ETC: 91534.7 priority: 0
  taskPos: 58 taskId: 228 ETC: 79396 priority: 0
  taskPos: 59 taskId: 728 ETC: 120515 priority: 0
  taskPos: 60 taskId: 513 ETC: 99550.4 priority: 0
  taskPos: 61 taskId: 581 ETC: 100003 priority: 0
  taskPos: 62 taskId: 957 ETC: 107982 priority: 0
  taskPos: 63 taskId: 234 ETC: 101274 priority: 0
  taskPos: 64 taskId: 807 ETC: 82563 priority: 0
  taskPos: 65 taskId: 183 ETC: 100830 priority: 0
  taskPos: 66 taskId: 789 ETC: 97651.7 priority: 0
  taskPos: 67 taskId: 843 ETC: 111439 priority: 0
  taskPos: 68 taskId: 950 ETC: 80638 priority: 0
  taskPos: 69 taskId: 169 ETC: 86843.8 priority: 0
  taskPos: 70 taskId: 213 ETC: 124564 priority: 0
  taskPos: 71 taskId: 855 ETC: 120903 priority: 0
  taskPos: 72 taskId: 281 ETC: 114267 priority: 0
  taskPos: 73 taskId: 643 ETC: 119527 priority: 0
  taskPos: 74 taskId: 640 ETC: 174978 priority: 0
  taskPos: 75 taskId: 209 ETC: 171329 priority: 0
  taskPos: 76 taskId: 922 ETC: 146560 priority: 0
  taskPos: 77 taskId: 319 ETC: 162367 priority: 0
  taskPos: 78 taskId: 366 ETC: 135404 priority: 0
  taskPos: 79 taskId: 927 ETC: 135724 priority: 0
  taskPos: 80 taskId: 284 ETC: 137401 priority: 0
  taskPos: 81 taskId: 553 ETC: 140970 priority: 0
  taskPos: 82 taskId: 762 ETC: 121493 priority: 0
  taskPos: 83 taskId: 545 ETC: 156607 priority: 0
  taskPos: 84 taskId: 884 ETC: 134632 priority: 0
  taskPos: 85 taskId: 826 ETC: 155844 priority: 0
  taskPos: 86 taskId: 266 ETC: 150797 priority: 0
  taskPos: 87 taskId: 595 ETC: 144112 priority: 0
  taskPos: 88 taskId: 814 ETC: 171218 priority: 0
  taskPos: 89 taskId: 850 ETC: 200289 priority: 0
  taskPos: 90 taskId: 347 ETC: 242365 priority: 0
  taskPos: 91 taskId: 866 ETC: 160844 priority: 0
  taskPos: 92 taskId: 985 ETC: 179245 priority: 0
  taskPos: 93 taskId: 120 ETC: 162530 priority: 0
  taskPos: 94 taskId: 886 ETC: 203710 priority: 0
  taskPos: 95 taskId: 537 ETC: 214684 priority: 0
  taskPos: 96 taskId: 923 ETC: 221361 priority: 0
  taskPos: 97 taskId: 298 ETC: 217074 priority: 0
  taskPos: 98 taskId: 1012 ETC: 188219 priority: 0
  taskPos: 99 taskId: 188 ETC: 209771 priority: 0
  taskPos: 100 taskId: 955 ETC: 181428 priority: 0
  taskPos: 101 taskId: 127 ETC: 318381 priority: 0
  taskPos: 102 taskId: 90 ETC: 268990 priority: 0
  taskPos: 103 taskId: 232 ETC: 236081 priority: 0
  taskPos: 104 taskId: 88 ETC: 262343 priority: 0
  taskPos: 105 taskId: 844 ETC: 225563 priority: 0
  taskPos: 106 taskId: 377 ETC: 372995 priority: 0
  taskPos: 107 taskId: 890 ETC: 211546 priority: 0
  taskPos: 108 taskId: 121 ETC: 279777 priority: 0
  taskPos: 109 taskId: 464 ETC: 197545 priority: 0
  taskPos: 110 taskId: 98 ETC: 332649 priority: 0
  taskPos: 111 taskId: 8 ETC: 259485 priority: 0
  taskPos: 112 taskId: 977 ETC: 245253 priority: 0
  taskPos: 113 taskId: 31 ETC: 466483 priority: 0
  taskPos: 114 taskId: 588 ETC: 244502 priority: 0
  taskPos: 115 taskId: 768 ETC: 238829 priority: 0
  taskPos: 116 taskId: 360 ETC: 391911 priority: 0
  taskPos: 117 taskId: 131 ETC: 456527 priority: 0
  taskPos: 118 taskId: 314 ETC: 377784 priority: 0
  taskPos: 119 taskId: 378 ETC: 374452 priority: 0
  taskPos: 120 taskId: 832 ETC: 375112 priority: 0
  taskPos: 121 taskId: 7 ETC: 302301 priority: 0
  taskPos: 122 taskId: 300 ETC: 540771 priority: 0
  taskPos: 123 taskId: 522 ETC: 395032 priority: 0
  taskPos: 124 taskId: 693 ETC: 508398 priority: 0
  taskPos: 125 taskId: 386 ETC: 961125 priority: 0
  taskPos: 126 taskId: 116 ETC: 1.5399e+06 priority: 0
  taskPos: 127 taskId: 473 ETC: 757094 priority: 0
  taskPos: 128 taskId: 948 ETC: 448551 priority: 0
  taskPos: 129 taskId: 41 ETC: 462950 priority: 0
  taskPos: 130 taskId: 934 ETC: 512710 priority: 0
> machineId: 2
  taskPos: 0 taskId: 722 ETC: 10451 priority: 0
  taskPos: 1 taskId: 665 ETC: 2247.03 priority: 0
  taskPos: 2 taskId: 738 ETC: 45071.4 priority: 0
  taskPos: 3 taskId: 368 ETC: 6194.86 priority: 0
  taskPos: 4 taskId: 527 ETC: 35425.4 priority: 0
  taskPos: 5 taskId: 409 ETC: 20202.7 priority: 0
  taskPos: 6 taskId: 565 ETC: 14657.4 priority: 0
  taskPos: 7 taskId: 603 ETC: 11120.6 priority: 0
  taskPos: 8 taskId: 65 ETC: 46781.6 priority: 0
  taskPos: 9 taskId: 1018 ETC: 18734.1 priority: 0
  taskPos: 10 taskId: 780 ETC: 31056.4 priority: 0
  taskPos: 11 taskId: 748 ETC: 30391.7 priority: 0
  taskPos: 12 taskId: 941 ETC: 65088.7 priority: 0
  taskPos: 13 taskId: 856 ETC: 47711.3 priority: 0
  taskPos: 14 taskId: 363 ETC: 56212.1 priority: 0
  taskPos: 15 taskId: 498 ETC: 47895.2 priority: 0
  taskPos: 16 taskId: 710 ETC: 76044.1 priority: 0
  taskPos: 17 taskId: 35 ETC: 46844 priority: 0
  taskPos: 18 taskId: 899 ETC: 83803.8 priority: 0
  taskPos: 19 taskId: 670 ETC: 30166 priority: 0
  taskPos: 20 taskId: 754 ETC: 109630 priority: 0
  taskPos: 21 taskId: 180 ETC: 76036.3 priority: 0
  taskPos: 22 taskId: 708 ETC: 94489.4 priority: 0
  taskPos: 23 taskId: 761 ETC: 98160.3 priority: 0
  taskPos: 24 taskId: 633 ETC: 291846 priority: 0
  taskPos: 25 taskId: 166 ETC: 51662.1 priority: 0
  taskPos: 26 taskId: 926 ETC: 79238.6 priority: 0
  taskPos: 27 taskId: 804 ETC: 119493 priority: 0
  taskPos: 28 taskId: 305 ETC: 99947.1 priority: 0
  taskPos: 29 taskId: 273 ETC: 72058.6 priority: 0
  taskPos: 30 taskId: 611 ETC: 121874 priority: 0
  taskPos: 31 taskId: 282 ETC: 130667 priority: 0
  taskPos: 32 taskId: 369 ETC: 145508 priority: 0
  taskPos: 33 taskId: 427 ETC: 87672.3 priority: 0
  taskPos: 34 taskId: 805 ETC: 102960 priority: 0
  taskPos: 35 taskId: 577 ETC: 131513 priority: 0
  taskPos: 36 taskId: 742 ETC: 145064 priority: 0
  taskPos: 37 taskId: 14 ETC: 140106 priority: 0
  taskPos: 38 taskId: 185 ETC: 166376 priority: 0
  taskPos: 39 taskId: 662 ETC: 132367 priority: 0
  taskPos: 40 taskId: 63 ETC: 164598 priority: 0
  taskPos: 41 taskId: 852 ETC: 130935 priority: 0
  taskPos: 42 taskId: 62 ETC: 227556 priority: 0
  taskPos: 43 taskId: 28 ETC: 225032 priority: 0
  taskPos: 44 taskId: 635 ETC: 194117 priority: 0
  taskPos: 45 taskId: 628 ETC: 188113 priority: 0
  taskPos: 46 taskId: 481 ETC: 247248 priority: 0
  taskPos: 47 taskId: 447 ETC: 181511 priority: 0
  taskPos: 48 taskId: 453 ETC: 189715 priority: 0
  taskPos: 49 taskId: 125 ETC: 242979 priority: 0
  taskPos: 50 taskId: 316 ETC: 213732 priority: 0
  taskPos: 51 taskId: 547 ETC: 204356 priority: 0
  taskPos: 52 taskId: 162 ETC: 297548 priority: 0
  taskPos: 53 taskId: 445 ETC: 317094 priority: 0
  taskPos: 54 taskId: 963 ETC: 241509 priority: 0
  taskPos: 55 taskId: 583 ETC: 143237 priority: 0
  taskPos: 56 taskId: 705 ETC: 342537 priority: 0
  taskPos: 57 taskId: 530 ETC: 288812 priority: 0
  taskPos: 58 taskId: 126 ETC: 229369 priority: 0
  taskPos: 59 taskId: 649 ETC: 199634 priority: 0
  taskPos: 60 taskId: 430 ETC: 308324 priority: 0
  taskPos: 61 taskId: 147 ETC: 330060 priority: 0
  taskPos: 62 taskId: 46 ETC: 375527 priority: 0
  taskPos: 63 taskId: 29 ETC: 436569 priority: 0
  taskPos: 64 taskId: 417 ETC: 343177 priority: 0
  taskPos: 65 taskId: 154 ETC: 413850 priority: 0
  taskPos: 66 taskId: 551 ETC: 323164 priority: 0
  taskPos: 67 taskId: 109 ETC: 222971 priority: 0
  taskPos: 68 taskId: 931 ETC: 381501 priority: 0
  taskPos: 69 taskId: 1011 ETC: 354073 priority: 0
  taskPos: 70 taskId: 538 ETC: 522155 priority: 0
  taskPos: 71 taskId: 724 ETC: 393155 priority: 0
  taskPos: 72 taskId: 755 ETC: 439233 priority: 0
  taskPos: 73 taskId: 68 ETC: 363846 priority: 0
  taskPos: 74 taskId: 181 ETC: 557997 priority: 0
  taskPos: 75 taskId: 1006 ETC: 536652 priority: 0
  taskPos: 76 taskId: 788 ETC: 719719 priority: 0
  taskPos: 77 taskId: 822 ETC: 715901 priority: 0
  taskPos: 78 taskId: 414 ETC: 493409 priority: 0
  taskPos: 79 taskId: 359 ETC: 538776 priority: 0
  taskPos: 80 taskId: 444 ETC: 606170 priority: 0
  taskPos: 81 taskId: 966 ETC: 638166 priority: 0
  taskPos: 82 taskId: 919 ETC: 736476 priority: 0
  taskPos: 83 taskId: 674 ETC: 749363 priority: 0
  taskPos: 84 taskId: 731 ETC: 1.39106e+06 priority: 0
  taskPos: 85 taskId: 965 ETC: 692233 priority: 0
> machineId: 3
  taskPos: 0 taskId: 938 ETC: 20707.1 priority: 0
  taskPos: 1 taskId: 613 ETC: 25558.2 priority: 0
  taskPos: 2 taskId: 568 ETC: 92308.4 priority: 0
  taskPos: 3 taskId: 89 ETC: 17106 priority: 0
  taskPos: 4 taskId: 700 ETC: 50216.1 priority: 0
  taskPos: 5 taskId: 249 ETC: 8024.34 priority: 0
  taskPos: 6 taskId: 723 ETC: 76901.3 priority: 0
  taskPos: 7 taskId: 51 ETC: 46363 priority: 0
  taskPos: 8 taskId: 456 ETC: 149424 priority: 0
  taskPos: 9 taskId: 913 ETC: 38683.1 priority: 0
  taskPos: 10 taskId: 845 ETC: 6086.88 priority: 0
  taskPos: 11 taskId: 269 ETC: 129874 priority: 0
  taskPos: 12 taskId: 847 ETC: 94950.2 priority: 0
  taskPos: 13 taskId: 885 ETC: 154913 priority: 0
  taskPos: 14 taskId: 306 ETC: 214773 priority: 0
  taskPos: 15 taskId: 846 ETC: 140796 priority: 0
  taskPos: 16 taskId: 231 ETC: 77697.3 priority: 0
  taskPos: 17 taskId: 579 ETC: 187844 priority: 0
  taskPos: 18 taskId: 1001 ETC: 111248 priority: 0
  taskPos: 19 taskId: 1023 ETC: 361648 priority: 0
  taskPos: 20 taskId: 267 ETC: 225515 priority: 0
  taskPos: 21 taskId: 187 ETC: 296267 priority: 0
  taskPos: 22 taskId: 933 ETC: 170841 priority: 0
  taskPos: 23 taskId: 590 ETC: 197709 priority: 0
  taskPos: 24 taskId: 960 ETC: 278959 priority: 0
  taskPos: 25 taskId: 672 ETC: 232275 priority: 0
  taskPos: 26 taskId: 423 ETC: 227999 priority: 0
  taskPos: 27 taskId: 128 ETC: 284585 priority: 0
  taskPos: 28 taskId: 787 ETC: 212671 priority: 0
  taskPos: 29 taskId: 358 ETC: 233181 priority: 0
  taskPos: 30 taskId: 564 ETC: 127716 priority: 0
  taskPos: 31 taskId: 993 ETC: 361151 priority: 0
  taskPos: 32 taskId: 624 ETC: 214241 priority: 0
  taskPos: 33 taskId: 238 ETC: 413487 priority: 0
  taskPos: 34 taskId: 979 ETC: 700554 priority: 0
  taskPos: 35 taskId: 567 ETC: 460630 priority: 0
  taskPos: 36 taskId: 566 ETC: 295601 priority: 0
  taskPos: 37 taskId: 21 ETC: 571546 priority: 0
  taskPos: 38 taskId: 876 ETC: 410574 priority: 0
  taskPos: 39 taskId: 397 ETC: 456897 priority: 0
  taskPos: 40 taskId: 236 ETC: 304303 priority: 0
  taskPos: 41 taskId: 401 ETC: 435813 priority: 0
  taskPos: 42 taskId: 687 ETC: 516684 priority: 0
  taskPos: 43 taskId: 59 ETC: 462802 priority: 0
  taskPos: 44 taskId: 193 ETC: 373758 priority: 0
  taskPos: 45 taskId: 370 ETC: 838846 priority: 0
  taskPos: 46 taskId: 399 ETC: 565712 priority: 0
  taskPos: 47 taskId: 400 ETC: 578629 priority: 0
  taskPos: 48 taskId: 609 ETC: 375107 priority: 0
  taskPos: 49 taskId: 47 ETC: 717441 priority: 0
  taskPos: 50 taskId: 840 ETC: 415473 priority: 0
  taskPos: 51 taskId: 653 ETC: 765002 priority: 0
  taskPos: 52 taskId: 85 ETC: 1.5419e+06 priority: 0
  taskPos: 53 taskId: 812 ETC: 624331 priority: 0
  taskPos: 54 taskId: 201 ETC: 1.14452e+06 priority: 0
  taskPos: 55 taskId: 124 ETC: 760662 priority: 0
  taskPos: 56 taskId: 398 ETC: 482307 priority: 0
  taskPos: 57 taskId: 13 ETC: 918567 priority: 0
  taskPos: 58 taskId: 882 ETC: 874436 priority: 0
> machineId: 4
  taskPos: 0 taskId: 690 ETC: 10577.8 priority: 0
  taskPos: 1 taskId: 439 ETC: 204841 priority: 0
  taskPos: 2 taskId: 891 ETC: 37343.2 priority: 0
  taskPos: 3 taskId: 303 ETC: 188744 priority: 0
  taskPos: 4 taskId: 575 ETC: 118269 priority: 0
  taskPos: 5 taskId: 824 ETC: 62133.1 priority: 0
  taskPos: 6 taskId: 130 ETC: 21112.7 priority: 0
  taskPos: 7 taskId: 395 ETC: 123688 priority: 0
  taskPos: 8 taskId: 474 ETC: 275975 priority: 0
  taskPos: 9 taskId: 881 ETC: 254204 priority: 0
  taskPos: 10 taskId: 951 ETC: 74522.3 priority: 0
  taskPos: 11 taskId: 851 ETC: 18453 priority: 0
  taskPos: 12 taskId: 246 ETC: 233643 priority: 0
  taskPos: 13 taskId: 917 ETC: 234413 priority: 0
  taskPos: 14 taskId: 18 ETC: 583342 priority: 0
  taskPos: 15 taskId: 519 ETC: 87254.1 priority: 0
  taskPos: 16 taskId: 880 ETC: 425274 priority: 0
  taskPos: 17 taskId: 286 ETC: 450951 priority: 0
  taskPos: 18 taskId: 989 ETC: 225401 priority: 0
  taskPos: 19 taskId: 712 ETC: 182364 priority: 0
  taskPos: 20 taskId: 608 ETC: 542248 priority: 0
  taskPos: 21 taskId: 307 ETC: 400326 priority: 0
  taskPos: 22 taskId: 37 ETC: 90116.4 priority: 0
  taskPos: 23 taskId: 620 ETC: 748002 priority: 0
  taskPos: 24 taskId: 995 ETC: 575056 priority: 0
  taskPos: 25 taskId: 518 ETC: 144599 priority: 0
  taskPos: 26 taskId: 929 ETC: 327999 priority: 0
  taskPos: 27 taskId: 757 ETC: 932361 priority: 0
  taskPos: 28 taskId: 897 ETC: 442616 priority: 0
  taskPos: 29 taskId: 839 ETC: 277014 priority: 0
  taskPos: 30 taskId: 322 ETC: 615890 priority: 0
  taskPos: 31 taskId: 707 ETC: 324516 priority: 0
  taskPos: 32 taskId: 192 ETC: 462080 priority: 0
  taskPos: 33 taskId: 1017 ETC: 584869 priority: 0
  taskPos: 34 taskId: 523 ETC: 518363 priority: 0
  taskPos: 35 taskId: 394 ETC: 761149 priority: 0
  taskPos: 36 taskId: 152 ETC: 641727 priority: 0
  taskPos: 37 taskId: 796 ETC: 770606 priority: 0
  taskPos: 38 taskId: 820 ETC: 1.29171e+06 priority: 0
  taskPos: 39 taskId: 749 ETC: 897346 priority: 0
  taskPos: 40 taskId: 376 ETC: 837733 priority: 0
  taskPos: 41 taskId: 656 ETC: 503084 priority: 0
  taskPos: 42 taskId: 315 ETC: 1.21206e+06 priority: 0
  taskPos: 43 taskId: 118 ETC: 752075 priority: 0
  taskPos: 44 taskId: 533 ETC: 1.19901e+06 priority: 0
  taskPos: 45 taskId: 997 ETC: 450922 priority: 0
  taskPos: 46 taskId: 291 ETC: 1.04485e+06 priority: 0
> machineId: 5
  taskPos: 0 taskId: 111 ETC: 35051.2 priority: 0
  taskPos: 1 taskId: 778 ETC: 16069.1 priority: 0
  taskPos: 2 taskId: 928 ETC: 51352.7 priority: 0
  taskPos: 3 taskId: 263 ETC: 70364.4 priority: 0
  taskPos: 4 taskId: 163 ETC: 2061.56 priority: 0
  taskPos: 5 taskId: 591 ETC: 86944.8 priority: 0
  taskPos: 6 taskId: 205 ETC: 81137.2 priority: 0
  taskPos: 7 taskId: 937 ETC: 429563 priority: 0
  taskPos: 8 taskId: 720 ETC: 242588 priority: 0
  taskPos: 9 taskId: 171 ETC: 143751 priority: 0
  taskPos: 10 taskId: 24 ETC: 168557 priority: 0
  taskPos: 11 taskId: 971 ETC: 231384 priority: 0
  taskPos: 12 taskId: 617 ETC: 261657 priority: 0
  taskPos: 13 taskId: 101 ETC: 284265 priority: 0
  taskPos: 14 taskId: 675 ETC: 356671 priority: 0
  taskPos: 15 taskId: 910 ETC: 111251 priority: 0
  taskPos: 16 taskId: 651 ETC: 329627 priority: 0
  taskPos: 17 taskId: 1020 ETC: 604126 priority: 0
  taskPos: 18 taskId: 483 ETC: 575279 priority: 0
  taskPos: 19 taskId: 374 ETC: 241331 priority: 0
  taskPos: 20 taskId: 719 ETC: 869882 priority: 0
  taskPos: 21 taskId: 100 ETC: 469387 priority: 0
  taskPos: 22 taskId: 972 ETC: 579888 priority: 0
  taskPos: 23 taskId: 208 ETC: 350942 priority: 0
  taskPos: 24 taskId: 292 ETC: 629469 priority: 0
  taskPos: 25 taskId: 463 ETC: 484454 priority: 0
  taskPos: 26 taskId: 385 ETC: 535080 priority: 0
  taskPos: 27 taskId: 44 ETC: 313067 priority: 0
  taskPos: 28 taskId: 560 ETC: 970907 priority: 0
  taskPos: 29 taskId: 373 ETC: 446048 priority: 0
  taskPos: 30 taskId: 431 ETC: 754810 priority: 0
  taskPos: 31 taskId: 416 ETC: 1.02336e+06 priority: 0
  taskPos: 32 taskId: 587 ETC: 675104 priority: 0
  taskPos: 33 taskId: 493 ETC: 783434 priority: 0
  taskPos: 34 taskId: 870 ETC: 1.25554e+06 priority: 0
  taskPos: 35 taskId: 592 ETC: 900872 priority: 0
  taskPos: 36 taskId: 636 ETC: 1.02214e+06 priority: 0
  taskPos: 37 taskId: 526 ETC: 1.60268e+06 priority: 0
  taskPos: 38 taskId: 443 ETC: 650747 priority: 0
  taskPos: 39 taskId: 637 ETC: 1.55661e+06 priority: 0
  taskPos: 40 taskId: 6 ETC: 947063 priority: 0
> machineId: 6
  taskPos: 0 taskId: 634 ETC: 141769 priority: 0
  taskPos: 1 taskId: 69 ETC: 162624 priority: 0
  taskPos: 2 taskId: 144 ETC: 82313.3 priority: 0
  taskPos: 3 taskId: 2 ETC: 1.80003e+06 priority: 0
  taskPos: 4 taskId: 294 ETC: 394623 priority: 0
  taskPos: 5 taskId: 521 ETC: 133953 priority: 0
  taskPos: 6 taskId: 666 ETC: 232699 priority: 0
  taskPos: 7 taskId: 685 ETC: 318506 priority: 0
  taskPos: 8 taskId: 865 ETC: 61888.6 priority: 0
  taskPos: 9 taskId: 280 ETC: 156739 priority: 0
  taskPos: 10 taskId: 683 ETC: 172244 priority: 0
  taskPos: 11 taskId: 945 ETC: 765147 priority: 0
  taskPos: 12 taskId: 827 ETC: 259864 priority: 0
  taskPos: 13 taskId: 772 ETC: 374912 priority: 0
  taskPos: 14 taskId: 339 ETC: 218978 priority: 0
  taskPos: 15 taskId: 978 ETC: 460381 priority: 0
  taskPos: 16 taskId: 405 ETC: 452900 priority: 0
  taskPos: 17 taskId: 984 ETC: 692969 priority: 0
  taskPos: 18 taskId: 480 ETC: 441777 priority: 0
  taskPos: 19 taskId: 206 ETC: 578408 priority: 0
  taskPos: 20 taskId: 465 ETC: 879852 priority: 0
  taskPos: 21 taskId: 343 ETC: 924262 priority: 0
  taskPos: 22 taskId: 504 ETC: 719783 priority: 0
  taskPos: 23 taskId: 638 ETC: 700324 priority: 0
  taskPos: 24 taskId: 678 ETC: 716034 priority: 0
  taskPos: 25 taskId: 338 ETC: 1.25637e+06 priority: 0
  taskPos: 26 taskId: 79 ETC: 1.03208e+06 priority: 0
  taskPos: 27 taskId: 816 ETC: 1.6791e+06 priority: 0
  taskPos: 28 taskId: 408 ETC: 1.1421e+06 priority: 0
  taskPos: 29 taskId: 425 ETC: 1.34238e+06 priority: 0
  taskPos: 30 taskId: 1005 ETC: 1.76055e+06 priority: 0
  taskPos: 31 taskId: 828 ETC: 1.06337e+06 priority: 0
> machineId: 7
  taskPos: 0 taskId: 289 ETC: 99089.3 priority: 0
  taskPos: 1 taskId: 260 ETC: 35031.2 priority: 0
  taskPos: 2 taskId: 713 ETC: 141036 priority: 0
  taskPos: 3 taskId: 262 ETC: 53188.4 priority: 0
  taskPos: 4 taskId: 785 ETC: 53954.4 priority: 0
  taskPos: 5 taskId: 1004 ETC: 588790 priority: 0
  taskPos: 6 taskId: 784 ETC: 624928 priority: 0
  taskPos: 7 taskId: 40 ETC: 559146 priority: 0
  taskPos: 8 taskId: 968 ETC: 343289 priority: 0
  taskPos: 9 taskId: 830 ETC: 67270 priority: 0
  taskPos: 10 taskId: 105 ETC: 741355 priority: 0
  taskPos: 11 taskId: 563 ETC: 295162 priority: 0
  taskPos: 12 taskId: 95 ETC: 43655.7 priority: 0
  taskPos: 13 taskId: 381 ETC: 189638 priority: 0
  taskPos: 14 taskId: 123 ETC: 46808.6 priority: 0
  taskPos: 15 taskId: 283 ETC: 418326 priority: 0
  taskPos: 16 taskId: 795 ETC: 233068 priority: 0
  taskPos: 17 taskId: 122 ETC: 891928 priority: 0
  taskPos: 18 taskId: 437 ETC: 1.12076e+06 priority: 0
  taskPos: 19 taskId: 274 ETC: 1.25357e+06 priority: 0
  taskPos: 20 taskId: 858 ETC: 1.56753e+06 priority: 0
  taskPos: 21 taskId: 616 ETC: 607273 priority: 0
  taskPos: 22 taskId: 842 ETC: 1.35227e+06 priority: 0
  taskPos: 23 taskId: 667 ETC: 2.00535e+06 priority: 0
  taskPos: 24 taskId: 751 ETC: 1.49713e+06 priority: 0
  taskPos: 25 taskId: 753 ETC: 1.09843e+06 priority: 0
  taskPos: 26 taskId: 404 ETC: 401059 priority: 0
  taskPos: 27 taskId: 42 ETC: 1.88703e+06 priority: 0
  taskPos: 28 taskId: 45 ETC: 953397 priority: 0
  taskPos: 29 taskId: 540 ETC: 711533 priority: 0
> machineId: 8
  taskPos: 0 taskId: 877 ETC: 43262.6 priority: 0
  taskPos: 1 taskId: 578 ETC: 526918 priority: 0
  taskPos: 2 taskId: 835 ETC: 271083 priority: 0
  taskPos: 3 taskId: 969 ETC: 354213 priority: 0
  taskPos: 4 taskId: 625 ETC: 497421 priority: 0
  taskPos: 5 taskId: 740 ETC: 371581 priority: 0
  taskPos: 6 taskId: 383 ETC: 901947 priority: 0
  taskPos: 7 taskId: 585 ETC: 207997 priority: 0
  taskPos: 8 taskId: 321 ETC: 1.28845e+06 priority: 0
  taskPos: 9 taskId: 467 ETC: 142971 priority: 0
  taskPos: 10 taskId: 20 ETC: 912438 priority: 0
  taskPos: 11 taskId: 763 ETC: 147502 priority: 0
  taskPos: 12 taskId: 686 ETC: 687314 priority: 0
  taskPos: 13 taskId: 555 ETC: 635987 priority: 0
  taskPos: 14 taskId: 908 ETC: 612058 priority: 0
  taskPos: 15 taskId: 148 ETC: 795867 priority: 0
  taskPos: 16 taskId: 77 ETC: 1.17619e+06 priority: 0
  taskPos: 17 taskId: 604 ETC: 1.44618e+06 priority: 0
  taskPos: 18 taskId: 174 ETC: 2.08244e+06 priority: 0
  taskPos: 19 taskId: 959 ETC: 1.00561e+06 priority: 0
  taskPos: 20 taskId: 808 ETC: 1.71709e+06 priority: 0
  taskPos: 21 taskId: 873 ETC: 1.76302e+06 priority: 0
  taskPos: 22 taskId: 129 ETC: 2.38383e+06 priority: 0
  taskPos: 23 taskId: 442 ETC: 1.15785e+06 priority: 0
> machineId: 9
  taskPos: 0 taskId: 295 ETC: 53841.6 priority: 0
  taskPos: 1 taskId: 818 ETC: 123178 priority: 0
  taskPos: 2 taskId: 406 ETC: 189853 priority: 0
  taskPos: 3 taskId: 958 ETC: 280953 priority: 0
  taskPos: 4 taskId: 596 ETC: 356955 priority: 0
  taskPos: 5 taskId: 418 ETC: 686408 priority: 0
  taskPos: 6 taskId: 330 ETC: 435492 priority: 0
  taskPos: 7 taskId: 326 ETC: 730033 priority: 0
  taskPos: 8 taskId: 204 ETC: 584350 priority: 0
  taskPos: 9 taskId: 132 ETC: 885178 priority: 0
  taskPos: 10 taskId: 503 ETC: 776026 priority: 0
  taskPos: 11 taskId: 758 ETC: 1.13163e+06 priority: 0
  taskPos: 12 taskId: 429 ETC: 1.04913e+06 priority: 0
  taskPos: 13 taskId: 648 ETC: 1.22115e+06 priority: 0
  taskPos: 14 taskId: 765 ETC: 1.31273e+06 priority: 0
  taskPos: 15 taskId: 97 ETC: 1.62768e+06 priority: 0
  taskPos: 16 taskId: 309 ETC: 2.26817e+06 priority: 0
  taskPos: 17 taskId: 516 ETC: 1.78676e+06 priority: 0
  taskPos: 18 taskId: 660 ETC: 2.98362e+06 priority: 0
  taskPos: 19 taskId: 310 ETC: 2.66737e+06 priority: 0
> machineId: 10
  taskPos: 0 taskId: 345 ETC: 58053.3 priority: 0
  taskPos: 1 taskId: 531 ETC: 338509 priority: 0
  taskPos: 2 taskId: 739 ETC: 126211 priority: 0
  taskPos: 3 taskId: 25 ETC: 450101 priority: 0
  taskPos: 4 taskId: 308 ETC: 254433 priority: 0
  taskPos: 5 taskId: 64 ETC: 2.20477e+06 priority: 0
  taskPos: 6 taskId: 970 ETC: 792686 priority: 0
  taskPos: 7 taskId: 448 ETC: 1.06428e+06 priority: 0
  taskPos: 8 taskId: 727 ETC: 73288.8 priority: 0
  taskPos: 9 taskId: 639 ETC: 1.07695e+06 priority: 0
  taskPos: 10 taskId: 689 ETC: 717956 priority: 0
  taskPos: 11 taskId: 175 ETC: 1.36011e+06 priority: 0
  taskPos: 12 taskId: 296 ETC: 931935 priority: 0
  taskPos: 13 taskId: 511 ETC: 615751 priority: 0
  taskPos: 14 taskId: 539 ETC: 2.63499e+06 priority: 0
  taskPos: 15 taskId: 1013 ETC: 2.23392e+06 priority: 0
  taskPos: 16 taskId: 472 ETC: 1.91694e+06 priority: 0
  taskPos: 17 taskId: 793 ETC: 1.58791e+06 priority: 0
  taskPos: 18 taskId: 1022 ETC: 1.26322e+06 priority: 0
> machineId: 11
  taskPos: 0 taskId: 872 ETC: 472571 priority: 0
  taskPos: 1 taskId: 71 ETC: 927154 priority: 0
  taskPos: 2 taskId: 514 ETC: 751091 priority: 0
  taskPos: 3 taskId: 329 ETC: 262986 priority: 0
  taskPos: 4 taskId: 61 ETC: 129760 priority: 0
  taskPos: 5 taskId: 194 ETC: 828290 priority: 0
  taskPos: 6 taskId: 1021 ETC: 374816 priority: 0
  taskPos: 7 taskId: 944 ETC: 681665 priority: 0
  taskPos: 8 taskId: 433 ETC: 2.57693e+06 priority: 0
  taskPos: 9 taskId: 168 ETC: 2.28435e+06 priority: 0
  taskPos: 10 taskId: 17 ETC: 881594 priority: 0
  taskPos: 11 taskId: 102 ETC: 1.75498e+06 priority: 0
  taskPos: 12 taskId: 861 ETC: 1.99489e+06 priority: 0
  taskPos: 13 taskId: 623 ETC: 1.29141e+06 priority: 0
  taskPos: 14 taskId: 19 ETC: 1.14325e+06 priority: 0
  taskPos: 15 taskId: 701 ETC: 3.07995e+06 priority: 0
  taskPos: 16 taskId: 92 ETC: 1.63737e+06 priority: 0
> machineId: 12
  taskPos: 0 taskId: 33 ETC: 659841 priority: 0
  taskPos: 1 taskId: 905 ETC: 15440.9 priority: 0
  taskPos: 2 taskId: 903 ETC: 1.00078e+06 priority: 0
  taskPos: 3 taskId: 900 ETC: 372964 priority: 0
  taskPos: 4 taskId: 265 ETC: 1.81978e+06 priority: 0
  taskPos: 5 taskId: 500 ETC: 226169 priority: 0
  taskPos: 6 taskId: 601 ETC: 535058 priority: 0
  taskPos: 7 taskId: 72 ETC: 3.09912e+06 priority: 0
  taskPos: 8 taskId: 75 ETC: 1.44803e+06 priority: 0
  taskPos: 9 taskId: 222 ETC: 2.71524e+06 priority: 0
  taskPos: 10 taskId: 668 ETC: 1.24362e+06 priority: 0
  taskPos: 11 taskId: 410 ETC: 135578 priority: 0
  taskPos: 12 taskId: 48 ETC: 917975 priority: 0
  taskPos: 13 taskId: 892 ETC: 1.8521e+06 priority: 0
  taskPos: 14 taskId: 151 ETC: 1.57401e+06 priority: 0
  taskPos: 15 taskId: 709 ETC: 721415 priority: 0
  taskPos: 16 taskId: 50 ETC: 2.34587e+06 priority: 0
> machineId: 13
  taskPos: 0 taskId: 26 ETC: 1.19242e+06 priority: 0
  taskPos: 1 taskId: 138 ETC: 780872 priority: 0
  taskPos: 2 taskId: 759 ETC: 170127 priority: 0
  taskPos: 3 taskId: 939 ETC: 308332 priority: 0
  taskPos: 4 taskId: 225 ETC: 1.41234e+06 priority: 0
  taskPos: 5 taskId: 272 ETC: 1.36363e+06 priority: 0
  taskPos: 6 taskId: 650 ETC: 1.10997e+06 priority: 0
  taskPos: 7 taskId: 621 ETC: 1.59237e+06 priority: 0
  taskPos: 8 taskId: 632 ETC: 3.56218e+06 priority: 0
  taskPos: 9 taskId: 641 ETC: 2.70626e+06 priority: 0
  taskPos: 10 taskId: 542 ETC: 2.248e+06 priority: 0
  taskPos: 11 taskId: 323 ETC: 1.70372e+06 priority: 0
  taskPos: 12 taskId: 803 ETC: 2.44684e+06 priority: 0
> machineId: 14
  taskPos: 0 taskId: 365 ETC: 1.10069e+06 priority: 0
  taskPos: 1 taskId: 528 ETC: 116650 priority: 0
  taskPos: 2 taskId: 287 ETC: 371237 priority: 0
  taskPos: 3 taskId: 288 ETC: 789802 priority: 0
  taskPos: 4 taskId: 334 ETC: 1.75947e+06 priority: 0
  taskPos: 5 taskId: 893 ETC: 1.01739e+06 priority: 0
  taskPos: 6 taskId: 655 ETC: 1.19927e+06 priority: 0
  taskPos: 7 taskId: 239 ETC: 1.34374e+06 priority: 0
  taskPos: 8 taskId: 661 ETC: 2.38916e+06 priority: 0
  taskPos: 9 taskId: 1008 ETC: 393556 priority: 0
  taskPos: 10 taskId: 182 ETC: 2.55679e+06 priority: 0
  taskPos: 11 taskId: 393 ETC: 65649.5 priority: 0
  taskPos: 12 taskId: 350 ETC: 2.99969e+06 priority: 0
  taskPos: 13 taskId: 344 ETC: 3.9751e+06 priority: 0
> machineId: 15
  taskPos: 0 taskId: 679 ETC: 255756 priority: 0
  taskPos: 1 taskId: 836 ETC: 673765 priority: 0
  taskPos: 2 taskId: 916 ETC: 1.50757e+06 priority: 0
  taskPos: 3 taskId: 869 ETC: 505979 priority: 0
  taskPos: 4 taskId: 250 ETC: 292339 priority: 0
  taskPos: 5 taskId: 800 ETC: 2.33805e+06 priority: 0
  taskPos: 6 taskId: 354 ETC: 1.2241e+06 priority: 0
  taskPos: 7 taskId: 403 ETC: 2.68371e+06 priority: 0
  taskPos: 8 taskId: 949 ETC: 4.99695e+06 priority: 0
  taskPos: 9 taskId: 912 ETC: 1.68459e+06 priority: 0
  taskPos: 10 taskId: 696 ETC: 3.26183e+06 priority: 0
  taskPos: 11 taskId: 402 ETC: 1.75748e+06 priority: 0
> machineId: 16
  taskPos: 0 taskId: 94 ETC: 272051 priority: 0
  taskPos: 1 taskId: 573 ETC: 458520 priority: 0
  taskPos: 2 taskId: 946 ETC: 784030 priority: 0
  taskPos: 3 taskId: 422 ETC: 2.54486e+06 priority: 0
  taskPos: 4 taskId: 475 ETC: 2.30452e+06 priority: 0
  taskPos: 5 taskId: 726 ETC: 1.9921e+06 priority: 0
  taskPos: 6 taskId: 673 ETC: 1.61232e+06 priority: 0
  taskPos: 7 taskId: 618 ETC: 1.0227e+06 priority: 0
  taskPos: 8 taskId: 911 ETC: 3.19677e+06 priority: 0
  taskPos: 9 taskId: 172 ETC: 1.43243e+06 priority: 0
  taskPos: 10 taskId: 415 ETC: 3.92906e+06 priority: 0
> machineId: 17
  taskPos: 0 taskId: 915 ETC: 318664 priority: 0
  taskPos: 1 taskId: 589 ETC: 958644 priority: 0
  taskPos: 2 taskId: 38 ETC: 1.74599e+06 priority: 0
  taskPos: 3 taskId: 221 ETC: 1.52127e+06 priority: 0
  taskPos: 4 taskId: 285 ETC: 3.6807e+06 priority: 0
  taskPos: 5 taskId: 733 ETC: 3.08651e+06 priority: 0
  taskPos: 6 taskId: 532 ETC: 1.28725e+06 priority: 0
  taskPos: 7 taskId: 389 ETC: 2.41551e+06 priority: 0
  taskPos: 8 taskId: 580 ETC: 2.50826e+06 priority: 0
  taskPos: 9 taskId: 571 ETC: 2.7812e+06 priority: 0
  taskPos: 10 taskId: 412 ETC: 654799 priority: 0
> machineId: 18
  taskPos: 0 taskId: 32 ETC: 4.02932e+06 priority: 0
  taskPos: 1 taskId: 91 ETC: 674645 priority: 0
  taskPos: 2 taskId: 825 ETC: 1.06694e+06 priority: 0
  taskPos: 3 taskId: 962 ETC: 1.78242e+06 priority: 0
  taskPos: 4 taskId: 497 ETC: 2.57636e+06 priority: 0
  taskPos: 5 taskId: 610 ETC: 1.40159e+06 priority: 0
  taskPos: 6 taskId: 450 ETC: 3.76577e+06 priority: 0
  taskPos: 7 taskId: 293 ETC: 478432 priority: 0
  taskPos: 8 taskId: 134 ETC: 2.05083e+06 priority: 0
  taskPos: 9 taskId: 178 ETC: 2.9232e+06 priority: 0
> machineId: 19
  taskPos: 0 taskId: 721 ETC: 424244 priority: 0
  taskPos: 1 taskId: 506 ETC: 732111 priority: 0
  taskPos: 2 taskId: 574 ETC: 2.374e+06 priority: 0
  taskPos: 3 taskId: 83 ETC: 779351 priority: 0
  taskPos: 4 taskId: 160 ETC: 1.51708e+06 priority: 0
  taskPos: 5 taskId: 219 ETC: 3.83282e+06 priority: 0
  taskPos: 6 taskId: 524 ETC: 1.92597e+06 priority: 0
  taskPos: 7 taskId: 750 ETC: 3.3798e+06 priority: 0
  taskPos: 8 taskId: 196 ETC: 1.16807e+06 priority: 0
  taskPos: 9 taskId: 863 ETC: 4.44625e+06 priority: 0
> machineId: 20
  taskPos: 0 taskId: 12 ETC: 4.04853e+06 priority: 0
  taskPos: 1 taskId: 806 ETC: 928368 priority: 0
  taskPos: 2 taskId: 484 ETC: 1.75758e+06 priority: 0
  taskPos: 3 taskId: 490 ETC: 3.54448e+06 priority: 0
  taskPos: 4 taskId: 505 ETC: 4.31231e+06 priority: 0
  taskPos: 5 taskId: 887 ETC: 1.2872e+06 priority: 0
  taskPos: 6 taskId: 691 ETC: 2.25461e+06 priority: 0
  taskPos: 7 taskId: 218 ETC: 2.71975e+06 priority: 0
> machineId: 21
  taskPos: 0 taskId: 0 ETC: 2.32809e+06 priority: 0
  taskPos: 1 taskId: 548 ETC: 1.0297e+06 priority: 0
  taskPos: 2 taskId: 390 ETC: 1.49952e+06 priority: 0
  taskPos: 3 taskId: 714 ETC: 2.54538e+06 priority: 0
  taskPos: 4 taskId: 834 ETC: 2.11555e+06 priority: 0
  taskPos: 5 taskId: 734 ETC: 4.44706e+06 priority: 0
  taskPos: 6 taskId: 794 ETC: 3.32757e+06 priority: 0
  taskPos: 7 taskId: 909 ETC: 3.85567e+06 priority: 0
> machineId: 22
  taskPos: 0 taskId: 9 ETC: 2.23016e+06 priority: 0
  taskPos: 1 taskId: 569 ETC: 3.63187e+06 priority: 0
  taskPos: 2 taskId: 313 ETC: 803334 priority: 0
  taskPos: 3 taskId: 791 ETC: 4.39165e+06 priority: 0
  taskPos: 4 taskId: 495 ETC: 4.40313e+06 priority: 0
  taskPos: 5 taskId: 157 ETC: 1.16056e+06 priority: 0
  taskPos: 6 taskId: 698 ETC: 1.61404e+06 priority: 0
  taskPos: 7 taskId: 525 ETC: 2.67315e+06 priority: 0
> machineId: 23
  taskPos: 0 taskId: 770 ETC: 1.23664e+06 priority: 0
  taskPos: 1 taskId: 468 ETC: 2.37502e+06 priority: 0
  taskPos: 2 taskId: 217 ETC: 1.7498e+06 priority: 0
  taskPos: 3 taskId: 426 ETC: 475324 priority: 0
  taskPos: 4 taskId: 11 ETC: 4.94651e+06 priority: 0
  taskPos: 5 taskId: 78 ETC: 2.60888e+06 priority: 0
  taskPos: 6 taskId: 792 ETC: 3.16584e+06 priority: 0
  taskPos: 7 taskId: 471 ETC: 378841 priority: 0
  taskPos: 8 taskId: 384 ETC: 3.99765e+06 priority: 0
> machineId: 24
  taskPos: 0 taskId: 470 ETC: 1.33893e+06 priority: 0
  taskPos: 1 taskId: 136 ETC: 664505 priority: 0
  taskPos: 2 taskId: 797 ETC: 2.86424e+06 priority: 0
  taskPos: 3 taskId: 227 ETC: 2.16968e+06 priority: 0
  taskPos: 4 taskId: 392 ETC: 3.35907e+06 priority: 0
  taskPos: 5 taskId: 536 ETC: 5.89553e+06 priority: 0
  taskPos: 6 taskId: 150 ETC: 4.44294e+06 priority: 0
> machineId: 25
  taskPos: 0 taskId: 994 ETC: 2.63265e+06 priority: 0
  taskPos: 1 taskId: 954 ETC: 4.84481e+06 priority: 0
  taskPos: 2 taskId: 953 ETC: 1.50119e+06 priority: 0
  taskPos: 3 taskId: 367 ETC: 1.61696e+06 priority: 0
  taskPos: 4 taskId: 867 ETC: 2.60568e+06 priority: 0
  taskPos: 5 taskId: 324 ETC: 3.02523e+06 priority: 0
  taskPos: 6 taskId: 74 ETC: 3.72379e+06 priority: 0
> machineId: 26
  taskPos: 0 taskId: 66 ETC: 3.29695e+06 priority: 0
  taskPos: 1 taskId: 371 ETC: 1.57753e+06 priority: 0
  taskPos: 2 taskId: 558 ETC: 3.19313e+06 priority: 0
  taskPos: 3 taskId: 790 ETC: 3.22275e+06 priority: 0
  taskPos: 4 taskId: 943 ETC: 5.57616e+06 priority: 0
  taskPos: 5 taskId: 1 ETC: 4.29154e+06 priority: 0
> machineId: 27
  taskPos: 0 taskId: 501 ETC: 1.04807e+06 priority: 0
  taskPos: 1 taskId: 991 ETC: 6.85199e+06 priority: 0
  taskPos: 2 taskId: 158 ETC: 3.69491e+06 priority: 0
  taskPos: 3 taskId: 597 ETC: 4.70891e+06 priority: 0
  taskPos: 4 taskId: 716 ETC: 2.84919e+06 priority: 0
  taskPos: 5 taskId: 554 ETC: 1.8701e+06 priority: 0
> machineId: 28
  taskPos: 0 taskId: 256 ETC: 7.60021e+06 priority: 0
  taskPos: 1 taskId: 119 ETC: 454483 priority: 0
  taskPos: 2 taskId: 767 ETC: 3.01759e+06 priority: 0
  taskPos: 3 taskId: 849 ETC: 3.91444e+06 priority: 0
  taskPos: 4 taskId: 606 ETC: 5.09002e+06 priority: 0
> machineId: 29
  taskPos: 0 taskId: 271 ETC: 6.84649e+06 priority: 0
  taskPos: 1 taskId: 421 ETC: 1.33282e+06 priority: 0
  taskPos: 2 taskId: 878 ETC: 5.13062e+06 priority: 0
  taskPos: 3 taskId: 165 ETC: 3.30226e+06 priority: 0
  taskPos: 4 taskId: 489 ETC: 4.18473e+06 priority: 0
> machineId: 30
  taskPos: 0 taskId: 853 ETC: 7.24842e+06 priority: 0
  taskPos: 1 taskId: 229 ETC: 5.77823e+06 priority: 0
  taskPos: 2 taskId: 677 ETC: 1.47653e+06 priority: 0
  taskPos: 3 taskId: 774 ETC: 2.10806e+06 priority: 0
  taskPos: 4 taskId: 432 ETC: 4.50213e+06 priority: 0
> machineId: 31
  taskPos: 0 taskId: 22 ETC: 1.86306e+06 priority: 0
  taskPos: 1 taskId: 717 ETC: 1.5616e+06 priority: 0
  taskPos: 2 taskId: 956 ETC: 908682 priority: 0
  taskPos: 3 taskId: 113 ETC: 4.58036e+06 priority: 0
  taskPos: 4 taskId: 108 ETC: 7.01835e+06 priority: 0
  taskPos: 5 taskId: 974 ETC: 3.77475e+06 priority: 0
  taskPos: 6 taskId: 491 ETC: 385304 priority: 0



 :( ---------------------- THE END --------------- :) 