[H[2J[INFO] TaskCount: 1024
[INFO] MachineCount: 32

[DEBUG] Inicialización MIN-MIN

Min-Min fitness: 641438

[DEBUG] Inicialización Sufferage

Sufferage fitness: 533545

[DEBUG] Inicialización random

[DEBUG] Inicialización random

[DEBUG] Inicialización random

[DEBUG] Inicialización MCT

MCT fitness: 695595

[DEBUG] Inicialización random

[DEBUG] Inicialización random

[DEBUG] Inicialización random

[DEBUG] Inicialización random

[DEBUG] Inicialización MCT

MCT fitness: 703524

[DEBUG] Inicialización random

[DEBUG] Inicialización random

[DEBUG] Inicialización random

[DEBUG] Inicialización random

 Current State ---------------------------------------------

Current trial: 1
Current iteration: 1500
Current evaluations: 22695
Current best cost: 514093
Current worst cost: 514093
Current Average cost: 514093
Current Standard Deviation: 0

Trial: 
Best cost trial: 514093
Worst cost trial: 1.38804e+07
Iteration best found in trial: 1421
Time best found trial: 2.34151e+07
Time spent in trial: 2.46346e+07

Global: 
Global best cost: 514093
Global worst cost: 1.38804e+07
Trial best found: 1
Iteration best found: 1421
Time best found: 2.34151e+07

Current time spent (so far): 2.46346e+07
Solution
> machineId: 0
  taskPos: 0 taskId: 625 ETC: 22706.9 priority: 0
  taskPos: 1 taskId: 485 ETC: 20748 priority: 0
  taskPos: 2 taskId: 296 ETC: 2990.03 priority: 0
  taskPos: 3 taskId: 404 ETC: 5718.31 priority: 0
  taskPos: 4 taskId: 138 ETC: 55818.5 priority: 0
  taskPos: 5 taskId: 207 ETC: 963.71 priority: 0
  taskPos: 6 taskId: 801 ETC: 4450.24 priority: 0
  taskPos: 7 taskId: 444 ETC: 11870.4 priority: 0
  taskPos: 8 taskId: 109 ETC: 35674.9 priority: 0
  taskPos: 9 taskId: 627 ETC: 25210.6 priority: 0
  taskPos: 10 taskId: 392 ETC: 19333.5 priority: 0
  taskPos: 11 taskId: 291 ETC: 26732.7 priority: 0
  taskPos: 12 taskId: 200 ETC: 13263.4 priority: 0
  taskPos: 13 taskId: 267 ETC: 14712.2 priority: 0
  taskPos: 14 taskId: 424 ETC: 22338.8 priority: 0
  taskPos: 15 taskId: 59 ETC: 30261.8 priority: 0
  taskPos: 16 taskId: 89 ETC: 50584.4 priority: 0
  taskPos: 17 taskId: 212 ETC: 16382.7 priority: 0
  taskPos: 18 taskId: 360 ETC: 6107.49 priority: 0
  taskPos: 19 taskId: 929 ETC: 1565.01 priority: 0
  taskPos: 20 taskId: 221 ETC: 1181.53 priority: 0
  taskPos: 21 taskId: 877 ETC: 15166.2 priority: 0
  taskPos: 22 taskId: 402 ETC: 35524.9 priority: 0
  taskPos: 23 taskId: 157 ETC: 2455.3 priority: 0
  taskPos: 24 taskId: 687 ETC: 6552.78 priority: 0
  taskPos: 25 taskId: 337 ETC: 15363.5 priority: 0
  taskPos: 26 taskId: 708 ETC: 1001.78 priority: 0
  taskPos: 27 taskId: 363 ETC: 793.93 priority: 0
  taskPos: 28 taskId: 282 ETC: 1478.43 priority: 0
  taskPos: 29 taskId: 785 ETC: 10446.4 priority: 0
  taskPos: 30 taskId: 442 ETC: 1472.71 priority: 0
  taskPos: 31 taskId: 798 ETC: 9196.16 priority: 0
  taskPos: 32 taskId: 810 ETC: 14232.6 priority: 0
  taskPos: 33 taskId: 608 ETC: 6701.85 priority: 0
  taskPos: 34 taskId: 962 ETC: 2495.1 priority: 0
> machineId: 1
  taskPos: 0 taskId: 288 ETC: 40366 priority: 0
  taskPos: 1 taskId: 793 ETC: 50195.4 priority: 0
  taskPos: 2 taskId: 744 ETC: 7535.97 priority: 0
  taskPos: 3 taskId: 226 ETC: 28382 priority: 0
  taskPos: 4 taskId: 128 ETC: 27942.9 priority: 0
  taskPos: 5 taskId: 934 ETC: 2901.81 priority: 0
  taskPos: 6 taskId: 171 ETC: 16242.8 priority: 0
  taskPos: 7 taskId: 120 ETC: 29426 priority: 0
  taskPos: 8 taskId: 976 ETC: 5029.42 priority: 0
  taskPos: 9 taskId: 113 ETC: 11373.5 priority: 0
  taskPos: 10 taskId: 1003 ETC: 411.28 priority: 0
  taskPos: 11 taskId: 276 ETC: 10914.1 priority: 0
  taskPos: 12 taskId: 840 ETC: 32548.1 priority: 0
  taskPos: 13 taskId: 564 ETC: 25872.1 priority: 0
  taskPos: 14 taskId: 274 ETC: 1502.18 priority: 0
  taskPos: 15 taskId: 461 ETC: 61150.2 priority: 0
  taskPos: 16 taskId: 260 ETC: 23956.7 priority: 0
  taskPos: 17 taskId: 112 ETC: 9441.7 priority: 0
  taskPos: 18 taskId: 196 ETC: 14068.8 priority: 0
  taskPos: 19 taskId: 77 ETC: 572.24 priority: 0
  taskPos: 20 taskId: 849 ETC: 1514.75 priority: 0
  taskPos: 21 taskId: 197 ETC: 1493.14 priority: 0
  taskPos: 22 taskId: 676 ETC: 1190.89 priority: 0
  taskPos: 23 taskId: 304 ETC: 2125.1 priority: 0
  taskPos: 24 taskId: 463 ETC: 264.12 priority: 0
  taskPos: 25 taskId: 711 ETC: 7090.7 priority: 0
  taskPos: 26 taskId: 399 ETC: 543.88 priority: 0
  taskPos: 27 taskId: 587 ETC: 517.55 priority: 0
  taskPos: 28 taskId: 195 ETC: 2616.66 priority: 0
  taskPos: 29 taskId: 544 ETC: 65496.5 priority: 0
  taskPos: 30 taskId: 187 ETC: 737.88 priority: 0
  taskPos: 31 taskId: 606 ETC: 4677.57 priority: 0
  taskPos: 32 taskId: 834 ETC: 7574.18 priority: 0
  taskPos: 33 taskId: 210 ETC: 2918.8 priority: 0
  taskPos: 34 taskId: 1013 ETC: 615.41 priority: 0
> machineId: 2
  taskPos: 0 taskId: 622 ETC: 12994.5 priority: 0
  taskPos: 1 taskId: 145 ETC: 55439.9 priority: 0
  taskPos: 2 taskId: 277 ETC: 5273.32 priority: 0
  taskPos: 3 taskId: 47 ETC: 10984 priority: 0
  taskPos: 4 taskId: 623 ETC: 7391.32 priority: 0
  taskPos: 5 taskId: 838 ETC: 100915 priority: 0
  taskPos: 6 taskId: 699 ETC: 3199.1 priority: 0
  taskPos: 7 taskId: 656 ETC: 6871.58 priority: 0
  taskPos: 8 taskId: 257 ETC: 31337 priority: 0
  taskPos: 9 taskId: 1001 ETC: 698.83 priority: 0
  taskPos: 10 taskId: 757 ETC: 89527.9 priority: 0
  taskPos: 11 taskId: 762 ETC: 6879.78 priority: 0
  taskPos: 12 taskId: 477 ETC: 32254.5 priority: 0
  taskPos: 13 taskId: 1018 ETC: 27432.1 priority: 0
  taskPos: 14 taskId: 410 ETC: 7857.76 priority: 0
  taskPos: 15 taskId: 35 ETC: 20029.2 priority: 0
  taskPos: 16 taskId: 948 ETC: 17032.8 priority: 0
  taskPos: 17 taskId: 408 ETC: 2119.23 priority: 0
  taskPos: 18 taskId: 76 ETC: 2468.71 priority: 0
  taskPos: 19 taskId: 208 ETC: 21229.2 priority: 0
  taskPos: 20 taskId: 102 ETC: 5447.77 priority: 0
  taskPos: 21 taskId: 823 ETC: 19900.9 priority: 0
  taskPos: 22 taskId: 873 ETC: 3528.65 priority: 0
  taskPos: 23 taskId: 247 ETC: 4981.57 priority: 0
  taskPos: 24 taskId: 526 ETC: 12190 priority: 0
> machineId: 3
  taskPos: 0 taskId: 712 ETC: 21909.7 priority: 0
  taskPos: 1 taskId: 273 ETC: 14591.3 priority: 0
  taskPos: 2 taskId: 14 ETC: 42476.4 priority: 0
  taskPos: 3 taskId: 594 ETC: 2463.08 priority: 0
  taskPos: 4 taskId: 87 ETC: 2823.73 priority: 0
  taskPos: 5 taskId: 491 ETC: 88797.6 priority: 0
  taskPos: 6 taskId: 262 ETC: 11323 priority: 0
  taskPos: 7 taskId: 387 ETC: 41081.3 priority: 0
  taskPos: 8 taskId: 443 ETC: 7429.15 priority: 0
  taskPos: 9 taskId: 188 ETC: 12632.3 priority: 0
  taskPos: 10 taskId: 817 ETC: 5134.33 priority: 0
  taskPos: 11 taskId: 519 ETC: 12581.3 priority: 0
  taskPos: 12 taskId: 1021 ETC: 8192.14 priority: 0
  taskPos: 13 taskId: 577 ETC: 1127.13 priority: 0
  taskPos: 14 taskId: 931 ETC: 14566.7 priority: 0
  taskPos: 15 taskId: 655 ETC: 13285.2 priority: 0
  taskPos: 16 taskId: 571 ETC: 36189 priority: 0
  taskPos: 17 taskId: 836 ETC: 4057.16 priority: 0
  taskPos: 18 taskId: 653 ETC: 11756.6 priority: 0
  taskPos: 19 taskId: 315 ETC: 5983.34 priority: 0
  taskPos: 20 taskId: 928 ETC: 26112.3 priority: 0
  taskPos: 21 taskId: 634 ETC: 11167.5 priority: 0
  taskPos: 22 taskId: 255 ETC: 67055.9 priority: 0
  taskPos: 23 taskId: 83 ETC: 1652.81 priority: 0
  taskPos: 24 taskId: 631 ETC: 38182.6 priority: 0
> machineId: 4
  taskPos: 0 taskId: 609 ETC: 6925.23 priority: 0
  taskPos: 1 taskId: 1000 ETC: 22333 priority: 0
  taskPos: 2 taskId: 783 ETC: 2403.28 priority: 0
  taskPos: 3 taskId: 725 ETC: 1268.26 priority: 0
  taskPos: 4 taskId: 1019 ETC: 48107.2 priority: 0
  taskPos: 5 taskId: 342 ETC: 100.1 priority: 0
  taskPos: 6 taskId: 995 ETC: 18344.1 priority: 0
  taskPos: 7 taskId: 405 ETC: 7131.61 priority: 0
  taskPos: 8 taskId: 246 ETC: 16320.2 priority: 0
  taskPos: 9 taskId: 54 ETC: 4214.91 priority: 0
  taskPos: 10 taskId: 615 ETC: 35286.6 priority: 0
  taskPos: 11 taskId: 718 ETC: 2184.39 priority: 0
  taskPos: 12 taskId: 185 ETC: 10037.2 priority: 0
  taskPos: 13 taskId: 96 ETC: 24366.3 priority: 0
  taskPos: 14 taskId: 582 ETC: 4205.03 priority: 0
  taskPos: 15 taskId: 975 ETC: 37121.7 priority: 0
  taskPos: 16 taskId: 967 ETC: 23310.3 priority: 0
  taskPos: 17 taskId: 468 ETC: 2842.04 priority: 0
  taskPos: 18 taskId: 647 ETC: 1456.11 priority: 0
  taskPos: 19 taskId: 62 ETC: 22290.4 priority: 0
  taskPos: 20 taskId: 393 ETC: 9337.25 priority: 0
  taskPos: 21 taskId: 253 ETC: 55322.7 priority: 0
  taskPos: 22 taskId: 689 ETC: 14111.9 priority: 0
  taskPos: 23 taskId: 115 ETC: 3130.45 priority: 0
  taskPos: 24 taskId: 612 ETC: 4983.43 priority: 0
  taskPos: 25 taskId: 192 ETC: 14166.5 priority: 0
  taskPos: 26 taskId: 974 ETC: 699.78 priority: 0
  taskPos: 27 taskId: 235 ETC: 8649.09 priority: 0
  taskPos: 28 taskId: 820 ETC: 15228 priority: 0
  taskPos: 29 taskId: 280 ETC: 57694.9 priority: 0
  taskPos: 30 taskId: 227 ETC: 5997.62 priority: 0
  taskPos: 31 taskId: 925 ETC: 2734.05 priority: 0
  taskPos: 32 taskId: 369 ETC: 14371.1 priority: 0
  taskPos: 33 taskId: 345 ETC: 8160.03 priority: 0
  taskPos: 34 taskId: 441 ETC: 158.82 priority: 0
  taskPos: 35 taskId: 721 ETC: 994.15 priority: 0
> machineId: 5
  taskPos: 0 taskId: 514 ETC: 76743.3 priority: 0
  taskPos: 1 taskId: 720 ETC: 54932.3 priority: 0
  taskPos: 2 taskId: 471 ETC: 9750.88 priority: 0
  taskPos: 3 taskId: 554 ETC: 8176.31 priority: 0
  taskPos: 4 taskId: 95 ETC: 447.28 priority: 0
  taskPos: 5 taskId: 734 ETC: 10347.4 priority: 0
  taskPos: 6 taskId: 550 ETC: 9298.75 priority: 0
  taskPos: 7 taskId: 916 ETC: 60561.3 priority: 0
  taskPos: 8 taskId: 707 ETC: 22129.5 priority: 0
  taskPos: 9 taskId: 575 ETC: 28713.9 priority: 0
  taskPos: 10 taskId: 692 ETC: 3946 priority: 0
  taskPos: 11 taskId: 472 ETC: 17516.1 priority: 0
  taskPos: 12 taskId: 142 ETC: 32347.8 priority: 0
  taskPos: 13 taskId: 971 ETC: 36854.1 priority: 0
  taskPos: 14 taskId: 91 ETC: 18805.4 priority: 0
  taskPos: 15 taskId: 811 ETC: 4491.03 priority: 0
  taskPos: 16 taskId: 502 ETC: 7054.49 priority: 0
  taskPos: 17 taskId: 209 ETC: 27167.5 priority: 0
  taskPos: 18 taskId: 118 ETC: 11829 priority: 0
  taskPos: 19 taskId: 143 ETC: 2103.96 priority: 0
  taskPos: 20 taskId: 265 ETC: 1343.47 priority: 0
  taskPos: 21 taskId: 761 ETC: 2362.99 priority: 0
  taskPos: 22 taskId: 181 ETC: 53952.9 priority: 0
> machineId: 6
  taskPos: 0 taskId: 531 ETC: 4281.54 priority: 0
  taskPos: 1 taskId: 527 ETC: 24226 priority: 0
  taskPos: 2 taskId: 238 ETC: 11712.6 priority: 0
  taskPos: 3 taskId: 435 ETC: 23572.5 priority: 0
  taskPos: 4 taskId: 733 ETC: 47673.6 priority: 0
  taskPos: 5 taskId: 251 ETC: 6652.73 priority: 0
  taskPos: 6 taskId: 592 ETC: 57295.1 priority: 0
  taskPos: 7 taskId: 101 ETC: 24202.2 priority: 0
  taskPos: 8 taskId: 326 ETC: 13223.2 priority: 0
  taskPos: 9 taskId: 189 ETC: 12993.4 priority: 0
  taskPos: 10 taskId: 305 ETC: 48099.5 priority: 0
  taskPos: 11 taskId: 698 ETC: 12992.3 priority: 0
  taskPos: 12 taskId: 824 ETC: 108127 priority: 0
  taskPos: 13 taskId: 487 ETC: 5025.63 priority: 0
  taskPos: 14 taskId: 29 ETC: 4537.53 priority: 0
  taskPos: 15 taskId: 530 ETC: 21156.4 priority: 0
  taskPos: 16 taskId: 862 ETC: 6933.52 priority: 0
  taskPos: 17 taskId: 126 ETC: 2467.08 priority: 0
  taskPos: 18 taskId: 167 ETC: 37137.6 priority: 0
  taskPos: 19 taskId: 945 ETC: 2719.24 priority: 0
  taskPos: 20 taskId: 822 ETC: 1347.2 priority: 0
  taskPos: 21 taskId: 604 ETC: 1404.74 priority: 0
  taskPos: 22 taskId: 307 ETC: 6570.49 priority: 0
  taskPos: 23 taskId: 955 ETC: 1385.43 priority: 0
  taskPos: 24 taskId: 211 ETC: 4737.72 priority: 0
  taskPos: 25 taskId: 130 ETC: 1834.24 priority: 0
  taskPos: 26 taskId: 15 ETC: 473.11 priority: 0
  taskPos: 27 taskId: 507 ETC: 2686.63 priority: 0
  taskPos: 28 taskId: 450 ETC: 1443.83 priority: 0
  taskPos: 29 taskId: 329 ETC: 5433.77 priority: 0
  taskPos: 30 taskId: 871 ETC: 1789.2 priority: 0
  taskPos: 31 taskId: 904 ETC: 1135.26 priority: 0
  taskPos: 32 taskId: 50 ETC: 1595.13 priority: 0
  taskPos: 33 taskId: 327 ETC: 212.34 priority: 0
> machineId: 7
  taskPos: 0 taskId: 779 ETC: 8244.28 priority: 0
  taskPos: 1 taskId: 232 ETC: 38412.3 priority: 0
  taskPos: 2 taskId: 897 ETC: 4809.77 priority: 0
  taskPos: 3 taskId: 335 ETC: 12794.3 priority: 0
  taskPos: 4 taskId: 355 ETC: 7619.8 priority: 0
  taskPos: 5 taskId: 28 ETC: 1072.14 priority: 0
  taskPos: 6 taskId: 146 ETC: 38076.7 priority: 0
  taskPos: 7 taskId: 970 ETC: 21070.8 priority: 0
  taskPos: 8 taskId: 1012 ETC: 5054.28 priority: 0
  taskPos: 9 taskId: 533 ETC: 14284.7 priority: 0
  taskPos: 10 taskId: 166 ETC: 7958.69 priority: 0
  taskPos: 11 taskId: 512 ETC: 2259.35 priority: 0
  taskPos: 12 taskId: 716 ETC: 2162.37 priority: 0
  taskPos: 13 taskId: 988 ETC: 35766.8 priority: 0
  taskPos: 14 taskId: 555 ETC: 20974.6 priority: 0
  taskPos: 15 taskId: 941 ETC: 60608.9 priority: 0
  taskPos: 16 taskId: 752 ETC: 30143.6 priority: 0
  taskPos: 17 taskId: 1023 ETC: 17375.8 priority: 0
  taskPos: 18 taskId: 922 ETC: 2681.25 priority: 0
  taskPos: 19 taskId: 751 ETC: 6532.03 priority: 0
  taskPos: 20 taskId: 504 ETC: 12986.1 priority: 0
  taskPos: 21 taskId: 249 ETC: 4122.73 priority: 0
  taskPos: 22 taskId: 123 ETC: 8502.43 priority: 0
  taskPos: 23 taskId: 36 ETC: 48081.1 priority: 0
  taskPos: 24 taskId: 42 ETC: 77827.1 priority: 0
  taskPos: 25 taskId: 290 ETC: 4979.48 priority: 0
  taskPos: 26 taskId: 661 ETC: 13629.5 priority: 0
> machineId: 8
  taskPos: 0 taskId: 912 ETC: 8954.31 priority: 0
  taskPos: 1 taskId: 760 ETC: 1037.79 priority: 0
  taskPos: 2 taskId: 44 ETC: 30614.6 priority: 0
  taskPos: 3 taskId: 237 ETC: 1941.43 priority: 0
  taskPos: 4 taskId: 953 ETC: 9207.48 priority: 0
  taskPos: 5 taskId: 1009 ETC: 20640 priority: 0
  taskPos: 6 taskId: 270 ETC: 18728.4 priority: 0
  taskPos: 7 taskId: 896 ETC: 11600.6 priority: 0
  taskPos: 8 taskId: 71 ETC: 5271.68 priority: 0
  taskPos: 9 taskId: 147 ETC: 54383.9 priority: 0
  taskPos: 10 taskId: 433 ETC: 19590.3 priority: 0
  taskPos: 11 taskId: 370 ETC: 8876.65 priority: 0
  taskPos: 12 taskId: 301 ETC: 10041.2 priority: 0
  taskPos: 13 taskId: 114 ETC: 3908.13 priority: 0
  taskPos: 14 taskId: 412 ETC: 7517.29 priority: 0
  taskPos: 15 taskId: 858 ETC: 5727.66 priority: 0
  taskPos: 16 taskId: 524 ETC: 3662.34 priority: 0
  taskPos: 17 taskId: 807 ETC: 17502.6 priority: 0
  taskPos: 18 taskId: 831 ETC: 21957.8 priority: 0
  taskPos: 19 taskId: 864 ETC: 5875.22 priority: 0
  taskPos: 20 taskId: 537 ETC: 21852.8 priority: 0
  taskPos: 21 taskId: 850 ETC: 17177.3 priority: 0
  taskPos: 22 taskId: 85 ETC: 22010.7 priority: 0
  taskPos: 23 taskId: 700 ETC: 17776.4 priority: 0
  taskPos: 24 taskId: 140 ETC: 3362.84 priority: 0
  taskPos: 25 taskId: 225 ETC: 2253.92 priority: 0
  taskPos: 26 taskId: 486 ETC: 18957.3 priority: 0
  taskPos: 27 taskId: 803 ETC: 31174.7 priority: 0
  taskPos: 28 taskId: 991 ETC: 10288.6 priority: 0
  taskPos: 29 taskId: 217 ETC: 22196.5 priority: 0
  taskPos: 30 taskId: 542 ETC: 1183.15 priority: 0
  taskPos: 31 taskId: 495 ETC: 4020.68 priority: 0
  taskPos: 32 taskId: 829 ETC: 6112.98 priority: 0
  taskPos: 33 taskId: 357 ETC: 33575.3 priority: 0
  taskPos: 34 taskId: 731 ETC: 106.5 priority: 0
  taskPos: 35 taskId: 384 ETC: 193.06 priority: 0
  taskPos: 36 taskId: 983 ETC: 2710.59 priority: 0
  taskPos: 37 taskId: 857 ETC: 3006.26 priority: 0
  taskPos: 38 taskId: 719 ETC: 2504.48 priority: 0
  taskPos: 39 taskId: 1010 ETC: 8433.17 priority: 0
  taskPos: 40 taskId: 269 ETC: 16524.9 priority: 0
> machineId: 9
  taskPos: 0 taskId: 427 ETC: 10299.2 priority: 0
  taskPos: 1 taskId: 724 ETC: 38526.8 priority: 0
  taskPos: 2 taskId: 19 ETC: 102.65 priority: 0
  taskPos: 3 taskId: 936 ETC: 56246.4 priority: 0
  taskPos: 4 taskId: 739 ETC: 3306.43 priority: 0
  taskPos: 5 taskId: 844 ETC: 38846 priority: 0
  taskPos: 6 taskId: 696 ETC: 191634 priority: 0
  taskPos: 7 taskId: 351 ETC: 15219.4 priority: 0
  taskPos: 8 taskId: 679 ETC: 1504.64 priority: 0
  taskPos: 9 taskId: 33 ETC: 16821.5 priority: 0
  taskPos: 10 taskId: 535 ETC: 6562.78 priority: 0
  taskPos: 11 taskId: 923 ETC: 5020.04 priority: 0
  taskPos: 12 taskId: 839 ETC: 12748 priority: 0
  taskPos: 13 taskId: 205 ETC: 17867.8 priority: 0
  taskPos: 14 taskId: 997 ETC: 4006.57 priority: 0
  taskPos: 15 taskId: 927 ETC: 659.04 priority: 0
  taskPos: 16 taskId: 456 ETC: 38648.6 priority: 0
  taskPos: 17 taskId: 714 ETC: 493.82 priority: 0
  taskPos: 18 taskId: 782 ETC: 22231 priority: 0
  taskPos: 19 taskId: 110 ETC: 4750.71 priority: 0
  taskPos: 20 taskId: 918 ETC: 496.55 priority: 0
  taskPos: 21 taskId: 51 ETC: 8277.93 priority: 0
  taskPos: 22 taskId: 160 ETC: 1145.19 priority: 0
  taskPos: 23 taskId: 144 ETC: 6757.98 priority: 0
> machineId: 10
  taskPos: 0 taskId: 494 ETC: 63961 priority: 0
  taskPos: 1 taskId: 607 ETC: 4630.65 priority: 0
  taskPos: 2 taskId: 422 ETC: 8293.09 priority: 0
  taskPos: 3 taskId: 900 ETC: 2816.35 priority: 0
  taskPos: 4 taskId: 668 ETC: 17954.9 priority: 0
  taskPos: 5 taskId: 654 ETC: 48265.4 priority: 0
  taskPos: 6 taskId: 943 ETC: 49069.1 priority: 0
  taskPos: 7 taskId: 768 ETC: 18562.7 priority: 0
  taskPos: 8 taskId: 266 ETC: 40440.4 priority: 0
  taskPos: 9 taskId: 48 ETC: 8696.39 priority: 0
  taskPos: 10 taskId: 493 ETC: 883.17 priority: 0
  taskPos: 11 taskId: 881 ETC: 6609.93 priority: 0
  taskPos: 12 taskId: 986 ETC: 46180.7 priority: 0
  taskPos: 13 taskId: 122 ETC: 4107.51 priority: 0
  taskPos: 14 taskId: 298 ETC: 16071.5 priority: 0
  taskPos: 15 taskId: 958 ETC: 2459.8 priority: 0
  taskPos: 16 taskId: 203 ETC: 4985.62 priority: 0
  taskPos: 17 taskId: 38 ETC: 38.61 priority: 0
  taskPos: 18 taskId: 213 ETC: 127522 priority: 0
  taskPos: 19 taskId: 547 ETC: 10791 priority: 0
  taskPos: 20 taskId: 682 ETC: 740.29 priority: 0
  taskPos: 21 taskId: 338 ETC: 1551.07 priority: 0
  taskPos: 22 taskId: 826 ETC: 5474.79 priority: 0
  taskPos: 23 taskId: 449 ETC: 3707.51 priority: 0
  taskPos: 24 taskId: 383 ETC: 6956.5 priority: 0
  taskPos: 25 taskId: 841 ETC: 106.71 priority: 0
  taskPos: 26 taskId: 202 ETC: 1687.13 priority: 0
  taskPos: 27 taskId: 562 ETC: 11110.9 priority: 0
> machineId: 11
  taskPos: 0 taskId: 574 ETC: 3670.16 priority: 0
  taskPos: 1 taskId: 805 ETC: 19340.5 priority: 0
  taskPos: 2 taskId: 97 ETC: 26616.3 priority: 0
  taskPos: 3 taskId: 651 ETC: 18620.4 priority: 0
  taskPos: 4 taskId: 395 ETC: 10359.1 priority: 0
  taskPos: 5 taskId: 891 ETC: 19355.6 priority: 0
  taskPos: 6 taskId: 569 ETC: 54289.3 priority: 0
  taskPos: 7 taskId: 599 ETC: 12265.5 priority: 0
  taskPos: 8 taskId: 703 ETC: 14996.3 priority: 0
  taskPos: 9 taskId: 566 ETC: 7162.88 priority: 0
  taskPos: 10 taskId: 529 ETC: 107.2 priority: 0
  taskPos: 11 taskId: 453 ETC: 27217 priority: 0
  taskPos: 12 taskId: 963 ETC: 7186.27 priority: 0
  taskPos: 13 taskId: 665 ETC: 10076.6 priority: 0
  taskPos: 14 taskId: 45 ETC: 7519.75 priority: 0
  taskPos: 15 taskId: 261 ETC: 5684.84 priority: 0
  taskPos: 16 taskId: 372 ETC: 86914.5 priority: 0
  taskPos: 17 taskId: 892 ETC: 50606.6 priority: 0
  taskPos: 18 taskId: 79 ETC: 34075.7 priority: 0
  taskPos: 19 taskId: 116 ETC: 17390.1 priority: 0
  taskPos: 20 taskId: 702 ETC: 31918.2 priority: 0
  taskPos: 21 taskId: 581 ETC: 1327.34 priority: 0
  taskPos: 22 taskId: 425 ETC: 24723.9 priority: 0
  taskPos: 23 taskId: 220 ETC: 9918.68 priority: 0
  taskPos: 24 taskId: 180 ETC: 1397.19 priority: 0
> machineId: 12
  taskPos: 0 taskId: 905 ETC: 3682.7 priority: 0
  taskPos: 1 taskId: 293 ETC: 46682.3 priority: 0
  taskPos: 2 taskId: 993 ETC: 8651.4 priority: 0
  taskPos: 3 taskId: 884 ETC: 6788.62 priority: 0
  taskPos: 4 taskId: 675 ETC: 16707.9 priority: 0
  taskPos: 5 taskId: 394 ETC: 10611.6 priority: 0
  taskPos: 6 taskId: 600 ETC: 3995.29 priority: 0
  taskPos: 7 taskId: 233 ETC: 19434 priority: 0
  taskPos: 8 taskId: 867 ETC: 373.11 priority: 0
  taskPos: 9 taskId: 379 ETC: 13471.6 priority: 0
  taskPos: 10 taskId: 852 ETC: 19723.3 priority: 0
  taskPos: 11 taskId: 635 ETC: 2440.25 priority: 0
  taskPos: 12 taskId: 618 ETC: 9780.48 priority: 0
  taskPos: 13 taskId: 578 ETC: 23522.1 priority: 0
  taskPos: 14 taskId: 681 ETC: 58224.2 priority: 0
  taskPos: 15 taskId: 132 ETC: 26697.6 priority: 0
  taskPos: 16 taskId: 254 ETC: 72198.6 priority: 0
  taskPos: 17 taskId: 597 ETC: 5235.06 priority: 0
  taskPos: 18 taskId: 94 ETC: 2579.15 priority: 0
  taskPos: 19 taskId: 980 ETC: 16053.8 priority: 0
  taskPos: 20 taskId: 722 ETC: 21658.2 priority: 0
  taskPos: 21 taskId: 506 ETC: 11399.4 priority: 0
  taskPos: 22 taskId: 788 ETC: 6177.25 priority: 0
  taskPos: 23 taskId: 908 ETC: 1979.25 priority: 0
  taskPos: 24 taskId: 790 ETC: 5901.2 priority: 0
  taskPos: 25 taskId: 715 ETC: 28089.1 priority: 0
  taskPos: 26 taskId: 619 ETC: 3817.36 priority: 0
  taskPos: 27 taskId: 451 ETC: 2057.3 priority: 0
  taskPos: 28 taskId: 310 ETC: 9155.74 priority: 0
  taskPos: 29 taskId: 169 ETC: 5017.89 priority: 0
  taskPos: 30 taskId: 216 ETC: 2744.07 priority: 0
  taskPos: 31 taskId: 159 ETC: 499.2 priority: 0
  taskPos: 32 taskId: 12 ETC: 502.4 priority: 0
  taskPos: 33 taskId: 755 ETC: 5593.65 priority: 0
  taskPos: 34 taskId: 339 ETC: 479.04 priority: 0
  taskPos: 35 taskId: 349 ETC: 5774.19 priority: 0
  taskPos: 36 taskId: 1017 ETC: 9416.84 priority: 0
  taskPos: 37 taskId: 31 ETC: 24545.8 priority: 0
> machineId: 13
  taskPos: 0 taskId: 697 ETC: 2576.42 priority: 0
  taskPos: 1 taskId: 969 ETC: 76613.1 priority: 0
  taskPos: 2 taskId: 178 ETC: 14754.6 priority: 0
  taskPos: 3 taskId: 902 ETC: 54701.7 priority: 0
  taskPos: 4 taskId: 194 ETC: 2694.97 priority: 0
  taskPos: 5 taskId: 133 ETC: 7783.84 priority: 0
  taskPos: 6 taskId: 170 ETC: 60808.2 priority: 0
  taskPos: 7 taskId: 312 ETC: 16982 priority: 0
  taskPos: 8 taskId: 483 ETC: 4688.27 priority: 0
  taskPos: 9 taskId: 359 ETC: 40604.5 priority: 0
  taskPos: 10 taskId: 727 ETC: 699.38 priority: 0
  taskPos: 11 taskId: 57 ETC: 23254.4 priority: 0
  taskPos: 12 taskId: 3 ETC: 5764.73 priority: 0
  taskPos: 13 taskId: 645 ETC: 18055.9 priority: 0
  taskPos: 14 taskId: 743 ETC: 13252.1 priority: 0
  taskPos: 15 taskId: 432 ETC: 26217.2 priority: 0
  taskPos: 16 taskId: 620 ETC: 4862.64 priority: 0
  taskPos: 17 taskId: 431 ETC: 14386.7 priority: 0
  taskPos: 18 taskId: 660 ETC: 11677.6 priority: 0
  taskPos: 19 taskId: 780 ETC: 11117.8 priority: 0
  taskPos: 20 taskId: 815 ETC: 10827.3 priority: 0
  taskPos: 21 taskId: 556 ETC: 12275.5 priority: 0
  taskPos: 22 taskId: 678 ETC: 34284.6 priority: 0
  taskPos: 23 taskId: 164 ETC: 5602.39 priority: 0
  taskPos: 24 taskId: 745 ETC: 1201 priority: 0
  taskPos: 25 taskId: 781 ETC: 15523.9 priority: 0
  taskPos: 26 taskId: 951 ETC: 7930.51 priority: 0
> machineId: 14
  taskPos: 0 taskId: 632 ETC: 12281.9 priority: 0
  taskPos: 1 taskId: 691 ETC: 11799.9 priority: 0
  taskPos: 2 taskId: 400 ETC: 15016.3 priority: 0
  taskPos: 3 taskId: 478 ETC: 8499.71 priority: 0
  taskPos: 4 taskId: 418 ETC: 243.88 priority: 0
  taskPos: 5 taskId: 299 ETC: 27220.5 priority: 0
  taskPos: 6 taskId: 26 ETC: 86942.4 priority: 0
  taskPos: 7 taskId: 758 ETC: 17735.6 priority: 0
  taskPos: 8 taskId: 353 ETC: 21604.4 priority: 0
  taskPos: 9 taskId: 407 ETC: 201.81 priority: 0
  taskPos: 10 taskId: 882 ETC: 8489.56 priority: 0
  taskPos: 11 taskId: 933 ETC: 8609.67 priority: 0
  taskPos: 12 taskId: 767 ETC: 11692.9 priority: 0
  taskPos: 13 taskId: 72 ETC: 15581.6 priority: 0
  taskPos: 14 taskId: 538 ETC: 6917.42 priority: 0
  taskPos: 15 taskId: 540 ETC: 34970 priority: 0
  taskPos: 16 taskId: 347 ETC: 9307.31 priority: 0
  taskPos: 17 taskId: 778 ETC: 1056.56 priority: 0
  taskPos: 18 taskId: 940 ETC: 20238.8 priority: 0
  taskPos: 19 taskId: 629 ETC: 30210.3 priority: 0
  taskPos: 20 taskId: 939 ETC: 14733.5 priority: 0
  taskPos: 21 taskId: 423 ETC: 8524.1 priority: 0
  taskPos: 22 taskId: 65 ETC: 1410.3 priority: 0
  taskPos: 23 taskId: 219 ETC: 27723.3 priority: 0
  taskPos: 24 taskId: 223 ETC: 28884.2 priority: 0
  taskPos: 25 taskId: 870 ETC: 24299.1 priority: 0
  taskPos: 26 taskId: 440 ETC: 8775.61 priority: 0
  taskPos: 27 taskId: 978 ETC: 16553.3 priority: 0
  taskPos: 28 taskId: 616 ETC: 1285.38 priority: 0
  taskPos: 29 taskId: 156 ETC: 635.89 priority: 0
  taskPos: 30 taskId: 105 ETC: 13516.7 priority: 0
  taskPos: 31 taskId: 650 ETC: 696.26 priority: 0
  taskPos: 32 taskId: 228 ETC: 520.82 priority: 0
  taskPos: 33 taskId: 590 ETC: 1645.37 priority: 0
  taskPos: 34 taskId: 172 ETC: 7811.37 priority: 0
> machineId: 15
  taskPos: 0 taskId: 704 ETC: 15907.4 priority: 0
  taskPos: 1 taskId: 930 ETC: 18042.1 priority: 0
  taskPos: 2 taskId: 851 ETC: 29626.7 priority: 0
  taskPos: 3 taskId: 835 ETC: 27695.8 priority: 0
  taskPos: 4 taskId: 713 ETC: 1595.15 priority: 0
  taskPos: 5 taskId: 285 ETC: 3728.81 priority: 0
  taskPos: 6 taskId: 750 ETC: 39377.6 priority: 0
  taskPos: 7 taskId: 17 ETC: 9892.64 priority: 0
  taskPos: 8 taskId: 448 ETC: 26293.8 priority: 0
  taskPos: 9 taskId: 893 ETC: 13839 priority: 0
  taskPos: 10 taskId: 215 ETC: 4771.65 priority: 0
  taskPos: 11 taskId: 989 ETC: 5323.48 priority: 0
  taskPos: 12 taskId: 406 ETC: 20.4 priority: 0
  taskPos: 13 taskId: 303 ETC: 9449.2 priority: 0
  taskPos: 14 taskId: 522 ETC: 10182 priority: 0
  taskPos: 15 taskId: 673 ETC: 24625.8 priority: 0
  taskPos: 16 taskId: 551 ETC: 13955.1 priority: 0
  taskPos: 17 taskId: 861 ETC: 67965.7 priority: 0
  taskPos: 18 taskId: 86 ETC: 62049.1 priority: 0
  taskPos: 19 taskId: 747 ETC: 7768.69 priority: 0
  taskPos: 20 taskId: 243 ETC: 5544.36 priority: 0
  taskPos: 21 taskId: 746 ETC: 20089.7 priority: 0
  taskPos: 22 taskId: 672 ETC: 19372.9 priority: 0
  taskPos: 23 taskId: 348 ETC: 9141.41 priority: 0
  taskPos: 24 taskId: 819 ETC: 15549 priority: 0
  taskPos: 25 taskId: 784 ETC: 2274.04 priority: 0
  taskPos: 26 taskId: 175 ETC: 15610.9 priority: 0
  taskPos: 27 taskId: 428 ETC: 1076.26 priority: 0
  taskPos: 28 taskId: 447 ETC: 16009.4 priority: 0
  taskPos: 29 taskId: 396 ETC: 8306.25 priority: 0
> machineId: 16
  taskPos: 0 taskId: 69 ETC: 6119.73 priority: 0
  taskPos: 1 taskId: 866 ETC: 6810.51 priority: 0
  taskPos: 2 taskId: 204 ETC: 61443.5 priority: 0
  taskPos: 3 taskId: 964 ETC: 9729.03 priority: 0
  taskPos: 4 taskId: 134 ETC: 6603 priority: 0
  taskPos: 5 taskId: 832 ETC: 5248.85 priority: 0
  taskPos: 6 taskId: 230 ETC: 1630.28 priority: 0
  taskPos: 7 taskId: 732 ETC: 1476.97 priority: 0
  taskPos: 8 taskId: 501 ETC: 11146.8 priority: 0
  taskPos: 9 taskId: 67 ETC: 13304.8 priority: 0
  taskPos: 10 taskId: 184 ETC: 5042.6 priority: 0
  taskPos: 11 taskId: 234 ETC: 4137.5 priority: 0
  taskPos: 12 taskId: 437 ETC: 21171.2 priority: 0
  taskPos: 13 taskId: 944 ETC: 16837.9 priority: 0
  taskPos: 14 taskId: 158 ETC: 255.13 priority: 0
  taskPos: 15 taskId: 510 ETC: 11141.2 priority: 0
  taskPos: 16 taskId: 935 ETC: 10989.4 priority: 0
  taskPos: 17 taskId: 520 ETC: 3612.27 priority: 0
  taskPos: 18 taskId: 426 ETC: 44282.8 priority: 0
  taskPos: 19 taskId: 966 ETC: 15162.1 priority: 0
  taskPos: 20 taskId: 572 ETC: 17070.8 priority: 0
  taskPos: 21 taskId: 68 ETC: 31814.7 priority: 0
  taskPos: 22 taskId: 381 ETC: 37526.6 priority: 0
  taskPos: 23 taskId: 239 ETC: 16123.2 priority: 0
  taskPos: 24 taskId: 401 ETC: 7392 priority: 0
  taskPos: 25 taskId: 152 ETC: 16611.8 priority: 0
  taskPos: 26 taskId: 306 ETC: 2089.85 priority: 0
  taskPos: 27 taskId: 139 ETC: 8581.08 priority: 0
  taskPos: 28 taskId: 429 ETC: 13826.7 priority: 0
  taskPos: 29 taskId: 52 ETC: 10118.8 priority: 0
  taskPos: 30 taskId: 439 ETC: 8803.12 priority: 0
  taskPos: 31 taskId: 336 ETC: 25213.3 priority: 0
  taskPos: 32 taskId: 910 ETC: 4220.78 priority: 0
  taskPos: 33 taskId: 129 ETC: 508.29 priority: 0
  taskPos: 34 taskId: 252 ETC: 5636.81 priority: 0
  taskPos: 35 taskId: 176 ETC: 7407.29 priority: 0
  taskPos: 36 taskId: 18 ETC: 11073.1 priority: 0
  taskPos: 37 taskId: 452 ETC: 6659.12 priority: 0
  taskPos: 38 taskId: 283 ETC: 5987.98 priority: 0
  taskPos: 39 taskId: 11 ETC: 8495.55 priority: 0
> machineId: 17
  taskPos: 0 taskId: 685 ETC: 6611.75 priority: 0
  taskPos: 1 taskId: 90 ETC: 46844 priority: 0
  taskPos: 2 taskId: 802 ETC: 22804.3 priority: 0
  taskPos: 3 taskId: 107 ETC: 19498.5 priority: 0
  taskPos: 4 taskId: 309 ETC: 18313.5 priority: 0
  taskPos: 5 taskId: 791 ETC: 1909.2 priority: 0
  taskPos: 6 taskId: 515 ETC: 5903.22 priority: 0
  taskPos: 7 taskId: 378 ETC: 3648.43 priority: 0
  taskPos: 8 taskId: 742 ETC: 300.25 priority: 0
  taskPos: 9 taskId: 292 ETC: 7446.41 priority: 0
  taskPos: 10 taskId: 295 ETC: 20430.8 priority: 0
  taskPos: 11 taskId: 1 ETC: 24140 priority: 0
  taskPos: 12 taskId: 173 ETC: 7625.17 priority: 0
  taskPos: 13 taskId: 350 ETC: 6544.72 priority: 0
  taskPos: 14 taskId: 646 ETC: 59297.4 priority: 0
  taskPos: 15 taskId: 517 ETC: 17859.3 priority: 0
  taskPos: 16 taskId: 534 ETC: 9752.87 priority: 0
  taskPos: 17 taskId: 598 ETC: 7818.16 priority: 0
  taskPos: 18 taskId: 875 ETC: 1808.63 priority: 0
  taskPos: 19 taskId: 888 ETC: 10731 priority: 0
  taskPos: 20 taskId: 950 ETC: 19.13 priority: 0
  taskPos: 21 taskId: 82 ETC: 4743.66 priority: 0
  taskPos: 22 taskId: 436 ETC: 42492.4 priority: 0
  taskPos: 23 taskId: 136 ETC: 2744.5 priority: 0
  taskPos: 24 taskId: 1015 ETC: 18956.2 priority: 0
  taskPos: 25 taskId: 643 ETC: 17120.6 priority: 0
  taskPos: 26 taskId: 470 ETC: 2161.5 priority: 0
  taskPos: 27 taskId: 279 ETC: 25314.3 priority: 0
  taskPos: 28 taskId: 148 ETC: 23.74 priority: 0
  taskPos: 29 taskId: 356 ETC: 450.03 priority: 0
  taskPos: 30 taskId: 749 ETC: 6355.56 priority: 0
  taskPos: 31 taskId: 818 ETC: 13932.9 priority: 0
  taskPos: 32 taskId: 354 ETC: 47331.8 priority: 0
  taskPos: 33 taskId: 49 ETC: 12747.6 priority: 0
  taskPos: 34 taskId: 669 ETC: 2837.99 priority: 0
  taskPos: 35 taskId: 9 ETC: 9177.55 priority: 0
  taskPos: 36 taskId: 901 ETC: 6423.13 priority: 0
  taskPos: 37 taskId: 231 ETC: 1728.05 priority: 0
  taskPos: 38 taskId: 214 ETC: 212.4 priority: 0
> machineId: 18
  taskPos: 0 taskId: 898 ETC: 19880.7 priority: 0
  taskPos: 1 taskId: 106 ETC: 564.76 priority: 0
  taskPos: 2 taskId: 706 ETC: 7771.36 priority: 0
  taskPos: 3 taskId: 34 ETC: 21169.9 priority: 0
  taskPos: 4 taskId: 236 ETC: 52877 priority: 0
  taskPos: 5 taskId: 972 ETC: 6677.84 priority: 0
  taskPos: 6 taskId: 843 ETC: 4995.46 priority: 0
  taskPos: 7 taskId: 496 ETC: 17457.9 priority: 0
  taskPos: 8 taskId: 641 ETC: 4333.72 priority: 0
  taskPos: 9 taskId: 64 ETC: 32839.2 priority: 0
  taskPos: 10 taskId: 640 ETC: 789.73 priority: 0
  taskPos: 11 taskId: 163 ETC: 12021 priority: 0
  taskPos: 12 taskId: 488 ETC: 15382.5 priority: 0
  taskPos: 13 taskId: 949 ETC: 7821.63 priority: 0
  taskPos: 14 taskId: 1007 ETC: 25911.2 priority: 0
  taskPos: 15 taskId: 876 ETC: 94756.3 priority: 0
  taskPos: 16 taskId: 799 ETC: 39360.6 priority: 0
  taskPos: 17 taskId: 709 ETC: 43497.6 priority: 0
  taskPos: 18 taskId: 584 ETC: 5269.32 priority: 0
  taskPos: 19 taskId: 610 ETC: 2803.1 priority: 0
  taskPos: 20 taskId: 999 ETC: 524.6 priority: 0
  taskPos: 21 taskId: 913 ETC: 19246.5 priority: 0
  taskPos: 22 taskId: 808 ETC: 3470.6 priority: 0
  taskPos: 23 taskId: 553 ETC: 51719.1 priority: 0
  taskPos: 24 taskId: 362 ETC: 626.74 priority: 0
  taskPos: 25 taskId: 919 ETC: 3570.91 priority: 0
  taskPos: 26 taskId: 630 ETC: 2451.63 priority: 0
  taskPos: 27 taskId: 787 ETC: 7119.51 priority: 0
> machineId: 19
  taskPos: 0 taskId: 570 ETC: 64509.1 priority: 0
  taskPos: 1 taskId: 154 ETC: 2536.02 priority: 0
  taskPos: 2 taskId: 759 ETC: 157.11 priority: 0
  taskPos: 3 taskId: 438 ETC: 2490.78 priority: 0
  taskPos: 4 taskId: 465 ETC: 9118.16 priority: 0
  taskPos: 5 taskId: 568 ETC: 31999.2 priority: 0
  taskPos: 6 taskId: 797 ETC: 39472.3 priority: 0
  taskPos: 7 taskId: 664 ETC: 2434.3 priority: 0
  taskPos: 8 taskId: 119 ETC: 38248.2 priority: 0
  taskPos: 9 taskId: 1016 ETC: 13381 priority: 0
  taskPos: 10 taskId: 5 ETC: 3523.97 priority: 0
  taskPos: 11 taskId: 906 ETC: 8015.58 priority: 0
  taskPos: 12 taskId: 80 ETC: 16332 priority: 0
  taskPos: 13 taskId: 473 ETC: 5162.64 priority: 0
  taskPos: 14 taskId: 977 ETC: 14961.8 priority: 0
  taskPos: 15 taskId: 666 ETC: 32661.8 priority: 0
  taskPos: 16 taskId: 151 ETC: 60001 priority: 0
  taskPos: 17 taskId: 248 ETC: 6963.06 priority: 0
  taskPos: 18 taskId: 286 ETC: 8723.78 priority: 0
  taskPos: 19 taskId: 476 ETC: 6525.55 priority: 0
  taskPos: 20 taskId: 588 ETC: 3493.29 priority: 0
  taskPos: 21 taskId: 268 ETC: 1776.53 priority: 0
  taskPos: 22 taskId: 386 ETC: 276.75 priority: 0
  taskPos: 23 taskId: 464 ETC: 5427.33 priority: 0
  taskPos: 24 taskId: 414 ETC: 4289.71 priority: 0
  taskPos: 25 taskId: 649 ETC: 27724.9 priority: 0
  taskPos: 26 taskId: 20 ETC: 27335.6 priority: 0
  taskPos: 27 taskId: 868 ETC: 9747.96 priority: 0
  taskPos: 28 taskId: 93 ETC: 15068.5 priority: 0
  taskPos: 29 taskId: 710 ETC: 44667.5 priority: 0
  taskPos: 30 taskId: 671 ETC: 1712.71 priority: 0
> machineId: 20
  taskPos: 0 taskId: 954 ETC: 38967.3 priority: 0
  taskPos: 1 taskId: 421 ETC: 10191.6 priority: 0
  taskPos: 2 taskId: 736 ETC: 14899.3 priority: 0
  taskPos: 3 taskId: 174 ETC: 27746.7 priority: 0
  taskPos: 4 taskId: 846 ETC: 42825.5 priority: 0
  taskPos: 5 taskId: 55 ETC: 21737.5 priority: 0
  taskPos: 6 taskId: 467 ETC: 17902.3 priority: 0
  taskPos: 7 taskId: 959 ETC: 34335.2 priority: 0
  taskPos: 8 taskId: 773 ETC: 15361.8 priority: 0
  taskPos: 9 taskId: 455 ETC: 4054.2 priority: 0
  taskPos: 10 taskId: 92 ETC: 28550.2 priority: 0
  taskPos: 11 taskId: 663 ETC: 4073.13 priority: 0
  taskPos: 12 taskId: 914 ETC: 17214.1 priority: 0
  taskPos: 13 taskId: 1020 ETC: 20951.7 priority: 0
  taskPos: 14 taskId: 863 ETC: 16009.7 priority: 0
  taskPos: 15 taskId: 543 ETC: 5983.94 priority: 0
  taskPos: 16 taskId: 66 ETC: 13267.3 priority: 0
  taskPos: 17 taskId: 812 ETC: 2191.26 priority: 0
  taskPos: 18 taskId: 937 ETC: 3155.7 priority: 0
  taskPos: 19 taskId: 580 ETC: 19082.8 priority: 0
  taskPos: 20 taskId: 284 ETC: 33347 priority: 0
  taskPos: 21 taskId: 789 ETC: 7658.23 priority: 0
  taskPos: 22 taskId: 546 ETC: 33340.2 priority: 0
  taskPos: 23 taskId: 899 ETC: 8043.65 priority: 0
  taskPos: 24 taskId: 314 ETC: 10573.9 priority: 0
  taskPos: 25 taskId: 536 ETC: 6784.75 priority: 0
  taskPos: 26 taskId: 701 ETC: 980.99 priority: 0
  taskPos: 27 taskId: 865 ETC: 5330.81 priority: 0
  taskPos: 28 taskId: 642 ETC: 43597.4 priority: 0
  taskPos: 29 taskId: 845 ETC: 732.23 priority: 0
  taskPos: 30 taskId: 869 ETC: 980.56 priority: 0
  taskPos: 31 taskId: 376 ETC: 1814.73 priority: 0
  taskPos: 32 taskId: 434 ETC: 301.29 priority: 0
  taskPos: 33 taskId: 961 ETC: 1344.84 priority: 0
> machineId: 21
  taskPos: 0 taskId: 500 ETC: 14421.1 priority: 0
  taskPos: 1 taskId: 982 ETC: 18960.9 priority: 0
  taskPos: 2 taskId: 365 ETC: 3658.69 priority: 0
  taskPos: 3 taskId: 245 ETC: 67231.5 priority: 0
  taskPos: 4 taskId: 605 ETC: 47940.3 priority: 0
  taskPos: 5 taskId: 334 ETC: 10529.7 priority: 0
  taskPos: 6 taskId: 479 ETC: 5416.33 priority: 0
  taskPos: 7 taskId: 659 ETC: 35833.8 priority: 0
  taskPos: 8 taskId: 411 ETC: 24201.4 priority: 0
  taskPos: 9 taskId: 259 ETC: 7460.18 priority: 0
  taskPos: 10 taskId: 416 ETC: 2736.78 priority: 0
  taskPos: 11 taskId: 532 ETC: 29481.3 priority: 0
  taskPos: 12 taskId: 497 ETC: 52517.8 priority: 0
  taskPos: 13 taskId: 420 ETC: 4370.53 priority: 0
  taskPos: 14 taskId: 737 ETC: 7668.17 priority: 0
  taskPos: 15 taskId: 740 ETC: 10948.2 priority: 0
  taskPos: 16 taskId: 186 ETC: 7587.87 priority: 0
  taskPos: 17 taskId: 670 ETC: 7613.65 priority: 0
  taskPos: 18 taskId: 754 ETC: 5830.37 priority: 0
  taskPos: 19 taskId: 457 ETC: 491.54 priority: 0
  taskPos: 20 taskId: 792 ETC: 6371.41 priority: 0
  taskPos: 21 taskId: 990 ETC: 10372 priority: 0
  taskPos: 22 taskId: 772 ETC: 3970.16 priority: 0
  taskPos: 23 taskId: 398 ETC: 124.84 priority: 0
  taskPos: 24 taskId: 63 ETC: 6587.67 priority: 0
  taskPos: 25 taskId: 591 ETC: 58532.8 priority: 0
  taskPos: 26 taskId: 313 ETC: 11165.7 priority: 0
  taskPos: 27 taskId: 81 ETC: 369 priority: 0
  taskPos: 28 taskId: 576 ETC: 17838.9 priority: 0
  taskPos: 29 taskId: 932 ETC: 1287.94 priority: 0
  taskPos: 30 taskId: 830 ETC: 13014.7 priority: 0
  taskPos: 31 taskId: 644 ETC: 316 priority: 0
  taskPos: 32 taskId: 921 ETC: 5973.02 priority: 0
  taskPos: 33 taskId: 466 ETC: 5457.13 priority: 0
> machineId: 22
  taskPos: 0 taskId: 693 ETC: 43764.1 priority: 0
  taskPos: 1 taskId: 264 ETC: 12045.7 priority: 0
  taskPos: 2 taskId: 2 ETC: 14081.3 priority: 0
  taskPos: 3 taskId: 88 ETC: 24244.4 priority: 0
  taskPos: 4 taskId: 667 ETC: 45670.8 priority: 0
  taskPos: 5 taskId: 229 ETC: 10418.6 priority: 0
  taskPos: 6 taskId: 499 ETC: 13926.6 priority: 0
  taskPos: 7 taskId: 271 ETC: 1653.55 priority: 0
  taskPos: 8 taskId: 985 ETC: 19307.4 priority: 0
  taskPos: 9 taskId: 318 ETC: 15176.9 priority: 0
  taskPos: 10 taskId: 446 ETC: 7703.38 priority: 0
  taskPos: 11 taskId: 377 ETC: 1262.47 priority: 0
  taskPos: 12 taskId: 382 ETC: 35239.3 priority: 0
  taskPos: 13 taskId: 70 ETC: 46786.8 priority: 0
  taskPos: 14 taskId: 322 ETC: 11390.2 priority: 0
  taskPos: 15 taskId: 27 ETC: 31536.1 priority: 0
  taskPos: 16 taskId: 84 ETC: 15796.3 priority: 0
  taskPos: 17 taskId: 190 ETC: 4927.16 priority: 0
  taskPos: 18 taskId: 346 ETC: 108509 priority: 0
  taskPos: 19 taskId: 579 ETC: 19989.9 priority: 0
  taskPos: 20 taskId: 617 ETC: 16592.9 priority: 0
  taskPos: 21 taskId: 548 ETC: 7256.57 priority: 0
> machineId: 23
  taskPos: 0 taskId: 481 ETC: 1353.03 priority: 0
  taskPos: 1 taskId: 883 ETC: 37553.3 priority: 0
  taskPos: 2 taskId: 794 ETC: 2056.03 priority: 0
  taskPos: 3 taskId: 22 ETC: 721.79 priority: 0
  taskPos: 4 taskId: 111 ETC: 3516.28 priority: 0
  taskPos: 5 taskId: 786 ETC: 17465.4 priority: 0
  taskPos: 6 taskId: 333 ETC: 7477.19 priority: 0
  taskPos: 7 taskId: 61 ETC: 10172.3 priority: 0
  taskPos: 8 taskId: 289 ETC: 246.58 priority: 0
  taskPos: 9 taskId: 287 ETC: 1357.52 priority: 0
  taskPos: 10 taskId: 325 ETC: 9040.35 priority: 0
  taskPos: 11 taskId: 4 ETC: 2000.23 priority: 0
  taskPos: 12 taskId: 996 ETC: 3504.15 priority: 0
  taskPos: 13 taskId: 317 ETC: 50985.3 priority: 0
  taskPos: 14 taskId: 662 ETC: 683.33 priority: 0
  taskPos: 15 taskId: 341 ETC: 1230.04 priority: 0
  taskPos: 16 taskId: 316 ETC: 7074.3 priority: 0
  taskPos: 17 taskId: 508 ETC: 7474.16 priority: 0
  taskPos: 18 taskId: 516 ETC: 8783.85 priority: 0
  taskPos: 19 taskId: 162 ETC: 64871.1 priority: 0
  taskPos: 20 taskId: 430 ETC: 5344.98 priority: 0
  taskPos: 21 taskId: 99 ETC: 628.32 priority: 0
  taskPos: 22 taskId: 242 ETC: 43473.1 priority: 0
  taskPos: 23 taskId: 769 ETC: 109.88 priority: 0
  taskPos: 24 taskId: 25 ETC: 45296.3 priority: 0
  taskPos: 25 taskId: 503 ETC: 41007.4 priority: 0
  taskPos: 26 taskId: 764 ETC: 3377.28 priority: 0
  taskPos: 27 taskId: 250 ETC: 2020.87 priority: 0
  taskPos: 28 taskId: 528 ETC: 14146.3 priority: 0
  taskPos: 29 taskId: 454 ETC: 8022.76 priority: 0
  taskPos: 30 taskId: 648 ETC: 52588.3 priority: 0
  taskPos: 31 taskId: 117 ETC: 623.07 priority: 0
  taskPos: 32 taskId: 638 ETC: 5453.85 priority: 0
  taskPos: 33 taskId: 482 ETC: 1852.78 priority: 0
  taskPos: 34 taskId: 674 ETC: 11551.5 priority: 0
  taskPos: 35 taskId: 389 ETC: 950.51 priority: 0
  taskPos: 36 taskId: 40 ETC: 26516.9 priority: 0
  taskPos: 37 taskId: 924 ETC: 6747.62 priority: 0
  taskPos: 38 taskId: 328 ETC: 2969.87 priority: 0
  taskPos: 39 taskId: 847 ETC: 3844.68 priority: 0
> machineId: 24
  taskPos: 0 taskId: 889 ETC: 2870.1 priority: 0
  taskPos: 1 taskId: 458 ETC: 16996.3 priority: 0
  taskPos: 2 taskId: 32 ETC: 2587.54 priority: 0
  taskPos: 3 taskId: 541 ETC: 1813.88 priority: 0
  taskPos: 4 taskId: 887 ETC: 63618.7 priority: 0
  taskPos: 5 taskId: 885 ETC: 2687.46 priority: 0
  taskPos: 6 taskId: 103 ETC: 11546.6 priority: 0
  taskPos: 7 taskId: 880 ETC: 15875.9 priority: 0
  taskPos: 8 taskId: 390 ETC: 15615.8 priority: 0
  taskPos: 9 taskId: 593 ETC: 27879 priority: 0
  taskPos: 10 taskId: 559 ETC: 40896 priority: 0
  taskPos: 11 taskId: 308 ETC: 45877.2 priority: 0
  taskPos: 12 taskId: 1011 ETC: 30551.2 priority: 0
  taskPos: 13 taskId: 98 ETC: 7500.14 priority: 0
  taskPos: 14 taskId: 218 ETC: 4886.02 priority: 0
  taskPos: 15 taskId: 201 ETC: 11829.1 priority: 0
  taskPos: 16 taskId: 135 ETC: 2023.97 priority: 0
  taskPos: 17 taskId: 523 ETC: 83916.3 priority: 0
  taskPos: 18 taskId: 1006 ETC: 10149.3 priority: 0
  taskPos: 19 taskId: 320 ETC: 33423 priority: 0
  taskPos: 20 taskId: 361 ETC: 48506.2 priority: 0
  taskPos: 21 taskId: 10 ETC: 3431.94 priority: 0
  taskPos: 22 taskId: 859 ETC: 395.18 priority: 0
  taskPos: 23 taskId: 155 ETC: 1696.34 priority: 0
  taskPos: 24 taskId: 489 ETC: 5144.88 priority: 0
  taskPos: 25 taskId: 561 ETC: 2155.52 priority: 0
  taskPos: 26 taskId: 241 ETC: 364.31 priority: 0
  taskPos: 27 taskId: 525 ETC: 3575.9 priority: 0
  taskPos: 28 taskId: 853 ETC: 3788.04 priority: 0
  taskPos: 29 taskId: 854 ETC: 8474.05 priority: 0
> machineId: 25
  taskPos: 0 taskId: 774 ETC: 9897.72 priority: 0
  taskPos: 1 taskId: 806 ETC: 36017.6 priority: 0
  taskPos: 2 taskId: 177 ETC: 5680.93 priority: 0
  taskPos: 3 taskId: 509 ETC: 54003.4 priority: 0
  taskPos: 4 taskId: 994 ETC: 18742.5 priority: 0
  taskPos: 5 taskId: 816 ETC: 3664.42 priority: 0
  taskPos: 6 taskId: 563 ETC: 6396.17 priority: 0
  taskPos: 7 taskId: 775 ETC: 75778.2 priority: 0
  taskPos: 8 taskId: 567 ETC: 11962.6 priority: 0
  taskPos: 9 taskId: 890 ETC: 24749 priority: 0
  taskPos: 10 taskId: 366 ETC: 8888.69 priority: 0
  taskPos: 11 taskId: 7 ETC: 7705.75 priority: 0
  taskPos: 12 taskId: 539 ETC: 1178.43 priority: 0
  taskPos: 13 taskId: 753 ETC: 14857.3 priority: 0
  taskPos: 14 taskId: 960 ETC: 2819.1 priority: 0
  taskPos: 15 taskId: 717 ETC: 22704.2 priority: 0
  taskPos: 16 taskId: 518 ETC: 31865.2 priority: 0
  taskPos: 17 taskId: 278 ETC: 24691 priority: 0
  taskPos: 18 taskId: 521 ETC: 46678.8 priority: 0
  taskPos: 19 taskId: 735 ETC: 9658.77 priority: 0
  taskPos: 20 taskId: 125 ETC: 23331 priority: 0
  taskPos: 21 taskId: 688 ETC: 1702.23 priority: 0
  taskPos: 22 taskId: 586 ETC: 26995 priority: 0
  taskPos: 23 taskId: 403 ETC: 286.68 priority: 0
  taskPos: 24 taskId: 149 ETC: 6946.39 priority: 0
  taskPos: 25 taskId: 100 ETC: 16038.8 priority: 0
  taskPos: 26 taskId: 965 ETC: 4512.58 priority: 0
  taskPos: 27 taskId: 992 ETC: 796.93 priority: 0
> machineId: 26
  taskPos: 0 taskId: 460 ETC: 17612.4 priority: 0
  taskPos: 1 taskId: 206 ETC: 9858.1 priority: 0
  taskPos: 2 taskId: 837 ETC: 14557.9 priority: 0
  taskPos: 3 taskId: 626 ETC: 17836.9 priority: 0
  taskPos: 4 taskId: 121 ETC: 11730.6 priority: 0
  taskPos: 5 taskId: 417 ETC: 7864.99 priority: 0
  taskPos: 6 taskId: 141 ETC: 12339.2 priority: 0
  taskPos: 7 taskId: 998 ETC: 30830 priority: 0
  taskPos: 8 taskId: 601 ETC: 2408.04 priority: 0
  taskPos: 9 taskId: 469 ETC: 33125.3 priority: 0
  taskPos: 10 taskId: 340 ETC: 12391.6 priority: 0
  taskPos: 11 taskId: 513 ETC: 13679.7 priority: 0
  taskPos: 12 taskId: 804 ETC: 23341 priority: 0
  taskPos: 13 taskId: 842 ETC: 18917.9 priority: 0
  taskPos: 14 taskId: 872 ETC: 5957.85 priority: 0
  taskPos: 15 taskId: 1004 ETC: 5000.08 priority: 0
  taskPos: 16 taskId: 956 ETC: 24729.6 priority: 0
  taskPos: 17 taskId: 726 ETC: 6097.62 priority: 0
  taskPos: 18 taskId: 21 ETC: 10218.8 priority: 0
  taskPos: 19 taskId: 300 ETC: 9016.21 priority: 0
  taskPos: 20 taskId: 926 ETC: 6622 priority: 0
  taskPos: 21 taskId: 560 ETC: 32496.7 priority: 0
  taskPos: 22 taskId: 828 ETC: 12058 priority: 0
  taskPos: 23 taskId: 352 ETC: 5662.52 priority: 0
  taskPos: 24 taskId: 907 ETC: 13779.3 priority: 0
  taskPos: 25 taskId: 878 ETC: 12229.2 priority: 0
  taskPos: 26 taskId: 302 ETC: 8923.27 priority: 0
  taskPos: 27 taskId: 258 ETC: 47004.5 priority: 0
  taskPos: 28 taskId: 23 ETC: 2165.99 priority: 0
  taskPos: 29 taskId: 75 ETC: 1328.63 priority: 0
  taskPos: 30 taskId: 658 ETC: 51778.2 priority: 0
  taskPos: 31 taskId: 677 ETC: 5603.07 priority: 0
  taskPos: 32 taskId: 695 ETC: 6684.67 priority: 0
  taskPos: 33 taskId: 6 ETC: 5989.15 priority: 0
> machineId: 27
  taskPos: 0 taskId: 984 ETC: 26734.1 priority: 0
  taskPos: 1 taskId: 942 ETC: 894.4 priority: 0
  taskPos: 2 taskId: 311 ETC: 38015.2 priority: 0
  taskPos: 3 taskId: 137 ETC: 23885.3 priority: 0
  taskPos: 4 taskId: 244 ETC: 3196.65 priority: 0
  taskPos: 5 taskId: 637 ETC: 8333.06 priority: 0
  taskPos: 6 taskId: 240 ETC: 11643.3 priority: 0
  taskPos: 7 taskId: 321 ETC: 7812.81 priority: 0
  taskPos: 8 taskId: 795 ETC: 35560.2 priority: 0
  taskPos: 9 taskId: 856 ETC: 15355.6 priority: 0
  taskPos: 10 taskId: 833 ETC: 17663.5 priority: 0
  taskPos: 11 taskId: 903 ETC: 20766.1 priority: 0
  taskPos: 12 taskId: 475 ETC: 1107.3 priority: 0
  taskPos: 13 taskId: 73 ETC: 12266.7 priority: 0
  taskPos: 14 taskId: 58 ETC: 10345.7 priority: 0
  taskPos: 15 taskId: 585 ETC: 47775 priority: 0
  taskPos: 16 taskId: 104 ETC: 13069.7 priority: 0
  taskPos: 17 taskId: 371 ETC: 42099.2 priority: 0
  taskPos: 18 taskId: 917 ETC: 27015.9 priority: 0
  taskPos: 19 taskId: 628 ETC: 1639.49 priority: 0
  taskPos: 20 taskId: 741 ETC: 43058.9 priority: 0
  taskPos: 21 taskId: 330 ETC: 11772.7 priority: 0
  taskPos: 22 taskId: 256 ETC: 1390.22 priority: 0
  taskPos: 23 taskId: 198 ETC: 11928.9 priority: 0
  taskPos: 24 taskId: 1022 ETC: 12636.5 priority: 0
  taskPos: 25 taskId: 825 ETC: 970.42 priority: 0
  taskPos: 26 taskId: 766 ETC: 1296.29 priority: 0
  taskPos: 27 taskId: 53 ETC: 1761.31 priority: 0
  taskPos: 28 taskId: 946 ETC: 10704 priority: 0
  taskPos: 29 taskId: 613 ETC: 2330.37 priority: 0
  taskPos: 30 taskId: 78 ETC: 50890.2 priority: 0
> machineId: 28
  taskPos: 0 taskId: 419 ETC: 30775.6 priority: 0
  taskPos: 1 taskId: 549 ETC: 20167.2 priority: 0
  taskPos: 2 taskId: 652 ETC: 3554.66 priority: 0
  taskPos: 3 taskId: 124 ETC: 31741.6 priority: 0
  taskPos: 4 taskId: 459 ETC: 206.84 priority: 0
  taskPos: 5 taskId: 297 ETC: 4338.67 priority: 0
  taskPos: 6 taskId: 60 ETC: 27514.1 priority: 0
  taskPos: 7 taskId: 165 ETC: 55028 priority: 0
  taskPos: 8 taskId: 150 ETC: 27880.6 priority: 0
  taskPos: 9 taskId: 821 ETC: 2177.88 priority: 0
  taskPos: 10 taskId: 375 ETC: 1237.73 priority: 0
  taskPos: 11 taskId: 874 ETC: 523.06 priority: 0
  taskPos: 12 taskId: 462 ETC: 2408.08 priority: 0
  taskPos: 13 taskId: 413 ETC: 30397.3 priority: 0
  taskPos: 14 taskId: 947 ETC: 11000.1 priority: 0
  taskPos: 15 taskId: 777 ETC: 1527.91 priority: 0
  taskPos: 16 taskId: 364 ETC: 1145.24 priority: 0
  taskPos: 17 taskId: 705 ETC: 5481.63 priority: 0
  taskPos: 18 taskId: 800 ETC: 8580.26 priority: 0
  taskPos: 19 taskId: 263 ETC: 31791.5 priority: 0
  taskPos: 20 taskId: 771 ETC: 29757.9 priority: 0
  taskPos: 21 taskId: 624 ETC: 2641.58 priority: 0
  taskPos: 22 taskId: 409 ETC: 35508.8 priority: 0
  taskPos: 23 taskId: 319 ETC: 934 priority: 0
  taskPos: 24 taskId: 602 ETC: 1693.11 priority: 0
  taskPos: 25 taskId: 358 ETC: 8894.73 priority: 0
  taskPos: 26 taskId: 968 ETC: 7742.12 priority: 0
  taskPos: 27 taskId: 686 ETC: 5889.99 priority: 0
  taskPos: 28 taskId: 680 ETC: 12033 priority: 0
  taskPos: 29 taskId: 729 ETC: 9889.38 priority: 0
  taskPos: 30 taskId: 848 ETC: 3685.11 priority: 0
  taskPos: 31 taskId: 191 ETC: 2837.84 priority: 0
  taskPos: 32 taskId: 74 ETC: 5615.98 priority: 0
  taskPos: 33 taskId: 886 ETC: 1369.53 priority: 0
  taskPos: 34 taskId: 633 ETC: 44439.2 priority: 0
  taskPos: 35 taskId: 545 ETC: 230.88 priority: 0
  taskPos: 36 taskId: 344 ETC: 12610.3 priority: 0
  taskPos: 37 taskId: 0 ETC: 624.2 priority: 0
  taskPos: 38 taskId: 294 ETC: 654.47 priority: 0
  taskPos: 39 taskId: 332 ETC: 814.92 priority: 0
  taskPos: 40 taskId: 1005 ETC: 6520.96 priority: 0
  taskPos: 41 taskId: 565 ETC: 1598.66 priority: 0
  taskPos: 42 taskId: 938 ETC: 5191.84 priority: 0
  taskPos: 43 taskId: 374 ETC: 3837.44 priority: 0
  taskPos: 44 taskId: 738 ETC: 5168.81 priority: 0
  taskPos: 45 taskId: 8 ETC: 5212.79 priority: 0
> machineId: 29
  taskPos: 0 taskId: 388 ETC: 11471.8 priority: 0
  taskPos: 1 taskId: 809 ETC: 3738.78 priority: 0
  taskPos: 2 taskId: 222 ETC: 16199 priority: 0
  taskPos: 3 taskId: 636 ETC: 11342 priority: 0
  taskPos: 4 taskId: 683 ETC: 1947.82 priority: 0
  taskPos: 5 taskId: 879 ETC: 28113.6 priority: 0
  taskPos: 6 taskId: 915 ETC: 83551 priority: 0
  taskPos: 7 taskId: 952 ETC: 6097.18 priority: 0
  taskPos: 8 taskId: 343 ETC: 20169.3 priority: 0
  taskPos: 9 taskId: 179 ETC: 18092.9 priority: 0
  taskPos: 10 taskId: 498 ETC: 3894.99 priority: 0
  taskPos: 11 taskId: 272 ETC: 49401.3 priority: 0
  taskPos: 12 taskId: 323 ETC: 1136.68 priority: 0
  taskPos: 13 taskId: 552 ETC: 12727.6 priority: 0
  taskPos: 14 taskId: 684 ETC: 9348.48 priority: 0
  taskPos: 15 taskId: 275 ETC: 25089.5 priority: 0
  taskPos: 16 taskId: 13 ETC: 1626.95 priority: 0
  taskPos: 17 taskId: 373 ETC: 54575.4 priority: 0
  taskPos: 18 taskId: 56 ETC: 6763.97 priority: 0
  taskPos: 19 taskId: 723 ETC: 3923.46 priority: 0
  taskPos: 20 taskId: 573 ETC: 2945.76 priority: 0
  taskPos: 21 taskId: 860 ETC: 30154.2 priority: 0
  taskPos: 22 taskId: 827 ETC: 2841.31 priority: 0
  taskPos: 23 taskId: 367 ETC: 5145.62 priority: 0
  taskPos: 24 taskId: 16 ETC: 21532.7 priority: 0
  taskPos: 25 taskId: 46 ETC: 1987.88 priority: 0
  taskPos: 26 taskId: 557 ETC: 4637.32 priority: 0
  taskPos: 27 taskId: 391 ETC: 983.99 priority: 0
  taskPos: 28 taskId: 1008 ETC: 6208.03 priority: 0
  taskPos: 29 taskId: 1002 ETC: 3209.03 priority: 0
  taskPos: 30 taskId: 161 ETC: 49912.1 priority: 0
  taskPos: 31 taskId: 756 ETC: 303.21 priority: 0
  taskPos: 32 taskId: 728 ETC: 6635.49 priority: 0
  taskPos: 33 taskId: 621 ETC: 7466.66 priority: 0
  taskPos: 34 taskId: 380 ETC: 449.12 priority: 0
> machineId: 30
  taskPos: 0 taskId: 981 ETC: 6241.06 priority: 0
  taskPos: 1 taskId: 39 ETC: 7581.79 priority: 0
  taskPos: 2 taskId: 765 ETC: 11464.2 priority: 0
  taskPos: 3 taskId: 183 ETC: 7718.96 priority: 0
  taskPos: 4 taskId: 108 ETC: 19882.8 priority: 0
  taskPos: 5 taskId: 484 ETC: 12948 priority: 0
  taskPos: 6 taskId: 182 ETC: 9079.97 priority: 0
  taskPos: 7 taskId: 973 ETC: 1472.03 priority: 0
  taskPos: 8 taskId: 909 ETC: 49040.2 priority: 0
  taskPos: 9 taskId: 445 ETC: 14016.1 priority: 0
  taskPos: 10 taskId: 199 ETC: 7763.34 priority: 0
  taskPos: 11 taskId: 30 ETC: 20424.5 priority: 0
  taskPos: 12 taskId: 490 ETC: 45895.2 priority: 0
  taskPos: 13 taskId: 763 ETC: 3643.64 priority: 0
  taskPos: 14 taskId: 657 ETC: 12932.2 priority: 0
  taskPos: 15 taskId: 505 ETC: 41726.4 priority: 0
  taskPos: 16 taskId: 41 ETC: 8365.43 priority: 0
  taskPos: 17 taskId: 690 ETC: 32134.3 priority: 0
  taskPos: 18 taskId: 331 ETC: 21016 priority: 0
  taskPos: 19 taskId: 770 ETC: 17275.1 priority: 0
  taskPos: 20 taskId: 895 ETC: 29194.7 priority: 0
  taskPos: 21 taskId: 694 ETC: 6646.61 priority: 0
  taskPos: 22 taskId: 596 ETC: 38642 priority: 0
  taskPos: 23 taskId: 224 ETC: 1402.68 priority: 0
  taskPos: 24 taskId: 368 ETC: 10746.2 priority: 0
  taskPos: 25 taskId: 730 ETC: 631.97 priority: 0
  taskPos: 26 taskId: 987 ETC: 17627.8 priority: 0
  taskPos: 27 taskId: 37 ETC: 2113.49 priority: 0
  taskPos: 28 taskId: 748 ETC: 8253.41 priority: 0
  taskPos: 29 taskId: 511 ETC: 3818.48 priority: 0
  taskPos: 30 taskId: 855 ETC: 3990.25 priority: 0
  taskPos: 31 taskId: 474 ETC: 13737.2 priority: 0
  taskPos: 32 taskId: 492 ETC: 12692.6 priority: 0
> machineId: 31
  taskPos: 0 taskId: 168 ETC: 70.96 priority: 0
  taskPos: 1 taskId: 385 ETC: 33609 priority: 0
  taskPos: 2 taskId: 957 ETC: 3450.38 priority: 0
  taskPos: 3 taskId: 193 ETC: 26324.7 priority: 0
  taskPos: 4 taskId: 776 ETC: 51337.6 priority: 0
  taskPos: 5 taskId: 583 ETC: 10300.2 priority: 0
  taskPos: 6 taskId: 415 ETC: 8402.61 priority: 0
  taskPos: 7 taskId: 324 ETC: 15370.2 priority: 0
  taskPos: 8 taskId: 920 ETC: 582.66 priority: 0
  taskPos: 9 taskId: 127 ETC: 29339.4 priority: 0
  taskPos: 10 taskId: 611 ETC: 118901 priority: 0
  taskPos: 11 taskId: 480 ETC: 4072.53 priority: 0
  taskPos: 12 taskId: 1014 ETC: 4537.46 priority: 0
  taskPos: 13 taskId: 558 ETC: 4177.45 priority: 0
  taskPos: 14 taskId: 979 ETC: 28731.7 priority: 0
  taskPos: 15 taskId: 589 ETC: 14725.1 priority: 0
  taskPos: 16 taskId: 131 ETC: 989.01 priority: 0
  taskPos: 17 taskId: 639 ETC: 2205.72 priority: 0
  taskPos: 18 taskId: 813 ETC: 13635.9 priority: 0
  taskPos: 19 taskId: 796 ETC: 23067.4 priority: 0
  taskPos: 20 taskId: 595 ETC: 3957.19 priority: 0
  taskPos: 21 taskId: 911 ETC: 11021.1 priority: 0
  taskPos: 22 taskId: 614 ETC: 16540.2 priority: 0
  taskPos: 23 taskId: 894 ETC: 2599.48 priority: 0
  taskPos: 24 taskId: 397 ETC: 18701.8 priority: 0
  taskPos: 25 taskId: 43 ETC: 16455.7 priority: 0
  taskPos: 26 taskId: 603 ETC: 156.83 priority: 0
  taskPos: 27 taskId: 814 ETC: 8705.34 priority: 0
  taskPos: 28 taskId: 153 ETC: 5822.92 priority: 0
  taskPos: 29 taskId: 24 ETC: 13361.5 priority: 0
  taskPos: 30 taskId: 281 ETC: 3185.6 priority: 0



 :( ---------------------- THE END --------------- :) 