[H[2J[INFO] TaskCount: 1024
[INFO] MachineCount: 32

[DEBUG] Inicialización MIN-MIN

Min-Min fitness: 2.25597e+06

[DEBUG] Inicialización Sufferage

Sufferage fitness: 2.81662e+06

[DEBUG] Inicialización random

[DEBUG] Inicialización random

[DEBUG] Inicialización random

[DEBUG] Inicialización MCT

MCT fitness: 3.30687e+06

[DEBUG] Inicialización random

[DEBUG] Inicialización random

[DEBUG] Inicialización random

[DEBUG] Inicialización random

[DEBUG] Inicialización MCT

MCT fitness: 3.23057e+06

[DEBUG] Inicialización random

[DEBUG] Inicialización random

[DEBUG] Inicialización random

[DEBUG] Inicialización random

 Current State ---------------------------------------------

Current trial: 1
Current iteration: 1500
Current evaluations: 22695
Current best cost: 2.15403e+06
Current worst cost: 2.21566e+06
Current Average cost: 2.19125e+06
Current Standard Deviation: 20954

Trial: 
Best cost trial: 2.15403e+06
Worst cost trial: 2.17754e+07
Iteration best found in trial: 1497
Time best found trial: 2.07864e+07
Time spent in trial: 2.08277e+07

Global: 
Global best cost: 2.15403e+06
Global worst cost: 2.17754e+07
Trial best found: 1
Iteration best found: 1497
Time best found: 2.07864e+07

Current time spent (so far): 2.08277e+07
Solution
> machineId: 0
  taskPos: 0 taskId: 713 ETC: 1.81 priority: 0
  taskPos: 1 taskId: 9 ETC: 9.17 priority: 0
  taskPos: 2 taskId: 322 ETC: 91.23 priority: 0
  taskPos: 3 taskId: 360 ETC: 254.71 priority: 0
  taskPos: 4 taskId: 248 ETC: 17.34 priority: 0
  taskPos: 5 taskId: 926 ETC: 117.86 priority: 0
  taskPos: 6 taskId: 547 ETC: 188.82 priority: 0
  taskPos: 7 taskId: 341 ETC: 223.01 priority: 0
  taskPos: 8 taskId: 176 ETC: 66.99 priority: 0
  taskPos: 9 taskId: 781 ETC: 152.46 priority: 0
  taskPos: 10 taskId: 382 ETC: 25.65 priority: 0
  taskPos: 11 taskId: 101 ETC: 148.92 priority: 0
  taskPos: 12 taskId: 757 ETC: 215.97 priority: 0
  taskPos: 13 taskId: 527 ETC: 332.57 priority: 0
  taskPos: 14 taskId: 163 ETC: 230.99 priority: 0
  taskPos: 15 taskId: 690 ETC: 52.54 priority: 0
  taskPos: 16 taskId: 385 ETC: 146.96 priority: 0
  taskPos: 17 taskId: 872 ETC: 64.85 priority: 0
  taskPos: 18 taskId: 329 ETC: 59.35 priority: 0
  taskPos: 19 taskId: 717 ETC: 190.06 priority: 0
  taskPos: 20 taskId: 864 ETC: 181.1 priority: 0
  taskPos: 21 taskId: 231 ETC: 167.42 priority: 0
  taskPos: 22 taskId: 931 ETC: 10.08 priority: 0
  taskPos: 23 taskId: 40 ETC: 255.01 priority: 0
  taskPos: 24 taskId: 879 ETC: 365.09 priority: 0
  taskPos: 25 taskId: 119 ETC: 1547.66 priority: 0
  taskPos: 26 taskId: 242 ETC: 265.77 priority: 0
  taskPos: 27 taskId: 490 ETC: 159.2 priority: 0
  taskPos: 28 taskId: 37 ETC: 434.41 priority: 0
  taskPos: 29 taskId: 264 ETC: 183.82 priority: 0
  taskPos: 30 taskId: 793 ETC: 140.3 priority: 0
  taskPos: 31 taskId: 182 ETC: 371.36 priority: 0
  taskPos: 32 taskId: 848 ETC: 302.29 priority: 0
  taskPos: 33 taskId: 489 ETC: 205.16 priority: 0
  taskPos: 34 taskId: 89 ETC: 200.17 priority: 0
  taskPos: 35 taskId: 862 ETC: 262.18 priority: 0
  taskPos: 36 taskId: 602 ETC: 417.1 priority: 0
  taskPos: 37 taskId: 164 ETC: 434.07 priority: 0
  taskPos: 38 taskId: 670 ETC: 470.15 priority: 0
  taskPos: 39 taskId: 53 ETC: 649.27 priority: 0
  taskPos: 40 taskId: 293 ETC: 216.48 priority: 0
  taskPos: 41 taskId: 213 ETC: 651.41 priority: 0
  taskPos: 42 taskId: 81 ETC: 654.83 priority: 0
  taskPos: 43 taskId: 1003 ETC: 305.34 priority: 0
  taskPos: 44 taskId: 194 ETC: 850.86 priority: 0
  taskPos: 45 taskId: 871 ETC: 755.2 priority: 0
  taskPos: 46 taskId: 133 ETC: 266.37 priority: 0
  taskPos: 47 taskId: 468 ETC: 184.3 priority: 0
  taskPos: 48 taskId: 567 ETC: 665.94 priority: 0
  taskPos: 49 taskId: 618 ETC: 658.47 priority: 0
  taskPos: 50 taskId: 536 ETC: 10828.2 priority: 0
  taskPos: 51 taskId: 308 ETC: 1269.43 priority: 0
  taskPos: 52 taskId: 1007 ETC: 610.82 priority: 0
  taskPos: 53 taskId: 82 ETC: 526.25 priority: 0
  taskPos: 54 taskId: 861 ETC: 455.76 priority: 0
  taskPos: 55 taskId: 124 ETC: 533.79 priority: 0
  taskPos: 56 taskId: 710 ETC: 339.98 priority: 0
  taskPos: 57 taskId: 685 ETC: 645.47 priority: 0
  taskPos: 58 taskId: 207 ETC: 900.54 priority: 0
  taskPos: 59 taskId: 633 ETC: 712.73 priority: 0
  taskPos: 60 taskId: 834 ETC: 701.3 priority: 0
  taskPos: 61 taskId: 698 ETC: 557.76 priority: 0
  taskPos: 62 taskId: 147 ETC: 533.68 priority: 0
  taskPos: 63 taskId: 60 ETC: 1358.75 priority: 0
  taskPos: 64 taskId: 819 ETC: 700.83 priority: 0
  taskPos: 65 taskId: 224 ETC: 668.11 priority: 0
  taskPos: 66 taskId: 381 ETC: 1188.36 priority: 0
  taskPos: 67 taskId: 516 ETC: 685.4 priority: 0
  taskPos: 68 taskId: 55 ETC: 812.3 priority: 0
  taskPos: 69 taskId: 123 ETC: 398.3 priority: 0
  taskPos: 70 taskId: 44 ETC: 817.74 priority: 0
  taskPos: 71 taskId: 978 ETC: 731.72 priority: 0
  taskPos: 72 taskId: 500 ETC: 958.59 priority: 0
  taskPos: 73 taskId: 922 ETC: 905.74 priority: 0
  taskPos: 74 taskId: 859 ETC: 673.67 priority: 0
  taskPos: 75 taskId: 695 ETC: 797.4 priority: 0
  taskPos: 76 taskId: 827 ETC: 797.95 priority: 0
  taskPos: 77 taskId: 371 ETC: 1189.82 priority: 0
  taskPos: 78 taskId: 136 ETC: 1118.67 priority: 0
  taskPos: 79 taskId: 575 ETC: 452.58 priority: 0
  taskPos: 80 taskId: 636 ETC: 917.2 priority: 0
  taskPos: 81 taskId: 924 ETC: 995.05 priority: 0
  taskPos: 82 taskId: 572 ETC: 888.85 priority: 0
  taskPos: 83 taskId: 637 ETC: 900.13 priority: 0
  taskPos: 84 taskId: 190 ETC: 1057.45 priority: 0
  taskPos: 85 taskId: 723 ETC: 1085.91 priority: 0
  taskPos: 86 taskId: 521 ETC: 1172.49 priority: 0
  taskPos: 87 taskId: 141 ETC: 1310.66 priority: 0
  taskPos: 88 taskId: 331 ETC: 1193.39 priority: 0
  taskPos: 89 taskId: 856 ETC: 939.64 priority: 0
  taskPos: 90 taskId: 246 ETC: 1277.83 priority: 0
  taskPos: 91 taskId: 244 ETC: 1087.11 priority: 0
  taskPos: 92 taskId: 315 ETC: 1987.18 priority: 0
  taskPos: 93 taskId: 62 ETC: 1355.67 priority: 0
  taskPos: 94 taskId: 88 ETC: 1473.85 priority: 0
  taskPos: 95 taskId: 78 ETC: 1208.99 priority: 0
  taskPos: 96 taskId: 348 ETC: 1451.86 priority: 0
  taskPos: 97 taskId: 929 ETC: 1474.03 priority: 0
  taskPos: 98 taskId: 998 ETC: 1403.91 priority: 0
  taskPos: 99 taskId: 614 ETC: 1389.28 priority: 0
  taskPos: 100 taskId: 749 ETC: 1093.08 priority: 0
  taskPos: 101 taskId: 762 ETC: 1028.84 priority: 0
  taskPos: 102 taskId: 638 ETC: 1182.28 priority: 0
  taskPos: 103 taskId: 771 ETC: 1253.82 priority: 0
  taskPos: 104 taskId: 14 ETC: 2026.17 priority: 0
  taskPos: 105 taskId: 342 ETC: 1148.21 priority: 0
  taskPos: 106 taskId: 12 ETC: 1522.57 priority: 0
  taskPos: 107 taskId: 206 ETC: 1491.6 priority: 0
  taskPos: 108 taskId: 396 ETC: 1770.65 priority: 0
  taskPos: 109 taskId: 884 ETC: 1569.78 priority: 0
  taskPos: 110 taskId: 312 ETC: 1614.53 priority: 0
  taskPos: 111 taskId: 816 ETC: 2502.44 priority: 0
  taskPos: 112 taskId: 544 ETC: 1483.21 priority: 0
  taskPos: 113 taskId: 790 ETC: 1947.82 priority: 0
  taskPos: 114 taskId: 403 ETC: 1741.98 priority: 0
  taskPos: 115 taskId: 654 ETC: 1663.38 priority: 0
  taskPos: 116 taskId: 470 ETC: 2652 priority: 0
  taskPos: 117 taskId: 736 ETC: 1820.99 priority: 0
  taskPos: 118 taskId: 287 ETC: 1404.71 priority: 0
  taskPos: 119 taskId: 528 ETC: 1665.26 priority: 0
  taskPos: 120 taskId: 238 ETC: 27835.7 priority: 0
  taskPos: 121 taskId: 983 ETC: 2070.84 priority: 0
  taskPos: 122 taskId: 724 ETC: 1450.33 priority: 0
  taskPos: 123 taskId: 388 ETC: 2019.26 priority: 0
  taskPos: 124 taskId: 279 ETC: 1502.8 priority: 0
  taskPos: 125 taskId: 1018 ETC: 1347.19 priority: 0
  taskPos: 126 taskId: 585 ETC: 2257.82 priority: 0
  taskPos: 127 taskId: 209 ETC: 1834.28 priority: 0
  taskPos: 128 taskId: 413 ETC: 2051.12 priority: 0
  taskPos: 129 taskId: 493 ETC: 1815.65 priority: 0
  taskPos: 130 taskId: 183 ETC: 2303.81 priority: 0
  taskPos: 131 taskId: 222 ETC: 3392.01 priority: 0
  taskPos: 132 taskId: 765 ETC: 2559.85 priority: 0
  taskPos: 133 taskId: 523 ETC: 2139.93 priority: 0
  taskPos: 134 taskId: 95 ETC: 2407.68 priority: 0
  taskPos: 135 taskId: 492 ETC: 2224.11 priority: 0
  taskPos: 136 taskId: 344 ETC: 1907.71 priority: 0
  taskPos: 137 taskId: 770 ETC: 2098.88 priority: 0
  taskPos: 138 taskId: 509 ETC: 3295.75 priority: 0
  taskPos: 139 taskId: 377 ETC: 2060.1 priority: 0
  taskPos: 140 taskId: 233 ETC: 2622.64 priority: 0
  taskPos: 141 taskId: 977 ETC: 2502.69 priority: 0
  taskPos: 142 taskId: 845 ETC: 2518.93 priority: 0
  taskPos: 143 taskId: 28 ETC: 3018.12 priority: 0
  taskPos: 144 taskId: 987 ETC: 2026.5 priority: 0
  taskPos: 145 taskId: 350 ETC: 3736.88 priority: 0
  taskPos: 146 taskId: 419 ETC: 3041.57 priority: 0
  taskPos: 147 taskId: 463 ETC: 3227.93 priority: 0
  taskPos: 148 taskId: 426 ETC: 2751.01 priority: 0
  taskPos: 149 taskId: 272 ETC: 3411.41 priority: 0
  taskPos: 150 taskId: 809 ETC: 4176.92 priority: 0
  taskPos: 151 taskId: 212 ETC: 3035.17 priority: 0
  taskPos: 152 taskId: 139 ETC: 2750.18 priority: 0
  taskPos: 153 taskId: 969 ETC: 2532.84 priority: 0
  taskPos: 154 taskId: 700 ETC: 2055.51 priority: 0
  taskPos: 155 taskId: 171 ETC: 3841.43 priority: 0
  taskPos: 156 taskId: 361 ETC: 2359.31 priority: 0
  taskPos: 157 taskId: 832 ETC: 2445.83 priority: 0
  taskPos: 158 taskId: 973 ETC: 3391.6 priority: 0
  taskPos: 159 taskId: 204 ETC: 3031.33 priority: 0
  taskPos: 160 taskId: 737 ETC: 4114.39 priority: 0
  taskPos: 161 taskId: 275 ETC: 3189.54 priority: 0
  taskPos: 162 taskId: 738 ETC: 2896.93 priority: 0
  taskPos: 163 taskId: 153 ETC: 2488.05 priority: 0
  taskPos: 164 taskId: 1017 ETC: 2602.05 priority: 0
  taskPos: 165 taskId: 296 ETC: 5015.58 priority: 0
  taskPos: 166 taskId: 799 ETC: 3714.49 priority: 0
  taskPos: 167 taskId: 154 ETC: 3620.68 priority: 0
  taskPos: 168 taskId: 239 ETC: 4075.97 priority: 0
  taskPos: 169 taskId: 639 ETC: 3536.81 priority: 0
  taskPos: 170 taskId: 19 ETC: 3886.22 priority: 0
  taskPos: 171 taskId: 332 ETC: 3970.89 priority: 0
  taskPos: 172 taskId: 357 ETC: 2549.27 priority: 0
  taskPos: 173 taskId: 805 ETC: 3658.68 priority: 0
  taskPos: 174 taskId: 842 ETC: 4645.58 priority: 0
  taskPos: 175 taskId: 784 ETC: 3754.33 priority: 0
  taskPos: 176 taskId: 517 ETC: 3074.01 priority: 0
  taskPos: 177 taskId: 603 ETC: 3492.58 priority: 0
  taskPos: 178 taskId: 620 ETC: 4369.09 priority: 0
  taskPos: 179 taskId: 697 ETC: 2666.23 priority: 0
  taskPos: 180 taskId: 833 ETC: 3877.72 priority: 0
  taskPos: 181 taskId: 247 ETC: 4458.67 priority: 0
  taskPos: 182 taskId: 739 ETC: 3932.72 priority: 0
  taskPos: 183 taskId: 1020 ETC: 3688 priority: 0
  taskPos: 184 taskId: 576 ETC: 4024.87 priority: 0
  taskPos: 185 taskId: 821 ETC: 3129.99 priority: 0
  taskPos: 186 taskId: 345 ETC: 4331.91 priority: 0
  taskPos: 187 taskId: 472 ETC: 4324.68 priority: 0
  taskPos: 188 taskId: 593 ETC: 4384.24 priority: 0
  taskPos: 189 taskId: 858 ETC: 4441 priority: 0
  taskPos: 190 taskId: 195 ETC: 5142.06 priority: 0
  taskPos: 191 taskId: 822 ETC: 4845.29 priority: 0
  taskPos: 192 taskId: 684 ETC: 4761.66 priority: 0
  taskPos: 193 taskId: 903 ETC: 4156.87 priority: 0
  taskPos: 194 taskId: 230 ETC: 5077.63 priority: 0
  taskPos: 195 taskId: 508 ETC: 5182.25 priority: 0
  taskPos: 196 taskId: 886 ETC: 3949.29 priority: 0
  taskPos: 197 taskId: 151 ETC: 4655.53 priority: 0
  taskPos: 198 taskId: 825 ETC: 4776.86 priority: 0
  taskPos: 199 taskId: 45 ETC: 3803.92 priority: 0
  taskPos: 200 taskId: 106 ETC: 5221.21 priority: 0
  taskPos: 201 taskId: 740 ETC: 12819 priority: 0
  taskPos: 202 taskId: 510 ETC: 6120.99 priority: 0
  taskPos: 203 taskId: 571 ETC: 4770.02 priority: 0
  taskPos: 204 taskId: 1014 ETC: 5177.47 priority: 0
  taskPos: 205 taskId: 456 ETC: 2869.65 priority: 0
  taskPos: 206 taskId: 191 ETC: 5989.21 priority: 0
  taskPos: 207 taskId: 187 ETC: 6621.24 priority: 0
  taskPos: 208 taskId: 299 ETC: 6009.71 priority: 0
  taskPos: 209 taskId: 305 ETC: 4833.48 priority: 0
  taskPos: 210 taskId: 627 ETC: 5473.09 priority: 0
  taskPos: 211 taskId: 794 ETC: 6418.77 priority: 0
  taskPos: 212 taskId: 785 ETC: 4793.5 priority: 0
  taskPos: 213 taskId: 228 ETC: 5170.6 priority: 0
  taskPos: 214 taskId: 774 ETC: 4707.3 priority: 0
  taskPos: 215 taskId: 775 ETC: 4717.18 priority: 0
  taskPos: 216 taskId: 729 ETC: 5508.97 priority: 0
  taskPos: 217 taskId: 837 ETC: 5400.17 priority: 0
  taskPos: 218 taskId: 665 ETC: 5549.92 priority: 0
  taskPos: 219 taskId: 875 ETC: 6573.5 priority: 0
  taskPos: 220 taskId: 482 ETC: 6343.24 priority: 0
  taskPos: 221 taskId: 356 ETC: 6374.42 priority: 0
  taskPos: 222 taskId: 806 ETC: 5536.65 priority: 0
  taskPos: 223 taskId: 581 ETC: 5302.99 priority: 0
  taskPos: 224 taskId: 394 ETC: 6154.48 priority: 0
  taskPos: 225 taskId: 532 ETC: 6470.58 priority: 0
  taskPos: 226 taskId: 981 ETC: 5862.1 priority: 0
  taskPos: 227 taskId: 27 ETC: 7065.93 priority: 0
  taskPos: 228 taskId: 1001 ETC: 6928.57 priority: 0
  taskPos: 229 taskId: 610 ETC: 5153.94 priority: 0
  taskPos: 230 taskId: 830 ETC: 6427.52 priority: 0
  taskPos: 231 taskId: 797 ETC: 6347.17 priority: 0
  taskPos: 232 taskId: 674 ETC: 3978.31 priority: 0
  taskPos: 233 taskId: 1009 ETC: 7544.85 priority: 0
  taskPos: 234 taskId: 240 ETC: 7207.58 priority: 0
  taskPos: 235 taskId: 192 ETC: 6345.85 priority: 0
  taskPos: 236 taskId: 966 ETC: 6631.7 priority: 0
  taskPos: 237 taskId: 487 ETC: 7027.59 priority: 0
  taskPos: 238 taskId: 417 ETC: 8091.64 priority: 0
  taskPos: 239 taskId: 804 ETC: 7780.4 priority: 0
  taskPos: 240 taskId: 880 ETC: 6323.17 priority: 0
  taskPos: 241 taskId: 979 ETC: 7067.02 priority: 0
  taskPos: 242 taskId: 180 ETC: 6821.64 priority: 0
  taskPos: 243 taskId: 259 ETC: 11717.6 priority: 0
  taskPos: 244 taskId: 15 ETC: 6741.61 priority: 0
  taskPos: 245 taskId: 125 ETC: 8138.81 priority: 0
  taskPos: 246 taskId: 892 ETC: 6702.39 priority: 0
  taskPos: 247 taskId: 336 ETC: 7849.51 priority: 0
  taskPos: 248 taskId: 563 ETC: 7890.84 priority: 0
  taskPos: 249 taskId: 379 ETC: 14437 priority: 0
  taskPos: 250 taskId: 838 ETC: 8010.73 priority: 0
  taskPos: 251 taskId: 628 ETC: 7152.26 priority: 0
  taskPos: 252 taskId: 564 ETC: 11265.4 priority: 0
  taskPos: 253 taskId: 77 ETC: 8896.23 priority: 0
  taskPos: 254 taskId: 993 ETC: 8247.34 priority: 0
  taskPos: 255 taskId: 682 ETC: 11959.8 priority: 0
  taskPos: 256 taskId: 291 ETC: 9640.22 priority: 0
  taskPos: 257 taskId: 701 ETC: 7261.87 priority: 0
  taskPos: 258 taskId: 386 ETC: 6843.26 priority: 0
  taskPos: 259 taskId: 405 ETC: 7555.75 priority: 0
  taskPos: 260 taskId: 780 ETC: 8569.4 priority: 0
  taskPos: 261 taskId: 672 ETC: 14297.9 priority: 0
  taskPos: 262 taskId: 746 ETC: 7330.55 priority: 0
  taskPos: 263 taskId: 103 ETC: 11577.6 priority: 0
  taskPos: 264 taskId: 172 ETC: 8160.91 priority: 0
  taskPos: 265 taskId: 702 ETC: 7500.69 priority: 0
  taskPos: 266 taskId: 79 ETC: 11699.8 priority: 0
  taskPos: 267 taskId: 420 ETC: 10462.8 priority: 0
  taskPos: 268 taskId: 854 ETC: 6718.83 priority: 0
  taskPos: 269 taskId: 552 ETC: 7447.66 priority: 0
  taskPos: 270 taskId: 911 ETC: 12608.2 priority: 0
  taskPos: 271 taskId: 560 ETC: 10040.6 priority: 0
  taskPos: 272 taskId: 752 ETC: 6932 priority: 0
  taskPos: 273 taskId: 501 ETC: 8303.82 priority: 0
  taskPos: 274 taskId: 25 ETC: 11978.1 priority: 0
  taskPos: 275 taskId: 205 ETC: 8129.27 priority: 0
  taskPos: 276 taskId: 954 ETC: 9497.18 priority: 0
  taskPos: 277 taskId: 115 ETC: 11374.8 priority: 0
  taskPos: 278 taskId: 669 ETC: 8220.74 priority: 0
  taskPos: 279 taskId: 703 ETC: 10655.5 priority: 0
  taskPos: 280 taskId: 668 ETC: 9962.47 priority: 0
  taskPos: 281 taskId: 718 ETC: 13007.8 priority: 0
  taskPos: 282 taskId: 971 ETC: 25118.4 priority: 0
  taskPos: 283 taskId: 338 ETC: 9165.29 priority: 0
  taskPos: 284 taskId: 216 ETC: 27943.9 priority: 0
  taskPos: 285 taskId: 367 ETC: 12715.8 priority: 0
  taskPos: 286 taskId: 590 ETC: 38500.2 priority: 0
  taskPos: 287 taskId: 554 ETC: 14648.9 priority: 0
  taskPos: 288 taskId: 601 ETC: 12138.1 priority: 0
  taskPos: 289 taskId: 950 ETC: 29876.4 priority: 0
  taskPos: 290 taskId: 852 ETC: 18361.3 priority: 0
  taskPos: 291 taskId: 439 ETC: 8932.77 priority: 0
  taskPos: 292 taskId: 129 ETC: 24241.9 priority: 0
  taskPos: 293 taskId: 436 ETC: 12189.1 priority: 0
  taskPos: 294 taskId: 22 ETC: 13988.6 priority: 0
  taskPos: 295 taskId: 900 ETC: 11025.2 priority: 0
  taskPos: 296 taskId: 121 ETC: 14911.5 priority: 0
  taskPos: 297 taskId: 507 ETC: 6764.74 priority: 0
  taskPos: 298 taskId: 4 ETC: 4353.74 priority: 0
  taskPos: 299 taskId: 229 ETC: 16032.2 priority: 0
  taskPos: 300 taskId: 681 ETC: 18400.6 priority: 0
  taskPos: 301 taskId: 881 ETC: 41039.1 priority: 0
  taskPos: 302 taskId: 34 ETC: 77500.5 priority: 0
  taskPos: 303 taskId: 807 ETC: 12769.4 priority: 0
  taskPos: 304 taskId: 860 ETC: 7972.46 priority: 0
  taskPos: 305 taskId: 327 ETC: 25517.9 priority: 0
  taskPos: 306 taskId: 712 ETC: 14882.2 priority: 0
  taskPos: 307 taskId: 641 ETC: 24588.4 priority: 0
  taskPos: 308 taskId: 434 ETC: 9795.81 priority: 0
  taskPos: 309 taskId: 1021 ETC: 29570.4 priority: 0
  taskPos: 310 taskId: 483 ETC: 38441 priority: 0
  taskPos: 311 taskId: 711 ETC: 14969.3 priority: 0
  taskPos: 312 taskId: 851 ETC: 13086.5 priority: 0
  taskPos: 313 taskId: 626 ETC: 24421.7 priority: 0
  taskPos: 314 taskId: 616 ETC: 22123.8 priority: 0
  taskPos: 315 taskId: 200 ETC: 22458 priority: 0
  taskPos: 316 taskId: 407 ETC: 19281.4 priority: 0
  taskPos: 317 taskId: 644 ETC: 20341.5 priority: 0
  taskPos: 318 taskId: 796 ETC: 28672.3 priority: 0
  taskPos: 319 taskId: 333 ETC: 23297.8 priority: 0
  taskPos: 320 taskId: 908 ETC: 47612 priority: 0
  taskPos: 321 taskId: 1008 ETC: 19224.7 priority: 0
  taskPos: 322 taskId: 1006 ETC: 18828.3 priority: 0
  taskPos: 323 taskId: 425 ETC: 39474.4 priority: 0
  taskPos: 324 taskId: 919 ETC: 54397 priority: 0
  taskPos: 325 taskId: 46 ETC: 24685 priority: 0
  taskPos: 326 taskId: 719 ETC: 28734.1 priority: 0
  taskPos: 327 taskId: 480 ETC: 17612.4 priority: 0
  taskPos: 328 taskId: 369 ETC: 24115.5 priority: 0
  taskPos: 329 taskId: 888 ETC: 38587.1 priority: 0
  taskPos: 330 taskId: 893 ETC: 15086.8 priority: 0
  taskPos: 331 taskId: 947 ETC: 16361.6 priority: 0
> machineId: 1
  taskPos: 0 taskId: 995 ETC: 4.51 priority: 0
  taskPos: 1 taskId: 328 ETC: 82.11 priority: 0
  taskPos: 2 taskId: 197 ETC: 32.48 priority: 0
  taskPos: 3 taskId: 932 ETC: 146.31 priority: 0
  taskPos: 4 taskId: 50 ETC: 529.27 priority: 0
  taskPos: 5 taskId: 321 ETC: 158.58 priority: 0
  taskPos: 6 taskId: 442 ETC: 462.97 priority: 0
  taskPos: 7 taskId: 542 ETC: 169.26 priority: 0
  taskPos: 8 taskId: 923 ETC: 735.75 priority: 0
  taskPos: 9 taskId: 477 ETC: 864.16 priority: 0
  taskPos: 10 taskId: 726 ETC: 291.66 priority: 0
  taskPos: 11 taskId: 432 ETC: 1002.83 priority: 0
  taskPos: 12 taskId: 694 ETC: 1219.11 priority: 0
  taskPos: 13 taskId: 582 ETC: 1182.6 priority: 0
  taskPos: 14 taskId: 474 ETC: 1667.07 priority: 0
  taskPos: 15 taskId: 132 ETC: 2462.91 priority: 0
  taskPos: 16 taskId: 447 ETC: 1015.65 priority: 0
  taskPos: 17 taskId: 421 ETC: 2302.42 priority: 0
  taskPos: 18 taskId: 504 ETC: 217.38 priority: 0
  taskPos: 19 taskId: 270 ETC: 1731.99 priority: 0
  taskPos: 20 taskId: 696 ETC: 2202.82 priority: 0
  taskPos: 21 taskId: 795 ETC: 2670.2 priority: 0
  taskPos: 22 taskId: 437 ETC: 3473.32 priority: 0
  taskPos: 23 taskId: 608 ETC: 1723.32 priority: 0
  taskPos: 24 taskId: 883 ETC: 2532.11 priority: 0
  taskPos: 25 taskId: 320 ETC: 2497.87 priority: 0
  taskPos: 26 taskId: 486 ETC: 1755.8 priority: 0
  taskPos: 27 taskId: 502 ETC: 2911.48 priority: 0
  taskPos: 28 taskId: 347 ETC: 2652.86 priority: 0
  taskPos: 29 taskId: 448 ETC: 2397.02 priority: 0
  taskPos: 30 taskId: 728 ETC: 1975.37 priority: 0
  taskPos: 31 taskId: 277 ETC: 3357.93 priority: 0
  taskPos: 32 taskId: 514 ETC: 2648.37 priority: 0
  taskPos: 33 taskId: 708 ETC: 5149.56 priority: 0
  taskPos: 34 taskId: 938 ETC: 3087.63 priority: 0
  taskPos: 35 taskId: 334 ETC: 2704.15 priority: 0
  taskPos: 36 taskId: 776 ETC: 5296.48 priority: 0
  taskPos: 37 taskId: 370 ETC: 3525.06 priority: 0
  taskPos: 38 taskId: 850 ETC: 4946.82 priority: 0
  taskPos: 39 taskId: 952 ETC: 5195.48 priority: 0
  taskPos: 40 taskId: 705 ETC: 6529.26 priority: 0
  taskPos: 41 taskId: 423 ETC: 5922.53 priority: 0
  taskPos: 42 taskId: 820 ETC: 4191.62 priority: 0
  taskPos: 43 taskId: 965 ETC: 5458.61 priority: 0
  taskPos: 44 taskId: 1011 ETC: 4649.64 priority: 0
  taskPos: 45 taskId: 137 ETC: 6170.75 priority: 0
  taskPos: 46 taskId: 568 ETC: 5709.19 priority: 0
  taskPos: 47 taskId: 887 ETC: 6212.86 priority: 0
  taskPos: 48 taskId: 30 ETC: 5608.36 priority: 0
  taskPos: 49 taskId: 588 ETC: 6715.39 priority: 0
  taskPos: 50 taskId: 94 ETC: 6613.6 priority: 0
  taskPos: 51 taskId: 17 ETC: 7787.59 priority: 0
  taskPos: 52 taskId: 1002 ETC: 9330.29 priority: 0
  taskPos: 53 taskId: 1000 ETC: 6333.61 priority: 0
  taskPos: 54 taskId: 444 ETC: 6517.76 priority: 0
  taskPos: 55 taskId: 910 ETC: 8331.41 priority: 0
  taskPos: 56 taskId: 957 ETC: 6100.32 priority: 0
  taskPos: 57 taskId: 815 ETC: 7730.79 priority: 0
  taskPos: 58 taskId: 818 ETC: 9139.01 priority: 0
  taskPos: 59 taskId: 936 ETC: 7510.8 priority: 0
  taskPos: 60 taskId: 362 ETC: 8028.1 priority: 0
  taskPos: 61 taskId: 907 ETC: 8235.63 priority: 0
  taskPos: 62 taskId: 1016 ETC: 7592.46 priority: 0
  taskPos: 63 taskId: 178 ETC: 9740.12 priority: 0
  taskPos: 64 taskId: 709 ETC: 8558.53 priority: 0
  taskPos: 65 taskId: 747 ETC: 10563.5 priority: 0
  taskPos: 66 taskId: 269 ETC: 9688.91 priority: 0
  taskPos: 67 taskId: 592 ETC: 9164.82 priority: 0
  taskPos: 68 taskId: 767 ETC: 10459.7 priority: 0
  taskPos: 69 taskId: 294 ETC: 10566.3 priority: 0
  taskPos: 70 taskId: 573 ETC: 11222.1 priority: 0
  taskPos: 71 taskId: 443 ETC: 11023 priority: 0
  taskPos: 72 taskId: 274 ETC: 11503.7 priority: 0
  taskPos: 73 taskId: 70 ETC: 10929.5 priority: 0
  taskPos: 74 taskId: 143 ETC: 13854.1 priority: 0
  taskPos: 75 taskId: 29 ETC: 10457.7 priority: 0
  taskPos: 76 taskId: 598 ETC: 11870.3 priority: 0
  taskPos: 77 taskId: 114 ETC: 13947.6 priority: 0
  taskPos: 78 taskId: 363 ETC: 12249.9 priority: 0
  taskPos: 79 taskId: 865 ETC: 13950.2 priority: 0
  taskPos: 80 taskId: 65 ETC: 12751.5 priority: 0
  taskPos: 81 taskId: 974 ETC: 13976.8 priority: 0
  taskPos: 82 taskId: 196 ETC: 12250.3 priority: 0
  taskPos: 83 taskId: 843 ETC: 13138.4 priority: 0
  taskPos: 84 taskId: 276 ETC: 11961.4 priority: 0
  taskPos: 85 taskId: 152 ETC: 11959.5 priority: 0
  taskPos: 86 taskId: 656 ETC: 10978.9 priority: 0
  taskPos: 87 taskId: 280 ETC: 20907.5 priority: 0
  taskPos: 88 taskId: 310 ETC: 15475.7 priority: 0
  taskPos: 89 taskId: 873 ETC: 8837.23 priority: 0
  taskPos: 90 taskId: 295 ETC: 15771.9 priority: 0
  taskPos: 91 taskId: 256 ETC: 20035.9 priority: 0
  taskPos: 92 taskId: 56 ETC: 19600.9 priority: 0
  taskPos: 93 taskId: 917 ETC: 12431.1 priority: 0
  taskPos: 94 taskId: 761 ETC: 18457.7 priority: 0
  taskPos: 95 taskId: 7 ETC: 18862.1 priority: 0
  taskPos: 96 taskId: 565 ETC: 20111.4 priority: 0
  taskPos: 97 taskId: 949 ETC: 17299.4 priority: 0
  taskPos: 98 taskId: 962 ETC: 20967.3 priority: 0
  taskPos: 99 taskId: 652 ETC: 22135.2 priority: 0
  taskPos: 100 taskId: 496 ETC: 22061.2 priority: 0
  taskPos: 101 taskId: 925 ETC: 18484.7 priority: 0
  taskPos: 102 taskId: 494 ETC: 16941 priority: 0
  taskPos: 103 taskId: 798 ETC: 237 priority: 0
  taskPos: 104 taskId: 986 ETC: 14599.4 priority: 0
  taskPos: 105 taskId: 457 ETC: 30386.4 priority: 0
  taskPos: 106 taskId: 156 ETC: 22717.7 priority: 0
  taskPos: 107 taskId: 680 ETC: 20728.6 priority: 0
  taskPos: 108 taskId: 829 ETC: 23782.3 priority: 0
  taskPos: 109 taskId: 35 ETC: 22486.4 priority: 0
  taskPos: 110 taskId: 6 ETC: 30377.1 priority: 0
  taskPos: 111 taskId: 346 ETC: 34027.8 priority: 0
  taskPos: 112 taskId: 90 ETC: 28337 priority: 0
  taskPos: 113 taskId: 36 ETC: 33412.2 priority: 0
  taskPos: 114 taskId: 225 ETC: 40215.1 priority: 0
  taskPos: 115 taskId: 253 ETC: 19897.3 priority: 0
  taskPos: 116 taskId: 664 ETC: 28199.9 priority: 0
  taskPos: 117 taskId: 249 ETC: 28605.5 priority: 0
  taskPos: 118 taskId: 488 ETC: 39203.9 priority: 0
  taskPos: 119 taskId: 260 ETC: 38660.7 priority: 0
  taskPos: 120 taskId: 591 ETC: 19370.4 priority: 0
  taskPos: 121 taskId: 373 ETC: 28735.9 priority: 0
  taskPos: 122 taskId: 646 ETC: 57190 priority: 0
  taskPos: 123 taskId: 526 ETC: 27966 priority: 0
  taskPos: 124 taskId: 177 ETC: 45290.1 priority: 0
  taskPos: 125 taskId: 688 ETC: 93287.1 priority: 0
  taskPos: 126 taskId: 304 ETC: 61579 priority: 0
  taskPos: 127 taskId: 268 ETC: 86479.7 priority: 0
  taskPos: 128 taskId: 876 ETC: 31792.8 priority: 0
  taskPos: 129 taskId: 537 ETC: 58519.4 priority: 0
  taskPos: 130 taskId: 524 ETC: 58099.6 priority: 0
  taskPos: 131 taskId: 76 ETC: 63321.5 priority: 0
  taskPos: 132 taskId: 661 ETC: 119283 priority: 0
  taskPos: 133 taskId: 577 ETC: 43505.6 priority: 0
  taskPos: 134 taskId: 1022 ETC: 44337.2 priority: 0
  taskPos: 135 taskId: 863 ETC: 38954.7 priority: 0
  taskPos: 136 taskId: 812 ETC: 19160.8 priority: 0
> machineId: 2
  taskPos: 0 taskId: 600 ETC: 453.22 priority: 0
  taskPos: 1 taskId: 982 ETC: 2243.29 priority: 0
  taskPos: 2 taskId: 1012 ETC: 859.6 priority: 0
  taskPos: 3 taskId: 286 ETC: 165.32 priority: 0
  taskPos: 4 taskId: 410 ETC: 1750.14 priority: 0
  taskPos: 5 taskId: 263 ETC: 1022.16 priority: 0
  taskPos: 6 taskId: 549 ETC: 2845.81 priority: 0
  taskPos: 7 taskId: 289 ETC: 3412.49 priority: 0
  taskPos: 8 taskId: 201 ETC: 1188.09 priority: 0
  taskPos: 9 taskId: 849 ETC: 3746.49 priority: 0
  taskPos: 10 taskId: 512 ETC: 2623.48 priority: 0
  taskPos: 11 taskId: 71 ETC: 2563.03 priority: 0
  taskPos: 12 taskId: 951 ETC: 3509.83 priority: 0
  taskPos: 13 taskId: 198 ETC: 4241.63 priority: 0
  taskPos: 14 taskId: 988 ETC: 5528.91 priority: 0
  taskPos: 15 taskId: 813 ETC: 4294.93 priority: 0
  taskPos: 16 taskId: 415 ETC: 7239.07 priority: 0
  taskPos: 17 taskId: 955 ETC: 4691.08 priority: 0
  taskPos: 18 taskId: 317 ETC: 4365.66 priority: 0
  taskPos: 19 taskId: 235 ETC: 6626.14 priority: 0
  taskPos: 20 taskId: 161 ETC: 4608.85 priority: 0
  taskPos: 21 taskId: 645 ETC: 4120.67 priority: 0
  taskPos: 22 taskId: 179 ETC: 14969.3 priority: 0
  taskPos: 23 taskId: 131 ETC: 6288.37 priority: 0
  taskPos: 24 taskId: 920 ETC: 9781.39 priority: 0
  taskPos: 25 taskId: 782 ETC: 10600.4 priority: 0
  taskPos: 26 taskId: 1 ETC: 9807.88 priority: 0
  taskPos: 27 taskId: 220 ETC: 9349.27 priority: 0
  taskPos: 28 taskId: 375 ETC: 7561.62 priority: 0
  taskPos: 29 taskId: 318 ETC: 8646.85 priority: 0
  taskPos: 30 taskId: 990 ETC: 11185.6 priority: 0
  taskPos: 31 taskId: 412 ETC: 11310.8 priority: 0
  taskPos: 32 taskId: 543 ETC: 14571.5 priority: 0
  taskPos: 33 taskId: 234 ETC: 62331.7 priority: 0
  taskPos: 34 taskId: 446 ETC: 11396.8 priority: 0
  taskPos: 35 taskId: 515 ETC: 8740.04 priority: 0
  taskPos: 36 taskId: 996 ETC: 6939.49 priority: 0
  taskPos: 37 taskId: 511 ETC: 13038.5 priority: 0
  taskPos: 38 taskId: 548 ETC: 11350.4 priority: 0
  taskPos: 39 taskId: 503 ETC: 11155.2 priority: 0
  taskPos: 40 taskId: 671 ETC: 18733.9 priority: 0
  taskPos: 41 taskId: 937 ETC: 19686.5 priority: 0
  taskPos: 42 taskId: 580 ETC: 10954.6 priority: 0
  taskPos: 43 taskId: 968 ETC: 19208.3 priority: 0
  taskPos: 44 taskId: 202 ETC: 17345.4 priority: 0
  taskPos: 45 taskId: 940 ETC: 22622 priority: 0
  taskPos: 46 taskId: 914 ETC: 11878.1 priority: 0
  taskPos: 47 taskId: 594 ETC: 18672 priority: 0
  taskPos: 48 taskId: 828 ETC: 16697.4 priority: 0
  taskPos: 49 taskId: 755 ETC: 24997.2 priority: 0
  taskPos: 50 taskId: 985 ETC: 13287.1 priority: 0
  taskPos: 51 taskId: 915 ETC: 22669.1 priority: 0
  taskPos: 52 taskId: 513 ETC: 24649 priority: 0
  taskPos: 53 taskId: 948 ETC: 46997.2 priority: 0
  taskPos: 54 taskId: 535 ETC: 18075.8 priority: 0
  taskPos: 55 taskId: 904 ETC: 26727.3 priority: 0
  taskPos: 56 taskId: 956 ETC: 17810 priority: 0
  taskPos: 57 taskId: 462 ETC: 23073.9 priority: 0
  taskPos: 58 taskId: 80 ETC: 36980.6 priority: 0
  taskPos: 59 taskId: 659 ETC: 24229.2 priority: 0
  taskPos: 60 taskId: 732 ETC: 21299.1 priority: 0
  taskPos: 61 taskId: 424 ETC: 30931.9 priority: 0
  taskPos: 62 taskId: 754 ETC: 20043.9 priority: 0
  taskPos: 63 taskId: 497 ETC: 25195.1 priority: 0
  taskPos: 64 taskId: 49 ETC: 33708.4 priority: 0
  taskPos: 65 taskId: 617 ETC: 22776.3 priority: 0
  taskPos: 66 taskId: 400 ETC: 41787.8 priority: 0
  taskPos: 67 taskId: 218 ETC: 21244.4 priority: 0
  taskPos: 68 taskId: 574 ETC: 28834.1 priority: 0
  taskPos: 69 taskId: 1005 ETC: 65275.5 priority: 0
  taskPos: 70 taskId: 814 ETC: 34945.6 priority: 0
  taskPos: 71 taskId: 376 ETC: 57141.3 priority: 0
  taskPos: 72 taskId: 895 ETC: 40147.2 priority: 0
  taskPos: 73 taskId: 930 ETC: 96368.2 priority: 0
  taskPos: 74 taskId: 773 ETC: 26696.4 priority: 0
  taskPos: 75 taskId: 975 ETC: 55205.1 priority: 0
  taskPos: 76 taskId: 692 ETC: 35044.2 priority: 0
  taskPos: 77 taskId: 387 ETC: 29809.6 priority: 0
  taskPos: 78 taskId: 677 ETC: 42833.4 priority: 0
  taskPos: 79 taskId: 498 ETC: 23839.6 priority: 0
  taskPos: 80 taskId: 683 ETC: 64607.5 priority: 0
  taskPos: 81 taskId: 391 ETC: 74771.8 priority: 0
  taskPos: 82 taskId: 619 ETC: 41295.6 priority: 0
  taskPos: 83 taskId: 959 ETC: 74222.8 priority: 0
  taskPos: 84 taskId: 569 ETC: 54493 priority: 0
  taskPos: 85 taskId: 748 ETC: 53765.2 priority: 0
  taskPos: 86 taskId: 384 ETC: 78360.5 priority: 0
  taskPos: 87 taskId: 597 ETC: 107840 priority: 0
  taskPos: 88 taskId: 586 ETC: 45716.7 priority: 0
  taskPos: 89 taskId: 960 ETC: 51792 priority: 0
> machineId: 3
  taskPos: 0 taskId: 428 ETC: 309.54 priority: 0
  taskPos: 1 taskId: 11 ETC: 531.54 priority: 0
  taskPos: 2 taskId: 484 ETC: 2813.75 priority: 0
  taskPos: 3 taskId: 928 ETC: 9003.12 priority: 0
  taskPos: 4 taskId: 491 ETC: 5342.72 priority: 0
  taskPos: 5 taskId: 181 ETC: 3744.39 priority: 0
  taskPos: 6 taskId: 538 ETC: 3661.56 priority: 0
  taskPos: 7 taskId: 650 ETC: 6074.52 priority: 0
  taskPos: 8 taskId: 1015 ETC: 4572.11 priority: 0
  taskPos: 9 taskId: 613 ETC: 5681.68 priority: 0
  taskPos: 10 taskId: 1023 ETC: 5991.09 priority: 0
  taskPos: 11 taskId: 634 ETC: 13008.3 priority: 0
  taskPos: 12 taskId: 54 ETC: 8730.46 priority: 0
  taskPos: 13 taskId: 323 ETC: 8184.5 priority: 0
  taskPos: 14 taskId: 558 ETC: 10803.8 priority: 0
  taskPos: 15 taskId: 643 ETC: 14839.2 priority: 0
  taskPos: 16 taskId: 583 ETC: 12375.5 priority: 0
  taskPos: 17 taskId: 899 ETC: 20900.9 priority: 0
  taskPos: 18 taskId: 266 ETC: 15747.6 priority: 0
  taskPos: 19 taskId: 221 ETC: 20227.2 priority: 0
  taskPos: 20 taskId: 870 ETC: 13906 priority: 0
  taskPos: 21 taskId: 290 ETC: 11198.3 priority: 0
  taskPos: 22 taskId: 867 ETC: 21630.7 priority: 0
  taskPos: 23 taskId: 185 ETC: 20974.2 priority: 0
  taskPos: 24 taskId: 722 ETC: 11165.7 priority: 0
  taskPos: 25 taskId: 935 ETC: 7259.67 priority: 0
  taskPos: 26 taskId: 351 ETC: 30146.9 priority: 0
  taskPos: 27 taskId: 8 ETC: 31309.7 priority: 0
  taskPos: 28 taskId: 433 ETC: 11004.8 priority: 0
  taskPos: 29 taskId: 529 ETC: 19624.9 priority: 0
  taskPos: 30 taskId: 741 ETC: 28625.2 priority: 0
  taskPos: 31 taskId: 188 ETC: 35187.4 priority: 0
  taskPos: 32 taskId: 464 ETC: 31801 priority: 0
  taskPos: 33 taskId: 475 ETC: 26434.2 priority: 0
  taskPos: 34 taskId: 866 ETC: 40226.2 priority: 0
  taskPos: 35 taskId: 398 ETC: 29333.7 priority: 0
  taskPos: 36 taskId: 658 ETC: 29613.5 priority: 0
  taskPos: 37 taskId: 630 ETC: 17168.1 priority: 0
  taskPos: 38 taskId: 559 ETC: 40516.8 priority: 0
  taskPos: 39 taskId: 519 ETC: 34226.5 priority: 0
  taskPos: 40 taskId: 460 ETC: 33052.9 priority: 0
  taskPos: 41 taskId: 422 ETC: 53809.2 priority: 0
  taskPos: 42 taskId: 760 ETC: 93974.4 priority: 0
  taskPos: 43 taskId: 374 ETC: 45495.5 priority: 0
  taskPos: 44 taskId: 86 ETC: 40289.3 priority: 0
  taskPos: 45 taskId: 826 ETC: 34059.3 priority: 0
  taskPos: 46 taskId: 791 ETC: 76110.1 priority: 0
  taskPos: 47 taskId: 1019 ETC: 51417.4 priority: 0
  taskPos: 48 taskId: 3 ETC: 52103.6 priority: 0
  taskPos: 49 taskId: 699 ETC: 56892.5 priority: 0
  taskPos: 50 taskId: 349 ETC: 51219.6 priority: 0
  taskPos: 51 taskId: 545 ETC: 45682.4 priority: 0
  taskPos: 52 taskId: 52 ETC: 56993.9 priority: 0
  taskPos: 53 taskId: 556 ETC: 151596 priority: 0
  taskPos: 54 taskId: 877 ETC: 37721.6 priority: 0
  taskPos: 55 taskId: 596 ETC: 172456 priority: 0
  taskPos: 56 taskId: 10 ETC: 58941.4 priority: 0
  taskPos: 57 taskId: 146 ETC: 99299.5 priority: 0
  taskPos: 58 taskId: 727 ETC: 59372.7 priority: 0
  taskPos: 59 taskId: 720 ETC: 54749.9 priority: 0
  taskPos: 60 taskId: 262 ETC: 55418.4 priority: 0
  taskPos: 61 taskId: 166 ETC: 95379.8 priority: 0
> machineId: 4
  taskPos: 0 taskId: 158 ETC: 1293.49 priority: 0
  taskPos: 1 taskId: 716 ETC: 5187.12 priority: 0
  taskPos: 2 taskId: 210 ETC: 14971.1 priority: 0
  taskPos: 3 taskId: 149 ETC: 8035.03 priority: 0
  taskPos: 4 taskId: 841 ETC: 12895.3 priority: 0
  taskPos: 5 taskId: 533 ETC: 390.99 priority: 0
  taskPos: 6 taskId: 223 ETC: 3547.06 priority: 0
  taskPos: 7 taskId: 431 ETC: 20586.8 priority: 0
  taskPos: 8 taskId: 408 ETC: 4766.22 priority: 0
  taskPos: 9 taskId: 764 ETC: 21710 priority: 0
  taskPos: 10 taskId: 353 ETC: 9203.16 priority: 0
  taskPos: 11 taskId: 173 ETC: 33222.2 priority: 0
  taskPos: 12 taskId: 970 ETC: 40627.3 priority: 0
  taskPos: 13 taskId: 42 ETC: 3852.17 priority: 0
  taskPos: 14 taskId: 406 ETC: 16443.2 priority: 0
  taskPos: 15 taskId: 66 ETC: 15339.7 priority: 0
  taskPos: 16 taskId: 868 ETC: 16445 priority: 0
  taskPos: 17 taskId: 84 ETC: 7797.47 priority: 0
  taskPos: 18 taskId: 325 ETC: 20933.8 priority: 0
  taskPos: 19 taskId: 803 ETC: 31818.7 priority: 0
  taskPos: 20 taskId: 847 ETC: 27243.2 priority: 0
  taskPos: 21 taskId: 788 ETC: 25136.5 priority: 0
  taskPos: 22 taskId: 319 ETC: 35831.6 priority: 0
  taskPos: 23 taskId: 258 ETC: 19840.4 priority: 0
  taskPos: 24 taskId: 481 ETC: 27891.1 priority: 0
  taskPos: 25 taskId: 427 ETC: 48058.2 priority: 0
  taskPos: 26 taskId: 913 ETC: 43004.1 priority: 0
  taskPos: 27 taskId: 635 ETC: 29593.2 priority: 0
  taskPos: 28 taskId: 116 ETC: 123322 priority: 0
  taskPos: 29 taskId: 257 ETC: 45232.5 priority: 0
  taskPos: 30 taskId: 589 ETC: 24517.6 priority: 0
  taskPos: 31 taskId: 836 ETC: 64474.8 priority: 0
  taskPos: 32 taskId: 753 ETC: 41763.8 priority: 0
  taskPos: 33 taskId: 203 ETC: 55690.5 priority: 0
  taskPos: 34 taskId: 550 ETC: 108358 priority: 0
  taskPos: 35 taskId: 452 ETC: 47028.4 priority: 0
  taskPos: 36 taskId: 857 ETC: 102738 priority: 0
  taskPos: 37 taskId: 631 ETC: 75888.4 priority: 0
  taskPos: 38 taskId: 130 ETC: 66697 priority: 0
  taskPos: 39 taskId: 364 ETC: 150267 priority: 0
  taskPos: 40 taskId: 625 ETC: 63082.8 priority: 0
  taskPos: 41 taskId: 611 ETC: 86851.4 priority: 0
  taskPos: 42 taskId: 109 ETC: 95884 priority: 0
  taskPos: 43 taskId: 963 ETC: 57640.3 priority: 0
  taskPos: 44 taskId: 455 ETC: 62551 priority: 0
  taskPos: 45 taskId: 578 ETC: 64969.4 priority: 0
  taskPos: 46 taskId: 67 ETC: 168546 priority: 0
  taskPos: 47 taskId: 906 ETC: 76064.3 priority: 0
> machineId: 5
  taskPos: 0 taskId: 372 ETC: 991.23 priority: 0
  taskPos: 1 taskId: 87 ETC: 4658.05 priority: 0
  taskPos: 2 taskId: 766 ETC: 18227.4 priority: 0
  taskPos: 3 taskId: 495 ETC: 10462.7 priority: 0
  taskPos: 4 taskId: 824 ETC: 3404.67 priority: 0
  taskPos: 5 taskId: 64 ETC: 14972.5 priority: 0
  taskPos: 6 taskId: 402 ETC: 33884.7 priority: 0
  taskPos: 7 taskId: 810 ETC: 7524.02 priority: 0
  taskPos: 8 taskId: 411 ETC: 11299.2 priority: 0
  taskPos: 9 taskId: 562 ETC: 30536 priority: 0
  taskPos: 10 taskId: 839 ETC: 30604.6 priority: 0
  taskPos: 11 taskId: 359 ETC: 24481.7 priority: 0
  taskPos: 12 taskId: 72 ETC: 22686.4 priority: 0
  taskPos: 13 taskId: 380 ETC: 39219 priority: 0
  taskPos: 14 taskId: 730 ETC: 47132.8 priority: 0
  taskPos: 15 taskId: 967 ETC: 15335.8 priority: 0
  taskPos: 16 taskId: 453 ETC: 41761 priority: 0
  taskPos: 17 taskId: 976 ETC: 43038.2 priority: 0
  taskPos: 18 taskId: 126 ETC: 51936.2 priority: 0
  taskPos: 19 taskId: 57 ETC: 53360.1 priority: 0
  taskPos: 20 taskId: 140 ETC: 124803 priority: 0
  taskPos: 21 taskId: 725 ETC: 26061.5 priority: 0
  taskPos: 22 taskId: 622 ETC: 67139 priority: 0
  taskPos: 23 taskId: 939 ETC: 73213.8 priority: 0
  taskPos: 24 taskId: 1013 ETC: 38829.6 priority: 0
  taskPos: 25 taskId: 302 ETC: 64341.5 priority: 0
  taskPos: 26 taskId: 450 ETC: 80567.3 priority: 0
  taskPos: 27 taskId: 43 ETC: 94885.8 priority: 0
  taskPos: 28 taskId: 100 ETC: 83982.1 priority: 0
  taskPos: 29 taskId: 869 ETC: 143850 priority: 0
  taskPos: 30 taskId: 1010 ETC: 62395.7 priority: 0
  taskPos: 31 taskId: 215 ETC: 94779.7 priority: 0
  taskPos: 32 taskId: 68 ETC: 181858 priority: 0
  taskPos: 33 taskId: 891 ETC: 114332 priority: 0
  taskPos: 34 taskId: 534 ETC: 127138 priority: 0
  taskPos: 35 taskId: 999 ETC: 96043.5 priority: 0
  taskPos: 36 taskId: 731 ETC: 59009.8 priority: 0
> machineId: 6
  taskPos: 0 taskId: 518 ETC: 6458.01 priority: 0
  taskPos: 1 taskId: 840 ETC: 21287 priority: 0
  taskPos: 2 taskId: 522 ETC: 18765.1 priority: 0
  taskPos: 3 taskId: 942 ETC: 9596.97 priority: 0
  taskPos: 4 taskId: 653 ETC: 2229.18 priority: 0
  taskPos: 5 taskId: 750 ETC: 3053.89 priority: 0
  taskPos: 6 taskId: 921 ETC: 32311.3 priority: 0
  taskPos: 7 taskId: 459 ETC: 56319.2 priority: 0
  taskPos: 8 taskId: 69 ETC: 40458.8 priority: 0
  taskPos: 9 taskId: 901 ETC: 16026.8 priority: 0
  taskPos: 10 taskId: 756 ETC: 13292.3 priority: 0
  taskPos: 11 taskId: 393 ETC: 48666.9 priority: 0
  taskPos: 12 taskId: 885 ETC: 81224.3 priority: 0
  taskPos: 13 taskId: 964 ETC: 26600.7 priority: 0
  taskPos: 14 taskId: 159 ETC: 59873.1 priority: 0
  taskPos: 15 taskId: 358 ETC: 34900.8 priority: 0
  taskPos: 16 taskId: 651 ETC: 33537.7 priority: 0
  taskPos: 17 taskId: 255 ETC: 50484.1 priority: 0
  taskPos: 18 taskId: 98 ETC: 95152.2 priority: 0
  taskPos: 19 taskId: 83 ETC: 153684 priority: 0
  taskPos: 20 taskId: 285 ETC: 85830.9 priority: 0
  taskPos: 21 taskId: 648 ETC: 65429.2 priority: 0
  taskPos: 22 taskId: 383 ETC: 88541.5 priority: 0
  taskPos: 23 taskId: 214 ETC: 107201 priority: 0
  taskPos: 24 taskId: 51 ETC: 99650.4 priority: 0
  taskPos: 25 taskId: 846 ETC: 49442.1 priority: 0
  taskPos: 26 taskId: 647 ETC: 112001 priority: 0
  taskPos: 27 taskId: 105 ETC: 72592.3 priority: 0
  taskPos: 28 taskId: 934 ETC: 135594 priority: 0
  taskPos: 29 taskId: 530 ETC: 175876 priority: 0
  taskPos: 30 taskId: 311 ETC: 116808 priority: 0
  taskPos: 31 taskId: 506 ETC: 234585 priority: 0
> machineId: 7
  taskPos: 0 taskId: 546 ETC: 3909.95 priority: 0
  taskPos: 1 taskId: 744 ETC: 4700.46 priority: 0
  taskPos: 2 taskId: 1004 ETC: 8892.53 priority: 0
  taskPos: 3 taskId: 284 ETC: 54140.2 priority: 0
  taskPos: 4 taskId: 217 ETC: 45851.7 priority: 0
  taskPos: 5 taskId: 831 ETC: 43007 priority: 0
  taskPos: 6 taskId: 768 ETC: 23437.9 priority: 0
  taskPos: 7 taskId: 186 ETC: 49578.6 priority: 0
  taskPos: 8 taskId: 609 ETC: 27796.3 priority: 0
  taskPos: 9 taskId: 541 ETC: 125350 priority: 0
  taskPos: 10 taskId: 365 ETC: 62514 priority: 0
  taskPos: 11 taskId: 467 ETC: 97791.4 priority: 0
  taskPos: 12 taskId: 801 ETC: 32730.9 priority: 0
  taskPos: 13 taskId: 742 ETC: 57800.4 priority: 0
  taskPos: 14 taskId: 787 ETC: 65489.4 priority: 0
  taskPos: 15 taskId: 944 ETC: 93462.6 priority: 0
  taskPos: 16 taskId: 704 ETC: 127194 priority: 0
  taskPos: 17 taskId: 642 ETC: 70226.4 priority: 0
  taskPos: 18 taskId: 366 ETC: 118171 priority: 0
  taskPos: 19 taskId: 395 ETC: 138688 priority: 0
  taskPos: 20 taskId: 991 ETC: 162877 priority: 0
  taskPos: 21 taskId: 93 ETC: 110264 priority: 0
  taskPos: 22 taskId: 184 ETC: 256450 priority: 0
  taskPos: 23 taskId: 189 ETC: 111827 priority: 0
  taskPos: 24 taskId: 733 ETC: 176728 priority: 0
  taskPos: 25 taskId: 649 ETC: 72841.2 priority: 0
> machineId: 8
  taskPos: 0 taskId: 624 ETC: 4790.67 priority: 0
  taskPos: 1 taskId: 673 ETC: 16872 priority: 0
  taskPos: 2 taskId: 874 ETC: 61440.8 priority: 0
  taskPos: 3 taskId: 878 ETC: 83525.5 priority: 0
  taskPos: 4 taskId: 896 ETC: 27609.3 priority: 0
  taskPos: 5 taskId: 458 ETC: 77190.7 priority: 0
  taskPos: 6 taskId: 599 ETC: 38406.6 priority: 0
  taskPos: 7 taskId: 128 ETC: 22984 priority: 0
  taskPos: 8 taskId: 667 ETC: 9139.86 priority: 0
  taskPos: 9 taskId: 604 ETC: 5170.36 priority: 0
  taskPos: 10 taskId: 265 ETC: 38441.4 priority: 0
  taskPos: 11 taskId: 715 ETC: 68402.3 priority: 0
  taskPos: 12 taskId: 555 ETC: 117535 priority: 0
  taskPos: 13 taskId: 144 ETC: 84547.9 priority: 0
  taskPos: 14 taskId: 745 ETC: 47893.6 priority: 0
  taskPos: 15 taskId: 73 ETC: 130739 priority: 0
  taskPos: 16 taskId: 389 ETC: 84176.4 priority: 0
  taskPos: 17 taskId: 902 ETC: 148518 priority: 0
  taskPos: 18 taskId: 689 ETC: 124470 priority: 0
  taskPos: 19 taskId: 657 ETC: 288701 priority: 0
  taskPos: 20 taskId: 282 ETC: 120655 priority: 0
  taskPos: 21 taskId: 440 ETC: 189779 priority: 0
  taskPos: 22 taskId: 16 ETC: 8812.97 priority: 0
  taskPos: 23 taskId: 250 ETC: 194894 priority: 0
  taskPos: 24 taskId: 409 ETC: 144685 priority: 0
> machineId: 9
  taskPos: 0 taskId: 352 ETC: 7400.61 priority: 0
  taskPos: 1 taskId: 734 ETC: 20866.4 priority: 0
  taskPos: 2 taskId: 666 ETC: 37786.5 priority: 0
  taskPos: 3 taskId: 933 ETC: 41086.6 priority: 0
  taskPos: 4 taskId: 772 ETC: 64975.6 priority: 0
  taskPos: 5 taskId: 466 ETC: 25859.4 priority: 0
  taskPos: 6 taskId: 984 ETC: 11417 priority: 0
  taskPos: 7 taskId: 916 ETC: 51772.6 priority: 0
  taskPos: 8 taskId: 579 ETC: 164701 priority: 0
  taskPos: 9 taskId: 570 ETC: 86451.8 priority: 0
  taskPos: 10 taskId: 783 ETC: 219074 priority: 0
  taskPos: 11 taskId: 38 ETC: 128699 priority: 0
  taskPos: 12 taskId: 330 ETC: 104935 priority: 0
  taskPos: 13 taskId: 175 ETC: 149300 priority: 0
  taskPos: 14 taskId: 160 ETC: 194469 priority: 0
  taskPos: 15 taskId: 165 ETC: 100915 priority: 0
  taskPos: 16 taskId: 584 ETC: 88394.2 priority: 0
  taskPos: 17 taskId: 615 ETC: 123721 priority: 0
  taskPos: 18 taskId: 451 ETC: 202885 priority: 0
  taskPos: 19 taskId: 59 ETC: 72094.8 priority: 0
> machineId: 10
  taskPos: 0 taskId: 245 ETC: 15151.5 priority: 0
  taskPos: 1 taskId: 113 ETC: 9263.54 priority: 0
  taskPos: 2 taskId: 823 ETC: 46978 priority: 0
  taskPos: 3 taskId: 972 ETC: 47786.8 priority: 0
  taskPos: 4 taskId: 162 ETC: 89464.2 priority: 0
  taskPos: 5 taskId: 687 ETC: 38.68 priority: 0
  taskPos: 6 taskId: 662 ETC: 270341 priority: 0
  taskPos: 7 taskId: 74 ETC: 72943.5 priority: 0
  taskPos: 8 taskId: 678 ETC: 39627.5 priority: 0
  taskPos: 9 taskId: 122 ETC: 64846.1 priority: 0
  taskPos: 10 taskId: 127 ETC: 27365.2 priority: 0
  taskPos: 11 taskId: 168 ETC: 202127 priority: 0
  taskPos: 12 taskId: 339 ETC: 205682 priority: 0
  taskPos: 13 taskId: 835 ETC: 148056 priority: 0
  taskPos: 14 taskId: 254 ETC: 118548 priority: 0
  taskPos: 15 taskId: 707 ETC: 145396 priority: 0
  taskPos: 16 taskId: 148 ETC: 180771 priority: 0
  taskPos: 17 taskId: 303 ETC: 113486 priority: 0
  taskPos: 18 taskId: 378 ETC: 95032.3 priority: 0
> machineId: 11
  taskPos: 0 taskId: 300 ETC: 9882.93 priority: 0
  taskPos: 1 taskId: 368 ETC: 45194.1 priority: 0
  taskPos: 2 taskId: 676 ETC: 133649 priority: 0
  taskPos: 3 taskId: 479 ETC: 110882 priority: 0
  taskPos: 4 taskId: 905 ETC: 20694.5 priority: 0
  taskPos: 5 taskId: 473 ETC: 81164.5 priority: 0
  taskPos: 6 taskId: 946 ETC: 65526.7 priority: 0
  taskPos: 7 taskId: 39 ETC: 87463.8 priority: 0
  taskPos: 8 taskId: 399 ETC: 8654.81 priority: 0
  taskPos: 9 taskId: 193 ETC: 92640.6 priority: 0
  taskPos: 10 taskId: 792 ETC: 168693 priority: 0
  taskPos: 11 taskId: 706 ETC: 33339.5 priority: 0
  taskPos: 12 taskId: 236 ETC: 180911 priority: 0
  taskPos: 13 taskId: 889 ETC: 47637.7 priority: 0
  taskPos: 14 taskId: 48 ETC: 48215.8 priority: 0
  taskPos: 15 taskId: 992 ETC: 167934 priority: 0
  taskPos: 16 taskId: 251 ETC: 344541 priority: 0
  taskPos: 17 taskId: 392 ETC: 274479 priority: 0
  taskPos: 18 taskId: 751 ETC: 230856 priority: 0
> machineId: 12
  taskPos: 0 taskId: 273 ETC: 126538 priority: 0
  taskPos: 1 taskId: 655 ETC: 44576.8 priority: 0
  taskPos: 2 taskId: 557 ETC: 35016.3 priority: 0
  taskPos: 3 taskId: 75 ETC: 22203.2 priority: 0
  taskPos: 4 taskId: 551 ETC: 11915.8 priority: 0
  taskPos: 5 taskId: 691 ETC: 128953 priority: 0
  taskPos: 6 taskId: 449 ETC: 204933 priority: 0
  taskPos: 7 taskId: 465 ETC: 221073 priority: 0
  taskPos: 8 taskId: 390 ETC: 96953.5 priority: 0
  taskPos: 9 taskId: 416 ETC: 69697.2 priority: 0
  taskPos: 10 taskId: 778 ETC: 117841 priority: 0
  taskPos: 11 taskId: 476 ETC: 182897 priority: 0
  taskPos: 12 taskId: 226 ETC: 55261.3 priority: 0
  taskPos: 13 taskId: 743 ETC: 326996 priority: 0
  taskPos: 14 taskId: 606 ETC: 243272 priority: 0
  taskPos: 15 taskId: 278 ETC: 160773 priority: 0
> machineId: 13
  taskPos: 0 taskId: 31 ETC: 312692 priority: 0
  taskPos: 1 taskId: 142 ETC: 44358.9 priority: 0
  taskPos: 2 taskId: 961 ETC: 122119 priority: 0
  taskPos: 3 taskId: 945 ETC: 70354.1 priority: 0
  taskPos: 4 taskId: 150 ETC: 117016 priority: 0
  taskPos: 5 taskId: 281 ETC: 332069 priority: 0
  taskPos: 6 taskId: 47 ETC: 85138.8 priority: 0
  taskPos: 7 taskId: 301 ETC: 103993 priority: 0
  taskPos: 8 taskId: 882 ETC: 185261 priority: 0
  taskPos: 9 taskId: 802 ETC: 208721 priority: 0
  taskPos: 10 taskId: 612 ETC: 151922 priority: 0
  taskPos: 11 taskId: 759 ETC: 278440 priority: 0
  taskPos: 12 taskId: 110 ETC: 124583 priority: 0
> machineId: 14
  taskPos: 0 taskId: 21 ETC: 24405.1 priority: 0
  taskPos: 1 taskId: 994 ETC: 27410.6 priority: 0
  taskPos: 2 taskId: 297 ETC: 77862.3 priority: 0
  taskPos: 3 taskId: 811 ETC: 50989.2 priority: 0
  taskPos: 4 taskId: 623 ETC: 73375.4 priority: 0
  taskPos: 5 taskId: 485 ETC: 178622 priority: 0
  taskPos: 6 taskId: 99 ETC: 93580.3 priority: 0
  taskPos: 7 taskId: 675 ETC: 140093 priority: 0
  taskPos: 8 taskId: 117 ETC: 299072 priority: 0
  taskPos: 9 taskId: 306 ETC: 245499 priority: 0
  taskPos: 10 taskId: 786 ETC: 201671 priority: 0
  taskPos: 11 taskId: 531 ETC: 360753 priority: 0
  taskPos: 12 taskId: 663 ETC: 218222 priority: 0
  taskPos: 13 taskId: 155 ETC: 118010 priority: 0
> machineId: 15
  taskPos: 0 taskId: 2 ETC: 116562 priority: 0
  taskPos: 1 taskId: 855 ETC: 39925.6 priority: 0
  taskPos: 2 taskId: 135 ETC: 83293.5 priority: 0
  taskPos: 3 taskId: 714 ETC: 140899 priority: 0
  taskPos: 4 taskId: 721 ETC: 86655.7 priority: 0
  taskPos: 5 taskId: 404 ETC: 206487 priority: 0
  taskPos: 6 taskId: 478 ETC: 336636 priority: 0
  taskPos: 7 taskId: 469 ETC: 223155 priority: 0
  taskPos: 8 taskId: 909 ETC: 252741 priority: 0
  taskPos: 9 taskId: 758 ETC: 68757.9 priority: 0
  taskPos: 10 taskId: 566 ETC: 106495 priority: 0
  taskPos: 11 taskId: 520 ETC: 431388 priority: 0
> machineId: 16
  taskPos: 0 taskId: 418 ETC: 115343 priority: 0
  taskPos: 1 taskId: 912 ETC: 52432.1 priority: 0
  taskPos: 2 taskId: 943 ETC: 87066.1 priority: 0
  taskPos: 3 taskId: 918 ETC: 108726 priority: 0
  taskPos: 4 taskId: 769 ETC: 94198 priority: 0
  taskPos: 5 taskId: 252 ETC: 139852 priority: 0
  taskPos: 6 taskId: 58 ETC: 197252 priority: 0
  taskPos: 7 taskId: 337 ETC: 459599 priority: 0
  taskPos: 8 taskId: 309 ETC: 250190 priority: 0
  taskPos: 9 taskId: 111 ETC: 290397 priority: 0
  taskPos: 10 taskId: 97 ETC: 337092 priority: 0
> machineId: 17
  taskPos: 0 taskId: 539 ETC: 55792.5 priority: 0
  taskPos: 1 taskId: 414 ETC: 95035.9 priority: 0
  taskPos: 2 taskId: 958 ETC: 25356.2 priority: 0
  taskPos: 3 taskId: 897 ETC: 272527 priority: 0
  taskPos: 4 taskId: 505 ETC: 111658 priority: 0
  taskPos: 5 taskId: 0 ETC: 196642 priority: 0
  taskPos: 6 taskId: 401 ETC: 157786 priority: 0
  taskPos: 7 taskId: 13 ETC: 420291 priority: 0
  taskPos: 8 taskId: 145 ETC: 325204 priority: 0
  taskPos: 9 taskId: 23 ETC: 227734 priority: 0
> machineId: 18
  taskPos: 0 taskId: 107 ETC: 130342 priority: 0
  taskPos: 1 taskId: 261 ETC: 213697 priority: 0
  taskPos: 2 taskId: 898 ETC: 183482 priority: 0
  taskPos: 3 taskId: 313 ETC: 256669 priority: 0
  taskPos: 4 taskId: 800 ETC: 316797 priority: 0
  taskPos: 5 taskId: 890 ETC: 427113 priority: 0
  taskPos: 6 taskId: 525 ETC: 410146 priority: 0
  taskPos: 7 taskId: 397 ETC: 75180.7 priority: 0
  taskPos: 8 taskId: 241 ETC: 133732 priority: 0
> machineId: 19
  taskPos: 0 taskId: 283 ETC: 317142 priority: 0
  taskPos: 1 taskId: 640 ETC: 141140 priority: 0
  taskPos: 2 taskId: 763 ETC: 195568 priority: 0
  taskPos: 3 taskId: 169 ETC: 105388 priority: 0
  taskPos: 4 taskId: 326 ETC: 235980 priority: 0
  taskPos: 5 taskId: 41 ETC: 25070 priority: 0
  taskPos: 6 taskId: 789 ETC: 279933 priority: 0
  taskPos: 7 taskId: 817 ETC: 14958.4 priority: 0
  taskPos: 8 taskId: 355 ETC: 346138 priority: 0
  taskPos: 9 taskId: 853 ETC: 492716 priority: 0
> machineId: 20
  taskPos: 0 taskId: 587 ETC: 266181 priority: 0
  taskPos: 1 taskId: 953 ETC: 93185.2 priority: 0
  taskPos: 2 taskId: 85 ETC: 122725 priority: 0
  taskPos: 3 taskId: 607 ETC: 78809.7 priority: 0
  taskPos: 4 taskId: 170 ETC: 185218 priority: 0
  taskPos: 5 taskId: 438 ETC: 40328.1 priority: 0
  taskPos: 6 taskId: 997 ETC: 426092 priority: 0
  taskPos: 7 taskId: 679 ETC: 174097 priority: 0
  taskPos: 8 taskId: 134 ETC: 326890 priority: 0
  taskPos: 9 taskId: 288 ETC: 207757 priority: 0
> machineId: 21
  taskPos: 0 taskId: 430 ETC: 318442 priority: 0
  taskPos: 1 taskId: 844 ETC: 308557 priority: 0
  taskPos: 2 taskId: 227 ETC: 202845 priority: 0
  taskPos: 3 taskId: 561 ETC: 141125 priority: 0
  taskPos: 4 taskId: 927 ETC: 366181 priority: 0
  taskPos: 5 taskId: 354 ETC: 93445.9 priority: 0
  taskPos: 6 taskId: 324 ETC: 99609.7 priority: 0
  taskPos: 7 taskId: 298 ETC: 571976 priority: 0
> machineId: 22
  taskPos: 0 taskId: 118 ETC: 415609 priority: 0
  taskPos: 1 taskId: 92 ETC: 74823.6 priority: 0
  taskPos: 2 taskId: 461 ETC: 607995 priority: 0
  taskPos: 3 taskId: 605 ETC: 118777 priority: 0
  taskPos: 4 taskId: 693 ETC: 213908 priority: 0
  taskPos: 5 taskId: 33 ETC: 106792 priority: 0
  taskPos: 6 taskId: 157 ETC: 265910 priority: 0
  taskPos: 7 taskId: 63 ETC: 341342 priority: 0
> machineId: 23
  taskPos: 0 taskId: 26 ETC: 407086 priority: 0
  taskPos: 1 taskId: 307 ETC: 376785 priority: 0
  taskPos: 2 taskId: 208 ETC: 162007 priority: 0
  taskPos: 3 taskId: 471 ETC: 500501 priority: 0
  taskPos: 4 taskId: 5 ETC: 178458 priority: 0
  taskPos: 5 taskId: 499 ETC: 293074 priority: 0
  taskPos: 6 taskId: 454 ETC: 233555 priority: 0
> machineId: 24
  taskPos: 0 taskId: 553 ETC: 240321 priority: 0
  taskPos: 1 taskId: 104 ETC: 651538 priority: 0
  taskPos: 2 taskId: 32 ETC: 285168 priority: 0
  taskPos: 3 taskId: 102 ETC: 364723 priority: 0
  taskPos: 4 taskId: 686 ETC: 140313 priority: 0
  taskPos: 5 taskId: 167 ETC: 271106 priority: 0
  taskPos: 6 taskId: 894 ETC: 170410 priority: 0
> machineId: 25
  taskPos: 0 taskId: 61 ETC: 391185 priority: 0
  taskPos: 1 taskId: 777 ETC: 384312 priority: 0
  taskPos: 2 taskId: 429 ETC: 280582 priority: 0
  taskPos: 3 taskId: 632 ETC: 177972 priority: 0
  taskPos: 4 taskId: 629 ETC: 507627 priority: 0
  taskPos: 5 taskId: 621 ETC: 169762 priority: 0
  taskPos: 6 taskId: 335 ETC: 50895.8 priority: 0
> machineId: 26
  taskPos: 0 taskId: 267 ETC: 220700 priority: 0
  taskPos: 1 taskId: 540 ETC: 247378 priority: 0
  taskPos: 2 taskId: 24 ETC: 316715 priority: 0
  taskPos: 3 taskId: 441 ETC: 33407.4 priority: 0
  taskPos: 4 taskId: 174 ETC: 310618 priority: 0
  taskPos: 5 taskId: 138 ETC: 615325 priority: 0
  taskPos: 6 taskId: 989 ETC: 404604 priority: 0
> machineId: 27
  taskPos: 0 taskId: 219 ETC: 274098 priority: 0
  taskPos: 1 taskId: 808 ETC: 316255 priority: 0
  taskPos: 2 taskId: 343 ETC: 182206 priority: 0
  taskPos: 3 taskId: 941 ETC: 652927 priority: 0
  taskPos: 4 taskId: 91 ETC: 411087 priority: 0
> machineId: 28
  taskPos: 0 taskId: 120 ETC: 311333 priority: 0
  taskPos: 1 taskId: 271 ETC: 218792 priority: 0
  taskPos: 2 taskId: 314 ETC: 429941 priority: 0
  taskPos: 3 taskId: 243 ETC: 387635 priority: 0
  taskPos: 4 taskId: 445 ETC: 289627 priority: 0
  taskPos: 5 taskId: 735 ETC: 498953 priority: 0
> machineId: 29
  taskPos: 0 taskId: 435 ETC: 150096 priority: 0
  taskPos: 1 taskId: 595 ETC: 532640 priority: 0
  taskPos: 2 taskId: 779 ETC: 261455 priority: 0
  taskPos: 3 taskId: 237 ETC: 234788 priority: 0
  taskPos: 4 taskId: 232 ETC: 390694 priority: 0
  taskPos: 5 taskId: 108 ETC: 32851.8 priority: 0
  taskPos: 6 taskId: 199 ETC: 296685 priority: 0
> machineId: 30
  taskPos: 0 taskId: 96 ETC: 509704 priority: 0
  taskPos: 1 taskId: 660 ETC: 47604.6 priority: 0
  taskPos: 2 taskId: 340 ETC: 304671 priority: 0
  taskPos: 3 taskId: 292 ETC: 654025 priority: 0
  taskPos: 4 taskId: 211 ETC: 425353 priority: 0
> machineId: 31
  taskPos: 0 taskId: 20 ETC: 370826 priority: 0
  taskPos: 1 taskId: 316 ETC: 850499 priority: 0
  taskPos: 2 taskId: 112 ETC: 26526.3 priority: 0
  taskPos: 3 taskId: 18 ETC: 502385 priority: 0
  taskPos: 4 taskId: 980 ETC: 373217 priority: 0



 :( ---------------------- THE END --------------- :) 