[H[2J[INFO] TaskCount: 1024
[INFO] MachineCount: 32

[DEBUG] Inicialización MIN-MIN

Min-Min fitness: 664.71

[DEBUG] Inicialización Sufferage

Sufferage fitness: 551.71

[DEBUG] Inicialización random

[DEBUG] Inicialización random

[DEBUG] Inicialización random

[DEBUG] Inicialización MCT

MCT fitness: 794.97

[DEBUG] Inicialización random

[DEBUG] Inicialización random

[DEBUG] Inicialización random

[DEBUG] Inicialización random

[DEBUG] Inicialización MCT

MCT fitness: 798.57

[DEBUG] Inicialización random

[DEBUG] Inicialización random

[DEBUG] Inicialización random

[DEBUG] Inicialización random

 Current State ---------------------------------------------

Current trial: 1
Current iteration: 1500
Current evaluations: 22695
Current best cost: 543.87
Current worst cost: 543.87
Current Average cost: 543.87
Current Standard Deviation: 0

Trial: 
Best cost trial: 543.87
Worst cost trial: 16633.6
Iteration best found in trial: 1309
Time best found trial: 2.16724e+07
Time spent in trial: 2.52628e+07

Global: 
Global best cost: 543.87
Global worst cost: 16633.6
Trial best found: 1
Iteration best found: 1309
Time best found: 2.16724e+07

Current time spent (so far): 2.52628e+07
Solution
> machineId: 0
  taskPos: 0 taskId: 436 ETC: 74.56 priority: 0
  taskPos: 1 taskId: 152 ETC: 8.01 priority: 0
  taskPos: 2 taskId: 34 ETC: 22.56 priority: 0
  taskPos: 3 taskId: 296 ETC: 29.93 priority: 0
  taskPos: 4 taskId: 332 ETC: 11.78 priority: 0
  taskPos: 5 taskId: 788 ETC: 32.07 priority: 0
  taskPos: 6 taskId: 610 ETC: 26.67 priority: 0
  taskPos: 7 taskId: 400 ETC: 71.65 priority: 0
  taskPos: 8 taskId: 776 ETC: 0.75 priority: 0
  taskPos: 9 taskId: 360 ETC: 12.66 priority: 0
  taskPos: 10 taskId: 377 ETC: 18 priority: 0
  taskPos: 11 taskId: 341 ETC: 3.12 priority: 0
  taskPos: 12 taskId: 625 ETC: 8.71 priority: 0
  taskPos: 13 taskId: 8 ETC: 8.22 priority: 0
  taskPos: 14 taskId: 822 ETC: 9.2 priority: 0
  taskPos: 15 taskId: 366 ETC: 10.18 priority: 0
  taskPos: 16 taskId: 378 ETC: 14.62 priority: 0
  taskPos: 17 taskId: 590 ETC: 3.76 priority: 0
  taskPos: 18 taskId: 791 ETC: 27.94 priority: 0
  taskPos: 19 taskId: 297 ETC: 0.64 priority: 0
  taskPos: 20 taskId: 506 ETC: 1.27 priority: 0
  taskPos: 21 taskId: 998 ETC: 17.24 priority: 0
  taskPos: 22 taskId: 450 ETC: 35.65 priority: 0
  taskPos: 23 taskId: 674 ETC: 14.53 priority: 0
  taskPos: 24 taskId: 146 ETC: 3.18 priority: 0
  taskPos: 25 taskId: 589 ETC: 2.94 priority: 0
  taskPos: 26 taskId: 802 ETC: 0.02 priority: 0
  taskPos: 27 taskId: 551 ETC: 4.25 priority: 0
  taskPos: 28 taskId: 234 ETC: 11.24 priority: 0
  taskPos: 29 taskId: 578 ETC: 1.45 priority: 0
  taskPos: 30 taskId: 277 ETC: 0.57 priority: 0
  taskPos: 31 taskId: 72 ETC: 5.35 priority: 0
  taskPos: 32 taskId: 488 ETC: 6.44 priority: 0
  taskPos: 33 taskId: 856 ETC: 8.64 priority: 0
  taskPos: 34 taskId: 906 ETC: 3.72 priority: 0
> machineId: 1
  taskPos: 0 taskId: 596 ETC: 19.6 priority: 0
  taskPos: 1 taskId: 273 ETC: 11.54 priority: 0
  taskPos: 2 taskId: 783 ETC: 39.96 priority: 0
  taskPos: 3 taskId: 283 ETC: 83.61 priority: 0
  taskPos: 4 taskId: 503 ETC: 155.42 priority: 0
  taskPos: 5 taskId: 979 ETC: 25.15 priority: 0
  taskPos: 6 taskId: 188 ETC: 5.11 priority: 0
  taskPos: 7 taskId: 127 ETC: 29.17 priority: 0
  taskPos: 8 taskId: 111 ETC: 2.01 priority: 0
  taskPos: 9 taskId: 201 ETC: 13.79 priority: 0
  taskPos: 10 taskId: 668 ETC: 18.04 priority: 0
  taskPos: 11 taskId: 658 ETC: 4.23 priority: 0
  taskPos: 12 taskId: 736 ETC: 8.67 priority: 0
  taskPos: 13 taskId: 901 ETC: 1.04 priority: 0
  taskPos: 14 taskId: 148 ETC: 74.79 priority: 0
  taskPos: 15 taskId: 753 ETC: 1.54 priority: 0
  taskPos: 16 taskId: 321 ETC: 0.05 priority: 0
  taskPos: 17 taskId: 549 ETC: 12.1 priority: 0
  taskPos: 18 taskId: 468 ETC: 11.92 priority: 0
  taskPos: 19 taskId: 896 ETC: 7.02 priority: 0
  taskPos: 20 taskId: 396 ETC: 0.92 priority: 0
  taskPos: 21 taskId: 355 ETC: 7.11 priority: 0
  taskPos: 22 taskId: 460 ETC: 0.26 priority: 0
  taskPos: 23 taskId: 93 ETC: 0.56 priority: 0
> machineId: 2
  taskPos: 0 taskId: 62 ETC: 8.2 priority: 0
  taskPos: 1 taskId: 927 ETC: 9.33 priority: 0
  taskPos: 2 taskId: 1018 ETC: 30.04 priority: 0
  taskPos: 3 taskId: 331 ETC: 12.84 priority: 0
  taskPos: 4 taskId: 587 ETC: 21.7 priority: 0
  taskPos: 5 taskId: 407 ETC: 13.63 priority: 0
  taskPos: 6 taskId: 435 ETC: 53.3 priority: 0
  taskPos: 7 taskId: 940 ETC: 3.52 priority: 0
  taskPos: 8 taskId: 288 ETC: 15.94 priority: 0
  taskPos: 9 taskId: 873 ETC: 12.39 priority: 0
  taskPos: 10 taskId: 91 ETC: 17.09 priority: 0
  taskPos: 11 taskId: 588 ETC: 0.27 priority: 0
  taskPos: 12 taskId: 853 ETC: 8.74 priority: 0
  taskPos: 13 taskId: 567 ETC: 44.88 priority: 0
  taskPos: 14 taskId: 900 ETC: 29.3 priority: 0
  taskPos: 15 taskId: 190 ETC: 22.33 priority: 0
  taskPos: 16 taskId: 107 ETC: 3.55 priority: 0
  taskPos: 17 taskId: 502 ETC: 10.7 priority: 0
  taskPos: 18 taskId: 443 ETC: 59.62 priority: 0
  taskPos: 19 taskId: 147 ETC: 9.61 priority: 0
  taskPos: 20 taskId: 501 ETC: 5.4 priority: 0
  taskPos: 21 taskId: 622 ETC: 0.64 priority: 0
  taskPos: 22 taskId: 878 ETC: 13.07 priority: 0
  taskPos: 23 taskId: 850 ETC: 42.13 priority: 0
  taskPos: 24 taskId: 870 ETC: 38.4 priority: 0
  taskPos: 25 taskId: 478 ETC: 6.62 priority: 0
  taskPos: 26 taskId: 818 ETC: 0.69 priority: 0
  taskPos: 27 taskId: 420 ETC: 7.15 priority: 0
  taskPos: 28 taskId: 30 ETC: 16.16 priority: 0
  taskPos: 29 taskId: 193 ETC: 0.36 priority: 0
  taskPos: 30 taskId: 922 ETC: 0.73 priority: 0
  taskPos: 31 taskId: 247 ETC: 0.7 priority: 0
  taskPos: 32 taskId: 56 ETC: 4.48 priority: 0
  taskPos: 33 taskId: 179 ETC: 2.15 priority: 0
> machineId: 3
  taskPos: 0 taskId: 963 ETC: 31.87 priority: 0
  taskPos: 1 taskId: 266 ETC: 32.66 priority: 0
  taskPos: 2 taskId: 839 ETC: 43.35 priority: 0
  taskPos: 3 taskId: 694 ETC: 3.76 priority: 0
  taskPos: 4 taskId: 344 ETC: 8.42 priority: 0
  taskPos: 5 taskId: 365 ETC: 40.46 priority: 0
  taskPos: 6 taskId: 660 ETC: 8.23 priority: 0
  taskPos: 7 taskId: 739 ETC: 3.42 priority: 0
  taskPos: 8 taskId: 805 ETC: 53.4 priority: 0
  taskPos: 9 taskId: 932 ETC: 3.59 priority: 0
  taskPos: 10 taskId: 55 ETC: 3.35 priority: 0
  taskPos: 11 taskId: 129 ETC: 2.29 priority: 0
  taskPos: 12 taskId: 92 ETC: 3.07 priority: 0
  taskPos: 13 taskId: 526 ETC: 1.11 priority: 0
  taskPos: 14 taskId: 758 ETC: 11.48 priority: 0
  taskPos: 15 taskId: 807 ETC: 14.22 priority: 0
  taskPos: 16 taskId: 746 ETC: 16.87 priority: 0
  taskPos: 17 taskId: 633 ETC: 16.85 priority: 0
  taskPos: 18 taskId: 286 ETC: 12.83 priority: 0
  taskPos: 19 taskId: 298 ETC: 22.54 priority: 0
  taskPos: 20 taskId: 639 ETC: 10.45 priority: 0
  taskPos: 21 taskId: 379 ETC: 4.21 priority: 0
  taskPos: 22 taskId: 672 ETC: 12.77 priority: 0
  taskPos: 23 taskId: 428 ETC: 0.4 priority: 0
  taskPos: 24 taskId: 441 ETC: 14.9 priority: 0
  taskPos: 25 taskId: 1009 ETC: 11.45 priority: 0
  taskPos: 26 taskId: 342 ETC: 2.47 priority: 0
  taskPos: 27 taskId: 199 ETC: 14.83 priority: 0
  taskPos: 28 taskId: 462 ETC: 7.52 priority: 0
  taskPos: 29 taskId: 787 ETC: 1.48 priority: 0
  taskPos: 30 taskId: 784 ETC: 1.19 priority: 0
  taskPos: 31 taskId: 851 ETC: 1.17 priority: 0
  taskPos: 32 taskId: 264 ETC: 0.62 priority: 0
  taskPos: 33 taskId: 831 ETC: 0.66 priority: 0
  taskPos: 34 taskId: 547 ETC: 102.42 priority: 0
  taskPos: 35 taskId: 1006 ETC: 0.51 priority: 0
  taskPos: 36 taskId: 491 ETC: 0.47 priority: 0
  taskPos: 37 taskId: 1004 ETC: 0.09 priority: 0
  taskPos: 38 taskId: 158 ETC: 9.76 priority: 0
> machineId: 4
  taskPos: 0 taskId: 687 ETC: 2.46 priority: 0
  taskPos: 1 taskId: 318 ETC: 56.51 priority: 0
  taskPos: 2 taskId: 946 ETC: 28.26 priority: 0
  taskPos: 3 taskId: 109 ETC: 15.05 priority: 0
  taskPos: 4 taskId: 577 ETC: 3.85 priority: 0
  taskPos: 5 taskId: 579 ETC: 121.66 priority: 0
  taskPos: 6 taskId: 876 ETC: 62.33 priority: 0
  taskPos: 7 taskId: 336 ETC: 15.02 priority: 0
  taskPos: 8 taskId: 835 ETC: 20.35 priority: 0
  taskPos: 9 taskId: 253 ETC: 6.38 priority: 0
  taskPos: 10 taskId: 249 ETC: 0.24 priority: 0
  taskPos: 11 taskId: 1021 ETC: 3.87 priority: 0
  taskPos: 12 taskId: 251 ETC: 6.22 priority: 0
  taskPos: 13 taskId: 290 ETC: 10.72 priority: 0
  taskPos: 14 taskId: 449 ETC: 1.77 priority: 0
  taskPos: 15 taskId: 86 ETC: 2.99 priority: 0
  taskPos: 16 taskId: 453 ETC: 1.91 priority: 0
  taskPos: 17 taskId: 584 ETC: 16.38 priority: 0
  taskPos: 18 taskId: 113 ETC: 6.91 priority: 0
  taskPos: 19 taskId: 145 ETC: 8.57 priority: 0
  taskPos: 20 taskId: 263 ETC: 7.76 priority: 0
  taskPos: 21 taskId: 267 ETC: 36.2 priority: 0
  taskPos: 22 taskId: 593 ETC: 5.08 priority: 0
  taskPos: 23 taskId: 1007 ETC: 12.95 priority: 0
  taskPos: 24 taskId: 350 ETC: 2.36 priority: 0
  taskPos: 25 taskId: 571 ETC: 47.77 priority: 0
  taskPos: 26 taskId: 884 ETC: 3.39 priority: 0
  taskPos: 27 taskId: 604 ETC: 13.35 priority: 0
  taskPos: 28 taskId: 180 ETC: 1.89 priority: 0
  taskPos: 29 taskId: 390 ETC: 0.66 priority: 0
  taskPos: 30 taskId: 999 ETC: 2.26 priority: 0
  taskPos: 31 taskId: 865 ETC: 0.09 priority: 0
  taskPos: 32 taskId: 641 ETC: 0.43 priority: 0
  taskPos: 33 taskId: 60 ETC: 1.34 priority: 0
  taskPos: 34 taskId: 661 ETC: 0.02 priority: 0
> machineId: 5
  taskPos: 0 taskId: 514 ETC: 16.26 priority: 0
  taskPos: 1 taskId: 768 ETC: 1.59 priority: 0
  taskPos: 2 taskId: 1012 ETC: 7.8 priority: 0
  taskPos: 3 taskId: 410 ETC: 119.41 priority: 0
  taskPos: 4 taskId: 391 ETC: 16.17 priority: 0
  taskPos: 5 taskId: 852 ETC: 2.44 priority: 0
  taskPos: 6 taskId: 235 ETC: 28.71 priority: 0
  taskPos: 7 taskId: 393 ETC: 32.88 priority: 0
  taskPos: 8 taskId: 591 ETC: 6.29 priority: 0
  taskPos: 9 taskId: 202 ETC: 67.88 priority: 0
  taskPos: 10 taskId: 309 ETC: 3.35 priority: 0
  taskPos: 11 taskId: 871 ETC: 7.31 priority: 0
  taskPos: 12 taskId: 210 ETC: 2.73 priority: 0
  taskPos: 13 taskId: 198 ETC: 28.3 priority: 0
  taskPos: 14 taskId: 57 ETC: 3.41 priority: 0
  taskPos: 15 taskId: 582 ETC: 7.4 priority: 0
  taskPos: 16 taskId: 563 ETC: 6.24 priority: 0
  taskPos: 17 taskId: 955 ETC: 12.9 priority: 0
  taskPos: 18 taskId: 431 ETC: 12.44 priority: 0
  taskPos: 19 taskId: 636 ETC: 4.8 priority: 0
  taskPos: 20 taskId: 569 ETC: 32.82 priority: 0
  taskPos: 21 taskId: 151 ETC: 11.2 priority: 0
  taskPos: 22 taskId: 208 ETC: 8.42 priority: 0
  taskPos: 23 taskId: 715 ETC: 18.28 priority: 0
  taskPos: 24 taskId: 205 ETC: 5.7 priority: 0
  taskPos: 25 taskId: 313 ETC: 8.39 priority: 0
  taskPos: 26 taskId: 868 ETC: 12.34 priority: 0
  taskPos: 27 taskId: 957 ETC: 5.95 priority: 0
  taskPos: 28 taskId: 1014 ETC: 5.14 priority: 0
  taskPos: 29 taskId: 224 ETC: 6.4 priority: 0
  taskPos: 30 taskId: 3 ETC: 5.09 priority: 0
  taskPos: 31 taskId: 214 ETC: 12.02 priority: 0
  taskPos: 32 taskId: 645 ETC: 1.65 priority: 0
  taskPos: 33 taskId: 430 ETC: 1.06 priority: 0
  taskPos: 34 taskId: 534 ETC: 15.31 priority: 0
  taskPos: 35 taskId: 969 ETC: 1.39 priority: 0
> machineId: 6
  taskPos: 0 taskId: 320 ETC: 12.54 priority: 0
  taskPos: 1 taskId: 83 ETC: 11.23 priority: 0
  taskPos: 2 taskId: 122 ETC: 6.1 priority: 0
  taskPos: 3 taskId: 85 ETC: 0.16 priority: 0
  taskPos: 4 taskId: 183 ETC: 25.54 priority: 0
  taskPos: 5 taskId: 262 ETC: 20.82 priority: 0
  taskPos: 6 taskId: 545 ETC: 76.77 priority: 0
  taskPos: 7 taskId: 520 ETC: 11.2 priority: 0
  taskPos: 8 taskId: 854 ETC: 34.65 priority: 0
  taskPos: 9 taskId: 223 ETC: 1.54 priority: 0
  taskPos: 10 taskId: 741 ETC: 25.52 priority: 0
  taskPos: 11 taskId: 993 ETC: 2.78 priority: 0
  taskPos: 12 taskId: 781 ETC: 75.52 priority: 0
  taskPos: 13 taskId: 487 ETC: 48.14 priority: 0
  taskPos: 14 taskId: 718 ETC: 35.77 priority: 0
  taskPos: 15 taskId: 673 ETC: 14.82 priority: 0
  taskPos: 16 taskId: 707 ETC: 8.65 priority: 0
  taskPos: 17 taskId: 17 ETC: 4.29 priority: 0
  taskPos: 18 taskId: 755 ETC: 1.97 priority: 0
  taskPos: 19 taskId: 10 ETC: 9.84 priority: 0
  taskPos: 20 taskId: 359 ETC: 28.78 priority: 0
  taskPos: 21 taskId: 337 ETC: 0.7 priority: 0
  taskPos: 22 taskId: 601 ETC: 2.28 priority: 0
  taskPos: 23 taskId: 738 ETC: 42.27 priority: 0
  taskPos: 24 taskId: 21 ETC: 2.69 priority: 0
  taskPos: 25 taskId: 837 ETC: 1.77 priority: 0
  taskPos: 26 taskId: 553 ETC: 5.16 priority: 0
  taskPos: 27 taskId: 149 ETC: 1.59 priority: 0
  taskPos: 28 taskId: 358 ETC: 5.08 priority: 0
  taskPos: 29 taskId: 105 ETC: 3.61 priority: 0
  taskPos: 30 taskId: 467 ETC: 3.65 priority: 0
  taskPos: 31 taskId: 417 ETC: 1.78 priority: 0
> machineId: 7
  taskPos: 0 taskId: 182 ETC: 66.53 priority: 0
  taskPos: 1 taskId: 634 ETC: 18.18 priority: 0
  taskPos: 2 taskId: 886 ETC: 29.2 priority: 0
  taskPos: 3 taskId: 50 ETC: 1.07 priority: 0
  taskPos: 4 taskId: 185 ETC: 13.73 priority: 0
  taskPos: 5 taskId: 339 ETC: 2.03 priority: 0
  taskPos: 6 taskId: 716 ETC: 29.31 priority: 0
  taskPos: 7 taskId: 988 ETC: 61.19 priority: 0
  taskPos: 8 taskId: 954 ETC: 32.75 priority: 0
  taskPos: 9 taskId: 489 ETC: 7.3 priority: 0
  taskPos: 10 taskId: 167 ETC: 4.68 priority: 0
  taskPos: 11 taskId: 327 ETC: 11.65 priority: 0
  taskPos: 12 taskId: 29 ETC: 2.98 priority: 0
  taskPos: 13 taskId: 279 ETC: 18.7 priority: 0
  taskPos: 14 taskId: 529 ETC: 108.51 priority: 0
  taskPos: 15 taskId: 116 ETC: 63.08 priority: 0
  taskPos: 16 taskId: 775 ETC: 19.39 priority: 0
  taskPos: 17 taskId: 614 ETC: 16.01 priority: 0
  taskPos: 18 taskId: 241 ETC: 6.88 priority: 0
  taskPos: 19 taskId: 750 ETC: 9.08 priority: 0
  taskPos: 20 taskId: 947 ETC: 21.62 priority: 0
> machineId: 8
  taskPos: 0 taskId: 827 ETC: 23.35 priority: 0
  taskPos: 1 taskId: 606 ETC: 15.33 priority: 0
  taskPos: 2 taskId: 936 ETC: 2.19 priority: 0
  taskPos: 3 taskId: 324 ETC: 0.49 priority: 0
  taskPos: 4 taskId: 258 ETC: 41.02 priority: 0
  taskPos: 5 taskId: 943 ETC: 2.98 priority: 0
  taskPos: 6 taskId: 156 ETC: 39.23 priority: 0
  taskPos: 7 taskId: 982 ETC: 12.69 priority: 0
  taskPos: 8 taskId: 727 ETC: 51.92 priority: 0
  taskPos: 9 taskId: 121 ETC: 22.83 priority: 0
  taskPos: 10 taskId: 620 ETC: 1.57 priority: 0
  taskPos: 11 taskId: 650 ETC: 19.01 priority: 0
  taskPos: 12 taskId: 523 ETC: 30.29 priority: 0
  taskPos: 13 taskId: 374 ETC: 43.43 priority: 0
  taskPos: 14 taskId: 541 ETC: 16.13 priority: 0
  taskPos: 15 taskId: 585 ETC: 28.67 priority: 0
  taskPos: 16 taskId: 918 ETC: 19.36 priority: 0
  taskPos: 17 taskId: 469 ETC: 12.56 priority: 0
  taskPos: 18 taskId: 592 ETC: 37.57 priority: 0
  taskPos: 19 taskId: 33 ETC: 8.85 priority: 0
  taskPos: 20 taskId: 959 ETC: 35.31 priority: 0
  taskPos: 21 taskId: 670 ETC: 3.02 priority: 0
  taskPos: 22 taskId: 731 ETC: 23.74 priority: 0
  taskPos: 23 taskId: 426 ETC: 8.44 priority: 0
  taskPos: 24 taskId: 880 ETC: 1.64 priority: 0
  taskPos: 25 taskId: 154 ETC: 6.2 priority: 0
  taskPos: 26 taskId: 47 ETC: 0.01 priority: 0
  taskPos: 27 taskId: 165 ETC: 13.96 priority: 0
  taskPos: 28 taskId: 217 ETC: 13.12 priority: 0
  taskPos: 29 taskId: 481 ETC: 5.59 priority: 0
> machineId: 9
  taskPos: 0 taskId: 1000 ETC: 19.68 priority: 0
  taskPos: 1 taskId: 722 ETC: 27.85 priority: 0
  taskPos: 2 taskId: 64 ETC: 30.1 priority: 0
  taskPos: 3 taskId: 774 ETC: 58.1 priority: 0
  taskPos: 4 taskId: 615 ETC: 35.9 priority: 0
  taskPos: 5 taskId: 916 ETC: 10.79 priority: 0
  taskPos: 6 taskId: 326 ETC: 20.04 priority: 0
  taskPos: 7 taskId: 948 ETC: 6.1 priority: 0
  taskPos: 8 taskId: 403 ETC: 0.83 priority: 0
  taskPos: 9 taskId: 15 ETC: 6.38 priority: 0
  taskPos: 10 taskId: 580 ETC: 30.98 priority: 0
  taskPos: 11 taskId: 816 ETC: 8.37 priority: 0
  taskPos: 12 taskId: 828 ETC: 12.56 priority: 0
  taskPos: 13 taskId: 992 ETC: 5.56 priority: 0
  taskPos: 14 taskId: 891 ETC: 0.37 priority: 0
  taskPos: 15 taskId: 100 ETC: 16.77 priority: 0
  taskPos: 16 taskId: 479 ETC: 14.36 priority: 0
  taskPos: 17 taskId: 373 ETC: 19.04 priority: 0
  taskPos: 18 taskId: 275 ETC: 1.73 priority: 0
  taskPos: 19 taskId: 713 ETC: 7.42 priority: 0
  taskPos: 20 taskId: 1022 ETC: 2.51 priority: 0
  taskPos: 21 taskId: 169 ETC: 6.23 priority: 0
  taskPos: 22 taskId: 519 ETC: 5.43 priority: 0
  taskPos: 23 taskId: 923 ETC: 27.41 priority: 0
  taskPos: 24 taskId: 608 ETC: 8.31 priority: 0
  taskPos: 25 taskId: 13 ETC: 3.63 priority: 0
  taskPos: 26 taskId: 607 ETC: 86.65 priority: 0
  taskPos: 27 taskId: 6 ETC: 11.66 priority: 0
  taskPos: 28 taskId: 535 ETC: 24.4 priority: 0
  taskPos: 29 taskId: 915 ETC: 6.3 priority: 0
  taskPos: 30 taskId: 222 ETC: 14.06 priority: 0
> machineId: 10
  taskPos: 0 taskId: 437 ETC: 3.65 priority: 0
  taskPos: 1 taskId: 603 ETC: 28.62 priority: 0
  taskPos: 2 taskId: 1001 ETC: 3.8 priority: 0
  taskPos: 3 taskId: 39 ETC: 9.53 priority: 0
  taskPos: 4 taskId: 780 ETC: 17.04 priority: 0
  taskPos: 5 taskId: 325 ETC: 14 priority: 0
  taskPos: 6 taskId: 830 ETC: 14.75 priority: 0
  taskPos: 7 taskId: 761 ETC: 0.7 priority: 0
  taskPos: 8 taskId: 368 ETC: 3.72 priority: 0
  taskPos: 9 taskId: 110 ETC: 0.3 priority: 0
  taskPos: 10 taskId: 314 ETC: 71.65 priority: 0
  taskPos: 11 taskId: 981 ETC: 1.33 priority: 0
  taskPos: 12 taskId: 160 ETC: 0.46 priority: 0
  taskPos: 13 taskId: 598 ETC: 27.43 priority: 0
  taskPos: 14 taskId: 461 ETC: 7.04 priority: 0
  taskPos: 15 taskId: 19 ETC: 21.53 priority: 0
  taskPos: 16 taskId: 94 ETC: 6.31 priority: 0
  taskPos: 17 taskId: 402 ETC: 0.55 priority: 0
  taskPos: 18 taskId: 112 ETC: 21.03 priority: 0
  taskPos: 19 taskId: 424 ETC: 24.99 priority: 0
  taskPos: 20 taskId: 538 ETC: 18.21 priority: 0
  taskPos: 21 taskId: 602 ETC: 1.85 priority: 0
  taskPos: 22 taskId: 427 ETC: 4.3 priority: 0
  taskPos: 23 taskId: 330 ETC: 12.27 priority: 0
  taskPos: 24 taskId: 485 ETC: 3.88 priority: 0
  taskPos: 25 taskId: 442 ETC: 12.8 priority: 0
  taskPos: 26 taskId: 836 ETC: 15.84 priority: 0
  taskPos: 27 taskId: 0 ETC: 0.62 priority: 0
  taskPos: 28 taskId: 280 ETC: 22.9 priority: 0
  taskPos: 29 taskId: 191 ETC: 12.12 priority: 0
  taskPos: 30 taskId: 717 ETC: 17.62 priority: 0
  taskPos: 31 taskId: 134 ETC: 0.61 priority: 0
  taskPos: 32 taskId: 114 ETC: 40.89 priority: 0
  taskPos: 33 taskId: 398 ETC: 25.25 priority: 0
  taskPos: 34 taskId: 90 ETC: 30.14 priority: 0
  taskPos: 35 taskId: 874 ETC: 25.92 priority: 0
  taskPos: 36 taskId: 352 ETC: 4.51 priority: 0
> machineId: 11
  taskPos: 0 taskId: 1010 ETC: 60.01 priority: 0
  taskPos: 1 taskId: 562 ETC: 22.98 priority: 0
  taskPos: 2 taskId: 163 ETC: 14.61 priority: 0
  taskPos: 3 taskId: 698 ETC: 18.48 priority: 0
  taskPos: 4 taskId: 80 ETC: 4.31 priority: 0
  taskPos: 5 taskId: 102 ETC: 9.14 priority: 0
  taskPos: 6 taskId: 552 ETC: 31.64 priority: 0
  taskPos: 7 taskId: 548 ETC: 4.61 priority: 0
  taskPos: 8 taskId: 307 ETC: 55.29 priority: 0
  taskPos: 9 taskId: 432 ETC: 7.5 priority: 0
  taskPos: 10 taskId: 766 ETC: 1.41 priority: 0
  taskPos: 11 taskId: 38 ETC: 55.26 priority: 0
  taskPos: 12 taskId: 511 ETC: 11.37 priority: 0
  taskPos: 13 taskId: 576 ETC: 12.41 priority: 0
  taskPos: 14 taskId: 745 ETC: 1.95 priority: 0
  taskPos: 15 taskId: 919 ETC: 9.83 priority: 0
  taskPos: 16 taskId: 695 ETC: 2.61 priority: 0
  taskPos: 17 taskId: 203 ETC: 7.33 priority: 0
  taskPos: 18 taskId: 966 ETC: 13.19 priority: 0
  taskPos: 19 taskId: 66 ETC: 3.29 priority: 0
  taskPos: 20 taskId: 570 ETC: 10.49 priority: 0
  taskPos: 21 taskId: 533 ETC: 57.5 priority: 0
  taskPos: 22 taskId: 451 ETC: 39.09 priority: 0
  taskPos: 23 taskId: 941 ETC: 1.07 priority: 0
  taskPos: 24 taskId: 255 ETC: 13.69 priority: 0
  taskPos: 25 taskId: 131 ETC: 4.76 priority: 0
  taskPos: 26 taskId: 735 ETC: 3.51 priority: 0
  taskPos: 27 taskId: 31 ETC: 2.3 priority: 0
  taskPos: 28 taskId: 465 ETC: 39.37 priority: 0
  taskPos: 29 taskId: 917 ETC: 0.83 priority: 0
  taskPos: 30 taskId: 861 ETC: 1.09 priority: 0
  taskPos: 31 taskId: 809 ETC: 0.39 priority: 0
  taskPos: 32 taskId: 399 ETC: 2.08 priority: 0
> machineId: 12
  taskPos: 0 taskId: 892 ETC: 0.95 priority: 0
  taskPos: 1 taskId: 1017 ETC: 35.26 priority: 0
  taskPos: 2 taskId: 913 ETC: 36.54 priority: 0
  taskPos: 3 taskId: 386 ETC: 109.25 priority: 0
  taskPos: 4 taskId: 58 ETC: 9.83 priority: 0
  taskPos: 5 taskId: 759 ETC: 3.37 priority: 0
  taskPos: 6 taskId: 742 ETC: 13.1 priority: 0
  taskPos: 7 taskId: 621 ETC: 3.86 priority: 0
  taskPos: 8 taskId: 800 ETC: 4.15 priority: 0
  taskPos: 9 taskId: 187 ETC: 0.84 priority: 0
  taskPos: 10 taskId: 855 ETC: 2.94 priority: 0
  taskPos: 11 taskId: 975 ETC: 5.73 priority: 0
  taskPos: 12 taskId: 278 ETC: 4.29 priority: 0
  taskPos: 13 taskId: 310 ETC: 1.42 priority: 0
  taskPos: 14 taskId: 329 ETC: 15.39 priority: 0
  taskPos: 15 taskId: 473 ETC: 8.38 priority: 0
  taskPos: 16 taskId: 712 ETC: 20.26 priority: 0
  taskPos: 17 taskId: 25 ETC: 9.3 priority: 0
  taskPos: 18 taskId: 897 ETC: 81.08 priority: 0
  taskPos: 19 taskId: 348 ETC: 1.57 priority: 0
  taskPos: 20 taskId: 419 ETC: 23.32 priority: 0
  taskPos: 21 taskId: 902 ETC: 40.31 priority: 0
  taskPos: 22 taskId: 812 ETC: 3.32 priority: 0
  taskPos: 23 taskId: 444 ETC: 3.94 priority: 0
  taskPos: 24 taskId: 637 ETC: 1.2 priority: 0
  taskPos: 25 taskId: 699 ETC: 0.53 priority: 0
  taskPos: 26 taskId: 985 ETC: 2.11 priority: 0
  taskPos: 27 taskId: 890 ETC: 2.89 priority: 0
  taskPos: 28 taskId: 893 ETC: 51.49 priority: 0
  taskPos: 29 taskId: 276 ETC: 0.55 priority: 0
  taskPos: 30 taskId: 1005 ETC: 2.63 priority: 0
  taskPos: 31 taskId: 914 ETC: 20.68 priority: 0
  taskPos: 32 taskId: 248 ETC: 0.06 priority: 0
  taskPos: 33 taskId: 142 ETC: 21.07 priority: 0
  taskPos: 34 taskId: 869 ETC: 0.2 priority: 0
  taskPos: 35 taskId: 671 ETC: 0.73 priority: 0
> machineId: 13
  taskPos: 0 taskId: 862 ETC: 17.52 priority: 0
  taskPos: 1 taskId: 439 ETC: 7.41 priority: 0
  taskPos: 2 taskId: 929 ETC: 1.41 priority: 0
  taskPos: 3 taskId: 63 ETC: 17.53 priority: 0
  taskPos: 4 taskId: 385 ETC: 4.58 priority: 0
  taskPos: 5 taskId: 652 ETC: 107.39 priority: 0
  taskPos: 6 taskId: 383 ETC: 9.88 priority: 0
  taskPos: 7 taskId: 22 ETC: 6.83 priority: 0
  taskPos: 8 taskId: 557 ETC: 7.31 priority: 0
  taskPos: 9 taskId: 177 ETC: 7.9 priority: 0
  taskPos: 10 taskId: 245 ETC: 13.52 priority: 0
  taskPos: 11 taskId: 786 ETC: 2.95 priority: 0
  taskPos: 12 taskId: 824 ETC: 37.46 priority: 0
  taskPos: 13 taskId: 960 ETC: 15.16 priority: 0
  taskPos: 14 taskId: 477 ETC: 11 priority: 0
  taskPos: 15 taskId: 144 ETC: 48.91 priority: 0
  taskPos: 16 taskId: 990 ETC: 10.32 priority: 0
  taskPos: 17 taskId: 644 ETC: 53.38 priority: 0
  taskPos: 18 taskId: 752 ETC: 0.05 priority: 0
  taskPos: 19 taskId: 425 ETC: 0.13 priority: 0
  taskPos: 20 taskId: 1015 ETC: 7.24 priority: 0
  taskPos: 21 taskId: 821 ETC: 5.17 priority: 0
  taskPos: 22 taskId: 611 ETC: 3.25 priority: 0
  taskPos: 23 taskId: 554 ETC: 29.07 priority: 0
  taskPos: 24 taskId: 445 ETC: 2.93 priority: 0
  taskPos: 25 taskId: 679 ETC: 5.8 priority: 0
  taskPos: 26 taskId: 583 ETC: 36.46 priority: 0
  taskPos: 27 taskId: 711 ETC: 4.15 priority: 0
  taskPos: 28 taskId: 4 ETC: 12.39 priority: 0
  taskPos: 29 taskId: 844 ETC: 17.62 priority: 0
  taskPos: 30 taskId: 928 ETC: 6.69 priority: 0
  taskPos: 31 taskId: 12 ETC: 6.73 priority: 0
  taskPos: 32 taskId: 364 ETC: 0.83 priority: 0
  taskPos: 33 taskId: 619 ETC: 14.11 priority: 0
  taskPos: 34 taskId: 259 ETC: 8.32 priority: 0
> machineId: 14
  taskPos: 0 taskId: 505 ETC: 3.76 priority: 0
  taskPos: 1 taskId: 962 ETC: 1.31 priority: 0
  taskPos: 2 taskId: 973 ETC: 0.9 priority: 0
  taskPos: 3 taskId: 61 ETC: 18.07 priority: 0
  taskPos: 4 taskId: 737 ETC: 13.23 priority: 0
  taskPos: 5 taskId: 757 ETC: 9 priority: 0
  taskPos: 6 taskId: 810 ETC: 18.86 priority: 0
  taskPos: 7 taskId: 43 ETC: 23.39 priority: 0
  taskPos: 8 taskId: 976 ETC: 5.8 priority: 0
  taskPos: 9 taskId: 989 ETC: 2.39 priority: 0
  taskPos: 10 taskId: 480 ETC: 17.65 priority: 0
  taskPos: 11 taskId: 345 ETC: 2.41 priority: 0
  taskPos: 12 taskId: 688 ETC: 120.8 priority: 0
  taskPos: 13 taskId: 71 ETC: 63.92 priority: 0
  taskPos: 14 taskId: 703 ETC: 6.15 priority: 0
  taskPos: 15 taskId: 1019 ETC: 25.17 priority: 0
  taskPos: 16 taskId: 274 ETC: 19.85 priority: 0
  taskPos: 17 taskId: 702 ETC: 18.39 priority: 0
  taskPos: 18 taskId: 991 ETC: 5.63 priority: 0
  taskPos: 19 taskId: 270 ETC: 14.55 priority: 0
  taskPos: 20 taskId: 413 ETC: 11.05 priority: 0
  taskPos: 21 taskId: 782 ETC: 23.49 priority: 0
  taskPos: 22 taskId: 333 ETC: 0.28 priority: 0
  taskPos: 23 taskId: 701 ETC: 7.04 priority: 0
  taskPos: 24 taskId: 415 ETC: 2.79 priority: 0
  taskPos: 25 taskId: 84 ETC: 1.58 priority: 0
  taskPos: 26 taskId: 457 ETC: 1.08 priority: 0
  taskPos: 27 taskId: 942 ETC: 29.97 priority: 0
  taskPos: 28 taskId: 168 ETC: 7.27 priority: 0
  taskPos: 29 taskId: 106 ETC: 6.03 priority: 0
  taskPos: 30 taskId: 653 ETC: 7.21 priority: 0
  taskPos: 31 taskId: 740 ETC: 2.21 priority: 0
  taskPos: 32 taskId: 406 ETC: 2.88 priority: 0
  taskPos: 33 taskId: 97 ETC: 3.03 priority: 0
  taskPos: 34 taskId: 178 ETC: 16.92 priority: 0
> machineId: 15
  taskPos: 0 taskId: 238 ETC: 10.38 priority: 0
  taskPos: 1 taskId: 1020 ETC: 2.21 priority: 0
  taskPos: 2 taskId: 5 ETC: 104.74 priority: 0
  taskPos: 3 taskId: 530 ETC: 17.9 priority: 0
  taskPos: 4 taskId: 482 ETC: 4.96 priority: 0
  taskPos: 5 taskId: 323 ETC: 10.43 priority: 0
  taskPos: 6 taskId: 394 ETC: 15.57 priority: 0
  taskPos: 7 taskId: 471 ETC: 16.78 priority: 0
  taskPos: 8 taskId: 721 ETC: 20.8 priority: 0
  taskPos: 9 taskId: 518 ETC: 6.11 priority: 0
  taskPos: 10 taskId: 376 ETC: 3.22 priority: 0
  taskPos: 11 taskId: 691 ETC: 10.71 priority: 0
  taskPos: 12 taskId: 938 ETC: 41.1 priority: 0
  taskPos: 13 taskId: 118 ETC: 65.96 priority: 0
  taskPos: 14 taskId: 628 ETC: 11.15 priority: 0
  taskPos: 15 taskId: 125 ETC: 4.63 priority: 0
  taskPos: 16 taskId: 305 ETC: 36.72 priority: 0
  taskPos: 17 taskId: 785 ETC: 1.55 priority: 0
  taskPos: 18 taskId: 631 ETC: 19.56 priority: 0
  taskPos: 19 taskId: 454 ETC: 45.21 priority: 0
  taskPos: 20 taskId: 613 ETC: 12.01 priority: 0
  taskPos: 21 taskId: 476 ETC: 4.31 priority: 0
  taskPos: 22 taskId: 847 ETC: 7.45 priority: 0
  taskPos: 23 taskId: 35 ETC: 34.84 priority: 0
  taskPos: 24 taskId: 260 ETC: 11.71 priority: 0
  taskPos: 25 taskId: 54 ETC: 12.91 priority: 0
> machineId: 16
  taskPos: 0 taskId: 638 ETC: 30.54 priority: 0
  taskPos: 1 taskId: 895 ETC: 5.44 priority: 0
  taskPos: 2 taskId: 70 ETC: 35.76 priority: 0
  taskPos: 3 taskId: 669 ETC: 22.53 priority: 0
  taskPos: 4 taskId: 78 ETC: 2.62 priority: 0
  taskPos: 5 taskId: 600 ETC: 10.01 priority: 0
  taskPos: 6 taskId: 124 ETC: 19.73 priority: 0
  taskPos: 7 taskId: 944 ETC: 1.03 priority: 0
  taskPos: 8 taskId: 300 ETC: 3.28 priority: 0
  taskPos: 9 taskId: 216 ETC: 28.28 priority: 0
  taskPos: 10 taskId: 246 ETC: 21.69 priority: 0
  taskPos: 11 taskId: 181 ETC: 28.18 priority: 0
  taskPos: 12 taskId: 23 ETC: 3.08 priority: 0
  taskPos: 13 taskId: 304 ETC: 24.51 priority: 0
  taskPos: 14 taskId: 930 ETC: 103.21 priority: 0
  taskPos: 15 taskId: 1023 ETC: 37.11 priority: 0
  taskPos: 16 taskId: 826 ETC: 25.55 priority: 0
  taskPos: 17 taskId: 227 ETC: 6.61 priority: 0
  taskPos: 18 taskId: 343 ETC: 0.58 priority: 0
  taskPos: 19 taskId: 79 ETC: 15.09 priority: 0
  taskPos: 20 taskId: 138 ETC: 1.63 priority: 0
  taskPos: 21 taskId: 371 ETC: 8.52 priority: 0
  taskPos: 22 taskId: 521 ETC: 26.37 priority: 0
  taskPos: 23 taskId: 226 ETC: 6.15 priority: 0
  taskPos: 24 taskId: 509 ETC: 0.38 priority: 0
  taskPos: 25 taskId: 951 ETC: 1.88 priority: 0
  taskPos: 26 taskId: 244 ETC: 20.98 priority: 0
  taskPos: 27 taskId: 747 ETC: 1.01 priority: 0
  taskPos: 28 taskId: 934 ETC: 11.51 priority: 0
  taskPos: 29 taskId: 316 ETC: 9.01 priority: 0
  taskPos: 30 taskId: 18 ETC: 22.81 priority: 0
  taskPos: 31 taskId: 555 ETC: 5.74 priority: 0
> machineId: 17
  taskPos: 0 taskId: 559 ETC: 10.55 priority: 0
  taskPos: 1 taskId: 493 ETC: 2.23 priority: 0
  taskPos: 2 taskId: 952 ETC: 0.4 priority: 0
  taskPos: 3 taskId: 656 ETC: 2.75 priority: 0
  taskPos: 4 taskId: 796 ETC: 8.82 priority: 0
  taskPos: 5 taskId: 128 ETC: 5.54 priority: 0
  taskPos: 6 taskId: 864 ETC: 46.84 priority: 0
  taskPos: 7 taskId: 369 ETC: 22.02 priority: 0
  taskPos: 8 taskId: 848 ETC: 7.88 priority: 0
  taskPos: 9 taskId: 911 ETC: 6.77 priority: 0
  taskPos: 10 taskId: 974 ETC: 12.54 priority: 0
  taskPos: 11 taskId: 103 ETC: 19.9 priority: 0
  taskPos: 12 taskId: 935 ETC: 37.49 priority: 0
  taskPos: 13 taskId: 866 ETC: 20.27 priority: 0
  taskPos: 14 taskId: 334 ETC: 1.24 priority: 0
  taskPos: 15 taskId: 728 ETC: 5.97 priority: 0
  taskPos: 16 taskId: 434 ETC: 2.49 priority: 0
  taskPos: 17 taskId: 340 ETC: 22.43 priority: 0
  taskPos: 18 taskId: 440 ETC: 18.2 priority: 0
  taskPos: 19 taskId: 642 ETC: 15.79 priority: 0
  taskPos: 20 taskId: 765 ETC: 8.95 priority: 0
  taskPos: 21 taskId: 657 ETC: 22 priority: 0
  taskPos: 22 taskId: 166 ETC: 9.34 priority: 0
  taskPos: 23 taskId: 676 ETC: 36.91 priority: 0
  taskPos: 24 taskId: 956 ETC: 8.73 priority: 0
  taskPos: 25 taskId: 411 ETC: 5.25 priority: 0
  taskPos: 26 taskId: 1013 ETC: 17.54 priority: 0
  taskPos: 27 taskId: 733 ETC: 0.61 priority: 0
  taskPos: 28 taskId: 412 ETC: 8.41 priority: 0
  taskPos: 29 taskId: 663 ETC: 18.94 priority: 0
  taskPos: 30 taskId: 507 ETC: 5.76 priority: 0
  taskPos: 31 taskId: 1008 ETC: 33.03 priority: 0
  taskPos: 32 taskId: 159 ETC: 8.91 priority: 0
  taskPos: 33 taskId: 762 ETC: 4.52 priority: 0
  taskPos: 34 taskId: 697 ETC: 8.41 priority: 0
  taskPos: 35 taskId: 898 ETC: 21.94 priority: 0
  taskPos: 36 taskId: 949 ETC: 26.99 priority: 0
> machineId: 18
  taskPos: 0 taskId: 630 ETC: 20.89 priority: 0
  taskPos: 1 taskId: 857 ETC: 28.79 priority: 0
  taskPos: 2 taskId: 232 ETC: 38.86 priority: 0
  taskPos: 3 taskId: 849 ETC: 4.23 priority: 0
  taskPos: 4 taskId: 11 ETC: 8.63 priority: 0
  taskPos: 5 taskId: 627 ETC: 1.7 priority: 0
  taskPos: 6 taskId: 494 ETC: 31.54 priority: 0
  taskPos: 7 taskId: 229 ETC: 13.12 priority: 0
  taskPos: 8 taskId: 1016 ETC: 7.26 priority: 0
  taskPos: 9 taskId: 353 ETC: 21.67 priority: 0
  taskPos: 10 taskId: 261 ETC: 71.31 priority: 0
  taskPos: 11 taskId: 939 ETC: 0.11 priority: 0
  taskPos: 12 taskId: 771 ETC: 17.67 priority: 0
  taskPos: 13 taskId: 408 ETC: 32.78 priority: 0
  taskPos: 14 taskId: 995 ETC: 17.82 priority: 0
  taskPos: 15 taskId: 284 ETC: 0 priority: 0
  taskPos: 16 taskId: 302 ETC: 6.59 priority: 0
  taskPos: 17 taskId: 888 ETC: 1.47 priority: 0
  taskPos: 18 taskId: 421 ETC: 60.7 priority: 0
  taskPos: 19 taskId: 640 ETC: 26.92 priority: 0
  taskPos: 20 taskId: 685 ETC: 3.06 priority: 0
  taskPos: 21 taskId: 806 ETC: 39.51 priority: 0
  taskPos: 22 taskId: 458 ETC: 1.35 priority: 0
  taskPos: 23 taskId: 798 ETC: 22.39 priority: 0
  taskPos: 24 taskId: 792 ETC: 50.06 priority: 0
  taskPos: 25 taskId: 883 ETC: 13.85 priority: 0
> machineId: 19
  taskPos: 0 taskId: 285 ETC: 34.63 priority: 0
  taskPos: 1 taskId: 937 ETC: 50.74 priority: 0
  taskPos: 2 taskId: 907 ETC: 15.19 priority: 0
  taskPos: 3 taskId: 446 ETC: 20.25 priority: 0
  taskPos: 4 taskId: 294 ETC: 33.8 priority: 0
  taskPos: 5 taskId: 754 ETC: 13.82 priority: 0
  taskPos: 6 taskId: 141 ETC: 37.69 priority: 0
  taskPos: 7 taskId: 59 ETC: 45.7 priority: 0
  taskPos: 8 taskId: 689 ETC: 12.64 priority: 0
  taskPos: 9 taskId: 560 ETC: 2.69 priority: 0
  taskPos: 10 taskId: 539 ETC: 11.8 priority: 0
  taskPos: 11 taskId: 24 ETC: 14.38 priority: 0
  taskPos: 12 taskId: 1002 ETC: 36.75 priority: 0
  taskPos: 13 taskId: 211 ETC: 9.74 priority: 0
  taskPos: 14 taskId: 308 ETC: 77.6 priority: 0
  taskPos: 15 taskId: 983 ETC: 47.04 priority: 0
  taskPos: 16 taskId: 924 ETC: 14.16 priority: 0
  taskPos: 17 taskId: 395 ETC: 8.14 priority: 0
  taskPos: 18 taskId: 474 ETC: 24.17 priority: 0
  taskPos: 19 taskId: 838 ETC: 5.43 priority: 0
  taskPos: 20 taskId: 192 ETC: 15.23 priority: 0
> machineId: 20
  taskPos: 0 taskId: 842 ETC: 12.53 priority: 0
  taskPos: 1 taskId: 380 ETC: 17.22 priority: 0
  taskPos: 2 taskId: 486 ETC: 6.03 priority: 0
  taskPos: 3 taskId: 429 ETC: 61.01 priority: 0
  taskPos: 4 taskId: 335 ETC: 11.42 priority: 0
  taskPos: 5 taskId: 73 ETC: 10.35 priority: 0
  taskPos: 6 taskId: 904 ETC: 22.92 priority: 0
  taskPos: 7 taskId: 594 ETC: 0.77 priority: 0
  taskPos: 8 taskId: 666 ETC: 6.56 priority: 0
  taskPos: 9 taskId: 575 ETC: 1 priority: 0
  taskPos: 10 taskId: 581 ETC: 24.89 priority: 0
  taskPos: 11 taskId: 312 ETC: 10.06 priority: 0
  taskPos: 12 taskId: 682 ETC: 22.86 priority: 0
  taskPos: 13 taskId: 749 ETC: 32.33 priority: 0
  taskPos: 14 taskId: 357 ETC: 66.01 priority: 0
  taskPos: 15 taskId: 763 ETC: 9.71 priority: 0
  taskPos: 16 taskId: 887 ETC: 21.14 priority: 0
  taskPos: 17 taskId: 605 ETC: 0.96 priority: 0
  taskPos: 18 taskId: 101 ETC: 12.61 priority: 0
  taskPos: 19 taskId: 221 ETC: 10.05 priority: 0
  taskPos: 20 taskId: 846 ETC: 12.17 priority: 0
  taskPos: 21 taskId: 409 ETC: 8.99 priority: 0
  taskPos: 22 taskId: 516 ETC: 4.84 priority: 0
  taskPos: 23 taskId: 375 ETC: 7.67 priority: 0
  taskPos: 24 taskId: 659 ETC: 4.68 priority: 0
  taskPos: 25 taskId: 96 ETC: 19.14 priority: 0
  taskPos: 26 taskId: 317 ETC: 4.85 priority: 0
  taskPos: 27 taskId: 779 ETC: 30.85 priority: 0
  taskPos: 28 taskId: 171 ETC: 1.59 priority: 0
  taskPos: 29 taskId: 448 ETC: 31.57 priority: 0
  taskPos: 30 taskId: 872 ETC: 12.24 priority: 0
  taskPos: 31 taskId: 986 ETC: 3.03 priority: 0
  taskPos: 32 taskId: 200 ETC: 0.83 priority: 0
  taskPos: 33 taskId: 708 ETC: 4.8 priority: 0
  taskPos: 34 taskId: 470 ETC: 22.5 priority: 0
> machineId: 21
  taskPos: 0 taskId: 243 ETC: 20.43 priority: 0
  taskPos: 1 taskId: 161 ETC: 8.62 priority: 0
  taskPos: 2 taskId: 447 ETC: 18.97 priority: 0
  taskPos: 3 taskId: 920 ETC: 14.49 priority: 0
  taskPos: 4 taskId: 455 ETC: 7.96 priority: 0
  taskPos: 5 taskId: 843 ETC: 14.81 priority: 0
  taskPos: 6 taskId: 860 ETC: 3.54 priority: 0
  taskPos: 7 taskId: 801 ETC: 65.25 priority: 0
  taskPos: 8 taskId: 46 ETC: 88.29 priority: 0
  taskPos: 9 taskId: 834 ETC: 5.26 priority: 0
  taskPos: 10 taskId: 495 ETC: 26.56 priority: 0
  taskPos: 11 taskId: 980 ETC: 26.52 priority: 0
  taskPos: 12 taskId: 175 ETC: 26.37 priority: 0
  taskPos: 13 taskId: 69 ETC: 10.81 priority: 0
  taskPos: 14 taskId: 536 ETC: 18.25 priority: 0
  taskPos: 15 taskId: 207 ETC: 1.86 priority: 0
  taskPos: 16 taskId: 953 ETC: 10.69 priority: 0
  taskPos: 17 taskId: 875 ETC: 10.5 priority: 0
  taskPos: 18 taskId: 498 ETC: 6.57 priority: 0
  taskPos: 19 taskId: 811 ETC: 12.38 priority: 0
  taskPos: 20 taskId: 212 ETC: 16.13 priority: 0
  taskPos: 21 taskId: 515 ETC: 34.52 priority: 0
  taskPos: 22 taskId: 306 ETC: 11.88 priority: 0
  taskPos: 23 taskId: 513 ETC: 5.17 priority: 0
  taskPos: 24 taskId: 381 ETC: 7.15 priority: 0
  taskPos: 25 taskId: 723 ETC: 41.25 priority: 0
  taskPos: 26 taskId: 550 ETC: 2.79 priority: 0
  taskPos: 27 taskId: 2 ETC: 3.12 priority: 0
  taskPos: 28 taskId: 401 ETC: 18.17 priority: 0
  taskPos: 29 taskId: 524 ETC: 4.02 priority: 0
> machineId: 22
  taskPos: 0 taskId: 41 ETC: 7.1 priority: 0
  taskPos: 1 taskId: 833 ETC: 6.05 priority: 0
  taskPos: 2 taskId: 119 ETC: 15.75 priority: 0
  taskPos: 3 taskId: 42 ETC: 12.3 priority: 0
  taskPos: 4 taskId: 997 ETC: 11.3 priority: 0
  taskPos: 5 taskId: 748 ETC: 28.73 priority: 0
  taskPos: 6 taskId: 239 ETC: 4.98 priority: 0
  taskPos: 7 taskId: 176 ETC: 6.41 priority: 0
  taskPos: 8 taskId: 184 ETC: 0.82 priority: 0
  taskPos: 9 taskId: 595 ETC: 5.79 priority: 0
  taskPos: 10 taskId: 44 ETC: 0.73 priority: 0
  taskPos: 11 taskId: 724 ETC: 30.78 priority: 0
  taskPos: 12 taskId: 586 ETC: 1.09 priority: 0
  taskPos: 13 taskId: 140 ETC: 11.99 priority: 0
  taskPos: 14 taskId: 706 ETC: 16.33 priority: 0
  taskPos: 15 taskId: 797 ETC: 10.98 priority: 0
  taskPos: 16 taskId: 220 ETC: 2.58 priority: 0
  taskPos: 17 taskId: 438 ETC: 22.42 priority: 0
  taskPos: 18 taskId: 819 ETC: 37.77 priority: 0
  taskPos: 19 taskId: 76 ETC: 15.52 priority: 0
  taskPos: 20 taskId: 26 ETC: 25.75 priority: 0
  taskPos: 21 taskId: 719 ETC: 17.23 priority: 0
  taskPos: 22 taskId: 743 ETC: 11.59 priority: 0
  taskPos: 23 taskId: 921 ETC: 23.88 priority: 0
  taskPos: 24 taskId: 291 ETC: 10.91 priority: 0
  taskPos: 25 taskId: 130 ETC: 0.57 priority: 0
  taskPos: 26 taskId: 362 ETC: 4.77 priority: 0
  taskPos: 27 taskId: 319 ETC: 7.56 priority: 0
  taskPos: 28 taskId: 624 ETC: 18.92 priority: 0
  taskPos: 29 taskId: 225 ETC: 0.85 priority: 0
  taskPos: 30 taskId: 271 ETC: 64.69 priority: 0
  taskPos: 31 taskId: 287 ETC: 0.16 priority: 0
  taskPos: 32 taskId: 882 ETC: 5.88 priority: 0
  taskPos: 33 taskId: 908 ETC: 0.92 priority: 0
  taskPos: 34 taskId: 877 ETC: 3.62 priority: 0
  taskPos: 35 taskId: 617 ETC: 0.46 priority: 0
  taskPos: 36 taskId: 53 ETC: 63.37 priority: 0
  taskPos: 37 taskId: 820 ETC: 3.9 priority: 0
  taskPos: 38 taskId: 510 ETC: 1.22 priority: 0
  taskPos: 39 taskId: 971 ETC: 4.53 priority: 0
  taskPos: 40 taskId: 564 ETC: 3.31 priority: 0
  taskPos: 41 taskId: 609 ETC: 12.32 priority: 0
  taskPos: 42 taskId: 863 ETC: 0.67 priority: 0
  taskPos: 43 taskId: 40 ETC: 4.07 priority: 0
> machineId: 23
  taskPos: 0 taskId: 803 ETC: 7.65 priority: 0
  taskPos: 1 taskId: 289 ETC: 1.55 priority: 0
  taskPos: 2 taskId: 139 ETC: 27.36 priority: 0
  taskPos: 3 taskId: 215 ETC: 55.43 priority: 0
  taskPos: 4 taskId: 958 ETC: 0.9 priority: 0
  taskPos: 5 taskId: 542 ETC: 20.91 priority: 0
  taskPos: 6 taskId: 729 ETC: 0.34 priority: 0
  taskPos: 7 taskId: 777 ETC: 10.06 priority: 0
  taskPos: 8 taskId: 681 ETC: 15.77 priority: 0
  taskPos: 9 taskId: 347 ETC: 90.39 priority: 0
  taskPos: 10 taskId: 926 ETC: 24.58 priority: 0
  taskPos: 11 taskId: 970 ETC: 49.11 priority: 0
  taskPos: 12 taskId: 912 ETC: 5.62 priority: 0
  taskPos: 13 taskId: 764 ETC: 4.59 priority: 0
  taskPos: 14 taskId: 561 ETC: 4.42 priority: 0
  taskPos: 15 taskId: 240 ETC: 19.44 priority: 0
  taskPos: 16 taskId: 37 ETC: 4.99 priority: 0
  taskPos: 17 taskId: 799 ETC: 11.02 priority: 0
  taskPos: 18 taskId: 773 ETC: 11.74 priority: 0
  taskPos: 19 taskId: 832 ETC: 4.7 priority: 0
  taskPos: 20 taskId: 756 ETC: 29.26 priority: 0
  taskPos: 21 taskId: 618 ETC: 2.37 priority: 0
  taskPos: 22 taskId: 322 ETC: 10.82 priority: 0
  taskPos: 23 taskId: 117 ETC: 5.79 priority: 0
  taskPos: 24 taskId: 68 ETC: 0.33 priority: 0
  taskPos: 25 taskId: 268 ETC: 16.87 priority: 0
  taskPos: 26 taskId: 626 ETC: 2.52 priority: 0
  taskPos: 27 taskId: 490 ETC: 16.21 priority: 0
  taskPos: 28 taskId: 162 ETC: 7.59 priority: 0
  taskPos: 29 taskId: 651 ETC: 17.95 priority: 0
  taskPos: 30 taskId: 497 ETC: 6.84 priority: 0
  taskPos: 31 taskId: 525 ETC: 2.57 priority: 0
  taskPos: 32 taskId: 135 ETC: 2.24 priority: 0
  taskPos: 33 taskId: 186 ETC: 4.63 priority: 0
  taskPos: 34 taskId: 136 ETC: 9.27 priority: 0
  taskPos: 35 taskId: 16 ETC: 11.97 priority: 0
  taskPos: 36 taskId: 392 ETC: 0.26 priority: 0
  taskPos: 37 taskId: 751 ETC: 1.97 priority: 0
  taskPos: 38 taskId: 987 ETC: 12.88 priority: 0
  taskPos: 39 taskId: 522 ETC: 1.32 priority: 0
> machineId: 24
  taskPos: 0 taskId: 422 ETC: 11.88 priority: 0
  taskPos: 1 taskId: 825 ETC: 37.75 priority: 0
  taskPos: 2 taskId: 994 ETC: 61.84 priority: 0
  taskPos: 3 taskId: 272 ETC: 13.54 priority: 0
  taskPos: 4 taskId: 48 ETC: 34.3 priority: 0
  taskPos: 5 taskId: 99 ETC: 9.86 priority: 0
  taskPos: 6 taskId: 815 ETC: 9.03 priority: 0
  taskPos: 7 taskId: 696 ETC: 10.64 priority: 0
  taskPos: 8 taskId: 654 ETC: 4.43 priority: 0
  taskPos: 9 taskId: 770 ETC: 18.95 priority: 0
  taskPos: 10 taskId: 684 ETC: 3.61 priority: 0
  taskPos: 11 taskId: 363 ETC: 8.99 priority: 0
  taskPos: 12 taskId: 132 ETC: 2.76 priority: 0
  taskPos: 13 taskId: 209 ETC: 37.14 priority: 0
  taskPos: 14 taskId: 98 ETC: 27.65 priority: 0
  taskPos: 15 taskId: 484 ETC: 3.41 priority: 0
  taskPos: 16 taskId: 885 ETC: 9.71 priority: 0
  taskPos: 17 taskId: 384 ETC: 5.05 priority: 0
  taskPos: 18 taskId: 269 ETC: 11.95 priority: 0
  taskPos: 19 taskId: 206 ETC: 17.99 priority: 0
  taskPos: 20 taskId: 52 ETC: 7.1 priority: 0
  taskPos: 21 taskId: 967 ETC: 9.83 priority: 0
  taskPos: 22 taskId: 531 ETC: 45.52 priority: 0
  taskPos: 23 taskId: 795 ETC: 10.87 priority: 0
  taskPos: 24 taskId: 537 ETC: 37.45 priority: 0
  taskPos: 25 taskId: 367 ETC: 3.84 priority: 0
  taskPos: 26 taskId: 49 ETC: 85.74 priority: 0
> machineId: 25
  taskPos: 0 taskId: 767 ETC: 18.47 priority: 0
  taskPos: 1 taskId: 389 ETC: 2.62 priority: 0
  taskPos: 2 taskId: 568 ETC: 3.05 priority: 0
  taskPos: 3 taskId: 500 ETC: 37.56 priority: 0
  taskPos: 4 taskId: 984 ETC: 65.36 priority: 0
  taskPos: 5 taskId: 143 ETC: 45.53 priority: 0
  taskPos: 6 taskId: 416 ETC: 7.9 priority: 0
  taskPos: 7 taskId: 859 ETC: 2.95 priority: 0
  taskPos: 8 taskId: 574 ETC: 73.95 priority: 0
  taskPos: 9 taskId: 961 ETC: 7.96 priority: 0
  taskPos: 10 taskId: 845 ETC: 31.36 priority: 0
  taskPos: 11 taskId: 700 ETC: 2.1 priority: 0
  taskPos: 12 taskId: 544 ETC: 1.87 priority: 0
  taskPos: 13 taskId: 840 ETC: 0.97 priority: 0
  taskPos: 14 taskId: 858 ETC: 2.14 priority: 0
  taskPos: 15 taskId: 565 ETC: 125.83 priority: 0
  taskPos: 16 taskId: 543 ETC: 19.07 priority: 0
  taskPos: 17 taskId: 14 ETC: 28.49 priority: 0
  taskPos: 18 taskId: 540 ETC: 62.34 priority: 0
> machineId: 26
  taskPos: 0 taskId: 361 ETC: 7.29 priority: 0
  taskPos: 1 taskId: 67 ETC: 7.7 priority: 0
  taskPos: 2 taskId: 75 ETC: 0.08 priority: 0
  taskPos: 3 taskId: 817 ETC: 61.61 priority: 0
  taskPos: 4 taskId: 558 ETC: 28.63 priority: 0
  taskPos: 5 taskId: 195 ETC: 76.51 priority: 0
  taskPos: 6 taskId: 301 ETC: 2.25 priority: 0
  taskPos: 7 taskId: 665 ETC: 7.73 priority: 0
  taskPos: 8 taskId: 32 ETC: 14.19 priority: 0
  taskPos: 9 taskId: 903 ETC: 34.95 priority: 0
  taskPos: 10 taskId: 504 ETC: 7.55 priority: 0
  taskPos: 11 taskId: 405 ETC: 22.41 priority: 0
  taskPos: 12 taskId: 769 ETC: 33.13 priority: 0
  taskPos: 13 taskId: 508 ETC: 6.32 priority: 0
  taskPos: 14 taskId: 464 ETC: 19.62 priority: 0
  taskPos: 15 taskId: 517 ETC: 11.42 priority: 0
  taskPos: 16 taskId: 456 ETC: 14.95 priority: 0
  taskPos: 17 taskId: 9 ETC: 12.77 priority: 0
  taskPos: 18 taskId: 463 ETC: 12.97 priority: 0
  taskPos: 19 taskId: 356 ETC: 9.67 priority: 0
  taskPos: 20 taskId: 612 ETC: 7.24 priority: 0
  taskPos: 21 taskId: 972 ETC: 6.12 priority: 0
  taskPos: 22 taskId: 823 ETC: 9.7 priority: 0
  taskPos: 23 taskId: 77 ETC: 22.28 priority: 0
  taskPos: 24 taskId: 964 ETC: 27.6 priority: 0
  taskPos: 25 taskId: 599 ETC: 1.69 priority: 0
  taskPos: 26 taskId: 65 ETC: 35.35 priority: 0
  taskPos: 27 taskId: 252 ETC: 4.14 priority: 0
  taskPos: 28 taskId: 108 ETC: 7.87 priority: 0
  taskPos: 29 taskId: 194 ETC: 0.64 priority: 0
  taskPos: 30 taskId: 573 ETC: 15.8 priority: 0
  taskPos: 31 taskId: 120 ETC: 0.25 priority: 0
  taskPos: 32 taskId: 664 ETC: 12.29 priority: 0
> machineId: 27
  taskPos: 0 taskId: 931 ETC: 13.77 priority: 0
  taskPos: 1 taskId: 81 ETC: 31.52 priority: 0
  taskPos: 2 taskId: 894 ETC: 44.27 priority: 0
  taskPos: 3 taskId: 734 ETC: 18.98 priority: 0
  taskPos: 4 taskId: 27 ETC: 7.26 priority: 0
  taskPos: 5 taskId: 197 ETC: 10.03 priority: 0
  taskPos: 6 taskId: 635 ETC: 5.79 priority: 0
  taskPos: 7 taskId: 219 ETC: 45.88 priority: 0
  taskPos: 8 taskId: 231 ETC: 65.6 priority: 0
  taskPos: 9 taskId: 423 ETC: 7.93 priority: 0
  taskPos: 10 taskId: 686 ETC: 10.88 priority: 0
  taskPos: 11 taskId: 475 ETC: 1.97 priority: 0
  taskPos: 12 taskId: 483 ETC: 35.11 priority: 0
  taskPos: 13 taskId: 597 ETC: 18.86 priority: 0
  taskPos: 14 taskId: 725 ETC: 5.9 priority: 0
  taskPos: 15 taskId: 867 ETC: 4.99 priority: 0
  taskPos: 16 taskId: 977 ETC: 16.42 priority: 0
  taskPos: 17 taskId: 804 ETC: 88.51 priority: 0
  taskPos: 18 taskId: 778 ETC: 1.02 priority: 0
  taskPos: 19 taskId: 683 ETC: 55.84 priority: 0
  taskPos: 20 taskId: 256 ETC: 22.88 priority: 0
  taskPos: 21 taskId: 1003 ETC: 18.1 priority: 0
  taskPos: 22 taskId: 808 ETC: 10.98 priority: 0
> machineId: 28
  taskPos: 0 taskId: 173 ETC: 8.7 priority: 0
  taskPos: 1 taskId: 155 ETC: 3.46 priority: 0
  taskPos: 2 taskId: 790 ETC: 16.71 priority: 0
  taskPos: 3 taskId: 20 ETC: 7.67 priority: 0
  taskPos: 4 taskId: 744 ETC: 6.3 priority: 0
  taskPos: 5 taskId: 710 ETC: 4.98 priority: 0
  taskPos: 6 taskId: 793 ETC: 11.79 priority: 0
  taskPos: 7 taskId: 414 ETC: 2.72 priority: 0
  taskPos: 8 taskId: 126 ETC: 28.12 priority: 0
  taskPos: 9 taskId: 349 ETC: 4.93 priority: 0
  taskPos: 10 taskId: 968 ETC: 19 priority: 0
  taskPos: 11 taskId: 772 ETC: 7.77 priority: 0
  taskPos: 12 taskId: 459 ETC: 9.4 priority: 0
  taskPos: 13 taskId: 730 ETC: 66.48 priority: 0
  taskPos: 14 taskId: 732 ETC: 21.99 priority: 0
  taskPos: 15 taskId: 532 ETC: 3.35 priority: 0
  taskPos: 16 taskId: 693 ETC: 3.35 priority: 0
  taskPos: 17 taskId: 528 ETC: 44.51 priority: 0
  taskPos: 18 taskId: 647 ETC: 8.07 priority: 0
  taskPos: 19 taskId: 230 ETC: 0.55 priority: 0
  taskPos: 20 taskId: 466 ETC: 20.81 priority: 0
  taskPos: 21 taskId: 311 ETC: 11.96 priority: 0
  taskPos: 22 taskId: 556 ETC: 4.57 priority: 0
  taskPos: 23 taskId: 655 ETC: 39.85 priority: 0
  taskPos: 24 taskId: 346 ETC: 27.28 priority: 0
  taskPos: 25 taskId: 629 ETC: 3.87 priority: 0
  taskPos: 26 taskId: 74 ETC: 2.71 priority: 0
  taskPos: 27 taskId: 218 ETC: 6.93 priority: 0
  taskPos: 28 taskId: 572 ETC: 0.25 priority: 0
  taskPos: 29 taskId: 28 ETC: 7.32 priority: 0
  taskPos: 30 taskId: 452 ETC: 87.64 priority: 0
  taskPos: 31 taskId: 814 ETC: 6.75 priority: 0
  taskPos: 32 taskId: 137 ETC: 4.41 priority: 0
  taskPos: 33 taskId: 910 ETC: 2.7 priority: 0
  taskPos: 34 taskId: 250 ETC: 8.23 priority: 0
  taskPos: 35 taskId: 254 ETC: 6.04 priority: 0
  taskPos: 36 taskId: 328 ETC: 7.32 priority: 0
  taskPos: 37 taskId: 293 ETC: 6.73 priority: 0
> machineId: 29
  taskPos: 0 taskId: 566 ETC: 30.28 priority: 0
  taskPos: 1 taskId: 157 ETC: 19.62 priority: 0
  taskPos: 2 taskId: 675 ETC: 66.43 priority: 0
  taskPos: 3 taskId: 677 ETC: 4.25 priority: 0
  taskPos: 4 taskId: 372 ETC: 8.83 priority: 0
  taskPos: 5 taskId: 899 ETC: 2.52 priority: 0
  taskPos: 6 taskId: 236 ETC: 6.53 priority: 0
  taskPos: 7 taskId: 794 ETC: 28.07 priority: 0
  taskPos: 8 taskId: 789 ETC: 22.85 priority: 0
  taskPos: 9 taskId: 257 ETC: 11.56 priority: 0
  taskPos: 10 taskId: 196 ETC: 15.31 priority: 0
  taskPos: 11 taskId: 648 ETC: 40.96 priority: 0
  taskPos: 12 taskId: 95 ETC: 19.19 priority: 0
  taskPos: 13 taskId: 965 ETC: 13.57 priority: 0
  taskPos: 14 taskId: 7 ETC: 27.98 priority: 0
  taskPos: 15 taskId: 996 ETC: 1.02 priority: 0
  taskPos: 16 taskId: 512 ETC: 12.03 priority: 0
  taskPos: 17 taskId: 1011 ETC: 8.13 priority: 0
  taskPos: 18 taskId: 237 ETC: 0.26 priority: 0
  taskPos: 19 taskId: 829 ETC: 15.96 priority: 0
  taskPos: 20 taskId: 662 ETC: 4.02 priority: 0
  taskPos: 21 taskId: 841 ETC: 2.82 priority: 0
  taskPos: 22 taskId: 153 ETC: 9.82 priority: 0
  taskPos: 23 taskId: 88 ETC: 21.29 priority: 0
  taskPos: 24 taskId: 527 ETC: 7.04 priority: 0
  taskPos: 25 taskId: 370 ETC: 7.61 priority: 0
  taskPos: 26 taskId: 351 ETC: 3.08 priority: 0
  taskPos: 27 taskId: 170 ETC: 51.6 priority: 0
  taskPos: 28 taskId: 233 ETC: 0.74 priority: 0
  taskPos: 29 taskId: 472 ETC: 1.43 priority: 0
  taskPos: 30 taskId: 228 ETC: 52.27 priority: 0
  taskPos: 31 taskId: 726 ETC: 7.59 priority: 0
  taskPos: 32 taskId: 204 ETC: 9.69 priority: 0
  taskPos: 33 taskId: 354 ETC: 0.48 priority: 0
> machineId: 30
  taskPos: 0 taskId: 87 ETC: 5.34 priority: 0
  taskPos: 1 taskId: 667 ETC: 4.8 priority: 0
  taskPos: 2 taskId: 881 ETC: 24.49 priority: 0
  taskPos: 3 taskId: 189 ETC: 5.94 priority: 0
  taskPos: 4 taskId: 387 ETC: 16.53 priority: 0
  taskPos: 5 taskId: 115 ETC: 0.34 priority: 0
  taskPos: 6 taskId: 905 ETC: 2.01 priority: 0
  taskPos: 7 taskId: 925 ETC: 16.21 priority: 0
  taskPos: 8 taskId: 164 ETC: 2.79 priority: 0
  taskPos: 9 taskId: 1 ETC: 107.14 priority: 0
  taskPos: 10 taskId: 714 ETC: 34.06 priority: 0
  taskPos: 11 taskId: 242 ETC: 19.02 priority: 0
  taskPos: 12 taskId: 397 ETC: 32.89 priority: 0
  taskPos: 13 taskId: 632 ETC: 15.68 priority: 0
  taskPos: 14 taskId: 295 ETC: 8.78 priority: 0
  taskPos: 15 taskId: 299 ETC: 1.42 priority: 0
  taskPos: 16 taskId: 692 ETC: 14.9 priority: 0
  taskPos: 17 taskId: 265 ETC: 11.3 priority: 0
  taskPos: 18 taskId: 104 ETC: 15.16 priority: 0
  taskPos: 19 taskId: 292 ETC: 1.4 priority: 0
  taskPos: 20 taskId: 338 ETC: 132.5 priority: 0
  taskPos: 21 taskId: 704 ETC: 5.61 priority: 0
  taskPos: 22 taskId: 150 ETC: 24.86 priority: 0
  taskPos: 23 taskId: 303 ETC: 8.82 priority: 0
  taskPos: 24 taskId: 174 ETC: 1.35 priority: 0
  taskPos: 25 taskId: 133 ETC: 12.35 priority: 0
  taskPos: 26 taskId: 646 ETC: 4.21 priority: 0
  taskPos: 27 taskId: 36 ETC: 4.53 priority: 0
> machineId: 31
  taskPos: 0 taskId: 709 ETC: 52.13 priority: 0
  taskPos: 1 taskId: 382 ETC: 28.82 priority: 0
  taskPos: 2 taskId: 978 ETC: 33.07 priority: 0
  taskPos: 3 taskId: 492 ETC: 33.47 priority: 0
  taskPos: 4 taskId: 315 ETC: 2.85 priority: 0
  taskPos: 5 taskId: 89 ETC: 3.81 priority: 0
  taskPos: 6 taskId: 281 ETC: 0.13 priority: 0
  taskPos: 7 taskId: 496 ETC: 9.8 priority: 0
  taskPos: 8 taskId: 172 ETC: 26.21 priority: 0
  taskPos: 9 taskId: 760 ETC: 103 priority: 0
  taskPos: 10 taskId: 720 ETC: 25.12 priority: 0
  taskPos: 11 taskId: 282 ETC: 9.64 priority: 0
  taskPos: 12 taskId: 690 ETC: 20.76 priority: 0
  taskPos: 13 taskId: 388 ETC: 4.2 priority: 0
  taskPos: 14 taskId: 404 ETC: 2.4 priority: 0
  taskPos: 15 taskId: 950 ETC: 50.34 priority: 0
  taskPos: 16 taskId: 933 ETC: 3.59 priority: 0
  taskPos: 17 taskId: 649 ETC: 8.06 priority: 0
  taskPos: 18 taskId: 499 ETC: 3.6 priority: 0
  taskPos: 19 taskId: 889 ETC: 20.07 priority: 0
  taskPos: 20 taskId: 945 ETC: 6.31 priority: 0
  taskPos: 21 taskId: 678 ETC: 1.34 priority: 0
  taskPos: 22 taskId: 643 ETC: 2.87 priority: 0
  taskPos: 23 taskId: 418 ETC: 3.37 priority: 0
  taskPos: 24 taskId: 51 ETC: 1.49 priority: 0
  taskPos: 25 taskId: 45 ETC: 43.07 priority: 0
  taskPos: 26 taskId: 813 ETC: 13.55 priority: 0
  taskPos: 27 taskId: 82 ETC: 1.71 priority: 0
  taskPos: 28 taskId: 213 ETC: 1.71 priority: 0
  taskPos: 29 taskId: 680 ETC: 1.68 priority: 0
  taskPos: 30 taskId: 433 ETC: 0.82 priority: 0
  taskPos: 31 taskId: 616 ETC: 2.29 priority: 0
  taskPos: 32 taskId: 879 ETC: 4.63 priority: 0
  taskPos: 33 taskId: 123 ETC: 1.97 priority: 0
  taskPos: 34 taskId: 546 ETC: 0.92 priority: 0
  taskPos: 35 taskId: 623 ETC: 4.41 priority: 0
  taskPos: 36 taskId: 705 ETC: 0.26 priority: 0
  taskPos: 37 taskId: 909 ETC: 9.36 priority: 0



 :( ---------------------- THE END --------------- :) 