[H[2J[INFO] TaskCount: 1024
[INFO] MachineCount: 32

[DEBUG] Inicialización MIN-MIN

Min-Min fitness: 140.56

[DEBUG] Inicialización Sufferage

Sufferage fitness: 175.99

[DEBUG] Inicialización random

[DEBUG] Inicialización random

[DEBUG] Inicialización random

[DEBUG] Inicialización MCT

MCT fitness: 191.21

[DEBUG] Inicialización random

[DEBUG] Inicialización random

[DEBUG] Inicialización random

[DEBUG] Inicialización random

[DEBUG] Inicialización MCT

MCT fitness: 189.53

[DEBUG] Inicialización random

[DEBUG] Inicialización random

[DEBUG] Inicialización random

[DEBUG] Inicialización random

 Current State ---------------------------------------------

Current trial: 1
Current iteration: 1500
Current evaluations: 22695
Current best cost: 132.29
Current worst cost: 132.29
Current Average cost: 132.29
Current Standard Deviation: 0

Trial: 
Best cost trial: 132.29
Worst cost trial: 1858.36
Iteration best found in trial: 1481
Time best found trial: 2.31198e+07
Time spent in trial: 2.33969e+07

Global: 
Global best cost: 132.29
Global worst cost: 1858.36
Trial best found: 1
Iteration best found: 1481
Time best found: 2.31198e+07

Current time spent (so far): 2.33969e+07
Solution
> machineId: 0
  taskPos: 0 taskId: 203 ETC: 0 priority: 0
  taskPos: 1 taskId: 1010 ETC: 0.01 priority: 0
  taskPos: 2 taskId: 892 ETC: 0.01 priority: 0
  taskPos: 3 taskId: 374 ETC: 0.01 priority: 0
  taskPos: 4 taskId: 689 ETC: 0.67 priority: 0
  taskPos: 5 taskId: 236 ETC: 0.08 priority: 0
  taskPos: 6 taskId: 968 ETC: 0.01 priority: 0
  taskPos: 7 taskId: 428 ETC: 0.04 priority: 0
  taskPos: 8 taskId: 910 ETC: 0.01 priority: 0
  taskPos: 9 taskId: 804 ETC: 0.02 priority: 0
  taskPos: 10 taskId: 556 ETC: 0.03 priority: 0
  taskPos: 11 taskId: 572 ETC: 0.01 priority: 0
  taskPos: 12 taskId: 988 ETC: 0.01 priority: 0
  taskPos: 13 taskId: 100 ETC: 0.03 priority: 0
  taskPos: 14 taskId: 420 ETC: 0.04 priority: 0
  taskPos: 15 taskId: 392 ETC: 0.02 priority: 0
  taskPos: 16 taskId: 116 ETC: 0.04 priority: 0
  taskPos: 17 taskId: 952 ETC: 0.03 priority: 0
  taskPos: 18 taskId: 314 ETC: 0.04 priority: 0
  taskPos: 19 taskId: 478 ETC: 2.44 priority: 0
  taskPos: 20 taskId: 266 ETC: 0.05 priority: 0
  taskPos: 21 taskId: 1014 ETC: 0.01 priority: 0
  taskPos: 22 taskId: 508 ETC: 0.04 priority: 0
  taskPos: 23 taskId: 646 ETC: 0.05 priority: 0
  taskPos: 24 taskId: 809 ETC: 0.05 priority: 0
  taskPos: 25 taskId: 796 ETC: 0.06 priority: 0
  taskPos: 26 taskId: 716 ETC: 0.06 priority: 0
  taskPos: 27 taskId: 492 ETC: 0.05 priority: 0
  taskPos: 28 taskId: 530 ETC: 0.07 priority: 0
  taskPos: 29 taskId: 588 ETC: 0.04 priority: 0
  taskPos: 30 taskId: 68 ETC: 0.06 priority: 0
  taskPos: 31 taskId: 500 ETC: 0.06 priority: 0
  taskPos: 32 taskId: 964 ETC: 0.05 priority: 0
  taskPos: 33 taskId: 806 ETC: 0.06 priority: 0
  taskPos: 34 taskId: 8 ETC: 0.06 priority: 0
  taskPos: 35 taskId: 274 ETC: 0.06 priority: 0
  taskPos: 36 taskId: 844 ETC: 2.78 priority: 0
  taskPos: 37 taskId: 534 ETC: 0.07 priority: 0
  taskPos: 38 taskId: 878 ETC: 0.08 priority: 0
  taskPos: 39 taskId: 142 ETC: 0.08 priority: 0
  taskPos: 40 taskId: 830 ETC: 0.07 priority: 0
  taskPos: 41 taskId: 14 ETC: 0.07 priority: 0
  taskPos: 42 taskId: 22 ETC: 0.07 priority: 0
  taskPos: 43 taskId: 506 ETC: 0.1 priority: 0
  taskPos: 44 taskId: 24 ETC: 0.08 priority: 0
  taskPos: 45 taskId: 772 ETC: 0.07 priority: 0
  taskPos: 46 taskId: 696 ETC: 0.07 priority: 0
  taskPos: 47 taskId: 756 ETC: 0.09 priority: 0
  taskPos: 48 taskId: 398 ETC: 0.15 priority: 0
  taskPos: 49 taskId: 864 ETC: 0.1 priority: 0
  taskPos: 50 taskId: 16 ETC: 0.13 priority: 0
  taskPos: 51 taskId: 32 ETC: 0.06 priority: 0
  taskPos: 52 taskId: 430 ETC: 0.11 priority: 0
  taskPos: 53 taskId: 108 ETC: 0.1 priority: 0
  taskPos: 54 taskId: 678 ETC: 0.12 priority: 0
  taskPos: 55 taskId: 984 ETC: 0.12 priority: 0
  taskPos: 56 taskId: 982 ETC: 0.1 priority: 0
  taskPos: 57 taskId: 440 ETC: 0.14 priority: 0
  taskPos: 58 taskId: 684 ETC: 0.11 priority: 0
  taskPos: 59 taskId: 926 ETC: 3.44 priority: 0
  taskPos: 60 taskId: 164 ETC: 0.18 priority: 0
  taskPos: 61 taskId: 612 ETC: 0.19 priority: 0
  taskPos: 62 taskId: 958 ETC: 0.2 priority: 0
  taskPos: 63 taskId: 195 ETC: 0.16 priority: 0
  taskPos: 64 taskId: 834 ETC: 0.16 priority: 0
  taskPos: 65 taskId: 330 ETC: 1.26 priority: 0
  taskPos: 66 taskId: 418 ETC: 0.17 priority: 0
  taskPos: 67 taskId: 476 ETC: 0.15 priority: 0
  taskPos: 68 taskId: 842 ETC: 0.13 priority: 0
  taskPos: 69 taskId: 256 ETC: 0.21 priority: 0
  taskPos: 70 taskId: 870 ETC: 0.22 priority: 0
  taskPos: 71 taskId: 658 ETC: 0.22 priority: 0
  taskPos: 72 taskId: 908 ETC: 0.18 priority: 0
  taskPos: 73 taskId: 748 ETC: 0.16 priority: 0
  taskPos: 74 taskId: 48 ETC: 0.25 priority: 0
  taskPos: 75 taskId: 300 ETC: 0.26 priority: 0
  taskPos: 76 taskId: 902 ETC: 0.17 priority: 0
  taskPos: 77 taskId: 190 ETC: 0.23 priority: 0
  taskPos: 78 taskId: 876 ETC: 0.14 priority: 0
  taskPos: 79 taskId: 836 ETC: 0.2 priority: 0
  taskPos: 80 taskId: 224 ETC: 0.25 priority: 0
  taskPos: 81 taskId: 368 ETC: 0.28 priority: 0
  taskPos: 82 taskId: 798 ETC: 0.35 priority: 0
  taskPos: 83 taskId: 90 ETC: 0.22 priority: 0
  taskPos: 84 taskId: 824 ETC: 0.42 priority: 0
  taskPos: 85 taskId: 192 ETC: 0.19 priority: 0
  taskPos: 86 taskId: 472 ETC: 0.33 priority: 0
  taskPos: 87 taskId: 616 ETC: 0.21 priority: 0
  taskPos: 88 taskId: 400 ETC: 0.23 priority: 0
  taskPos: 89 taskId: 594 ETC: 0.33 priority: 0
  taskPos: 90 taskId: 356 ETC: 0.23 priority: 0
  taskPos: 91 taskId: 930 ETC: 0.34 priority: 0
  taskPos: 92 taskId: 134 ETC: 0.26 priority: 0
  taskPos: 93 taskId: 1016 ETC: 0.39 priority: 0
  taskPos: 94 taskId: 54 ETC: 0.29 priority: 0
  taskPos: 95 taskId: 86 ETC: 0.39 priority: 0
  taskPos: 96 taskId: 406 ETC: 0.31 priority: 0
  taskPos: 97 taskId: 458 ETC: 0.37 priority: 0
  taskPos: 98 taskId: 388 ETC: 0.3 priority: 0
  taskPos: 99 taskId: 742 ETC: 0.48 priority: 0
  taskPos: 100 taskId: 264 ETC: 0.33 priority: 0
  taskPos: 101 taskId: 1004 ETC: 0.28 priority: 0
  taskPos: 102 taskId: 680 ETC: 0.35 priority: 0
  taskPos: 103 taskId: 838 ETC: 0.56 priority: 0
  taskPos: 104 taskId: 868 ETC: 0.47 priority: 0
  taskPos: 105 taskId: 196 ETC: 0.39 priority: 0
  taskPos: 106 taskId: 520 ETC: 0.46 priority: 0
  taskPos: 107 taskId: 328 ETC: 0.26 priority: 0
  taskPos: 108 taskId: 764 ETC: 0.36 priority: 0
  taskPos: 109 taskId: 158 ETC: 0.5 priority: 0
  taskPos: 110 taskId: 208 ETC: 0.27 priority: 0
  taskPos: 111 taskId: 744 ETC: 1.72 priority: 0
  taskPos: 112 taskId: 712 ETC: 0.43 priority: 0
  taskPos: 113 taskId: 344 ETC: 0.3 priority: 0
  taskPos: 114 taskId: 576 ETC: 0.01 priority: 0
  taskPos: 115 taskId: 754 ETC: 0.49 priority: 0
  taskPos: 116 taskId: 536 ETC: 0.49 priority: 0
  taskPos: 117 taskId: 102 ETC: 0.4 priority: 0
  taskPos: 118 taskId: 110 ETC: 0.36 priority: 0
  taskPos: 119 taskId: 802 ETC: 0.5 priority: 0
  taskPos: 120 taskId: 624 ETC: 0.39 priority: 0
  taskPos: 121 taskId: 558 ETC: 0.63 priority: 0
  taskPos: 122 taskId: 706 ETC: 0.45 priority: 0
  taskPos: 123 taskId: 562 ETC: 0.5 priority: 0
  taskPos: 124 taskId: 1008 ETC: 0.66 priority: 0
  taskPos: 125 taskId: 146 ETC: 0.45 priority: 0
  taskPos: 126 taskId: 20 ETC: 0.49 priority: 0
  taskPos: 127 taskId: 916 ETC: 0.52 priority: 0
  taskPos: 128 taskId: 74 ETC: 0.57 priority: 0
  taskPos: 129 taskId: 200 ETC: 0.58 priority: 0
  taskPos: 130 taskId: 378 ETC: 0.65 priority: 0
  taskPos: 131 taskId: 960 ETC: 0.57 priority: 0
  taskPos: 132 taskId: 78 ETC: 0.61 priority: 0
  taskPos: 133 taskId: 928 ETC: 0.62 priority: 0
  taskPos: 134 taskId: 346 ETC: 0.53 priority: 0
  taskPos: 135 taskId: 376 ETC: 0.85 priority: 0
  taskPos: 136 taskId: 518 ETC: 0.61 priority: 0
  taskPos: 137 taskId: 240 ETC: 0.57 priority: 0
  taskPos: 138 taskId: 884 ETC: 0.69 priority: 0
  taskPos: 139 taskId: 750 ETC: 0.81 priority: 0
  taskPos: 140 taskId: 782 ETC: 0.62 priority: 0
  taskPos: 141 taskId: 62 ETC: 0.03 priority: 0
  taskPos: 142 taskId: 210 ETC: 0.67 priority: 0
  taskPos: 143 taskId: 92 ETC: 0.7 priority: 0
  taskPos: 144 taskId: 886 ETC: 0.67 priority: 0
  taskPos: 145 taskId: 402 ETC: 0.65 priority: 0
  taskPos: 146 taskId: 1002 ETC: 0.64 priority: 0
  taskPos: 147 taskId: 1012 ETC: 0.7 priority: 0
  taskPos: 148 taskId: 484 ETC: 0.71 priority: 0
  taskPos: 149 taskId: 820 ETC: 0.87 priority: 0
  taskPos: 150 taskId: 776 ETC: 0.98 priority: 0
  taskPos: 151 taskId: 352 ETC: 0.74 priority: 0
  taskPos: 152 taskId: 560 ETC: 1.1 priority: 0
  taskPos: 153 taskId: 874 ETC: 0.6 priority: 0
  taskPos: 154 taskId: 130 ETC: 0.72 priority: 0
  taskPos: 155 taskId: 250 ETC: 0.82 priority: 0
  taskPos: 156 taskId: 172 ETC: 0.82 priority: 0
  taskPos: 157 taskId: 922 ETC: 1.1 priority: 0
  taskPos: 158 taskId: 584 ETC: 0.52 priority: 0
  taskPos: 159 taskId: 990 ETC: 1.04 priority: 0
  taskPos: 160 taskId: 294 ETC: 0.94 priority: 0
  taskPos: 161 taskId: 956 ETC: 1.1 priority: 0
  taskPos: 162 taskId: 308 ETC: 1 priority: 0
  taskPos: 163 taskId: 198 ETC: 1.23 priority: 0
  taskPos: 164 taskId: 282 ETC: 1.21 priority: 0
  taskPos: 165 taskId: 446 ETC: 1.26 priority: 0
  taskPos: 166 taskId: 456 ETC: 3.97 priority: 0
  taskPos: 167 taskId: 942 ETC: 1.3 priority: 0
  taskPos: 168 taskId: 810 ETC: 1.2 priority: 0
  taskPos: 169 taskId: 84 ETC: 0.8 priority: 0
  taskPos: 170 taskId: 708 ETC: 1.15 priority: 0
  taskPos: 171 taskId: 986 ETC: 1.42 priority: 0
  taskPos: 172 taskId: 38 ETC: 1 priority: 0
  taskPos: 173 taskId: 128 ETC: 0.74 priority: 0
  taskPos: 174 taskId: 442 ETC: 1.31 priority: 0
  taskPos: 175 taskId: 828 ETC: 1.65 priority: 0
  taskPos: 176 taskId: 714 ETC: 2.05 priority: 0
  taskPos: 177 taskId: 854 ETC: 0.97 priority: 0
  taskPos: 178 taskId: 278 ETC: 1.06 priority: 0
  taskPos: 179 taskId: 150 ETC: 1.4 priority: 0
  taskPos: 180 taskId: 936 ETC: 4 priority: 0
  taskPos: 181 taskId: 182 ETC: 1.5 priority: 0
  taskPos: 182 taskId: 1006 ETC: 1.52 priority: 0
  taskPos: 183 taskId: 770 ETC: 2.45 priority: 0
  taskPos: 184 taskId: 230 ETC: 1.58 priority: 0
  taskPos: 185 taskId: 736 ETC: 1.89 priority: 0
  taskPos: 186 taskId: 94 ETC: 2.31 priority: 0
  taskPos: 187 taskId: 396 ETC: 1.41 priority: 0
  taskPos: 188 taskId: 486 ETC: 0.92 priority: 0
  taskPos: 189 taskId: 298 ETC: 2.17 priority: 0
  taskPos: 190 taskId: 40 ETC: 0.97 priority: 0
  taskPos: 191 taskId: 846 ETC: 2.47 priority: 0
  taskPos: 192 taskId: 934 ETC: 1.75 priority: 0
  taskPos: 193 taskId: 600 ETC: 1.53 priority: 0
  taskPos: 194 taskId: 698 ETC: 3.54 priority: 0
  taskPos: 195 taskId: 746 ETC: 2.73 priority: 0
  taskPos: 196 taskId: 636 ETC: 2.51 priority: 0
  taskPos: 197 taskId: 992 ETC: 5.69 priority: 0
  taskPos: 198 taskId: 946 ETC: 1.63 priority: 0
  taskPos: 199 taskId: 784 ETC: 3.67 priority: 0
> machineId: 1
  taskPos: 0 taskId: 1017 ETC: 0 priority: 0
  taskPos: 1 taskId: 669 ETC: 0.03 priority: 0
  taskPos: 2 taskId: 552 ETC: 0.12 priority: 0
  taskPos: 3 taskId: 626 ETC: 0.05 priority: 0
  taskPos: 4 taskId: 104 ETC: 0.09 priority: 0
  taskPos: 5 taskId: 424 ETC: 0.07 priority: 0
  taskPos: 6 taskId: 10 ETC: 0.97 priority: 0
  taskPos: 7 taskId: 80 ETC: 0.4 priority: 0
  taskPos: 8 taskId: 436 ETC: 0.13 priority: 0
  taskPos: 9 taskId: 510 ETC: 0.21 priority: 0
  taskPos: 10 taskId: 969 ETC: 0.09 priority: 0
  taskPos: 11 taskId: 148 ETC: 0.32 priority: 0
  taskPos: 12 taskId: 768 ETC: 0.32 priority: 0
  taskPos: 13 taskId: 416 ETC: 0.36 priority: 0
  taskPos: 14 taskId: 812 ETC: 0.42 priority: 0
  taskPos: 15 taskId: 976 ETC: 0.1 priority: 0
  taskPos: 16 taskId: 460 ETC: 0.49 priority: 0
  taskPos: 17 taskId: 295 ETC: 0.1 priority: 0
  taskPos: 18 taskId: 246 ETC: 0.61 priority: 0
  taskPos: 19 taskId: 912 ETC: 0.13 priority: 0
  taskPos: 20 taskId: 890 ETC: 0.24 priority: 0
  taskPos: 21 taskId: 50 ETC: 0.23 priority: 0
  taskPos: 22 taskId: 296 ETC: 0.38 priority: 0
  taskPos: 23 taskId: 904 ETC: 0.35 priority: 0
  taskPos: 24 taskId: 504 ETC: 0.33 priority: 0
  taskPos: 25 taskId: 444 ETC: 0.73 priority: 0
  taskPos: 26 taskId: 19 ETC: 0.19 priority: 0
  taskPos: 27 taskId: 618 ETC: 0.9 priority: 0
  taskPos: 28 taskId: 184 ETC: 0.56 priority: 0
  taskPos: 29 taskId: 862 ETC: 0.6 priority: 0
  taskPos: 30 taskId: 306 ETC: 1.06 priority: 0
  taskPos: 31 taskId: 360 ETC: 0.95 priority: 0
  taskPos: 32 taskId: 502 ETC: 0.68 priority: 0
  taskPos: 33 taskId: 64 ETC: 0.67 priority: 0
  taskPos: 34 taskId: 954 ETC: 0.59 priority: 0
  taskPos: 35 taskId: 82 ETC: 0.95 priority: 0
  taskPos: 36 taskId: 276 ETC: 0.63 priority: 0
  taskPos: 37 taskId: 480 ETC: 0.67 priority: 0
  taskPos: 38 taskId: 324 ETC: 1.01 priority: 0
  taskPos: 39 taskId: 242 ETC: 0.87 priority: 0
  taskPos: 40 taskId: 168 ETC: 1.06 priority: 0
  taskPos: 41 taskId: 896 ETC: 0.5 priority: 0
  taskPos: 42 taskId: 176 ETC: 0.62 priority: 0
  taskPos: 43 taskId: 178 ETC: 1.22 priority: 0
  taskPos: 44 taskId: 205 ETC: 1.02 priority: 0
  taskPos: 45 taskId: 160 ETC: 2.65 priority: 0
  taskPos: 46 taskId: 284 ETC: 0.06 priority: 0
  taskPos: 47 taskId: 482 ETC: 4.54 priority: 0
  taskPos: 48 taskId: 336 ETC: 1.1 priority: 0
  taskPos: 49 taskId: 114 ETC: 1.15 priority: 0
  taskPos: 50 taskId: 512 ETC: 1.03 priority: 0
  taskPos: 51 taskId: 620 ETC: 1.49 priority: 0
  taskPos: 52 taskId: 882 ETC: 1.9 priority: 0
  taskPos: 53 taskId: 758 ETC: 1.35 priority: 0
  taskPos: 54 taskId: 212 ETC: 1.32 priority: 0
  taskPos: 55 taskId: 856 ETC: 1.1 priority: 0
  taskPos: 56 taskId: 766 ETC: 1.26 priority: 0
  taskPos: 57 taskId: 120 ETC: 1.89 priority: 0
  taskPos: 58 taskId: 632 ETC: 0.85 priority: 0
  taskPos: 59 taskId: 350 ETC: 1.08 priority: 0
  taskPos: 60 taskId: 666 ETC: 1.07 priority: 0
  taskPos: 61 taskId: 498 ETC: 1.91 priority: 0
  taskPos: 62 taskId: 448 ETC: 2.09 priority: 0
  taskPos: 63 taskId: 122 ETC: 2.85 priority: 0
  taskPos: 64 taskId: 606 ETC: 2.01 priority: 0
  taskPos: 65 taskId: 614 ETC: 1.37 priority: 0
  taskPos: 66 taskId: 944 ETC: 4.08 priority: 0
  taskPos: 67 taskId: 578 ETC: 1.88 priority: 0
  taskPos: 68 taskId: 872 ETC: 3.69 priority: 0
  taskPos: 69 taskId: 462 ETC: 6.34 priority: 0
  taskPos: 70 taskId: 490 ETC: 2.4 priority: 0
  taskPos: 71 taskId: 154 ETC: 1.89 priority: 0
  taskPos: 72 taskId: 288 ETC: 2.9 priority: 0
  taskPos: 73 taskId: 948 ETC: 2.17 priority: 0
  taskPos: 74 taskId: 98 ETC: 3.75 priority: 0
  taskPos: 75 taskId: 664 ETC: 2.26 priority: 0
  taskPos: 76 taskId: 654 ETC: 6.19 priority: 0
  taskPos: 77 taskId: 774 ETC: 2.21 priority: 0
  taskPos: 78 taskId: 466 ETC: 1.94 priority: 0
  taskPos: 79 taskId: 674 ETC: 6.39 priority: 0
  taskPos: 80 taskId: 268 ETC: 5.15 priority: 0
  taskPos: 81 taskId: 790 ETC: 3.95 priority: 0
  taskPos: 82 taskId: 568 ETC: 4.24 priority: 0
  taskPos: 83 taskId: 1020 ETC: 3.17 priority: 0
  taskPos: 84 taskId: 966 ETC: 11.43 priority: 0
> machineId: 2
  taskPos: 0 taskId: 3 ETC: 0.01 priority: 0
  taskPos: 1 taskId: 676 ETC: 0.42 priority: 0
  taskPos: 2 taskId: 950 ETC: 0.17 priority: 0
  taskPos: 3 taskId: 318 ETC: 0.94 priority: 0
  taskPos: 4 taskId: 21 ETC: 0.04 priority: 0
  taskPos: 5 taskId: 219 ETC: 0 priority: 0
  taskPos: 6 taskId: 197 ETC: 0.05 priority: 0
  taskPos: 7 taskId: 840 ETC: 0.2 priority: 0
  taskPos: 8 taskId: 788 ETC: 0.19 priority: 0
  taskPos: 9 taskId: 244 ETC: 0.51 priority: 0
  taskPos: 10 taskId: 564 ETC: 0.68 priority: 0
  taskPos: 11 taskId: 720 ETC: 0.67 priority: 0
  taskPos: 12 taskId: 722 ETC: 0.36 priority: 0
  taskPos: 13 taskId: 111 ETC: 0.68 priority: 0
  taskPos: 14 taskId: 532 ETC: 0.69 priority: 0
  taskPos: 15 taskId: 932 ETC: 0.53 priority: 0
  taskPos: 16 taskId: 237 ETC: 0.61 priority: 0
  taskPos: 17 taskId: 648 ETC: 1.39 priority: 0
  taskPos: 18 taskId: 55 ETC: 0.43 priority: 0
  taskPos: 19 taskId: 180 ETC: 1.08 priority: 0
  taskPos: 20 taskId: 522 ETC: 1.44 priority: 0
  taskPos: 21 taskId: 546 ETC: 1.2 priority: 0
  taskPos: 22 taskId: 138 ETC: 1.29 priority: 0
  taskPos: 23 taskId: 996 ETC: 0.97 priority: 0
  taskPos: 24 taskId: 590 ETC: 1.66 priority: 0
  taskPos: 25 taskId: 124 ETC: 0.9 priority: 0
  taskPos: 26 taskId: 254 ETC: 1.24 priority: 0
  taskPos: 27 taskId: 780 ETC: 0.99 priority: 0
  taskPos: 28 taskId: 694 ETC: 2.01 priority: 0
  taskPos: 29 taskId: 667 ETC: 0.27 priority: 0
  taskPos: 30 taskId: 272 ETC: 1.77 priority: 0
  taskPos: 31 taskId: 0 ETC: 1.28 priority: 0
  taskPos: 32 taskId: 544 ETC: 1.69 priority: 0
  taskPos: 33 taskId: 438 ETC: 1.84 priority: 0
  taskPos: 34 taskId: 786 ETC: 2.05 priority: 0
  taskPos: 35 taskId: 660 ETC: 2.12 priority: 0
  taskPos: 36 taskId: 550 ETC: 2.24 priority: 0
  taskPos: 37 taskId: 808 ETC: 4.31 priority: 0
  taskPos: 38 taskId: 970 ETC: 1.37 priority: 0
  taskPos: 39 taskId: 920 ETC: 10.23 priority: 0
  taskPos: 40 taskId: 652 ETC: 3.35 priority: 0
  taskPos: 41 taskId: 860 ETC: 1.68 priority: 0
  taskPos: 42 taskId: 850 ETC: 3.46 priority: 0
  taskPos: 43 taskId: 628 ETC: 3.24 priority: 0
  taskPos: 44 taskId: 918 ETC: 2.74 priority: 0
  taskPos: 45 taskId: 238 ETC: 1.89 priority: 0
  taskPos: 46 taskId: 873 ETC: 2.62 priority: 0
  taskPos: 47 taskId: 170 ETC: 6.02 priority: 0
  taskPos: 48 taskId: 526 ETC: 2.64 priority: 0
  taskPos: 49 taskId: 386 ETC: 4.12 priority: 0
  taskPos: 50 taskId: 422 ETC: 3.58 priority: 0
  taskPos: 51 taskId: 608 ETC: 7.15 priority: 0
  taskPos: 52 taskId: 980 ETC: 5.55 priority: 0
  taskPos: 53 taskId: 340 ETC: 10.74 priority: 0
  taskPos: 54 taskId: 270 ETC: 5.7 priority: 0
  taskPos: 55 taskId: 338 ETC: 8.09 priority: 0
  taskPos: 56 taskId: 972 ETC: 9.12 priority: 0
> machineId: 3
  taskPos: 0 taskId: 591 ETC: 0.01 priority: 0
  taskPos: 1 taskId: 4 ETC: 4.24 priority: 0
  taskPos: 2 taskId: 529 ETC: 0.06 priority: 0
  taskPos: 3 taskId: 783 ETC: 0.09 priority: 0
  taskPos: 4 taskId: 262 ETC: 0.19 priority: 0
  taskPos: 5 taskId: 96 ETC: 0.43 priority: 0
  taskPos: 6 taskId: 387 ETC: 0.25 priority: 0
  taskPos: 7 taskId: 45 ETC: 0.55 priority: 0
  taskPos: 8 taskId: 408 ETC: 0.33 priority: 0
  taskPos: 9 taskId: 710 ETC: 0.62 priority: 0
  taskPos: 10 taskId: 372 ETC: 0.76 priority: 0
  taskPos: 11 taskId: 726 ETC: 0.7 priority: 0
  taskPos: 12 taskId: 906 ETC: 1.01 priority: 0
  taskPos: 13 taskId: 610 ETC: 0.83 priority: 0
  taskPos: 14 taskId: 362 ETC: 1.28 priority: 0
  taskPos: 15 taskId: 816 ETC: 0.99 priority: 0
  taskPos: 16 taskId: 88 ETC: 1.08 priority: 0
  taskPos: 17 taskId: 690 ETC: 0.84 priority: 0
  taskPos: 18 taskId: 582 ETC: 1.16 priority: 0
  taskPos: 19 taskId: 832 ETC: 1.41 priority: 0
  taskPos: 20 taskId: 117 ETC: 1.36 priority: 0
  taskPos: 21 taskId: 413 ETC: 1.75 priority: 0
  taskPos: 22 taskId: 292 ETC: 1.55 priority: 0
  taskPos: 23 taskId: 34 ETC: 3.4 priority: 0
  taskPos: 24 taskId: 426 ETC: 1.58 priority: 0
  taskPos: 25 taskId: 688 ETC: 2.7 priority: 0
  taskPos: 26 taskId: 570 ETC: 2.23 priority: 0
  taskPos: 27 taskId: 252 ETC: 6.06 priority: 0
  taskPos: 28 taskId: 634 ETC: 4.28 priority: 0
  taskPos: 29 taskId: 924 ETC: 2.03 priority: 0
  taskPos: 30 taskId: 474 ETC: 2.79 priority: 0
  taskPos: 31 taskId: 704 ETC: 2.87 priority: 0
  taskPos: 32 taskId: 106 ETC: 2.59 priority: 0
  taskPos: 33 taskId: 26 ETC: 7.19 priority: 0
  taskPos: 34 taskId: 496 ETC: 2.15 priority: 0
  taskPos: 35 taskId: 752 ETC: 4.92 priority: 0
  taskPos: 36 taskId: 334 ETC: 3.25 priority: 0
  taskPos: 37 taskId: 650 ETC: 3.06 priority: 0
  taskPos: 38 taskId: 218 ETC: 3.29 priority: 0
  taskPos: 39 taskId: 248 ETC: 1.85 priority: 0
  taskPos: 40 taskId: 794 ETC: 14.13 priority: 0
  taskPos: 41 taskId: 380 ETC: 10.35 priority: 0
  taskPos: 42 taskId: 222 ETC: 5.69 priority: 0
  taskPos: 43 taskId: 644 ETC: 12.28 priority: 0
  taskPos: 44 taskId: 940 ETC: 4.33 priority: 0
  taskPos: 45 taskId: 734 ETC: 6.95 priority: 0
> machineId: 4
  taskPos: 0 taskId: 251 ETC: 0.27 priority: 0
  taskPos: 1 taskId: 617 ETC: 0.02 priority: 0
  taskPos: 2 taskId: 895 ETC: 0.87 priority: 0
  taskPos: 3 taskId: 993 ETC: 1.84 priority: 0
  taskPos: 4 taskId: 885 ETC: 0.22 priority: 0
  taskPos: 5 taskId: 554 ETC: 0.72 priority: 0
  taskPos: 6 taskId: 517 ETC: 0.54 priority: 0
  taskPos: 7 taskId: 73 ETC: 0.05 priority: 0
  taskPos: 8 taskId: 771 ETC: 0.16 priority: 0
  taskPos: 9 taskId: 963 ETC: 1.13 priority: 0
  taskPos: 10 taskId: 12 ETC: 1.57 priority: 0
  taskPos: 11 taskId: 848 ETC: 2.02 priority: 0
  taskPos: 12 taskId: 685 ETC: 0.86 priority: 0
  taskPos: 13 taskId: 905 ETC: 0.74 priority: 0
  taskPos: 14 taskId: 543 ETC: 1.2 priority: 0
  taskPos: 15 taskId: 977 ETC: 0.2 priority: 0
  taskPos: 16 taskId: 228 ETC: 3.24 priority: 0
  taskPos: 17 taskId: 759 ETC: 0.28 priority: 0
  taskPos: 18 taskId: 382 ETC: 1.57 priority: 0
  taskPos: 19 taskId: 174 ETC: 2.77 priority: 0
  taskPos: 20 taskId: 58 ETC: 9.03 priority: 0
  taskPos: 21 taskId: 18 ETC: 2.68 priority: 0
  taskPos: 22 taskId: 622 ETC: 3.59 priority: 0
  taskPos: 23 taskId: 738 ETC: 4.85 priority: 0
  taskPos: 24 taskId: 412 ETC: 12.6 priority: 0
  taskPos: 25 taskId: 394 ETC: 2.43 priority: 0
  taskPos: 26 taskId: 642 ETC: 3.65 priority: 0
  taskPos: 27 taskId: 822 ETC: 4.55 priority: 0
  taskPos: 28 taskId: 234 ETC: 4.76 priority: 0
  taskPos: 29 taskId: 574 ETC: 1.88 priority: 0
  taskPos: 30 taskId: 152 ETC: 8.96 priority: 0
  taskPos: 31 taskId: 656 ETC: 7.45 priority: 0
  taskPos: 32 taskId: 702 ETC: 6.23 priority: 0
  taskPos: 33 taskId: 817 ETC: 1.29 priority: 0
  taskPos: 34 taskId: 286 ETC: 3.01 priority: 0
  taskPos: 35 taskId: 596 ETC: 5.84 priority: 0
  taskPos: 36 taskId: 162 ETC: 14.64 priority: 0
  taskPos: 37 taskId: 978 ETC: 14.21 priority: 0
> machineId: 5
  taskPos: 0 taskId: 173 ETC: 0.41 priority: 0
  taskPos: 1 taskId: 975 ETC: 0.63 priority: 0
  taskPos: 2 taskId: 867 ETC: 0.18 priority: 0
  taskPos: 3 taskId: 75 ETC: 0.93 priority: 0
  taskPos: 4 taskId: 407 ETC: 1.17 priority: 0
  taskPos: 5 taskId: 9 ETC: 1.09 priority: 0
  taskPos: 6 taskId: 136 ETC: 1.07 priority: 0
  taskPos: 7 taskId: 354 ETC: 3.9 priority: 0
  taskPos: 8 taskId: 513 ETC: 0.41 priority: 0
  taskPos: 9 taskId: 149 ETC: 1.16 priority: 0
  taskPos: 10 taskId: 305 ETC: 1.22 priority: 0
  taskPos: 11 taskId: 166 ETC: 3.3 priority: 0
  taskPos: 12 taskId: 277 ETC: 1.14 priority: 0
  taskPos: 13 taskId: 233 ETC: 2.53 priority: 0
  taskPos: 14 taskId: 67 ETC: 0.95 priority: 0
  taskPos: 15 taskId: 202 ETC: 9.32 priority: 0
  taskPos: 16 taskId: 894 ETC: 3.19 priority: 0
  taskPos: 17 taskId: 580 ETC: 1.87 priority: 0
  taskPos: 18 taskId: 434 ETC: 25.81 priority: 0
  taskPos: 19 taskId: 962 ETC: 10.2 priority: 0
  taskPos: 20 taskId: 83 ETC: 0.22 priority: 0
  taskPos: 21 taskId: 342 ETC: 7.35 priority: 0
  taskPos: 22 taskId: 6 ETC: 3.28 priority: 0
  taskPos: 23 taskId: 280 ETC: 7.01 priority: 0
  taskPos: 24 taskId: 528 ETC: 12.44 priority: 0
  taskPos: 25 taskId: 974 ETC: 7.54 priority: 0
  taskPos: 26 taskId: 193 ETC: 3.68 priority: 0
  taskPos: 27 taskId: 516 ETC: 13.96 priority: 0
  taskPos: 28 taskId: 814 ETC: 5.41 priority: 0
> machineId: 6
  taskPos: 0 taskId: 507 ETC: 0.1 priority: 0
  taskPos: 1 taskId: 730 ETC: 14.03 priority: 0
  taskPos: 2 taskId: 625 ETC: 0.12 priority: 0
  taskPos: 3 taskId: 119 ETC: 0.15 priority: 0
  taskPos: 4 taskId: 729 ETC: 1.42 priority: 0
  taskPos: 5 taskId: 835 ETC: 0.07 priority: 0
  taskPos: 6 taskId: 760 ETC: 1.45 priority: 0
  taskPos: 7 taskId: 775 ETC: 0.02 priority: 0
  taskPos: 8 taskId: 171 ETC: 0.35 priority: 0
  taskPos: 9 taskId: 399 ETC: 0.67 priority: 0
  taskPos: 10 taskId: 410 ETC: 2.81 priority: 0
  taskPos: 11 taskId: 997 ETC: 0.54 priority: 0
  taskPos: 12 taskId: 781 ETC: 0.48 priority: 0
  taskPos: 13 taskId: 449 ETC: 0.68 priority: 0
  taskPos: 14 taskId: 938 ETC: 2.76 priority: 0
  taskPos: 15 taskId: 833 ETC: 1.46 priority: 0
  taskPos: 16 taskId: 535 ETC: 0.23 priority: 0
  taskPos: 17 taskId: 301 ETC: 2.94 priority: 0
  taskPos: 18 taskId: 76 ETC: 6.14 priority: 0
  taskPos: 19 taskId: 366 ETC: 8.89 priority: 0
  taskPos: 20 taskId: 322 ETC: 10.65 priority: 0
  taskPos: 21 taskId: 825 ETC: 0.6 priority: 0
  taskPos: 22 taskId: 859 ETC: 0.9 priority: 0
  taskPos: 23 taskId: 998 ETC: 8.54 priority: 0
  taskPos: 24 taskId: 263 ETC: 0.94 priority: 0
  taskPos: 25 taskId: 586 ETC: 4.11 priority: 0
  taskPos: 26 taskId: 265 ETC: 2.33 priority: 0
  taskPos: 27 taskId: 404 ETC: 6.31 priority: 0
  taskPos: 28 taskId: 778 ETC: 10.04 priority: 0
  taskPos: 29 taskId: 326 ETC: 16.38 priority: 0
  taskPos: 30 taskId: 204 ETC: 5.38 priority: 0
  taskPos: 31 taskId: 994 ETC: 18.3 priority: 0
> machineId: 7
  taskPos: 0 taskId: 47 ETC: 0.01 priority: 0
  taskPos: 1 taskId: 323 ETC: 0.01 priority: 0
  taskPos: 2 taskId: 39 ETC: 0.37 priority: 0
  taskPos: 3 taskId: 491 ETC: 0.05 priority: 0
  taskPos: 4 taskId: 635 ETC: 0.52 priority: 0
  taskPos: 5 taskId: 241 ETC: 0.12 priority: 0
  taskPos: 6 taskId: 115 ETC: 0.44 priority: 0
  taskPos: 7 taskId: 715 ETC: 1.32 priority: 0
  taskPos: 8 taskId: 310 ETC: 18.32 priority: 0
  taskPos: 9 taskId: 807 ETC: 0.16 priority: 0
  taskPos: 10 taskId: 651 ETC: 0.98 priority: 0
  taskPos: 11 taskId: 629 ETC: 1.67 priority: 0
  taskPos: 12 taskId: 321 ETC: 1.37 priority: 0
  taskPos: 13 taskId: 813 ETC: 2.47 priority: 0
  taskPos: 14 taskId: 732 ETC: 6.5 priority: 0
  taskPos: 15 taskId: 1018 ETC: 4.94 priority: 0
  taskPos: 16 taskId: 70 ETC: 12.59 priority: 0
  taskPos: 17 taskId: 66 ETC: 8.58 priority: 0
  taskPos: 18 taskId: 971 ETC: 0.84 priority: 0
  taskPos: 19 taskId: 826 ETC: 7.1 priority: 0
  taskPos: 20 taskId: 851 ETC: 21.94 priority: 0
  taskPos: 21 taskId: 31 ETC: 2.8 priority: 0
  taskPos: 22 taskId: 818 ETC: 1.6 priority: 0
  taskPos: 23 taskId: 464 ETC: 6.05 priority: 0
  taskPos: 24 taskId: 630 ETC: 13.93 priority: 0
  taskPos: 25 taskId: 414 ETC: 14.47 priority: 0
> machineId: 8
  taskPos: 0 taskId: 103 ETC: 0.12 priority: 0
  taskPos: 1 taskId: 169 ETC: 0.36 priority: 0
  taskPos: 2 taskId: 269 ETC: 0.66 priority: 0
  taskPos: 3 taskId: 615 ETC: 0.65 priority: 0
  taskPos: 4 taskId: 28 ETC: 19.61 priority: 0
  taskPos: 5 taskId: 355 ETC: 0.75 priority: 0
  taskPos: 6 taskId: 733 ETC: 0.46 priority: 0
  taskPos: 7 taskId: 239 ETC: 0.01 priority: 0
  taskPos: 8 taskId: 853 ETC: 0.81 priority: 0
  taskPos: 9 taskId: 643 ETC: 3.35 priority: 0
  taskPos: 10 taskId: 557 ETC: 0.38 priority: 0
  taskPos: 11 taskId: 933 ETC: 0.33 priority: 0
  taskPos: 12 taskId: 358 ETC: 8.64 priority: 0
  taskPos: 13 taskId: 662 ETC: 2.27 priority: 0
  taskPos: 14 taskId: 943 ETC: 1.89 priority: 0
  taskPos: 15 taskId: 465 ETC: 0.95 priority: 0
  taskPos: 16 taskId: 447 ETC: 1.13 priority: 0
  taskPos: 17 taskId: 304 ETC: 5.22 priority: 0
  taskPos: 18 taskId: 888 ETC: 6.51 priority: 0
  taskPos: 19 taskId: 221 ETC: 2.51 priority: 0
  taskPos: 20 taskId: 42 ETC: 22.19 priority: 0
  taskPos: 21 taskId: 542 ETC: 12.02 priority: 0
  taskPos: 22 taskId: 900 ETC: 15.33 priority: 0
  taskPos: 23 taskId: 44 ETC: 5.7 priority: 0
  taskPos: 24 taskId: 540 ETC: 4.93 priority: 0
  taskPos: 25 taskId: 186 ETC: 14.3 priority: 0
> machineId: 9
  taskPos: 0 taskId: 561 ETC: 0.25 priority: 0
  taskPos: 1 taskId: 677 ETC: 0.2 priority: 0
  taskPos: 2 taskId: 1023 ETC: 2.81 priority: 0
  taskPos: 3 taskId: 821 ETC: 0.13 priority: 0
  taskPos: 4 taskId: 189 ETC: 1.81 priority: 0
  taskPos: 5 taskId: 789 ETC: 0.89 priority: 0
  taskPos: 6 taskId: 361 ETC: 0.43 priority: 0
  taskPos: 7 taskId: 637 ETC: 4.98 priority: 0
  taskPos: 8 taskId: 313 ETC: 2.44 priority: 0
  taskPos: 9 taskId: 640 ETC: 9.61 priority: 0
  taskPos: 10 taskId: 898 ETC: 25.38 priority: 0
  taskPos: 11 taskId: 861 ETC: 0.96 priority: 0
  taskPos: 12 taskId: 767 ETC: 0.45 priority: 0
  taskPos: 13 taskId: 432 ETC: 2.67 priority: 0
  taskPos: 14 taskId: 157 ETC: 3.87 priority: 0
  taskPos: 15 taskId: 316 ETC: 8.08 priority: 0
  taskPos: 16 taskId: 1000 ETC: 16.33 priority: 0
  taskPos: 17 taskId: 450 ETC: 6.67 priority: 0
  taskPos: 18 taskId: 320 ETC: 20.54 priority: 0
  taskPos: 19 taskId: 409 ETC: 3.93 priority: 0
  taskPos: 20 taskId: 156 ETC: 14.1 priority: 0
> machineId: 10
  taskPos: 0 taskId: 247 ETC: 0.11 priority: 0
  taskPos: 1 taskId: 505 ETC: 0.18 priority: 0
  taskPos: 2 taskId: 773 ETC: 0.22 priority: 0
  taskPos: 3 taskId: 901 ETC: 0.14 priority: 0
  taskPos: 4 taskId: 175 ETC: 0.84 priority: 0
  taskPos: 5 taskId: 713 ETC: 0.49 priority: 0
  taskPos: 6 taskId: 225 ETC: 0.6 priority: 0
  taskPos: 7 taskId: 937 ETC: 0.07 priority: 0
  taskPos: 8 taskId: 452 ETC: 9.63 priority: 0
  taskPos: 9 taskId: 521 ETC: 3.57 priority: 0
  taskPos: 10 taskId: 965 ETC: 1.01 priority: 0
  taskPos: 11 taskId: 349 ETC: 1.37 priority: 0
  taskPos: 12 taskId: 563 ETC: 1.77 priority: 0
  taskPos: 13 taskId: 573 ETC: 0.88 priority: 0
  taskPos: 14 taskId: 229 ETC: 3.62 priority: 0
  taskPos: 15 taskId: 188 ETC: 11.17 priority: 0
  taskPos: 16 taskId: 445 ETC: 1.04 priority: 0
  taskPos: 17 taskId: 1022 ETC: 6.53 priority: 0
  taskPos: 18 taskId: 548 ETC: 33.68 priority: 0
  taskPos: 19 taskId: 183 ETC: 2.02 priority: 0
  taskPos: 20 taskId: 718 ETC: 8.46 priority: 0
  taskPos: 21 taskId: 470 ETC: 18.09 priority: 0
  taskPos: 22 taskId: 880 ETC: 5.78 priority: 0
  taskPos: 23 taskId: 638 ETC: 21.02 priority: 0
> machineId: 11
  taskPos: 0 taskId: 155 ETC: 0.42 priority: 0
  taskPos: 1 taskId: 947 ETC: 0.04 priority: 0
  taskPos: 2 taskId: 581 ETC: 1.61 priority: 0
  taskPos: 3 taskId: 7 ETC: 0.06 priority: 0
  taskPos: 4 taskId: 471 ETC: 0.54 priority: 0
  taskPos: 5 taskId: 566 ETC: 0.07 priority: 0
  taskPos: 6 taskId: 379 ETC: 0.67 priority: 0
  taskPos: 7 taskId: 877 ETC: 0.17 priority: 0
  taskPos: 8 taskId: 243 ETC: 2.46 priority: 0
  taskPos: 9 taskId: 463 ETC: 0.35 priority: 0
  taskPos: 10 taskId: 935 ETC: 0.27 priority: 0
  taskPos: 11 taskId: 883 ETC: 4.33 priority: 0
  taskPos: 12 taskId: 609 ETC: 0.4 priority: 0
  taskPos: 13 taskId: 43 ETC: 2.44 priority: 0
  taskPos: 14 taskId: 785 ETC: 1.68 priority: 0
  taskPos: 15 taskId: 390 ETC: 10.88 priority: 0
  taskPos: 16 taskId: 829 ETC: 4.5 priority: 0
  taskPos: 17 taskId: 957 ETC: 5.07 priority: 0
  taskPos: 18 taskId: 384 ETC: 18.52 priority: 0
  taskPos: 19 taskId: 909 ETC: 4.12 priority: 0
  taskPos: 20 taskId: 370 ETC: 8.44 priority: 0
  taskPos: 21 taskId: 914 ETC: 26.38 priority: 0
  taskPos: 22 taskId: 488 ETC: 35.78 priority: 0
> machineId: 12
  taskPos: 0 taskId: 953 ETC: 0.02 priority: 0
  taskPos: 1 taskId: 41 ETC: 0.32 priority: 0
  taskPos: 2 taskId: 1 ETC: 0.52 priority: 0
  taskPos: 3 taskId: 865 ETC: 0.08 priority: 0
  taskPos: 4 taskId: 719 ETC: 0.56 priority: 0
  taskPos: 5 taskId: 271 ETC: 1.27 priority: 0
  taskPos: 6 taskId: 131 ETC: 0.99 priority: 0
  taskPos: 7 taskId: 139 ETC: 3.02 priority: 0
  taskPos: 8 taskId: 819 ETC: 7.44 priority: 0
  taskPos: 9 taskId: 151 ETC: 7.25 priority: 0
  taskPos: 10 taskId: 547 ETC: 1.07 priority: 0
  taskPos: 11 taskId: 457 ETC: 9.81 priority: 0
  taskPos: 12 taskId: 187 ETC: 2.39 priority: 0
  taskPos: 13 taskId: 302 ETC: 23.19 priority: 0
  taskPos: 14 taskId: 126 ETC: 23.41 priority: 0
  taskPos: 15 taskId: 673 ETC: 0.8 priority: 0
  taskPos: 16 taskId: 514 ETC: 19.64 priority: 0
  taskPos: 17 taskId: 524 ETC: 13.11 priority: 0
  taskPos: 18 taskId: 267 ETC: 1.86 priority: 0
  taskPos: 19 taskId: 724 ETC: 15 priority: 0
> machineId: 13
  taskPos: 0 taskId: 223 ETC: 0.26 priority: 0
  taskPos: 1 taskId: 639 ETC: 0.12 priority: 0
  taskPos: 2 taskId: 665 ETC: 0.22 priority: 0
  taskPos: 3 taskId: 455 ETC: 0 priority: 0
  taskPos: 4 taskId: 99 ETC: 1.59 priority: 0
  taskPos: 5 taskId: 357 ETC: 0.12 priority: 0
  taskPos: 6 taskId: 105 ETC: 2.5 priority: 0
  taskPos: 7 taskId: 837 ETC: 2.86 priority: 0
  taskPos: 8 taskId: 989 ETC: 1.13 priority: 0
  taskPos: 9 taskId: 27 ETC: 1.37 priority: 0
  taskPos: 10 taskId: 144 ETC: 22.14 priority: 0
  taskPos: 11 taskId: 577 ETC: 0.07 priority: 0
  taskPos: 12 taskId: 52 ETC: 20.26 priority: 0
  taskPos: 13 taskId: 847 ETC: 4.95 priority: 0
  taskPos: 14 taskId: 397 ETC: 1.36 priority: 0
  taskPos: 15 taskId: 351 ETC: 0.21 priority: 0
  taskPos: 16 taskId: 675 ETC: 1.35 priority: 0
  taskPos: 17 taskId: 692 ETC: 11.52 priority: 0
  taskPos: 18 taskId: 686 ETC: 6.27 priority: 0
  taskPos: 19 taskId: 220 ETC: 8.59 priority: 0
  taskPos: 20 taskId: 226 ETC: 6.84 priority: 0
  taskPos: 21 taskId: 604 ETC: 32.95 priority: 0
  taskPos: 22 taskId: 681 ETC: 0.72 priority: 0
  taskPos: 23 taskId: 611 ETC: 0.29 priority: 0
  taskPos: 24 taskId: 545 ETC: 0.1 priority: 0
> machineId: 14
  taskPos: 0 taskId: 787 ETC: 0.1 priority: 0
  taskPos: 1 taskId: 1003 ETC: 0 priority: 0
  taskPos: 2 taskId: 2 ETC: 25.27 priority: 0
  taskPos: 3 taskId: 347 ETC: 1.68 priority: 0
  taskPos: 4 taskId: 479 ETC: 0.05 priority: 0
  taskPos: 5 taskId: 429 ETC: 0.4 priority: 0
  taskPos: 6 taskId: 201 ETC: 0.91 priority: 0
  taskPos: 7 taskId: 709 ETC: 1.22 priority: 0
  taskPos: 8 taskId: 303 ETC: 0.88 priority: 0
  taskPos: 9 taskId: 533 ETC: 0.71 priority: 0
  taskPos: 10 taskId: 319 ETC: 0.11 priority: 0
  taskPos: 11 taskId: 961 ETC: 1.25 priority: 0
  taskPos: 12 taskId: 275 ETC: 0.54 priority: 0
  taskPos: 13 taskId: 483 ETC: 7.98 priority: 0
  taskPos: 14 taskId: 153 ETC: 1.47 priority: 0
  taskPos: 15 taskId: 273 ETC: 5.38 priority: 0
  taskPos: 16 taskId: 511 ETC: 15.88 priority: 0
  taskPos: 17 taskId: 141 ETC: 1.99 priority: 0
  taskPos: 18 taskId: 348 ETC: 29.97 priority: 0
  taskPos: 19 taskId: 290 ETC: 15.23 priority: 0
  taskPos: 20 taskId: 29 ETC: 2.62 priority: 0
  taskPos: 21 taskId: 63 ETC: 10.07 priority: 0
> machineId: 15
  taskPos: 0 taskId: 735 ETC: 0.01 priority: 0
  taskPos: 1 taskId: 655 ETC: 1.04 priority: 0
  taskPos: 2 taskId: 549 ETC: 0.96 priority: 0
  taskPos: 3 taskId: 701 ETC: 1.59 priority: 0
  taskPos: 4 taskId: 118 ETC: 40.2 priority: 0
  taskPos: 5 taskId: 755 ETC: 1.47 priority: 0
  taskPos: 6 taskId: 199 ETC: 0.02 priority: 0
  taskPos: 7 taskId: 679 ETC: 0 priority: 0
  taskPos: 8 taskId: 569 ETC: 0.06 priority: 0
  taskPos: 9 taskId: 337 ETC: 4.55 priority: 0
  taskPos: 10 taskId: 815 ETC: 7.4 priority: 0
  taskPos: 11 taskId: 161 ETC: 0.69 priority: 0
  taskPos: 12 taskId: 602 ETC: 12.51 priority: 0
  taskPos: 13 taskId: 801 ETC: 1.25 priority: 0
  taskPos: 14 taskId: 538 ETC: 24.61 priority: 0
  taskPos: 15 taskId: 925 ETC: 1.81 priority: 0
  taskPos: 16 taskId: 945 ETC: 3.11 priority: 0
  taskPos: 17 taskId: 285 ETC: 8.04 priority: 0
  taskPos: 18 taskId: 299 ETC: 0.79 priority: 0
  taskPos: 19 taskId: 668 ETC: 22.06 priority: 0
> machineId: 16
  taskPos: 0 taskId: 623 ETC: 0.13 priority: 0
  taskPos: 1 taskId: 135 ETC: 0.19 priority: 0
  taskPos: 2 taskId: 866 ETC: 20.52 priority: 0
  taskPos: 3 taskId: 889 ETC: 0.27 priority: 0
  taskPos: 4 taskId: 209 ETC: 5.05 priority: 0
  taskPos: 5 taskId: 911 ETC: 1.13 priority: 0
  taskPos: 6 taskId: 959 ETC: 1.01 priority: 0
  taskPos: 7 taskId: 185 ETC: 0.63 priority: 0
  taskPos: 8 taskId: 49 ETC: 2.33 priority: 0
  taskPos: 9 taskId: 81 ETC: 0.76 priority: 0
  taskPos: 10 taskId: 631 ETC: 0.33 priority: 0
  taskPos: 11 taskId: 607 ETC: 7.2 priority: 0
  taskPos: 12 taskId: 875 ETC: 0.67 priority: 0
  taskPos: 13 taskId: 17 ETC: 11.99 priority: 0
  taskPos: 14 taskId: 852 ETC: 24.59 priority: 0
  taskPos: 15 taskId: 915 ETC: 1.82 priority: 0
  taskPos: 16 taskId: 672 ETC: 35.59 priority: 0
  taskPos: 17 taskId: 879 ETC: 0.96 priority: 0
  taskPos: 18 taskId: 433 ETC: 10.16 priority: 0
  taskPos: 19 taskId: 671 ETC: 3.63 priority: 0
> machineId: 17
  taskPos: 0 taskId: 255 ETC: 0.06 priority: 0
  taskPos: 1 taskId: 37 ETC: 0.13 priority: 0
  taskPos: 2 taskId: 805 ETC: 0.1 priority: 0
  taskPos: 3 taskId: 917 ETC: 1.46 priority: 0
  taskPos: 4 taskId: 129 ETC: 0.15 priority: 0
  taskPos: 5 taskId: 61 ETC: 1.46 priority: 0
  taskPos: 6 taskId: 59 ETC: 0.78 priority: 0
  taskPos: 7 taskId: 125 ETC: 1.82 priority: 0
  taskPos: 8 taskId: 579 ETC: 2.84 priority: 0
  taskPos: 9 taskId: 711 ETC: 1.4 priority: 0
  taskPos: 10 taskId: 1009 ETC: 5.14 priority: 0
  taskPos: 11 taskId: 571 ETC: 0.6 priority: 0
  taskPos: 12 taskId: 56 ETC: 28.99 priority: 0
  taskPos: 13 taskId: 441 ETC: 0.08 priority: 0
  taskPos: 14 taskId: 121 ETC: 5.43 priority: 0
  taskPos: 15 taskId: 792 ETC: 6.89 priority: 0
  taskPos: 16 taskId: 494 ETC: 25.07 priority: 0
  taskPos: 17 taskId: 503 ETC: 9.4 priority: 0
  taskPos: 18 taskId: 592 ETC: 36.45 priority: 0
> machineId: 18
  taskPos: 0 taskId: 649 ETC: 0.37 priority: 0
  taskPos: 1 taskId: 779 ETC: 9.94 priority: 0
  taskPos: 2 taskId: 163 ETC: 1.44 priority: 0
  taskPos: 3 taskId: 605 ETC: 0.12 priority: 0
  taskPos: 4 taskId: 751 ETC: 0.61 priority: 0
  taskPos: 5 taskId: 373 ETC: 3.44 priority: 0
  taskPos: 6 taskId: 899 ETC: 1.08 priority: 0
  taskPos: 7 taskId: 143 ETC: 0.16 priority: 0
  taskPos: 8 taskId: 401 ETC: 0.84 priority: 0
  taskPos: 9 taskId: 1001 ETC: 1.76 priority: 0
  taskPos: 10 taskId: 663 ETC: 5.66 priority: 0
  taskPos: 11 taskId: 765 ETC: 2.03 priority: 0
  taskPos: 12 taskId: 527 ETC: 4.31 priority: 0
  taskPos: 13 taskId: 539 ETC: 3.61 priority: 0
  taskPos: 14 taskId: 595 ETC: 4.16 priority: 0
  taskPos: 15 taskId: 65 ETC: 14.61 priority: 0
  taskPos: 16 taskId: 839 ETC: 6.23 priority: 0
  taskPos: 17 taskId: 762 ETC: 50.48 priority: 0
  taskPos: 18 taskId: 140 ETC: 4.17 priority: 0
> machineId: 19
  taskPos: 0 taskId: 565 ETC: 0.14 priority: 0
  taskPos: 1 taskId: 987 ETC: 0.49 priority: 0
  taskPos: 2 taskId: 1019 ETC: 9.62 priority: 0
  taskPos: 3 taskId: 567 ETC: 1.23 priority: 0
  taskPos: 4 taskId: 451 ETC: 3.62 priority: 0
  taskPos: 5 taskId: 36 ETC: 44.77 priority: 0
  taskPos: 6 taskId: 599 ETC: 0.29 priority: 0
  taskPos: 7 taskId: 721 ETC: 6.35 priority: 0
  taskPos: 8 taskId: 891 ETC: 5.15 priority: 0
  taskPos: 9 taskId: 369 ETC: 0.96 priority: 0
  taskPos: 10 taskId: 863 ETC: 3.28 priority: 0
  taskPos: 11 taskId: 693 ETC: 0.15 priority: 0
  taskPos: 12 taskId: 1011 ETC: 3.73 priority: 0
  taskPos: 13 taskId: 749 ETC: 6.63 priority: 0
  taskPos: 14 taskId: 459 ETC: 1.27 priority: 0
  taskPos: 15 taskId: 700 ETC: 31.53 priority: 0
> machineId: 20
  taskPos: 0 taskId: 645 ETC: 0.01 priority: 0
  taskPos: 1 taskId: 705 ETC: 0.46 priority: 0
  taskPos: 2 taskId: 995 ETC: 0.57 priority: 0
  taskPos: 3 taskId: 939 ETC: 0.38 priority: 0
  taskPos: 4 taskId: 367 ETC: 0.02 priority: 0
  taskPos: 5 taskId: 598 ETC: 3.57 priority: 0
  taskPos: 6 taskId: 603 ETC: 3.29 priority: 0
  taskPos: 7 taskId: 589 ETC: 1.32 priority: 0
  taskPos: 8 taskId: 167 ETC: 0.3 priority: 0
  taskPos: 9 taskId: 147 ETC: 8.59 priority: 0
  taskPos: 10 taskId: 217 ETC: 6.22 priority: 0
  taskPos: 11 taskId: 739 ETC: 0.66 priority: 0
  taskPos: 12 taskId: 132 ETC: 22.98 priority: 0
  taskPos: 13 taskId: 261 ETC: 1.45 priority: 0
  taskPos: 14 taskId: 741 ETC: 7.57 priority: 0
  taskPos: 15 taskId: 112 ETC: 36.62 priority: 0
  taskPos: 16 taskId: 871 ETC: 0.72 priority: 0
  taskPos: 17 taskId: 803 ETC: 2.31 priority: 0
  taskPos: 18 taskId: 417 ETC: 20.34 priority: 0
  taskPos: 19 taskId: 1007 ETC: 3.4 priority: 0
  taskPos: 20 taskId: 57 ETC: 1.1 priority: 0
  taskPos: 21 taskId: 435 ETC: 1.95 priority: 0
> machineId: 21
  taskPos: 0 taskId: 793 ETC: 0.03 priority: 0
  taskPos: 1 taskId: 454 ETC: 46.56 priority: 0
  taskPos: 2 taskId: 489 ETC: 0.2 priority: 0
  taskPos: 3 taskId: 745 ETC: 0.07 priority: 0
  taskPos: 4 taskId: 841 ETC: 0.32 priority: 0
  taskPos: 5 taskId: 93 ETC: 0.5 priority: 0
  taskPos: 6 taskId: 657 ETC: 0.38 priority: 0
  taskPos: 7 taskId: 727 ETC: 1 priority: 0
  taskPos: 8 taskId: 393 ETC: 0.31 priority: 0
  taskPos: 9 taskId: 999 ETC: 0.84 priority: 0
  taskPos: 10 taskId: 897 ETC: 0.65 priority: 0
  taskPos: 11 taskId: 439 ETC: 0.63 priority: 0
  taskPos: 12 taskId: 531 ETC: 1.14 priority: 0
  taskPos: 13 taskId: 191 ETC: 1.44 priority: 0
  taskPos: 14 taskId: 77 ETC: 2.17 priority: 0
  taskPos: 15 taskId: 53 ETC: 3.55 priority: 0
  taskPos: 16 taskId: 753 ETC: 5.84 priority: 0
  taskPos: 17 taskId: 179 ETC: 3.04 priority: 0
  taskPos: 18 taskId: 468 ETC: 35.75 priority: 0
  taskPos: 19 taskId: 979 ETC: 9.6 priority: 0
  taskPos: 20 taskId: 123 ETC: 2.12 priority: 0
  taskPos: 21 taskId: 791 ETC: 14.39 priority: 0
  taskPos: 22 taskId: 515 ETC: 0.34 priority: 0
  taskPos: 23 taskId: 1021 ETC: 0.98 priority: 0
> machineId: 22
  taskPos: 0 taskId: 13 ETC: 0.3 priority: 0
  taskPos: 1 taskId: 165 ETC: 0.43 priority: 0
  taskPos: 2 taskId: 757 ETC: 2.3 priority: 0
  taskPos: 3 taskId: 87 ETC: 2.47 priority: 0
  taskPos: 4 taskId: 5 ETC: 2.02 priority: 0
  taskPos: 5 taskId: 619 ETC: 0.34 priority: 0
  taskPos: 6 taskId: 363 ETC: 0.85 priority: 0
  taskPos: 7 taskId: 869 ETC: 0.88 priority: 0
  taskPos: 8 taskId: 364 ETC: 22.09 priority: 0
  taskPos: 9 taskId: 559 ETC: 0.03 priority: 0
  taskPos: 10 taskId: 627 ETC: 2.24 priority: 0
  taskPos: 11 taskId: 214 ETC: 48.37 priority: 0
  taskPos: 12 taskId: 707 ETC: 0.13 priority: 0
  taskPos: 13 taskId: 769 ETC: 1.18 priority: 0
  taskPos: 14 taskId: 339 ETC: 2.33 priority: 0
  taskPos: 15 taskId: 927 ETC: 1.02 priority: 0
  taskPos: 16 taskId: 307 ETC: 4.05 priority: 0
  taskPos: 17 taskId: 855 ETC: 1.43 priority: 0
  taskPos: 18 taskId: 72 ETC: 38.47 priority: 0
> machineId: 23
  taskPos: 0 taskId: 981 ETC: 0.05 priority: 0
  taskPos: 1 taskId: 293 ETC: 0.39 priority: 0
  taskPos: 2 taskId: 929 ETC: 0.96 priority: 0
  taskPos: 3 taskId: 728 ETC: 0.76 priority: 0
  taskPos: 4 taskId: 69 ETC: 0.98 priority: 0
  taskPos: 5 taskId: 881 ETC: 0.73 priority: 0
  taskPos: 6 taskId: 231 ETC: 0.29 priority: 0
  taskPos: 7 taskId: 477 ETC: 0.36 priority: 0
  taskPos: 8 taskId: 857 ETC: 1.75 priority: 0
  taskPos: 9 taskId: 551 ETC: 1.92 priority: 0
  taskPos: 10 taskId: 71 ETC: 0.5 priority: 0
  taskPos: 11 taskId: 341 ETC: 1.7 priority: 0
  taskPos: 12 taskId: 211 ETC: 1.66 priority: 0
  taskPos: 13 taskId: 907 ETC: 0.54 priority: 0
  taskPos: 14 taskId: 258 ETC: 43.6 priority: 0
  taskPos: 15 taskId: 345 ETC: 11.76 priority: 0
  taskPos: 16 taskId: 327 ETC: 1.1 priority: 0
  taskPos: 17 taskId: 670 ETC: 41.01 priority: 0
  taskPos: 18 taskId: 375 ETC: 1.85 priority: 0
  taskPos: 19 taskId: 245 ETC: 6.72 priority: 0
> machineId: 24
  taskPos: 0 taskId: 475 ETC: 0.04 priority: 0
  taskPos: 1 taskId: 831 ETC: 2.32 priority: 0
  taskPos: 2 taskId: 845 ETC: 4.78 priority: 0
  taskPos: 3 taskId: 283 ETC: 1.84 priority: 0
  taskPos: 4 taskId: 797 ETC: 1.36 priority: 0
  taskPos: 5 taskId: 281 ETC: 37.39 priority: 0
  taskPos: 6 taskId: 931 ETC: 7.21 priority: 0
  taskPos: 7 taskId: 537 ETC: 2.04 priority: 0
  taskPos: 8 taskId: 723 ETC: 1.17 priority: 0
  taskPos: 9 taskId: 509 ETC: 1.31 priority: 0
  taskPos: 10 taskId: 291 ETC: 5.25 priority: 0
  taskPos: 11 taskId: 11 ETC: 1.5 priority: 0
  taskPos: 12 taskId: 843 ETC: 1.31 priority: 0
  taskPos: 13 taskId: 661 ETC: 0.77 priority: 0
  taskPos: 14 taskId: 371 ETC: 0.09 priority: 0
  taskPos: 15 taskId: 541 ETC: 0.2 priority: 0
  taskPos: 16 taskId: 206 ETC: 36.3 priority: 0
  taskPos: 17 taskId: 253 ETC: 2.38 priority: 0
  taskPos: 18 taskId: 425 ETC: 1.17 priority: 0
  taskPos: 19 taskId: 297 ETC: 4.58 priority: 0
  taskPos: 20 taskId: 951 ETC: 0.5 priority: 0
  taskPos: 21 taskId: 903 ETC: 12.64 priority: 0
  taskPos: 22 taskId: 51 ETC: 2.63 priority: 0
> machineId: 25
  taskPos: 0 taskId: 113 ETC: 0.74 priority: 0
  taskPos: 1 taskId: 423 ETC: 0.65 priority: 0
  taskPos: 2 taskId: 647 ETC: 4.61 priority: 0
  taskPos: 3 taskId: 421 ETC: 0.43 priority: 0
  taskPos: 4 taskId: 335 ETC: 0.16 priority: 0
  taskPos: 5 taskId: 405 ETC: 3.81 priority: 0
  taskPos: 6 taskId: 159 ETC: 0.31 priority: 0
  taskPos: 7 taskId: 777 ETC: 6.1 priority: 0
  taskPos: 8 taskId: 95 ETC: 47.57 priority: 0
  taskPos: 9 taskId: 91 ETC: 0.82 priority: 0
  taskPos: 10 taskId: 389 ETC: 0.17 priority: 0
  taskPos: 11 taskId: 501 ETC: 11.67 priority: 0
  taskPos: 12 taskId: 437 ETC: 1.54 priority: 0
  taskPos: 13 taskId: 213 ETC: 3.67 priority: 0
  taskPos: 14 taskId: 329 ETC: 2.15 priority: 0
  taskPos: 15 taskId: 85 ETC: 1.35 priority: 0
  taskPos: 16 taskId: 145 ETC: 1.83 priority: 0
  taskPos: 17 taskId: 493 ETC: 1.75 priority: 0
  taskPos: 18 taskId: 800 ETC: 35.87 priority: 0
> machineId: 26
  taskPos: 0 taskId: 495 ETC: 3.73 priority: 0
  taskPos: 1 taskId: 383 ETC: 0.83 priority: 0
  taskPos: 2 taskId: 923 ETC: 0.14 priority: 0
  taskPos: 3 taskId: 453 ETC: 0.01 priority: 0
  taskPos: 4 taskId: 683 ETC: 0.87 priority: 0
  taskPos: 5 taskId: 415 ETC: 1.26 priority: 0
  taskPos: 6 taskId: 227 ETC: 1.36 priority: 0
  taskPos: 7 taskId: 967 ETC: 1.59 priority: 0
  taskPos: 8 taskId: 353 ETC: 4.83 priority: 0
  taskPos: 9 taskId: 232 ETC: 18.51 priority: 0
  taskPos: 10 taskId: 717 ETC: 1.61 priority: 0
  taskPos: 11 taskId: 949 ETC: 1.02 priority: 0
  taskPos: 12 taskId: 133 ETC: 1.58 priority: 0
  taskPos: 13 taskId: 315 ETC: 3 priority: 0
  taskPos: 14 taskId: 216 ETC: 57.35 priority: 0
  taskPos: 15 taskId: 811 ETC: 4.45 priority: 0
  taskPos: 16 taskId: 985 ETC: 4.03 priority: 0
  taskPos: 17 taskId: 312 ETC: 19.18 priority: 0
> machineId: 27
  taskPos: 0 taskId: 593 ETC: 0.01 priority: 0
  taskPos: 1 taskId: 737 ETC: 0.18 priority: 0
  taskPos: 2 taskId: 682 ETC: 34.6 priority: 0
  taskPos: 3 taskId: 381 ETC: 0.34 priority: 0
  taskPos: 4 taskId: 583 ETC: 0.28 priority: 0
  taskPos: 5 taskId: 331 ETC: 0.19 priority: 0
  taskPos: 6 taskId: 137 ETC: 0.84 priority: 0
  taskPos: 7 taskId: 983 ETC: 0.39 priority: 0
  taskPos: 8 taskId: 633 ETC: 0.14 priority: 0
  taskPos: 9 taskId: 687 ETC: 2.51 priority: 0
  taskPos: 10 taskId: 109 ETC: 0.05 priority: 0
  taskPos: 11 taskId: 419 ETC: 0.75 priority: 0
  taskPos: 12 taskId: 343 ETC: 0.09 priority: 0
  taskPos: 13 taskId: 887 ETC: 1.01 priority: 0
  taskPos: 14 taskId: 641 ETC: 0.73 priority: 0
  taskPos: 15 taskId: 46 ETC: 6.2 priority: 0
  taskPos: 16 taskId: 332 ETC: 47.99 priority: 0
  taskPos: 17 taskId: 699 ETC: 1.61 priority: 0
  taskPos: 18 taskId: 23 ETC: 1.26 priority: 0
  taskPos: 19 taskId: 763 ETC: 0.48 priority: 0
  taskPos: 20 taskId: 469 ETC: 0.81 priority: 0
  taskPos: 21 taskId: 703 ETC: 6.63 priority: 0
  taskPos: 22 taskId: 799 ETC: 2.2 priority: 0
  taskPos: 23 taskId: 697 ETC: 4.78 priority: 0
  taskPos: 24 taskId: 443 ETC: 2.14 priority: 0
  taskPos: 25 taskId: 575 ETC: 1.64 priority: 0
  taskPos: 26 taskId: 431 ETC: 6.53 priority: 0
  taskPos: 27 taskId: 317 ETC: 6.52 priority: 0
> machineId: 28
  taskPos: 0 taskId: 365 ETC: 0.28 priority: 0
  taskPos: 1 taskId: 481 ETC: 0.42 priority: 0
  taskPos: 2 taskId: 497 ETC: 0.84 priority: 0
  taskPos: 3 taskId: 60 ETC: 13.21 priority: 0
  taskPos: 4 taskId: 467 ETC: 0.11 priority: 0
  taskPos: 5 taskId: 485 ETC: 0.2 priority: 0
  taskPos: 6 taskId: 97 ETC: 0.75 priority: 0
  taskPos: 7 taskId: 333 ETC: 1.88 priority: 0
  taskPos: 8 taskId: 691 ETC: 0.57 priority: 0
  taskPos: 9 taskId: 725 ETC: 1.08 priority: 0
  taskPos: 10 taskId: 991 ETC: 0.62 priority: 0
  taskPos: 11 taskId: 35 ETC: 0.76 priority: 0
  taskPos: 12 taskId: 181 ETC: 1.54 priority: 0
  taskPos: 13 taskId: 747 ETC: 2.1 priority: 0
  taskPos: 14 taskId: 403 ETC: 0.6 priority: 0
  taskPos: 15 taskId: 107 ETC: 1.88 priority: 0
  taskPos: 16 taskId: 30 ETC: 57.27 priority: 0
  taskPos: 17 taskId: 795 ETC: 13.32 priority: 0
  taskPos: 18 taskId: 15 ETC: 12.62 priority: 0
  taskPos: 19 taskId: 731 ETC: 2.58 priority: 0
  taskPos: 20 taskId: 555 ETC: 1.16 priority: 0
  taskPos: 21 taskId: 1005 ETC: 3.09 priority: 0
> machineId: 29
  taskPos: 0 taskId: 823 ETC: 0.38 priority: 0
  taskPos: 1 taskId: 1015 ETC: 1.87 priority: 0
  taskPos: 2 taskId: 260 ETC: 17.01 priority: 0
  taskPos: 3 taskId: 1013 ETC: 25.03 priority: 0
  taskPos: 4 taskId: 621 ETC: 3.05 priority: 0
  taskPos: 5 taskId: 279 ETC: 6.59 priority: 0
  taskPos: 6 taskId: 743 ETC: 6.99 priority: 0
  taskPos: 7 taskId: 893 ETC: 2.45 priority: 0
  taskPos: 8 taskId: 391 ETC: 2.06 priority: 0
  taskPos: 9 taskId: 461 ETC: 9.11 priority: 0
  taskPos: 10 taskId: 659 ETC: 0.39 priority: 0
  taskPos: 11 taskId: 33 ETC: 0.46 priority: 0
  taskPos: 12 taskId: 597 ETC: 9.3 priority: 0
  taskPos: 13 taskId: 601 ETC: 0.96 priority: 0
  taskPos: 14 taskId: 499 ETC: 0.88 priority: 0
  taskPos: 15 taskId: 858 ETC: 29.57 priority: 0
  taskPos: 16 taskId: 249 ETC: 2.86 priority: 0
> machineId: 30
  taskPos: 0 taskId: 849 ETC: 0.54 priority: 0
  taskPos: 1 taskId: 919 ETC: 0.14 priority: 0
  taskPos: 2 taskId: 523 ETC: 0.26 priority: 0
  taskPos: 3 taskId: 913 ETC: 0.07 priority: 0
  taskPos: 4 taskId: 973 ETC: 1.8 priority: 0
  taskPos: 5 taskId: 695 ETC: 1.41 priority: 0
  taskPos: 6 taskId: 127 ETC: 9.73 priority: 0
  taskPos: 7 taskId: 613 ETC: 0.25 priority: 0
  taskPos: 8 taskId: 385 ETC: 1.12 priority: 0
  taskPos: 9 taskId: 827 ETC: 1.65 priority: 0
  taskPos: 10 taskId: 325 ETC: 0.33 priority: 0
  taskPos: 11 taskId: 941 ETC: 8.83 priority: 0
  taskPos: 12 taskId: 289 ETC: 3.25 priority: 0
  taskPos: 13 taskId: 921 ETC: 0.71 priority: 0
  taskPos: 14 taskId: 309 ETC: 0.37 priority: 0
  taskPos: 15 taskId: 473 ETC: 2.4 priority: 0
  taskPos: 16 taskId: 311 ETC: 4.03 priority: 0
  taskPos: 17 taskId: 194 ETC: 60.2 priority: 0
  taskPos: 18 taskId: 101 ETC: 1.77 priority: 0
  taskPos: 19 taskId: 411 ETC: 6.58 priority: 0
  taskPos: 20 taskId: 235 ETC: 8.26 priority: 0
  taskPos: 21 taskId: 257 ETC: 9.51 priority: 0
> machineId: 31
  taskPos: 0 taskId: 177 ETC: 0.14 priority: 0
  taskPos: 1 taskId: 487 ETC: 0.21 priority: 0
  taskPos: 2 taskId: 761 ETC: 0.5 priority: 0
  taskPos: 3 taskId: 955 ETC: 5.52 priority: 0
  taskPos: 4 taskId: 587 ETC: 1.11 priority: 0
  taskPos: 5 taskId: 395 ETC: 3.13 priority: 0
  taskPos: 6 taskId: 79 ETC: 36.06 priority: 0
  taskPos: 7 taskId: 25 ETC: 1.12 priority: 0
  taskPos: 8 taskId: 259 ETC: 13.94 priority: 0
  taskPos: 9 taskId: 427 ETC: 0.46 priority: 0
  taskPos: 10 taskId: 89 ETC: 0.53 priority: 0
  taskPos: 11 taskId: 207 ETC: 1.65 priority: 0
  taskPos: 12 taskId: 359 ETC: 5.03 priority: 0
  taskPos: 13 taskId: 287 ETC: 1.57 priority: 0
  taskPos: 14 taskId: 585 ETC: 2.79 priority: 0
  taskPos: 15 taskId: 525 ETC: 3.82 priority: 0
  taskPos: 16 taskId: 740 ETC: 31.54 priority: 0
  taskPos: 17 taskId: 553 ETC: 0.51 priority: 0
  taskPos: 18 taskId: 215 ETC: 2.05 priority: 0
  taskPos: 19 taskId: 653 ETC: 0.66 priority: 0
  taskPos: 20 taskId: 377 ETC: 0.76 priority: 0
  taskPos: 21 taskId: 519 ETC: 1.79 priority: 0



 :( ---------------------- THE END --------------- :) 