[H[2J[INFO] TaskCount: 1024
[INFO] MachineCount: 32

[DEBUG] Inicialización MIN-MIN

Min-Min fitness: 1.41259e+07

[DEBUG] Inicialización Sufferage

Sufferage fitness: 1.69396e+07

[DEBUG] Inicialización random

[DEBUG] Inicialización random

[DEBUG] Inicialización random

[DEBUG] Inicialización MCT

MCT fitness: 1.90898e+07

[DEBUG] Inicialización random

[DEBUG] Inicialización random

[DEBUG] Inicialización random

[DEBUG] Inicialización random

[DEBUG] Inicialización MCT

MCT fitness: 1.93382e+07

[DEBUG] Inicialización random

[DEBUG] Inicialización random

[DEBUG] Inicialización random

[DEBUG] Inicialización random

 Current State ---------------------------------------------

Current trial: 1
Current iteration: 1500
Current evaluations: 22695
Current best cost: 1.32622e+07
Current worst cost: 1.32622e+07
Current Average cost: 1.32622e+07
Current Standard Deviation: 0

Trial: 
Best cost trial: 1.32622e+07
Worst cost trial: 1.88758e+08
Iteration best found in trial: 1453
Time best found trial: 2.38616e+07
Time spent in trial: 2.45351e+07

Global: 
Global best cost: 1.32622e+07
Global worst cost: 1.88758e+08
Trial best found: 1
Iteration best found: 1453
Time best found: 2.38616e+07

Current time spent (so far): 2.45351e+07
Solution
> machineId: 0
  taskPos: 0 taskId: 626 ETC: 3842.68 priority: 0
  taskPos: 1 taskId: 778 ETC: 975.43 priority: 0
  taskPos: 2 taskId: 498 ETC: 464.52 priority: 0
  taskPos: 3 taskId: 144 ETC: 2201.27 priority: 0
  taskPos: 4 taskId: 400 ETC: 998.72 priority: 0
  taskPos: 5 taskId: 186 ETC: 1266.79 priority: 0
  taskPos: 6 taskId: 858 ETC: 1970.37 priority: 0
  taskPos: 7 taskId: 982 ETC: 1954.97 priority: 0
  taskPos: 8 taskId: 692 ETC: 2326.58 priority: 0
  taskPos: 9 taskId: 898 ETC: 146.74 priority: 0
  taskPos: 10 taskId: 172 ETC: 1273.67 priority: 0
  taskPos: 11 taskId: 1018 ETC: 3662.42 priority: 0
  taskPos: 12 taskId: 270 ETC: 4356.34 priority: 0
  taskPos: 13 taskId: 488 ETC: 3242.37 priority: 0
  taskPos: 14 taskId: 542 ETC: 4350.09 priority: 0
  taskPos: 15 taskId: 602 ETC: 5917.02 priority: 0
  taskPos: 16 taskId: 30 ETC: 4391.97 priority: 0
  taskPos: 17 taskId: 696 ETC: 6209.82 priority: 0
  taskPos: 18 taskId: 838 ETC: 2381.84 priority: 0
  taskPos: 19 taskId: 780 ETC: 5231.06 priority: 0
  taskPos: 20 taskId: 860 ETC: 2403.01 priority: 0
  taskPos: 21 taskId: 88 ETC: 8664.58 priority: 0
  taskPos: 22 taskId: 416 ETC: 2082.99 priority: 0
  taskPos: 23 taskId: 878 ETC: 3990.18 priority: 0
  taskPos: 24 taskId: 64 ETC: 5497.16 priority: 0
  taskPos: 25 taskId: 966 ETC: 1843.96 priority: 0
  taskPos: 26 taskId: 768 ETC: 5544.16 priority: 0
  taskPos: 27 taskId: 762 ETC: 7886.65 priority: 0
  taskPos: 28 taskId: 808 ETC: 10943.6 priority: 0
  taskPos: 29 taskId: 907 ETC: 6757.51 priority: 0
  taskPos: 30 taskId: 968 ETC: 6709.69 priority: 0
  taskPos: 31 taskId: 484 ETC: 7308.49 priority: 0
  taskPos: 32 taskId: 308 ETC: 5872.38 priority: 0
  taskPos: 33 taskId: 346 ETC: 11907.7 priority: 0
  taskPos: 34 taskId: 804 ETC: 8861.45 priority: 0
  taskPos: 35 taskId: 110 ETC: 9164.51 priority: 0
  taskPos: 36 taskId: 846 ETC: 7157.18 priority: 0
  taskPos: 37 taskId: 232 ETC: 9370.03 priority: 0
  taskPos: 38 taskId: 760 ETC: 8586.61 priority: 0
  taskPos: 39 taskId: 908 ETC: 8863.04 priority: 0
  taskPos: 40 taskId: 96 ETC: 7352.59 priority: 0
  taskPos: 41 taskId: 162 ETC: 9875.85 priority: 0
  taskPos: 42 taskId: 128 ETC: 12405.5 priority: 0
  taskPos: 43 taskId: 386 ETC: 11476.2 priority: 0
  taskPos: 44 taskId: 676 ETC: 12945.1 priority: 0
  taskPos: 45 taskId: 496 ETC: 13503.8 priority: 0
  taskPos: 46 taskId: 581 ETC: 10898 priority: 0
  taskPos: 47 taskId: 830 ETC: 9894.82 priority: 0
  taskPos: 48 taskId: 238 ETC: 11850.5 priority: 0
  taskPos: 49 taskId: 234 ETC: 14569.5 priority: 0
  taskPos: 50 taskId: 106 ETC: 15930.2 priority: 0
  taskPos: 51 taskId: 508 ETC: 12377.8 priority: 0
  taskPos: 52 taskId: 70 ETC: 16218.6 priority: 0
  taskPos: 53 taskId: 310 ETC: 305598 priority: 0
  taskPos: 54 taskId: 758 ETC: 16236.6 priority: 0
  taskPos: 55 taskId: 861 ETC: 14580.6 priority: 0
  taskPos: 56 taskId: 1006 ETC: 12949.3 priority: 0
  taskPos: 57 taskId: 188 ETC: 23251.9 priority: 0
  taskPos: 58 taskId: 302 ETC: 14223 priority: 0
  taskPos: 59 taskId: 438 ETC: 17922.6 priority: 0
  taskPos: 60 taskId: 190 ETC: 14286.7 priority: 0
  taskPos: 61 taskId: 836 ETC: 15404.3 priority: 0
  taskPos: 62 taskId: 546 ETC: 17992.6 priority: 0
  taskPos: 63 taskId: 988 ETC: 13262.8 priority: 0
  taskPos: 64 taskId: 396 ETC: 16051.8 priority: 0
  taskPos: 65 taskId: 620 ETC: 23886.2 priority: 0
  taskPos: 66 taskId: 800 ETC: 25555.4 priority: 0
  taskPos: 67 taskId: 130 ETC: 24331.3 priority: 0
  taskPos: 68 taskId: 62 ETC: 25027.7 priority: 0
  taskPos: 69 taskId: 990 ETC: 22032.3 priority: 0
  taskPos: 70 taskId: 568 ETC: 19797.7 priority: 0
  taskPos: 71 taskId: 336 ETC: 16837.8 priority: 0
  taskPos: 72 taskId: 826 ETC: 23917.9 priority: 0
  taskPos: 73 taskId: 402 ETC: 27033.8 priority: 0
  taskPos: 74 taskId: 276 ETC: 30817 priority: 0
  taskPos: 75 taskId: 698 ETC: 39564 priority: 0
  taskPos: 76 taskId: 958 ETC: 24226.8 priority: 0
  taskPos: 77 taskId: 290 ETC: 32544.8 priority: 0
  taskPos: 78 taskId: 304 ETC: 22186.1 priority: 0
  taskPos: 79 taskId: 164 ETC: 28283.9 priority: 0
  taskPos: 80 taskId: 534 ETC: 31583.3 priority: 0
  taskPos: 81 taskId: 764 ETC: 31859.1 priority: 0
  taskPos: 82 taskId: 180 ETC: 30083 priority: 0
  taskPos: 83 taskId: 910 ETC: 26738.4 priority: 0
  taskPos: 84 taskId: 472 ETC: 32988.5 priority: 0
  taskPos: 85 taskId: 204 ETC: 27144 priority: 0
  taskPos: 86 taskId: 250 ETC: 40890.6 priority: 0
  taskPos: 87 taskId: 112 ETC: 36442.4 priority: 0
  taskPos: 88 taskId: 936 ETC: 34433.7 priority: 0
  taskPos: 89 taskId: 380 ETC: 34842.6 priority: 0
  taskPos: 90 taskId: 442 ETC: 30528.2 priority: 0
  taskPos: 91 taskId: 66 ETC: 34090 priority: 0
  taskPos: 92 taskId: 722 ETC: 44451.1 priority: 0
  taskPos: 93 taskId: 424 ETC: 26629 priority: 0
  taskPos: 94 taskId: 520 ETC: 33709.2 priority: 0
  taskPos: 95 taskId: 964 ETC: 36027.6 priority: 0
  taskPos: 96 taskId: 666 ETC: 38491.4 priority: 0
  taskPos: 97 taskId: 940 ETC: 36961.6 priority: 0
  taskPos: 98 taskId: 22 ETC: 34917.5 priority: 0
  taskPos: 99 taskId: 322 ETC: 57358.6 priority: 0
  taskPos: 100 taskId: 342 ETC: 40126.7 priority: 0
  taskPos: 101 taskId: 426 ETC: 35870.7 priority: 0
  taskPos: 102 taskId: 552 ETC: 57995.6 priority: 0
  taskPos: 103 taskId: 623 ETC: 48917.8 priority: 0
  taskPos: 104 taskId: 882 ETC: 48684.1 priority: 0
  taskPos: 105 taskId: 680 ETC: 36912.4 priority: 0
  taskPos: 106 taskId: 1008 ETC: 46818.2 priority: 0
  taskPos: 107 taskId: 382 ETC: 48855.7 priority: 0
  taskPos: 108 taskId: 726 ETC: 41444 priority: 0
  taskPos: 109 taskId: 678 ETC: 54993.3 priority: 0
  taskPos: 110 taskId: 296 ETC: 77113.1 priority: 0
  taskPos: 111 taskId: 734 ETC: 43557.4 priority: 0
  taskPos: 112 taskId: 518 ETC: 272358 priority: 0
  taskPos: 113 taskId: 136 ETC: 49295.1 priority: 0
  taskPos: 114 taskId: 228 ETC: 59005.6 priority: 0
  taskPos: 115 taskId: 832 ETC: 64197.1 priority: 0
  taskPos: 116 taskId: 464 ETC: 48982.1 priority: 0
  taskPos: 117 taskId: 774 ETC: 55108.1 priority: 0
  taskPos: 118 taskId: 76 ETC: 66229.2 priority: 0
  taskPos: 119 taskId: 752 ETC: 52727.3 priority: 0
  taskPos: 120 taskId: 974 ETC: 59614 priority: 0
  taskPos: 121 taskId: 272 ETC: 109598 priority: 0
  taskPos: 122 taskId: 736 ETC: 62628.2 priority: 0
  taskPos: 123 taskId: 244 ETC: 68141.8 priority: 0
  taskPos: 124 taskId: 656 ETC: 48980.2 priority: 0
  taskPos: 125 taskId: 358 ETC: 61568.2 priority: 0
  taskPos: 126 taskId: 528 ETC: 74415.1 priority: 0
  taskPos: 127 taskId: 810 ETC: 50785.8 priority: 0
  taskPos: 128 taskId: 412 ETC: 65007.6 priority: 0
  taskPos: 129 taskId: 700 ETC: 60378.7 priority: 0
  taskPos: 130 taskId: 120 ETC: 73335.5 priority: 0
  taskPos: 131 taskId: 896 ETC: 58813.5 priority: 0
  taskPos: 132 taskId: 340 ETC: 77265.3 priority: 0
  taskPos: 133 taskId: 724 ETC: 59072.1 priority: 0
  taskPos: 134 taskId: 392 ETC: 69416.1 priority: 0
  taskPos: 135 taskId: 436 ETC: 68496.7 priority: 0
  taskPos: 136 taskId: 510 ETC: 57484.7 priority: 0
  taskPos: 137 taskId: 448 ETC: 63393.5 priority: 0
  taskPos: 138 taskId: 644 ETC: 76719.8 priority: 0
  taskPos: 139 taskId: 1012 ETC: 98537.6 priority: 0
  taskPos: 140 taskId: 744 ETC: 87776.4 priority: 0
  taskPos: 141 taskId: 314 ETC: 77827.6 priority: 0
  taskPos: 142 taskId: 410 ETC: 69457.9 priority: 0
  taskPos: 143 taskId: 772 ETC: 67423.6 priority: 0
  taskPos: 144 taskId: 182 ETC: 68834.2 priority: 0
  taskPos: 145 taskId: 338 ETC: 43587.5 priority: 0
  taskPos: 146 taskId: 932 ETC: 90969 priority: 0
  taskPos: 147 taskId: 952 ETC: 81015.7 priority: 0
  taskPos: 148 taskId: 660 ETC: 75044.3 priority: 0
  taskPos: 149 taskId: 754 ETC: 89933.6 priority: 0
  taskPos: 150 taskId: 406 ETC: 78977.2 priority: 0
  taskPos: 151 taskId: 58 ETC: 79033.5 priority: 0
  taskPos: 152 taskId: 242 ETC: 97091 priority: 0
  taskPos: 153 taskId: 690 ETC: 100365 priority: 0
  taskPos: 154 taskId: 466 ETC: 102312 priority: 0
  taskPos: 155 taskId: 792 ETC: 113987 priority: 0
  taskPos: 156 taskId: 624 ETC: 139882 priority: 0
  taskPos: 157 taskId: 748 ETC: 110851 priority: 0
  taskPos: 158 taskId: 572 ETC: 209670 priority: 0
  taskPos: 159 taskId: 468 ETC: 137758 priority: 0
  taskPos: 160 taskId: 686 ETC: 118878 priority: 0
  taskPos: 161 taskId: 926 ETC: 82543.9 priority: 0
  taskPos: 162 taskId: 68 ETC: 170033 priority: 0
  taskPos: 163 taskId: 504 ETC: 164627 priority: 0
  taskPos: 164 taskId: 360 ETC: 114364 priority: 0
  taskPos: 165 taskId: 616 ETC: 131613 priority: 0
  taskPos: 166 taskId: 184 ETC: 254961 priority: 0
  taskPos: 167 taskId: 720 ETC: 134374 priority: 0
  taskPos: 168 taskId: 570 ETC: 151512 priority: 0
  taskPos: 169 taskId: 770 ETC: 97961.8 priority: 0
  taskPos: 170 taskId: 756 ETC: 153504 priority: 0
  taskPos: 171 taskId: 6 ETC: 140953 priority: 0
  taskPos: 172 taskId: 902 ETC: 124878 priority: 0
  taskPos: 173 taskId: 332 ETC: 378741 priority: 0
  taskPos: 174 taskId: 886 ETC: 251723 priority: 0
  taskPos: 175 taskId: 818 ETC: 270517 priority: 0
  taskPos: 176 taskId: 532 ETC: 391869 priority: 0
  taskPos: 177 taskId: 368 ETC: 291889 priority: 0
  taskPos: 178 taskId: 556 ETC: 197142 priority: 0
  taskPos: 179 taskId: 970 ETC: 1.03075e+06 priority: 0
  taskPos: 180 taskId: 344 ETC: 256041 priority: 0
  taskPos: 181 taskId: 670 ETC: 238743 priority: 0
  taskPos: 182 taskId: 134 ETC: 548010 priority: 0
  taskPos: 183 taskId: 740 ETC: 256861 priority: 0
  taskPos: 184 taskId: 632 ETC: 151583 priority: 0
  taskPos: 185 taskId: 584 ETC: 280463 priority: 0
  taskPos: 186 taskId: 868 ETC: 272906 priority: 0
  taskPos: 187 taskId: 1000 ETC: 146256 priority: 0
> machineId: 1
  taskPos: 0 taskId: 198 ETC: 2719.72 priority: 0
  taskPos: 1 taskId: 226 ETC: 1533.97 priority: 0
  taskPos: 2 taskId: 526 ETC: 19155.9 priority: 0
  taskPos: 3 taskId: 954 ETC: 24824.5 priority: 0
  taskPos: 4 taskId: 280 ETC: 10360.7 priority: 0
  taskPos: 5 taskId: 835 ETC: 21615.1 priority: 0
  taskPos: 6 taskId: 566 ETC: 3118 priority: 0
  taskPos: 7 taskId: 916 ETC: 5788.54 priority: 0
  taskPos: 8 taskId: 202 ETC: 70176.1 priority: 0
  taskPos: 9 taskId: 138 ETC: 19010.6 priority: 0
  taskPos: 10 taskId: 364 ETC: 15293.3 priority: 0
  taskPos: 11 taskId: 268 ETC: 620.84 priority: 0
  taskPos: 12 taskId: 428 ETC: 21202.6 priority: 0
  taskPos: 13 taskId: 460 ETC: 11567.5 priority: 0
  taskPos: 14 taskId: 738 ETC: 18334.5 priority: 0
  taskPos: 15 taskId: 822 ETC: 27156.7 priority: 0
  taskPos: 16 taskId: 812 ETC: 10305.7 priority: 0
  taskPos: 17 taskId: 1009 ETC: 2991.02 priority: 0
  taskPos: 18 taskId: 318 ETC: 37066.7 priority: 0
  taskPos: 19 taskId: 420 ETC: 130851 priority: 0
  taskPos: 20 taskId: 614 ETC: 18063.4 priority: 0
  taskPos: 21 taskId: 516 ETC: 49170.6 priority: 0
  taskPos: 22 taskId: 750 ETC: 44155.4 priority: 0
  taskPos: 23 taskId: 260 ETC: 32845.7 priority: 0
  taskPos: 24 taskId: 604 ETC: 41207.7 priority: 0
  taskPos: 25 taskId: 178 ETC: 25491.2 priority: 0
  taskPos: 26 taskId: 324 ETC: 40937.5 priority: 0
  taskPos: 27 taskId: 458 ETC: 43391.4 priority: 0
  taskPos: 28 taskId: 912 ETC: 44783.7 priority: 0
  taskPos: 29 taskId: 784 ETC: 26182.7 priority: 0
  taskPos: 30 taskId: 114 ETC: 19432.4 priority: 0
  taskPos: 31 taskId: 640 ETC: 57163 priority: 0
  taskPos: 32 taskId: 248 ETC: 35295.4 priority: 0
  taskPos: 33 taskId: 470 ETC: 36612.6 priority: 0
  taskPos: 34 taskId: 78 ETC: 51661.4 priority: 0
  taskPos: 35 taskId: 32 ETC: 303495 priority: 0
  taskPos: 36 taskId: 854 ETC: 115363 priority: 0
  taskPos: 37 taskId: 152 ETC: 85889 priority: 0
  taskPos: 38 taskId: 284 ETC: 58883.1 priority: 0
  taskPos: 39 taskId: 258 ETC: 59755.5 priority: 0
  taskPos: 40 taskId: 320 ETC: 54384.2 priority: 0
  taskPos: 41 taskId: 1020 ETC: 59881.3 priority: 0
  taskPos: 42 taskId: 200 ETC: 89351.7 priority: 0
  taskPos: 43 taskId: 452 ETC: 59914.6 priority: 0
  taskPos: 44 taskId: 578 ETC: 55127.6 priority: 0
  taskPos: 45 taskId: 24 ETC: 56135.1 priority: 0
  taskPos: 46 taskId: 628 ETC: 99381.9 priority: 0
  taskPos: 47 taskId: 594 ETC: 93948.1 priority: 0
  taskPos: 48 taskId: 630 ETC: 89859.3 priority: 0
  taskPos: 49 taskId: 796 ETC: 99108.7 priority: 0
  taskPos: 50 taskId: 422 ETC: 89420.2 priority: 0
  taskPos: 51 taskId: 52 ETC: 101740 priority: 0
  taskPos: 52 taskId: 8 ETC: 128372 priority: 0
  taskPos: 53 taskId: 918 ETC: 121120 priority: 0
  taskPos: 54 taskId: 262 ETC: 72192.2 priority: 0
  taskPos: 55 taskId: 72 ETC: 104098 priority: 0
  taskPos: 56 taskId: 174 ETC: 145687 priority: 0
  taskPos: 57 taskId: 648 ETC: 130820 priority: 0
  taskPos: 58 taskId: 490 ETC: 120532 priority: 0
  taskPos: 59 taskId: 352 ETC: 197266 priority: 0
  taskPos: 60 taskId: 524 ETC: 161283 priority: 0
  taskPos: 61 taskId: 376 ETC: 124225 priority: 0
  taskPos: 62 taskId: 456 ETC: 128191 priority: 0
  taskPos: 63 taskId: 948 ETC: 134174 priority: 0
  taskPos: 64 taskId: 538 ETC: 201278 priority: 0
  taskPos: 65 taskId: 980 ETC: 133295 priority: 0
  taskPos: 66 taskId: 474 ETC: 165750 priority: 0
  taskPos: 67 taskId: 522 ETC: 260867 priority: 0
  taskPos: 68 taskId: 924 ETC: 148686 priority: 0
  taskPos: 69 taskId: 850 ETC: 85755.4 priority: 0
  taskPos: 70 taskId: 306 ETC: 238889 priority: 0
  taskPos: 71 taskId: 732 ETC: 173156 priority: 0
  taskPos: 72 taskId: 408 ETC: 254631 priority: 0
  taskPos: 73 taskId: 142 ETC: 287877 priority: 0
  taskPos: 74 taskId: 444 ETC: 163740 priority: 0
  taskPos: 75 taskId: 432 ETC: 145974 priority: 0
  taskPos: 76 taskId: 334 ETC: 330106 priority: 0
  taskPos: 77 taskId: 118 ETC: 149584 priority: 0
  taskPos: 78 taskId: 712 ETC: 227376 priority: 0
  taskPos: 79 taskId: 870 ETC: 142963 priority: 0
  taskPos: 80 taskId: 146 ETC: 354230 priority: 0
  taskPos: 81 taskId: 684 ETC: 336351 priority: 0
  taskPos: 82 taskId: 942 ETC: 308056 priority: 0
  taskPos: 83 taskId: 506 ETC: 279360 priority: 0
  taskPos: 84 taskId: 500 ETC: 457584 priority: 0
  taskPos: 85 taskId: 36 ETC: 413005 priority: 0
  taskPos: 86 taskId: 682 ETC: 440921 priority: 0
  taskPos: 87 taskId: 704 ETC: 488487 priority: 0
  taskPos: 88 taskId: 710 ETC: 158036 priority: 0
  taskPos: 89 taskId: 34 ETC: 432464 priority: 0
  taskPos: 90 taskId: 92 ETC: 642417 priority: 0
  taskPos: 91 taskId: 254 ETC: 202065 priority: 0
  taskPos: 92 taskId: 98 ETC: 863883 priority: 0
  taskPos: 93 taskId: 434 ETC: 613805 priority: 0
> machineId: 2
  taskPos: 0 taskId: 723 ETC: 1449.65 priority: 0
  taskPos: 1 taskId: 5 ETC: 8691.61 priority: 0
  taskPos: 2 taskId: 241 ETC: 5269.53 priority: 0
  taskPos: 3 taskId: 735 ETC: 5367.22 priority: 0
  taskPos: 4 taskId: 934 ETC: 8047.11 priority: 0
  taskPos: 5 taskId: 984 ETC: 2547.92 priority: 0
  taskPos: 6 taskId: 809 ETC: 23480.3 priority: 0
  taskPos: 7 taskId: 454 ETC: 15138.7 priority: 0
  taskPos: 8 taskId: 972 ETC: 29504.7 priority: 0
  taskPos: 9 taskId: 564 ETC: 283561 priority: 0
  taskPos: 10 taskId: 716 ETC: 43853.4 priority: 0
  taskPos: 11 taskId: 794 ETC: 48391.1 priority: 0
  taskPos: 12 taskId: 478 ETC: 72398.2 priority: 0
  taskPos: 13 taskId: 388 ETC: 31323.9 priority: 0
  taskPos: 14 taskId: 56 ETC: 52118.6 priority: 0
  taskPos: 15 taskId: 596 ETC: 92875.4 priority: 0
  taskPos: 16 taskId: 998 ETC: 73909.4 priority: 0
  taskPos: 17 taskId: 862 ETC: 54822.8 priority: 0
  taskPos: 18 taskId: 802 ETC: 31676.9 priority: 0
  taskPos: 19 taskId: 230 ETC: 98698 priority: 0
  taskPos: 20 taskId: 799 ETC: 25762.6 priority: 0
  taskPos: 21 taskId: 50 ETC: 68793.8 priority: 0
  taskPos: 22 taskId: 350 ETC: 72940.1 priority: 0
  taskPos: 23 taskId: 210 ETC: 105279 priority: 0
  taskPos: 24 taskId: 840 ETC: 101941 priority: 0
  taskPos: 25 taskId: 662 ETC: 53579.8 priority: 0
  taskPos: 26 taskId: 790 ETC: 97977.3 priority: 0
  taskPos: 27 taskId: 450 ETC: 138062 priority: 0
  taskPos: 28 taskId: 113 ETC: 82054 priority: 0
  taskPos: 29 taskId: 282 ETC: 138106 priority: 0
  taskPos: 30 taskId: 634 ETC: 114420 priority: 0
  taskPos: 31 taskId: 844 ETC: 113332 priority: 0
  taskPos: 32 taskId: 718 ETC: 180526 priority: 0
  taskPos: 33 taskId: 366 ETC: 129512 priority: 0
  taskPos: 34 taskId: 222 ETC: 183931 priority: 0
  taskPos: 35 taskId: 893 ETC: 125295 priority: 0
  taskPos: 36 taskId: 708 ETC: 177309 priority: 0
  taskPos: 37 taskId: 922 ETC: 173476 priority: 0
  taskPos: 38 taskId: 4 ETC: 292710 priority: 0
  taskPos: 39 taskId: 834 ETC: 215960 priority: 0
  taskPos: 40 taskId: 688 ETC: 218009 priority: 0
  taskPos: 41 taskId: 1010 ETC: 246331 priority: 0
  taskPos: 42 taskId: 890 ETC: 233762 priority: 0
  taskPos: 43 taskId: 1016 ETC: 258696 priority: 0
  taskPos: 44 taskId: 874 ETC: 189952 priority: 0
  taskPos: 45 taskId: 476 ETC: 215206 priority: 0
  taskPos: 46 taskId: 246 ETC: 409894 priority: 0
  taskPos: 47 taskId: 404 ETC: 272240 priority: 0
  taskPos: 48 taskId: 148 ETC: 265200 priority: 0
  taskPos: 49 taskId: 996 ETC: 292529 priority: 0
  taskPos: 50 taskId: 330 ETC: 383664 priority: 0
  taskPos: 51 taskId: 1014 ETC: 291360 priority: 0
  taskPos: 52 taskId: 590 ETC: 353648 priority: 0
  taskPos: 53 taskId: 298 ETC: 434075 priority: 0
  taskPos: 54 taskId: 606 ETC: 464696 priority: 0
  taskPos: 55 taskId: 300 ETC: 689723 priority: 0
  taskPos: 56 taskId: 220 ETC: 1.18448e+06 priority: 0
  taskPos: 57 taskId: 956 ETC: 855977 priority: 0
  taskPos: 58 taskId: 848 ETC: 515017 priority: 0
  taskPos: 59 taskId: 288 ETC: 572021 priority: 0
  taskPos: 60 taskId: 378 ETC: 619932 priority: 0
  taskPos: 61 taskId: 960 ETC: 468065 priority: 0
> machineId: 3
  taskPos: 0 taskId: 295 ETC: 29789.1 priority: 0
  taskPos: 1 taskId: 814 ETC: 12924.3 priority: 0
  taskPos: 2 taskId: 427 ETC: 11107.4 priority: 0
  taskPos: 3 taskId: 574 ETC: 9146.82 priority: 0
  taskPos: 4 taskId: 843 ETC: 39422.2 priority: 0
  taskPos: 5 taskId: 816 ETC: 22448 priority: 0
  taskPos: 6 taskId: 502 ETC: 40228.8 priority: 0
  taskPos: 7 taskId: 598 ETC: 75039.5 priority: 0
  taskPos: 8 taskId: 156 ETC: 73485.2 priority: 0
  taskPos: 9 taskId: 319 ETC: 97208.5 priority: 0
  taskPos: 10 taskId: 622 ETC: 57215 priority: 0
  taskPos: 11 taskId: 610 ETC: 116060 priority: 0
  taskPos: 12 taskId: 211 ETC: 90226.6 priority: 0
  taskPos: 13 taskId: 714 ETC: 64843.3 priority: 0
  taskPos: 14 taskId: 946 ETC: 98126.2 priority: 0
  taskPos: 15 taskId: 115 ETC: 46121.8 priority: 0
  taskPos: 16 taskId: 521 ETC: 127621 priority: 0
  taskPos: 17 taskId: 255 ETC: 115600 priority: 0
  taskPos: 18 taskId: 84 ETC: 132900 priority: 0
  taskPos: 19 taskId: 446 ETC: 200181 priority: 0
  taskPos: 20 taskId: 978 ETC: 157819 priority: 0
  taskPos: 21 taskId: 544 ETC: 298975 priority: 0
  taskPos: 22 taskId: 962 ETC: 270582 priority: 0
  taskPos: 23 taskId: 904 ETC: 166183 priority: 0
  taskPos: 24 taskId: 733 ETC: 195420 priority: 0
  taskPos: 25 taskId: 776 ETC: 164937 priority: 0
  taskPos: 26 taskId: 154 ETC: 337402 priority: 0
  taskPos: 27 taskId: 196 ETC: 162491 priority: 0
  taskPos: 28 taskId: 642 ETC: 610382 priority: 0
  taskPos: 29 taskId: 28 ETC: 251853 priority: 0
  taskPos: 30 taskId: 305 ETC: 417188 priority: 0
  taskPos: 31 taskId: 560 ETC: 443762 priority: 0
  taskPos: 32 taskId: 824 ETC: 404621 priority: 0
  taskPos: 33 taskId: 82 ETC: 451695 priority: 0
  taskPos: 34 taskId: 278 ETC: 824304 priority: 0
  taskPos: 35 taskId: 102 ETC: 723487 priority: 0
  taskPos: 36 taskId: 548 ETC: 288561 priority: 0
  taskPos: 37 taskId: 702 ETC: 505143 priority: 0
  taskPos: 38 taskId: 798 ETC: 494978 priority: 0
  taskPos: 39 taskId: 994 ETC: 599570 priority: 0
  taskPos: 40 taskId: 122 ETC: 859360 priority: 0
  taskPos: 41 taskId: 730 ETC: 1.37368e+06 priority: 0
  taskPos: 42 taskId: 976 ETC: 1.02907e+06 priority: 0
  taskPos: 43 taskId: 928 ETC: 738096 priority: 0
> machineId: 4
  taskPos: 0 taskId: 931 ETC: 15997.1 priority: 0
  taskPos: 1 taskId: 713 ETC: 12955.8 priority: 0
  taskPos: 2 taskId: 929 ETC: 2526.99 priority: 0
  taskPos: 3 taskId: 864 ETC: 102776 priority: 0
  taskPos: 4 taskId: 433 ETC: 3311.9 priority: 0
  taskPos: 5 taskId: 266 ETC: 55313.9 priority: 0
  taskPos: 6 taskId: 580 ETC: 62230.7 priority: 0
  taskPos: 7 taskId: 485 ETC: 77376.6 priority: 0
  taskPos: 8 taskId: 638 ETC: 87834.7 priority: 0
  taskPos: 9 taskId: 347 ETC: 16341.1 priority: 0
  taskPos: 10 taskId: 746 ETC: 217210 priority: 0
  taskPos: 11 taskId: 654 ETC: 120298 priority: 0
  taskPos: 12 taskId: 658 ETC: 148484 priority: 0
  taskPos: 13 taskId: 9 ETC: 149351 priority: 0
  taskPos: 14 taskId: 894 ETC: 103368 priority: 0
  taskPos: 15 taskId: 108 ETC: 55826.7 priority: 0
  taskPos: 16 taskId: 788 ETC: 393178 priority: 0
  taskPos: 17 taskId: 355 ETC: 156454 priority: 0
  taskPos: 18 taskId: 742 ETC: 465945 priority: 0
  taskPos: 19 taskId: 679 ETC: 193371 priority: 0
  taskPos: 20 taskId: 65 ETC: 187627 priority: 0
  taskPos: 21 taskId: 181 ETC: 91281.3 priority: 0
  taskPos: 22 taskId: 16 ETC: 260574 priority: 0
  taskPos: 23 taskId: 18 ETC: 525542 priority: 0
  taskPos: 24 taskId: 545 ETC: 220617 priority: 0
  taskPos: 25 taskId: 959 ETC: 334837 priority: 0
  taskPos: 26 taskId: 986 ETC: 184942 priority: 0
  taskPos: 27 taskId: 370 ETC: 693345 priority: 0
  taskPos: 28 taskId: 12 ETC: 308335 priority: 0
  taskPos: 29 taskId: 394 ETC: 379477 priority: 0
  taskPos: 30 taskId: 104 ETC: 1.34802e+06 priority: 0
  taskPos: 31 taskId: 362 ETC: 1.86975e+06 priority: 0
  taskPos: 32 taskId: 820 ETC: 728160 priority: 0
  taskPos: 33 taskId: 414 ETC: 347306 priority: 0
  taskPos: 34 taskId: 492 ETC: 942950 priority: 0
  taskPos: 35 taskId: 880 ETC: 773039 priority: 0
  taskPos: 36 taskId: 892 ETC: 965026 priority: 0
  taskPos: 37 taskId: 906 ETC: 531482 priority: 0
> machineId: 5
  taskPos: 0 taskId: 348 ETC: 872010 priority: 0
  taskPos: 1 taskId: 1017 ETC: 34212.7 priority: 0
  taskPos: 2 taskId: 828 ETC: 116435 priority: 0
  taskPos: 3 taskId: 480 ETC: 217725 priority: 0
  taskPos: 4 taskId: 105 ETC: 10089.2 priority: 0
  taskPos: 5 taskId: 285 ETC: 158845 priority: 0
  taskPos: 6 taskId: 369 ETC: 46806.1 priority: 0
  taskPos: 7 taskId: 694 ETC: 365837 priority: 0
  taskPos: 8 taskId: 247 ETC: 61104.3 priority: 0
  taskPos: 9 taskId: 357 ETC: 42828.9 priority: 0
  taskPos: 10 taskId: 71 ETC: 57807.1 priority: 0
  taskPos: 11 taskId: 367 ETC: 95291.5 priority: 0
  taskPos: 12 taskId: 257 ETC: 44607.7 priority: 0
  taskPos: 13 taskId: 236 ETC: 304238 priority: 0
  taskPos: 14 taskId: 866 ETC: 155436 priority: 0
  taskPos: 15 taskId: 101 ETC: 155840 priority: 0
  taskPos: 16 taskId: 515 ETC: 137013 priority: 0
  taskPos: 17 taskId: 405 ETC: 139175 priority: 0
  taskPos: 18 taskId: 453 ETC: 203395 priority: 0
  taskPos: 19 taskId: 672 ETC: 401164 priority: 0
  taskPos: 20 taskId: 374 ETC: 520960 priority: 0
  taskPos: 21 taskId: 664 ETC: 645472 priority: 0
  taskPos: 22 taskId: 48 ETC: 436227 priority: 0
  taskPos: 23 taskId: 1022 ETC: 1.06178e+06 priority: 0
  taskPos: 24 taskId: 158 ETC: 929994 priority: 0
  taskPos: 25 taskId: 562 ETC: 1.48187e+06 priority: 0
  taskPos: 26 taskId: 876 ETC: 265815 priority: 0
  taskPos: 27 taskId: 576 ETC: 1.62854e+06 priority: 0
  taskPos: 28 taskId: 143 ETC: 467774 priority: 0
  taskPos: 29 taskId: 384 ETC: 789981 priority: 0
  taskPos: 30 taskId: 440 ETC: 584526 priority: 0
  taskPos: 31 taskId: 888 ETC: 809174 priority: 0
> machineId: 6
  taskPos: 0 taskId: 269 ETC: 1740.45 priority: 0
  taskPos: 1 taskId: 927 ETC: 20919 priority: 0
  taskPos: 2 taskId: 43 ETC: 12327.7 priority: 0
  taskPos: 3 taskId: 265 ETC: 44224.7 priority: 0
  taskPos: 4 taskId: 899 ETC: 80697.6 priority: 0
  taskPos: 5 taskId: 107 ETC: 660224 priority: 0
  taskPos: 6 taskId: 469 ETC: 54931.3 priority: 0
  taskPos: 7 taskId: 482 ETC: 909390 priority: 0
  taskPos: 8 taskId: 81 ETC: 49581.9 priority: 0
  taskPos: 9 taskId: 317 ETC: 123811 priority: 0
  taskPos: 10 taskId: 615 ETC: 199126 priority: 0
  taskPos: 11 taskId: 231 ETC: 155229 priority: 0
  taskPos: 12 taskId: 286 ETC: 401183 priority: 0
  taskPos: 13 taskId: 901 ETC: 263708 priority: 0
  taskPos: 14 taskId: 646 ETC: 690642 priority: 0
  taskPos: 15 taskId: 674 ETC: 482480 priority: 0
  taskPos: 16 taskId: 668 ETC: 1.47138e+06 priority: 0
  taskPos: 17 taskId: 1004 ETC: 23340 priority: 0
  taskPos: 18 taskId: 224 ETC: 821671 priority: 0
  taskPos: 19 taskId: 737 ETC: 211167 priority: 0
  taskPos: 20 taskId: 706 ETC: 1.10005e+06 priority: 0
  taskPos: 21 taskId: 74 ETC: 342441 priority: 0
  taskPos: 22 taskId: 54 ETC: 151633 priority: 0
  taskPos: 23 taskId: 94 ETC: 479490 priority: 0
  taskPos: 24 taskId: 884 ETC: 1.7097e+06 priority: 0
  taskPos: 25 taskId: 14 ETC: 553811 priority: 0
  taskPos: 26 taskId: 160 ETC: 1.2539e+06 priority: 0
> machineId: 7
  taskPos: 0 taskId: 245 ETC: 79381.8 priority: 0
  taskPos: 1 taskId: 951 ETC: 40023.2 priority: 0
  taskPos: 2 taskId: 683 ETC: 7417.6 priority: 0
  taskPos: 3 taskId: 921 ETC: 14955.9 priority: 0
  taskPos: 4 taskId: 425 ETC: 3731.36 priority: 0
  taskPos: 5 taskId: 445 ETC: 57680.9 priority: 0
  taskPos: 6 taskId: 353 ETC: 21122.4 priority: 0
  taskPos: 7 taskId: 775 ETC: 75618.6 priority: 0
  taskPos: 8 taskId: 781 ETC: 108658 priority: 0
  taskPos: 9 taskId: 327 ETC: 45999.7 priority: 0
  taskPos: 10 taskId: 857 ETC: 326567 priority: 0
  taskPos: 11 taskId: 671 ETC: 60280.4 priority: 0
  taskPos: 12 taskId: 795 ETC: 150080 priority: 0
  taskPos: 13 taskId: 540 ETC: 674501 priority: 0
  taskPos: 14 taskId: 587 ETC: 109805 priority: 0
  taskPos: 15 taskId: 856 ETC: 368630 priority: 0
  taskPos: 16 taskId: 60 ETC: 934165 priority: 0
  taskPos: 17 taskId: 407 ETC: 242793 priority: 0
  taskPos: 18 taskId: 586 ETC: 631840 priority: 0
  taskPos: 19 taskId: 550 ETC: 710809 priority: 0
  taskPos: 20 taskId: 132 ETC: 2.94814e+06 priority: 0
  taskPos: 21 taskId: 825 ETC: 384869 priority: 0
  taskPos: 22 taskId: 900 ETC: 804794 priority: 0
  taskPos: 23 taskId: 150 ETC: 1.77603e+06 priority: 0
  taskPos: 24 taskId: 652 ETC: 1.0421e+06 priority: 0
  taskPos: 25 taskId: 842 ETC: 1.44913e+06 priority: 0
> machineId: 8
  taskPos: 0 taskId: 625 ETC: 2932.73 priority: 0
  taskPos: 1 taskId: 243 ETC: 215.57 priority: 0
  taskPos: 2 taskId: 221 ETC: 42986.8 priority: 0
  taskPos: 3 taskId: 17 ETC: 810.04 priority: 0
  taskPos: 4 taskId: 349 ETC: 81649.1 priority: 0
  taskPos: 5 taskId: 273 ETC: 31213.1 priority: 0
  taskPos: 6 taskId: 507 ETC: 4341.47 priority: 0
  taskPos: 7 taskId: 145 ETC: 32586.2 priority: 0
  taskPos: 8 taskId: 46 ETC: 698348 priority: 0
  taskPos: 9 taskId: 203 ETC: 136448 priority: 0
  taskPos: 10 taskId: 413 ETC: 269620 priority: 0
  taskPos: 11 taskId: 747 ETC: 105885 priority: 0
  taskPos: 12 taskId: 477 ETC: 115688 priority: 0
  taskPos: 13 taskId: 719 ETC: 147418 priority: 0
  taskPos: 14 taskId: 127 ETC: 48390.6 priority: 0
  taskPos: 15 taskId: 607 ETC: 49637 priority: 0
  taskPos: 16 taskId: 881 ETC: 17094.9 priority: 0
  taskPos: 17 taskId: 665 ETC: 69413.9 priority: 0
  taskPos: 18 taskId: 461 ETC: 67220.1 priority: 0
  taskPos: 19 taskId: 995 ETC: 221067 priority: 0
  taskPos: 20 taskId: 90 ETC: 742938 priority: 0
  taskPos: 21 taskId: 125 ETC: 134302 priority: 0
  taskPos: 22 taskId: 600 ETC: 1.14021e+06 priority: 0
  taskPos: 23 taskId: 529 ETC: 492264 priority: 0
  taskPos: 24 taskId: 536 ETC: 1.74154e+06 priority: 0
  taskPos: 25 taskId: 86 ETC: 1.52757e+06 priority: 0
  taskPos: 26 taskId: 920 ETC: 843329 priority: 0
  taskPos: 27 taskId: 100 ETC: 596582 priority: 0
  taskPos: 28 taskId: 326 ETC: 2.25635e+06 priority: 0
  taskPos: 29 taskId: 403 ETC: 863700 priority: 0
> machineId: 9
  taskPos: 0 taskId: 441 ETC: 26186.8 priority: 0
  taskPos: 1 taskId: 953 ETC: 7172.09 priority: 0
  taskPos: 2 taskId: 337 ETC: 7568.17 priority: 0
  taskPos: 3 taskId: 483 ETC: 38935.9 priority: 0
  taskPos: 4 taskId: 805 ETC: 20994.8 priority: 0
  taskPos: 5 taskId: 739 ETC: 132112 priority: 0
  taskPos: 6 taskId: 933 ETC: 42655.3 priority: 0
  taskPos: 7 taskId: 85 ETC: 234543 priority: 0
  taskPos: 8 taskId: 551 ETC: 160601 priority: 0
  taskPos: 9 taskId: 930 ETC: 923269 priority: 0
  taskPos: 10 taskId: 558 ETC: 1.20195e+06 priority: 0
  taskPos: 11 taskId: 237 ETC: 103679 priority: 0
  taskPos: 12 taskId: 3 ETC: 178874 priority: 0
  taskPos: 13 taskId: 201 ETC: 72317.8 priority: 0
  taskPos: 14 taskId: 116 ETC: 475415 priority: 0
  taskPos: 15 taskId: 938 ETC: 1.4191e+06 priority: 0
  taskPos: 16 taskId: 44 ETC: 183603 priority: 0
  taskPos: 17 taskId: 430 ETC: 573889 priority: 0
  taskPos: 18 taskId: 914 ETC: 995104 priority: 0
  taskPos: 19 taskId: 801 ETC: 128420 priority: 0
  taskPos: 20 taskId: 175 ETC: 257464 priority: 0
  taskPos: 21 taskId: 786 ETC: 1.85173e+06 priority: 0
  taskPos: 22 taskId: 751 ETC: 219835 priority: 0
  taskPos: 23 taskId: 111 ETC: 362571 priority: 0
  taskPos: 24 taskId: 1013 ETC: 63767.8 priority: 0
  taskPos: 25 taskId: 554 ETC: 2.97701e+06 priority: 0
  taskPos: 26 taskId: 675 ETC: 585879 priority: 0
> machineId: 10
  taskPos: 0 taskId: 701 ETC: 52569.4 priority: 0
  taskPos: 1 taskId: 455 ETC: 14601 priority: 0
  taskPos: 2 taskId: 38 ETC: 275371 priority: 0
  taskPos: 3 taskId: 503 ETC: 49753.2 priority: 0
  taskPos: 4 taskId: 650 ETC: 638120 priority: 0
  taskPos: 5 taskId: 855 ETC: 63373.8 priority: 0
  taskPos: 6 taskId: 827 ETC: 332944 priority: 0
  taskPos: 7 taskId: 35 ETC: 179052 priority: 0
  taskPos: 8 taskId: 249 ETC: 64290.8 priority: 0
  taskPos: 9 taskId: 1019 ETC: 536992 priority: 0
  taskPos: 10 taskId: 263 ETC: 168016 priority: 0
  taskPos: 11 taskId: 225 ETC: 817815 priority: 0
  taskPos: 12 taskId: 176 ETC: 3.28723e+06 priority: 0
  taskPos: 13 taskId: 63 ETC: 105758 priority: 0
  taskPos: 14 taskId: 863 ETC: 480139 priority: 0
  taskPos: 15 taskId: 264 ETC: 2.24487e+06 priority: 0
  taskPos: 16 taskId: 512 ETC: 475386 priority: 0
  taskPos: 17 taskId: 530 ETC: 1.20683e+06 priority: 0
  taskPos: 18 taskId: 328 ETC: 1.41912e+06 priority: 0
  taskPos: 19 taskId: 608 ETC: 821225 priority: 0
> machineId: 11
  taskPos: 0 taskId: 271 ETC: 126054 priority: 0
  taskPos: 1 taskId: 631 ETC: 11498.5 priority: 0
  taskPos: 2 taskId: 57 ETC: 268602 priority: 0
  taskPos: 3 taskId: 865 ETC: 7938.33 priority: 0
  taskPos: 4 taskId: 579 ETC: 281206 priority: 0
  taskPos: 5 taskId: 219 ETC: 28283 priority: 0
  taskPos: 6 taskId: 711 ETC: 9631.02 priority: 0
  taskPos: 7 taskId: 727 ETC: 63253 priority: 0
  taskPos: 8 taskId: 1023 ETC: 52366.9 priority: 0
  taskPos: 9 taskId: 149 ETC: 95579.6 priority: 0
  taskPos: 10 taskId: 256 ETC: 1.18827e+06 priority: 0
  taskPos: 11 taskId: 301 ETC: 57254 priority: 0
  taskPos: 12 taskId: 462 ETC: 1.47036e+06 priority: 0
  taskPos: 13 taskId: 216 ETC: 3.12969e+06 priority: 0
  taskPos: 14 taskId: 279 ETC: 162215 priority: 0
  taskPos: 15 taskId: 715 ETC: 387067 priority: 0
  taskPos: 16 taskId: 905 ETC: 147251 priority: 0
  taskPos: 17 taskId: 669 ETC: 443020 priority: 0
  taskPos: 18 taskId: 486 ETC: 801168 priority: 0
  taskPos: 19 taskId: 691 ETC: 316829 priority: 0
  taskPos: 20 taskId: 872 ETC: 2.47413e+06 priority: 0
  taskPos: 21 taskId: 721 ETC: 221532 priority: 0
> machineId: 12
  taskPos: 0 taskId: 401 ETC: 13067.3 priority: 0
  taskPos: 1 taskId: 289 ETC: 70821.3 priority: 0
  taskPos: 2 taskId: 961 ETC: 37128.6 priority: 0
  taskPos: 3 taskId: 583 ETC: 7151.84 priority: 0
  taskPos: 4 taskId: 385 ETC: 490528 priority: 0
  taskPos: 5 taskId: 137 ETC: 14629.4 priority: 0
  taskPos: 6 taskId: 565 ETC: 62588.2 priority: 0
  taskPos: 7 taskId: 333 ETC: 116595 priority: 0
  taskPos: 8 taskId: 527 ETC: 41807.9 priority: 0
  taskPos: 9 taskId: 208 ETC: 1.90774e+06 priority: 0
  taskPos: 10 taskId: 140 ETC: 2.18982e+06 priority: 0
  taskPos: 11 taskId: 69 ETC: 436954 priority: 0
  taskPos: 12 taskId: 42 ETC: 2.21847e+06 priority: 0
  taskPos: 13 taskId: 945 ETC: 496568 priority: 0
  taskPos: 14 taskId: 335 ETC: 104894 priority: 0
  taskPos: 15 taskId: 817 ETC: 279568 priority: 0
  taskPos: 16 taskId: 541 ETC: 485036 priority: 0
  taskPos: 17 taskId: 663 ETC: 165566 priority: 0
  taskPos: 18 taskId: 877 ETC: 171250 priority: 0
  taskPos: 19 taskId: 895 ETC: 619859 priority: 0
  taskPos: 20 taskId: 418 ETC: 3.2841e+06 priority: 0
> machineId: 13
  taskPos: 0 taskId: 627 ETC: 2575.9 priority: 0
  taskPos: 1 taskId: 753 ETC: 13664 priority: 0
  taskPos: 2 taskId: 519 ETC: 29558.8 priority: 0
  taskPos: 3 taskId: 567 ETC: 79758.5 priority: 0
  taskPos: 4 taskId: 549 ETC: 78929.3 priority: 0
  taskPos: 5 taskId: 823 ETC: 70221.4 priority: 0
  taskPos: 6 taskId: 845 ETC: 33853.5 priority: 0
  taskPos: 7 taskId: 561 ETC: 51859.1 priority: 0
  taskPos: 8 taskId: 139 ETC: 48539.4 priority: 0
  taskPos: 9 taskId: 985 ETC: 158219 priority: 0
  taskPos: 10 taskId: 21 ETC: 303766 priority: 0
  taskPos: 11 taskId: 837 ETC: 166630 priority: 0
  taskPos: 12 taskId: 979 ETC: 748213 priority: 0
  taskPos: 13 taskId: 950 ETC: 1.91939e+06 priority: 0
  taskPos: 14 taskId: 26 ETC: 1.21834e+06 priority: 0
  taskPos: 15 taskId: 571 ETC: 318439 priority: 0
  taskPos: 16 taskId: 218 ETC: 1.53307e+06 priority: 0
  taskPos: 17 taskId: 728 ETC: 3.62849e+06 priority: 0
  taskPos: 18 taskId: 847 ETC: 264834 priority: 0
  taskPos: 19 taskId: 1002 ETC: 2.56246e+06 priority: 0
> machineId: 14
  taskPos: 0 taskId: 593 ETC: 14172.6 priority: 0
  taskPos: 1 taskId: 185 ETC: 2861.35 priority: 0
  taskPos: 2 taskId: 261 ETC: 7240.04 priority: 0
  taskPos: 3 taskId: 873 ETC: 11481.8 priority: 0
  taskPos: 4 taskId: 10 ETC: 1.83351e+06 priority: 0
  taskPos: 5 taskId: 875 ETC: 17932.3 priority: 0
  taskPos: 6 taskId: 618 ETC: 32383.1 priority: 0
  taskPos: 7 taskId: 91 ETC: 17854.5 priority: 0
  taskPos: 8 taskId: 943 ETC: 29198.6 priority: 0
  taskPos: 9 taskId: 459 ETC: 52073.9 priority: 0
  taskPos: 10 taskId: 787 ETC: 172133 priority: 0
  taskPos: 11 taskId: 939 ETC: 259292 priority: 0
  taskPos: 12 taskId: 569 ETC: 67665.9 priority: 0
  taskPos: 13 taskId: 53 ETC: 162641 priority: 0
  taskPos: 14 taskId: 109 ETC: 73885.1 priority: 0
  taskPos: 15 taskId: 415 ETC: 318894 priority: 0
  taskPos: 16 taskId: 311 ETC: 328845 priority: 0
  taskPos: 17 taskId: 697 ETC: 247551 priority: 0
  taskPos: 18 taskId: 390 ETC: 2.8228e+06 priority: 0
  taskPos: 19 taskId: 612 ETC: 2.30783e+06 priority: 0
  taskPos: 20 taskId: 944 ETC: 249708 priority: 0
  taskPos: 21 taskId: 316 ETC: 2.74205e+06 priority: 0
  taskPos: 22 taskId: 693 ETC: 999512 priority: 0
  taskPos: 23 taskId: 741 ETC: 113292 priority: 0
  taskPos: 24 taskId: 1 ETC: 62941.2 priority: 0
> machineId: 15
  taskPos: 0 taskId: 93 ETC: 104558 priority: 0
  taskPos: 1 taskId: 187 ETC: 56890.3 priority: 0
  taskPos: 2 taskId: 967 ETC: 10445.8 priority: 0
  taskPos: 3 taskId: 707 ETC: 46382.8 priority: 0
  taskPos: 4 taskId: 703 ETC: 13391.8 priority: 0
  taskPos: 5 taskId: 309 ETC: 96333.9 priority: 0
  taskPos: 6 taskId: 223 ETC: 3452.1 priority: 0
  taskPos: 7 taskId: 543 ETC: 457266 priority: 0
  taskPos: 8 taskId: 15 ETC: 402732 priority: 0
  taskPos: 9 taskId: 992 ETC: 2.48592e+06 priority: 0
  taskPos: 10 taskId: 605 ETC: 63962.2 priority: 0
  taskPos: 11 taskId: 183 ETC: 133889 priority: 0
  taskPos: 12 taskId: 867 ETC: 107691 priority: 0
  taskPos: 13 taskId: 359 ETC: 594889 priority: 0
  taskPos: 14 taskId: 207 ETC: 1.49635e+06 priority: 0
  taskPos: 15 taskId: 494 ETC: 3.31244e+06 priority: 0
  taskPos: 16 taskId: 95 ETC: 616441 priority: 0
  taskPos: 17 taskId: 499 ETC: 483684 priority: 0
  taskPos: 18 taskId: 493 ETC: 193354 priority: 0
> machineId: 16
  taskPos: 0 taskId: 999 ETC: 3162.76 priority: 0
  taskPos: 1 taskId: 725 ETC: 7851.05 priority: 0
  taskPos: 2 taskId: 539 ETC: 38798 priority: 0
  taskPos: 3 taskId: 807 ETC: 232540 priority: 0
  taskPos: 4 taskId: 49 ETC: 94242.2 priority: 0
  taskPos: 5 taskId: 831 ETC: 89914.5 priority: 0
  taskPos: 6 taskId: 339 ETC: 145058 priority: 0
  taskPos: 7 taskId: 283 ETC: 160385 priority: 0
  taskPos: 8 taskId: 371 ETC: 153181 priority: 0
  taskPos: 9 taskId: 294 ETC: 2.16364e+06 priority: 0
  taskPos: 10 taskId: 553 ETC: 296218 priority: 0
  taskPos: 11 taskId: 829 ETC: 260660 priority: 0
  taskPos: 12 taskId: 647 ETC: 471867 priority: 0
  taskPos: 13 taskId: 191 ETC: 277707 priority: 0
  taskPos: 14 taskId: 766 ETC: 2.54768e+06 priority: 0
  taskPos: 15 taskId: 126 ETC: 3.34641e+06 priority: 0
  taskPos: 16 taskId: 777 ETC: 887352 priority: 0
  taskPos: 17 taskId: 372 ETC: 1.66558e+06 priority: 0
> machineId: 17
  taskPos: 0 taskId: 771 ETC: 22088.3 priority: 0
  taskPos: 1 taskId: 29 ETC: 8680.22 priority: 0
  taskPos: 2 taskId: 987 ETC: 31662.1 priority: 0
  taskPos: 3 taskId: 343 ETC: 129599 priority: 0
  taskPos: 4 taskId: 535 ETC: 285757 priority: 0
  taskPos: 5 taskId: 40 ETC: 5.46404e+06 priority: 0
  taskPos: 6 taskId: 51 ETC: 399459 priority: 0
  taskPos: 7 taskId: 39 ETC: 870770 priority: 0
  taskPos: 8 taskId: 356 ETC: 3.22861e+06 priority: 0
  taskPos: 9 taskId: 151 ETC: 65522.6 priority: 0
  taskPos: 10 taskId: 973 ETC: 225994 priority: 0
  taskPos: 11 taskId: 997 ETC: 120213 priority: 0
  taskPos: 12 taskId: 639 ETC: 654874 priority: 0
  taskPos: 13 taskId: 391 ETC: 509257 priority: 0
  taskPos: 14 taskId: 31 ETC: 288427 priority: 0
  taskPos: 15 taskId: 813 ETC: 149904 priority: 0
  taskPos: 16 taskId: 47 ETC: 34902.9 priority: 0
  taskPos: 17 taskId: 267 ETC: 325552 priority: 0
> machineId: 18
  taskPos: 0 taskId: 533 ETC: 10288.5 priority: 0
  taskPos: 1 taskId: 797 ETC: 63719 priority: 0
  taskPos: 2 taskId: 621 ETC: 49175.2 priority: 0
  taskPos: 3 taskId: 1021 ETC: 448519 priority: 0
  taskPos: 4 taskId: 20 ETC: 2.01257e+06 priority: 0
  taskPos: 5 taskId: 275 ETC: 75425.8 priority: 0
  taskPos: 6 taskId: 373 ETC: 105276 priority: 0
  taskPos: 7 taskId: 365 ETC: 149260 priority: 0
  taskPos: 8 taskId: 133 ETC: 237669 priority: 0
  taskPos: 9 taskId: 537 ETC: 144082 priority: 0
  taskPos: 10 taskId: 389 ETC: 147219 priority: 0
  taskPos: 11 taskId: 629 ETC: 75801.4 priority: 0
  taskPos: 12 taskId: 811 ETC: 82086.7 priority: 0
  taskPos: 13 taskId: 75 ETC: 171935 priority: 0
  taskPos: 14 taskId: 354 ETC: 2.36597e+06 priority: 0
  taskPos: 15 taskId: 431 ETC: 61018 priority: 0
  taskPos: 16 taskId: 869 ETC: 803058 priority: 0
  taskPos: 17 taskId: 155 ETC: 363355 priority: 0
  taskPos: 18 taskId: 582 ETC: 4.62282e+06 priority: 0
  taskPos: 19 taskId: 923 ETC: 273157 priority: 0
  taskPos: 20 taskId: 321 ETC: 426479 priority: 0
> machineId: 19
  taskPos: 0 taskId: 443 ETC: 151465 priority: 0
  taskPos: 1 taskId: 163 ETC: 15001.2 priority: 0
  taskPos: 2 taskId: 179 ETC: 71760.3 priority: 0
  taskPos: 3 taskId: 983 ETC: 5105.81 priority: 0
  taskPos: 4 taskId: 479 ETC: 25643.8 priority: 0
  taskPos: 5 taskId: 25 ETC: 199789 priority: 0
  taskPos: 6 taskId: 555 ETC: 1.02342e+06 priority: 0
  taskPos: 7 taskId: 773 ETC: 32389.9 priority: 0
  taskPos: 8 taskId: 903 ETC: 153803 priority: 0
  taskPos: 9 taskId: 61 ETC: 121705 priority: 0
  taskPos: 10 taskId: 475 ETC: 165865 priority: 0
  taskPos: 11 taskId: 695 ETC: 97900.3 priority: 0
  taskPos: 12 taskId: 531 ETC: 302910 priority: 0
  taskPos: 13 taskId: 239 ETC: 238362 priority: 0
  taskPos: 14 taskId: 1007 ETC: 227545 priority: 0
  taskPos: 15 taskId: 913 ETC: 767672 priority: 0
  taskPos: 16 taskId: 197 ETC: 409367 priority: 0
  taskPos: 17 taskId: 806 ETC: 4.65611e+06 priority: 0
  taskPos: 18 taskId: 859 ETC: 1.14293e+06 priority: 0
  taskPos: 19 taskId: 588 ETC: 2.89947e+06 priority: 0
> machineId: 20
  taskPos: 0 taskId: 473 ETC: 3151.2 priority: 0
  taskPos: 1 taskId: 489 ETC: 10202.5 priority: 0
  taskPos: 2 taskId: 299 ETC: 25764.4 priority: 0
  taskPos: 3 taskId: 731 ETC: 55329.3 priority: 0
  taskPos: 4 taskId: 287 ETC: 10167.7 priority: 0
  taskPos: 5 taskId: 205 ETC: 18922.9 priority: 0
  taskPos: 6 taskId: 803 ETC: 103433 priority: 0
  taskPos: 7 taskId: 153 ETC: 497662 priority: 0
  taskPos: 8 taskId: 687 ETC: 78618.8 priority: 0
  taskPos: 9 taskId: 782 ETC: 2.19045e+06 priority: 0
  taskPos: 10 taskId: 585 ETC: 86968.4 priority: 0
  taskPos: 11 taskId: 577 ETC: 606068 priority: 0
  taskPos: 12 taskId: 853 ETC: 115991 priority: 0
  taskPos: 13 taskId: 465 ETC: 43417 priority: 0
  taskPos: 14 taskId: 411 ETC: 207186 priority: 0
  taskPos: 15 taskId: 398 ETC: 5.97914e+06 priority: 0
  taskPos: 16 taskId: 871 ETC: 49533.3 priority: 0
  taskPos: 17 taskId: 645 ETC: 164533 priority: 0
  taskPos: 18 taskId: 240 ETC: 2.24712e+06 priority: 0
  taskPos: 19 taskId: 381 ETC: 399774 priority: 0
  taskPos: 20 taskId: 375 ETC: 340742 priority: 0
> machineId: 21
  taskPos: 0 taskId: 277 ETC: 21369.8 priority: 0
  taskPos: 1 taskId: 659 ETC: 1448.26 priority: 0
  taskPos: 2 taskId: 83 ETC: 1266.19 priority: 0
  taskPos: 3 taskId: 879 ETC: 4765.81 priority: 0
  taskPos: 4 taskId: 501 ETC: 31176.2 priority: 0
  taskPos: 5 taskId: 791 ETC: 27533.7 priority: 0
  taskPos: 6 taskId: 123 ETC: 38460.6 priority: 0
  taskPos: 7 taskId: 547 ETC: 44184.3 priority: 0
  taskPos: 8 taskId: 651 ETC: 40922.5 priority: 0
  taskPos: 9 taskId: 635 ETC: 37885 priority: 0
  taskPos: 10 taskId: 315 ETC: 82202.9 priority: 0
  taskPos: 11 taskId: 969 ETC: 145371 priority: 0
  taskPos: 12 taskId: 67 ETC: 45393.2 priority: 0
  taskPos: 13 taskId: 821 ETC: 169399 priority: 0
  taskPos: 14 taskId: 131 ETC: 3.17522e+06 priority: 0
  taskPos: 15 taskId: 307 ETC: 156353 priority: 0
  taskPos: 16 taskId: 227 ETC: 133612 priority: 0
  taskPos: 17 taskId: 274 ETC: 1.90992e+06 priority: 0
  taskPos: 18 taskId: 129 ETC: 50767.7 priority: 0
  taskPos: 19 taskId: 168 ETC: 3.37286e+06 priority: 0
  taskPos: 20 taskId: 667 ETC: 344677 priority: 0
  taskPos: 21 taskId: 599 ETC: 158554 priority: 0
  taskPos: 22 taskId: 643 ETC: 250252 priority: 0
  taskPos: 23 taskId: 345 ETC: 506017 priority: 0
  taskPos: 24 taskId: 293 ETC: 596708 priority: 0
> machineId: 22
  taskPos: 0 taskId: 79 ETC: 67.19 priority: 0
  taskPos: 1 taskId: 745 ETC: 367.24 priority: 0
  taskPos: 2 taskId: 789 ETC: 52828.2 priority: 0
  taskPos: 3 taskId: 673 ETC: 48533.3 priority: 0
  taskPos: 4 taskId: 409 ETC: 60630.2 priority: 0
  taskPos: 5 taskId: 383 ETC: 3.1818e+06 priority: 0
  taskPos: 6 taskId: 889 ETC: 91904.3 priority: 0
  taskPos: 7 taskId: 55 ETC: 61591.3 priority: 0
  taskPos: 8 taskId: 331 ETC: 29008.8 priority: 0
  taskPos: 9 taskId: 387 ETC: 25699.3 priority: 0
  taskPos: 10 taskId: 887 ETC: 169116 priority: 0
  taskPos: 11 taskId: 80 ETC: 9263.85 priority: 0
  taskPos: 12 taskId: 975 ETC: 172247 priority: 0
  taskPos: 13 taskId: 636 ETC: 1.65879e+06 priority: 0
  taskPos: 14 taskId: 613 ETC: 135673 priority: 0
  taskPos: 15 taskId: 765 ETC: 269999 priority: 0
  taskPos: 16 taskId: 597 ETC: 340828 priority: 0
  taskPos: 17 taskId: 423 ETC: 469564 priority: 0
  taskPos: 18 taskId: 13 ETC: 271652 priority: 0
  taskPos: 19 taskId: 525 ETC: 109952 priority: 0
  taskPos: 20 taskId: 252 ETC: 3.66619e+06 priority: 0
  taskPos: 21 taskId: 463 ETC: 348188 priority: 0
> machineId: 23
  taskPos: 0 taskId: 991 ETC: 42006.4 priority: 0
  taskPos: 1 taskId: 592 ETC: 815472 priority: 0
  taskPos: 2 taskId: 233 ETC: 7319.96 priority: 0
  taskPos: 3 taskId: 989 ETC: 717248 priority: 0
  taskPos: 4 taskId: 209 ETC: 5899.34 priority: 0
  taskPos: 5 taskId: 885 ETC: 84819.4 priority: 0
  taskPos: 6 taskId: 121 ETC: 51982.3 priority: 0
  taskPos: 7 taskId: 103 ETC: 13831.3 priority: 0
  taskPos: 8 taskId: 487 ETC: 43626.8 priority: 0
  taskPos: 9 taskId: 481 ETC: 27959 priority: 0
  taskPos: 10 taskId: 909 ETC: 266638 priority: 0
  taskPos: 11 taskId: 171 ETC: 158440 priority: 0
  taskPos: 12 taskId: 611 ETC: 128781 priority: 0
  taskPos: 13 taskId: 361 ETC: 248501 priority: 0
  taskPos: 14 taskId: 505 ETC: 506709 priority: 0
  taskPos: 15 taskId: 717 ETC: 419767 priority: 0
  taskPos: 16 taskId: 206 ETC: 3.04907e+06 priority: 0
  taskPos: 17 taskId: 759 ETC: 826204 priority: 0
  taskPos: 18 taskId: 169 ETC: 137540 priority: 0
  taskPos: 19 taskId: 891 ETC: 301630 priority: 0
  taskPos: 20 taskId: 212 ETC: 4.95864e+06 priority: 0
  taskPos: 21 taskId: 755 ETC: 321123 priority: 0
> machineId: 24
  taskPos: 0 taskId: 649 ETC: 74890.1 priority: 0
  taskPos: 1 taskId: 513 ETC: 9223.86 priority: 0
  taskPos: 2 taskId: 259 ETC: 23488.6 priority: 0
  taskPos: 3 taskId: 705 ETC: 86003.5 priority: 0
  taskPos: 4 taskId: 77 ETC: 83502.3 priority: 0
  taskPos: 5 taskId: 281 ETC: 466047 priority: 0
  taskPos: 6 taskId: 497 ETC: 1200.8 priority: 0
  taskPos: 7 taskId: 947 ETC: 50676.9 priority: 0
  taskPos: 8 taskId: 819 ETC: 558086 priority: 0
  taskPos: 9 taskId: 2 ETC: 5.6853e+06 priority: 0
  taskPos: 10 taskId: 653 ETC: 40542.9 priority: 0
  taskPos: 11 taskId: 297 ETC: 49121.8 priority: 0
  taskPos: 12 taskId: 323 ETC: 83248.4 priority: 0
  taskPos: 13 taskId: 641 ETC: 16087 priority: 0
  taskPos: 14 taskId: 449 ETC: 88254.3 priority: 0
  taskPos: 15 taskId: 852 ETC: 18212.4 priority: 0
  taskPos: 16 taskId: 699 ETC: 285550 priority: 0
  taskPos: 17 taskId: 165 ETC: 184770 priority: 0
  taskPos: 18 taskId: 785 ETC: 33483.4 priority: 0
  taskPos: 19 taskId: 709 ETC: 644862 priority: 0
  taskPos: 20 taskId: 761 ETC: 1.2653e+06 priority: 0
  taskPos: 21 taskId: 377 ETC: 2.57001e+06 priority: 0
  taskPos: 22 taskId: 161 ETC: 69320.3 priority: 0
> machineId: 25
  taskPos: 0 taskId: 833 ETC: 21232.9 priority: 0
  taskPos: 1 taskId: 439 ETC: 12960.5 priority: 0
  taskPos: 2 taskId: 99 ETC: 64115.2 priority: 0
  taskPos: 3 taskId: 213 ETC: 60197.7 priority: 0
  taskPos: 4 taskId: 303 ETC: 235171 priority: 0
  taskPos: 5 taskId: 935 ETC: 34333 priority: 0
  taskPos: 6 taskId: 87 ETC: 1334.27 priority: 0
  taskPos: 7 taskId: 977 ETC: 187077 priority: 0
  taskPos: 8 taskId: 1011 ETC: 118430 priority: 0
  taskPos: 9 taskId: 729 ETC: 854873 priority: 0
  taskPos: 10 taskId: 514 ETC: 3.84848e+06 priority: 0
  taskPos: 11 taskId: 883 ETC: 384945 priority: 0
  taskPos: 12 taskId: 97 ETC: 374852 priority: 0
  taskPos: 13 taskId: 177 ETC: 256597 priority: 0
  taskPos: 14 taskId: 563 ETC: 487529 priority: 0
  taskPos: 15 taskId: 779 ETC: 29016.4 priority: 0
  taskPos: 16 taskId: 749 ETC: 132913 priority: 0
  taskPos: 17 taskId: 655 ETC: 118281 priority: 0
  taskPos: 18 taskId: 925 ETC: 171843 priority: 0
  taskPos: 19 taskId: 941 ETC: 2.58692e+06 priority: 0
  taskPos: 20 taskId: 199 ETC: 301344 priority: 0
> machineId: 26
  taskPos: 0 taskId: 509 ETC: 35287.1 priority: 0
  taskPos: 1 taskId: 743 ETC: 302366 priority: 0
  taskPos: 2 taskId: 11 ETC: 756297 priority: 0
  taskPos: 3 taskId: 397 ETC: 158713 priority: 0
  taskPos: 4 taskId: 955 ETC: 317410 priority: 0
  taskPos: 5 taskId: 981 ETC: 59295.1 priority: 0
  taskPos: 6 taskId: 135 ETC: 196767 priority: 0
  taskPos: 7 taskId: 949 ETC: 81612 priority: 0
  taskPos: 8 taskId: 253 ETC: 44421.7 priority: 0
  taskPos: 9 taskId: 292 ETC: 3.24541e+06 priority: 0
  taskPos: 10 taskId: 617 ETC: 295925 priority: 0
  taskPos: 11 taskId: 783 ETC: 50001.4 priority: 0
  taskPos: 12 taskId: 559 ETC: 650851 priority: 0
  taskPos: 13 taskId: 965 ETC: 140341 priority: 0
  taskPos: 14 taskId: 451 ETC: 637656 priority: 0
  taskPos: 15 taskId: 192 ETC: 5.76894e+06 priority: 0
> machineId: 27
  taskPos: 0 taskId: 193 ETC: 4628.18 priority: 0
  taskPos: 1 taskId: 919 ETC: 13716 priority: 0
  taskPos: 2 taskId: 313 ETC: 46054 priority: 0
  taskPos: 3 taskId: 517 ETC: 218458 priority: 0
  taskPos: 4 taskId: 573 ETC: 28830.8 priority: 0
  taskPos: 5 taskId: 173 ETC: 7268.19 priority: 0
  taskPos: 6 taskId: 1003 ETC: 135409 priority: 0
  taskPos: 7 taskId: 763 ETC: 183638 priority: 0
  taskPos: 8 taskId: 637 ETC: 78399.3 priority: 0
  taskPos: 9 taskId: 815 ETC: 1.13694e+06 priority: 0
  taskPos: 10 taskId: 495 ETC: 185965 priority: 0
  taskPos: 11 taskId: 1015 ETC: 819791 priority: 0
  taskPos: 12 taskId: 429 ETC: 21372.1 priority: 0
  taskPos: 13 taskId: 363 ETC: 213947 priority: 0
  taskPos: 14 taskId: 235 ETC: 250227 priority: 0
  taskPos: 15 taskId: 767 ETC: 193251 priority: 0
  taskPos: 16 taskId: 491 ETC: 70393 priority: 0
  taskPos: 17 taskId: 159 ETC: 340527 priority: 0
  taskPos: 18 taskId: 166 ETC: 4.68875e+06 priority: 0
  taskPos: 19 taskId: 689 ETC: 506206 priority: 0
> machineId: 28
  taskPos: 0 taskId: 915 ETC: 19221.7 priority: 0
  taskPos: 1 taskId: 471 ETC: 28547.3 priority: 0
  taskPos: 2 taskId: 73 ETC: 9206.24 priority: 0
  taskPos: 3 taskId: 291 ETC: 18676.3 priority: 0
  taskPos: 4 taskId: 681 ETC: 66806.5 priority: 0
  taskPos: 5 taskId: 167 ETC: 86321 priority: 0
  taskPos: 6 taskId: 897 ETC: 13.34 priority: 0
  taskPos: 7 taskId: 395 ETC: 344976 priority: 0
  taskPos: 8 taskId: 189 ETC: 57522.2 priority: 0
  taskPos: 9 taskId: 41 ETC: 76018.6 priority: 0
  taskPos: 10 taskId: 329 ETC: 49841.3 priority: 0
  taskPos: 11 taskId: 393 ETC: 32857.7 priority: 0
  taskPos: 12 taskId: 1005 ETC: 412096 priority: 0
  taskPos: 13 taskId: 215 ETC: 252664 priority: 0
  taskPos: 14 taskId: 379 ETC: 99525.2 priority: 0
  taskPos: 15 taskId: 609 ETC: 152670 priority: 0
  taskPos: 16 taskId: 757 ETC: 97057.6 priority: 0
  taskPos: 17 taskId: 657 ETC: 328509 priority: 0
  taskPos: 18 taskId: 124 ETC: 7.05036e+06 priority: 0
  taskPos: 19 taskId: 963 ETC: 279264 priority: 0
  taskPos: 20 taskId: 917 ETC: 754256 priority: 0
  taskPos: 21 taskId: 312 ETC: 3.01169e+06 priority: 0
> machineId: 29
  taskPos: 0 taskId: 251 ETC: 34024.1 priority: 0
  taskPos: 1 taskId: 195 ETC: 35858.6 priority: 0
  taskPos: 2 taskId: 59 ETC: 56958.1 priority: 0
  taskPos: 3 taskId: 457 ETC: 59878.7 priority: 0
  taskPos: 4 taskId: 229 ETC: 135726 priority: 0
  taskPos: 5 taskId: 661 ETC: 59786.6 priority: 0
  taskPos: 6 taskId: 37 ETC: 925163 priority: 0
  taskPos: 7 taskId: 769 ETC: 16057.9 priority: 0
  taskPos: 8 taskId: 217 ETC: 84229.8 priority: 0
  taskPos: 9 taskId: 841 ETC: 447258 priority: 0
  taskPos: 10 taskId: 170 ETC: 4.53892e+06 priority: 0
  taskPos: 11 taskId: 45 ETC: 174158 priority: 0
  taskPos: 12 taskId: 619 ETC: 183156 priority: 0
  taskPos: 13 taskId: 511 ETC: 109293 priority: 0
  taskPos: 14 taskId: 157 ETC: 135471 priority: 0
  taskPos: 15 taskId: 993 ETC: 1.09874e+06 priority: 0
  taskPos: 16 taskId: 437 ETC: 324557 priority: 0
  taskPos: 17 taskId: 575 ETC: 459218 priority: 0
  taskPos: 18 taskId: 851 ETC: 1.89504e+06 priority: 0
> machineId: 30
  taskPos: 0 taskId: 119 ETC: 9260.59 priority: 0
  taskPos: 1 taskId: 399 ETC: 6172.2 priority: 0
  taskPos: 2 taskId: 523 ETC: 19575 priority: 0
  taskPos: 3 taskId: 937 ETC: 53759.5 priority: 0
  taskPos: 4 taskId: 911 ETC: 30882.2 priority: 0
  taskPos: 5 taskId: 23 ETC: 61681.6 priority: 0
  taskPos: 6 taskId: 793 ETC: 265790 priority: 0
  taskPos: 7 taskId: 849 ETC: 74224.7 priority: 0
  taskPos: 8 taskId: 435 ETC: 62047.5 priority: 0
  taskPos: 9 taskId: 603 ETC: 225456 priority: 0
  taskPos: 10 taskId: 971 ETC: 473199 priority: 0
  taskPos: 11 taskId: 214 ETC: 7.99218e+06 priority: 0
  taskPos: 12 taskId: 447 ETC: 160161 priority: 0
  taskPos: 13 taskId: 117 ETC: 409145 priority: 0
  taskPos: 14 taskId: 685 ETC: 1.44872e+06 priority: 0
  taskPos: 15 taskId: 27 ETC: 112737 priority: 0
  taskPos: 16 taskId: 89 ETC: 700941 priority: 0
  taskPos: 17 taskId: 601 ETC: 557129 priority: 0
  taskPos: 18 taskId: 33 ETC: 493149 priority: 0
> machineId: 31
  taskPos: 0 taskId: 589 ETC: 10138.4 priority: 0
  taskPos: 1 taskId: 633 ETC: 8226.87 priority: 0
  taskPos: 2 taskId: 351 ETC: 41919.7 priority: 0
  taskPos: 3 taskId: 325 ETC: 17493.3 priority: 0
  taskPos: 4 taskId: 957 ETC: 1.62389e+06 priority: 0
  taskPos: 5 taskId: 7 ETC: 10411.4 priority: 0
  taskPos: 6 taskId: 839 ETC: 83320.8 priority: 0
  taskPos: 7 taskId: 595 ETC: 55369 priority: 0
  taskPos: 8 taskId: 591 ETC: 408773 priority: 0
  taskPos: 9 taskId: 677 ETC: 1.51055e+06 priority: 0
  taskPos: 10 taskId: 19 ETC: 87020.8 priority: 0
  taskPos: 11 taskId: 417 ETC: 99073 priority: 0
  taskPos: 12 taskId: 1001 ETC: 120692 priority: 0
  taskPos: 13 taskId: 141 ETC: 90143.4 priority: 0
  taskPos: 14 taskId: 419 ETC: 66804.3 priority: 0
  taskPos: 15 taskId: 341 ETC: 161915 priority: 0
  taskPos: 16 taskId: 0 ETC: 2.04727e+06 priority: 0
  taskPos: 17 taskId: 194 ETC: 5.08401e+06 priority: 0
  taskPos: 18 taskId: 421 ETC: 374325 priority: 0
  taskPos: 19 taskId: 557 ETC: 186226 priority: 0
  taskPos: 20 taskId: 147 ETC: 486970 priority: 0
  taskPos: 21 taskId: 467 ETC: 620372 priority: 0



 :( ---------------------- THE END --------------- :) 