[H[2J[INFO] TaskCount: 1024
[INFO] MachineCount: 32

[DEBUG] Inicialización MIN-MIN

Min-Min fitness: 1.31905e+06

[DEBUG] Inicialización Sufferage

Sufferage fitness: 1.60316e+06

[DEBUG] Inicialización random

[DEBUG] Inicialización random

[DEBUG] Inicialización random

[DEBUG] Inicialización MCT

MCT fitness: 1.85292e+06

[DEBUG] Inicialización random

[DEBUG] Inicialización random

[DEBUG] Inicialización random

[DEBUG] Inicialización random

[DEBUG] Inicialización MCT

MCT fitness: 1.81059e+06

[DEBUG] Inicialización random

[DEBUG] Inicialización random

[DEBUG] Inicialización random

[DEBUG] Inicialización random

 Current State ---------------------------------------------

Current trial: 1
Current iteration: 1500
Current evaluations: 22695
Current best cost: 1.24588e+06
Current worst cost: 1.24588e+06
Current Average cost: 1.24588e+06
Current Standard Deviation: 0

Trial: 
Best cost trial: 1.24588e+06
Worst cost trial: 1.65671e+07
Iteration best found in trial: 1457
Time best found trial: 2.24474e+07
Time spent in trial: 2.30706e+07

Global: 
Global best cost: 1.24588e+06
Global worst cost: 1.65671e+07
Trial best found: 1
Iteration best found: 1457
Time best found: 2.24474e+07

Current time spent (so far): 2.30706e+07
Solution
> machineId: 0
  taskPos: 0 taskId: 861 ETC: 3.6 priority: 0
  taskPos: 1 taskId: 618 ETC: 12640.1 priority: 0
  taskPos: 2 taskId: 914 ETC: 15.87 priority: 0
  taskPos: 3 taskId: 160 ETC: 84.76 priority: 0
  taskPos: 4 taskId: 610 ETC: 17.73 priority: 0
  taskPos: 5 taskId: 92 ETC: 312.3 priority: 0
  taskPos: 6 taskId: 582 ETC: 41.32 priority: 0
  taskPos: 7 taskId: 152 ETC: 320.9 priority: 0
  taskPos: 8 taskId: 90 ETC: 32.94 priority: 0
  taskPos: 9 taskId: 132 ETC: 79.89 priority: 0
  taskPos: 10 taskId: 196 ETC: 179.35 priority: 0
  taskPos: 11 taskId: 986 ETC: 200.1 priority: 0
  taskPos: 12 taskId: 888 ETC: 480.28 priority: 0
  taskPos: 13 taskId: 624 ETC: 28.97 priority: 0
  taskPos: 14 taskId: 168 ETC: 259.88 priority: 0
  taskPos: 15 taskId: 830 ETC: 121.17 priority: 0
  taskPos: 16 taskId: 636 ETC: 145.42 priority: 0
  taskPos: 17 taskId: 900 ETC: 437 priority: 0
  taskPos: 18 taskId: 897 ETC: 159.3 priority: 0
  taskPos: 19 taskId: 388 ETC: 158.45 priority: 0
  taskPos: 20 taskId: 500 ETC: 316.5 priority: 0
  taskPos: 21 taskId: 424 ETC: 85.11 priority: 0
  taskPos: 22 taskId: 640 ETC: 371.98 priority: 0
  taskPos: 23 taskId: 407 ETC: 45.11 priority: 0
  taskPos: 24 taskId: 886 ETC: 332.5 priority: 0
  taskPos: 25 taskId: 904 ETC: 817.82 priority: 0
  taskPos: 26 taskId: 976 ETC: 148.43 priority: 0
  taskPos: 27 taskId: 74 ETC: 504.49 priority: 0
  taskPos: 28 taskId: 942 ETC: 631.58 priority: 0
  taskPos: 29 taskId: 848 ETC: 375.86 priority: 0
  taskPos: 30 taskId: 438 ETC: 472.31 priority: 0
  taskPos: 31 taskId: 20 ETC: 485.91 priority: 0
  taskPos: 32 taskId: 954 ETC: 656.44 priority: 0
  taskPos: 33 taskId: 724 ETC: 1098.48 priority: 0
  taskPos: 34 taskId: 482 ETC: 595.8 priority: 0
  taskPos: 35 taskId: 670 ETC: 886.88 priority: 0
  taskPos: 36 taskId: 538 ETC: 623.45 priority: 0
  taskPos: 37 taskId: 170 ETC: 972.31 priority: 0
  taskPos: 38 taskId: 626 ETC: 440.29 priority: 0
  taskPos: 39 taskId: 560 ETC: 281.85 priority: 0
  taskPos: 40 taskId: 764 ETC: 199.66 priority: 0
  taskPos: 41 taskId: 318 ETC: 1098.43 priority: 0
  taskPos: 42 taskId: 658 ETC: 734.2 priority: 0
  taskPos: 43 taskId: 1002 ETC: 496.05 priority: 0
  taskPos: 44 taskId: 464 ETC: 725.65 priority: 0
  taskPos: 45 taskId: 664 ETC: 1266.92 priority: 0
  taskPos: 46 taskId: 244 ETC: 1324.15 priority: 0
  taskPos: 47 taskId: 930 ETC: 1215.28 priority: 0
  taskPos: 48 taskId: 218 ETC: 1273.43 priority: 0
  taskPos: 49 taskId: 576 ETC: 1717.34 priority: 0
  taskPos: 50 taskId: 708 ETC: 533.41 priority: 0
  taskPos: 51 taskId: 368 ETC: 1120.09 priority: 0
  taskPos: 52 taskId: 28 ETC: 1057.52 priority: 0
  taskPos: 53 taskId: 884 ETC: 1071.12 priority: 0
  taskPos: 54 taskId: 284 ETC: 1371.73 priority: 0
  taskPos: 55 taskId: 606 ETC: 779.53 priority: 0
  taskPos: 56 taskId: 274 ETC: 1862.72 priority: 0
  taskPos: 57 taskId: 592 ETC: 1267.04 priority: 0
  taskPos: 58 taskId: 786 ETC: 1691.17 priority: 0
  taskPos: 59 taskId: 242 ETC: 784.25 priority: 0
  taskPos: 60 taskId: 756 ETC: 1170.3 priority: 0
  taskPos: 61 taskId: 728 ETC: 1084.78 priority: 0
  taskPos: 62 taskId: 796 ETC: 1132.04 priority: 0
  taskPos: 63 taskId: 623 ETC: 1318.56 priority: 0
  taskPos: 64 taskId: 390 ETC: 1313.85 priority: 0
  taskPos: 65 taskId: 570 ETC: 1353.55 priority: 0
  taskPos: 66 taskId: 462 ETC: 1765.82 priority: 0
  taskPos: 67 taskId: 522 ETC: 1463.79 priority: 0
  taskPos: 68 taskId: 1006 ETC: 2250.5 priority: 0
  taskPos: 69 taskId: 612 ETC: 1337.37 priority: 0
  taskPos: 70 taskId: 880 ETC: 1474.71 priority: 0
  taskPos: 71 taskId: 784 ETC: 1971.86 priority: 0
  taskPos: 72 taskId: 988 ETC: 1357.9 priority: 0
  taskPos: 73 taskId: 472 ETC: 2478.88 priority: 0
  taskPos: 74 taskId: 844 ETC: 1510.67 priority: 0
  taskPos: 75 taskId: 404 ETC: 1807.41 priority: 0
  taskPos: 76 taskId: 234 ETC: 1868.68 priority: 0
  taskPos: 77 taskId: 578 ETC: 1134.48 priority: 0
  taskPos: 78 taskId: 320 ETC: 2021.56 priority: 0
  taskPos: 79 taskId: 800 ETC: 1721.65 priority: 0
  taskPos: 80 taskId: 360 ETC: 1849.79 priority: 0
  taskPos: 81 taskId: 96 ETC: 1869.88 priority: 0
  taskPos: 82 taskId: 520 ETC: 2081.18 priority: 0
  taskPos: 83 taskId: 1012 ETC: 2541.75 priority: 0
  taskPos: 84 taskId: 60 ETC: 2958.9 priority: 0
  taskPos: 85 taskId: 40 ETC: 2483.05 priority: 0
  taskPos: 86 taskId: 876 ETC: 2437.29 priority: 0
  taskPos: 87 taskId: 362 ETC: 2044.03 priority: 0
  taskPos: 88 taskId: 392 ETC: 2929.16 priority: 0
  taskPos: 89 taskId: 188 ETC: 2820.8 priority: 0
  taskPos: 90 taskId: 870 ETC: 2118.45 priority: 0
  taskPos: 91 taskId: 600 ETC: 2078.13 priority: 0
  taskPos: 92 taskId: 240 ETC: 2895.18 priority: 0
  taskPos: 93 taskId: 474 ETC: 2816.46 priority: 0
  taskPos: 94 taskId: 956 ETC: 2058.06 priority: 0
  taskPos: 95 taskId: 50 ETC: 3108.4 priority: 0
  taskPos: 96 taskId: 158 ETC: 3869.85 priority: 0
  taskPos: 97 taskId: 898 ETC: 3168.61 priority: 0
  taskPos: 98 taskId: 856 ETC: 3016.42 priority: 0
  taskPos: 99 taskId: 68 ETC: 3356.3 priority: 0
  taskPos: 100 taskId: 924 ETC: 2832.25 priority: 0
  taskPos: 101 taskId: 428 ETC: 4110.06 priority: 0
  taskPos: 102 taskId: 232 ETC: 2397.55 priority: 0
  taskPos: 103 taskId: 648 ETC: 3153.48 priority: 0
  taskPos: 104 taskId: 8 ETC: 5886.34 priority: 0
  taskPos: 105 taskId: 304 ETC: 2536.72 priority: 0
  taskPos: 106 taskId: 556 ETC: 2126.69 priority: 0
  taskPos: 107 taskId: 768 ETC: 3213.52 priority: 0
  taskPos: 108 taskId: 692 ETC: 3679.3 priority: 0
  taskPos: 109 taskId: 586 ETC: 3237.73 priority: 0
  taskPos: 110 taskId: 410 ETC: 3518.42 priority: 0
  taskPos: 111 taskId: 310 ETC: 4470.43 priority: 0
  taskPos: 112 taskId: 446 ETC: 3677.74 priority: 0
  taskPos: 113 taskId: 726 ETC: 3358.35 priority: 0
  taskPos: 114 taskId: 1022 ETC: 5138.94 priority: 0
  taskPos: 115 taskId: 826 ETC: 2833.2 priority: 0
  taskPos: 116 taskId: 254 ETC: 4743.35 priority: 0
  taskPos: 117 taskId: 834 ETC: 2242.45 priority: 0
  taskPos: 118 taskId: 910 ETC: 3962.36 priority: 0
  taskPos: 119 taskId: 798 ETC: 3626.9 priority: 0
  taskPos: 120 taskId: 416 ETC: 4754.9 priority: 0
  taskPos: 121 taskId: 1004 ETC: 4476.3 priority: 0
  taskPos: 122 taskId: 532 ETC: 5018.55 priority: 0
  taskPos: 123 taskId: 850 ETC: 4906.36 priority: 0
  taskPos: 124 taskId: 878 ETC: 5399.42 priority: 0
  taskPos: 125 taskId: 614 ETC: 3716.28 priority: 0
  taskPos: 126 taskId: 508 ETC: 6144.34 priority: 0
  taskPos: 127 taskId: 272 ETC: 5930.98 priority: 0
  taskPos: 128 taskId: 16 ETC: 5027.1 priority: 0
  taskPos: 129 taskId: 206 ETC: 5676.27 priority: 0
  taskPos: 130 taskId: 902 ETC: 3931.24 priority: 0
  taskPos: 131 taskId: 398 ETC: 5100.68 priority: 0
  taskPos: 132 taskId: 258 ETC: 4062.72 priority: 0
  taskPos: 133 taskId: 148 ETC: 5684.82 priority: 0
  taskPos: 134 taskId: 94 ETC: 5159.43 priority: 0
  taskPos: 135 taskId: 820 ETC: 6177.26 priority: 0
  taskPos: 136 taskId: 402 ETC: 5956.45 priority: 0
  taskPos: 137 taskId: 860 ETC: 5464.43 priority: 0
  taskPos: 138 taskId: 460 ETC: 7378.02 priority: 0
  taskPos: 139 taskId: 822 ETC: 6291.66 priority: 0
  taskPos: 140 taskId: 674 ETC: 2531.91 priority: 0
  taskPos: 141 taskId: 928 ETC: 5614.33 priority: 0
  taskPos: 142 taskId: 58 ETC: 6691.16 priority: 0
  taskPos: 143 taskId: 690 ETC: 6638.52 priority: 0
  taskPos: 144 taskId: 70 ETC: 6031.69 priority: 0
  taskPos: 145 taskId: 190 ETC: 10059.8 priority: 0
  taskPos: 146 taskId: 238 ETC: 7268.68 priority: 0
  taskPos: 147 taskId: 354 ETC: 8313.9 priority: 0
  taskPos: 148 taskId: 1010 ETC: 6835.74 priority: 0
  taskPos: 149 taskId: 682 ETC: 5600.36 priority: 0
  taskPos: 150 taskId: 754 ETC: 8029.41 priority: 0
  taskPos: 151 taskId: 216 ETC: 9403.77 priority: 0
  taskPos: 152 taskId: 204 ETC: 7457.84 priority: 0
  taskPos: 153 taskId: 906 ETC: 10278.3 priority: 0
  taskPos: 154 taskId: 84 ETC: 8586.78 priority: 0
  taskPos: 155 taskId: 678 ETC: 6189.85 priority: 0
  taskPos: 156 taskId: 504 ETC: 8818.81 priority: 0
  taskPos: 157 taskId: 270 ETC: 9991.7 priority: 0
  taskPos: 158 taskId: 348 ETC: 9676.4 priority: 0
  taskPos: 159 taskId: 288 ETC: 9699.37 priority: 0
  taskPos: 160 taskId: 506 ETC: 8673.86 priority: 0
  taskPos: 161 taskId: 290 ETC: 10848.4 priority: 0
  taskPos: 162 taskId: 306 ETC: 9445.76 priority: 0
  taskPos: 163 taskId: 420 ETC: 11623.7 priority: 0
  taskPos: 164 taskId: 324 ETC: 12431.7 priority: 0
  taskPos: 165 taskId: 630 ETC: 11011.1 priority: 0
  taskPos: 166 taskId: 146 ETC: 11099 priority: 0
  taskPos: 167 taskId: 748 ETC: 7118.36 priority: 0
  taskPos: 168 taskId: 752 ETC: 8710.97 priority: 0
  taskPos: 169 taskId: 564 ETC: 9698.45 priority: 0
  taskPos: 170 taskId: 546 ETC: 10071.5 priority: 0
  taskPos: 171 taskId: 1014 ETC: 15462 priority: 0
  taskPos: 172 taskId: 76 ETC: 13792.1 priority: 0
  taskPos: 173 taskId: 444 ETC: 11309.2 priority: 0
  taskPos: 174 taskId: 594 ETC: 15352.7 priority: 0
  taskPos: 175 taskId: 286 ETC: 17857.2 priority: 0
  taskPos: 176 taskId: 922 ETC: 10991.3 priority: 0
  taskPos: 177 taskId: 700 ETC: 12446.5 priority: 0
  taskPos: 178 taskId: 42 ETC: 14221 priority: 0
  taskPos: 179 taskId: 660 ETC: 22128.4 priority: 0
  taskPos: 180 taskId: 414 ETC: 15059.8 priority: 0
  taskPos: 181 taskId: 926 ETC: 31167.9 priority: 0
  taskPos: 182 taskId: 2 ETC: 10370.8 priority: 0
  taskPos: 183 taskId: 642 ETC: 21687.6 priority: 0
  taskPos: 184 taskId: 788 ETC: 36387.1 priority: 0
  taskPos: 185 taskId: 819 ETC: 5202.04 priority: 0
  taskPos: 186 taskId: 502 ETC: 25668.2 priority: 0
  taskPos: 187 taskId: 672 ETC: 13872.6 priority: 0
  taskPos: 188 taskId: 316 ETC: 40789.2 priority: 0
  taskPos: 189 taskId: 142 ETC: 12272.5 priority: 0
  taskPos: 190 taskId: 698 ETC: 17501.8 priority: 0
  taskPos: 191 taskId: 140 ETC: 36585.6 priority: 0
  taskPos: 192 taskId: 426 ETC: 24436.7 priority: 0
  taskPos: 193 taskId: 510 ETC: 14524.7 priority: 0
  taskPos: 194 taskId: 30 ETC: 26350.9 priority: 0
  taskPos: 195 taskId: 334 ETC: 30752.5 priority: 0
  taskPos: 196 taskId: 772 ETC: 12652.8 priority: 0
  taskPos: 197 taskId: 998 ETC: 19702.5 priority: 0
  taskPos: 198 taskId: 810 ETC: 28759.3 priority: 0
  taskPos: 199 taskId: 32 ETC: 28877.8 priority: 0
  taskPos: 200 taskId: 224 ETC: 47929.9 priority: 0
  taskPos: 201 taskId: 662 ETC: 19657.4 priority: 0
  taskPos: 202 taskId: 346 ETC: 19167.1 priority: 0
> machineId: 1
  taskPos: 0 taskId: 712 ETC: 125.16 priority: 0
  taskPos: 1 taskId: 436 ETC: 542.7 priority: 0
  taskPos: 2 taskId: 330 ETC: 506.84 priority: 0
  taskPos: 3 taskId: 634 ETC: 1209.69 priority: 0
  taskPos: 4 taskId: 903 ETC: 165.59 priority: 0
  taskPos: 5 taskId: 741 ETC: 402.95 priority: 0
  taskPos: 6 taskId: 262 ETC: 527.8 priority: 0
  taskPos: 7 taskId: 778 ETC: 285.42 priority: 0
  taskPos: 8 taskId: 108 ETC: 306.33 priority: 0
  taskPos: 9 taskId: 524 ETC: 1385.38 priority: 0
  taskPos: 10 taskId: 46 ETC: 1920.57 priority: 0
  taskPos: 11 taskId: 746 ETC: 892.83 priority: 0
  taskPos: 12 taskId: 782 ETC: 731.17 priority: 0
  taskPos: 13 taskId: 896 ETC: 2481.25 priority: 0
  taskPos: 14 taskId: 403 ETC: 1584.45 priority: 0
  taskPos: 15 taskId: 122 ETC: 2240.55 priority: 0
  taskPos: 16 taskId: 280 ETC: 138.27 priority: 0
  taskPos: 17 taskId: 676 ETC: 3955.55 priority: 0
  taskPos: 18 taskId: 12 ETC: 1417.55 priority: 0
  taskPos: 19 taskId: 892 ETC: 2452.88 priority: 0
  taskPos: 20 taskId: 722 ETC: 3805.88 priority: 0
  taskPos: 21 taskId: 26 ETC: 2375.13 priority: 0
  taskPos: 22 taskId: 808 ETC: 6315.67 priority: 0
  taskPos: 23 taskId: 817 ETC: 4911.91 priority: 0
  taskPos: 24 taskId: 179 ETC: 2895.09 priority: 0
  taskPos: 25 taskId: 48 ETC: 4351.99 priority: 0
  taskPos: 26 taskId: 278 ETC: 2591.37 priority: 0
  taskPos: 27 taskId: 980 ETC: 6667.44 priority: 0
  taskPos: 28 taskId: 730 ETC: 3861.4 priority: 0
  taskPos: 29 taskId: 602 ETC: 6505.54 priority: 0
  taskPos: 30 taskId: 1008 ETC: 4003.15 priority: 0
  taskPos: 31 taskId: 704 ETC: 4681.64 priority: 0
  taskPos: 32 taskId: 22 ETC: 4359.5 priority: 0
  taskPos: 33 taskId: 496 ETC: 4494.32 priority: 0
  taskPos: 34 taskId: 734 ETC: 2986.62 priority: 0
  taskPos: 35 taskId: 64 ETC: 6846.64 priority: 0
  taskPos: 36 taskId: 182 ETC: 4971.19 priority: 0
  taskPos: 37 taskId: 968 ETC: 6056.21 priority: 0
  taskPos: 38 taskId: 1020 ETC: 8954.58 priority: 0
  taskPos: 39 taskId: 192 ETC: 4540.73 priority: 0
  taskPos: 40 taskId: 824 ETC: 8394.47 priority: 0
  taskPos: 41 taskId: 406 ETC: 6543.56 priority: 0
  taskPos: 42 taskId: 732 ETC: 7693.99 priority: 0
  taskPos: 43 taskId: 326 ETC: 7416.5 priority: 0
  taskPos: 44 taskId: 430 ETC: 5439.86 priority: 0
  taskPos: 45 taskId: 573 ETC: 8783.97 priority: 0
  taskPos: 46 taskId: 536 ETC: 5199.11 priority: 0
  taskPos: 47 taskId: 110 ETC: 7211.44 priority: 0
  taskPos: 48 taskId: 470 ETC: 8311.74 priority: 0
  taskPos: 49 taskId: 568 ETC: 8692.65 priority: 0
  taskPos: 50 taskId: 866 ETC: 10150.1 priority: 0
  taskPos: 51 taskId: 840 ETC: 10783.2 priority: 0
  taskPos: 52 taskId: 978 ETC: 11342.2 priority: 0
  taskPos: 53 taskId: 268 ETC: 10135.5 priority: 0
  taskPos: 54 taskId: 298 ETC: 8104.38 priority: 0
  taskPos: 55 taskId: 838 ETC: 13002.6 priority: 0
  taskPos: 56 taskId: 604 ETC: 8837.61 priority: 0
  taskPos: 57 taskId: 38 ETC: 19362.4 priority: 0
  taskPos: 58 taskId: 974 ETC: 17904 priority: 0
  taskPos: 59 taskId: 742 ETC: 11586.6 priority: 0
  taskPos: 60 taskId: 944 ETC: 12121.3 priority: 0
  taskPos: 61 taskId: 776 ETC: 10130.8 priority: 0
  taskPos: 62 taskId: 412 ETC: 19305.7 priority: 0
  taskPos: 63 taskId: 248 ETC: 10765.1 priority: 0
  taskPos: 64 taskId: 384 ETC: 12026.1 priority: 0
  taskPos: 65 taskId: 6 ETC: 26327.5 priority: 0
  taskPos: 66 taskId: 34 ETC: 16405.6 priority: 0
  taskPos: 67 taskId: 908 ETC: 24310.4 priority: 0
  taskPos: 68 taskId: 964 ETC: 39833.8 priority: 0
  taskPos: 69 taskId: 990 ETC: 15865.8 priority: 0
  taskPos: 70 taskId: 680 ETC: 21144.3 priority: 0
  taskPos: 71 taskId: 452 ETC: 20073.2 priority: 0
  taskPos: 72 taskId: 448 ETC: 15084.7 priority: 0
  taskPos: 73 taskId: 10 ETC: 16982.4 priority: 0
  taskPos: 74 taskId: 872 ETC: 36765 priority: 0
  taskPos: 75 taskId: 468 ETC: 29283.4 priority: 0
  taskPos: 76 taskId: 292 ETC: 17264.9 priority: 0
  taskPos: 77 taskId: 374 ETC: 24900.8 priority: 0
  taskPos: 78 taskId: 760 ETC: 22553.4 priority: 0
  taskPos: 79 taskId: 200 ETC: 31610.5 priority: 0
  taskPos: 80 taskId: 418 ETC: 29929.2 priority: 0
  taskPos: 81 taskId: 180 ETC: 24796.1 priority: 0
  taskPos: 82 taskId: 540 ETC: 33855 priority: 0
  taskPos: 83 taskId: 836 ETC: 26795.4 priority: 0
  taskPos: 84 taskId: 584 ETC: 26738 priority: 0
  taskPos: 85 taskId: 156 ETC: 16024.2 priority: 0
  taskPos: 86 taskId: 494 ETC: 35983.9 priority: 0
  taskPos: 87 taskId: 322 ETC: 35712 priority: 0
  taskPos: 88 taskId: 1016 ETC: 33922.4 priority: 0
  taskPos: 89 taskId: 166 ETC: 65220 priority: 0
  taskPos: 90 taskId: 620 ETC: 43210.2 priority: 0
  taskPos: 91 taskId: 120 ETC: 39325.7 priority: 0
  taskPos: 92 taskId: 314 ETC: 33335.2 priority: 0
  taskPos: 93 taskId: 706 ETC: 63199.8 priority: 0
> machineId: 2
  taskPos: 0 taskId: 39 ETC: 176.21 priority: 0
  taskPos: 1 taskId: 439 ETC: 2384.52 priority: 0
  taskPos: 2 taskId: 649 ETC: 7387.63 priority: 0
  taskPos: 3 taskId: 126 ETC: 8127.01 priority: 0
  taskPos: 4 taskId: 352 ETC: 1208.96 priority: 0
  taskPos: 5 taskId: 846 ETC: 533.38 priority: 0
  taskPos: 6 taskId: 14 ETC: 7717.36 priority: 0
  taskPos: 7 taskId: 512 ETC: 3994.37 priority: 0
  taskPos: 8 taskId: 554 ETC: 2076.1 priority: 0
  taskPos: 9 taskId: 174 ETC: 6678.33 priority: 0
  taskPos: 10 taskId: 638 ETC: 4070.97 priority: 0
  taskPos: 11 taskId: 128 ETC: 517.59 priority: 0
  taskPos: 12 taskId: 794 ETC: 5902.38 priority: 0
  taskPos: 13 taskId: 332 ETC: 7019.45 priority: 0
  taskPos: 14 taskId: 762 ETC: 8981.5 priority: 0
  taskPos: 15 taskId: 486 ETC: 10299 priority: 0
  taskPos: 16 taskId: 644 ETC: 15060.4 priority: 0
  taskPos: 17 taskId: 779 ETC: 4934.45 priority: 0
  taskPos: 18 taskId: 18 ETC: 12466.6 priority: 0
  taskPos: 19 taskId: 694 ETC: 10702.3 priority: 0
  taskPos: 20 taskId: 984 ETC: 11144.8 priority: 0
  taskPos: 21 taskId: 116 ETC: 25882.2 priority: 0
  taskPos: 22 taskId: 552 ETC: 13344 priority: 0
  taskPos: 23 taskId: 871 ETC: 8131.46 priority: 0
  taskPos: 24 taskId: 702 ETC: 17956.5 priority: 0
  taskPos: 25 taskId: 864 ETC: 11241.2 priority: 0
  taskPos: 26 taskId: 308 ETC: 14271.6 priority: 0
  taskPos: 27 taskId: 356 ETC: 9922.43 priority: 0
  taskPos: 28 taskId: 250 ETC: 19361.6 priority: 0
  taskPos: 29 taskId: 711 ETC: 19869.9 priority: 0
  taskPos: 30 taskId: 933 ETC: 16824.3 priority: 0
  taskPos: 31 taskId: 992 ETC: 18521 priority: 0
  taskPos: 32 taskId: 766 ETC: 15059 priority: 0
  taskPos: 33 taskId: 934 ETC: 34010.1 priority: 0
  taskPos: 34 taskId: 144 ETC: 20176.3 priority: 0
  taskPos: 35 taskId: 210 ETC: 26228.2 priority: 0
  taskPos: 36 taskId: 812 ETC: 17209.8 priority: 0
  taskPos: 37 taskId: 154 ETC: 33253.7 priority: 0
  taskPos: 38 taskId: 562 ETC: 28249.5 priority: 0
  taskPos: 39 taskId: 518 ETC: 54617.8 priority: 0
  taskPos: 40 taskId: 526 ETC: 27189.1 priority: 0
  taskPos: 41 taskId: 596 ETC: 47186.6 priority: 0
  taskPos: 42 taskId: 276 ETC: 29445.1 priority: 0
  taskPos: 43 taskId: 86 ETC: 40773 priority: 0
  taskPos: 44 taskId: 422 ETC: 27975.3 priority: 0
  taskPos: 45 taskId: 736 ETC: 28548.6 priority: 0
  taskPos: 46 taskId: 548 ETC: 60235.2 priority: 0
  taskPos: 47 taskId: 608 ETC: 66201.7 priority: 0
  taskPos: 48 taskId: 580 ETC: 69319.6 priority: 0
  taskPos: 49 taskId: 950 ETC: 47828.3 priority: 0
  taskPos: 50 taskId: 54 ETC: 75734 priority: 0
  taskPos: 51 taskId: 684 ETC: 22782 priority: 0
  taskPos: 52 taskId: 740 ETC: 57596 priority: 0
  taskPos: 53 taskId: 918 ETC: 48237.6 priority: 0
  taskPos: 54 taskId: 842 ETC: 39197.6 priority: 0
> machineId: 3
  taskPos: 0 taskId: 29 ETC: 9753.2 priority: 0
  taskPos: 1 taskId: 338 ETC: 18056 priority: 0
  taskPos: 2 taskId: 329 ETC: 2693.6 priority: 0
  taskPos: 3 taskId: 466 ETC: 25011.4 priority: 0
  taskPos: 4 taskId: 309 ETC: 6094.66 priority: 0
  taskPos: 5 taskId: 177 ETC: 4779.51 priority: 0
  taskPos: 6 taskId: 629 ETC: 10812.6 priority: 0
  taskPos: 7 taskId: 948 ETC: 12889.5 priority: 0
  taskPos: 8 taskId: 19 ETC: 11669.4 priority: 0
  taskPos: 9 taskId: 413 ETC: 8177.7 priority: 0
  taskPos: 10 taskId: 588 ETC: 9188.88 priority: 0
  taskPos: 11 taskId: 710 ETC: 13822.5 priority: 0
  taskPos: 12 taskId: 366 ETC: 35636.5 priority: 0
  taskPos: 13 taskId: 828 ETC: 2313.69 priority: 0
  taskPos: 14 taskId: 385 ETC: 12443.7 priority: 0
  taskPos: 15 taskId: 294 ETC: 23773 priority: 0
  taskPos: 16 taskId: 370 ETC: 3990.19 priority: 0
  taskPos: 17 taskId: 266 ETC: 16257.2 priority: 0
  taskPos: 18 taskId: 194 ETC: 41517.1 priority: 0
  taskPos: 19 taskId: 654 ETC: 68171.3 priority: 0
  taskPos: 20 taskId: 558 ETC: 19280.3 priority: 0
  taskPos: 21 taskId: 344 ETC: 40817.5 priority: 0
  taskPos: 22 taskId: 720 ETC: 39561.3 priority: 0
  taskPos: 23 taskId: 44 ETC: 20573.9 priority: 0
  taskPos: 24 taskId: 498 ETC: 10686.7 priority: 0
  taskPos: 25 taskId: 118 ETC: 51086.6 priority: 0
  taskPos: 26 taskId: 264 ETC: 36304.8 priority: 0
  taskPos: 27 taskId: 208 ETC: 38448.3 priority: 0
  taskPos: 28 taskId: 450 ETC: 53881 priority: 0
  taskPos: 29 taskId: 920 ETC: 69423 priority: 0
  taskPos: 30 taskId: 804 ETC: 16815.7 priority: 0
  taskPos: 31 taskId: 176 ETC: 85887 priority: 0
  taskPos: 32 taskId: 770 ETC: 25232.4 priority: 0
  taskPos: 33 taskId: 150 ETC: 56164.2 priority: 0
  taskPos: 34 taskId: 806 ETC: 44391.7 priority: 0
  taskPos: 35 taskId: 528 ETC: 75665.8 priority: 0
  taskPos: 36 taskId: 376 ETC: 164650 priority: 0
  taskPos: 37 taskId: 792 ETC: 57460.7 priority: 0
> machineId: 4
  taskPos: 0 taskId: 809 ETC: 76.48 priority: 0
  taskPos: 1 taskId: 513 ETC: 311.18 priority: 0
  taskPos: 2 taskId: 51 ETC: 789.74 priority: 0
  taskPos: 3 taskId: 825 ETC: 10913.9 priority: 0
  taskPos: 4 taskId: 497 ETC: 2805.76 priority: 0
  taskPos: 5 taskId: 327 ETC: 6420.87 priority: 0
  taskPos: 6 taskId: 972 ETC: 2033.08 priority: 0
  taskPos: 7 taskId: 52 ETC: 18356.2 priority: 0
  taskPos: 8 taskId: 282 ETC: 21573.1 priority: 0
  taskPos: 9 taskId: 56 ETC: 40822.4 priority: 0
  taskPos: 10 taskId: 236 ETC: 1943.91 priority: 0
  taskPos: 11 taskId: 943 ETC: 2535.3 priority: 0
  taskPos: 12 taskId: 381 ETC: 96.51 priority: 0
  taskPos: 13 taskId: 677 ETC: 7837.97 priority: 0
  taskPos: 14 taskId: 335 ETC: 1415.76 priority: 0
  taskPos: 15 taskId: 503 ETC: 22325.5 priority: 0
  taskPos: 16 taskId: 382 ETC: 72949.3 priority: 0
  taskPos: 17 taskId: 802 ETC: 25476.8 priority: 0
  taskPos: 18 taskId: 386 ETC: 21583.6 priority: 0
  taskPos: 19 taskId: 400 ETC: 13410.7 priority: 0
  taskPos: 20 taskId: 340 ETC: 50515.1 priority: 0
  taskPos: 21 taskId: 646 ETC: 48344.6 priority: 0
  taskPos: 22 taskId: 622 ETC: 62168.1 priority: 0
  taskPos: 23 taskId: 440 ETC: 32811.7 priority: 0
  taskPos: 24 taskId: 632 ETC: 29207.5 priority: 0
  taskPos: 25 taskId: 758 ETC: 49915.2 priority: 0
  taskPos: 26 taskId: 214 ETC: 116941 priority: 0
  taskPos: 27 taskId: 952 ETC: 38276.6 priority: 0
  taskPos: 28 taskId: 738 ETC: 82339.4 priority: 0
  taskPos: 29 taskId: 874 ETC: 168861 priority: 0
  taskPos: 30 taskId: 932 ETC: 63063.6 priority: 0
  taskPos: 31 taskId: 668 ETC: 41855.2 priority: 0
  taskPos: 32 taskId: 716 ETC: 99493.6 priority: 0
  taskPos: 33 taskId: 616 ETC: 87300.9 priority: 0
> machineId: 5
  taskPos: 0 taskId: 985 ETC: 27.55 priority: 0
  taskPos: 1 taskId: 599 ETC: 1347.7 priority: 0
  taskPos: 2 taskId: 879 ETC: 3804.05 priority: 0
  taskPos: 3 taskId: 679 ETC: 4640.37 priority: 0
  taskPos: 4 taskId: 591 ETC: 6027.24 priority: 0
  taskPos: 5 taskId: 378 ETC: 9721 priority: 0
  taskPos: 6 taskId: 141 ETC: 1306.06 priority: 0
  taskPos: 7 taskId: 733 ETC: 25414.4 priority: 0
  taskPos: 8 taskId: 757 ETC: 9827.21 priority: 0
  taskPos: 9 taskId: 749 ETC: 11157 priority: 0
  taskPos: 10 taskId: 396 ETC: 37345.4 priority: 0
  taskPos: 11 taskId: 652 ETC: 23686.5 priority: 0
  taskPos: 12 taskId: 7 ETC: 11204.5 priority: 0
  taskPos: 13 taskId: 98 ETC: 19895.2 priority: 0
  taskPos: 14 taskId: 514 ETC: 26669.3 priority: 0
  taskPos: 15 taskId: 996 ETC: 61669.8 priority: 0
  taskPos: 16 taskId: 688 ETC: 17599.4 priority: 0
  taskPos: 17 taskId: 134 ETC: 19971.5 priority: 0
  taskPos: 18 taskId: 130 ETC: 71344.2 priority: 0
  taskPos: 19 taskId: 774 ETC: 48226.2 priority: 0
  taskPos: 20 taskId: 686 ETC: 42082.1 priority: 0
  taskPos: 21 taskId: 598 ETC: 48043.8 priority: 0
  taskPos: 22 taskId: 962 ETC: 54869.7 priority: 0
  taskPos: 23 taskId: 534 ETC: 86841.4 priority: 0
  taskPos: 24 taskId: 66 ETC: 95517 priority: 0
  taskPos: 25 taskId: 62 ETC: 123475 priority: 0
  taskPos: 26 taskId: 456 ETC: 104491 priority: 0
  taskPos: 27 taskId: 364 ETC: 165555 priority: 0
  taskPos: 28 taskId: 696 ETC: 86471 priority: 0
> machineId: 6
  taskPos: 0 taskId: 481 ETC: 664.02 priority: 0
  taskPos: 1 taskId: 883 ETC: 1936.47 priority: 0
  taskPos: 2 taskId: 750 ETC: 6455.46 priority: 0
  taskPos: 3 taskId: 389 ETC: 2462.6 priority: 0
  taskPos: 4 taskId: 300 ETC: 29706.4 priority: 0
  taskPos: 5 taskId: 781 ETC: 622.73 priority: 0
  taskPos: 6 taskId: 959 ETC: 3089.51 priority: 0
  taskPos: 7 taskId: 275 ETC: 15109.5 priority: 0
  taskPos: 8 taskId: 296 ETC: 24644.3 priority: 0
  taskPos: 9 taskId: 72 ETC: 50081.5 priority: 0
  taskPos: 10 taskId: 841 ETC: 79.12 priority: 0
  taskPos: 11 taskId: 957 ETC: 15990.2 priority: 0
  taskPos: 12 taskId: 115 ETC: 8305.32 priority: 0
  taskPos: 13 taskId: 807 ETC: 7097.31 priority: 0
  taskPos: 14 taskId: 80 ETC: 20633 priority: 0
  taskPos: 15 taskId: 83 ETC: 8905.13 priority: 0
  taskPos: 16 taskId: 1018 ETC: 24979.5 priority: 0
  taskPos: 17 taskId: 940 ETC: 93055.5 priority: 0
  taskPos: 18 taskId: 88 ETC: 106364 priority: 0
  taskPos: 19 taskId: 246 ETC: 40357.1 priority: 0
  taskPos: 20 taskId: 478 ETC: 125170 priority: 0
  taskPos: 21 taskId: 868 ETC: 92902.4 priority: 0
  taskPos: 22 taskId: 342 ETC: 42113 priority: 0
  taskPos: 23 taskId: 574 ETC: 58877.5 priority: 0
  taskPos: 24 taskId: 882 ETC: 76430.8 priority: 0
  taskPos: 25 taskId: 256 ETC: 62639.9 priority: 0
  taskPos: 26 taskId: 186 ETC: 101481 priority: 0
  taskPos: 27 taskId: 912 ETC: 165646 priority: 0
> machineId: 7
  taskPos: 0 taskId: 745 ETC: 1056.34 priority: 0
  taskPos: 1 taskId: 219 ETC: 267.36 priority: 0
  taskPos: 2 taskId: 485 ETC: 4430.96 priority: 0
  taskPos: 3 taskId: 953 ETC: 6679.51 priority: 0
  taskPos: 4 taskId: 938 ETC: 18355.6 priority: 0
  taskPos: 5 taskId: 198 ETC: 4415.76 priority: 0
  taskPos: 6 taskId: 775 ETC: 4774.43 priority: 0
  taskPos: 7 taskId: 965 ETC: 4814 priority: 0
  taskPos: 8 taskId: 429 ETC: 31660.2 priority: 0
  taskPos: 9 taskId: 213 ETC: 9237.72 priority: 0
  taskPos: 10 taskId: 747 ETC: 21059 priority: 0
  taskPos: 11 taskId: 431 ETC: 35704.2 priority: 0
  taskPos: 12 taskId: 769 ETC: 18517.3 priority: 0
  taskPos: 13 taskId: 113 ETC: 12112.7 priority: 0
  taskPos: 14 taskId: 982 ETC: 94409.3 priority: 0
  taskPos: 15 taskId: 936 ETC: 125867 priority: 0
  taskPos: 16 taskId: 441 ETC: 29895 priority: 0
  taskPos: 17 taskId: 312 ETC: 69266.7 priority: 0
  taskPos: 18 taskId: 11 ETC: 40219.1 priority: 0
  taskPos: 19 taskId: 36 ETC: 13786.2 priority: 0
  taskPos: 20 taskId: 566 ETC: 66707.6 priority: 0
  taskPos: 21 taskId: 958 ETC: 68609.4 priority: 0
  taskPos: 22 taskId: 854 ETC: 160013 priority: 0
  taskPos: 23 taskId: 916 ETC: 169289 priority: 0
  taskPos: 24 taskId: 960 ETC: 158420 priority: 0
  taskPos: 25 taskId: 432 ETC: 72345.5 priority: 0
> machineId: 8
  taskPos: 0 taskId: 365 ETC: 2023.95 priority: 0
  taskPos: 1 taskId: 473 ETC: 113.09 priority: 0
  taskPos: 2 taskId: 117 ETC: 11027.7 priority: 0
  taskPos: 3 taskId: 714 ETC: 19039.7 priority: 0
  taskPos: 4 taskId: 661 ETC: 6392.39 priority: 0
  taskPos: 5 taskId: 273 ETC: 10874.2 priority: 0
  taskPos: 6 taskId: 709 ETC: 7589.3 priority: 0
  taskPos: 7 taskId: 299 ETC: 27231.5 priority: 0
  taskPos: 8 taskId: 631 ETC: 17594.7 priority: 0
  taskPos: 9 taskId: 350 ETC: 121787 priority: 0
  taskPos: 10 taskId: 123 ETC: 38816.4 priority: 0
  taskPos: 11 taskId: 223 ETC: 68548.6 priority: 0
  taskPos: 12 taskId: 106 ETC: 80116.4 priority: 0
  taskPos: 13 taskId: 890 ETC: 65297.3 priority: 0
  taskPos: 14 taskId: 421 ETC: 36380.9 priority: 0
  taskPos: 15 taskId: 919 ETC: 28803.8 priority: 0
  taskPos: 16 taskId: 358 ETC: 94950.6 priority: 0
  taskPos: 17 taskId: 212 ETC: 330948 priority: 0
  taskPos: 18 taskId: 336 ETC: 106108 priority: 0
  taskPos: 19 taskId: 852 ETC: 167626 priority: 0
> machineId: 9
  taskPos: 0 taskId: 689 ETC: 2531.93 priority: 0
  taskPos: 1 taskId: 343 ETC: 5994.59 priority: 0
  taskPos: 2 taskId: 447 ETC: 16946.1 priority: 0
  taskPos: 3 taskId: 317 ETC: 237.76 priority: 0
  taskPos: 4 taskId: 735 ETC: 1582.34 priority: 0
  taskPos: 5 taskId: 225 ETC: 6164.36 priority: 0
  taskPos: 6 taskId: 184 ETC: 12.11 priority: 0
  taskPos: 7 taskId: 875 ETC: 26321.8 priority: 0
  taskPos: 8 taskId: 119 ETC: 20675.3 priority: 0
  taskPos: 9 taskId: 423 ETC: 13045.2 priority: 0
  taskPos: 10 taskId: 813 ETC: 11619.5 priority: 0
  taskPos: 11 taskId: 550 ETC: 187929 priority: 0
  taskPos: 12 taskId: 894 ETC: 51289.1 priority: 0
  taskPos: 13 taskId: 656 ETC: 266088 priority: 0
  taskPos: 14 taskId: 458 ETC: 49183.3 priority: 0
  taskPos: 15 taskId: 347 ETC: 2833 priority: 0
  taskPos: 16 taskId: 124 ETC: 162375 priority: 0
  taskPos: 17 taskId: 252 ETC: 122975 priority: 0
  taskPos: 18 taskId: 394 ETC: 124201 priority: 0
  taskPos: 19 taskId: 220 ETC: 68244.8 priority: 0
  taskPos: 20 taskId: 97 ETC: 94260.5 priority: 0
> machineId: 10
  taskPos: 0 taskId: 743 ETC: 1866.15 priority: 0
  taskPos: 1 taskId: 987 ETC: 3363.1 priority: 0
  taskPos: 2 taskId: 639 ETC: 746.48 priority: 0
  taskPos: 3 taskId: 619 ETC: 4087.63 priority: 0
  taskPos: 4 taskId: 595 ETC: 3086.03 priority: 0
  taskPos: 5 taskId: 697 ETC: 7893.2 priority: 0
  taskPos: 6 taskId: 501 ETC: 14994.3 priority: 0
  taskPos: 7 taskId: 61 ETC: 6307.43 priority: 0
  taskPos: 8 taskId: 625 ETC: 11095.7 priority: 0
  taskPos: 9 taskId: 693 ETC: 12667.4 priority: 0
  taskPos: 10 taskId: 925 ETC: 14696 priority: 0
  taskPos: 11 taskId: 207 ETC: 20856.7 priority: 0
  taskPos: 12 taskId: 955 ETC: 13870.5 priority: 0
  taskPos: 13 taskId: 303 ETC: 36611.7 priority: 0
  taskPos: 14 taskId: 239 ETC: 53061.4 priority: 0
  taskPos: 15 taskId: 488 ETC: 118108 priority: 0
  taskPos: 16 taskId: 563 ETC: 47976.2 priority: 0
  taskPos: 17 taskId: 945 ETC: 35227.7 priority: 0
  taskPos: 18 taskId: 715 ETC: 37672.2 priority: 0
  taskPos: 19 taskId: 397 ETC: 20997.8 priority: 0
  taskPos: 20 taskId: 237 ETC: 94852.1 priority: 0
  taskPos: 21 taskId: 790 ETC: 143233 priority: 0
  taskPos: 22 taskId: 476 ETC: 224992 priority: 0
  taskPos: 23 taskId: 136 ETC: 316551 priority: 0
> machineId: 11
  taskPos: 0 taskId: 999 ETC: 1263.5 priority: 0
  taskPos: 1 taskId: 601 ETC: 28772 priority: 0
  taskPos: 2 taskId: 121 ETC: 1567.81 priority: 0
  taskPos: 3 taskId: 755 ETC: 4293.18 priority: 0
  taskPos: 4 taskId: 283 ETC: 3933.06 priority: 0
  taskPos: 5 taskId: 99 ETC: 11537 priority: 0
  taskPos: 6 taskId: 1005 ETC: 4981.48 priority: 0
  taskPos: 7 taskId: 271 ETC: 194.03 priority: 0
  taskPos: 8 taskId: 445 ETC: 21817.2 priority: 0
  taskPos: 9 taskId: 377 ETC: 25161.4 priority: 0
  taskPos: 10 taskId: 77 ETC: 9346.29 priority: 0
  taskPos: 11 taskId: 590 ETC: 101319 priority: 0
  taskPos: 12 taskId: 814 ETC: 377993 priority: 0
  taskPos: 13 taskId: 4 ETC: 50515.9 priority: 0
  taskPos: 14 taskId: 1021 ETC: 55837.4 priority: 0
  taskPos: 15 taskId: 795 ETC: 112446 priority: 0
  taskPos: 16 taskId: 737 ETC: 19260.1 priority: 0
  taskPos: 17 taskId: 78 ETC: 141719 priority: 0
  taskPos: 18 taskId: 815 ETC: 59039.8 priority: 0
  taskPos: 19 taskId: 725 ETC: 44516.1 priority: 0
  taskPos: 20 taskId: 516 ETC: 167727 priority: 0
> machineId: 12
  taskPos: 0 taskId: 507 ETC: 1713.8 priority: 0
  taskPos: 1 taskId: 433 ETC: 565.09 priority: 0
  taskPos: 2 taskId: 695 ETC: 4086.72 priority: 0
  taskPos: 3 taskId: 1007 ETC: 4434.75 priority: 0
  taskPos: 4 taskId: 783 ETC: 8709.01 priority: 0
  taskPos: 5 taskId: 923 ETC: 2892.32 priority: 0
  taskPos: 6 taskId: 991 ETC: 4160.6 priority: 0
  taskPos: 7 taskId: 104 ETC: 46814.9 priority: 0
  taskPos: 8 taskId: 491 ETC: 7780.74 priority: 0
  taskPos: 9 taskId: 9 ETC: 10897 priority: 0
  taskPos: 10 taskId: 763 ETC: 10090.8 priority: 0
  taskPos: 11 taskId: 114 ETC: 302397 priority: 0
  taskPos: 12 taskId: 785 ETC: 23898.1 priority: 0
  taskPos: 13 taskId: 0 ETC: 294791 priority: 0
  taskPos: 14 taskId: 112 ETC: 213448 priority: 0
  taskPos: 15 taskId: 901 ETC: 25660.8 priority: 0
  taskPos: 16 taskId: 530 ETC: 157381 priority: 0
  taskPos: 17 taskId: 277 ETC: 47315.4 priority: 0
  taskPos: 18 taskId: 837 ETC: 52528.3 priority: 0
  taskPos: 19 taskId: 361 ETC: 18881.3 priority: 0
> machineId: 13
  taskPos: 0 taskId: 409 ETC: 398.89 priority: 0
  taskPos: 1 taskId: 267 ETC: 1564.87 priority: 0
  taskPos: 2 taskId: 787 ETC: 5843.67 priority: 0
  taskPos: 3 taskId: 43 ETC: 3016.71 priority: 0
  taskPos: 4 taskId: 215 ETC: 6744.35 priority: 0
  taskPos: 5 taskId: 535 ETC: 44196.8 priority: 0
  taskPos: 6 taskId: 251 ETC: 7462.16 priority: 0
  taskPos: 7 taskId: 572 ETC: 28211.4 priority: 0
  taskPos: 8 taskId: 581 ETC: 19103 priority: 0
  taskPos: 9 taskId: 249 ETC: 8440.5 priority: 0
  taskPos: 10 taskId: 261 ETC: 43010.2 priority: 0
  taskPos: 11 taskId: 167 ETC: 7533.52 priority: 0
  taskPos: 12 taskId: 21 ETC: 37466.3 priority: 0
  taskPos: 13 taskId: 1015 ETC: 45147.6 priority: 0
  taskPos: 14 taskId: 858 ETC: 134319 priority: 0
  taskPos: 15 taskId: 946 ETC: 286267 priority: 0
  taskPos: 16 taskId: 260 ETC: 224546 priority: 0
  taskPos: 17 taskId: 226 ETC: 259414 priority: 0
> machineId: 14
  taskPos: 0 taskId: 57 ETC: 11741.5 priority: 0
  taskPos: 1 taskId: 947 ETC: 935.91 priority: 0
  taskPos: 2 taskId: 63 ETC: 925.49 priority: 0
  taskPos: 3 taskId: 509 ETC: 20066.7 priority: 0
  taskPos: 4 taskId: 187 ETC: 703.75 priority: 0
  taskPos: 5 taskId: 229 ETC: 11163.8 priority: 0
  taskPos: 6 taskId: 849 ETC: 17772.8 priority: 0
  taskPos: 7 taskId: 169 ETC: 15403.2 priority: 0
  taskPos: 8 taskId: 111 ETC: 9078.59 priority: 0
  taskPos: 9 taskId: 269 ETC: 453.17 priority: 0
  taskPos: 10 taskId: 313 ETC: 19199.2 priority: 0
  taskPos: 11 taskId: 235 ETC: 3104.42 priority: 0
  taskPos: 12 taskId: 69 ETC: 51436.5 priority: 0
  taskPos: 13 taskId: 970 ETC: 176548 priority: 0
  taskPos: 14 taskId: 82 ETC: 118300 priority: 0
  taskPos: 15 taskId: 434 ETC: 329601 priority: 0
  taskPos: 16 taskId: 380 ETC: 81839.2 priority: 0
  taskPos: 17 taskId: 989 ETC: 25049.3 priority: 0
  taskPos: 18 taskId: 480 ETC: 99894.2 priority: 0
  taskPos: 19 taskId: 295 ETC: 48411.6 priority: 0
  taskPos: 20 taskId: 408 ETC: 199791 priority: 0
> machineId: 15
  taskPos: 0 taskId: 417 ETC: 108.34 priority: 0
  taskPos: 1 taskId: 227 ETC: 309.36 priority: 0
  taskPos: 2 taskId: 969 ETC: 290.74 priority: 0
  taskPos: 3 taskId: 197 ETC: 75849.2 priority: 0
  taskPos: 4 taskId: 651 ETC: 1313.47 priority: 0
  taskPos: 5 taskId: 687 ETC: 696.26 priority: 0
  taskPos: 6 taskId: 829 ETC: 3308.05 priority: 0
  taskPos: 7 taskId: 983 ETC: 6857.73 priority: 0
  taskPos: 8 taskId: 869 ETC: 44071.2 priority: 0
  taskPos: 9 taskId: 913 ETC: 4468.28 priority: 0
  taskPos: 10 taskId: 551 ETC: 31915.5 priority: 0
  taskPos: 11 taskId: 905 ETC: 34102.8 priority: 0
  taskPos: 12 taskId: 221 ETC: 84413 priority: 0
  taskPos: 13 taskId: 477 ETC: 12095.5 priority: 0
  taskPos: 14 taskId: 451 ETC: 4987.07 priority: 0
  taskPos: 15 taskId: 818 ETC: 468532 priority: 0
  taskPos: 16 taskId: 5 ETC: 6932.02 priority: 0
  taskPos: 17 taskId: 307 ETC: 12969.3 priority: 0
  taskPos: 18 taskId: 671 ETC: 39110.9 priority: 0
  taskPos: 19 taskId: 628 ETC: 75367.3 priority: 0
  taskPos: 20 taskId: 941 ETC: 8262.36 priority: 0
  taskPos: 21 taskId: 816 ETC: 300431 priority: 0
  taskPos: 22 taskId: 857 ETC: 21208.6 priority: 0
> machineId: 16
  taskPos: 0 taskId: 24 ETC: 50227.6 priority: 0
  taskPos: 1 taskId: 199 ETC: 59.94 priority: 0
  taskPos: 2 taskId: 265 ETC: 5821.47 priority: 0
  taskPos: 3 taskId: 59 ETC: 3294.95 priority: 0
  taskPos: 4 taskId: 325 ETC: 1686.29 priority: 0
  taskPos: 5 taskId: 129 ETC: 1081.97 priority: 0
  taskPos: 6 taskId: 589 ETC: 7321.79 priority: 0
  taskPos: 7 taskId: 139 ETC: 883.33 priority: 0
  taskPos: 8 taskId: 719 ETC: 7871.58 priority: 0
  taskPos: 9 taskId: 23 ETC: 32762.8 priority: 0
  taskPos: 10 taskId: 718 ETC: 228316 priority: 0
  taskPos: 11 taskId: 723 ETC: 17916.3 priority: 0
  taskPos: 12 taskId: 643 ETC: 30238.6 priority: 0
  taskPos: 13 taskId: 31 ETC: 13176.8 priority: 0
  taskPos: 14 taskId: 355 ETC: 38818.8 priority: 0
  taskPos: 15 taskId: 293 ETC: 42938.1 priority: 0
  taskPos: 16 taskId: 25 ETC: 28032.7 priority: 0
  taskPos: 17 taskId: 831 ETC: 53514.4 priority: 0
  taskPos: 18 taskId: 780 ETC: 329508 priority: 0
  taskPos: 19 taskId: 102 ETC: 175190 priority: 0
  taskPos: 20 taskId: 650 ETC: 111886 priority: 0
  taskPos: 21 taskId: 832 ETC: 3808.56 priority: 0
> machineId: 17
  taskPos: 0 taskId: 1017 ETC: 657.2 priority: 0
  taskPos: 1 taskId: 537 ETC: 45383.7 priority: 0
  taskPos: 2 taskId: 559 ETC: 1846.18 priority: 0
  taskPos: 3 taskId: 101 ETC: 7208.08 priority: 0
  taskPos: 4 taskId: 231 ETC: 2430.72 priority: 0
  taskPos: 5 taskId: 285 ETC: 1847.83 priority: 0
  taskPos: 6 taskId: 157 ETC: 1489.73 priority: 0
  taskPos: 7 taskId: 471 ETC: 3878.36 priority: 0
  taskPos: 8 taskId: 437 ETC: 17499.6 priority: 0
  taskPos: 9 taskId: 109 ETC: 4390.15 priority: 0
  taskPos: 10 taskId: 81 ETC: 37662.2 priority: 0
  taskPos: 11 taskId: 681 ETC: 5067.49 priority: 0
  taskPos: 12 taskId: 419 ETC: 6339.06 priority: 0
  taskPos: 13 taskId: 257 ETC: 24064.6 priority: 0
  taskPos: 14 taskId: 899 ETC: 7293.1 priority: 0
  taskPos: 15 taskId: 657 ETC: 32769.9 priority: 0
  taskPos: 16 taskId: 895 ETC: 19964.5 priority: 0
  taskPos: 17 taskId: 351 ETC: 19699.8 priority: 0
  taskPos: 18 taskId: 617 ETC: 14519.1 priority: 0
  taskPos: 19 taskId: 483 ETC: 4996.85 priority: 0
  taskPos: 20 taskId: 349 ETC: 22135.6 priority: 0
  taskPos: 21 taskId: 575 ETC: 6563.74 priority: 0
  taskPos: 22 taskId: 1019 ETC: 48223.9 priority: 0
  taskPos: 23 taskId: 391 ETC: 44320.5 priority: 0
  taskPos: 24 taskId: 222 ETC: 536472 priority: 0
  taskPos: 25 taskId: 862 ETC: 285304 priority: 0
  taskPos: 26 taskId: 545 ETC: 40147.5 priority: 0
> machineId: 18
  taskPos: 0 taskId: 493 ETC: 1336.4 priority: 0
  taskPos: 1 taskId: 125 ETC: 19567.9 priority: 0
  taskPos: 2 taskId: 107 ETC: 2133.03 priority: 0
  taskPos: 3 taskId: 721 ETC: 2373.1 priority: 0
  taskPos: 4 taskId: 1013 ETC: 11169 priority: 0
  taskPos: 5 taskId: 683 ETC: 4219.22 priority: 0
  taskPos: 6 taskId: 453 ETC: 15714.5 priority: 0
  taskPos: 7 taskId: 49 ETC: 7789.17 priority: 0
  taskPos: 8 taskId: 67 ETC: 11975.1 priority: 0
  taskPos: 9 taskId: 3 ETC: 20542.8 priority: 0
  taskPos: 10 taskId: 542 ETC: 434028 priority: 0
  taskPos: 11 taskId: 627 ETC: 7479.02 priority: 0
  taskPos: 12 taskId: 145 ETC: 2920.14 priority: 0
  taskPos: 13 taskId: 163 ETC: 4686.99 priority: 0
  taskPos: 14 taskId: 1011 ETC: 13865.8 priority: 0
  taskPos: 15 taskId: 405 ETC: 28984.4 priority: 0
  taskPos: 16 taskId: 427 ETC: 123330 priority: 0
  taskPos: 17 taskId: 469 ETC: 24176.3 priority: 0
  taskPos: 18 taskId: 751 ETC: 19559.3 priority: 0
  taskPos: 19 taskId: 41 ETC: 29672.9 priority: 0
  taskPos: 20 taskId: 490 ETC: 254298 priority: 0
  taskPos: 21 taskId: 178 ETC: 162205 priority: 0
> machineId: 19
  taskPos: 0 taskId: 663 ETC: 324.48 priority: 0
  taskPos: 1 taskId: 85 ETC: 23.99 priority: 0
  taskPos: 2 taskId: 577 ETC: 468.95 priority: 0
  taskPos: 3 taskId: 827 ETC: 869.97 priority: 0
  taskPos: 4 taskId: 637 ETC: 1207.64 priority: 0
  taskPos: 5 taskId: 761 ETC: 1226.37 priority: 0
  taskPos: 6 taskId: 203 ETC: 1950.04 priority: 0
  taskPos: 7 taskId: 569 ETC: 2077.12 priority: 0
  taskPos: 8 taskId: 331 ETC: 4688.22 priority: 0
  taskPos: 9 taskId: 291 ETC: 4696.47 priority: 0
  taskPos: 10 taskId: 863 ETC: 7208.13 priority: 0
  taskPos: 11 taskId: 529 ETC: 5878.14 priority: 0
  taskPos: 12 taskId: 635 ETC: 5501.48 priority: 0
  taskPos: 13 taskId: 13 ETC: 11146.2 priority: 0
  taskPos: 14 taskId: 859 ETC: 7237.83 priority: 0
  taskPos: 15 taskId: 89 ETC: 8185.67 priority: 0
  taskPos: 16 taskId: 33 ETC: 15711.3 priority: 0
  taskPos: 17 taskId: 877 ETC: 66076.9 priority: 0
  taskPos: 18 taskId: 523 ETC: 11407 priority: 0
  taskPos: 19 taskId: 701 ETC: 8152.73 priority: 0
  taskPos: 20 taskId: 243 ETC: 11005.9 priority: 0
  taskPos: 21 taskId: 383 ETC: 50342.3 priority: 0
  taskPos: 22 taskId: 297 ETC: 99498.1 priority: 0
  taskPos: 23 taskId: 71 ETC: 14335 priority: 0
  taskPos: 24 taskId: 162 ETC: 359487 priority: 0
  taskPos: 25 taskId: 372 ETC: 430631 priority: 0
  taskPos: 26 taskId: 789 ETC: 13091.4 priority: 0
  taskPos: 27 taskId: 135 ETC: 57119 priority: 0
> machineId: 20
  taskPos: 0 taskId: 315 ETC: 5748.81 priority: 0
  taskPos: 1 taskId: 705 ETC: 2438.22 priority: 0
  taskPos: 2 taskId: 771 ETC: 8668.72 priority: 0
  taskPos: 3 taskId: 79 ETC: 6982.01 priority: 0
  taskPos: 4 taskId: 17 ETC: 1298.5 priority: 0
  taskPos: 5 taskId: 593 ETC: 13794 priority: 0
  taskPos: 6 taskId: 865 ETC: 9460.03 priority: 0
  taskPos: 7 taskId: 1000 ETC: 168415 priority: 0
  taskPos: 8 taskId: 195 ETC: 7107.95 priority: 0
  taskPos: 9 taskId: 833 ETC: 92842.3 priority: 0
  taskPos: 10 taskId: 557 ETC: 13097.4 priority: 0
  taskPos: 11 taskId: 673 ETC: 14072.5 priority: 0
  taskPos: 12 taskId: 667 ETC: 22244.4 priority: 0
  taskPos: 13 taskId: 247 ETC: 16697.8 priority: 0
  taskPos: 14 taskId: 105 ETC: 90479.5 priority: 0
  taskPos: 15 taskId: 345 ETC: 25827.2 priority: 0
  taskPos: 16 taskId: 744 ETC: 604200 priority: 0
  taskPos: 17 taskId: 399 ETC: 119876 priority: 0
> machineId: 21
  taskPos: 0 taskId: 867 ETC: 4694.31 priority: 0
  taskPos: 1 taskId: 613 ETC: 7010.71 priority: 0
  taskPos: 2 taskId: 961 ETC: 541.24 priority: 0
  taskPos: 3 taskId: 73 ETC: 7882.37 priority: 0
  taskPos: 4 taskId: 939 ETC: 3388.05 priority: 0
  taskPos: 5 taskId: 173 ETC: 14703.3 priority: 0
  taskPos: 6 taskId: 685 ETC: 11956.6 priority: 0
  taskPos: 7 taskId: 851 ETC: 23858.2 priority: 0
  taskPos: 8 taskId: 53 ETC: 23689.9 priority: 0
  taskPos: 9 taskId: 27 ETC: 9365.48 priority: 0
  taskPos: 10 taskId: 821 ETC: 28870.1 priority: 0
  taskPos: 11 taskId: 499 ETC: 35686.9 priority: 0
  taskPos: 12 taskId: 699 ETC: 10866 priority: 0
  taskPos: 13 taskId: 155 ETC: 18227.4 priority: 0
  taskPos: 14 taskId: 442 ETC: 535977 priority: 0
  taskPos: 15 taskId: 565 ETC: 62229.1 priority: 0
  taskPos: 16 taskId: 461 ETC: 60646.1 priority: 0
  taskPos: 17 taskId: 533 ETC: 79474.7 priority: 0
  taskPos: 18 taskId: 966 ETC: 299340 priority: 0
> machineId: 22
  taskPos: 0 taskId: 457 ETC: 33.96 priority: 0
  taskPos: 1 taskId: 205 ETC: 1786.11 priority: 0
  taskPos: 2 taskId: 487 ETC: 342.11 priority: 0
  taskPos: 3 taskId: 91 ETC: 31217.2 priority: 0
  taskPos: 4 taskId: 525 ETC: 11170.4 priority: 0
  taskPos: 5 taskId: 739 ETC: 38383.8 priority: 0
  taskPos: 6 taskId: 211 ETC: 20486.7 priority: 0
  taskPos: 7 taskId: 579 ETC: 2610.12 priority: 0
  taskPos: 8 taskId: 731 ETC: 28929.4 priority: 0
  taskPos: 9 taskId: 907 ETC: 13813.9 priority: 0
  taskPos: 10 taskId: 855 ETC: 14242.5 priority: 0
  taskPos: 11 taskId: 659 ETC: 51479.2 priority: 0
  taskPos: 12 taskId: 994 ETC: 309780 priority: 0
  taskPos: 13 taskId: 449 ETC: 1466.19 priority: 0
  taskPos: 14 taskId: 975 ETC: 21304.4 priority: 0
  taskPos: 15 taskId: 337 ETC: 44100.4 priority: 0
  taskPos: 16 taskId: 15 ETC: 152887 priority: 0
  taskPos: 17 taskId: 228 ETC: 369057 priority: 0
> machineId: 23
  taskPos: 0 taskId: 729 ETC: 1031.86 priority: 0
  taskPos: 1 taskId: 977 ETC: 20404.2 priority: 0
  taskPos: 2 taskId: 853 ETC: 8102.07 priority: 0
  taskPos: 3 taskId: 611 ETC: 566.55 priority: 0
  taskPos: 4 taskId: 597 ETC: 899.54 priority: 0
  taskPos: 5 taskId: 321 ETC: 7019.05 priority: 0
  taskPos: 6 taskId: 279 ETC: 46.46 priority: 0
  taskPos: 7 taskId: 791 ETC: 1913.88 priority: 0
  taskPos: 8 taskId: 973 ETC: 4767.59 priority: 0
  taskPos: 9 taskId: 653 ETC: 272.58 priority: 0
  taskPos: 10 taskId: 341 ETC: 16188.3 priority: 0
  taskPos: 11 taskId: 937 ETC: 20298 priority: 0
  taskPos: 12 taskId: 505 ETC: 15505.9 priority: 0
  taskPos: 13 taskId: 887 ETC: 99357.5 priority: 0
  taskPos: 14 taskId: 489 ETC: 1550.39 priority: 0
  taskPos: 15 taskId: 287 ETC: 60814.2 priority: 0
  taskPos: 16 taskId: 921 ETC: 16827.6 priority: 0
  taskPos: 17 taskId: 492 ETC: 359212 priority: 0
  taskPos: 18 taskId: 373 ETC: 3500.6 priority: 0
  taskPos: 19 taskId: 37 ETC: 43498.2 priority: 0
  taskPos: 20 taskId: 411 ETC: 11632.1 priority: 0
  taskPos: 21 taskId: 561 ETC: 1851.31 priority: 0
  taskPos: 22 taskId: 217 ETC: 25630.3 priority: 0
  taskPos: 23 taskId: 517 ETC: 5335.61 priority: 0
  taskPos: 24 taskId: 543 ETC: 111588 priority: 0
> machineId: 24
  taskPos: 0 taskId: 233 ETC: 4270.17 priority: 0
  taskPos: 1 taskId: 1009 ETC: 5851.78 priority: 0
  taskPos: 2 taskId: 717 ETC: 21705.2 priority: 0
  taskPos: 3 taskId: 515 ETC: 188305 priority: 0
  taskPos: 4 taskId: 133 ETC: 86398.3 priority: 0
  taskPos: 5 taskId: 209 ETC: 5169.22 priority: 0
  taskPos: 6 taskId: 175 ETC: 17212.3 priority: 0
  taskPos: 7 taskId: 967 ETC: 7395.89 priority: 0
  taskPos: 8 taskId: 951 ETC: 21741.2 priority: 0
  taskPos: 9 taskId: 585 ETC: 1905.2 priority: 0
  taskPos: 10 taskId: 521 ETC: 17304.4 priority: 0
  taskPos: 11 taskId: 363 ETC: 46499.6 priority: 0
  taskPos: 12 taskId: 777 ETC: 21763.3 priority: 0
  taskPos: 13 taskId: 911 ETC: 1241.62 priority: 0
  taskPos: 14 taskId: 319 ETC: 4518.52 priority: 0
  taskPos: 15 taskId: 713 ETC: 93989.8 priority: 0
  taskPos: 16 taskId: 544 ETC: 354621 priority: 0
  taskPos: 17 taskId: 801 ETC: 24770.1 priority: 0
  taskPos: 18 taskId: 873 ETC: 99023.5 priority: 0
> machineId: 25
  taskPos: 0 taskId: 359 ETC: 157.55 priority: 0
  taskPos: 1 taskId: 891 ETC: 4158.94 priority: 0
  taskPos: 2 taskId: 615 ETC: 28296.6 priority: 0
  taskPos: 3 taskId: 803 ETC: 7491.07 priority: 0
  taskPos: 4 taskId: 463 ETC: 7138.46 priority: 0
  taskPos: 5 taskId: 909 ETC: 3854.27 priority: 0
  taskPos: 6 taskId: 467 ETC: 479.67 priority: 0
  taskPos: 7 taskId: 185 ETC: 7161.12 priority: 0
  taskPos: 8 taskId: 181 ETC: 21105.5 priority: 0
  taskPos: 9 taskId: 665 ETC: 387.42 priority: 0
  taskPos: 10 taskId: 703 ETC: 8777.67 priority: 0
  taskPos: 11 taskId: 823 ETC: 834.31 priority: 0
  taskPos: 12 taskId: 587 ETC: 19833.2 priority: 0
  taskPos: 13 taskId: 835 ETC: 21313 priority: 0
  taskPos: 14 taskId: 479 ETC: 34961.1 priority: 0
  taskPos: 15 taskId: 435 ETC: 9516.5 priority: 0
  taskPos: 16 taskId: 666 ETC: 602949 priority: 0
  taskPos: 17 taskId: 669 ETC: 47204.3 priority: 0
  taskPos: 18 taskId: 100 ETC: 268176 priority: 0
  taskPos: 19 taskId: 881 ETC: 32113.7 priority: 0
  taskPos: 20 taskId: 767 ETC: 18568.4 priority: 0
  taskPos: 21 taskId: 963 ETC: 45551.5 priority: 0
  taskPos: 22 taskId: 371 ETC: 22492.8 priority: 0
  taskPos: 23 taskId: 995 ETC: 27937.6 priority: 0
> machineId: 26
  taskPos: 0 taskId: 395 ETC: 315.34 priority: 0
  taskPos: 1 taskId: 323 ETC: 1629.9 priority: 0
  taskPos: 2 taskId: 527 ETC: 6139.53 priority: 0
  taskPos: 3 taskId: 127 ETC: 1649.99 priority: 0
  taskPos: 4 taskId: 153 ETC: 2937.56 priority: 0
  taskPos: 5 taskId: 183 ETC: 13038.2 priority: 0
  taskPos: 6 taskId: 259 ETC: 11034.6 priority: 0
  taskPos: 7 taskId: 971 ETC: 2585.41 priority: 0
  taskPos: 8 taskId: 1003 ETC: 7431.16 priority: 0
  taskPos: 9 taskId: 519 ETC: 14756.6 priority: 0
  taskPos: 10 taskId: 839 ETC: 28878.5 priority: 0
  taskPos: 11 taskId: 45 ETC: 28979.9 priority: 0
  taskPos: 12 taskId: 847 ETC: 21594.4 priority: 0
  taskPos: 13 taskId: 917 ETC: 29980.2 priority: 0
  taskPos: 14 taskId: 241 ETC: 3578.94 priority: 0
  taskPos: 15 taskId: 641 ETC: 7317.71 priority: 0
  taskPos: 16 taskId: 425 ETC: 17847.9 priority: 0
  taskPos: 17 taskId: 675 ETC: 13104.6 priority: 0
  taskPos: 18 taskId: 302 ETC: 260175 priority: 0
  taskPos: 19 taskId: 375 ETC: 53654.3 priority: 0
  taskPos: 20 taskId: 707 ETC: 22966 priority: 0
  taskPos: 21 taskId: 230 ETC: 592730 priority: 0
  taskPos: 22 taskId: 65 ETC: 47429.6 priority: 0
> machineId: 27
  taskPos: 0 taskId: 805 ETC: 1440.88 priority: 0
  taskPos: 1 taskId: 607 ETC: 6914.43 priority: 0
  taskPos: 2 taskId: 147 ETC: 1673.15 priority: 0
  taskPos: 3 taskId: 369 ETC: 2353.84 priority: 0
  taskPos: 4 taskId: 454 ETC: 239317 priority: 0
  taskPos: 5 taskId: 339 ETC: 244810 priority: 0
  taskPos: 6 taskId: 929 ETC: 3684.07 priority: 0
  taskPos: 7 taskId: 511 ETC: 10376.5 priority: 0
  taskPos: 8 taskId: 997 ETC: 24155.6 priority: 0
  taskPos: 9 taskId: 189 ETC: 11404 priority: 0
  taskPos: 10 taskId: 353 ETC: 11975.8 priority: 0
  taskPos: 11 taskId: 931 ETC: 24556.4 priority: 0
  taskPos: 12 taskId: 393 ETC: 14421 priority: 0
  taskPos: 13 taskId: 979 ETC: 5946.11 priority: 0
  taskPos: 14 taskId: 55 ETC: 53105.9 priority: 0
  taskPos: 15 taskId: 305 ETC: 294923 priority: 0
  taskPos: 16 taskId: 171 ETC: 114746 priority: 0
  taskPos: 17 taskId: 547 ETC: 8442.4 priority: 0
  taskPos: 18 taskId: 773 ETC: 24750.3 priority: 0
  taskPos: 19 taskId: 245 ETC: 62702.1 priority: 0
> machineId: 28
  taskPos: 0 taskId: 927 ETC: 20359.1 priority: 0
  taskPos: 1 taskId: 553 ETC: 4951.71 priority: 0
  taskPos: 2 taskId: 1001 ETC: 34084.4 priority: 0
  taskPos: 3 taskId: 885 ETC: 616.78 priority: 0
  taskPos: 4 taskId: 633 ETC: 2671.61 priority: 0
  taskPos: 5 taskId: 495 ETC: 6518.93 priority: 0
  taskPos: 6 taskId: 567 ETC: 5368.7 priority: 0
  taskPos: 7 taskId: 539 ETC: 5547.44 priority: 0
  taskPos: 8 taskId: 93 ETC: 2525.81 priority: 0
  taskPos: 9 taskId: 301 ETC: 3821.07 priority: 0
  taskPos: 10 taskId: 621 ETC: 9440.06 priority: 0
  taskPos: 11 taskId: 103 ETC: 1847.63 priority: 0
  taskPos: 12 taskId: 571 ETC: 18814.4 priority: 0
  taskPos: 13 taskId: 328 ETC: 425324 priority: 0
  taskPos: 14 taskId: 765 ETC: 83327.5 priority: 0
  taskPos: 15 taskId: 753 ETC: 26549.2 priority: 0
  taskPos: 16 taskId: 609 ETC: 5617.29 priority: 0
  taskPos: 17 taskId: 151 ETC: 66975.6 priority: 0
  taskPos: 18 taskId: 164 ETC: 369591 priority: 0
  taskPos: 19 taskId: 165 ETC: 53221.1 priority: 0
  taskPos: 20 taskId: 475 ETC: 3890.98 priority: 0
  taskPos: 21 taskId: 799 ETC: 21303.4 priority: 0
> machineId: 29
  taskPos: 0 taskId: 401 ETC: 3025.58 priority: 0
  taskPos: 1 taskId: 797 ETC: 58577.7 priority: 0
  taskPos: 2 taskId: 949 ETC: 1664.77 priority: 0
  taskPos: 3 taskId: 845 ETC: 1632.69 priority: 0
  taskPos: 4 taskId: 691 ETC: 355215 priority: 0
  taskPos: 5 taskId: 75 ETC: 8340.56 priority: 0
  taskPos: 6 taskId: 555 ETC: 1181.47 priority: 0
  taskPos: 7 taskId: 143 ETC: 34761.3 priority: 0
  taskPos: 8 taskId: 981 ETC: 2524.03 priority: 0
  taskPos: 9 taskId: 915 ETC: 2764.15 priority: 0
  taskPos: 10 taskId: 647 ETC: 48497.7 priority: 0
  taskPos: 11 taskId: 137 ETC: 19692 priority: 0
  taskPos: 12 taskId: 993 ETC: 4072.45 priority: 0
  taskPos: 13 taskId: 415 ETC: 7655.53 priority: 0
  taskPos: 14 taskId: 149 ETC: 1998.5 priority: 0
  taskPos: 15 taskId: 843 ETC: 9162.91 priority: 0
  taskPos: 16 taskId: 95 ETC: 238253 priority: 0
  taskPos: 17 taskId: 201 ETC: 31810.1 priority: 0
  taskPos: 18 taskId: 583 ETC: 57708.6 priority: 0
  taskPos: 19 taskId: 605 ETC: 108597 priority: 0
  taskPos: 20 taskId: 465 ETC: 15896.4 priority: 0
> machineId: 30
  taskPos: 0 taskId: 793 ETC: 13187.3 priority: 0
  taskPos: 1 taskId: 138 ETC: 100239 priority: 0
  taskPos: 2 taskId: 484 ETC: 11243.1 priority: 0
  taskPos: 3 taskId: 549 ETC: 2175.29 priority: 0
  taskPos: 4 taskId: 531 ETC: 1807 priority: 0
  taskPos: 5 taskId: 333 ETC: 327.38 priority: 0
  taskPos: 6 taskId: 759 ETC: 7105.4 priority: 0
  taskPos: 7 taskId: 1 ETC: 236099 priority: 0
  taskPos: 8 taskId: 603 ETC: 20994.4 priority: 0
  taskPos: 9 taskId: 311 ETC: 2352.85 priority: 0
  taskPos: 10 taskId: 161 ETC: 15505.1 priority: 0
  taskPos: 11 taskId: 87 ETC: 72785 priority: 0
  taskPos: 12 taskId: 893 ETC: 21778.2 priority: 0
  taskPos: 13 taskId: 193 ETC: 31929.2 priority: 0
  taskPos: 14 taskId: 357 ETC: 3691.99 priority: 0
  taskPos: 15 taskId: 202 ETC: 537590 priority: 0
  taskPos: 16 taskId: 443 ETC: 100074 priority: 0
  taskPos: 17 taskId: 379 ETC: 5566.05 priority: 0
  taskPos: 18 taskId: 455 ETC: 23250.9 priority: 0
  taskPos: 19 taskId: 541 ETC: 4583.98 priority: 0
> machineId: 31
  taskPos: 0 taskId: 255 ETC: 1167.61 priority: 0
  taskPos: 1 taskId: 889 ETC: 782.23 priority: 0
  taskPos: 2 taskId: 645 ETC: 1435.71 priority: 0
  taskPos: 3 taskId: 253 ETC: 2117.56 priority: 0
  taskPos: 4 taskId: 935 ETC: 3690.56 priority: 0
  taskPos: 5 taskId: 459 ETC: 7018.82 priority: 0
  taskPos: 6 taskId: 1023 ETC: 3462.15 priority: 0
  taskPos: 7 taskId: 131 ETC: 11145.7 priority: 0
  taskPos: 8 taskId: 35 ETC: 12236.8 priority: 0
  taskPos: 9 taskId: 47 ETC: 3973.97 priority: 0
  taskPos: 10 taskId: 367 ETC: 30768.1 priority: 0
  taskPos: 11 taskId: 727 ETC: 14676 priority: 0
  taskPos: 12 taskId: 191 ETC: 27272.5 priority: 0
  taskPos: 13 taskId: 811 ETC: 87397.7 priority: 0
  taskPos: 14 taskId: 159 ETC: 19359.9 priority: 0
  taskPos: 15 taskId: 172 ETC: 664916 priority: 0
  taskPos: 16 taskId: 387 ETC: 41215.6 priority: 0
  taskPos: 17 taskId: 263 ETC: 62922.1 priority: 0
  taskPos: 18 taskId: 289 ETC: 19338 priority: 0
  taskPos: 19 taskId: 655 ETC: 31647.1 priority: 0
  taskPos: 20 taskId: 281 ETC: 39489.5 priority: 0



 :( ---------------------- THE END --------------- :) 