[H[2J[INFO] TaskCount: 1024
[INFO] MachineCount: 32

[DEBUG] Inicialización MIN-MIN

Min-Min fitness: 3.96727e+06

[DEBUG] Inicialización Sufferage

Sufferage fitness: 4.71448e+06

[DEBUG] Inicialización random

[DEBUG] Inicialización random

[DEBUG] Inicialización random

[DEBUG] Inicialización MCT

MCT fitness: 5.19038e+06

[DEBUG] Inicialización random

[DEBUG] Inicialización random

[DEBUG] Inicialización random

[DEBUG] Inicialización random

[DEBUG] Inicialización MCT

MCT fitness: 5.24232e+06

[DEBUG] Inicialización random

[DEBUG] Inicialización random

[DEBUG] Inicialización random

[DEBUG] Inicialización random

 Current State ---------------------------------------------

Current trial: 1
Current iteration: 1500
Current evaluations: 22695
Current best cost: 3.68357e+06
Current worst cost: 3.68357e+06
Current Average cost: 3.68357e+06
Current Standard Deviation: 0

Trial: 
Best cost trial: 3.68357e+06
Worst cost trial: 5.36439e+07
Iteration best found in trial: 1456
Time best found trial: 2.24198e+07
Time spent in trial: 2.30445e+07

Global: 
Global best cost: 3.68357e+06
Global worst cost: 5.36439e+07
Trial best found: 1
Iteration best found: 1456
Time best found: 2.24198e+07

Current time spent (so far): 2.30445e+07
Solution
> machineId: 0
  taskPos: 0 taskId: 432 ETC: 15.67 priority: 0
  taskPos: 1 taskId: 370 ETC: 77.04 priority: 0
  taskPos: 2 taskId: 1008 ETC: 166.19 priority: 0
  taskPos: 3 taskId: 248 ETC: 1050.01 priority: 0
  taskPos: 4 taskId: 824 ETC: 47.39 priority: 0
  taskPos: 5 taskId: 614 ETC: 228.34 priority: 0
  taskPos: 6 taskId: 453 ETC: 144.1 priority: 0
  taskPos: 7 taskId: 100 ETC: 271.32 priority: 0
  taskPos: 8 taskId: 225 ETC: 86.95 priority: 0
  taskPos: 9 taskId: 416 ETC: 1284.16 priority: 0
  taskPos: 10 taskId: 740 ETC: 494.12 priority: 0
  taskPos: 11 taskId: 146 ETC: 108.99 priority: 0
  taskPos: 12 taskId: 368 ETC: 997.86 priority: 0
  taskPos: 13 taskId: 154 ETC: 764.2 priority: 0
  taskPos: 14 taskId: 946 ETC: 754.6 priority: 0
  taskPos: 15 taskId: 826 ETC: 564.38 priority: 0
  taskPos: 16 taskId: 436 ETC: 1560.16 priority: 0
  taskPos: 17 taskId: 644 ETC: 278.47 priority: 0
  taskPos: 18 taskId: 290 ETC: 1312.17 priority: 0
  taskPos: 19 taskId: 270 ETC: 800.3 priority: 0
  taskPos: 20 taskId: 434 ETC: 500.14 priority: 0
  taskPos: 21 taskId: 448 ETC: 1814.23 priority: 0
  taskPos: 22 taskId: 858 ETC: 1365.78 priority: 0
  taskPos: 23 taskId: 868 ETC: 1608.91 priority: 0
  taskPos: 24 taskId: 580 ETC: 1913.87 priority: 0
  taskPos: 25 taskId: 590 ETC: 1313.88 priority: 0
  taskPos: 26 taskId: 532 ETC: 271.45 priority: 0
  taskPos: 27 taskId: 294 ETC: 874.38 priority: 0
  taskPos: 28 taskId: 642 ETC: 1083.38 priority: 0
  taskPos: 29 taskId: 174 ETC: 2585 priority: 0
  taskPos: 30 taskId: 254 ETC: 1923.2 priority: 0
  taskPos: 31 taskId: 28 ETC: 1383.32 priority: 0
  taskPos: 32 taskId: 648 ETC: 690.86 priority: 0
  taskPos: 33 taskId: 356 ETC: 1344.66 priority: 0
  taskPos: 34 taskId: 478 ETC: 1886.29 priority: 0
  taskPos: 35 taskId: 928 ETC: 1977.67 priority: 0
  taskPos: 36 taskId: 402 ETC: 3026.31 priority: 0
  taskPos: 37 taskId: 160 ETC: 2678.72 priority: 0
  taskPos: 38 taskId: 600 ETC: 2055.3 priority: 0
  taskPos: 39 taskId: 226 ETC: 2345.08 priority: 0
  taskPos: 40 taskId: 686 ETC: 1470.88 priority: 0
  taskPos: 41 taskId: 188 ETC: 2723.8 priority: 0
  taskPos: 42 taskId: 274 ETC: 2106.66 priority: 0
  taskPos: 43 taskId: 948 ETC: 2544.46 priority: 0
  taskPos: 44 taskId: 132 ETC: 2381.22 priority: 0
  taskPos: 45 taskId: 394 ETC: 3778.27 priority: 0
  taskPos: 46 taskId: 482 ETC: 1485.44 priority: 0
  taskPos: 47 taskId: 440 ETC: 3140.68 priority: 0
  taskPos: 48 taskId: 706 ETC: 2767.6 priority: 0
  taskPos: 49 taskId: 976 ETC: 8065.26 priority: 0
  taskPos: 50 taskId: 568 ETC: 2744.84 priority: 0
  taskPos: 51 taskId: 641 ETC: 3770.06 priority: 0
  taskPos: 52 taskId: 520 ETC: 3365.46 priority: 0
  taskPos: 53 taskId: 170 ETC: 3859.99 priority: 0
  taskPos: 54 taskId: 70 ETC: 3329.16 priority: 0
  taskPos: 55 taskId: 804 ETC: 3474.82 priority: 0
  taskPos: 56 taskId: 768 ETC: 3092.68 priority: 0
  taskPos: 57 taskId: 562 ETC: 3714.61 priority: 0
  taskPos: 58 taskId: 230 ETC: 2920.44 priority: 0
  taskPos: 59 taskId: 624 ETC: 3648.8 priority: 0
  taskPos: 60 taskId: 514 ETC: 4896.91 priority: 0
  taskPos: 61 taskId: 58 ETC: 3839.97 priority: 0
  taskPos: 62 taskId: 752 ETC: 3493.43 priority: 0
  taskPos: 63 taskId: 674 ETC: 3756.7 priority: 0
  taskPos: 64 taskId: 264 ETC: 3789.68 priority: 0
  taskPos: 65 taskId: 978 ETC: 3344.42 priority: 0
  taskPos: 66 taskId: 430 ETC: 4537.12 priority: 0
  taskPos: 67 taskId: 588 ETC: 4572.06 priority: 0
  taskPos: 68 taskId: 228 ETC: 3562.79 priority: 0
  taskPos: 69 taskId: 548 ETC: 3783.61 priority: 0
  taskPos: 70 taskId: 632 ETC: 4287.49 priority: 0
  taskPos: 71 taskId: 950 ETC: 4251.64 priority: 0
  taskPos: 72 taskId: 736 ETC: 6349.11 priority: 0
  taskPos: 73 taskId: 150 ETC: 5780.29 priority: 0
  taskPos: 74 taskId: 4 ETC: 3757.74 priority: 0
  taskPos: 75 taskId: 960 ETC: 7988.37 priority: 0
  taskPos: 76 taskId: 56 ETC: 4662.79 priority: 0
  taskPos: 77 taskId: 54 ETC: 8814.4 priority: 0
  taskPos: 78 taskId: 972 ETC: 5251.97 priority: 0
  taskPos: 79 taskId: 94 ETC: 6507.57 priority: 0
  taskPos: 80 taskId: 782 ETC: 4006.41 priority: 0
  taskPos: 81 taskId: 422 ETC: 6651.68 priority: 0
  taskPos: 82 taskId: 369 ETC: 9248.27 priority: 0
  taskPos: 83 taskId: 866 ETC: 3844.79 priority: 0
  taskPos: 84 taskId: 786 ETC: 4985.85 priority: 0
  taskPos: 85 taskId: 82 ETC: 11036.1 priority: 0
  taskPos: 86 taskId: 486 ETC: 5300.92 priority: 0
  taskPos: 87 taskId: 252 ETC: 6710.24 priority: 0
  taskPos: 88 taskId: 672 ETC: 7181.33 priority: 0
  taskPos: 89 taskId: 654 ETC: 6437.63 priority: 0
  taskPos: 90 taskId: 552 ETC: 6399.52 priority: 0
  taskPos: 91 taskId: 992 ETC: 6697.83 priority: 0
  taskPos: 92 taskId: 26 ETC: 10138.4 priority: 0
  taskPos: 93 taskId: 240 ETC: 12491.9 priority: 0
  taskPos: 94 taskId: 1004 ETC: 8204.46 priority: 0
  taskPos: 95 taskId: 452 ETC: 7579.18 priority: 0
  taskPos: 96 taskId: 156 ETC: 9471.54 priority: 0
  taskPos: 97 taskId: 282 ETC: 10068.4 priority: 0
  taskPos: 98 taskId: 72 ETC: 12889.3 priority: 0
  taskPos: 99 taskId: 236 ETC: 5237.06 priority: 0
  taskPos: 100 taskId: 776 ETC: 9120.42 priority: 0
  taskPos: 101 taskId: 490 ETC: 6619.79 priority: 0
  taskPos: 102 taskId: 698 ETC: 9737.66 priority: 0
  taskPos: 103 taskId: 498 ETC: 10536.7 priority: 0
  taskPos: 104 taskId: 98 ETC: 12476.8 priority: 0
  taskPos: 105 taskId: 604 ETC: 10319.5 priority: 0
  taskPos: 106 taskId: 0 ETC: 11467.5 priority: 0
  taskPos: 107 taskId: 38 ETC: 11869.1 priority: 0
  taskPos: 108 taskId: 332 ETC: 9779.86 priority: 0
  taskPos: 109 taskId: 34 ETC: 11282.9 priority: 0
  taskPos: 110 taskId: 724 ETC: 9316.89 priority: 0
  taskPos: 111 taskId: 6 ETC: 17897.6 priority: 0
  taskPos: 112 taskId: 212 ETC: 14193.3 priority: 0
  taskPos: 113 taskId: 16 ETC: 12592.9 priority: 0
  taskPos: 114 taskId: 106 ETC: 14931 priority: 0
  taskPos: 115 taskId: 224 ETC: 11580.3 priority: 0
  taskPos: 116 taskId: 102 ETC: 16471.6 priority: 0
  taskPos: 117 taskId: 112 ETC: 23384.1 priority: 0
  taskPos: 118 taskId: 428 ETC: 16448.9 priority: 0
  taskPos: 119 taskId: 610 ETC: 9717.74 priority: 0
  taskPos: 120 taskId: 196 ETC: 8289.73 priority: 0
  taskPos: 121 taskId: 328 ETC: 11488.9 priority: 0
  taskPos: 122 taskId: 962 ETC: 17939 priority: 0
  taskPos: 123 taskId: 598 ETC: 14441.9 priority: 0
  taskPos: 124 taskId: 218 ETC: 15996.7 priority: 0
  taskPos: 125 taskId: 756 ETC: 18467.5 priority: 0
  taskPos: 126 taskId: 318 ETC: 16129.3 priority: 0
  taskPos: 127 taskId: 676 ETC: 13624 priority: 0
  taskPos: 128 taskId: 796 ETC: 17147.7 priority: 0
  taskPos: 129 taskId: 744 ETC: 20869.1 priority: 0
  taskPos: 130 taskId: 652 ETC: 22746.8 priority: 0
  taskPos: 131 taskId: 376 ETC: 18111.9 priority: 0
  taskPos: 132 taskId: 158 ETC: 23475.7 priority: 0
  taskPos: 133 taskId: 852 ETC: 29525 priority: 0
  taskPos: 134 taskId: 916 ETC: 17447.4 priority: 0
  taskPos: 135 taskId: 732 ETC: 16028.6 priority: 0
  taskPos: 136 taskId: 414 ETC: 17775.5 priority: 0
  taskPos: 137 taskId: 320 ETC: 18350.5 priority: 0
  taskPos: 138 taskId: 186 ETC: 32678.9 priority: 0
  taskPos: 139 taskId: 586 ETC: 18238.4 priority: 0
  taskPos: 140 taskId: 234 ETC: 19086.7 priority: 0
  taskPos: 141 taskId: 258 ETC: 18883.8 priority: 0
  taskPos: 142 taskId: 506 ETC: 43308 priority: 0
  taskPos: 143 taskId: 30 ETC: 22746.8 priority: 0
  taskPos: 144 taskId: 718 ETC: 28314.7 priority: 0
  taskPos: 145 taskId: 344 ETC: 19402 priority: 0
  taskPos: 146 taskId: 708 ETC: 30365.1 priority: 0
  taskPos: 147 taskId: 444 ETC: 26205.2 priority: 0
  taskPos: 148 taskId: 278 ETC: 21844.6 priority: 0
  taskPos: 149 taskId: 358 ETC: 32328 priority: 0
  taskPos: 150 taskId: 914 ETC: 26915.9 priority: 0
  taskPos: 151 taskId: 966 ETC: 17919.7 priority: 0
  taskPos: 152 taskId: 544 ETC: 19471.6 priority: 0
  taskPos: 153 taskId: 1000 ETC: 30257.2 priority: 0
  taskPos: 154 taskId: 524 ETC: 27851.5 priority: 0
  taskPos: 155 taskId: 754 ETC: 30964.3 priority: 0
  taskPos: 156 taskId: 108 ETC: 33310.8 priority: 0
  taskPos: 157 taskId: 850 ETC: 30154.6 priority: 0
  taskPos: 158 taskId: 178 ETC: 49750.2 priority: 0
  taskPos: 159 taskId: 650 ETC: 36781.1 priority: 0
  taskPos: 160 taskId: 296 ETC: 15795.7 priority: 0
  taskPos: 161 taskId: 918 ETC: 26781.1 priority: 0
  taskPos: 162 taskId: 764 ETC: 27030.6 priority: 0
  taskPos: 163 taskId: 626 ETC: 35879.8 priority: 0
  taskPos: 164 taskId: 872 ETC: 33860.6 priority: 0
  taskPos: 165 taskId: 814 ETC: 35873 priority: 0
  taskPos: 166 taskId: 510 ETC: 21321.4 priority: 0
  taskPos: 167 taskId: 110 ETC: 42760 priority: 0
  taskPos: 168 taskId: 350 ETC: 65975.1 priority: 0
  taskPos: 169 taskId: 316 ETC: 41564.5 priority: 0
  taskPos: 170 taskId: 380 ETC: 2102.9 priority: 0
  taskPos: 171 taskId: 646 ETC: 227581 priority: 0
  taskPos: 172 taskId: 990 ETC: 67666.1 priority: 0
  taskPos: 173 taskId: 138 ETC: 32780 priority: 0
  taskPos: 174 taskId: 996 ETC: 41515.8 priority: 0
  taskPos: 175 taskId: 812 ETC: 41656.4 priority: 0
  taskPos: 176 taskId: 870 ETC: 55919.6 priority: 0
  taskPos: 177 taskId: 468 ETC: 62526.9 priority: 0
  taskPos: 178 taskId: 678 ETC: 43930.9 priority: 0
  taskPos: 179 taskId: 636 ETC: 67430.9 priority: 0
  taskPos: 180 taskId: 476 ETC: 55573.6 priority: 0
  taskPos: 181 taskId: 628 ETC: 66836.8 priority: 0
  taskPos: 182 taskId: 504 ETC: 32856.9 priority: 0
  taskPos: 183 taskId: 802 ETC: 351338 priority: 0
  taskPos: 184 taskId: 542 ETC: 47536.2 priority: 0
  taskPos: 185 taskId: 970 ETC: 37057.9 priority: 0
  taskPos: 186 taskId: 594 ETC: 91897.5 priority: 0
  taskPos: 187 taskId: 622 ETC: 112371 priority: 0
  taskPos: 188 taskId: 794 ETC: 44160.9 priority: 0
  taskPos: 189 taskId: 634 ETC: 81503.8 priority: 0
  taskPos: 190 taskId: 758 ETC: 129580 priority: 0
  taskPos: 191 taskId: 608 ETC: 53885.2 priority: 0
  taskPos: 192 taskId: 1014 ETC: 43489 priority: 0
> machineId: 1
  taskPos: 0 taskId: 904 ETC: 1699.58 priority: 0
  taskPos: 1 taskId: 131 ETC: 10181.9 priority: 0
  taskPos: 2 taskId: 164 ETC: 849.23 priority: 0
  taskPos: 3 taskId: 488 ETC: 2001.31 priority: 0
  taskPos: 4 taskId: 168 ETC: 6475.68 priority: 0
  taskPos: 5 taskId: 201 ETC: 1698.67 priority: 0
  taskPos: 6 taskId: 892 ETC: 2287.03 priority: 0
  taskPos: 7 taskId: 692 ETC: 1779.53 priority: 0
  taskPos: 8 taskId: 658 ETC: 830.09 priority: 0
  taskPos: 9 taskId: 322 ETC: 6573.4 priority: 0
  taskPos: 10 taskId: 601 ETC: 2362.12 priority: 0
  taskPos: 11 taskId: 386 ETC: 1018.85 priority: 0
  taskPos: 12 taskId: 661 ETC: 8969.13 priority: 0
  taskPos: 13 taskId: 1016 ETC: 2515.84 priority: 0
  taskPos: 14 taskId: 540 ETC: 3987.59 priority: 0
  taskPos: 15 taskId: 640 ETC: 4607.67 priority: 0
  taskPos: 16 taskId: 202 ETC: 9252.74 priority: 0
  taskPos: 17 taskId: 246 ETC: 12537.1 priority: 0
  taskPos: 18 taskId: 214 ETC: 5012.53 priority: 0
  taskPos: 19 taskId: 994 ETC: 6667.86 priority: 0
  taskPos: 20 taskId: 694 ETC: 11523.8 priority: 0
  taskPos: 21 taskId: 702 ETC: 6000.11 priority: 0
  taskPos: 22 taskId: 592 ETC: 7396.37 priority: 0
  taskPos: 23 taskId: 958 ETC: 5032.81 priority: 0
  taskPos: 24 taskId: 172 ETC: 14168.1 priority: 0
  taskPos: 25 taskId: 888 ETC: 14156.5 priority: 0
  taskPos: 26 taskId: 268 ETC: 24160.8 priority: 0
  taskPos: 27 taskId: 890 ETC: 6055.34 priority: 0
  taskPos: 28 taskId: 848 ETC: 19342.4 priority: 0
  taskPos: 29 taskId: 46 ETC: 8056.57 priority: 0
  taskPos: 30 taskId: 1022 ETC: 10034.6 priority: 0
  taskPos: 31 taskId: 772 ETC: 19390 priority: 0
  taskPos: 32 taskId: 606 ETC: 20607.4 priority: 0
  taskPos: 33 taskId: 198 ETC: 9827.96 priority: 0
  taskPos: 34 taskId: 924 ETC: 12906.2 priority: 0
  taskPos: 35 taskId: 180 ETC: 9897.11 priority: 0
  taskPos: 36 taskId: 192 ETC: 11414.6 priority: 0
  taskPos: 37 taskId: 284 ETC: 13171.6 priority: 0
  taskPos: 38 taskId: 726 ETC: 18702.4 priority: 0
  taskPos: 39 taskId: 766 ETC: 40455.7 priority: 0
  taskPos: 40 taskId: 128 ETC: 17039.5 priority: 0
  taskPos: 41 taskId: 936 ETC: 21219 priority: 0
  taskPos: 42 taskId: 48 ETC: 20472.8 priority: 0
  taskPos: 43 taskId: 242 ETC: 9212.58 priority: 0
  taskPos: 44 taskId: 710 ETC: 26165.3 priority: 0
  taskPos: 45 taskId: 602 ETC: 18049.1 priority: 0
  taskPos: 46 taskId: 184 ETC: 18335.4 priority: 0
  taskPos: 47 taskId: 725 ETC: 7207.45 priority: 0
  taskPos: 48 taskId: 78 ETC: 57876.8 priority: 0
  taskPos: 49 taskId: 538 ETC: 34303.4 priority: 0
  taskPos: 50 taskId: 808 ETC: 93837.7 priority: 0
  taskPos: 51 taskId: 908 ETC: 25304.5 priority: 0
  taskPos: 52 taskId: 536 ETC: 37000.6 priority: 0
  taskPos: 53 taskId: 456 ETC: 47869.3 priority: 0
  taskPos: 54 taskId: 166 ETC: 26937 priority: 0
  taskPos: 55 taskId: 480 ETC: 38122.2 priority: 0
  taskPos: 56 taskId: 396 ETC: 70178.9 priority: 0
  taskPos: 57 taskId: 680 ETC: 22570.4 priority: 0
  taskPos: 58 taskId: 136 ETC: 98946.5 priority: 0
  taskPos: 59 taskId: 216 ETC: 35707.3 priority: 0
  taskPos: 60 taskId: 262 ETC: 25003.8 priority: 0
  taskPos: 61 taskId: 18 ETC: 39322.8 priority: 0
  taskPos: 62 taskId: 846 ETC: 124907 priority: 0
  taskPos: 63 taskId: 828 ETC: 50408.6 priority: 0
  taskPos: 64 taskId: 104 ETC: 61956.7 priority: 0
  taskPos: 65 taskId: 730 ETC: 50988.9 priority: 0
  taskPos: 66 taskId: 458 ETC: 97445.5 priority: 0
  taskPos: 67 taskId: 656 ETC: 5399.66 priority: 0
  taskPos: 68 taskId: 522 ETC: 35883.3 priority: 0
  taskPos: 69 taskId: 118 ETC: 52726.4 priority: 0
  taskPos: 70 taskId: 940 ETC: 120106 priority: 0
  taskPos: 71 taskId: 398 ETC: 55788.3 priority: 0
  taskPos: 72 taskId: 336 ETC: 60396 priority: 0
  taskPos: 73 taskId: 406 ETC: 147815 priority: 0
  taskPos: 74 taskId: 372 ETC: 68884.2 priority: 0
  taskPos: 75 taskId: 666 ETC: 75243.8 priority: 0
  taskPos: 76 taskId: 762 ETC: 153463 priority: 0
  taskPos: 77 taskId: 910 ETC: 56504.2 priority: 0
  taskPos: 78 taskId: 712 ETC: 40249.9 priority: 0
  taskPos: 79 taskId: 860 ETC: 73940.6 priority: 0
  taskPos: 80 taskId: 830 ETC: 290285 priority: 0
  taskPos: 81 taskId: 534 ETC: 93992.3 priority: 0
  taskPos: 82 taskId: 122 ETC: 42308.5 priority: 0
  taskPos: 83 taskId: 800 ETC: 53406.6 priority: 0
  taskPos: 84 taskId: 558 ETC: 58162.3 priority: 0
  taskPos: 85 taskId: 338 ETC: 220736 priority: 0
  taskPos: 86 taskId: 886 ETC: 275401 priority: 0
  taskPos: 87 taskId: 276 ETC: 90164.9 priority: 0
  taskPos: 88 taskId: 954 ETC: 59592.3 priority: 0
> machineId: 2
  taskPos: 0 taskId: 765 ETC: 1446.41 priority: 0
  taskPos: 1 taskId: 709 ETC: 6334.7 priority: 0
  taskPos: 2 taskId: 577 ETC: 5215.92 priority: 0
  taskPos: 3 taskId: 876 ETC: 14220.2 priority: 0
  taskPos: 4 taskId: 280 ETC: 12796.2 priority: 0
  taskPos: 5 taskId: 738 ETC: 9588.15 priority: 0
  taskPos: 6 taskId: 210 ETC: 4355.73 priority: 0
  taskPos: 7 taskId: 878 ETC: 183509 priority: 0
  taskPos: 8 taskId: 382 ETC: 502.55 priority: 0
  taskPos: 9 taskId: 148 ETC: 10033.1 priority: 0
  taskPos: 10 taskId: 374 ETC: 10110 priority: 0
  taskPos: 11 taskId: 460 ETC: 14542 priority: 0
  taskPos: 12 taskId: 844 ETC: 19332.6 priority: 0
  taskPos: 13 taskId: 550 ETC: 7123.56 priority: 0
  taskPos: 14 taskId: 690 ETC: 29075.7 priority: 0
  taskPos: 15 taskId: 286 ETC: 26787.7 priority: 0
  taskPos: 16 taskId: 162 ETC: 15291.3 priority: 0
  taskPos: 17 taskId: 222 ETC: 19320.7 priority: 0
  taskPos: 18 taskId: 882 ETC: 21260.5 priority: 0
  taskPos: 19 taskId: 130 ETC: 12894.1 priority: 0
  taskPos: 20 taskId: 635 ETC: 18632.1 priority: 0
  taskPos: 21 taskId: 484 ETC: 16150.8 priority: 0
  taskPos: 22 taskId: 734 ETC: 47947.2 priority: 0
  taskPos: 23 taskId: 200 ETC: 38217.7 priority: 0
  taskPos: 24 taskId: 392 ETC: 32095.8 priority: 0
  taskPos: 25 taskId: 842 ETC: 128319 priority: 0
  taskPos: 26 taskId: 630 ETC: 20672.6 priority: 0
  taskPos: 27 taskId: 80 ETC: 18525.8 priority: 0
  taskPos: 28 taskId: 408 ETC: 34915 priority: 0
  taskPos: 29 taskId: 952 ETC: 28094.3 priority: 0
  taskPos: 30 taskId: 32 ETC: 63147 priority: 0
  taskPos: 31 taskId: 528 ETC: 50295.8 priority: 0
  taskPos: 32 taskId: 1010 ETC: 80911.6 priority: 0
  taskPos: 33 taskId: 390 ETC: 47372.2 priority: 0
  taskPos: 34 taskId: 412 ETC: 34028.6 priority: 0
  taskPos: 35 taskId: 790 ETC: 42661.3 priority: 0
  taskPos: 36 taskId: 944 ETC: 62137.1 priority: 0
  taskPos: 37 taskId: 310 ETC: 73402.9 priority: 0
  taskPos: 38 taskId: 244 ETC: 85633.3 priority: 0
  taskPos: 39 taskId: 980 ETC: 84854.5 priority: 0
  taskPos: 40 taskId: 759 ETC: 65518.4 priority: 0
  taskPos: 41 taskId: 238 ETC: 71293.7 priority: 0
  taskPos: 42 taskId: 894 ETC: 177625 priority: 0
  taskPos: 43 taskId: 62 ETC: 114568 priority: 0
  taskPos: 44 taskId: 560 ETC: 28564.3 priority: 0
  taskPos: 45 taskId: 442 ETC: 121418 priority: 0
  taskPos: 46 taskId: 840 ETC: 77131.4 priority: 0
  taskPos: 47 taskId: 302 ETC: 102576 priority: 0
  taskPos: 48 taskId: 934 ETC: 179320 priority: 0
  taskPos: 49 taskId: 378 ETC: 79047.2 priority: 0
  taskPos: 50 taskId: 388 ETC: 91697.3 priority: 0
  taskPos: 51 taskId: 942 ETC: 315384 priority: 0
  taskPos: 52 taskId: 682 ETC: 67006.7 priority: 0
  taskPos: 53 taskId: 250 ETC: 124394 priority: 0
  taskPos: 54 taskId: 494 ETC: 139719 priority: 0
  taskPos: 55 taskId: 10 ETC: 136357 priority: 0
  taskPos: 56 taskId: 366 ETC: 175948 priority: 0
  taskPos: 57 taskId: 182 ETC: 174083 priority: 0
> machineId: 3
  taskPos: 0 taskId: 49 ETC: 4556.02 priority: 0
  taskPos: 1 taskId: 739 ETC: 10483.4 priority: 0
  taskPos: 2 taskId: 87 ETC: 1059.76 priority: 0
  taskPos: 3 taskId: 20 ETC: 72812.5 priority: 0
  taskPos: 4 taskId: 485 ETC: 182.8 priority: 0
  taskPos: 5 taskId: 190 ETC: 4404.17 priority: 0
  taskPos: 6 taskId: 495 ETC: 14202.7 priority: 0
  taskPos: 7 taskId: 86 ETC: 7474.3 priority: 0
  taskPos: 8 taskId: 798 ETC: 43103.3 priority: 0
  taskPos: 9 taskId: 508 ETC: 26060.9 priority: 0
  taskPos: 10 taskId: 791 ETC: 15570.1 priority: 0
  taskPos: 11 taskId: 906 ETC: 20139.1 priority: 0
  taskPos: 12 taskId: 862 ETC: 37277.2 priority: 0
  taskPos: 13 taskId: 555 ETC: 17888.9 priority: 0
  taskPos: 14 taskId: 260 ETC: 216187 priority: 0
  taskPos: 15 taskId: 670 ETC: 54844.4 priority: 0
  taskPos: 16 taskId: 68 ETC: 14140.6 priority: 0
  taskPos: 17 taskId: 90 ETC: 57720.6 priority: 0
  taskPos: 18 taskId: 818 ETC: 157186 priority: 0
  taskPos: 19 taskId: 149 ETC: 44674 priority: 0
  taskPos: 20 taskId: 144 ETC: 40592.9 priority: 0
  taskPos: 21 taskId: 902 ETC: 165473 priority: 0
  taskPos: 22 taskId: 438 ETC: 62791.4 priority: 0
  taskPos: 23 taskId: 120 ETC: 121565 priority: 0
  taskPos: 24 taskId: 900 ETC: 46461.6 priority: 0
  taskPos: 25 taskId: 584 ETC: 78639.2 priority: 0
  taskPos: 26 taskId: 462 ETC: 91508.7 priority: 0
  taskPos: 27 taskId: 232 ETC: 62510 priority: 0
  taskPos: 28 taskId: 728 ETC: 75837.7 priority: 0
  taskPos: 29 taskId: 450 ETC: 278506 priority: 0
  taskPos: 30 taskId: 36 ETC: 127691 priority: 0
  taskPos: 31 taskId: 932 ETC: 27279.4 priority: 0
  taskPos: 32 taskId: 792 ETC: 20924.7 priority: 0
  taskPos: 33 taskId: 176 ETC: 22643.8 priority: 0
  taskPos: 34 taskId: 340 ETC: 159626 priority: 0
  taskPos: 35 taskId: 638 ETC: 131150 priority: 0
  taskPos: 36 taskId: 500 ETC: 454719 priority: 0
  taskPos: 37 taskId: 696 ETC: 102379 priority: 0
  taskPos: 38 taskId: 64 ETC: 100304 priority: 0
  taskPos: 39 taskId: 88 ETC: 151671 priority: 0
  taskPos: 40 taskId: 564 ETC: 37530.6 priority: 0
  taskPos: 41 taskId: 208 ETC: 147437 priority: 0
  taskPos: 42 taskId: 152 ETC: 101577 priority: 0
  taskPos: 43 taskId: 956 ETC: 235380 priority: 0
> machineId: 4
  taskPos: 0 taskId: 173 ETC: 2100.87 priority: 0
  taskPos: 1 taskId: 789 ETC: 1512.17 priority: 0
  taskPos: 2 taskId: 55 ETC: 13398.8 priority: 0
  taskPos: 3 taskId: 215 ETC: 4777.79 priority: 0
  taskPos: 4 taskId: 645 ETC: 961.7 priority: 0
  taskPos: 5 taskId: 1003 ETC: 4231.89 priority: 0
  taskPos: 6 taskId: 771 ETC: 5329.68 priority: 0
  taskPos: 7 taskId: 988 ETC: 29226.8 priority: 0
  taskPos: 8 taskId: 229 ETC: 9369.41 priority: 0
  taskPos: 9 taskId: 134 ETC: 19138.2 priority: 0
  taskPos: 10 taskId: 73 ETC: 10514.2 priority: 0
  taskPos: 11 taskId: 748 ETC: 47394.3 priority: 0
  taskPos: 12 taskId: 511 ETC: 40445.2 priority: 0
  taskPos: 13 taskId: 991 ETC: 5736.3 priority: 0
  taskPos: 14 taskId: 863 ETC: 33991.8 priority: 0
  taskPos: 15 taskId: 770 ETC: 58063.8 priority: 0
  taskPos: 16 taskId: 856 ETC: 54043.8 priority: 0
  taskPos: 17 taskId: 896 ETC: 131353 priority: 0
  taskPos: 18 taskId: 14 ETC: 75105.9 priority: 0
  taskPos: 19 taskId: 968 ETC: 135424 priority: 0
  taskPos: 20 taskId: 716 ETC: 86626.9 priority: 0
  taskPos: 21 taskId: 324 ETC: 65834.4 priority: 0
  taskPos: 22 taskId: 995 ETC: 64033.1 priority: 0
  taskPos: 23 taskId: 669 ETC: 12626.3 priority: 0
  taskPos: 24 taskId: 306 ETC: 80101.2 priority: 0
  taskPos: 25 taskId: 653 ETC: 157517 priority: 0
  taskPos: 26 taskId: 1006 ETC: 371058 priority: 0
  taskPos: 27 taskId: 331 ETC: 44294.1 priority: 0
  taskPos: 28 taskId: 418 ETC: 53440.6 priority: 0
  taskPos: 29 taskId: 920 ETC: 164230 priority: 0
  taskPos: 30 taskId: 2 ETC: 82386.9 priority: 0
  taskPos: 31 taskId: 912 ETC: 448806 priority: 0
  taskPos: 32 taskId: 926 ETC: 125412 priority: 0
  taskPos: 33 taskId: 8 ETC: 76250.8 priority: 0
  taskPos: 34 taskId: 410 ETC: 151144 priority: 0
  taskPos: 35 taskId: 714 ETC: 222699 priority: 0
  taskPos: 36 taskId: 272 ETC: 278896 priority: 0
  taskPos: 37 taskId: 492 ETC: 192851 priority: 0
  taskPos: 38 taskId: 300 ETC: 152712 priority: 0
  taskPos: 39 taskId: 704 ETC: 150828 priority: 0
> machineId: 5
  taskPos: 0 taskId: 797 ETC: 3664.17 priority: 0
  taskPos: 1 taskId: 620 ETC: 7620.23 priority: 0
  taskPos: 2 taskId: 675 ETC: 26483.3 priority: 0
  taskPos: 3 taskId: 834 ETC: 80870.9 priority: 0
  taskPos: 4 taskId: 1005 ETC: 31632.9 priority: 0
  taskPos: 5 taskId: 543 ETC: 54286.3 priority: 0
  taskPos: 6 taskId: 559 ETC: 21860.9 priority: 0
  taskPos: 7 taskId: 849 ETC: 16081.7 priority: 0
  taskPos: 8 taskId: 60 ETC: 10315.6 priority: 0
  taskPos: 9 taskId: 687 ETC: 19023.5 priority: 0
  taskPos: 10 taskId: 582 ETC: 65601.7 priority: 0
  taskPos: 11 taskId: 572 ETC: 127477 priority: 0
  taskPos: 12 taskId: 901 ETC: 13661.4 priority: 0
  taskPos: 13 taskId: 723 ETC: 23039.1 priority: 0
  taskPos: 14 taskId: 518 ETC: 205909 priority: 0
  taskPos: 15 taskId: 209 ETC: 29353.1 priority: 0
  taskPos: 16 taskId: 922 ETC: 379618 priority: 0
  taskPos: 17 taskId: 769 ETC: 60153.6 priority: 0
  taskPos: 18 taskId: 271 ETC: 67467 priority: 0
  taskPos: 19 taskId: 140 ETC: 97279.2 priority: 0
  taskPos: 20 taskId: 126 ETC: 104652 priority: 0
  taskPos: 21 taskId: 915 ETC: 28648 priority: 0
  taskPos: 22 taskId: 119 ETC: 50620.5 priority: 0
  taskPos: 23 taskId: 84 ETC: 162819 priority: 0
  taskPos: 24 taskId: 114 ETC: 162630 priority: 0
  taskPos: 25 taskId: 342 ETC: 138884 priority: 0
  taskPos: 26 taskId: 884 ETC: 355394 priority: 0
  taskPos: 27 taskId: 864 ETC: 205491 priority: 0
  taskPos: 28 taskId: 423 ETC: 18596.6 priority: 0
  taskPos: 29 taskId: 854 ETC: 104602 priority: 0
  taskPos: 30 taskId: 964 ETC: 415430 priority: 0
  taskPos: 31 taskId: 998 ETC: 265838 priority: 0
  taskPos: 32 taskId: 326 ETC: 310826 priority: 0
> machineId: 6
  taskPos: 0 taskId: 573 ETC: 4077.93 priority: 0
  taskPos: 1 taskId: 767 ETC: 46914.7 priority: 0
  taskPos: 2 taskId: 557 ETC: 50971.5 priority: 0
  taskPos: 3 taskId: 523 ETC: 55419.2 priority: 0
  taskPos: 4 taskId: 65 ETC: 2620.92 priority: 0
  taskPos: 5 taskId: 585 ETC: 38159.9 priority: 0
  taskPos: 6 taskId: 389 ETC: 7819.12 priority: 0
  taskPos: 7 taskId: 697 ETC: 27768.6 priority: 0
  taskPos: 8 taskId: 345 ETC: 34632 priority: 0
  taskPos: 9 taskId: 429 ETC: 22028.7 priority: 0
  taskPos: 10 taskId: 446 ETC: 127413 priority: 0
  taskPos: 11 taskId: 96 ETC: 198450 priority: 0
  taskPos: 12 taskId: 923 ETC: 80837.5 priority: 0
  taskPos: 13 taskId: 526 ETC: 76167.9 priority: 0
  taskPos: 14 taskId: 384 ETC: 102985 priority: 0
  taskPos: 15 taskId: 204 ETC: 98101.7 priority: 0
  taskPos: 16 taskId: 1020 ETC: 662677 priority: 0
  taskPos: 17 taskId: 360 ETC: 301911 priority: 0
  taskPos: 18 taskId: 142 ETC: 159316 priority: 0
  taskPos: 19 taskId: 838 ETC: 171065 priority: 0
  taskPos: 20 taskId: 893 ETC: 2209.45 priority: 0
  taskPos: 21 taskId: 566 ETC: 488469 priority: 0
  taskPos: 22 taskId: 25 ETC: 97905.8 priority: 0
  taskPos: 23 taskId: 63 ETC: 68170.9 priority: 0
  taskPos: 24 taskId: 668 ETC: 195997 priority: 0
  taskPos: 25 taskId: 780 ETC: 67820 priority: 0
  taskPos: 26 taskId: 574 ETC: 208454 priority: 0
  taskPos: 27 taskId: 570 ETC: 266079 priority: 0
> machineId: 7
  taskPos: 0 taskId: 947 ETC: 11860.1 priority: 0
  taskPos: 1 taskId: 741 ETC: 13445.4 priority: 0
  taskPos: 2 taskId: 705 ETC: 1787.21 priority: 0
  taskPos: 3 taskId: 679 ETC: 17586.1 priority: 0
  taskPos: 4 taskId: 986 ETC: 4814.74 priority: 0
  taskPos: 5 taskId: 393 ETC: 8668.23 priority: 0
  taskPos: 6 taskId: 59 ETC: 13575 priority: 0
  taskPos: 7 taskId: 533 ETC: 108634 priority: 0
  taskPos: 8 taskId: 783 ETC: 29643.1 priority: 0
  taskPos: 9 taskId: 949 ETC: 22338.5 priority: 0
  taskPos: 10 taskId: 183 ETC: 35786.2 priority: 0
  taskPos: 11 taskId: 185 ETC: 26873.6 priority: 0
  taskPos: 12 taskId: 477 ETC: 61199.1 priority: 0
  taskPos: 13 taskId: 760 ETC: 144318 priority: 0
  taskPos: 14 taskId: 67 ETC: 76136.8 priority: 0
  taskPos: 15 taskId: 720 ETC: 68928 priority: 0
  taskPos: 16 taskId: 346 ETC: 50061.2 priority: 0
  taskPos: 17 taskId: 314 ETC: 117232 priority: 0
  taskPos: 18 taskId: 474 ETC: 166674 priority: 0
  taskPos: 19 taskId: 426 ETC: 186972 priority: 0
  taskPos: 20 taskId: 822 ETC: 249425 priority: 0
  taskPos: 21 taskId: 898 ETC: 535438 priority: 0
  taskPos: 22 taskId: 362 ETC: 310543 priority: 0
  taskPos: 23 taskId: 307 ETC: 77927.9 priority: 0
  taskPos: 24 taskId: 466 ETC: 329475 priority: 0
  taskPos: 25 taskId: 836 ETC: 301462 priority: 0
> machineId: 8
  taskPos: 0 taskId: 493 ETC: 111.59 priority: 0
  taskPos: 1 taskId: 75 ETC: 1050.82 priority: 0
  taskPos: 2 taskId: 1 ETC: 32165.8 priority: 0
  taskPos: 3 taskId: 195 ETC: 6188.49 priority: 0
  taskPos: 4 taskId: 61 ETC: 737.28 priority: 0
  taskPos: 5 taskId: 1009 ETC: 2510.63 priority: 0
  taskPos: 6 taskId: 531 ETC: 10838.3 priority: 0
  taskPos: 7 taskId: 897 ETC: 22589.1 priority: 0
  taskPos: 8 taskId: 471 ETC: 14028.2 priority: 0
  taskPos: 9 taskId: 737 ETC: 4854.81 priority: 0
  taskPos: 10 taskId: 815 ETC: 24191.4 priority: 0
  taskPos: 11 taskId: 269 ETC: 89049.5 priority: 0
  taskPos: 12 taskId: 664 ETC: 298539 priority: 0
  taskPos: 13 taskId: 777 ETC: 18361.1 priority: 0
  taskPos: 14 taskId: 443 ETC: 19117.5 priority: 0
  taskPos: 15 taskId: 755 ETC: 34843.3 priority: 0
  taskPos: 16 taskId: 266 ETC: 327664 priority: 0
  taskPos: 17 taskId: 613 ETC: 32682.9 priority: 0
  taskPos: 18 taskId: 247 ETC: 51493.4 priority: 0
  taskPos: 19 taskId: 907 ETC: 47023.5 priority: 0
  taskPos: 20 taskId: 124 ETC: 444667 priority: 0
  taskPos: 21 taskId: 445 ETC: 36597.5 priority: 0
  taskPos: 22 taskId: 837 ETC: 123502 priority: 0
  taskPos: 23 taskId: 660 ETC: 166497 priority: 0
  taskPos: 24 taskId: 612 ETC: 392709 priority: 0
  taskPos: 25 taskId: 288 ETC: 656354 priority: 0
  taskPos: 26 taskId: 618 ETC: 445089 priority: 0
  taskPos: 27 taskId: 217 ETC: 6111.08 priority: 0
  taskPos: 28 taskId: 880 ETC: 263173 priority: 0
  taskPos: 29 taskId: 219 ETC: 77879.1 priority: 0
> machineId: 9
  taskPos: 0 taskId: 287 ETC: 1314.91 priority: 0
  taskPos: 1 taskId: 891 ETC: 1737.38 priority: 0
  taskPos: 2 taskId: 843 ETC: 5289.49 priority: 0
  taskPos: 3 taskId: 953 ETC: 5701.99 priority: 0
  taskPos: 4 taskId: 831 ETC: 36419 priority: 0
  taskPos: 5 taskId: 501 ETC: 115098 priority: 0
  taskPos: 6 taskId: 607 ETC: 22164.2 priority: 0
  taskPos: 7 taskId: 979 ETC: 76245.3 priority: 0
  taskPos: 8 taskId: 667 ETC: 12613 priority: 0
  taskPos: 9 taskId: 415 ETC: 9650.03 priority: 0
  taskPos: 10 taskId: 420 ETC: 247353 priority: 0
  taskPos: 11 taskId: 717 ETC: 76479.4 priority: 0
  taskPos: 12 taskId: 605 ETC: 29060.8 priority: 0
  taskPos: 13 taskId: 193 ETC: 85349.6 priority: 0
  taskPos: 14 taskId: 919 ETC: 113520 priority: 0
  taskPos: 15 taskId: 395 ETC: 15069.3 priority: 0
  taskPos: 16 taskId: 749 ETC: 157257 priority: 0
  taskPos: 17 taskId: 512 ETC: 325015 priority: 0
  taskPos: 18 taskId: 330 ETC: 271318 priority: 0
  taskPos: 19 taskId: 909 ETC: 301633 priority: 0
  taskPos: 20 taskId: 206 ETC: 419941 priority: 0
  taskPos: 21 taskId: 984 ETC: 561593 priority: 0
  taskPos: 22 taskId: 194 ETC: 789158 priority: 0
> machineId: 10
  taskPos: 0 taskId: 339 ETC: 95.62 priority: 0
  taskPos: 1 taskId: 719 ETC: 5524.91 priority: 0
  taskPos: 2 taskId: 245 ETC: 30299.7 priority: 0
  taskPos: 3 taskId: 761 ETC: 3060.57 priority: 0
  taskPos: 4 taskId: 733 ETC: 682.63 priority: 0
  taskPos: 5 taskId: 809 ETC: 1577.21 priority: 0
  taskPos: 6 taskId: 975 ETC: 8204.82 priority: 0
  taskPos: 7 taskId: 1007 ETC: 17969.4 priority: 0
  taskPos: 8 taskId: 27 ETC: 10172.6 priority: 0
  taskPos: 9 taskId: 805 ETC: 74898.7 priority: 0
  taskPos: 10 taskId: 663 ETC: 52380.5 priority: 0
  taskPos: 11 taskId: 465 ETC: 31744.6 priority: 0
  taskPos: 12 taskId: 351 ETC: 56297.5 priority: 0
  taskPos: 13 taskId: 853 ETC: 20317.5 priority: 0
  taskPos: 14 taskId: 159 ETC: 86314.5 priority: 0
  taskPos: 15 taskId: 974 ETC: 460029 priority: 0
  taskPos: 16 taskId: 841 ETC: 24922.7 priority: 0
  taskPos: 17 taskId: 24 ETC: 294183 priority: 0
  taskPos: 18 taskId: 785 ETC: 134333 priority: 0
  taskPos: 19 taskId: 329 ETC: 84054.4 priority: 0
  taskPos: 20 taskId: 701 ETC: 50879.2 priority: 0
  taskPos: 21 taskId: 261 ETC: 141597 priority: 0
  taskPos: 22 taskId: 364 ETC: 978323 priority: 0
  taskPos: 23 taskId: 731 ETC: 39853 priority: 0
  taskPos: 24 taskId: 938 ETC: 567621 priority: 0
  taskPos: 25 taskId: 784 ETC: 364850 priority: 0
> machineId: 11
  taskPos: 0 taskId: 35 ETC: 7864.47 priority: 0
  taskPos: 1 taskId: 129 ETC: 32362.3 priority: 0
  taskPos: 2 taskId: 205 ETC: 27397.1 priority: 0
  taskPos: 3 taskId: 751 ETC: 3595.58 priority: 0
  taskPos: 4 taskId: 427 ETC: 18941.6 priority: 0
  taskPos: 5 taskId: 315 ETC: 7802.76 priority: 0
  taskPos: 6 taskId: 325 ETC: 32831.7 priority: 0
  taskPos: 7 taskId: 265 ETC: 25841.1 priority: 0
  taskPos: 8 taskId: 571 ETC: 1323.4 priority: 0
  taskPos: 9 taskId: 66 ETC: 807065 priority: 0
  taskPos: 10 taskId: 973 ETC: 97.66 priority: 0
  taskPos: 11 taskId: 957 ETC: 62404.1 priority: 0
  taskPos: 12 taskId: 496 ETC: 253240 priority: 0
  taskPos: 13 taskId: 839 ETC: 16179.7 priority: 0
  taskPos: 14 taskId: 788 ETC: 459841 priority: 0
  taskPos: 15 taskId: 292 ETC: 530008 priority: 0
  taskPos: 16 taskId: 596 ETC: 351276 priority: 0
  taskPos: 17 taskId: 969 ETC: 70642.2 priority: 0
  taskPos: 18 taskId: 189 ETC: 50771.6 priority: 0
  taskPos: 19 taskId: 967 ETC: 210897 priority: 0
  taskPos: 20 taskId: 169 ETC: 12333.9 priority: 0
  taskPos: 21 taskId: 1012 ETC: 700858 priority: 0
> machineId: 12
  taskPos: 0 taskId: 899 ETC: 3172.87 priority: 0
  taskPos: 1 taskId: 487 ETC: 24048 priority: 0
  taskPos: 2 taskId: 875 ETC: 52334.8 priority: 0
  taskPos: 3 taskId: 503 ETC: 3468.19 priority: 0
  taskPos: 4 taskId: 472 ETC: 41567.7 priority: 0
  taskPos: 5 taskId: 820 ETC: 242873 priority: 0
  taskPos: 6 taskId: 519 ETC: 98987 priority: 0
  taskPos: 7 taskId: 243 ETC: 36769.4 priority: 0
  taskPos: 8 taskId: 47 ETC: 186245 priority: 0
  taskPos: 9 taskId: 939 ETC: 24301.9 priority: 0
  taskPos: 10 taskId: 857 ETC: 1427.06 priority: 0
  taskPos: 11 taskId: 249 ETC: 28580.3 priority: 0
  taskPos: 12 taskId: 371 ETC: 6578.92 priority: 0
  taskPos: 13 taskId: 781 ETC: 70995.4 priority: 0
  taskPos: 14 taskId: 700 ETC: 417311 priority: 0
  taskPos: 15 taskId: 757 ETC: 24692 priority: 0
  taskPos: 16 taskId: 684 ETC: 523122 priority: 0
  taskPos: 17 taskId: 735 ETC: 71326.9 priority: 0
  taskPos: 18 taskId: 1002 ETC: 330032 priority: 0
  taskPos: 19 taskId: 348 ETC: 812807 priority: 0
  taskPos: 20 taskId: 111 ETC: 44216.8 priority: 0
  taskPos: 21 taskId: 257 ETC: 84148.7 priority: 0
> machineId: 13
  taskPos: 0 taskId: 591 ETC: 801.83 priority: 0
  taskPos: 1 taskId: 157 ETC: 104.07 priority: 0
  taskPos: 2 taskId: 753 ETC: 2987.74 priority: 0
  taskPos: 3 taskId: 135 ETC: 56075.8 priority: 0
  taskPos: 4 taskId: 367 ETC: 19449.5 priority: 0
  taskPos: 5 taskId: 327 ETC: 153006 priority: 0
  taskPos: 6 taskId: 473 ETC: 59315.4 priority: 0
  taskPos: 7 taskId: 887 ETC: 72939 priority: 0
  taskPos: 8 taskId: 291 ETC: 11147.6 priority: 0
  taskPos: 9 taskId: 455 ETC: 36521.5 priority: 0
  taskPos: 10 taskId: 379 ETC: 12253.7 priority: 0
  taskPos: 11 taskId: 816 ETC: 516773 priority: 0
  taskPos: 12 taskId: 713 ETC: 32356.3 priority: 0
  taskPos: 13 taskId: 961 ETC: 14662.8 priority: 0
  taskPos: 14 taskId: 556 ETC: 645818 priority: 0
  taskPos: 15 taskId: 459 ETC: 31653.8 priority: 0
  taskPos: 16 taskId: 220 ETC: 317973 priority: 0
  taskPos: 17 taskId: 747 ETC: 26111.7 priority: 0
  taskPos: 18 taskId: 221 ETC: 20804.6 priority: 0
  taskPos: 19 taskId: 516 ETC: 386548 priority: 0
  taskPos: 20 taskId: 546 ETC: 177126 priority: 0
  taskPos: 21 taskId: 750 ETC: 1.03283e+06 priority: 0
> machineId: 14
  taskPos: 0 taskId: 461 ETC: 2336.06 priority: 0
  taskPos: 1 taskId: 807 ETC: 18008.3 priority: 0
  taskPos: 2 taskId: 583 ETC: 11040.7 priority: 0
  taskPos: 3 taskId: 5 ETC: 98924.5 priority: 0
  taskPos: 4 taskId: 105 ETC: 12404.1 priority: 0
  taskPos: 5 taskId: 187 ETC: 8473.21 priority: 0
  taskPos: 6 taskId: 19 ETC: 60345 priority: 0
  taskPos: 7 taskId: 563 ETC: 35133.2 priority: 0
  taskPos: 8 taskId: 391 ETC: 3289.2 priority: 0
  taskPos: 9 taskId: 729 ETC: 45706.5 priority: 0
  taskPos: 10 taskId: 334 ETC: 440207 priority: 0
  taskPos: 11 taskId: 515 ETC: 59372.2 priority: 0
  taskPos: 12 taskId: 561 ETC: 123232 priority: 0
  taskPos: 13 taskId: 151 ETC: 8697.78 priority: 0
  taskPos: 14 taskId: 103 ETC: 148196 priority: 0
  taskPos: 15 taskId: 778 ETC: 658472 priority: 0
  taskPos: 16 taskId: 535 ETC: 11381.3 priority: 0
  taskPos: 17 taskId: 659 ETC: 123651 priority: 0
  taskPos: 18 taskId: 71 ETC: 80295.2 priority: 0
  taskPos: 19 taskId: 404 ETC: 1.06302e+06 priority: 0
  taskPos: 20 taskId: 308 ETC: 319122 priority: 0
  taskPos: 21 taskId: 298 ETC: 344153 priority: 0
> machineId: 15
  taskPos: 0 taskId: 537 ETC: 758.68 priority: 0
  taskPos: 1 taskId: 933 ETC: 4900.14 priority: 0
  taskPos: 2 taskId: 871 ETC: 4539.25 priority: 0
  taskPos: 3 taskId: 137 ETC: 9898.25 priority: 0
  taskPos: 4 taskId: 587 ETC: 733.7 priority: 0
  taskPos: 5 taskId: 593 ETC: 23373 priority: 0
  taskPos: 6 taskId: 77 ETC: 8142.25 priority: 0
  taskPos: 7 taskId: 365 ETC: 36234.8 priority: 0
  taskPos: 8 taskId: 403 ETC: 21760.3 priority: 0
  taskPos: 9 taskId: 835 ETC: 25570.9 priority: 0
  taskPos: 10 taskId: 681 ETC: 17523.7 priority: 0
  taskPos: 11 taskId: 655 ETC: 37576.4 priority: 0
  taskPos: 12 taskId: 507 ETC: 12906.3 priority: 0
  taskPos: 13 taskId: 253 ETC: 6097.84 priority: 0
  taskPos: 14 taskId: 497 ETC: 66283.1 priority: 0
  taskPos: 15 taskId: 121 ETC: 64523.1 priority: 0
  taskPos: 16 taskId: 42 ETC: 514871 priority: 0
  taskPos: 17 taskId: 413 ETC: 269019 priority: 0
  taskPos: 18 taskId: 929 ETC: 71058.7 priority: 0
  taskPos: 19 taskId: 92 ETC: 1.01364e+06 priority: 0
  taskPos: 20 taskId: 305 ETC: 98081.4 priority: 0
  taskPos: 21 taskId: 1015 ETC: 72776.9 priority: 0
  taskPos: 22 taskId: 707 ETC: 141044 priority: 0
  taskPos: 23 taskId: 44 ETC: 679785 priority: 0
  taskPos: 24 taskId: 982 ETC: 454294 priority: 0
> machineId: 16
  taskPos: 0 taskId: 353 ETC: 28484.2 priority: 0
  taskPos: 1 taskId: 823 ETC: 5879.52 priority: 0
  taskPos: 2 taskId: 677 ETC: 46512.4 priority: 0
  taskPos: 3 taskId: 639 ETC: 1054.88 priority: 0
  taskPos: 4 taskId: 109 ETC: 237.47 priority: 0
  taskPos: 5 taskId: 689 ETC: 23642.4 priority: 0
  taskPos: 6 taskId: 281 ETC: 7079.61 priority: 0
  taskPos: 7 taskId: 153 ETC: 32461.9 priority: 0
  taskPos: 8 taskId: 295 ETC: 32956.8 priority: 0
  taskPos: 9 taskId: 595 ETC: 70101 priority: 0
  taskPos: 10 taskId: 683 ETC: 34123.7 priority: 0
  taskPos: 11 taskId: 576 ETC: 597015 priority: 0
  taskPos: 12 taskId: 117 ETC: 27670.6 priority: 0
  taskPos: 13 taskId: 7 ETC: 73472 priority: 0
  taskPos: 14 taskId: 441 ETC: 102646 priority: 0
  taskPos: 15 taskId: 937 ETC: 102917 priority: 0
  taskPos: 16 taskId: 433 ETC: 121404 priority: 0
  taskPos: 17 taskId: 513 ETC: 258054 priority: 0
  taskPos: 18 taskId: 352 ETC: 1.42784e+06 priority: 0
  taskPos: 19 taskId: 746 ETC: 562644 priority: 0
> machineId: 17
  taskPos: 0 taskId: 691 ETC: 1600.78 priority: 0
  taskPos: 1 taskId: 397 ETC: 4464.54 priority: 0
  taskPos: 2 taskId: 517 ETC: 12788.1 priority: 0
  taskPos: 3 taskId: 141 ETC: 3608.88 priority: 0
  taskPos: 4 taskId: 885 ETC: 10453.7 priority: 0
  taskPos: 5 taskId: 603 ETC: 6211.96 priority: 0
  taskPos: 6 taskId: 409 ETC: 34942.4 priority: 0
  taskPos: 7 taskId: 867 ETC: 110158 priority: 0
  taskPos: 8 taskId: 589 ETC: 21330.1 priority: 0
  taskPos: 9 taskId: 50 ETC: 841982 priority: 0
  taskPos: 10 taskId: 722 ETC: 752389 priority: 0
  taskPos: 11 taskId: 83 ETC: 354172 priority: 0
  taskPos: 12 taskId: 93 ETC: 26061.9 priority: 0
  taskPos: 13 taskId: 451 ETC: 63691.1 priority: 0
  taskPos: 14 taskId: 1023 ETC: 776478 priority: 0
  taskPos: 15 taskId: 793 ETC: 121212 priority: 0
  taskPos: 16 taskId: 263 ETC: 96530.2 priority: 0
  taskPos: 17 taskId: 76 ETC: 417916 priority: 0
> machineId: 18
  taskPos: 0 taskId: 383 ETC: 4012.15 priority: 0
  taskPos: 1 taskId: 617 ETC: 26160.2 priority: 0
  taskPos: 2 taskId: 865 ETC: 6380.77 priority: 0
  taskPos: 3 taskId: 289 ETC: 36708.6 priority: 0
  taskPos: 4 taskId: 481 ETC: 208693 priority: 0
  taskPos: 5 taskId: 985 ETC: 1411.78 priority: 0
  taskPos: 6 taskId: 259 ETC: 341405 priority: 0
  taskPos: 7 taskId: 405 ETC: 43610.3 priority: 0
  taskPos: 8 taskId: 665 ETC: 251692 priority: 0
  taskPos: 9 taskId: 905 ETC: 18960.4 priority: 0
  taskPos: 10 taskId: 223 ETC: 19107.8 priority: 0
  taskPos: 11 taskId: 869 ETC: 5143.27 priority: 0
  taskPos: 12 taskId: 469 ETC: 18306.8 priority: 0
  taskPos: 13 taskId: 883 ETC: 75260.3 priority: 0
  taskPos: 14 taskId: 817 ETC: 88781.5 priority: 0
  taskPos: 15 taskId: 575 ETC: 35746.3 priority: 0
  taskPos: 16 taskId: 671 ETC: 115782 priority: 0
  taskPos: 17 taskId: 616 ETC: 609002 priority: 0
  taskPos: 18 taskId: 662 ETC: 1.06009e+06 priority: 0
  taskPos: 19 taskId: 69 ETC: 83432.7 priority: 0
> machineId: 19
  taskPos: 0 taskId: 424 ETC: 142182 priority: 0
  taskPos: 1 taskId: 977 ETC: 77.39 priority: 0
  taskPos: 2 taskId: 235 ETC: 19155.4 priority: 0
  taskPos: 3 taskId: 927 ETC: 6878.2 priority: 0
  taskPos: 4 taskId: 475 ETC: 66854.5 priority: 0
  taskPos: 5 taskId: 407 ETC: 341039 priority: 0
  taskPos: 6 taskId: 113 ETC: 21373.1 priority: 0
  taskPos: 7 taskId: 321 ETC: 313095 priority: 0
  taskPos: 8 taskId: 845 ETC: 24314 priority: 0
  taskPos: 9 taskId: 301 ETC: 103135 priority: 0
  taskPos: 10 taskId: 335 ETC: 7788.93 priority: 0
  taskPos: 11 taskId: 347 ETC: 1959.64 priority: 0
  taskPos: 12 taskId: 197 ETC: 27946.4 priority: 0
  taskPos: 13 taskId: 401 ETC: 52646.3 priority: 0
  taskPos: 14 taskId: 51 ETC: 13350.5 priority: 0
  taskPos: 15 taskId: 810 ETC: 1.16473e+06 priority: 0
  taskPos: 16 taskId: 127 ETC: 215534 priority: 0
  taskPos: 17 taskId: 895 ETC: 172743 priority: 0
  taskPos: 18 taskId: 688 ETC: 721972 priority: 0
  taskPos: 19 taskId: 813 ETC: 15461.2 priority: 0
> machineId: 20
  taskPos: 0 taskId: 199 ETC: 2903.29 priority: 0
  taskPos: 1 taskId: 491 ETC: 4121.12 priority: 0
  taskPos: 2 taskId: 421 ETC: 7205.43 priority: 0
  taskPos: 3 taskId: 529 ETC: 2830.1 priority: 0
  taskPos: 4 taskId: 615 ETC: 20755 priority: 0
  taskPos: 5 taskId: 107 ETC: 12034.1 priority: 0
  taskPos: 6 taskId: 479 ETC: 3219.32 priority: 0
  taskPos: 7 taskId: 609 ETC: 11250.7 priority: 0
  taskPos: 8 taskId: 267 ETC: 1042.71 priority: 0
  taskPos: 9 taskId: 917 ETC: 57140.6 priority: 0
  taskPos: 10 taskId: 959 ETC: 3539.44 priority: 0
  taskPos: 11 taskId: 425 ETC: 21194.4 priority: 0
  taskPos: 12 taskId: 483 ETC: 11797.9 priority: 0
  taskPos: 13 taskId: 930 ETC: 744585 priority: 0
  taskPos: 14 taskId: 745 ETC: 205653 priority: 0
  taskPos: 15 taskId: 773 ETC: 95839.4 priority: 0
  taskPos: 16 taskId: 806 ETC: 1.58455e+06 priority: 0
  taskPos: 17 taskId: 115 ETC: 48313.4 priority: 0
  taskPos: 18 taskId: 647 ETC: 42841.4 priority: 0
  taskPos: 19 taskId: 399 ETC: 442041 priority: 0
  taskPos: 20 taskId: 251 ETC: 50067.9 priority: 0
  taskPos: 21 taskId: 175 ETC: 42749.8 priority: 0
  taskPos: 22 taskId: 525 ETC: 121122 priority: 0
  taskPos: 23 taskId: 693 ETC: 78859.2 priority: 0
> machineId: 21
  taskPos: 0 taskId: 1013 ETC: 5880.66 priority: 0
  taskPos: 1 taskId: 191 ETC: 244.58 priority: 0
  taskPos: 2 taskId: 343 ETC: 11155.2 priority: 0
  taskPos: 3 taskId: 981 ETC: 77192.8 priority: 0
  taskPos: 4 taskId: 341 ETC: 4701.74 priority: 0
  taskPos: 5 taskId: 509 ETC: 1127.12 priority: 0
  taskPos: 6 taskId: 387 ETC: 139.2 priority: 0
  taskPos: 7 taskId: 52 ETC: 481507 priority: 0
  taskPos: 8 taskId: 13 ETC: 58589.6 priority: 0
  taskPos: 9 taskId: 999 ETC: 42409.4 priority: 0
  taskPos: 10 taskId: 411 ETC: 56039 priority: 0
  taskPos: 11 taskId: 993 ETC: 24850.6 priority: 0
  taskPos: 12 taskId: 874 ETC: 898201 priority: 0
  taskPos: 13 taskId: 239 ETC: 1.03893e+06 priority: 0
  taskPos: 14 taskId: 673 ETC: 64033.5 priority: 0
  taskPos: 15 taskId: 11 ETC: 24584.4 priority: 0
  taskPos: 16 taskId: 1011 ETC: 5468.73 priority: 0
  taskPos: 17 taskId: 997 ETC: 27864.1 priority: 0
  taskPos: 18 taskId: 203 ETC: 25258.7 priority: 0
  taskPos: 19 taskId: 155 ETC: 97646.1 priority: 0
  taskPos: 20 taskId: 161 ETC: 138496 priority: 0
  taskPos: 21 taskId: 355 ETC: 140171 priority: 0
> machineId: 22
  taskPos: 0 taskId: 139 ETC: 2635.32 priority: 0
  taskPos: 1 taskId: 467 ETC: 4536.73 priority: 0
  taskPos: 2 taskId: 931 ETC: 92787.1 priority: 0
  taskPos: 3 taskId: 545 ETC: 7420.85 priority: 0
  taskPos: 4 taskId: 685 ETC: 15350.1 priority: 0
  taskPos: 5 taskId: 41 ETC: 40299.9 priority: 0
  taskPos: 6 taskId: 91 ETC: 24136.4 priority: 0
  taskPos: 7 taskId: 39 ETC: 9342.48 priority: 0
  taskPos: 8 taskId: 811 ETC: 241111 priority: 0
  taskPos: 9 taskId: 715 ETC: 9708.86 priority: 0
  taskPos: 10 taskId: 313 ETC: 41428.1 priority: 0
  taskPos: 11 taskId: 143 ETC: 53178.1 priority: 0
  taskPos: 12 taskId: 629 ETC: 111047 priority: 0
  taskPos: 13 taskId: 795 ETC: 53733.5 priority: 0
  taskPos: 14 taskId: 657 ETC: 9157.76 priority: 0
  taskPos: 15 taskId: 599 ETC: 88700.9 priority: 0
  taskPos: 16 taskId: 903 ETC: 34937.2 priority: 0
  taskPos: 17 taskId: 40 ETC: 300894 priority: 0
  taskPos: 18 taskId: 312 ETC: 2.09602e+06 priority: 0
  taskPos: 19 taskId: 359 ETC: 370978 priority: 0
  taskPos: 20 taskId: 935 ETC: 50344.2 priority: 0
> machineId: 23
  taskPos: 0 taskId: 742 ETC: 99693.4 priority: 0
  taskPos: 1 taskId: 579 ETC: 8.86 priority: 0
  taskPos: 2 taskId: 9 ETC: 429042 priority: 0
  taskPos: 3 taskId: 237 ETC: 1367.73 priority: 0
  taskPos: 4 taskId: 829 ETC: 60348.2 priority: 0
  taskPos: 5 taskId: 57 ETC: 17772.7 priority: 0
  taskPos: 6 taskId: 827 ETC: 44928.2 priority: 0
  taskPos: 7 taskId: 553 ETC: 32721.2 priority: 0
  taskPos: 8 taskId: 256 ETC: 1.43744e+06 priority: 0
  taskPos: 9 taskId: 437 ETC: 98753.1 priority: 0
  taskPos: 10 taskId: 213 ETC: 71630.2 priority: 0
  taskPos: 11 taskId: 963 ETC: 190125 priority: 0
  taskPos: 12 taskId: 578 ETC: 838616 priority: 0
  taskPos: 13 taskId: 309 ETC: 45971.7 priority: 0
  taskPos: 14 taskId: 349 ETC: 117955 priority: 0
  taskPos: 15 taskId: 381 ETC: 66530.1 priority: 0
  taskPos: 16 taskId: 951 ETC: 65373.7 priority: 0
> machineId: 24
  taskPos: 0 taskId: 74 ETC: 1.1306e+06 priority: 0
  taskPos: 1 taskId: 625 ETC: 1886.25 priority: 0
  taskPos: 2 taskId: 775 ETC: 10480.4 priority: 0
  taskPos: 3 taskId: 361 ETC: 2166.27 priority: 0
  taskPos: 4 taskId: 241 ETC: 16502.5 priority: 0
  taskPos: 5 taskId: 941 ETC: 22284 priority: 0
  taskPos: 6 taskId: 633 ETC: 28217.5 priority: 0
  taskPos: 7 taskId: 3 ETC: 55238.2 priority: 0
  taskPos: 8 taskId: 1019 ETC: 68717.3 priority: 0
  taskPos: 9 taskId: 847 ETC: 33502.6 priority: 0
  taskPos: 10 taskId: 787 ETC: 28218.6 priority: 0
  taskPos: 11 taskId: 711 ETC: 540995 priority: 0
  taskPos: 12 taskId: 943 ETC: 59802.9 priority: 0
  taskPos: 13 taskId: 1018 ETC: 1.19862e+06 priority: 0
  taskPos: 14 taskId: 81 ETC: 231327 priority: 0
  taskPos: 15 taskId: 819 ETC: 139995 priority: 0
  taskPos: 16 taskId: 955 ETC: 105845 priority: 0
> machineId: 25
  taskPos: 0 taskId: 431 ETC: 1786.37 priority: 0
  taskPos: 1 taskId: 877 ETC: 219.52 priority: 0
  taskPos: 2 taskId: 699 ETC: 2309.15 priority: 0
  taskPos: 3 taskId: 873 ETC: 83195.8 priority: 0
  taskPos: 4 taskId: 133 ETC: 392.42 priority: 0
  taskPos: 5 taskId: 530 ETC: 610071 priority: 0
  taskPos: 6 taskId: 945 ETC: 5090.32 priority: 0
  taskPos: 7 taskId: 22 ETC: 311607 priority: 0
  taskPos: 8 taskId: 779 ETC: 132053 priority: 0
  taskPos: 9 taskId: 703 ETC: 58532.5 priority: 0
  taskPos: 10 taskId: 323 ETC: 4619.16 priority: 0
  taskPos: 11 taskId: 463 ETC: 615022 priority: 0
  taskPos: 12 taskId: 273 ETC: 14413 priority: 0
  taskPos: 13 taskId: 921 ETC: 9136.08 priority: 0
  taskPos: 14 taskId: 255 ETC: 46163.2 priority: 0
  taskPos: 15 taskId: 293 ETC: 165763 priority: 0
  taskPos: 16 taskId: 457 ETC: 12690.2 priority: 0
  taskPos: 17 taskId: 554 ETC: 1.03442e+06 priority: 0
  taskPos: 18 taskId: 565 ETC: 339151 priority: 0
  taskPos: 19 taskId: 551 ETC: 31930.8 priority: 0
  taskPos: 20 taskId: 299 ETC: 117980 priority: 0
> machineId: 26
  taskPos: 0 taskId: 95 ETC: 19584.3 priority: 0
  taskPos: 1 taskId: 165 ETC: 1717.38 priority: 0
  taskPos: 2 taskId: 167 ETC: 9617.12 priority: 0
  taskPos: 3 taskId: 637 ETC: 259459 priority: 0
  taskPos: 4 taskId: 227 ETC: 15075.7 priority: 0
  taskPos: 5 taskId: 207 ETC: 21231.4 priority: 0
  taskPos: 6 taskId: 832 ETC: 1.06471e+06 priority: 0
  taskPos: 7 taskId: 145 ETC: 28200.4 priority: 0
  taskPos: 8 taskId: 123 ETC: 52691.3 priority: 0
  taskPos: 9 taskId: 12 ETC: 620692 priority: 0
  taskPos: 10 taskId: 619 ETC: 88163.8 priority: 0
  taskPos: 11 taskId: 727 ETC: 32602.5 priority: 0
  taskPos: 12 taskId: 539 ETC: 36125.4 priority: 0
  taskPos: 13 taskId: 171 ETC: 52128.9 priority: 0
  taskPos: 14 taskId: 611 ETC: 159048 priority: 0
  taskPos: 15 taskId: 821 ETC: 263018 priority: 0
  taskPos: 16 taskId: 855 ETC: 53547.3 priority: 0
  taskPos: 17 taskId: 17 ETC: 34291.9 priority: 0
  taskPos: 18 taskId: 859 ETC: 97046.4 priority: 0
> machineId: 27
  taskPos: 0 taskId: 375 ETC: 18898.8 priority: 0
  taskPos: 1 taskId: 31 ETC: 22911.7 priority: 0
  taskPos: 2 taskId: 581 ETC: 94070.5 priority: 0
  taskPos: 3 taskId: 597 ETC: 10429 priority: 0
  taskPos: 4 taskId: 231 ETC: 13182.3 priority: 0
  taskPos: 5 taskId: 649 ETC: 32314.6 priority: 0
  taskPos: 6 taskId: 825 ETC: 41287.4 priority: 0
  taskPos: 7 taskId: 319 ETC: 43023.5 priority: 0
  taskPos: 8 taskId: 85 ETC: 16408.4 priority: 0
  taskPos: 9 taskId: 774 ETC: 833200 priority: 0
  taskPos: 10 taskId: 97 ETC: 16761.4 priority: 0
  taskPos: 11 taskId: 181 ETC: 75207.6 priority: 0
  taskPos: 12 taskId: 304 ETC: 1.53719e+06 priority: 0
  taskPos: 13 taskId: 37 ETC: 50292.5 priority: 0
  taskPos: 14 taskId: 913 ETC: 121898 priority: 0
  taskPos: 15 taskId: 99 ETC: 92654.1 priority: 0
> machineId: 28
  taskPos: 0 taskId: 527 ETC: 4749.44 priority: 0
  taskPos: 1 taskId: 695 ETC: 34620.1 priority: 0
  taskPos: 2 taskId: 285 ETC: 7980.9 priority: 0
  taskPos: 3 taskId: 911 ETC: 111705 priority: 0
  taskPos: 4 taskId: 116 ETC: 457870 priority: 0
  taskPos: 5 taskId: 763 ETC: 74004.2 priority: 0
  taskPos: 6 taskId: 521 ETC: 24396.8 priority: 0
  taskPos: 7 taskId: 499 ETC: 342131 priority: 0
  taskPos: 8 taskId: 569 ETC: 104693 priority: 0
  taskPos: 9 taskId: 279 ETC: 169546 priority: 0
  taskPos: 10 taskId: 163 ETC: 3421.1 priority: 0
  taskPos: 11 taskId: 377 ETC: 16089.2 priority: 0
  taskPos: 12 taskId: 333 ETC: 17924.6 priority: 0
  taskPos: 13 taskId: 400 ETC: 1.08972e+06 priority: 0
  taskPos: 14 taskId: 79 ETC: 90179.1 priority: 0
  taskPos: 15 taskId: 53 ETC: 43506.5 priority: 0
  taskPos: 16 taskId: 45 ETC: 906455 priority: 0
  taskPos: 17 taskId: 417 ETC: 93247.3 priority: 0
> machineId: 29
  taskPos: 0 taskId: 1001 ETC: 18507.6 priority: 0
  taskPos: 1 taskId: 470 ETC: 1.5501e+06 priority: 0
  taskPos: 2 taskId: 211 ETC: 389186 priority: 0
  taskPos: 3 taskId: 889 ETC: 4708.79 priority: 0
  taskPos: 4 taskId: 965 ETC: 54829.3 priority: 0
  taskPos: 5 taskId: 983 ETC: 58713.6 priority: 0
  taskPos: 6 taskId: 489 ETC: 8353.34 priority: 0
  taskPos: 7 taskId: 23 ETC: 245483 priority: 0
  taskPos: 8 taskId: 43 ETC: 6323.64 priority: 0
  taskPos: 9 taskId: 879 ETC: 25324.7 priority: 0
  taskPos: 10 taskId: 833 ETC: 61707 priority: 0
  taskPos: 11 taskId: 971 ETC: 21551.8 priority: 0
  taskPos: 12 taskId: 627 ETC: 90644.5 priority: 0
  taskPos: 13 taskId: 311 ETC: 27231.5 priority: 0
  taskPos: 14 taskId: 101 ETC: 10453.9 priority: 0
  taskPos: 15 taskId: 337 ETC: 112003 priority: 0
  taskPos: 16 taskId: 317 ETC: 584646 priority: 0
  taskPos: 17 taskId: 439 ETC: 54227.9 priority: 0
  taskPos: 18 taskId: 1017 ETC: 125306 priority: 0
  taskPos: 19 taskId: 631 ETC: 39936.4 priority: 0
> machineId: 30
  taskPos: 0 taskId: 547 ETC: 678.08 priority: 0
  taskPos: 1 taskId: 643 ETC: 96.51 priority: 0
  taskPos: 2 taskId: 801 ETC: 3401.89 priority: 0
  taskPos: 3 taskId: 721 ETC: 50593.9 priority: 0
  taskPos: 4 taskId: 233 ETC: 2802.55 priority: 0
  taskPos: 5 taskId: 29 ETC: 6935.75 priority: 0
  taskPos: 6 taskId: 621 ETC: 8381.58 priority: 0
  taskPos: 7 taskId: 447 ETC: 21113.2 priority: 0
  taskPos: 8 taskId: 803 ETC: 366758 priority: 0
  taskPos: 9 taskId: 502 ETC: 37946.9 priority: 0
  taskPos: 10 taskId: 21 ETC: 19569 priority: 0
  taskPos: 11 taskId: 357 ETC: 30030 priority: 0
  taskPos: 12 taskId: 33 ETC: 20629 priority: 0
  taskPos: 13 taskId: 125 ETC: 70048.5 priority: 0
  taskPos: 14 taskId: 435 ETC: 10238.9 priority: 0
  taskPos: 15 taskId: 449 ETC: 42460.1 priority: 0
  taskPos: 16 taskId: 283 ETC: 51593.6 priority: 0
  taskPos: 17 taskId: 464 ETC: 1.22557e+06 priority: 0
  taskPos: 18 taskId: 851 ETC: 49774.1 priority: 0
  taskPos: 19 taskId: 419 ETC: 49555.7 priority: 0
  taskPos: 20 taskId: 454 ETC: 1.26281e+06 priority: 0
  taskPos: 21 taskId: 623 ETC: 70440.3 priority: 0
  taskPos: 22 taskId: 881 ETC: 59516.4 priority: 0
  taskPos: 23 taskId: 297 ETC: 34573.5 priority: 0
  taskPos: 24 taskId: 567 ETC: 147790 priority: 0
> machineId: 31
  taskPos: 0 taskId: 363 ETC: 5771.77 priority: 0
  taskPos: 1 taskId: 925 ETC: 2048.23 priority: 0
  taskPos: 2 taskId: 505 ETC: 3271.23 priority: 0
  taskPos: 3 taskId: 89 ETC: 71836.7 priority: 0
  taskPos: 4 taskId: 799 ETC: 2279.9 priority: 0
  taskPos: 5 taskId: 275 ETC: 8952.49 priority: 0
  taskPos: 6 taskId: 277 ETC: 10227.5 priority: 0
  taskPos: 7 taskId: 743 ETC: 14751 priority: 0
  taskPos: 8 taskId: 651 ETC: 832.18 priority: 0
  taskPos: 9 taskId: 147 ETC: 33345.9 priority: 0
  taskPos: 10 taskId: 541 ETC: 28521.5 priority: 0
  taskPos: 11 taskId: 861 ETC: 58920.1 priority: 0
  taskPos: 12 taskId: 373 ETC: 41475.1 priority: 0
  taskPos: 13 taskId: 15 ETC: 50907.1 priority: 0
  taskPos: 14 taskId: 1021 ETC: 6197.68 priority: 0
  taskPos: 15 taskId: 179 ETC: 14422.6 priority: 0
  taskPos: 16 taskId: 385 ETC: 100583 priority: 0
  taskPos: 17 taskId: 354 ETC: 1.59574e+06 priority: 0
  taskPos: 18 taskId: 989 ETC: 66297.8 priority: 0
  taskPos: 19 taskId: 177 ETC: 181392 priority: 0
  taskPos: 20 taskId: 549 ETC: 256069 priority: 0
  taskPos: 21 taskId: 303 ETC: 170886 priority: 0
  taskPos: 22 taskId: 987 ETC: 86051.6 priority: 0



 :( ---------------------- THE END --------------- :) 