[H[2J[INFO] TaskCount: 1024
[INFO] MachineCount: 32

[DEBUG] Inicialización MIN-MIN

Min-Min fitness: 2386.28

[DEBUG] Inicialización Sufferage

Sufferage fitness: 3096.26

[DEBUG] Inicialización random

[DEBUG] Inicialización random

[DEBUG] Inicialización random

[DEBUG] Inicialización MCT

MCT fitness: 3424.8

[DEBUG] Inicialización random

[DEBUG] Inicialización random

[DEBUG] Inicialización random

[DEBUG] Inicialización random

[DEBUG] Inicialización MCT

MCT fitness: 3407.1

[DEBUG] Inicialización random

[DEBUG] Inicialización random

[DEBUG] Inicialización random

[DEBUG] Inicialización random

 Current State ---------------------------------------------

Current trial: 1
Current iteration: 1500
Current evaluations: 22680
Current best cost: 2247.26
Current worst cost: 2247.26
Current Average cost: 2247.26
Current Standard Deviation: 0

Trial: 
Best cost trial: 2247.26
Worst cost trial: 22678.7
Iteration best found in trial: 1414
Time best found trial: 2.14093e+07
Time spent in trial: 2.24083e+07

Global: 
Global best cost: 2247.26
Global worst cost: 22678.7
Trial best found: 1
Iteration best found: 1414
Time best found: 2.14093e+07

Current time spent (so far): 2.24083e+07
Solution
> machineId: 0
  taskPos: 0 taskId: 179 ETC: 0.59 priority: 0
  taskPos: 1 taskId: 42 ETC: 0.01 priority: 0
  taskPos: 2 taskId: 797 ETC: 0.01 priority: 0
  taskPos: 3 taskId: 923 ETC: 0.03 priority: 0
  taskPos: 4 taskId: 702 ETC: 0.11 priority: 0
  taskPos: 5 taskId: 486 ETC: 0.03 priority: 0
  taskPos: 6 taskId: 304 ETC: 0.22 priority: 0
  taskPos: 7 taskId: 60 ETC: 0.07 priority: 0
  taskPos: 8 taskId: 877 ETC: 0.07 priority: 0
  taskPos: 9 taskId: 298 ETC: 2.46 priority: 0
  taskPos: 10 taskId: 219 ETC: 0.08 priority: 0
  taskPos: 11 taskId: 151 ETC: 0.24 priority: 0
  taskPos: 12 taskId: 573 ETC: 0.08 priority: 0
  taskPos: 13 taskId: 604 ETC: 0.07 priority: 0
  taskPos: 14 taskId: 917 ETC: 0.12 priority: 0
  taskPos: 15 taskId: 204 ETC: 0.42 priority: 0
  taskPos: 16 taskId: 848 ETC: 0.11 priority: 0
  taskPos: 17 taskId: 905 ETC: 0.16 priority: 0
  taskPos: 18 taskId: 752 ETC: 0.1 priority: 0
  taskPos: 19 taskId: 733 ETC: 0.24 priority: 0
  taskPos: 20 taskId: 225 ETC: 0.57 priority: 0
  taskPos: 21 taskId: 568 ETC: 0.32 priority: 0
  taskPos: 22 taskId: 879 ETC: 0.53 priority: 0
  taskPos: 23 taskId: 709 ETC: 0.15 priority: 0
  taskPos: 24 taskId: 930 ETC: 0.11 priority: 0
  taskPos: 25 taskId: 91 ETC: 0.48 priority: 0
  taskPos: 26 taskId: 682 ETC: 0.14 priority: 0
  taskPos: 27 taskId: 518 ETC: 0.61 priority: 0
  taskPos: 28 taskId: 228 ETC: 0.71 priority: 0
  taskPos: 29 taskId: 673 ETC: 0.14 priority: 0
  taskPos: 30 taskId: 755 ETC: 0.21 priority: 0
  taskPos: 31 taskId: 137 ETC: 0.4 priority: 0
  taskPos: 32 taskId: 857 ETC: 0.42 priority: 0
  taskPos: 33 taskId: 847 ETC: 0.04 priority: 0
  taskPos: 34 taskId: 992 ETC: 0.26 priority: 0
  taskPos: 35 taskId: 148 ETC: 0.34 priority: 0
  taskPos: 36 taskId: 214 ETC: 0.48 priority: 0
  taskPos: 37 taskId: 705 ETC: 0.64 priority: 0
  taskPos: 38 taskId: 412 ETC: 0.53 priority: 0
  taskPos: 39 taskId: 129 ETC: 0.91 priority: 0
  taskPos: 40 taskId: 791 ETC: 0.23 priority: 0
  taskPos: 41 taskId: 719 ETC: 0.21 priority: 0
  taskPos: 42 taskId: 7 ETC: 1.14 priority: 0
  taskPos: 43 taskId: 422 ETC: 0.81 priority: 0
  taskPos: 44 taskId: 1004 ETC: 0.53 priority: 0
  taskPos: 45 taskId: 342 ETC: 0.47 priority: 0
  taskPos: 46 taskId: 35 ETC: 1.08 priority: 0
  taskPos: 47 taskId: 293 ETC: 0.78 priority: 0
  taskPos: 48 taskId: 393 ETC: 0.92 priority: 0
  taskPos: 49 taskId: 764 ETC: 0.35 priority: 0
  taskPos: 50 taskId: 823 ETC: 1.07 priority: 0
  taskPos: 51 taskId: 639 ETC: 0.32 priority: 0
  taskPos: 52 taskId: 4 ETC: 0.79 priority: 0
  taskPos: 53 taskId: 912 ETC: 0.76 priority: 0
  taskPos: 54 taskId: 697 ETC: 0.72 priority: 0
  taskPos: 55 taskId: 929 ETC: 1.15 priority: 0
  taskPos: 56 taskId: 980 ETC: 4.23 priority: 0
  taskPos: 57 taskId: 144 ETC: 1.26 priority: 0
  taskPos: 58 taskId: 89 ETC: 0.88 priority: 0
  taskPos: 59 taskId: 716 ETC: 0.9 priority: 0
  taskPos: 60 taskId: 346 ETC: 0.57 priority: 0
  taskPos: 61 taskId: 330 ETC: 0.85 priority: 0
  taskPos: 62 taskId: 227 ETC: 1.25 priority: 0
  taskPos: 63 taskId: 603 ETC: 1.1 priority: 0
  taskPos: 64 taskId: 723 ETC: 1 priority: 0
  taskPos: 65 taskId: 495 ETC: 0.81 priority: 0
  taskPos: 66 taskId: 754 ETC: 0.96 priority: 0
  taskPos: 67 taskId: 674 ETC: 1.57 priority: 0
  taskPos: 68 taskId: 771 ETC: 0.15 priority: 0
  taskPos: 69 taskId: 488 ETC: 1.05 priority: 0
  taskPos: 70 taskId: 196 ETC: 1.3 priority: 0
  taskPos: 71 taskId: 193 ETC: 1.28 priority: 0
  taskPos: 72 taskId: 726 ETC: 0.76 priority: 0
  taskPos: 73 taskId: 14 ETC: 1.05 priority: 0
  taskPos: 74 taskId: 467 ETC: 1.22 priority: 0
  taskPos: 75 taskId: 289 ETC: 0.83 priority: 0
  taskPos: 76 taskId: 830 ETC: 0.9 priority: 0
  taskPos: 77 taskId: 67 ETC: 1.6 priority: 0
  taskPos: 78 taskId: 337 ETC: 1.88 priority: 0
  taskPos: 79 taskId: 210 ETC: 1.25 priority: 0
  taskPos: 80 taskId: 919 ETC: 1.11 priority: 0
  taskPos: 81 taskId: 39 ETC: 1.82 priority: 0
  taskPos: 82 taskId: 475 ETC: 0.61 priority: 0
  taskPos: 83 taskId: 187 ETC: 1.32 priority: 0
  taskPos: 84 taskId: 345 ETC: 1.49 priority: 0
  taskPos: 85 taskId: 64 ETC: 1.74 priority: 0
  taskPos: 86 taskId: 580 ETC: 0.62 priority: 0
  taskPos: 87 taskId: 502 ETC: 1.8 priority: 0
  taskPos: 88 taskId: 307 ETC: 1.32 priority: 0
  taskPos: 89 taskId: 156 ETC: 1.33 priority: 0
  taskPos: 90 taskId: 405 ETC: 1.85 priority: 0
  taskPos: 91 taskId: 967 ETC: 1.82 priority: 0
  taskPos: 92 taskId: 458 ETC: 1.28 priority: 0
  taskPos: 93 taskId: 41 ETC: 1.85 priority: 0
  taskPos: 94 taskId: 782 ETC: 1.64 priority: 0
  taskPos: 95 taskId: 821 ETC: 1.73 priority: 0
  taskPos: 96 taskId: 941 ETC: 2.07 priority: 0
  taskPos: 97 taskId: 844 ETC: 1.45 priority: 0
  taskPos: 98 taskId: 549 ETC: 1.39 priority: 0
  taskPos: 99 taskId: 369 ETC: 1.65 priority: 0
  taskPos: 100 taskId: 585 ETC: 2.45 priority: 0
  taskPos: 101 taskId: 638 ETC: 1.97 priority: 0
  taskPos: 102 taskId: 306 ETC: 2 priority: 0
  taskPos: 103 taskId: 111 ETC: 2.01 priority: 0
  taskPos: 104 taskId: 807 ETC: 1.84 priority: 0
  taskPos: 105 taskId: 542 ETC: 1.29 priority: 0
  taskPos: 106 taskId: 516 ETC: 2.04 priority: 0
  taskPos: 107 taskId: 881 ETC: 2.68 priority: 0
  taskPos: 108 taskId: 126 ETC: 1.62 priority: 0
  taskPos: 109 taskId: 361 ETC: 2.08 priority: 0
  taskPos: 110 taskId: 617 ETC: 2.03 priority: 0
  taskPos: 111 taskId: 622 ETC: 2.46 priority: 0
  taskPos: 112 taskId: 596 ETC: 1.46 priority: 0
  taskPos: 113 taskId: 366 ETC: 2.43 priority: 0
  taskPos: 114 taskId: 833 ETC: 2.54 priority: 0
  taskPos: 115 taskId: 677 ETC: 2.26 priority: 0
  taskPos: 116 taskId: 903 ETC: 2.07 priority: 0
  taskPos: 117 taskId: 122 ETC: 1.97 priority: 0
  taskPos: 118 taskId: 93 ETC: 1.87 priority: 0
  taskPos: 119 taskId: 59 ETC: 2.03 priority: 0
  taskPos: 120 taskId: 956 ETC: 1.96 priority: 0
  taskPos: 121 taskId: 692 ETC: 2.17 priority: 0
  taskPos: 122 taskId: 456 ETC: 2.84 priority: 0
  taskPos: 123 taskId: 973 ETC: 2.55 priority: 0
  taskPos: 124 taskId: 379 ETC: 2.63 priority: 0
  taskPos: 125 taskId: 1010 ETC: 2.16 priority: 0
  taskPos: 126 taskId: 650 ETC: 2.59 priority: 0
  taskPos: 127 taskId: 845 ETC: 1.9 priority: 0
  taskPos: 128 taskId: 628 ETC: 2.18 priority: 0
  taskPos: 129 taskId: 1001 ETC: 1.7 priority: 0
  taskPos: 130 taskId: 853 ETC: 1.6 priority: 0
  taskPos: 131 taskId: 663 ETC: 3.35 priority: 0
  taskPos: 132 taskId: 608 ETC: 3.18 priority: 0
  taskPos: 133 taskId: 396 ETC: 1.99 priority: 0
  taskPos: 134 taskId: 691 ETC: 2.95 priority: 0
  taskPos: 135 taskId: 132 ETC: 3.09 priority: 0
  taskPos: 136 taskId: 901 ETC: 2.19 priority: 0
  taskPos: 137 taskId: 744 ETC: 2.35 priority: 0
  taskPos: 138 taskId: 310 ETC: 3.01 priority: 0
  taskPos: 139 taskId: 173 ETC: 2.2 priority: 0
  taskPos: 140 taskId: 588 ETC: 2.19 priority: 0
  taskPos: 141 taskId: 801 ETC: 2.26 priority: 0
  taskPos: 142 taskId: 469 ETC: 2.46 priority: 0
  taskPos: 143 taskId: 175 ETC: 3.38 priority: 0
  taskPos: 144 taskId: 68 ETC: 4.89 priority: 0
  taskPos: 145 taskId: 511 ETC: 2.67 priority: 0
  taskPos: 146 taskId: 737 ETC: 2.09 priority: 0
  taskPos: 147 taskId: 767 ETC: 2.57 priority: 0
  taskPos: 148 taskId: 492 ETC: 3.06 priority: 0
  taskPos: 149 taskId: 770 ETC: 2.15 priority: 0
  taskPos: 150 taskId: 166 ETC: 2.89 priority: 0
  taskPos: 151 taskId: 209 ETC: 5.1 priority: 0
  taskPos: 152 taskId: 274 ETC: 2.42 priority: 0
  taskPos: 153 taskId: 897 ETC: 2.52 priority: 0
  taskPos: 154 taskId: 924 ETC: 2.94 priority: 0
  taskPos: 155 taskId: 263 ETC: 4.03 priority: 0
  taskPos: 156 taskId: 96 ETC: 3.45 priority: 0
  taskPos: 157 taskId: 152 ETC: 4.88 priority: 0
  taskPos: 158 taskId: 323 ETC: 3.07 priority: 0
  taskPos: 159 taskId: 246 ETC: 3.43 priority: 0
  taskPos: 160 taskId: 74 ETC: 6.21 priority: 0
  taskPos: 161 taskId: 886 ETC: 2.56 priority: 0
  taskPos: 162 taskId: 133 ETC: 5.02 priority: 0
  taskPos: 163 taskId: 161 ETC: 3.91 priority: 0
  taskPos: 164 taskId: 170 ETC: 2.73 priority: 0
  taskPos: 165 taskId: 997 ETC: 3.11 priority: 0
  taskPos: 166 taskId: 355 ETC: 2.83 priority: 0
  taskPos: 167 taskId: 81 ETC: 3.41 priority: 0
  taskPos: 168 taskId: 232 ETC: 3.15 priority: 0
  taskPos: 169 taskId: 599 ETC: 3.87 priority: 0
  taskPos: 170 taskId: 76 ETC: 6.02 priority: 0
  taskPos: 171 taskId: 117 ETC: 4.65 priority: 0
  taskPos: 172 taskId: 272 ETC: 3.59 priority: 0
  taskPos: 173 taskId: 1020 ETC: 8.72 priority: 0
  taskPos: 174 taskId: 376 ETC: 2.73 priority: 0
  taskPos: 175 taskId: 121 ETC: 5.85 priority: 0
  taskPos: 176 taskId: 878 ETC: 4.44 priority: 0
  taskPos: 177 taskId: 625 ETC: 4 priority: 0
  taskPos: 178 taskId: 751 ETC: 3.74 priority: 0
  taskPos: 179 taskId: 546 ETC: 4.56 priority: 0
  taskPos: 180 taskId: 135 ETC: 5.25 priority: 0
  taskPos: 181 taskId: 591 ETC: 3.8 priority: 0
  taskPos: 182 taskId: 386 ETC: 5.2 priority: 0
  taskPos: 183 taskId: 583 ETC: 6.12 priority: 0
  taskPos: 184 taskId: 957 ETC: 3.16 priority: 0
  taskPos: 185 taskId: 131 ETC: 3.25 priority: 0
  taskPos: 186 taskId: 466 ETC: 5.48 priority: 0
  taskPos: 187 taskId: 231 ETC: 7.59 priority: 0
  taskPos: 188 taskId: 234 ETC: 3.95 priority: 0
  taskPos: 189 taskId: 245 ETC: 5.69 priority: 0
  taskPos: 190 taskId: 1016 ETC: 4.4 priority: 0
  taskPos: 191 taskId: 300 ETC: 5.89 priority: 0
  taskPos: 192 taskId: 390 ETC: 4.4 priority: 0
  taskPos: 193 taskId: 356 ETC: 6.96 priority: 0
  taskPos: 194 taskId: 668 ETC: 5.53 priority: 0
  taskPos: 195 taskId: 861 ETC: 4.07 priority: 0
  taskPos: 196 taskId: 270 ETC: 6.99 priority: 0
  taskPos: 197 taskId: 288 ETC: 7.56 priority: 0
  taskPos: 198 taskId: 954 ETC: 4.27 priority: 0
  taskPos: 199 taskId: 714 ETC: 4.68 priority: 0
  taskPos: 200 taskId: 685 ETC: 5.23 priority: 0
  taskPos: 201 taskId: 805 ETC: 4.92 priority: 0
  taskPos: 202 taskId: 436 ETC: 5.41 priority: 0
  taskPos: 203 taskId: 870 ETC: 4.55 priority: 0
  taskPos: 204 taskId: 415 ETC: 6.55 priority: 0
  taskPos: 205 taskId: 402 ETC: 6.98 priority: 0
  taskPos: 206 taskId: 869 ETC: 7.55 priority: 0
  taskPos: 207 taskId: 658 ETC: 3.58 priority: 0
  taskPos: 208 taskId: 587 ETC: 5.23 priority: 0
  taskPos: 209 taskId: 221 ETC: 5.6 priority: 0
  taskPos: 210 taskId: 651 ETC: 7.13 priority: 0
  taskPos: 211 taskId: 29 ETC: 7.98 priority: 0
  taskPos: 212 taskId: 474 ETC: 10.36 priority: 0
  taskPos: 213 taskId: 631 ETC: 8.31 priority: 0
  taskPos: 214 taskId: 43 ETC: 8.73 priority: 0
  taskPos: 215 taskId: 983 ETC: 6.48 priority: 0
  taskPos: 216 taskId: 701 ETC: 7.94 priority: 0
  taskPos: 217 taskId: 391 ETC: 8.38 priority: 0
  taskPos: 218 taskId: 835 ETC: 4.68 priority: 0
  taskPos: 219 taskId: 657 ETC: 9.6 priority: 0
  taskPos: 220 taskId: 442 ETC: 8.05 priority: 0
  taskPos: 221 taskId: 226 ETC: 7.51 priority: 0
  taskPos: 222 taskId: 479 ETC: 3.76 priority: 0
  taskPos: 223 taskId: 952 ETC: 6 priority: 0
  taskPos: 224 taskId: 358 ETC: 8.84 priority: 0
  taskPos: 225 taskId: 28 ETC: 9 priority: 0
  taskPos: 226 taskId: 339 ETC: 8.43 priority: 0
  taskPos: 227 taskId: 218 ETC: 10.59 priority: 0
  taskPos: 228 taskId: 667 ETC: 11.36 priority: 0
  taskPos: 229 taskId: 817 ETC: 6 priority: 0
  taskPos: 230 taskId: 265 ETC: 10.25 priority: 0
  taskPos: 231 taskId: 513 ETC: 11.91 priority: 0
  taskPos: 232 taskId: 280 ETC: 9.21 priority: 0
  taskPos: 233 taskId: 761 ETC: 5.96 priority: 0
  taskPos: 234 taskId: 740 ETC: 7.56 priority: 0
  taskPos: 235 taskId: 950 ETC: 7.93 priority: 0
  taskPos: 236 taskId: 865 ETC: 7.17 priority: 0
  taskPos: 237 taskId: 424 ETC: 7.92 priority: 0
  taskPos: 238 taskId: 1015 ETC: 6.05 priority: 0
  taskPos: 239 taskId: 448 ETC: 11.25 priority: 0
  taskPos: 240 taskId: 864 ETC: 6.87 priority: 0
  taskPos: 241 taskId: 688 ETC: 12.66 priority: 0
  taskPos: 242 taskId: 504 ETC: 8.2 priority: 0
  taskPos: 243 taskId: 557 ETC: 9.58 priority: 0
  taskPos: 244 taskId: 826 ETC: 10.14 priority: 0
  taskPos: 245 taskId: 931 ETC: 4.84 priority: 0
  taskPos: 246 taskId: 966 ETC: 9.95 priority: 0
  taskPos: 247 taskId: 539 ETC: 12.47 priority: 0
  taskPos: 248 taskId: 994 ETC: 8.9 priority: 0
  taskPos: 249 taskId: 939 ETC: 8.41 priority: 0
  taskPos: 250 taskId: 403 ETC: 11.65 priority: 0
  taskPos: 251 taskId: 357 ETC: 10.5 priority: 0
  taskPos: 252 taskId: 695 ETC: 9.84 priority: 0
  taskPos: 253 taskId: 1018 ETC: 8.89 priority: 0
  taskPos: 254 taskId: 48 ETC: 21.63 priority: 0
  taskPos: 255 taskId: 629 ETC: 10.65 priority: 0
  taskPos: 256 taskId: 484 ETC: 9.16 priority: 0
  taskPos: 257 taskId: 841 ETC: 8.68 priority: 0
  taskPos: 258 taskId: 426 ETC: 14.5 priority: 0
  taskPos: 259 taskId: 975 ETC: 11.84 priority: 0
  taskPos: 260 taskId: 98 ETC: 15.5 priority: 0
  taskPos: 261 taskId: 431 ETC: 11.32 priority: 0
  taskPos: 262 taskId: 670 ETC: 11.32 priority: 0
  taskPos: 263 taskId: 990 ETC: 9.83 priority: 0
  taskPos: 264 taskId: 194 ETC: 14.05 priority: 0
  taskPos: 265 taskId: 615 ETC: 11.77 priority: 0
  taskPos: 266 taskId: 874 ETC: 6.99 priority: 0
  taskPos: 267 taskId: 462 ETC: 10.48 priority: 0
  taskPos: 268 taskId: 381 ETC: 2.87 priority: 0
  taskPos: 269 taskId: 684 ETC: 13.58 priority: 0
  taskPos: 270 taskId: 575 ETC: 29.28 priority: 0
  taskPos: 271 taskId: 741 ETC: 18.77 priority: 0
  taskPos: 272 taskId: 1019 ETC: 6.16 priority: 0
  taskPos: 273 taskId: 763 ETC: 11.59 priority: 0
  taskPos: 274 taskId: 555 ETC: 19.9 priority: 0
  taskPos: 275 taskId: 613 ETC: 15.74 priority: 0
  taskPos: 276 taskId: 662 ETC: 33.12 priority: 0
  taskPos: 277 taskId: 913 ETC: 19.72 priority: 0
  taskPos: 278 taskId: 284 ETC: 17.52 priority: 0
  taskPos: 279 taskId: 598 ETC: 16.54 priority: 0
  taskPos: 280 taskId: 487 ETC: 12.12 priority: 0
  taskPos: 281 taskId: 380 ETC: 13.82 priority: 0
  taskPos: 282 taskId: 645 ETC: 10.77 priority: 0
  taskPos: 283 taskId: 947 ETC: 10.09 priority: 0
  taskPos: 284 taskId: 872 ETC: 9.95 priority: 0
  taskPos: 285 taskId: 452 ETC: 10.96 priority: 0
  taskPos: 286 taskId: 250 ETC: 29.58 priority: 0
  taskPos: 287 taskId: 321 ETC: 17.87 priority: 0
  taskPos: 288 taskId: 428 ETC: 16.58 priority: 0
  taskPos: 289 taskId: 275 ETC: 16.5 priority: 0
  taskPos: 290 taskId: 181 ETC: 22.63 priority: 0
  taskPos: 291 taskId: 327 ETC: 21.29 priority: 0
  taskPos: 292 taskId: 97 ETC: 43.64 priority: 0
  taskPos: 293 taskId: 236 ETC: 37.81 priority: 0
  taskPos: 294 taskId: 471 ETC: 23.01 priority: 0
  taskPos: 295 taskId: 104 ETC: 17.58 priority: 0
  taskPos: 296 taskId: 850 ETC: 12.61 priority: 0
  taskPos: 297 taskId: 698 ETC: 14.49 priority: 0
  taskPos: 298 taskId: 255 ETC: 24.17 priority: 0
  taskPos: 299 taskId: 548 ETC: 15.92 priority: 0
  taskPos: 300 taskId: 561 ETC: 15.23 priority: 0
  taskPos: 301 taskId: 863 ETC: 8.62 priority: 0
  taskPos: 302 taskId: 266 ETC: 48.09 priority: 0
  taskPos: 303 taskId: 174 ETC: 25.41 priority: 0
  taskPos: 304 taskId: 776 ETC: 13.64 priority: 0
  taskPos: 305 taskId: 610 ETC: 15.75 priority: 0
  taskPos: 306 taskId: 989 ETC: 25.56 priority: 0
  taskPos: 307 taskId: 168 ETC: 36.25 priority: 0
  taskPos: 308 taskId: 597 ETC: 16.91 priority: 0
  taskPos: 309 taskId: 592 ETC: 114.73 priority: 0
  taskPos: 310 taskId: 367 ETC: 34.59 priority: 0
  taskPos: 311 taskId: 972 ETC: 20.34 priority: 0
  taskPos: 312 taskId: 408 ETC: 24.47 priority: 0
  taskPos: 313 taskId: 880 ETC: 22.5 priority: 0
  taskPos: 314 taskId: 632 ETC: 24.93 priority: 0
  taskPos: 315 taskId: 217 ETC: 24.19 priority: 0
  taskPos: 316 taskId: 915 ETC: 14.19 priority: 0
  taskPos: 317 taskId: 758 ETC: 63.76 priority: 0
  taskPos: 318 taskId: 855 ETC: 34.59 priority: 0
  taskPos: 319 taskId: 1011 ETC: 30.13 priority: 0
  taskPos: 320 taskId: 261 ETC: 21.68 priority: 0
> machineId: 1
  taskPos: 0 taskId: 470 ETC: 0.82 priority: 0
  taskPos: 1 taskId: 501 ETC: 0.55 priority: 0
  taskPos: 2 taskId: 103 ETC: 0.51 priority: 0
  taskPos: 3 taskId: 784 ETC: 0.22 priority: 0
  taskPos: 4 taskId: 982 ETC: 0.05 priority: 0
  taskPos: 5 taskId: 383 ETC: 0.26 priority: 0
  taskPos: 6 taskId: 690 ETC: 0.03 priority: 0
  taskPos: 7 taskId: 562 ETC: 0.17 priority: 0
  taskPos: 8 taskId: 699 ETC: 0.89 priority: 0
  taskPos: 9 taskId: 686 ETC: 0.61 priority: 0
  taskPos: 10 taskId: 640 ETC: 0.68 priority: 0
  taskPos: 11 taskId: 904 ETC: 1.19 priority: 0
  taskPos: 12 taskId: 963 ETC: 0.58 priority: 0
  taskPos: 13 taskId: 105 ETC: 0.09 priority: 0
  taskPos: 14 taskId: 55 ETC: 1.01 priority: 0
  taskPos: 15 taskId: 207 ETC: 1.5 priority: 0
  taskPos: 16 taskId: 521 ETC: 1.58 priority: 0
  taskPos: 17 taskId: 887 ETC: 0.94 priority: 0
  taskPos: 18 taskId: 72 ETC: 3.02 priority: 0
  taskPos: 19 taskId: 794 ETC: 1.13 priority: 0
  taskPos: 20 taskId: 90 ETC: 3.4 priority: 0
  taskPos: 21 taskId: 985 ETC: 2.65 priority: 0
  taskPos: 22 taskId: 971 ETC: 10.61 priority: 0
  taskPos: 23 taskId: 519 ETC: 2.25 priority: 0
  taskPos: 24 taskId: 974 ETC: 2.37 priority: 0
  taskPos: 25 taskId: 157 ETC: 1.06 priority: 0
  taskPos: 26 taskId: 88 ETC: 1.87 priority: 0
  taskPos: 27 taskId: 558 ETC: 1.21 priority: 0
  taskPos: 28 taskId: 515 ETC: 1.96 priority: 0
  taskPos: 29 taskId: 1007 ETC: 3.3 priority: 0
  taskPos: 30 taskId: 459 ETC: 1.01 priority: 0
  taskPos: 31 taskId: 348 ETC: 3.71 priority: 0
  taskPos: 32 taskId: 526 ETC: 1.42 priority: 0
  taskPos: 33 taskId: 813 ETC: 3.35 priority: 0
  taskPos: 34 taskId: 216 ETC: 3.37 priority: 0
  taskPos: 35 taskId: 451 ETC: 2.04 priority: 0
  taskPos: 36 taskId: 453 ETC: 2.57 priority: 0
  taskPos: 37 taskId: 536 ETC: 3.4 priority: 0
  taskPos: 38 taskId: 419 ETC: 5.7 priority: 0
  taskPos: 39 taskId: 52 ETC: 2.1 priority: 0
  taskPos: 40 taskId: 107 ETC: 3.02 priority: 0
  taskPos: 41 taskId: 885 ETC: 5.86 priority: 0
  taskPos: 42 taskId: 623 ETC: 6.16 priority: 0
  taskPos: 43 taskId: 30 ETC: 5.41 priority: 0
  taskPos: 44 taskId: 802 ETC: 6.68 priority: 0
  taskPos: 45 taskId: 340 ETC: 4.1 priority: 0
  taskPos: 46 taskId: 27 ETC: 4.66 priority: 0
  taskPos: 47 taskId: 79 ETC: 4.1 priority: 0
  taskPos: 48 taskId: 953 ETC: 4.16 priority: 0
  taskPos: 49 taskId: 95 ETC: 5.5 priority: 0
  taskPos: 50 taskId: 420 ETC: 3.12 priority: 0
  taskPos: 51 taskId: 18 ETC: 8.26 priority: 0
  taskPos: 52 taskId: 916 ETC: 8.51 priority: 0
  taskPos: 53 taskId: 804 ETC: 6.06 priority: 0
  taskPos: 54 taskId: 637 ETC: 5.61 priority: 0
  taskPos: 55 taskId: 491 ETC: 6.62 priority: 0
  taskPos: 56 taskId: 544 ETC: 7.83 priority: 0
  taskPos: 57 taskId: 528 ETC: 6.52 priority: 0
  taskPos: 58 taskId: 21 ETC: 5.09 priority: 0
  taskPos: 59 taskId: 1008 ETC: 8.1 priority: 0
  taskPos: 60 taskId: 871 ETC: 7.7 priority: 0
  taskPos: 61 taskId: 943 ETC: 3.66 priority: 0
  taskPos: 62 taskId: 316 ETC: 24.42 priority: 0
  taskPos: 63 taskId: 728 ETC: 6.19 priority: 0
  taskPos: 64 taskId: 184 ETC: 7.43 priority: 0
  taskPos: 65 taskId: 54 ETC: 5.56 priority: 0
  taskPos: 66 taskId: 993 ETC: 8.02 priority: 0
  taskPos: 67 taskId: 793 ETC: 16.57 priority: 0
  taskPos: 68 taskId: 508 ETC: 7.9 priority: 0
  taskPos: 69 taskId: 334 ETC: 9.7 priority: 0
  taskPos: 70 taskId: 589 ETC: 13.21 priority: 0
  taskPos: 71 taskId: 349 ETC: 8.92 priority: 0
  taskPos: 72 taskId: 290 ETC: 17.28 priority: 0
  taskPos: 73 taskId: 706 ETC: 9.5 priority: 0
  taskPos: 74 taskId: 926 ETC: 11.76 priority: 0
  taskPos: 75 taskId: 292 ETC: 12.48 priority: 0
  taskPos: 76 taskId: 444 ETC: 9.38 priority: 0
  taskPos: 77 taskId: 384 ETC: 10.62 priority: 0
  taskPos: 78 taskId: 338 ETC: 9.12 priority: 0
  taskPos: 79 taskId: 410 ETC: 11.76 priority: 0
  taskPos: 80 taskId: 949 ETC: 9.12 priority: 0
  taskPos: 81 taskId: 736 ETC: 15.74 priority: 0
  taskPos: 82 taskId: 220 ETC: 12.05 priority: 0
  taskPos: 83 taskId: 472 ETC: 13.42 priority: 0
  taskPos: 84 taskId: 163 ETC: 15.37 priority: 0
  taskPos: 85 taskId: 537 ETC: 13.25 priority: 0
  taskPos: 86 taskId: 843 ETC: 20.59 priority: 0
  taskPos: 87 taskId: 648 ETC: 9.86 priority: 0
  taskPos: 88 taskId: 332 ETC: 16.63 priority: 0
  taskPos: 89 taskId: 689 ETC: 17.17 priority: 0
  taskPos: 90 taskId: 106 ETC: 8.75 priority: 0
  taskPos: 91 taskId: 397 ETC: 11.79 priority: 0
  taskPos: 92 taskId: 783 ETC: 19.56 priority: 0
  taskPos: 93 taskId: 567 ETC: 16.97 priority: 0
  taskPos: 94 taskId: 150 ETC: 21.81 priority: 0
  taskPos: 95 taskId: 694 ETC: 12.46 priority: 0
  taskPos: 96 taskId: 646 ETC: 9.88 priority: 0
  taskPos: 97 taskId: 438 ETC: 18.57 priority: 0
  taskPos: 98 taskId: 78 ETC: 55.59 priority: 0
  taskPos: 99 taskId: 977 ETC: 18.71 priority: 0
  taskPos: 100 taskId: 146 ETC: 16.26 priority: 0
  taskPos: 101 taskId: 497 ETC: 34.94 priority: 0
  taskPos: 102 taskId: 127 ETC: 24.19 priority: 0
  taskPos: 103 taskId: 427 ETC: 22.03 priority: 0
  taskPos: 104 taskId: 840 ETC: 23.09 priority: 0
  taskPos: 105 taskId: 33 ETC: 22.09 priority: 0
  taskPos: 106 taskId: 320 ETC: 23.64 priority: 0
  taskPos: 107 taskId: 533 ETC: 25.36 priority: 0
  taskPos: 108 taskId: 162 ETC: 12.94 priority: 0
  taskPos: 109 taskId: 665 ETC: 14.06 priority: 0
  taskPos: 110 taskId: 319 ETC: 22.58 priority: 0
  taskPos: 111 taskId: 868 ETC: 22.69 priority: 0
  taskPos: 112 taskId: 44 ETC: 24.07 priority: 0
  taskPos: 113 taskId: 365 ETC: 33.94 priority: 0
  taskPos: 114 taskId: 260 ETC: 34.12 priority: 0
  taskPos: 115 taskId: 780 ETC: 38.43 priority: 0
  taskPos: 116 taskId: 1014 ETC: 24.75 priority: 0
  taskPos: 117 taskId: 534 ETC: 36.81 priority: 0
  taskPos: 118 taskId: 818 ETC: 31.94 priority: 0
  taskPos: 119 taskId: 509 ETC: 32.36 priority: 0
  taskPos: 120 taskId: 171 ETC: 33.5 priority: 0
  taskPos: 121 taskId: 765 ETC: 28.87 priority: 0
  taskPos: 122 taskId: 441 ETC: 24.5 priority: 0
  taskPos: 123 taskId: 655 ETC: 27.49 priority: 0
  taskPos: 124 taskId: 643 ETC: 26.8 priority: 0
  taskPos: 125 taskId: 641 ETC: 29.74 priority: 0
  taskPos: 126 taskId: 721 ETC: 59.24 priority: 0
  taskPos: 127 taskId: 341 ETC: 63.05 priority: 0
  taskPos: 128 taskId: 407 ETC: 39.66 priority: 0
  taskPos: 129 taskId: 154 ETC: 36.83 priority: 0
  taskPos: 130 taskId: 884 ETC: 26.18 priority: 0
  taskPos: 131 taskId: 529 ETC: 37.38 priority: 0
  taskPos: 132 taskId: 465 ETC: 42.82 priority: 0
  taskPos: 133 taskId: 75 ETC: 44.06 priority: 0
  taskPos: 134 taskId: 11 ETC: 39.87 priority: 0
  taskPos: 135 taskId: 720 ETC: 53.26 priority: 0
  taskPos: 136 taskId: 301 ETC: 32.99 priority: 0
  taskPos: 137 taskId: 354 ETC: 35.38 priority: 0
  taskPos: 138 taskId: 417 ETC: 51.9 priority: 0
  taskPos: 139 taskId: 84 ETC: 28.13 priority: 0
  taskPos: 140 taskId: 325 ETC: 53.39 priority: 0
  taskPos: 141 taskId: 803 ETC: 43.59 priority: 0
  taskPos: 142 taskId: 373 ETC: 56.11 priority: 0
  taskPos: 143 taskId: 777 ETC: 71.89 priority: 0
> machineId: 2
  taskPos: 0 taskId: 806 ETC: 0.41 priority: 0
  taskPos: 1 taskId: 481 ETC: 2.71 priority: 0
  taskPos: 2 taskId: 859 ETC: 0.54 priority: 0
  taskPos: 3 taskId: 128 ETC: 4.07 priority: 0
  taskPos: 4 taskId: 862 ETC: 1.35 priority: 0
  taskPos: 5 taskId: 423 ETC: 4.85 priority: 0
  taskPos: 6 taskId: 605 ETC: 4.24 priority: 0
  taskPos: 7 taskId: 718 ETC: 2.59 priority: 0
  taskPos: 8 taskId: 851 ETC: 1.52 priority: 0
  taskPos: 9 taskId: 659 ETC: 1.85 priority: 0
  taskPos: 10 taskId: 229 ETC: 1.57 priority: 0
  taskPos: 11 taskId: 732 ETC: 2.16 priority: 0
  taskPos: 12 taskId: 564 ETC: 0.24 priority: 0
  taskPos: 13 taskId: 512 ETC: 8.38 priority: 0
  taskPos: 14 taskId: 257 ETC: 4.84 priority: 0
  taskPos: 15 taskId: 66 ETC: 8.65 priority: 0
  taskPos: 16 taskId: 680 ETC: 2.2 priority: 0
  taskPos: 17 taskId: 815 ETC: 0.65 priority: 0
  taskPos: 18 taskId: 675 ETC: 24.37 priority: 0
  taskPos: 19 taskId: 729 ETC: 6.48 priority: 0
  taskPos: 20 taskId: 160 ETC: 14.16 priority: 0
  taskPos: 21 taskId: 302 ETC: 7.22 priority: 0
  taskPos: 22 taskId: 130 ETC: 6.06 priority: 0
  taskPos: 23 taskId: 15 ETC: 6.6 priority: 0
  taskPos: 24 taskId: 590 ETC: 10.47 priority: 0
  taskPos: 25 taskId: 188 ETC: 8.92 priority: 0
  taskPos: 26 taskId: 136 ETC: 4.75 priority: 0
  taskPos: 27 taskId: 540 ETC: 6.64 priority: 0
  taskPos: 28 taskId: 582 ETC: 6.6 priority: 0
  taskPos: 29 taskId: 262 ETC: 15.29 priority: 0
  taskPos: 30 taskId: 370 ETC: 14.03 priority: 0
  taskPos: 31 taskId: 206 ETC: 17.89 priority: 0
  taskPos: 32 taskId: 551 ETC: 9.52 priority: 0
  taskPos: 33 taskId: 313 ETC: 15.35 priority: 0
  taskPos: 34 taskId: 889 ETC: 12.77 priority: 0
  taskPos: 35 taskId: 19 ETC: 13.45 priority: 0
  taskPos: 36 taskId: 779 ETC: 19.74 priority: 0
  taskPos: 37 taskId: 200 ETC: 12.87 priority: 0
  taskPos: 38 taskId: 550 ETC: 14.45 priority: 0
  taskPos: 39 taskId: 981 ETC: 26.28 priority: 0
  taskPos: 40 taskId: 664 ETC: 16.14 priority: 0
  taskPos: 41 taskId: 683 ETC: 24.11 priority: 0
  taskPos: 42 taskId: 654 ETC: 20.35 priority: 0
  taskPos: 43 taskId: 1022 ETC: 8.88 priority: 0
  taskPos: 44 taskId: 948 ETC: 18.03 priority: 0
  taskPos: 45 taskId: 586 ETC: 19.81 priority: 0
  taskPos: 46 taskId: 400 ETC: 13.7 priority: 0
  taskPos: 47 taskId: 377 ETC: 32.35 priority: 0
  taskPos: 48 taskId: 962 ETC: 34.67 priority: 0
  taskPos: 49 taskId: 565 ETC: 11.36 priority: 0
  taskPos: 50 taskId: 286 ETC: 21.29 priority: 0
  taskPos: 51 taskId: 392 ETC: 38.62 priority: 0
  taskPos: 52 taskId: 398 ETC: 17.15 priority: 0
  taskPos: 53 taskId: 572 ETC: 20.78 priority: 0
  taskPos: 54 taskId: 17 ETC: 21.01 priority: 0
  taskPos: 55 taskId: 976 ETC: 25.45 priority: 0
  taskPos: 56 taskId: 836 ETC: 27.58 priority: 0
  taskPos: 57 taskId: 961 ETC: 41.66 priority: 0
  taskPos: 58 taskId: 435 ETC: 25.24 priority: 0
  taskPos: 59 taskId: 26 ETC: 28.92 priority: 0
  taskPos: 60 taskId: 867 ETC: 36.11 priority: 0
  taskPos: 61 taskId: 942 ETC: 21.69 priority: 0
  taskPos: 62 taskId: 988 ETC: 46.12 priority: 0
  taskPos: 63 taskId: 461 ETC: 36.28 priority: 0
  taskPos: 64 taskId: 251 ETC: 36.06 priority: 0
  taskPos: 65 taskId: 40 ETC: 22.21 priority: 0
  taskPos: 66 taskId: 256 ETC: 37.06 priority: 0
  taskPos: 67 taskId: 165 ETC: 41.09 priority: 0
  taskPos: 68 taskId: 182 ETC: 29.42 priority: 0
  taskPos: 69 taskId: 37 ETC: 45.04 priority: 0
  taskPos: 70 taskId: 149 ETC: 76.57 priority: 0
  taskPos: 71 taskId: 203 ETC: 57.79 priority: 0
  taskPos: 72 taskId: 834 ETC: 36.16 priority: 0
  taskPos: 73 taskId: 464 ETC: 54.79 priority: 0
  taskPos: 74 taskId: 401 ETC: 50.94 priority: 0
  taskPos: 75 taskId: 846 ETC: 27.66 priority: 0
  taskPos: 76 taskId: 774 ETC: 58.56 priority: 0
  taskPos: 77 taskId: 532 ETC: 48.32 priority: 0
  taskPos: 78 taskId: 762 ETC: 96.2 priority: 0
  taskPos: 79 taskId: 101 ETC: 86.65 priority: 0
  taskPos: 80 taskId: 708 ETC: 75.41 priority: 0
  taskPos: 81 taskId: 368 ETC: 41.15 priority: 0
  taskPos: 82 taskId: 727 ETC: 86.93 priority: 0
  taskPos: 83 taskId: 649 ETC: 57.29 priority: 0
  taskPos: 84 taskId: 269 ETC: 73.4 priority: 0
  taskPos: 85 taskId: 730 ETC: 62.55 priority: 0
  taskPos: 86 taskId: 893 ETC: 95.44 priority: 0
> machineId: 3
  taskPos: 0 taskId: 775 ETC: 0.49 priority: 0
  taskPos: 1 taskId: 333 ETC: 1.03 priority: 0
  taskPos: 2 taskId: 964 ETC: 2.53 priority: 0
  taskPos: 3 taskId: 756 ETC: 4.05 priority: 0
  taskPos: 4 taskId: 100 ETC: 13.68 priority: 0
  taskPos: 5 taskId: 525 ETC: 0.03 priority: 0
  taskPos: 6 taskId: 547 ETC: 3.87 priority: 0
  taskPos: 7 taskId: 463 ETC: 1.78 priority: 0
  taskPos: 8 taskId: 523 ETC: 11.68 priority: 0
  taskPos: 9 taskId: 283 ETC: 8.32 priority: 0
  taskPos: 10 taskId: 820 ETC: 8.42 priority: 0
  taskPos: 11 taskId: 541 ETC: 3 priority: 0
  taskPos: 12 taskId: 611 ETC: 5.6 priority: 0
  taskPos: 13 taskId: 108 ETC: 2.32 priority: 0
  taskPos: 14 taskId: 987 ETC: 12.14 priority: 0
  taskPos: 15 taskId: 609 ETC: 7.25 priority: 0
  taskPos: 16 taskId: 287 ETC: 7.66 priority: 0
  taskPos: 17 taskId: 138 ETC: 5.83 priority: 0
  taskPos: 18 taskId: 125 ETC: 17.41 priority: 0
  taskPos: 19 taskId: 933 ETC: 15.14 priority: 0
  taskPos: 20 taskId: 164 ETC: 24.47 priority: 0
  taskPos: 21 taskId: 676 ETC: 13.79 priority: 0
  taskPos: 22 taskId: 353 ETC: 6.25 priority: 0
  taskPos: 23 taskId: 49 ETC: 6.41 priority: 0
  taskPos: 24 taskId: 812 ETC: 16.85 priority: 0
  taskPos: 25 taskId: 385 ETC: 24.23 priority: 0
  taskPos: 26 taskId: 849 ETC: 14.13 priority: 0
  taskPos: 27 taskId: 790 ETC: 17.07 priority: 0
  taskPos: 28 taskId: 522 ETC: 19.84 priority: 0
  taskPos: 29 taskId: 553 ETC: 16.36 priority: 0
  taskPos: 30 taskId: 281 ETC: 44.64 priority: 0
  taskPos: 31 taskId: 703 ETC: 18.19 priority: 0
  taskPos: 32 taskId: 336 ETC: 23.79 priority: 0
  taskPos: 33 taskId: 634 ETC: 25.09 priority: 0
  taskPos: 34 taskId: 186 ETC: 31.65 priority: 0
  taskPos: 35 taskId: 896 ETC: 16.84 priority: 0
  taskPos: 36 taskId: 787 ETC: 39.02 priority: 0
  taskPos: 37 taskId: 866 ETC: 47.3 priority: 0
  taskPos: 38 taskId: 211 ETC: 37.51 priority: 0
  taskPos: 39 taskId: 620 ETC: 34.96 priority: 0
  taskPos: 40 taskId: 1 ETC: 24.28 priority: 0
  taskPos: 41 taskId: 636 ETC: 45.78 priority: 0
  taskPos: 42 taskId: 626 ETC: 33.78 priority: 0
  taskPos: 43 taskId: 328 ETC: 42.38 priority: 0
  taskPos: 44 taskId: 99 ETC: 51.8 priority: 0
  taskPos: 45 taskId: 507 ETC: 48.45 priority: 0
  taskPos: 46 taskId: 153 ETC: 31.36 priority: 0
  taskPos: 47 taskId: 800 ETC: 39.98 priority: 0
  taskPos: 48 taskId: 959 ETC: 54.07 priority: 0
  taskPos: 49 taskId: 1009 ETC: 75.67 priority: 0
  taskPos: 50 taskId: 700 ETC: 63.62 priority: 0
  taskPos: 51 taskId: 895 ETC: 34.19 priority: 0
  taskPos: 52 taskId: 584 ETC: 115.39 priority: 0
  taskPos: 53 taskId: 432 ETC: 132.59 priority: 0
  taskPos: 54 taskId: 1003 ETC: 39.5 priority: 0
  taskPos: 55 taskId: 1013 ETC: 59.03 priority: 0
  taskPos: 56 taskId: 789 ETC: 52.53 priority: 0
  taskPos: 57 taskId: 87 ETC: 72.68 priority: 0
  taskPos: 58 taskId: 1021 ETC: 67.62 priority: 0
  taskPos: 59 taskId: 291 ETC: 74.31 priority: 0
  taskPos: 60 taskId: 468 ETC: 213.98 priority: 0
  taskPos: 61 taskId: 277 ETC: 29.69 priority: 0
  taskPos: 62 taskId: 278 ETC: 123.81 priority: 0
  taskPos: 63 taskId: 712 ETC: 89.58 priority: 0
> machineId: 4
  taskPos: 0 taskId: 711 ETC: 4.8 priority: 0
  taskPos: 1 taskId: 900 ETC: 5.65 priority: 0
  taskPos: 2 taskId: 748 ETC: 3.29 priority: 0
  taskPos: 3 taskId: 178 ETC: 7.57 priority: 0
  taskPos: 4 taskId: 258 ETC: 1.53 priority: 0
  taskPos: 5 taskId: 578 ETC: 9.53 priority: 0
  taskPos: 6 taskId: 318 ETC: 2.67 priority: 0
  taskPos: 7 taskId: 314 ETC: 13.34 priority: 0
  taskPos: 8 taskId: 808 ETC: 15.85 priority: 0
  taskPos: 9 taskId: 524 ETC: 20.27 priority: 0
  taskPos: 10 taskId: 142 ETC: 39.94 priority: 0
  taskPos: 11 taskId: 527 ETC: 18.16 priority: 0
  taskPos: 12 taskId: 372 ETC: 23.53 priority: 0
  taskPos: 13 taskId: 264 ETC: 25.73 priority: 0
  taskPos: 14 taskId: 827 ETC: 20.67 priority: 0
  taskPos: 15 taskId: 873 ETC: 13.84 priority: 0
  taskPos: 16 taskId: 418 ETC: 47.04 priority: 0
  taskPos: 17 taskId: 282 ETC: 39.47 priority: 0
  taskPos: 18 taskId: 768 ETC: 12.49 priority: 0
  taskPos: 19 taskId: 724 ETC: 31.5 priority: 0
  taskPos: 20 taskId: 935 ETC: 58.92 priority: 0
  taskPos: 21 taskId: 531 ETC: 54.46 priority: 0
  taskPos: 22 taskId: 324 ETC: 67.59 priority: 0
  taskPos: 23 taskId: 569 ETC: 30.11 priority: 0
  taskPos: 24 taskId: 757 ETC: 38.35 priority: 0
  taskPos: 25 taskId: 201 ETC: 123.76 priority: 0
  taskPos: 26 taskId: 285 ETC: 86.01 priority: 0
  taskPos: 27 taskId: 208 ETC: 99.59 priority: 0
  taskPos: 28 taskId: 94 ETC: 146.27 priority: 0
  taskPos: 29 taskId: 876 ETC: 42.2 priority: 0
  taskPos: 30 taskId: 503 ETC: 32.53 priority: 0
  taskPos: 31 taskId: 731 ETC: 99.94 priority: 0
  taskPos: 32 taskId: 759 ETC: 46.11 priority: 0
  taskPos: 33 taskId: 267 ETC: 48.7 priority: 0
  taskPos: 34 taskId: 268 ETC: 100.28 priority: 0
  taskPos: 35 taskId: 5 ETC: 15.16 priority: 0
  taskPos: 36 taskId: 653 ETC: 84.14 priority: 0
  taskPos: 37 taskId: 960 ETC: 51.97 priority: 0
  taskPos: 38 taskId: 252 ETC: 67.62 priority: 0
  taskPos: 39 taskId: 124 ETC: 81.57 priority: 0
  taskPos: 40 taskId: 722 ETC: 63.77 priority: 0
  taskPos: 41 taskId: 172 ETC: 76.9 priority: 0
  taskPos: 42 taskId: 110 ETC: 75.61 priority: 0
  taskPos: 43 taskId: 308 ETC: 159.65 priority: 0
  taskPos: 44 taskId: 123 ETC: 135.5 priority: 0
> machineId: 5
  taskPos: 0 taskId: 1012 ETC: 2.99 priority: 0
  taskPos: 1 taskId: 606 ETC: 14.9 priority: 0
  taskPos: 2 taskId: 259 ETC: 2.17 priority: 0
  taskPos: 3 taskId: 404 ETC: 11.45 priority: 0
  taskPos: 4 taskId: 58 ETC: 10.76 priority: 0
  taskPos: 5 taskId: 630 ETC: 31.21 priority: 0
  taskPos: 6 taskId: 875 ETC: 8.22 priority: 0
  taskPos: 7 taskId: 437 ETC: 18.29 priority: 0
  taskPos: 8 taskId: 116 ETC: 42.75 priority: 0
  taskPos: 9 taskId: 279 ETC: 5.47 priority: 0
  taskPos: 10 taskId: 788 ETC: 21.74 priority: 0
  taskPos: 11 taskId: 574 ETC: 30.39 priority: 0
  taskPos: 12 taskId: 294 ETC: 1.03 priority: 0
  taskPos: 13 taskId: 51 ETC: 48.85 priority: 0
  taskPos: 14 taskId: 852 ETC: 23.26 priority: 0
  taskPos: 15 taskId: 253 ETC: 34.54 priority: 0
  taskPos: 16 taskId: 934 ETC: 75.67 priority: 0
  taskPos: 17 taskId: 838 ETC: 35.22 priority: 0
  taskPos: 18 taskId: 362 ETC: 82.22 priority: 0
  taskPos: 19 taskId: 299 ETC: 58.74 priority: 0
  taskPos: 20 taskId: 317 ETC: 49.72 priority: 0
  taskPos: 21 taskId: 429 ETC: 41.62 priority: 0
  taskPos: 22 taskId: 1017 ETC: 15.69 priority: 0
  taskPos: 23 taskId: 891 ETC: 44.82 priority: 0
  taskPos: 24 taskId: 335 ETC: 77 priority: 0
  taskPos: 25 taskId: 796 ETC: 66.97 priority: 0
  taskPos: 26 taskId: 749 ETC: 117.13 priority: 0
  taskPos: 27 taskId: 602 ETC: 92.25 priority: 0
  taskPos: 28 taskId: 409 ETC: 72.49 priority: 0
  taskPos: 29 taskId: 991 ETC: 143.25 priority: 0
  taskPos: 30 taskId: 535 ETC: 162.19 priority: 0
  taskPos: 31 taskId: 725 ETC: 96.68 priority: 0
  taskPos: 32 taskId: 359 ETC: 101.36 priority: 0
  taskPos: 33 taskId: 627 ETC: 61.53 priority: 0
  taskPos: 34 taskId: 940 ETC: 214.72 priority: 0
  taskPos: 35 taskId: 71 ETC: 151.91 priority: 0
  taskPos: 36 taskId: 230 ETC: 86.42 priority: 0
> machineId: 6
  taskPos: 0 taskId: 635 ETC: 1.58 priority: 0
  taskPos: 1 taskId: 760 ETC: 41.08 priority: 0
  taskPos: 2 taskId: 118 ETC: 41.62 priority: 0
  taskPos: 3 taskId: 305 ETC: 1.46 priority: 0
  taskPos: 4 taskId: 242 ETC: 9.91 priority: 0
  taskPos: 5 taskId: 198 ETC: 55.43 priority: 0
  taskPos: 6 taskId: 938 ETC: 44.68 priority: 0
  taskPos: 7 taskId: 147 ETC: 13.37 priority: 0
  taskPos: 8 taskId: 57 ETC: 71.27 priority: 0
  taskPos: 9 taskId: 494 ETC: 36.71 priority: 0
  taskPos: 10 taskId: 601 ETC: 7.3 priority: 0
  taskPos: 11 taskId: 102 ETC: 29.76 priority: 0
  taskPos: 12 taskId: 10 ETC: 16.64 priority: 0
  taskPos: 13 taskId: 145 ETC: 46.58 priority: 0
  taskPos: 14 taskId: 899 ETC: 85.74 priority: 0
  taskPos: 15 taskId: 439 ETC: 16.11 priority: 0
  taskPos: 16 taskId: 918 ETC: 57.17 priority: 0
  taskPos: 17 taskId: 778 ETC: 133.91 priority: 0
  taskPos: 18 taskId: 882 ETC: 83.41 priority: 0
  taskPos: 19 taskId: 197 ETC: 16.33 priority: 0
  taskPos: 20 taskId: 295 ETC: 88 priority: 0
  taskPos: 21 taskId: 460 ETC: 110.84 priority: 0
  taskPos: 22 taskId: 189 ETC: 104.08 priority: 0
  taskPos: 23 taskId: 995 ETC: 126.36 priority: 0
  taskPos: 24 taskId: 773 ETC: 52.61 priority: 0
  taskPos: 25 taskId: 825 ETC: 104.09 priority: 0
  taskPos: 26 taskId: 34 ETC: 192.5 priority: 0
  taskPos: 27 taskId: 560 ETC: 149.93 priority: 0
  taskPos: 28 taskId: 566 ETC: 24.02 priority: 0
  taskPos: 29 taskId: 46 ETC: 97.44 priority: 0
  taskPos: 30 taskId: 45 ETC: 82.43 priority: 0
  taskPos: 31 taskId: 134 ETC: 25.96 priority: 0
  taskPos: 32 taskId: 693 ETC: 97.3 priority: 0
  taskPos: 33 taskId: 73 ETC: 181.64 priority: 0
> machineId: 7
  taskPos: 0 taskId: 858 ETC: 2.74 priority: 0
  taskPos: 1 taskId: 222 ETC: 143.47 priority: 0
  taskPos: 2 taskId: 241 ETC: 6.16 priority: 0
  taskPos: 3 taskId: 249 ETC: 42.23 priority: 0
  taskPos: 4 taskId: 457 ETC: 39.4 priority: 0
  taskPos: 5 taskId: 576 ETC: 48.81 priority: 0
  taskPos: 6 taskId: 331 ETC: 68.22 priority: 0
  taskPos: 7 taskId: 297 ETC: 96.85 priority: 0
  taskPos: 8 taskId: 83 ETC: 15.84 priority: 0
  taskPos: 9 taskId: 890 ETC: 9.32 priority: 0
  taskPos: 10 taskId: 839 ETC: 31.1 priority: 0
  taskPos: 11 taskId: 621 ETC: 70.88 priority: 0
  taskPos: 12 taskId: 647 ETC: 46.95 priority: 0
  taskPos: 13 taskId: 734 ETC: 55.12 priority: 0
  taskPos: 14 taskId: 746 ETC: 16.08 priority: 0
  taskPos: 15 taskId: 254 ETC: 118.93 priority: 0
  taskPos: 16 taskId: 0 ETC: 100.12 priority: 0
  taskPos: 17 taskId: 326 ETC: 89.38 priority: 0
  taskPos: 18 taskId: 979 ETC: 173.09 priority: 0
  taskPos: 19 taskId: 907 ETC: 22.93 priority: 0
  taskPos: 20 taskId: 514 ETC: 117.88 priority: 0
  taskPos: 21 taskId: 928 ETC: 62.74 priority: 0
  taskPos: 22 taskId: 115 ETC: 242.94 priority: 0
  taskPos: 23 taskId: 31 ETC: 105.54 priority: 0
  taskPos: 24 taskId: 945 ETC: 151.6 priority: 0
  taskPos: 25 taskId: 177 ETC: 145.7 priority: 0
  taskPos: 26 taskId: 593 ETC: 140.77 priority: 0
  taskPos: 27 taskId: 577 ETC: 78.46 priority: 0
> machineId: 8
  taskPos: 0 taskId: 192 ETC: 10.75 priority: 0
  taskPos: 1 taskId: 309 ETC: 3.33 priority: 0
  taskPos: 2 taskId: 687 ETC: 18.03 priority: 0
  taskPos: 3 taskId: 968 ETC: 68.13 priority: 0
  taskPos: 4 taskId: 570 ETC: 48.27 priority: 0
  taskPos: 5 taskId: 496 ETC: 23.76 priority: 0
  taskPos: 6 taskId: 176 ETC: 95.28 priority: 0
  taskPos: 7 taskId: 679 ETC: 45.06 priority: 0
  taskPos: 8 taskId: 489 ETC: 37.73 priority: 0
  taskPos: 9 taskId: 433 ETC: 90.73 priority: 0
  taskPos: 10 taskId: 832 ETC: 128.03 priority: 0
  taskPos: 11 taskId: 215 ETC: 182.39 priority: 0
  taskPos: 12 taskId: 937 ETC: 145.64 priority: 0
  taskPos: 13 taskId: 965 ETC: 80.29 priority: 0
  taskPos: 14 taskId: 202 ETC: 93.61 priority: 0
  taskPos: 15 taskId: 399 ETC: 147 priority: 0
  taskPos: 16 taskId: 738 ETC: 54.18 priority: 0
  taskPos: 17 taskId: 545 ETC: 57.08 priority: 0
  taskPos: 18 taskId: 190 ETC: 19.22 priority: 0
  taskPos: 19 taskId: 1002 ETC: 243.42 priority: 0
  taskPos: 20 taskId: 22 ETC: 120.46 priority: 0
  taskPos: 21 taskId: 38 ETC: 180.93 priority: 0
  taskPos: 22 taskId: 520 ETC: 261.6 priority: 0
> machineId: 9
  taskPos: 0 taskId: 505 ETC: 37.72 priority: 0
  taskPos: 1 taskId: 681 ETC: 29.22 priority: 0
  taskPos: 2 taskId: 798 ETC: 13.83 priority: 0
  taskPos: 3 taskId: 671 ETC: 23.27 priority: 0
  taskPos: 4 taskId: 36 ETC: 247.21 priority: 0
  taskPos: 5 taskId: 185 ETC: 81.55 priority: 0
  taskPos: 6 taskId: 538 ETC: 57.44 priority: 0
  taskPos: 7 taskId: 273 ETC: 146.49 priority: 0
  taskPos: 8 taskId: 837 ETC: 54.37 priority: 0
  taskPos: 9 taskId: 447 ETC: 104.97 priority: 0
  taskPos: 10 taskId: 449 ETC: 16.15 priority: 0
  taskPos: 11 taskId: 183 ETC: 6.39 priority: 0
  taskPos: 12 taskId: 140 ETC: 223.53 priority: 0
  taskPos: 13 taskId: 421 ETC: 103.98 priority: 0
  taskPos: 14 taskId: 139 ETC: 113.86 priority: 0
  taskPos: 15 taskId: 772 ETC: 77.43 priority: 0
  taskPos: 16 taskId: 374 ETC: 156.39 priority: 0
  taskPos: 17 taskId: 62 ETC: 270.89 priority: 0
  taskPos: 18 taskId: 77 ETC: 184.4 priority: 0
  taskPos: 19 taskId: 53 ETC: 88.8 priority: 0
  taskPos: 20 taskId: 607 ETC: 146.01 priority: 0
> machineId: 10
  taskPos: 0 taskId: 563 ETC: 6.87 priority: 0
  taskPos: 1 taskId: 828 ETC: 105.89 priority: 0
  taskPos: 2 taskId: 223 ETC: 181.93 priority: 0
  taskPos: 3 taskId: 482 ETC: 203.84 priority: 0
  taskPos: 4 taskId: 347 ETC: 139.16 priority: 0
  taskPos: 5 taskId: 24 ETC: 18.52 priority: 0
  taskPos: 6 taskId: 927 ETC: 65.43 priority: 0
  taskPos: 7 taskId: 499 ETC: 166.46 priority: 0
  taskPos: 8 taskId: 485 ETC: 98.08 priority: 0
  taskPos: 9 taskId: 490 ETC: 24.21 priority: 0
  taskPos: 10 taskId: 710 ETC: 131.05 priority: 0
  taskPos: 11 taskId: 842 ETC: 55.49 priority: 0
  taskPos: 12 taskId: 315 ETC: 113.05 priority: 0
  taskPos: 13 taskId: 616 ETC: 307.1 priority: 0
  taskPos: 14 taskId: 795 ETC: 244.5 priority: 0
  taskPos: 15 taskId: 92 ETC: 172.14 priority: 0
  taskPos: 16 taskId: 745 ETC: 212.12 priority: 0
> machineId: 11
  taskPos: 0 taskId: 303 ETC: 118.14 priority: 0
  taskPos: 1 taskId: 614 ETC: 71.11 priority: 0
  taskPos: 2 taskId: 237 ETC: 99.51 priority: 0
  taskPos: 3 taskId: 510 ETC: 55.13 priority: 0
  taskPos: 4 taskId: 119 ETC: 21.82 priority: 0
  taskPos: 5 taskId: 581 ETC: 101.32 priority: 0
  taskPos: 6 taskId: 747 ETC: 127.2 priority: 0
  taskPos: 7 taskId: 579 ETC: 212.94 priority: 0
  taskPos: 8 taskId: 696 ETC: 304.19 priority: 0
  taskPos: 9 taskId: 753 ETC: 67.97 priority: 0
  taskPos: 10 taskId: 312 ETC: 106.53 priority: 0
  taskPos: 11 taskId: 831 ETC: 15.66 priority: 0
  taskPos: 12 taskId: 13 ETC: 249.54 priority: 0
  taskPos: 13 taskId: 167 ETC: 167.87 priority: 0
  taskPos: 14 taskId: 243 ETC: 30.11 priority: 0
  taskPos: 15 taskId: 814 ETC: 188.34 priority: 0
  taskPos: 16 taskId: 998 ETC: 136.75 priority: 0
  taskPos: 17 taskId: 247 ETC: 131.95 priority: 0
> machineId: 12
  taskPos: 0 taskId: 213 ETC: 146.71 priority: 0
  taskPos: 1 taskId: 23 ETC: 160.96 priority: 0
  taskPos: 2 taskId: 382 ETC: 19.32 priority: 0
  taskPos: 3 taskId: 199 ETC: 247.64 priority: 0
  taskPos: 4 taskId: 476 ETC: 171.58 priority: 0
  taskPos: 5 taskId: 911 ETC: 80.37 priority: 0
  taskPos: 6 taskId: 766 ETC: 143.48 priority: 0
  taskPos: 7 taskId: 946 ETC: 367.56 priority: 0
  taskPos: 8 taskId: 120 ETC: 230.99 priority: 0
  taskPos: 9 taskId: 205 ETC: 178.46 priority: 0
  taskPos: 10 taskId: 1005 ETC: 113.93 priority: 0
  taskPos: 11 taskId: 378 ETC: 208.69 priority: 0
  taskPos: 12 taskId: 612 ETC: 99.9 priority: 0
  taskPos: 13 taskId: 936 ETC: 69.17 priority: 0
> machineId: 13
  taskPos: 0 taskId: 906 ETC: 45.08 priority: 0
  taskPos: 1 taskId: 158 ETC: 77.48 priority: 0
  taskPos: 2 taskId: 530 ETC: 73.78 priority: 0
  taskPos: 3 taskId: 554 ETC: 290.91 priority: 0
  taskPos: 4 taskId: 571 ETC: 173.27 priority: 0
  taskPos: 5 taskId: 440 ETC: 17.71 priority: 0
  taskPos: 6 taskId: 244 ETC: 340.66 priority: 0
  taskPos: 7 taskId: 195 ETC: 3.63 priority: 0
  taskPos: 8 taskId: 506 ETC: 152.77 priority: 0
  taskPos: 9 taskId: 9 ETC: 273.83 priority: 0
  taskPos: 10 taskId: 169 ETC: 114.19 priority: 0
  taskPos: 11 taskId: 112 ETC: 211.51 priority: 0
  taskPos: 12 taskId: 810 ETC: 183.1 priority: 0
  taskPos: 13 taskId: 394 ETC: 131.06 priority: 0
  taskPos: 14 taskId: 600 ETC: 133.6 priority: 0
> machineId: 14
  taskPos: 0 taskId: 65 ETC: 2.71 priority: 0
  taskPos: 1 taskId: 999 ETC: 22.93 priority: 0
  taskPos: 2 taskId: 389 ETC: 4.38 priority: 0
  taskPos: 3 taskId: 364 ETC: 102.24 priority: 0
  taskPos: 4 taskId: 114 ETC: 123.55 priority: 0
  taskPos: 5 taskId: 984 ETC: 75.89 priority: 0
  taskPos: 6 taskId: 624 ETC: 244.09 priority: 0
  taskPos: 7 taskId: 678 ETC: 347.26 priority: 0
  taskPos: 8 taskId: 85 ETC: 285.92 priority: 0
  taskPos: 9 taskId: 248 ETC: 186 priority: 0
  taskPos: 10 taskId: 781 ETC: 208.76 priority: 0
  taskPos: 11 taskId: 892 ETC: 196.31 priority: 0
  taskPos: 12 taskId: 811 ETC: 38.41 priority: 0
  taskPos: 13 taskId: 500 ETC: 144.06 priority: 0
  taskPos: 14 taskId: 363 ETC: 162.15 priority: 0
  taskPos: 15 taskId: 16 ETC: 6.29 priority: 0
> machineId: 15
  taskPos: 0 taskId: 296 ETC: 236.11 priority: 0
  taskPos: 1 taskId: 322 ETC: 42.89 priority: 0
  taskPos: 2 taskId: 360 ETC: 254.2 priority: 0
  taskPos: 3 taskId: 704 ETC: 158.23 priority: 0
  taskPos: 4 taskId: 350 ETC: 80.2 priority: 0
  taskPos: 5 taskId: 430 ETC: 334.18 priority: 0
  taskPos: 6 taskId: 739 ETC: 215.59 priority: 0
  taskPos: 7 taskId: 224 ETC: 142.8 priority: 0
  taskPos: 8 taskId: 914 ETC: 132.92 priority: 0
  taskPos: 9 taskId: 3 ETC: 279.2 priority: 0
  taskPos: 10 taskId: 809 ETC: 192.28 priority: 0
  taskPos: 11 taskId: 944 ETC: 171.68 priority: 0
> machineId: 16
  taskPos: 0 taskId: 8 ETC: 125.89 priority: 0
  taskPos: 1 taskId: 909 ETC: 119.98 priority: 0
  taskPos: 2 taskId: 276 ETC: 91.78 priority: 0
  taskPos: 3 taskId: 978 ETC: 54.13 priority: 0
  taskPos: 4 taskId: 822 ETC: 435.58 priority: 0
  taskPos: 5 taskId: 109 ETC: 293.23 priority: 0
  taskPos: 6 taskId: 455 ETC: 367.3 priority: 0
  taskPos: 7 taskId: 750 ETC: 215.84 priority: 0
  taskPos: 8 taskId: 951 ETC: 263.35 priority: 0
  taskPos: 9 taskId: 1006 ETC: 93.65 priority: 0
  taskPos: 10 taskId: 955 ETC: 97.8 priority: 0
> machineId: 17
  taskPos: 0 taskId: 1023 ETC: 56.78 priority: 0
  taskPos: 1 taskId: 883 ETC: 172.46 priority: 0
  taskPos: 2 taskId: 82 ETC: 382.28 priority: 0
  taskPos: 3 taskId: 666 ETC: 106.78 priority: 0
  taskPos: 4 taskId: 792 ETC: 327.16 priority: 0
  taskPos: 5 taskId: 416 ETC: 105.44 priority: 0
  taskPos: 6 taskId: 61 ETC: 392.3 priority: 0
  taskPos: 7 taskId: 644 ETC: 191.48 priority: 0
  taskPos: 8 taskId: 80 ETC: 226.48 priority: 0
  taskPos: 9 taskId: 922 ETC: 258.8 priority: 0
> machineId: 18
  taskPos: 0 taskId: 556 ETC: 202.6 priority: 0
  taskPos: 1 taskId: 473 ETC: 30.08 priority: 0
  taskPos: 2 taskId: 233 ETC: 35.32 priority: 0
  taskPos: 3 taskId: 594 ETC: 112.42 priority: 0
  taskPos: 4 taskId: 996 ETC: 157.76 priority: 0
  taskPos: 5 taskId: 986 ETC: 12.27 priority: 0
  taskPos: 6 taskId: 856 ETC: 69.64 priority: 0
  taskPos: 7 taskId: 829 ETC: 293.56 priority: 0
  taskPos: 8 taskId: 908 ETC: 219.08 priority: 0
  taskPos: 9 taskId: 970 ETC: 378.05 priority: 0
  taskPos: 10 taskId: 652 ETC: 634.33 priority: 0
  taskPos: 11 taskId: 343 ETC: 16.71 priority: 0
  taskPos: 12 taskId: 799 ETC: 12.34 priority: 0
> machineId: 19
  taskPos: 0 taskId: 735 ETC: 230.13 priority: 0
  taskPos: 1 taskId: 552 ETC: 101.87 priority: 0
  taskPos: 2 taskId: 113 ETC: 5.63 priority: 0
  taskPos: 3 taskId: 493 ETC: 37 priority: 0
  taskPos: 4 taskId: 517 ETC: 255.1 priority: 0
  taskPos: 5 taskId: 344 ETC: 0.24 priority: 0
  taskPos: 6 taskId: 483 ETC: 29.61 priority: 0
  taskPos: 7 taskId: 239 ETC: 527.13 priority: 0
  taskPos: 8 taskId: 425 ETC: 367.58 priority: 0
  taskPos: 9 taskId: 70 ETC: 198.37 priority: 0
  taskPos: 10 taskId: 50 ETC: 152.95 priority: 0
  taskPos: 11 taskId: 661 ETC: 322.36 priority: 0
> machineId: 20
  taskPos: 0 taskId: 311 ETC: 348.88 priority: 0
  taskPos: 1 taskId: 191 ETC: 44.15 priority: 0
  taskPos: 2 taskId: 715 ETC: 215.99 priority: 0
  taskPos: 3 taskId: 921 ETC: 316.55 priority: 0
  taskPos: 4 taskId: 235 ETC: 369.43 priority: 0
  taskPos: 5 taskId: 669 ETC: 155.51 priority: 0
  taskPos: 6 taskId: 898 ETC: 242.96 priority: 0
  taskPos: 7 taskId: 642 ETC: 446.74 priority: 0
  taskPos: 8 taskId: 742 ETC: 54.52 priority: 0
> machineId: 21
  taskPos: 0 taskId: 595 ETC: 54.23 priority: 0
  taskPos: 1 taskId: 240 ETC: 75.24 priority: 0
  taskPos: 2 taskId: 656 ETC: 116.41 priority: 0
  taskPos: 3 taskId: 388 ETC: 169.06 priority: 0
  taskPos: 4 taskId: 785 ETC: 236.59 priority: 0
  taskPos: 5 taskId: 480 ETC: 267.76 priority: 0
  taskPos: 6 taskId: 619 ETC: 580.61 priority: 0
  taskPos: 7 taskId: 450 ETC: 394.6 priority: 0
  taskPos: 8 taskId: 920 ETC: 341.4 priority: 0
> machineId: 22
  taskPos: 0 taskId: 411 ETC: 124.65 priority: 0
  taskPos: 1 taskId: 141 ETC: 319.41 priority: 0
  taskPos: 2 taskId: 446 ETC: 44.33 priority: 0
  taskPos: 3 taskId: 888 ETC: 629.04 priority: 0
  taskPos: 4 taskId: 434 ETC: 363.22 priority: 0
  taskPos: 5 taskId: 375 ETC: 445.56 priority: 0
  taskPos: 6 taskId: 786 ETC: 23.26 priority: 0
  taskPos: 7 taskId: 351 ETC: 280.06 priority: 0
> machineId: 23
  taskPos: 0 taskId: 743 ETC: 203.7 priority: 0
  taskPos: 1 taskId: 2 ETC: 404.13 priority: 0
  taskPos: 2 taskId: 271 ETC: 730.65 priority: 0
  taskPos: 3 taskId: 969 ETC: 243.78 priority: 0
  taskPos: 4 taskId: 1000 ETC: 133.81 priority: 0
  taskPos: 5 taskId: 860 ETC: 521.98 priority: 0
> machineId: 24
  taskPos: 0 taskId: 212 ETC: 149.72 priority: 0
  taskPos: 1 taskId: 478 ETC: 217.53 priority: 0
  taskPos: 2 taskId: 854 ETC: 70.85 priority: 0
  taskPos: 3 taskId: 498 ETC: 276.14 priority: 0
  taskPos: 4 taskId: 395 ETC: 61.55 priority: 0
  taskPos: 5 taskId: 819 ETC: 424.64 priority: 0
  taskPos: 6 taskId: 824 ETC: 611.03 priority: 0
  taskPos: 7 taskId: 958 ETC: 354.81 priority: 0
> machineId: 25
  taskPos: 0 taskId: 12 ETC: 582.7 priority: 0
  taskPos: 1 taskId: 816 ETC: 171.08 priority: 0
  taskPos: 2 taskId: 925 ETC: 383.4 priority: 0
  taskPos: 3 taskId: 894 ETC: 517.9 priority: 0
  taskPos: 4 taskId: 707 ETC: 324.37 priority: 0
  taskPos: 5 taskId: 633 ETC: 267.14 priority: 0
> machineId: 26
  taskPos: 0 taskId: 56 ETC: 265.28 priority: 0
  taskPos: 1 taskId: 717 ETC: 606.01 priority: 0
  taskPos: 2 taskId: 910 ETC: 433.15 priority: 0
  taskPos: 3 taskId: 238 ETC: 221.26 priority: 0
  taskPos: 4 taskId: 769 ETC: 174.68 priority: 0
  taskPos: 5 taskId: 371 ETC: 343.35 priority: 0
  taskPos: 6 taskId: 618 ETC: 174.18 priority: 0
> machineId: 27
  taskPos: 0 taskId: 352 ETC: 263.57 priority: 0
  taskPos: 1 taskId: 143 ETC: 365.35 priority: 0
  taskPos: 2 taskId: 414 ETC: 28.17 priority: 0
  taskPos: 3 taskId: 902 ETC: 52.76 priority: 0
  taskPos: 4 taskId: 932 ETC: 449.12 priority: 0
  taskPos: 5 taskId: 672 ETC: 423.6 priority: 0
  taskPos: 6 taskId: 713 ETC: 632.58 priority: 0
> machineId: 28
  taskPos: 0 taskId: 155 ETC: 329.6 priority: 0
  taskPos: 1 taskId: 69 ETC: 724.27 priority: 0
  taskPos: 2 taskId: 660 ETC: 214.27 priority: 0
  taskPos: 3 taskId: 47 ETC: 381.21 priority: 0
  taskPos: 4 taskId: 180 ETC: 454.32 priority: 0
  taskPos: 5 taskId: 406 ETC: 120.41 priority: 0
> machineId: 29
  taskPos: 0 taskId: 32 ETC: 695.02 priority: 0
  taskPos: 1 taskId: 445 ETC: 436.96 priority: 0
  taskPos: 2 taskId: 387 ETC: 418.15 priority: 0
  taskPos: 3 taskId: 329 ETC: 642.14 priority: 0
> machineId: 30
  taskPos: 0 taskId: 443 ETC: 673.49 priority: 0
  taskPos: 1 taskId: 25 ETC: 486.96 priority: 0
  taskPos: 2 taskId: 454 ETC: 344.89 priority: 0
  taskPos: 3 taskId: 6 ETC: 439.13 priority: 0
  taskPos: 4 taskId: 413 ETC: 262.09 priority: 0
> machineId: 31
  taskPos: 0 taskId: 63 ETC: 241.67 priority: 0
  taskPos: 1 taskId: 86 ETC: 355.14 priority: 0
  taskPos: 2 taskId: 543 ETC: 700.51 priority: 0
  taskPos: 3 taskId: 20 ETC: 370.56 priority: 0
  taskPos: 4 taskId: 559 ETC: 20.35 priority: 0
  taskPos: 5 taskId: 477 ETC: 456.99 priority: 0
  taskPos: 6 taskId: 159 ETC: 79.53 priority: 0



 :( ---------------------- THE END --------------- :) 