[H[2J[INFO] TaskCount: 1024
[INFO] MachineCount: 32

[DEBUG] Inicialización MIN-MIN

Min-Min fitness: 584.96

[DEBUG] Inicialización Sufferage

Sufferage fitness: 537.14

[DEBUG] Inicialización random

[DEBUG] Inicialización random

[DEBUG] Inicialización random

[DEBUG] Inicialización MCT

MCT fitness: 745.67

[DEBUG] Inicialización random

[DEBUG] Inicialización random

[DEBUG] Inicialización random

[DEBUG] Inicialización random

[DEBUG] Inicialización MCT

MCT fitness: 742.02

[DEBUG] Inicialización random

[DEBUG] Inicialización random

[DEBUG] Inicialización random

[DEBUG] Inicialización random

 Current State ---------------------------------------------

Current trial: 1
Current iteration: 1500
Current evaluations: 22695
Current best cost: 523.59
Current worst cost: 523.59
Current Average cost: 523.59
Current Standard Deviation: 0

Trial: 
Best cost trial: 523.59
Worst cost trial: 13355.4
Iteration best found in trial: 1404
Time best found trial: 2.21717e+07
Time spent in trial: 2.31018e+07

Global: 
Global best cost: 523.59
Global worst cost: 13355.4
Trial best found: 1
Iteration best found: 1404
Time best found: 2.21717e+07

Current time spent (so far): 2.31018e+07
Solution
> machineId: 0
  taskPos: 0 taskId: 68 ETC: 20.26 priority: 0
  taskPos: 1 taskId: 756 ETC: 7.58 priority: 0
  taskPos: 2 taskId: 16 ETC: 73.8 priority: 0
  taskPos: 3 taskId: 921 ETC: 6.37 priority: 0
  taskPos: 4 taskId: 448 ETC: 9.02 priority: 0
  taskPos: 5 taskId: 0 ETC: 1.29 priority: 0
  taskPos: 6 taskId: 926 ETC: 2.38 priority: 0
  taskPos: 7 taskId: 34 ETC: 11.19 priority: 0
  taskPos: 8 taskId: 374 ETC: 53.97 priority: 0
  taskPos: 9 taskId: 945 ETC: 2.4 priority: 0
  taskPos: 10 taskId: 488 ETC: 15.81 priority: 0
  taskPos: 11 taskId: 272 ETC: 15.92 priority: 0
  taskPos: 12 taskId: 312 ETC: 6.85 priority: 0
  taskPos: 13 taskId: 536 ETC: 14.66 priority: 0
  taskPos: 14 taskId: 839 ETC: 23.49 priority: 0
  taskPos: 15 taskId: 997 ETC: 5.66 priority: 0
  taskPos: 16 taskId: 287 ETC: 71.28 priority: 0
  taskPos: 17 taskId: 984 ETC: 39.38 priority: 0
  taskPos: 18 taskId: 724 ETC: 5.85 priority: 0
  taskPos: 19 taskId: 474 ETC: 14.72 priority: 0
  taskPos: 20 taskId: 386 ETC: 11.11 priority: 0
  taskPos: 21 taskId: 214 ETC: 4.69 priority: 0
  taskPos: 22 taskId: 359 ETC: 4.84 priority: 0
  taskPos: 23 taskId: 108 ETC: 2.14 priority: 0
  taskPos: 24 taskId: 228 ETC: 0.87 priority: 0
  taskPos: 25 taskId: 694 ETC: 11.44 priority: 0
  taskPos: 26 taskId: 723 ETC: 0.53 priority: 0
  taskPos: 27 taskId: 516 ETC: 0.49 priority: 0
  taskPos: 28 taskId: 517 ETC: 5.58 priority: 0
  taskPos: 29 taskId: 462 ETC: 26.97 priority: 0
  taskPos: 30 taskId: 830 ETC: 3.21 priority: 0
  taskPos: 31 taskId: 119 ETC: 8.14 priority: 0
  taskPos: 32 taskId: 778 ETC: 21.37 priority: 0
  taskPos: 33 taskId: 535 ETC: 0.79 priority: 0
  taskPos: 34 taskId: 704 ETC: 0.74 priority: 0
  taskPos: 35 taskId: 239 ETC: 0.42 priority: 0
  taskPos: 36 taskId: 84 ETC: 0.74 priority: 0
  taskPos: 37 taskId: 326 ETC: 6.53 priority: 0
  taskPos: 38 taskId: 558 ETC: 4.43 priority: 0
  taskPos: 39 taskId: 518 ETC: 5.17 priority: 0
> machineId: 1
  taskPos: 0 taskId: 815 ETC: 11.31 priority: 0
  taskPos: 1 taskId: 979 ETC: 33.33 priority: 0
  taskPos: 2 taskId: 210 ETC: 14.88 priority: 0
  taskPos: 3 taskId: 222 ETC: 80.05 priority: 0
  taskPos: 4 taskId: 276 ETC: 3.73 priority: 0
  taskPos: 5 taskId: 457 ETC: 16.62 priority: 0
  taskPos: 6 taskId: 748 ETC: 42.78 priority: 0
  taskPos: 7 taskId: 232 ETC: 40.07 priority: 0
  taskPos: 8 taskId: 136 ETC: 17.28 priority: 0
  taskPos: 9 taskId: 559 ETC: 33.84 priority: 0
  taskPos: 10 taskId: 807 ETC: 1.73 priority: 0
  taskPos: 11 taskId: 805 ETC: 21.8 priority: 0
  taskPos: 12 taskId: 41 ETC: 1.12 priority: 0
  taskPos: 13 taskId: 530 ETC: 2.76 priority: 0
  taskPos: 14 taskId: 389 ETC: 0.81 priority: 0
  taskPos: 15 taskId: 138 ETC: 7.48 priority: 0
  taskPos: 16 taskId: 515 ETC: 30.01 priority: 0
  taskPos: 17 taskId: 98 ETC: 6.44 priority: 0
  taskPos: 18 taskId: 251 ETC: 13.04 priority: 0
  taskPos: 19 taskId: 413 ETC: 1.93 priority: 0
  taskPos: 20 taskId: 80 ETC: 12.85 priority: 0
  taskPos: 21 taskId: 109 ETC: 14.27 priority: 0
  taskPos: 22 taskId: 464 ETC: 5.01 priority: 0
  taskPos: 23 taskId: 497 ETC: 9.9 priority: 0
  taskPos: 24 taskId: 974 ETC: 9.55 priority: 0
  taskPos: 25 taskId: 164 ETC: 0.51 priority: 0
  taskPos: 26 taskId: 936 ETC: 2.12 priority: 0
  taskPos: 27 taskId: 817 ETC: 14.15 priority: 0
  taskPos: 28 taskId: 397 ETC: 2.69 priority: 0
  taskPos: 29 taskId: 244 ETC: 1.35 priority: 0
  taskPos: 30 taskId: 551 ETC: 2.19 priority: 0
  taskPos: 31 taskId: 750 ETC: 8.52 priority: 0
  taskPos: 32 taskId: 892 ETC: 2.95 priority: 0
  taskPos: 33 taskId: 902 ETC: 22.92 priority: 0
  taskPos: 34 taskId: 165 ETC: 1.87 priority: 0
  taskPos: 35 taskId: 482 ETC: 8.3 priority: 0
  taskPos: 36 taskId: 282 ETC: 5.71 priority: 0
  taskPos: 37 taskId: 969 ETC: 9.06 priority: 0
  taskPos: 38 taskId: 133 ETC: 0.89 priority: 0
> machineId: 2
  taskPos: 0 taskId: 257 ETC: 95.01 priority: 0
  taskPos: 1 taskId: 209 ETC: 14.6 priority: 0
  taskPos: 2 taskId: 875 ETC: 34.67 priority: 0
  taskPos: 3 taskId: 809 ETC: 50.14 priority: 0
  taskPos: 4 taskId: 767 ETC: 4.7 priority: 0
  taskPos: 5 taskId: 622 ETC: 20.14 priority: 0
  taskPos: 6 taskId: 661 ETC: 22.36 priority: 0
  taskPos: 7 taskId: 678 ETC: 3.28 priority: 0
  taskPos: 8 taskId: 943 ETC: 19.29 priority: 0
  taskPos: 9 taskId: 321 ETC: 14.23 priority: 0
  taskPos: 10 taskId: 512 ETC: 13.28 priority: 0
  taskPos: 11 taskId: 803 ETC: 13.05 priority: 0
  taskPos: 12 taskId: 766 ETC: 0.65 priority: 0
  taskPos: 13 taskId: 811 ETC: 2.83 priority: 0
  taskPos: 14 taskId: 829 ETC: 14.45 priority: 0
  taskPos: 15 taskId: 248 ETC: 76.74 priority: 0
  taskPos: 16 taskId: 627 ETC: 16.56 priority: 0
  taskPos: 17 taskId: 842 ETC: 1.12 priority: 0
  taskPos: 18 taskId: 914 ETC: 27.97 priority: 0
  taskPos: 19 taskId: 733 ETC: 4.33 priority: 0
  taskPos: 20 taskId: 243 ETC: 41.84 priority: 0
  taskPos: 21 taskId: 667 ETC: 1.84 priority: 0
  taskPos: 22 taskId: 621 ETC: 2.24 priority: 0
  taskPos: 23 taskId: 968 ETC: 0.29 priority: 0
  taskPos: 24 taskId: 993 ETC: 2.86 priority: 0
  taskPos: 25 taskId: 708 ETC: 0.45 priority: 0
  taskPos: 26 taskId: 376 ETC: 0.48 priority: 0
  taskPos: 27 taskId: 94 ETC: 0.64 priority: 0
  taskPos: 28 taskId: 952 ETC: 4.26 priority: 0
  taskPos: 29 taskId: 810 ETC: 17 priority: 0
> machineId: 3
  taskPos: 0 taskId: 959 ETC: 19.78 priority: 0
  taskPos: 1 taskId: 740 ETC: 4.37 priority: 0
  taskPos: 2 taskId: 523 ETC: 82.46 priority: 0
  taskPos: 3 taskId: 954 ETC: 5.62 priority: 0
  taskPos: 4 taskId: 132 ETC: 17.2 priority: 0
  taskPos: 5 taskId: 771 ETC: 14.42 priority: 0
  taskPos: 6 taskId: 298 ETC: 4.2 priority: 0
  taskPos: 7 taskId: 347 ETC: 27.71 priority: 0
  taskPos: 8 taskId: 570 ETC: 19.88 priority: 0
  taskPos: 9 taskId: 744 ETC: 2.28 priority: 0
  taskPos: 10 taskId: 987 ETC: 20.16 priority: 0
  taskPos: 11 taskId: 303 ETC: 2.3 priority: 0
  taskPos: 12 taskId: 816 ETC: 15.79 priority: 0
  taskPos: 13 taskId: 219 ETC: 0.27 priority: 0
  taskPos: 14 taskId: 463 ETC: 4.36 priority: 0
  taskPos: 15 taskId: 932 ETC: 51.31 priority: 0
  taskPos: 16 taskId: 662 ETC: 27.57 priority: 0
  taskPos: 17 taskId: 101 ETC: 2 priority: 0
  taskPos: 18 taskId: 212 ETC: 9.29 priority: 0
  taskPos: 19 taskId: 567 ETC: 5.61 priority: 0
  taskPos: 20 taskId: 452 ETC: 28.46 priority: 0
  taskPos: 21 taskId: 280 ETC: 6.98 priority: 0
  taskPos: 22 taskId: 340 ETC: 60.39 priority: 0
  taskPos: 23 taskId: 262 ETC: 37.84 priority: 0
  taskPos: 24 taskId: 503 ETC: 14.19 priority: 0
  taskPos: 25 taskId: 55 ETC: 39.15 priority: 0
> machineId: 4
  taskPos: 0 taskId: 430 ETC: 9.94 priority: 0
  taskPos: 1 taskId: 786 ETC: 22.48 priority: 0
  taskPos: 2 taskId: 383 ETC: 10.6 priority: 0
  taskPos: 3 taskId: 145 ETC: 0.1 priority: 0
  taskPos: 4 taskId: 989 ETC: 18.23 priority: 0
  taskPos: 5 taskId: 279 ETC: 20.68 priority: 0
  taskPos: 6 taskId: 78 ETC: 47.76 priority: 0
  taskPos: 7 taskId: 872 ETC: 12.64 priority: 0
  taskPos: 8 taskId: 828 ETC: 39.8 priority: 0
  taskPos: 9 taskId: 449 ETC: 21.62 priority: 0
  taskPos: 10 taskId: 18 ETC: 3.56 priority: 0
  taskPos: 11 taskId: 46 ETC: 1.29 priority: 0
  taskPos: 12 taskId: 787 ETC: 16.85 priority: 0
  taskPos: 13 taskId: 743 ETC: 17.24 priority: 0
  taskPos: 14 taskId: 718 ETC: 110.49 priority: 0
  taskPos: 15 taskId: 48 ETC: 36.49 priority: 0
  taskPos: 16 taskId: 82 ETC: 12.24 priority: 0
  taskPos: 17 taskId: 812 ETC: 4.43 priority: 0
  taskPos: 18 taskId: 909 ETC: 14.5 priority: 0
  taskPos: 19 taskId: 63 ETC: 33.06 priority: 0
  taskPos: 20 taskId: 774 ETC: 0.03 priority: 0
  taskPos: 21 taskId: 431 ETC: 41.89 priority: 0
  taskPos: 22 taskId: 352 ETC: 24.5 priority: 0
  taskPos: 23 taskId: 994 ETC: 2.74 priority: 0
> machineId: 5
  taskPos: 0 taskId: 572 ETC: 53 priority: 0
  taskPos: 1 taskId: 922 ETC: 21.44 priority: 0
  taskPos: 2 taskId: 528 ETC: 22.03 priority: 0
  taskPos: 3 taskId: 354 ETC: 0.83 priority: 0
  taskPos: 4 taskId: 758 ETC: 36.02 priority: 0
  taskPos: 5 taskId: 28 ETC: 3.83 priority: 0
  taskPos: 6 taskId: 297 ETC: 11.2 priority: 0
  taskPos: 7 taskId: 719 ETC: 13.71 priority: 0
  taskPos: 8 taskId: 116 ETC: 12.25 priority: 0
  taskPos: 9 taskId: 88 ETC: 11.03 priority: 0
  taskPos: 10 taskId: 152 ETC: 22.13 priority: 0
  taskPos: 11 taskId: 556 ETC: 11.76 priority: 0
  taskPos: 12 taskId: 685 ETC: 17.45 priority: 0
  taskPos: 13 taskId: 537 ETC: 43.07 priority: 0
  taskPos: 14 taskId: 315 ETC: 5.69 priority: 0
  taskPos: 15 taskId: 602 ETC: 2.12 priority: 0
  taskPos: 16 taskId: 236 ETC: 2.66 priority: 0
  taskPos: 17 taskId: 37 ETC: 10.26 priority: 0
  taskPos: 18 taskId: 201 ETC: 17.57 priority: 0
  taskPos: 19 taskId: 19 ETC: 5.72 priority: 0
  taskPos: 20 taskId: 196 ETC: 6.63 priority: 0
  taskPos: 21 taskId: 560 ETC: 2.48 priority: 0
  taskPos: 22 taskId: 531 ETC: 7.77 priority: 0
  taskPos: 23 taskId: 525 ETC: 0.22 priority: 0
  taskPos: 24 taskId: 973 ETC: 3.04 priority: 0
  taskPos: 25 taskId: 261 ETC: 7.57 priority: 0
  taskPos: 26 taskId: 292 ETC: 9.3 priority: 0
  taskPos: 27 taskId: 660 ETC: 17.42 priority: 0
  taskPos: 28 taskId: 933 ETC: 1.25 priority: 0
  taskPos: 29 taskId: 124 ETC: 1.58 priority: 0
  taskPos: 30 taskId: 115 ETC: 2.67 priority: 0
  taskPos: 31 taskId: 202 ETC: 21.65 priority: 0
  taskPos: 32 taskId: 66 ETC: 1.39 priority: 0
  taskPos: 33 taskId: 1022 ETC: 2.36 priority: 0
  taskPos: 34 taskId: 801 ETC: 20.84 priority: 0
  taskPos: 35 taskId: 982 ETC: 1.09 priority: 0
  taskPos: 36 taskId: 539 ETC: 53.84 priority: 0
  taskPos: 37 taskId: 86 ETC: 4.64 priority: 0
  taskPos: 38 taskId: 965 ETC: 0.35 priority: 0
  taskPos: 39 taskId: 215 ETC: 4.62 priority: 0
  taskPos: 40 taskId: 260 ETC: 7.52 priority: 0
  taskPos: 41 taskId: 195 ETC: 0.41 priority: 0
  taskPos: 42 taskId: 599 ETC: 0.42 priority: 0
> machineId: 6
  taskPos: 0 taskId: 95 ETC: 3.74 priority: 0
  taskPos: 1 taskId: 814 ETC: 52.67 priority: 0
  taskPos: 2 taskId: 120 ETC: 0.04 priority: 0
  taskPos: 3 taskId: 833 ETC: 17.92 priority: 0
  taskPos: 4 taskId: 850 ETC: 22.87 priority: 0
  taskPos: 5 taskId: 895 ETC: 21.86 priority: 0
  taskPos: 6 taskId: 996 ETC: 15.26 priority: 0
  taskPos: 7 taskId: 207 ETC: 3.66 priority: 0
  taskPos: 8 taskId: 1011 ETC: 28.77 priority: 0
  taskPos: 9 taskId: 304 ETC: 74.9 priority: 0
  taskPos: 10 taskId: 365 ETC: 20.14 priority: 0
  taskPos: 11 taskId: 966 ETC: 14.57 priority: 0
  taskPos: 12 taskId: 911 ETC: 9.44 priority: 0
  taskPos: 13 taskId: 156 ETC: 8.38 priority: 0
  taskPos: 14 taskId: 1018 ETC: 12.89 priority: 0
  taskPos: 15 taskId: 146 ETC: 3.91 priority: 0
  taskPos: 16 taskId: 342 ETC: 2.39 priority: 0
  taskPos: 17 taskId: 42 ETC: 2.54 priority: 0
  taskPos: 18 taskId: 151 ETC: 29.15 priority: 0
  taskPos: 19 taskId: 912 ETC: 7.22 priority: 0
  taskPos: 20 taskId: 946 ETC: 66.95 priority: 0
  taskPos: 21 taskId: 635 ETC: 5.28 priority: 0
  taskPos: 22 taskId: 173 ETC: 5.11 priority: 0
  taskPos: 23 taskId: 253 ETC: 13.73 priority: 0
  taskPos: 24 taskId: 545 ETC: 6.83 priority: 0
  taskPos: 25 taskId: 392 ETC: 5.34 priority: 0
  taskPos: 26 taskId: 609 ETC: 5.24 priority: 0
  taskPos: 27 taskId: 436 ETC: 14.6 priority: 0
  taskPos: 28 taskId: 74 ETC: 1.01 priority: 0
  taskPos: 29 taskId: 186 ETC: 5.6 priority: 0
  taskPos: 30 taskId: 983 ETC: 3.41 priority: 0
  taskPos: 31 taskId: 473 ETC: 0.97 priority: 0
  taskPos: 32 taskId: 81 ETC: 12.94 priority: 0
  taskPos: 33 taskId: 141 ETC: 0.33 priority: 0
  taskPos: 34 taskId: 185 ETC: 8.74 priority: 0
  taskPos: 35 taskId: 785 ETC: 0.83 priority: 0
> machineId: 7
  taskPos: 0 taskId: 851 ETC: 1.14 priority: 0
  taskPos: 1 taskId: 426 ETC: 2.89 priority: 0
  taskPos: 2 taskId: 981 ETC: 24.49 priority: 0
  taskPos: 3 taskId: 736 ETC: 17.49 priority: 0
  taskPos: 4 taskId: 629 ETC: 4.97 priority: 0
  taskPos: 5 taskId: 821 ETC: 9.26 priority: 0
  taskPos: 6 taskId: 50 ETC: 9.78 priority: 0
  taskPos: 7 taskId: 925 ETC: 20.66 priority: 0
  taskPos: 8 taskId: 51 ETC: 25.23 priority: 0
  taskPos: 9 taskId: 618 ETC: 32.15 priority: 0
  taskPos: 10 taskId: 64 ETC: 17.39 priority: 0
  taskPos: 11 taskId: 501 ETC: 20.28 priority: 0
  taskPos: 12 taskId: 977 ETC: 11.49 priority: 0
  taskPos: 13 taskId: 31 ETC: 15.93 priority: 0
  taskPos: 14 taskId: 822 ETC: 19.97 priority: 0
  taskPos: 15 taskId: 403 ETC: 9.17 priority: 0
  taskPos: 16 taskId: 893 ETC: 20.8 priority: 0
  taskPos: 17 taskId: 269 ETC: 15.95 priority: 0
  taskPos: 18 taskId: 553 ETC: 23.05 priority: 0
  taskPos: 19 taskId: 832 ETC: 44.21 priority: 0
  taskPos: 20 taskId: 7 ETC: 2.05 priority: 0
  taskPos: 21 taskId: 198 ETC: 26.76 priority: 0
  taskPos: 22 taskId: 249 ETC: 11.67 priority: 0
  taskPos: 23 taskId: 746 ETC: 4.52 priority: 0
  taskPos: 24 taskId: 478 ETC: 12.29 priority: 0
  taskPos: 25 taskId: 699 ETC: 4.03 priority: 0
  taskPos: 26 taskId: 57 ETC: 0.03 priority: 0
  taskPos: 27 taskId: 860 ETC: 58.88 priority: 0
  taskPos: 28 taskId: 329 ETC: 37.63 priority: 0
  taskPos: 29 taskId: 747 ETC: 5.69 priority: 0
> machineId: 8
  taskPos: 0 taskId: 640 ETC: 4.52 priority: 0
  taskPos: 1 taskId: 905 ETC: 9.61 priority: 0
  taskPos: 2 taskId: 695 ETC: 4.19 priority: 0
  taskPos: 3 taskId: 117 ETC: 13.58 priority: 0
  taskPos: 4 taskId: 206 ETC: 2.26 priority: 0
  taskPos: 5 taskId: 245 ETC: 24.81 priority: 0
  taskPos: 6 taskId: 93 ETC: 44.22 priority: 0
  taskPos: 7 taskId: 265 ETC: 4.95 priority: 0
  taskPos: 8 taskId: 886 ETC: 5.18 priority: 0
  taskPos: 9 taskId: 192 ETC: 41.3 priority: 0
  taskPos: 10 taskId: 628 ETC: 8.27 priority: 0
  taskPos: 11 taskId: 644 ETC: 13.39 priority: 0
  taskPos: 12 taskId: 264 ETC: 27.08 priority: 0
  taskPos: 13 taskId: 903 ETC: 36.21 priority: 0
  taskPos: 14 taskId: 522 ETC: 22.71 priority: 0
  taskPos: 15 taskId: 319 ETC: 1.25 priority: 0
  taskPos: 16 taskId: 409 ETC: 2.99 priority: 0
  taskPos: 17 taskId: 709 ETC: 11.81 priority: 0
  taskPos: 18 taskId: 735 ETC: 1.29 priority: 0
  taskPos: 19 taskId: 519 ETC: 2.11 priority: 0
  taskPos: 20 taskId: 576 ETC: 8.08 priority: 0
  taskPos: 21 taskId: 20 ETC: 24.61 priority: 0
  taskPos: 22 taskId: 317 ETC: 30.27 priority: 0
  taskPos: 23 taskId: 469 ETC: 32.16 priority: 0
  taskPos: 24 taskId: 147 ETC: 20.8 priority: 0
  taskPos: 25 taskId: 543 ETC: 3.89 priority: 0
  taskPos: 26 taskId: 459 ETC: 3.18 priority: 0
  taskPos: 27 taskId: 348 ETC: 3.6 priority: 0
  taskPos: 28 taskId: 901 ETC: 2.65 priority: 0
  taskPos: 29 taskId: 177 ETC: 31.41 priority: 0
  taskPos: 30 taskId: 205 ETC: 4.1 priority: 0
  taskPos: 31 taskId: 889 ETC: 13.12 priority: 0
  taskPos: 32 taskId: 283 ETC: 35.05 priority: 0
  taskPos: 33 taskId: 672 ETC: 3.15 priority: 0
  taskPos: 34 taskId: 180 ETC: 3.88 priority: 0
  taskPos: 35 taskId: 1007 ETC: 6.91 priority: 0
  taskPos: 36 taskId: 547 ETC: 1.34 priority: 0
> machineId: 9
  taskPos: 0 taskId: 763 ETC: 2.66 priority: 0
  taskPos: 1 taskId: 825 ETC: 98.51 priority: 0
  taskPos: 2 taskId: 320 ETC: 3.57 priority: 0
  taskPos: 3 taskId: 899 ETC: 44.57 priority: 0
  taskPos: 4 taskId: 27 ETC: 11.69 priority: 0
  taskPos: 5 taskId: 958 ETC: 1.15 priority: 0
  taskPos: 6 taskId: 604 ETC: 36.27 priority: 0
  taskPos: 7 taskId: 107 ETC: 15.42 priority: 0
  taskPos: 8 taskId: 472 ETC: 20.38 priority: 0
  taskPos: 9 taskId: 178 ETC: 12.8 priority: 0
  taskPos: 10 taskId: 593 ETC: 35.21 priority: 0
  taskPos: 11 taskId: 900 ETC: 9.03 priority: 0
  taskPos: 12 taskId: 60 ETC: 27.03 priority: 0
  taskPos: 13 taskId: 444 ETC: 0.31 priority: 0
  taskPos: 14 taskId: 10 ETC: 14.06 priority: 0
  taskPos: 15 taskId: 610 ETC: 9.44 priority: 0
  taskPos: 16 taskId: 263 ETC: 51.11 priority: 0
  taskPos: 17 taskId: 910 ETC: 5.47 priority: 0
  taskPos: 18 taskId: 470 ETC: 4.78 priority: 0
  taskPos: 19 taskId: 112 ETC: 11.67 priority: 0
  taskPos: 20 taskId: 574 ETC: 29.25 priority: 0
  taskPos: 21 taskId: 845 ETC: 5.74 priority: 0
  taskPos: 22 taskId: 29 ETC: 4.53 priority: 0
  taskPos: 23 taskId: 538 ETC: 3.03 priority: 0
  taskPos: 24 taskId: 557 ETC: 0.29 priority: 0
  taskPos: 25 taskId: 675 ETC: 4.11 priority: 0
  taskPos: 26 taskId: 655 ETC: 5.86 priority: 0
  taskPos: 27 taskId: 1014 ETC: 1.46 priority: 0
  taskPos: 28 taskId: 410 ETC: 30.3 priority: 0
  taskPos: 29 taskId: 852 ETC: 1.75 priority: 0
  taskPos: 30 taskId: 371 ETC: 0.58 priority: 0
> machineId: 10
  taskPos: 0 taskId: 181 ETC: 36.29 priority: 0
  taskPos: 1 taskId: 235 ETC: 4.1 priority: 0
  taskPos: 2 taskId: 712 ETC: 0.34 priority: 0
  taskPos: 3 taskId: 22 ETC: 20.66 priority: 0
  taskPos: 4 taskId: 601 ETC: 3.57 priority: 0
  taskPos: 5 taskId: 47 ETC: 4.57 priority: 0
  taskPos: 6 taskId: 366 ETC: 41.18 priority: 0
  taskPos: 7 taskId: 364 ETC: 13.78 priority: 0
  taskPos: 8 taskId: 65 ETC: 3.28 priority: 0
  taskPos: 9 taskId: 919 ETC: 8.62 priority: 0
  taskPos: 10 taskId: 400 ETC: 5.83 priority: 0
  taskPos: 11 taskId: 679 ETC: 25.89 priority: 0
  taskPos: 12 taskId: 26 ETC: 16.21 priority: 0
  taskPos: 13 taskId: 676 ETC: 12.25 priority: 0
  taskPos: 14 taskId: 818 ETC: 4.84 priority: 0
  taskPos: 15 taskId: 5 ETC: 46.64 priority: 0
  taskPos: 16 taskId: 941 ETC: 40.48 priority: 0
  taskPos: 17 taskId: 950 ETC: 9.78 priority: 0
  taskPos: 18 taskId: 865 ETC: 10.07 priority: 0
  taskPos: 19 taskId: 687 ETC: 9.25 priority: 0
  taskPos: 20 taskId: 218 ETC: 8.26 priority: 0
  taskPos: 21 taskId: 429 ETC: 41.23 priority: 0
  taskPos: 22 taskId: 370 ETC: 116.3 priority: 0
  taskPos: 23 taskId: 493 ETC: 8.17 priority: 0
  taskPos: 24 taskId: 423 ETC: 21.12 priority: 0
> machineId: 11
  taskPos: 0 taskId: 951 ETC: 7.75 priority: 0
  taskPos: 1 taskId: 155 ETC: 68.37 priority: 0
  taskPos: 2 taskId: 1015 ETC: 23.56 priority: 0
  taskPos: 3 taskId: 175 ETC: 18.75 priority: 0
  taskPos: 4 taskId: 309 ETC: 4.83 priority: 0
  taskPos: 5 taskId: 566 ETC: 8.16 priority: 0
  taskPos: 6 taskId: 715 ETC: 37.58 priority: 0
  taskPos: 7 taskId: 898 ETC: 39.14 priority: 0
  taskPos: 8 taskId: 106 ETC: 8.24 priority: 0
  taskPos: 9 taskId: 550 ETC: 6.27 priority: 0
  taskPos: 10 taskId: 607 ETC: 9.87 priority: 0
  taskPos: 11 taskId: 144 ETC: 72.15 priority: 0
  taskPos: 12 taskId: 526 ETC: 17.74 priority: 0
  taskPos: 13 taskId: 495 ETC: 30.57 priority: 0
  taskPos: 14 taskId: 854 ETC: 17.42 priority: 0
  taskPos: 15 taskId: 322 ETC: 12.78 priority: 0
  taskPos: 16 taskId: 56 ETC: 8.59 priority: 0
  taskPos: 17 taskId: 592 ETC: 35 priority: 0
  taskPos: 18 taskId: 513 ETC: 32.1 priority: 0
  taskPos: 19 taskId: 908 ETC: 9.38 priority: 0
  taskPos: 20 taskId: 788 ETC: 6.2 priority: 0
  taskPos: 21 taskId: 939 ETC: 11.51 priority: 0
  taskPos: 22 taskId: 863 ETC: 0.17 priority: 0
  taskPos: 23 taskId: 913 ETC: 8.49 priority: 0
  taskPos: 24 taskId: 745 ETC: 26.71 priority: 0
> machineId: 12
  taskPos: 0 taskId: 273 ETC: 2.73 priority: 0
  taskPos: 1 taskId: 884 ETC: 13.74 priority: 0
  taskPos: 2 taskId: 420 ETC: 24.14 priority: 0
  taskPos: 3 taskId: 35 ETC: 3.66 priority: 0
  taskPos: 4 taskId: 623 ETC: 4.48 priority: 0
  taskPos: 5 taskId: 396 ETC: 2.5 priority: 0
  taskPos: 6 taskId: 632 ETC: 2.98 priority: 0
  taskPos: 7 taskId: 33 ETC: 25.69 priority: 0
  taskPos: 8 taskId: 313 ETC: 51.21 priority: 0
  taskPos: 9 taskId: 904 ETC: 9.53 priority: 0
  taskPos: 10 taskId: 310 ETC: 0.1 priority: 0
  taskPos: 11 taskId: 689 ETC: 0.46 priority: 0
  taskPos: 12 taskId: 725 ETC: 25.42 priority: 0
  taskPos: 13 taskId: 764 ETC: 1.43 priority: 0
  taskPos: 14 taskId: 927 ETC: 15.77 priority: 0
  taskPos: 15 taskId: 285 ETC: 11.02 priority: 0
  taskPos: 16 taskId: 476 ETC: 0.67 priority: 0
  taskPos: 17 taskId: 278 ETC: 10.39 priority: 0
  taskPos: 18 taskId: 1013 ETC: 4.47 priority: 0
  taskPos: 19 taskId: 930 ETC: 13.44 priority: 0
  taskPos: 20 taskId: 167 ETC: 5.09 priority: 0
  taskPos: 21 taskId: 853 ETC: 18.63 priority: 0
  taskPos: 22 taskId: 730 ETC: 5.16 priority: 0
  taskPos: 23 taskId: 849 ETC: 47.47 priority: 0
  taskPos: 24 taskId: 12 ETC: 7.61 priority: 0
  taskPos: 25 taskId: 652 ETC: 10.78 priority: 0
  taskPos: 26 taskId: 318 ETC: 16.09 priority: 0
  taskPos: 27 taskId: 483 ETC: 3.51 priority: 0
  taskPos: 28 taskId: 964 ETC: 29.33 priority: 0
  taskPos: 29 taskId: 861 ETC: 33.15 priority: 0
  taskPos: 30 taskId: 103 ETC: 46.82 priority: 0
  taskPos: 31 taskId: 595 ETC: 5.02 priority: 0
  taskPos: 32 taskId: 615 ETC: 18.34 priority: 0
  taskPos: 33 taskId: 344 ETC: 2.54 priority: 0
  taskPos: 34 taskId: 620 ETC: 46.05 priority: 0
  taskPos: 35 taskId: 841 ETC: 1.49 priority: 0
  taskPos: 36 taskId: 749 ETC: 2.13 priority: 0
> machineId: 13
  taskPos: 0 taskId: 534 ETC: 39.46 priority: 0
  taskPos: 1 taskId: 363 ETC: 17.08 priority: 0
  taskPos: 2 taskId: 302 ETC: 46.59 priority: 0
  taskPos: 3 taskId: 225 ETC: 17.44 priority: 0
  taskPos: 4 taskId: 1017 ETC: 16.91 priority: 0
  taskPos: 5 taskId: 246 ETC: 4.81 priority: 0
  taskPos: 6 taskId: 716 ETC: 13.4 priority: 0
  taskPos: 7 taskId: 256 ETC: 5.47 priority: 0
  taskPos: 8 taskId: 834 ETC: 96.08 priority: 0
  taskPos: 9 taskId: 325 ETC: 18.66 priority: 0
  taskPos: 10 taskId: 937 ETC: 2.9 priority: 0
  taskPos: 11 taskId: 844 ETC: 43.31 priority: 0
  taskPos: 12 taskId: 247 ETC: 4.65 priority: 0
  taskPos: 13 taskId: 384 ETC: 5.41 priority: 0
  taskPos: 14 taskId: 838 ETC: 36.64 priority: 0
  taskPos: 15 taskId: 40 ETC: 28.9 priority: 0
  taskPos: 16 taskId: 648 ETC: 1.21 priority: 0
  taskPos: 17 taskId: 394 ETC: 0.65 priority: 0
  taskPos: 18 taskId: 923 ETC: 1.84 priority: 0
  taskPos: 19 taskId: 638 ETC: 2.23 priority: 0
  taskPos: 20 taskId: 794 ETC: 2.1 priority: 0
  taskPos: 21 taskId: 940 ETC: 34.1 priority: 0
  taskPos: 22 taskId: 760 ETC: 19.8 priority: 0
  taskPos: 23 taskId: 346 ETC: 5.16 priority: 0
  taskPos: 24 taskId: 970 ETC: 2.97 priority: 0
  taskPos: 25 taskId: 163 ETC: 4.74 priority: 0
  taskPos: 26 taskId: 956 ETC: 0.2 priority: 0
  taskPos: 27 taskId: 487 ETC: 10.5 priority: 0
  taskPos: 28 taskId: 584 ETC: 1.3 priority: 0
  taskPos: 29 taskId: 668 ETC: 4.94 priority: 0
  taskPos: 30 taskId: 123 ETC: 6.26 priority: 0
  taskPos: 31 taskId: 876 ETC: 17.05 priority: 0
  taskPos: 32 taskId: 634 ETC: 3.31 priority: 0
  taskPos: 33 taskId: 931 ETC: 0.43 priority: 0
  taskPos: 34 taskId: 447 ETC: 0.57 priority: 0
  taskPos: 35 taskId: 182 ETC: 2.12 priority: 0
> machineId: 14
  taskPos: 0 taskId: 848 ETC: 54.88 priority: 0
  taskPos: 1 taskId: 229 ETC: 13.41 priority: 0
  taskPos: 2 taskId: 790 ETC: 57.48 priority: 0
  taskPos: 3 taskId: 500 ETC: 0.1 priority: 0
  taskPos: 4 taskId: 418 ETC: 4.84 priority: 0
  taskPos: 5 taskId: 813 ETC: 15.52 priority: 0
  taskPos: 6 taskId: 562 ETC: 25.1 priority: 0
  taskPos: 7 taskId: 73 ETC: 6.38 priority: 0
  taskPos: 8 taskId: 732 ETC: 10.52 priority: 0
  taskPos: 9 taskId: 573 ETC: 2.73 priority: 0
  taskPos: 10 taskId: 114 ETC: 19.03 priority: 0
  taskPos: 11 taskId: 579 ETC: 4.09 priority: 0
  taskPos: 12 taskId: 401 ETC: 4.97 priority: 0
  taskPos: 13 taskId: 561 ETC: 18.13 priority: 0
  taskPos: 14 taskId: 266 ETC: 0.28 priority: 0
  taskPos: 15 taskId: 630 ETC: 8.35 priority: 0
  taskPos: 16 taskId: 150 ETC: 49.23 priority: 0
  taskPos: 17 taskId: 184 ETC: 45.98 priority: 0
  taskPos: 18 taskId: 1020 ETC: 3.95 priority: 0
  taskPos: 19 taskId: 442 ETC: 2.39 priority: 0
  taskPos: 20 taskId: 460 ETC: 15.25 priority: 0
  taskPos: 21 taskId: 404 ETC: 46.62 priority: 0
  taskPos: 22 taskId: 611 ETC: 6.21 priority: 0
  taskPos: 23 taskId: 166 ETC: 21.08 priority: 0
  taskPos: 24 taskId: 797 ETC: 4.26 priority: 0
  taskPos: 25 taskId: 398 ETC: 45.72 priority: 0
  taskPos: 26 taskId: 25 ETC: 9.76 priority: 0
  taskPos: 27 taskId: 614 ETC: 6.76 priority: 0
  taskPos: 28 taskId: 819 ETC: 20.03 priority: 0
> machineId: 15
  taskPos: 0 taskId: 425 ETC: 2.64 priority: 0
  taskPos: 1 taskId: 126 ETC: 38.2 priority: 0
  taskPos: 2 taskId: 197 ETC: 53.31 priority: 0
  taskPos: 3 taskId: 871 ETC: 18.54 priority: 0
  taskPos: 4 taskId: 691 ETC: 0.15 priority: 0
  taskPos: 5 taskId: 583 ETC: 67.38 priority: 0
  taskPos: 6 taskId: 223 ETC: 3.45 priority: 0
  taskPos: 7 taskId: 681 ETC: 29.92 priority: 0
  taskPos: 8 taskId: 139 ETC: 7.72 priority: 0
  taskPos: 9 taskId: 754 ETC: 1.1 priority: 0
  taskPos: 10 taskId: 38 ETC: 3.26 priority: 0
  taskPos: 11 taskId: 929 ETC: 0.78 priority: 0
  taskPos: 12 taskId: 521 ETC: 12.63 priority: 0
  taskPos: 13 taskId: 373 ETC: 5.01 priority: 0
  taskPos: 14 taskId: 375 ETC: 3.15 priority: 0
  taskPos: 15 taskId: 711 ETC: 2.99 priority: 0
  taskPos: 16 taskId: 353 ETC: 56.02 priority: 0
  taskPos: 17 taskId: 358 ETC: 8.15 priority: 0
  taskPos: 18 taskId: 564 ETC: 15.37 priority: 0
  taskPos: 19 taskId: 646 ETC: 10.66 priority: 0
  taskPos: 20 taskId: 698 ETC: 9.24 priority: 0
  taskPos: 21 taskId: 432 ETC: 6.38 priority: 0
  taskPos: 22 taskId: 565 ETC: 9.92 priority: 0
  taskPos: 23 taskId: 241 ETC: 17.84 priority: 0
  taskPos: 24 taskId: 976 ETC: 1.5 priority: 0
  taskPos: 25 taskId: 588 ETC: 44.35 priority: 0
  taskPos: 26 taskId: 619 ETC: 22.26 priority: 0
  taskPos: 27 taskId: 36 ETC: 2 priority: 0
  taskPos: 28 taskId: 455 ETC: 12.44 priority: 0
  taskPos: 29 taskId: 563 ETC: 35.69 priority: 0
  taskPos: 30 taskId: 369 ETC: 2.43 priority: 0
  taskPos: 31 taskId: 172 ETC: 0.25 priority: 0
  taskPos: 32 taskId: 949 ETC: 0.18 priority: 0
  taskPos: 33 taskId: 511 ETC: 2.2 priority: 0
  taskPos: 34 taskId: 465 ETC: 1.45 priority: 0
  taskPos: 35 taskId: 948 ETC: 1.27 priority: 0
  taskPos: 36 taskId: 113 ETC: 0.2 priority: 0
  taskPos: 37 taskId: 83 ETC: 1.06 priority: 0
  taskPos: 38 taskId: 461 ETC: 6.67 priority: 0
> machineId: 16
  taskPos: 0 taskId: 728 ETC: 35.81 priority: 0
  taskPos: 1 taskId: 275 ETC: 9.43 priority: 0
  taskPos: 2 taskId: 72 ETC: 44.09 priority: 0
  taskPos: 3 taskId: 605 ETC: 3.51 priority: 0
  taskPos: 4 taskId: 471 ETC: 14.98 priority: 0
  taskPos: 5 taskId: 653 ETC: 7.59 priority: 0
  taskPos: 6 taskId: 122 ETC: 9.57 priority: 0
  taskPos: 7 taskId: 154 ETC: 3.24 priority: 0
  taskPos: 8 taskId: 896 ETC: 96.92 priority: 0
  taskPos: 9 taskId: 30 ETC: 51.25 priority: 0
  taskPos: 10 taskId: 91 ETC: 5.41 priority: 0
  taskPos: 11 taskId: 213 ETC: 5.57 priority: 0
  taskPos: 12 taskId: 631 ETC: 27.91 priority: 0
  taskPos: 13 taskId: 288 ETC: 4.48 priority: 0
  taskPos: 14 taskId: 351 ETC: 29.59 priority: 0
  taskPos: 15 taskId: 1 ETC: 17.46 priority: 0
  taskPos: 16 taskId: 957 ETC: 14.11 priority: 0
  taskPos: 17 taskId: 450 ETC: 51.89 priority: 0
  taskPos: 18 taskId: 637 ETC: 7.31 priority: 0
  taskPos: 19 taskId: 666 ETC: 12.6 priority: 0
  taskPos: 20 taskId: 14 ETC: 24.81 priority: 0
  taskPos: 21 taskId: 437 ETC: 5.95 priority: 0
  taskPos: 22 taskId: 680 ETC: 1.46 priority: 0
  taskPos: 23 taskId: 61 ETC: 1.94 priority: 0
  taskPos: 24 taskId: 856 ETC: 1.73 priority: 0
  taskPos: 25 taskId: 843 ETC: 0.1 priority: 0
  taskPos: 26 taskId: 89 ETC: 8.59 priority: 0
  taskPos: 27 taskId: 800 ETC: 0.27 priority: 0
  taskPos: 28 taskId: 600 ETC: 12.5 priority: 0
  taskPos: 29 taskId: 102 ETC: 0.63 priority: 0
  taskPos: 30 taskId: 702 ETC: 5.18 priority: 0
  taskPos: 31 taskId: 701 ETC: 0.92 priority: 0
  taskPos: 32 taskId: 433 ETC: 6.47 priority: 0
  taskPos: 33 taskId: 1012 ETC: 0.22 priority: 0
> machineId: 17
  taskPos: 0 taskId: 490 ETC: 48.38 priority: 0
  taskPos: 1 taskId: 479 ETC: 3.47 priority: 0
  taskPos: 2 taskId: 963 ETC: 5.6 priority: 0
  taskPos: 3 taskId: 311 ETC: 7.34 priority: 0
  taskPos: 4 taskId: 858 ETC: 48.05 priority: 0
  taskPos: 5 taskId: 492 ETC: 10.29 priority: 0
  taskPos: 6 taskId: 967 ETC: 0.54 priority: 0
  taskPos: 7 taskId: 890 ETC: 4.78 priority: 0
  taskPos: 8 taskId: 377 ETC: 6.78 priority: 0
  taskPos: 9 taskId: 907 ETC: 2.59 priority: 0
  taskPos: 10 taskId: 840 ETC: 12.66 priority: 0
  taskPos: 11 taskId: 190 ETC: 51.15 priority: 0
  taskPos: 12 taskId: 284 ETC: 17.2 priority: 0
  taskPos: 13 taskId: 134 ETC: 10.45 priority: 0
  taskPos: 14 taskId: 555 ETC: 12.29 priority: 0
  taskPos: 15 taskId: 804 ETC: 47.27 priority: 0
  taskPos: 16 taskId: 986 ETC: 5.04 priority: 0
  taskPos: 17 taskId: 888 ETC: 7.53 priority: 0
  taskPos: 18 taskId: 491 ETC: 24.02 priority: 0
  taskPos: 19 taskId: 254 ETC: 22.71 priority: 0
  taskPos: 20 taskId: 356 ETC: 27.21 priority: 0
  taskPos: 21 taskId: 341 ETC: 8.66 priority: 0
  taskPos: 22 taskId: 505 ETC: 7.55 priority: 0
  taskPos: 23 taskId: 673 ETC: 2.68 priority: 0
  taskPos: 24 taskId: 140 ETC: 2.96 priority: 0
  taskPos: 25 taskId: 360 ETC: 25.38 priority: 0
  taskPos: 26 taskId: 706 ETC: 1.58 priority: 0
  taskPos: 27 taskId: 477 ETC: 3.19 priority: 0
  taskPos: 28 taskId: 753 ETC: 3.02 priority: 0
  taskPos: 29 taskId: 532 ETC: 19.07 priority: 0
  taskPos: 30 taskId: 857 ETC: 3.64 priority: 0
  taskPos: 31 taskId: 783 ETC: 7.16 priority: 0
  taskPos: 32 taskId: 824 ETC: 5.74 priority: 0
  taskPos: 33 taskId: 286 ETC: 18.51 priority: 0
  taskPos: 34 taskId: 267 ETC: 4.18 priority: 0
  taskPos: 35 taskId: 591 ETC: 11.54 priority: 0
  taskPos: 36 taskId: 690 ETC: 0.47 priority: 0
  taskPos: 37 taskId: 231 ETC: 10.85 priority: 0
> machineId: 18
  taskPos: 0 taskId: 587 ETC: 8.14 priority: 0
  taskPos: 1 taskId: 879 ETC: 6.13 priority: 0
  taskPos: 2 taskId: 710 ETC: 33.59 priority: 0
  taskPos: 3 taskId: 776 ETC: 25.11 priority: 0
  taskPos: 4 taskId: 625 ETC: 46.89 priority: 0
  taskPos: 5 taskId: 131 ETC: 32.75 priority: 0
  taskPos: 6 taskId: 823 ETC: 33.38 priority: 0
  taskPos: 7 taskId: 328 ETC: 19.57 priority: 0
  taskPos: 8 taskId: 616 ETC: 15.77 priority: 0
  taskPos: 9 taskId: 357 ETC: 1.96 priority: 0
  taskPos: 10 taskId: 642 ETC: 5.42 priority: 0
  taskPos: 11 taskId: 52 ETC: 18.84 priority: 0
  taskPos: 12 taskId: 458 ETC: 6.81 priority: 0
  taskPos: 13 taskId: 305 ETC: 17.18 priority: 0
  taskPos: 14 taskId: 972 ETC: 22.13 priority: 0
  taskPos: 15 taskId: 934 ETC: 11.12 priority: 0
  taskPos: 16 taskId: 105 ETC: 23.11 priority: 0
  taskPos: 17 taskId: 407 ETC: 2.66 priority: 0
  taskPos: 18 taskId: 796 ETC: 0.54 priority: 0
  taskPos: 19 taskId: 594 ETC: 0.41 priority: 0
  taskPos: 20 taskId: 296 ETC: 7.29 priority: 0
  taskPos: 21 taskId: 255 ETC: 0.44 priority: 0
  taskPos: 22 taskId: 705 ETC: 2.44 priority: 0
  taskPos: 23 taskId: 527 ETC: 16.49 priority: 0
  taskPos: 24 taskId: 792 ETC: 3.76 priority: 0
  taskPos: 25 taskId: 645 ETC: 5.3 priority: 0
  taskPos: 26 taskId: 427 ETC: 14.93 priority: 0
  taskPos: 27 taskId: 1003 ETC: 14.11 priority: 0
  taskPos: 28 taskId: 307 ETC: 5.65 priority: 0
  taskPos: 29 taskId: 533 ETC: 4.6 priority: 0
  taskPos: 30 taskId: 714 ETC: 30.44 priority: 0
  taskPos: 31 taskId: 978 ETC: 85.34 priority: 0
> machineId: 19
  taskPos: 0 taskId: 999 ETC: 12.57 priority: 0
  taskPos: 1 taskId: 782 ETC: 8.16 priority: 0
  taskPos: 2 taskId: 671 ETC: 12.69 priority: 0
  taskPos: 3 taskId: 439 ETC: 10.8 priority: 0
  taskPos: 4 taskId: 837 ETC: 0.7 priority: 0
  taskPos: 5 taskId: 406 ETC: 0.62 priority: 0
  taskPos: 6 taskId: 761 ETC: 11.71 priority: 0
  taskPos: 7 taskId: 295 ETC: 17.34 priority: 0
  taskPos: 8 taskId: 693 ETC: 2.26 priority: 0
  taskPos: 9 taskId: 434 ETC: 5.95 priority: 0
  taskPos: 10 taskId: 339 ETC: 13.69 priority: 0
  taskPos: 11 taskId: 153 ETC: 3.2 priority: 0
  taskPos: 12 taskId: 580 ETC: 24.21 priority: 0
  taskPos: 13 taskId: 541 ETC: 38.14 priority: 0
  taskPos: 14 taskId: 381 ETC: 13.14 priority: 0
  taskPos: 15 taskId: 768 ETC: 2.48 priority: 0
  taskPos: 16 taskId: 451 ETC: 22.34 priority: 0
  taskPos: 17 taskId: 808 ETC: 9.34 priority: 0
  taskPos: 18 taskId: 669 ETC: 4.76 priority: 0
  taskPos: 19 taskId: 757 ETC: 38.71 priority: 0
  taskPos: 20 taskId: 864 ETC: 12.07 priority: 0
  taskPos: 21 taskId: 887 ETC: 9.47 priority: 0
  taskPos: 22 taskId: 795 ETC: 29.7 priority: 0
  taskPos: 23 taskId: 21 ETC: 51.59 priority: 0
  taskPos: 24 taskId: 499 ETC: 2.93 priority: 0
  taskPos: 25 taskId: 603 ETC: 18.86 priority: 0
  taskPos: 26 taskId: 161 ETC: 5.68 priority: 0
  taskPos: 27 taskId: 428 ETC: 7.78 priority: 0
  taskPos: 28 taskId: 552 ETC: 4.93 priority: 0
  taskPos: 29 taskId: 92 ETC: 5.3 priority: 0
  taskPos: 30 taskId: 343 ETC: 11.73 priority: 0
  taskPos: 31 taskId: 274 ETC: 9.56 priority: 0
  taskPos: 32 taskId: 8 ETC: 20.25 priority: 0
  taskPos: 33 taskId: 506 ETC: 10.34 priority: 0
  taskPos: 34 taskId: 990 ETC: 2.42 priority: 0
  taskPos: 35 taskId: 731 ETC: 2.48 priority: 0
  taskPos: 36 taskId: 777 ETC: 4.03 priority: 0
  taskPos: 37 taskId: 200 ETC: 13.33 priority: 0
  taskPos: 38 taskId: 878 ETC: 13.15 priority: 0
  taskPos: 39 taskId: 581 ETC: 0.24 priority: 0
  taskPos: 40 taskId: 752 ETC: 2.32 priority: 0
  taskPos: 41 taskId: 445 ETC: 6.58 priority: 0
  taskPos: 42 taskId: 1019 ETC: 4.37 priority: 0
  taskPos: 43 taskId: 507 ETC: 1.25 priority: 0
  taskPos: 44 taskId: 906 ETC: 6.15 priority: 0
  taskPos: 45 taskId: 130 ETC: 1.39 priority: 0
  taskPos: 46 taskId: 159 ETC: 11.9 priority: 0
> machineId: 20
  taskPos: 0 taskId: 985 ETC: 14.41 priority: 0
  taskPos: 1 taskId: 6 ETC: 30.47 priority: 0
  taskPos: 2 taskId: 127 ETC: 41.99 priority: 0
  taskPos: 3 taskId: 722 ETC: 2.06 priority: 0
  taskPos: 4 taskId: 77 ETC: 16.17 priority: 0
  taskPos: 5 taskId: 17 ETC: 30.98 priority: 0
  taskPos: 6 taskId: 586 ETC: 33.03 priority: 0
  taskPos: 7 taskId: 548 ETC: 10 priority: 0
  taskPos: 8 taskId: 1009 ETC: 2.34 priority: 0
  taskPos: 9 taskId: 268 ETC: 62.74 priority: 0
  taskPos: 10 taskId: 1000 ETC: 7.79 priority: 0
  taskPos: 11 taskId: 955 ETC: 0.36 priority: 0
  taskPos: 12 taskId: 443 ETC: 21.07 priority: 0
  taskPos: 13 taskId: 924 ETC: 2.72 priority: 0
  taskPos: 14 taskId: 230 ETC: 27.04 priority: 0
  taskPos: 15 taskId: 569 ETC: 13.72 priority: 0
  taskPos: 16 taskId: 542 ETC: 4.38 priority: 0
  taskPos: 17 taskId: 395 ETC: 29.66 priority: 0
  taskPos: 18 taskId: 664 ETC: 2.7 priority: 0
  taskPos: 19 taskId: 216 ETC: 0.77 priority: 0
  taskPos: 20 taskId: 633 ETC: 51.01 priority: 0
  taskPos: 21 taskId: 417 ETC: 1.23 priority: 0
  taskPos: 22 taskId: 306 ETC: 1.53 priority: 0
  taskPos: 23 taskId: 90 ETC: 4.01 priority: 0
  taskPos: 24 taskId: 11 ETC: 0.25 priority: 0
  taskPos: 25 taskId: 688 ETC: 21.38 priority: 0
  taskPos: 26 taskId: 419 ETC: 4.96 priority: 0
  taskPos: 27 taskId: 191 ETC: 21.55 priority: 0
  taskPos: 28 taskId: 121 ETC: 20.26 priority: 0
  taskPos: 29 taskId: 649 ETC: 32.1 priority: 0
> machineId: 21
  taskPos: 0 taskId: 784 ETC: 0.59 priority: 0
  taskPos: 1 taskId: 385 ETC: 10.24 priority: 0
  taskPos: 2 taskId: 916 ETC: 38.16 priority: 0
  taskPos: 3 taskId: 435 ETC: 7.62 priority: 0
  taskPos: 4 taskId: 524 ETC: 7.18 priority: 0
  taskPos: 5 taskId: 992 ETC: 85.53 priority: 0
  taskPos: 6 taskId: 75 ETC: 8.07 priority: 0
  taskPos: 7 taskId: 393 ETC: 27.69 priority: 0
  taskPos: 8 taskId: 575 ETC: 5.71 priority: 0
  taskPos: 9 taskId: 308 ETC: 18.91 priority: 0
  taskPos: 10 taskId: 496 ETC: 41.2 priority: 0
  taskPos: 11 taskId: 323 ETC: 10.37 priority: 0
  taskPos: 12 taskId: 293 ETC: 14.27 priority: 0
  taskPos: 13 taskId: 961 ETC: 11.85 priority: 0
  taskPos: 14 taskId: 233 ETC: 0.87 priority: 0
  taskPos: 15 taskId: 546 ETC: 7.35 priority: 0
  taskPos: 16 taskId: 485 ETC: 7.09 priority: 0
  taskPos: 17 taskId: 918 ETC: 30.11 priority: 0
  taskPos: 18 taskId: 299 ETC: 6.4 priority: 0
  taskPos: 19 taskId: 179 ETC: 30.02 priority: 0
  taskPos: 20 taskId: 3 ETC: 0.41 priority: 0
  taskPos: 21 taskId: 791 ETC: 7.93 priority: 0
  taskPos: 22 taskId: 897 ETC: 11.59 priority: 0
  taskPos: 23 taskId: 494 ETC: 7.03 priority: 0
  taskPos: 24 taskId: 405 ETC: 11.1 priority: 0
  taskPos: 25 taskId: 9 ETC: 1.05 priority: 0
  taskPos: 26 taskId: 582 ETC: 22.57 priority: 0
  taskPos: 27 taskId: 480 ETC: 18.09 priority: 0
  taskPos: 28 taskId: 617 ETC: 4.81 priority: 0
  taskPos: 29 taskId: 707 ETC: 6.08 priority: 0
  taskPos: 30 taskId: 741 ETC: 16.94 priority: 0
  taskPos: 31 taskId: 378 ETC: 32.59 priority: 0
> machineId: 22
  taskPos: 0 taskId: 659 ETC: 0.51 priority: 0
  taskPos: 1 taskId: 509 ETC: 40.19 priority: 0
  taskPos: 2 taskId: 520 ETC: 44.1 priority: 0
  taskPos: 3 taskId: 314 ETC: 17.52 priority: 0
  taskPos: 4 taskId: 590 ETC: 18.5 priority: 0
  taskPos: 5 taskId: 571 ETC: 19.23 priority: 0
  taskPos: 6 taskId: 1005 ETC: 24.39 priority: 0
  taskPos: 7 taskId: 71 ETC: 7.84 priority: 0
  taskPos: 8 taskId: 53 ETC: 21.6 priority: 0
  taskPos: 9 taskId: 674 ETC: 46.92 priority: 0
  taskPos: 10 taskId: 684 ETC: 61.54 priority: 0
  taskPos: 11 taskId: 626 ETC: 6.73 priority: 0
  taskPos: 12 taskId: 568 ETC: 16.23 priority: 0
  taskPos: 13 taskId: 399 ETC: 36.53 priority: 0
  taskPos: 14 taskId: 894 ETC: 5.16 priority: 0
  taskPos: 15 taskId: 414 ETC: 15.27 priority: 0
  taskPos: 16 taskId: 779 ETC: 0.13 priority: 0
  taskPos: 17 taskId: 58 ETC: 1.31 priority: 0
  taskPos: 18 taskId: 697 ETC: 10.94 priority: 0
  taskPos: 19 taskId: 135 ETC: 4.04 priority: 0
  taskPos: 20 taskId: 677 ETC: 2.98 priority: 0
  taskPos: 21 taskId: 466 ETC: 14.6 priority: 0
  taskPos: 22 taskId: 372 ETC: 3.16 priority: 0
  taskPos: 23 taskId: 301 ETC: 5.25 priority: 0
  taskPos: 24 taskId: 651 ETC: 19.8 priority: 0
  taskPos: 25 taskId: 270 ETC: 12.96 priority: 0
  taskPos: 26 taskId: 696 ETC: 10.63 priority: 0
  taskPos: 27 taskId: 606 ETC: 7.15 priority: 0
  taskPos: 28 taskId: 337 ETC: 8.92 priority: 0
  taskPos: 29 taskId: 935 ETC: 10.49 priority: 0
  taskPos: 30 taskId: 424 ETC: 14.23 priority: 0
  taskPos: 31 taskId: 2 ETC: 14.52 priority: 0
> machineId: 23
  taskPos: 0 taskId: 942 ETC: 8.23 priority: 0
  taskPos: 1 taskId: 1006 ETC: 8.4 priority: 0
  taskPos: 2 taskId: 658 ETC: 17.62 priority: 0
  taskPos: 3 taskId: 670 ETC: 9.04 priority: 0
  taskPos: 4 taskId: 240 ETC: 7.16 priority: 0
  taskPos: 5 taskId: 867 ETC: 12.73 priority: 0
  taskPos: 6 taskId: 1002 ETC: 23.36 priority: 0
  taskPos: 7 taskId: 271 ETC: 8.06 priority: 0
  taskPos: 8 taskId: 242 ETC: 12.6 priority: 0
  taskPos: 9 taskId: 917 ETC: 9.64 priority: 0
  taskPos: 10 taskId: 335 ETC: 39.71 priority: 0
  taskPos: 11 taskId: 869 ETC: 22.04 priority: 0
  taskPos: 12 taskId: 157 ETC: 0.08 priority: 0
  taskPos: 13 taskId: 350 ETC: 20.03 priority: 0
  taskPos: 14 taskId: 237 ETC: 12.74 priority: 0
  taskPos: 15 taskId: 281 ETC: 1.66 priority: 0
  taskPos: 16 taskId: 773 ETC: 5.08 priority: 0
  taskPos: 17 taskId: 217 ETC: 7.08 priority: 0
  taskPos: 18 taskId: 874 ETC: 3.7 priority: 0
  taskPos: 19 taskId: 67 ETC: 0.74 priority: 0
  taskPos: 20 taskId: 388 ETC: 11.74 priority: 0
  taskPos: 21 taskId: 194 ETC: 13.83 priority: 0
  taskPos: 22 taskId: 333 ETC: 2.74 priority: 0
  taskPos: 23 taskId: 859 ETC: 24.62 priority: 0
  taskPos: 24 taskId: 578 ETC: 11.56 priority: 0
  taskPos: 25 taskId: 367 ETC: 5.27 priority: 0
  taskPos: 26 taskId: 220 ETC: 29.22 priority: 0
  taskPos: 27 taskId: 203 ETC: 27.57 priority: 0
  taskPos: 28 taskId: 770 ETC: 14.51 priority: 0
  taskPos: 29 taskId: 647 ETC: 35.49 priority: 0
  taskPos: 30 taskId: 938 ETC: 14.86 priority: 0
  taskPos: 31 taskId: 125 ETC: 8.03 priority: 0
  taskPos: 32 taskId: 1001 ETC: 9.01 priority: 0
  taskPos: 33 taskId: 290 ETC: 11.69 priority: 0
  taskPos: 34 taskId: 683 ETC: 10.47 priority: 0
  taskPos: 35 taskId: 826 ETC: 26.85 priority: 0
  taskPos: 36 taskId: 980 ETC: 24.47 priority: 0
  taskPos: 37 taskId: 836 ETC: 4.01 priority: 0
> machineId: 24
  taskPos: 0 taskId: 544 ETC: 45.76 priority: 0
  taskPos: 1 taskId: 59 ETC: 79.5 priority: 0
  taskPos: 2 taskId: 962 ETC: 13.24 priority: 0
  taskPos: 3 taskId: 291 ETC: 0.08 priority: 0
  taskPos: 4 taskId: 928 ETC: 6.71 priority: 0
  taskPos: 5 taskId: 390 ETC: 1.66 priority: 0
  taskPos: 6 taskId: 798 ETC: 10.03 priority: 0
  taskPos: 7 taskId: 481 ETC: 18.67 priority: 0
  taskPos: 8 taskId: 866 ETC: 23.33 priority: 0
  taskPos: 9 taskId: 877 ETC: 22.84 priority: 0
  taskPos: 10 taskId: 540 ETC: 5.6 priority: 0
  taskPos: 11 taskId: 802 ETC: 5.6 priority: 0
  taskPos: 12 taskId: 597 ETC: 113.56 priority: 0
  taskPos: 13 taskId: 226 ETC: 5.23 priority: 0
  taskPos: 14 taskId: 484 ETC: 5.19 priority: 0
  taskPos: 15 taskId: 589 ETC: 19.01 priority: 0
  taskPos: 16 taskId: 713 ETC: 3.79 priority: 0
  taskPos: 17 taskId: 508 ETC: 1.8 priority: 0
  taskPos: 18 taskId: 294 ETC: 57.48 priority: 0
  taskPos: 19 taskId: 100 ETC: 2.85 priority: 0
  taskPos: 20 taskId: 988 ETC: 2.78 priority: 0
  taskPos: 21 taskId: 657 ETC: 37.77 priority: 0
  taskPos: 22 taskId: 250 ETC: 1.05 priority: 0
  taskPos: 23 taskId: 775 ETC: 6.67 priority: 0
  taskPos: 24 taskId: 111 ETC: 1.06 priority: 0
  taskPos: 25 taskId: 174 ETC: 14.23 priority: 0
> machineId: 25
  taskPos: 0 taskId: 208 ETC: 29.89 priority: 0
  taskPos: 1 taskId: 738 ETC: 12.77 priority: 0
  taskPos: 2 taskId: 277 ETC: 6.11 priority: 0
  taskPos: 3 taskId: 721 ETC: 10.17 priority: 0
  taskPos: 4 taskId: 780 ETC: 1.86 priority: 0
  taskPos: 5 taskId: 158 ETC: 16.13 priority: 0
  taskPos: 6 taskId: 43 ETC: 5.04 priority: 0
  taskPos: 7 taskId: 361 ETC: 52.4 priority: 0
  taskPos: 8 taskId: 656 ETC: 2.86 priority: 0
  taskPos: 9 taskId: 663 ETC: 23.18 priority: 0
  taskPos: 10 taskId: 408 ETC: 36 priority: 0
  taskPos: 11 taskId: 162 ETC: 52.2 priority: 0
  taskPos: 12 taskId: 498 ETC: 61.68 priority: 0
  taskPos: 13 taskId: 411 ETC: 3.04 priority: 0
  taskPos: 14 taskId: 870 ETC: 34.38 priority: 0
  taskPos: 15 taskId: 238 ETC: 44.15 priority: 0
  taskPos: 16 taskId: 820 ETC: 13.73 priority: 0
  taskPos: 17 taskId: 799 ETC: 78.41 priority: 0
  taskPos: 18 taskId: 380 ETC: 10.07 priority: 0
  taskPos: 19 taskId: 382 ETC: 3.33 priority: 0
  taskPos: 20 taskId: 54 ETC: 12.49 priority: 0
> machineId: 26
  taskPos: 0 taskId: 734 ETC: 23.3 priority: 0
  taskPos: 1 taskId: 171 ETC: 34.59 priority: 0
  taskPos: 2 taskId: 183 ETC: 29.04 priority: 0
  taskPos: 3 taskId: 227 ETC: 0.93 priority: 0
  taskPos: 4 taskId: 438 ETC: 41.49 priority: 0
  taskPos: 5 taskId: 991 ETC: 2.87 priority: 0
  taskPos: 6 taskId: 338 ETC: 25.75 priority: 0
  taskPos: 7 taskId: 831 ETC: 3.06 priority: 0
  taskPos: 8 taskId: 960 ETC: 2.71 priority: 0
  taskPos: 9 taskId: 759 ETC: 53.5 priority: 0
  taskPos: 10 taskId: 729 ETC: 0.02 priority: 0
  taskPos: 11 taskId: 415 ETC: 3.99 priority: 0
  taskPos: 12 taskId: 368 ETC: 24.73 priority: 0
  taskPos: 13 taskId: 168 ETC: 0.65 priority: 0
  taskPos: 14 taskId: 39 ETC: 46.3 priority: 0
  taskPos: 15 taskId: 789 ETC: 1.68 priority: 0
  taskPos: 16 taskId: 781 ETC: 40.55 priority: 0
  taskPos: 17 taskId: 199 ETC: 45.28 priority: 0
  taskPos: 18 taskId: 96 ETC: 46.93 priority: 0
  taskPos: 19 taskId: 504 ETC: 31.85 priority: 0
  taskPos: 20 taskId: 486 ETC: 60.59 priority: 0
> machineId: 27
  taskPos: 0 taskId: 24 ETC: 37.35 priority: 0
  taskPos: 1 taskId: 110 ETC: 0.75 priority: 0
  taskPos: 2 taskId: 641 ETC: 23.21 priority: 0
  taskPos: 3 taskId: 193 ETC: 45.89 priority: 0
  taskPos: 4 taskId: 259 ETC: 4.73 priority: 0
  taskPos: 5 taskId: 104 ETC: 37.93 priority: 0
  taskPos: 6 taskId: 129 ETC: 20.5 priority: 0
  taskPos: 7 taskId: 4 ETC: 3.94 priority: 0
  taskPos: 8 taskId: 751 ETC: 2.66 priority: 0
  taskPos: 9 taskId: 769 ETC: 0.35 priority: 0
  taskPos: 10 taskId: 739 ETC: 27.81 priority: 0
  taskPos: 11 taskId: 169 ETC: 36.81 priority: 0
  taskPos: 12 taskId: 915 ETC: 4.97 priority: 0
  taskPos: 13 taskId: 953 ETC: 0.35 priority: 0
  taskPos: 14 taskId: 142 ETC: 7.76 priority: 0
  taskPos: 15 taskId: 456 ETC: 20.32 priority: 0
  taskPos: 16 taskId: 686 ETC: 53.88 priority: 0
  taskPos: 17 taskId: 23 ETC: 4.24 priority: 0
  taskPos: 18 taskId: 944 ETC: 1.15 priority: 0
  taskPos: 19 taskId: 1021 ETC: 12.76 priority: 0
  taskPos: 20 taskId: 971 ETC: 0.78 priority: 0
  taskPos: 21 taskId: 204 ETC: 9.64 priority: 0
  taskPos: 22 taskId: 355 ETC: 23.9 priority: 0
  taskPos: 23 taskId: 529 ETC: 1.02 priority: 0
  taskPos: 24 taskId: 682 ETC: 14.62 priority: 0
  taskPos: 25 taskId: 468 ETC: 12.76 priority: 0
  taskPos: 26 taskId: 85 ETC: 3.79 priority: 0
  taskPos: 27 taskId: 149 ETC: 3.86 priority: 0
  taskPos: 28 taskId: 118 ETC: 0.01 priority: 0
  taskPos: 29 taskId: 772 ETC: 21.35 priority: 0
  taskPos: 30 taskId: 975 ETC: 64.87 priority: 0
  taskPos: 31 taskId: 234 ETC: 0.81 priority: 0
> machineId: 28
  taskPos: 0 taskId: 755 ETC: 5.43 priority: 0
  taskPos: 1 taskId: 128 ETC: 18.31 priority: 0
  taskPos: 2 taskId: 15 ETC: 23 priority: 0
  taskPos: 3 taskId: 624 ETC: 31.46 priority: 0
  taskPos: 4 taskId: 1008 ETC: 3.1 priority: 0
  taskPos: 5 taskId: 835 ETC: 18.27 priority: 0
  taskPos: 6 taskId: 441 ETC: 12.03 priority: 0
  taskPos: 7 taskId: 258 ETC: 45.85 priority: 0
  taskPos: 8 taskId: 489 ETC: 10.83 priority: 0
  taskPos: 9 taskId: 995 ETC: 3.96 priority: 0
  taskPos: 10 taskId: 727 ETC: 35.29 priority: 0
  taskPos: 11 taskId: 13 ETC: 6.35 priority: 0
  taskPos: 12 taskId: 252 ETC: 0.69 priority: 0
  taskPos: 13 taskId: 300 ETC: 6 priority: 0
  taskPos: 14 taskId: 176 ETC: 6.28 priority: 0
  taskPos: 15 taskId: 654 ETC: 19.65 priority: 0
  taskPos: 16 taskId: 596 ETC: 32.45 priority: 0
  taskPos: 17 taskId: 327 ETC: 6.76 priority: 0
  taskPos: 18 taskId: 868 ETC: 8.64 priority: 0
  taskPos: 19 taskId: 416 ETC: 14.82 priority: 0
  taskPos: 20 taskId: 45 ETC: 13.95 priority: 0
  taskPos: 21 taskId: 412 ETC: 6.94 priority: 0
  taskPos: 22 taskId: 336 ETC: 8.42 priority: 0
  taskPos: 23 taskId: 742 ETC: 28.46 priority: 0
  taskPos: 24 taskId: 148 ETC: 1.63 priority: 0
  taskPos: 25 taskId: 453 ETC: 131.13 priority: 0
  taskPos: 26 taskId: 598 ETC: 21.03 priority: 0
> machineId: 29
  taskPos: 0 taskId: 793 ETC: 8.6 priority: 0
  taskPos: 1 taskId: 69 ETC: 3.87 priority: 0
  taskPos: 2 taskId: 316 ETC: 4.71 priority: 0
  taskPos: 3 taskId: 440 ETC: 28.61 priority: 0
  taskPos: 4 taskId: 862 ETC: 70.59 priority: 0
  taskPos: 5 taskId: 221 ETC: 39.56 priority: 0
  taskPos: 6 taskId: 608 ETC: 1.94 priority: 0
  taskPos: 7 taskId: 502 ETC: 63.05 priority: 0
  taskPos: 8 taskId: 1023 ETC: 8.41 priority: 0
  taskPos: 9 taskId: 62 ETC: 7.22 priority: 0
  taskPos: 10 taskId: 846 ETC: 38.11 priority: 0
  taskPos: 11 taskId: 692 ETC: 27.1 priority: 0
  taskPos: 12 taskId: 402 ETC: 2.2 priority: 0
  taskPos: 13 taskId: 703 ETC: 56.39 priority: 0
  taskPos: 14 taskId: 612 ETC: 2.98 priority: 0
  taskPos: 15 taskId: 762 ETC: 2.57 priority: 0
  taskPos: 16 taskId: 211 ETC: 1.16 priority: 0
  taskPos: 17 taskId: 187 ETC: 6.14 priority: 0
  taskPos: 18 taskId: 467 ETC: 7.13 priority: 0
  taskPos: 19 taskId: 643 ETC: 11.43 priority: 0
  taskPos: 20 taskId: 99 ETC: 37.44 priority: 0
  taskPos: 21 taskId: 881 ETC: 57.94 priority: 0
  taskPos: 22 taskId: 137 ETC: 1.13 priority: 0
  taskPos: 23 taskId: 446 ETC: 15.18 priority: 0
> machineId: 30
  taskPos: 0 taskId: 720 ETC: 80.41 priority: 0
  taskPos: 1 taskId: 1016 ETC: 20.38 priority: 0
  taskPos: 2 taskId: 650 ETC: 1 priority: 0
  taskPos: 3 taskId: 873 ETC: 28.66 priority: 0
  taskPos: 4 taskId: 847 ETC: 10.54 priority: 0
  taskPos: 5 taskId: 189 ETC: 38.55 priority: 0
  taskPos: 6 taskId: 76 ETC: 25.44 priority: 0
  taskPos: 7 taskId: 1010 ETC: 20.38 priority: 0
  taskPos: 8 taskId: 324 ETC: 13.98 priority: 0
  taskPos: 9 taskId: 289 ETC: 1.03 priority: 0
  taskPos: 10 taskId: 334 ETC: 19.06 priority: 0
  taskPos: 11 taskId: 882 ETC: 3.99 priority: 0
  taskPos: 12 taskId: 549 ETC: 9.8 priority: 0
  taskPos: 13 taskId: 349 ETC: 14.86 priority: 0
  taskPos: 14 taskId: 883 ETC: 7.37 priority: 0
  taskPos: 15 taskId: 827 ETC: 17.36 priority: 0
  taskPos: 16 taskId: 737 ETC: 4.23 priority: 0
  taskPos: 17 taskId: 454 ETC: 5.22 priority: 0
  taskPos: 18 taskId: 379 ETC: 28.52 priority: 0
  taskPos: 19 taskId: 475 ETC: 12.78 priority: 0
  taskPos: 20 taskId: 885 ETC: 2.42 priority: 0
  taskPos: 21 taskId: 391 ETC: 7.08 priority: 0
  taskPos: 22 taskId: 1004 ETC: 11.55 priority: 0
  taskPos: 23 taskId: 665 ETC: 12.08 priority: 0
  taskPos: 24 taskId: 345 ETC: 3.57 priority: 0
  taskPos: 25 taskId: 514 ETC: 1.66 priority: 0
  taskPos: 26 taskId: 554 ETC: 42.3 priority: 0
  taskPos: 27 taskId: 170 ETC: 9.22 priority: 0
  taskPos: 28 taskId: 765 ETC: 0.28 priority: 0
  taskPos: 29 taskId: 855 ETC: 15.83 priority: 0
  taskPos: 30 taskId: 891 ETC: 8.1 priority: 0
  taskPos: 31 taskId: 700 ETC: 7.32 priority: 0
  taskPos: 32 taskId: 577 ETC: 6.85 priority: 0
  taskPos: 33 taskId: 806 ETC: 24.91 priority: 0
  taskPos: 34 taskId: 880 ETC: 4.04 priority: 0
> machineId: 31
  taskPos: 0 taskId: 87 ETC: 31.77 priority: 0
  taskPos: 1 taskId: 70 ETC: 1.74 priority: 0
  taskPos: 2 taskId: 362 ETC: 5.57 priority: 0
  taskPos: 3 taskId: 143 ETC: 51.14 priority: 0
  taskPos: 4 taskId: 331 ETC: 41.51 priority: 0
  taskPos: 5 taskId: 510 ETC: 13.94 priority: 0
  taskPos: 6 taskId: 422 ETC: 0.62 priority: 0
  taskPos: 7 taskId: 49 ETC: 22.24 priority: 0
  taskPos: 8 taskId: 32 ETC: 32.99 priority: 0
  taskPos: 9 taskId: 717 ETC: 20.68 priority: 0
  taskPos: 10 taskId: 636 ETC: 0.54 priority: 0
  taskPos: 11 taskId: 920 ETC: 7.12 priority: 0
  taskPos: 12 taskId: 224 ETC: 1.88 priority: 0
  taskPos: 13 taskId: 421 ETC: 14.19 priority: 0
  taskPos: 14 taskId: 998 ETC: 2.63 priority: 0
  taskPos: 15 taskId: 639 ETC: 0.58 priority: 0
  taskPos: 16 taskId: 97 ETC: 3.17 priority: 0
  taskPos: 17 taskId: 947 ETC: 53.94 priority: 0
  taskPos: 18 taskId: 188 ETC: 23.55 priority: 0
  taskPos: 19 taskId: 726 ETC: 4.64 priority: 0
  taskPos: 20 taskId: 585 ETC: 100.55 priority: 0
  taskPos: 21 taskId: 613 ETC: 13.09 priority: 0
  taskPos: 22 taskId: 330 ETC: 0.48 priority: 0
  taskPos: 23 taskId: 44 ETC: 17.79 priority: 0
  taskPos: 24 taskId: 387 ETC: 7.78 priority: 0
  taskPos: 25 taskId: 79 ETC: 1.52 priority: 0
  taskPos: 26 taskId: 332 ETC: 23.04 priority: 0
  taskPos: 27 taskId: 160 ETC: 22.51 priority: 0



 :( ---------------------- THE END --------------- :) 