[H[2J[INFO] TaskCount: 1024
[INFO] MachineCount: 32

[DEBUG] Inicialización MIN-MIN

Min-Min fitness: 135625

[DEBUG] Inicialización Sufferage

Sufferage fitness: 155600

[DEBUG] Inicialización random

[DEBUG] Inicialización random

[DEBUG] Inicialización random

[DEBUG] Inicialización MCT

MCT fitness: 170373

[DEBUG] Inicialización random

[DEBUG] Inicialización random

[DEBUG] Inicialización random

[DEBUG] Inicialización random

[DEBUG] Inicialización MCT

MCT fitness: 181531

[DEBUG] Inicialización random

[DEBUG] Inicialización random

[DEBUG] Inicialización random

[DEBUG] Inicialización random

 Current State ---------------------------------------------

Current trial: 1
Current iteration: 1500
Current evaluations: 22695
Current best cost: 122314
Current worst cost: 122754
Current Average cost: 122676
Current Standard Deviation: 164.939

Trial: 
Best cost trial: 122314
Worst cost trial: 1.72927e+06
Iteration best found in trial: 1482
Time best found trial: 2.23274e+07
Time spent in trial: 2.25869e+07

Global: 
Global best cost: 122314
Global worst cost: 1.72927e+06
Trial best found: 1
Iteration best found: 1482
Time best found: 2.23274e+07

Current time spent (so far): 2.25869e+07
Solution
> machineId: 0
  taskPos: 0 taskId: 780 ETC: 1.3 priority: 0
  taskPos: 1 taskId: 160 ETC: 13.54 priority: 0
  taskPos: 2 taskId: 342 ETC: 712.69 priority: 0
  taskPos: 3 taskId: 534 ETC: 16.58 priority: 0
  taskPos: 4 taskId: 748 ETC: 15.01 priority: 0
  taskPos: 5 taskId: 30 ETC: 24.81 priority: 0
  taskPos: 6 taskId: 280 ETC: 15.2 priority: 0
  taskPos: 7 taskId: 498 ETC: 30.07 priority: 0
  taskPos: 8 taskId: 376 ETC: 21.39 priority: 0
  taskPos: 9 taskId: 924 ETC: 8.44 priority: 0
  taskPos: 10 taskId: 68 ETC: 25.5 priority: 0
  taskPos: 11 taskId: 50 ETC: 16.74 priority: 0
  taskPos: 12 taskId: 486 ETC: 28.26 priority: 0
  taskPos: 13 taskId: 852 ETC: 23.43 priority: 0
  taskPos: 14 taskId: 700 ETC: 7.16 priority: 0
  taskPos: 15 taskId: 380 ETC: 56.16 priority: 0
  taskPos: 16 taskId: 350 ETC: 23.65 priority: 0
  taskPos: 17 taskId: 874 ETC: 32.11 priority: 0
  taskPos: 18 taskId: 854 ETC: 29.12 priority: 0
  taskPos: 19 taskId: 484 ETC: 45.22 priority: 0
  taskPos: 20 taskId: 624 ETC: 61.43 priority: 0
  taskPos: 21 taskId: 901 ETC: 3.81 priority: 0
  taskPos: 22 taskId: 672 ETC: 29.08 priority: 0
  taskPos: 23 taskId: 166 ETC: 42.26 priority: 0
  taskPos: 24 taskId: 344 ETC: 41.42 priority: 0
  taskPos: 25 taskId: 488 ETC: 46.04 priority: 0
  taskPos: 26 taskId: 72 ETC: 75.79 priority: 0
  taskPos: 27 taskId: 564 ETC: 75.9 priority: 0
  taskPos: 28 taskId: 878 ETC: 45.89 priority: 0
  taskPos: 29 taskId: 56 ETC: 92.42 priority: 0
  taskPos: 30 taskId: 178 ETC: 25.42 priority: 0
  taskPos: 31 taskId: 856 ETC: 18.36 priority: 0
  taskPos: 32 taskId: 684 ETC: 42.89 priority: 0
  taskPos: 33 taskId: 713 ETC: 95.1 priority: 0
  taskPos: 34 taskId: 868 ETC: 71.2 priority: 0
  taskPos: 35 taskId: 608 ETC: 42.82 priority: 0
  taskPos: 36 taskId: 544 ETC: 28.81 priority: 0
  taskPos: 37 taskId: 514 ETC: 52.32 priority: 0
  taskPos: 38 taskId: 222 ETC: 103.22 priority: 0
  taskPos: 39 taskId: 626 ETC: 111.3 priority: 0
  taskPos: 40 taskId: 619 ETC: 69.37 priority: 0
  taskPos: 41 taskId: 268 ETC: 152.56 priority: 0
  taskPos: 42 taskId: 956 ETC: 129.29 priority: 0
  taskPos: 43 taskId: 456 ETC: 62.39 priority: 0
  taskPos: 44 taskId: 730 ETC: 60.43 priority: 0
  taskPos: 45 taskId: 540 ETC: 99.88 priority: 0
  taskPos: 46 taskId: 988 ETC: 142.32 priority: 0
  taskPos: 47 taskId: 508 ETC: 114.93 priority: 0
  taskPos: 48 taskId: 172 ETC: 109.94 priority: 0
  taskPos: 49 taskId: 898 ETC: 72.81 priority: 0
  taskPos: 50 taskId: 198 ETC: 164.32 priority: 0
  taskPos: 51 taskId: 296 ETC: 87.36 priority: 0
  taskPos: 52 taskId: 692 ETC: 123.91 priority: 0
  taskPos: 53 taskId: 74 ETC: 154.51 priority: 0
  taskPos: 54 taskId: 964 ETC: 45.22 priority: 0
  taskPos: 55 taskId: 434 ETC: 80.91 priority: 0
  taskPos: 56 taskId: 286 ETC: 73.86 priority: 0
  taskPos: 57 taskId: 1006 ETC: 38.94 priority: 0
  taskPos: 58 taskId: 496 ETC: 77.98 priority: 0
  taskPos: 59 taskId: 70 ETC: 157.01 priority: 0
  taskPos: 60 taskId: 604 ETC: 135.5 priority: 0
  taskPos: 61 taskId: 82 ETC: 133.02 priority: 0
  taskPos: 62 taskId: 1018 ETC: 174.4 priority: 0
  taskPos: 63 taskId: 412 ETC: 107.03 priority: 0
  taskPos: 64 taskId: 298 ETC: 121.89 priority: 0
  taskPos: 65 taskId: 390 ETC: 180.75 priority: 0
  taskPos: 66 taskId: 98 ETC: 264.68 priority: 0
  taskPos: 67 taskId: 460 ETC: 287.18 priority: 0
  taskPos: 68 taskId: 612 ETC: 164.35 priority: 0
  taskPos: 69 taskId: 92 ETC: 19.79 priority: 0
  taskPos: 70 taskId: 404 ETC: 163.37 priority: 0
  taskPos: 71 taskId: 42 ETC: 137.96 priority: 0
  taskPos: 72 taskId: 812 ETC: 232.97 priority: 0
  taskPos: 73 taskId: 314 ETC: 219.51 priority: 0
  taskPos: 74 taskId: 31 ETC: 349.32 priority: 0
  taskPos: 75 taskId: 664 ETC: 207.43 priority: 0
  taskPos: 76 taskId: 250 ETC: 123.64 priority: 0
  taskPos: 77 taskId: 976 ETC: 523.12 priority: 0
  taskPos: 78 taskId: 916 ETC: 153.92 priority: 0
  taskPos: 79 taskId: 110 ETC: 366.01 priority: 0
  taskPos: 80 taskId: 274 ETC: 483.68 priority: 0
  taskPos: 81 taskId: 682 ETC: 147.57 priority: 0
  taskPos: 82 taskId: 942 ETC: 159.55 priority: 0
  taskPos: 83 taskId: 512 ETC: 258.57 priority: 0
  taskPos: 84 taskId: 606 ETC: 156.64 priority: 0
  taskPos: 85 taskId: 572 ETC: 161.22 priority: 0
  taskPos: 86 taskId: 778 ETC: 266.89 priority: 0
  taskPos: 87 taskId: 224 ETC: 285.9 priority: 0
  taskPos: 88 taskId: 680 ETC: 436.76 priority: 0
  taskPos: 89 taskId: 884 ETC: 187.79 priority: 0
  taskPos: 90 taskId: 914 ETC: 308.2 priority: 0
  taskPos: 91 taskId: 370 ETC: 194.96 priority: 0
  taskPos: 92 taskId: 436 ETC: 236.73 priority: 0
  taskPos: 93 taskId: 86 ETC: 348.96 priority: 0
  taskPos: 94 taskId: 174 ETC: 284.44 priority: 0
  taskPos: 95 taskId: 212 ETC: 383.55 priority: 0
  taskPos: 96 taskId: 220 ETC: 360.71 priority: 0
  taskPos: 97 taskId: 658 ETC: 272.27 priority: 0
  taskPos: 98 taskId: 770 ETC: 118.07 priority: 0
  taskPos: 99 taskId: 586 ETC: 126.81 priority: 0
  taskPos: 100 taskId: 424 ETC: 367.5 priority: 0
  taskPos: 101 taskId: 666 ETC: 458.55 priority: 0
  taskPos: 102 taskId: 1008 ETC: 282.54 priority: 0
  taskPos: 103 taskId: 522 ETC: 237.65 priority: 0
  taskPos: 104 taskId: 294 ETC: 375 priority: 0
  taskPos: 105 taskId: 830 ETC: 216.23 priority: 0
  taskPos: 106 taskId: 292 ETC: 169.95 priority: 0
  taskPos: 107 taskId: 210 ETC: 2088.4 priority: 0
  taskPos: 108 taskId: 726 ETC: 491.46 priority: 0
  taskPos: 109 taskId: 470 ETC: 368.91 priority: 0
  taskPos: 110 taskId: 516 ETC: 357.57 priority: 0
  taskPos: 111 taskId: 468 ETC: 311.53 priority: 0
  taskPos: 112 taskId: 464 ETC: 544.6 priority: 0
  taskPos: 113 taskId: 958 ETC: 817.17 priority: 0
  taskPos: 114 taskId: 662 ETC: 370.42 priority: 0
  taskPos: 115 taskId: 920 ETC: 378.1 priority: 0
  taskPos: 116 taskId: 402 ETC: 153.28 priority: 0
  taskPos: 117 taskId: 120 ETC: 393.35 priority: 0
  taskPos: 118 taskId: 738 ETC: 439.47 priority: 0
  taskPos: 119 taskId: 252 ETC: 1057.95 priority: 0
  taskPos: 120 taskId: 1020 ETC: 306.37 priority: 0
  taskPos: 121 taskId: 466 ETC: 508.36 priority: 0
  taskPos: 122 taskId: 446 ETC: 560.63 priority: 0
  taskPos: 123 taskId: 462 ETC: 760.26 priority: 0
  taskPos: 124 taskId: 796 ETC: 588.47 priority: 0
  taskPos: 125 taskId: 864 ETC: 382.03 priority: 0
  taskPos: 126 taskId: 8 ETC: 907.13 priority: 0
  taskPos: 127 taskId: 238 ETC: 579.92 priority: 0
  taskPos: 128 taskId: 528 ETC: 467.39 priority: 0
  taskPos: 129 taskId: 368 ETC: 525.57 priority: 0
  taskPos: 130 taskId: 306 ETC: 2218.24 priority: 0
  taskPos: 131 taskId: 618 ETC: 560.38 priority: 0
  taskPos: 132 taskId: 246 ETC: 707.23 priority: 0
  taskPos: 133 taskId: 124 ETC: 721.53 priority: 0
  taskPos: 134 taskId: 426 ETC: 599.9 priority: 0
  taskPos: 135 taskId: 629 ETC: 501.58 priority: 0
  taskPos: 136 taskId: 876 ETC: 675.2 priority: 0
  taskPos: 137 taskId: 670 ETC: 904.46 priority: 0
  taskPos: 138 taskId: 896 ETC: 631.95 priority: 0
  taskPos: 139 taskId: 696 ETC: 781.73 priority: 0
  taskPos: 140 taskId: 714 ETC: 1110.62 priority: 0
  taskPos: 141 taskId: 24 ETC: 768.46 priority: 0
  taskPos: 142 taskId: 954 ETC: 438.4 priority: 0
  taskPos: 143 taskId: 866 ETC: 617.77 priority: 0
  taskPos: 144 taskId: 860 ETC: 969.36 priority: 0
  taskPos: 145 taskId: 918 ETC: 490.09 priority: 0
  taskPos: 146 taskId: 330 ETC: 508.08 priority: 0
  taskPos: 147 taskId: 1000 ETC: 1005.1 priority: 0
  taskPos: 148 taskId: 134 ETC: 733.85 priority: 0
  taskPos: 149 taskId: 414 ETC: 969.71 priority: 0
  taskPos: 150 taskId: 776 ETC: 924.33 priority: 0
  taskPos: 151 taskId: 934 ETC: 854.25 priority: 0
  taskPos: 152 taskId: 22 ETC: 1553.46 priority: 0
  taskPos: 153 taskId: 980 ETC: 584.47 priority: 0
  taskPos: 154 taskId: 970 ETC: 632.26 priority: 0
  taskPos: 155 taskId: 366 ETC: 651.05 priority: 0
  taskPos: 156 taskId: 18 ETC: 1067.23 priority: 0
  taskPos: 157 taskId: 138 ETC: 1495.32 priority: 0
  taskPos: 158 taskId: 712 ETC: 949.83 priority: 0
  taskPos: 159 taskId: 304 ETC: 509.51 priority: 0
  taskPos: 160 taskId: 4 ETC: 1595.05 priority: 0
  taskPos: 161 taskId: 900 ETC: 482.42 priority: 0
  taskPos: 162 taskId: 162 ETC: 974.5 priority: 0
  taskPos: 163 taskId: 218 ETC: 707.26 priority: 0
  taskPos: 164 taskId: 584 ETC: 1348.89 priority: 0
  taskPos: 165 taskId: 242 ETC: 981.51 priority: 0
  taskPos: 166 taskId: 396 ETC: 849.98 priority: 0
  taskPos: 167 taskId: 1022 ETC: 2203.79 priority: 0
  taskPos: 168 taskId: 90 ETC: 1911.01 priority: 0
  taskPos: 169 taskId: 288 ETC: 885.73 priority: 0
  taskPos: 170 taskId: 766 ETC: 1511.76 priority: 0
  taskPos: 171 taskId: 32 ETC: 1117.67 priority: 0
  taskPos: 172 taskId: 940 ETC: 4064 priority: 0
  taskPos: 173 taskId: 132 ETC: 2310.68 priority: 0
  taskPos: 174 taskId: 906 ETC: 1780.48 priority: 0
  taskPos: 175 taskId: 630 ETC: 1443.79 priority: 0
  taskPos: 176 taskId: 986 ETC: 664.68 priority: 0
  taskPos: 177 taskId: 226 ETC: 1725.41 priority: 0
  taskPos: 178 taskId: 308 ETC: 1383.43 priority: 0
  taskPos: 179 taskId: 202 ETC: 2631.42 priority: 0
  taskPos: 180 taskId: 358 ETC: 1321.33 priority: 0
  taskPos: 181 taskId: 80 ETC: 5956.42 priority: 0
  taskPos: 182 taskId: 116 ETC: 2604.26 priority: 0
  taskPos: 183 taskId: 814 ETC: 1711.55 priority: 0
  taskPos: 184 taskId: 792 ETC: 1267.37 priority: 0
  taskPos: 185 taskId: 334 ETC: 422.77 priority: 0
  taskPos: 186 taskId: 656 ETC: 2304.8 priority: 0
  taskPos: 187 taskId: 660 ETC: 1297.22 priority: 0
  taskPos: 188 taskId: 590 ETC: 1924.67 priority: 0
  taskPos: 189 taskId: 690 ETC: 2335.54 priority: 0
  taskPos: 190 taskId: 734 ETC: 2427.33 priority: 0
  taskPos: 191 taskId: 388 ETC: 4740.13 priority: 0
  taskPos: 192 taskId: 214 ETC: 2455.5 priority: 0
  taskPos: 193 taskId: 104 ETC: 1824.42 priority: 0
  taskPos: 194 taskId: 994 ETC: 1154.37 priority: 0
  taskPos: 195 taskId: 944 ETC: 2093.87 priority: 0
  taskPos: 196 taskId: 992 ETC: 1783.13 priority: 0
> machineId: 1
  taskPos: 0 taskId: 139 ETC: 4.7 priority: 0
  taskPos: 1 taskId: 148 ETC: 51.42 priority: 0
  taskPos: 2 taskId: 126 ETC: 6.11 priority: 0
  taskPos: 3 taskId: 760 ETC: 29.18 priority: 0
  taskPos: 4 taskId: 236 ETC: 215.24 priority: 0
  taskPos: 5 taskId: 441 ETC: 33.92 priority: 0
  taskPos: 6 taskId: 58 ETC: 16.77 priority: 0
  taskPos: 7 taskId: 546 ETC: 202.62 priority: 0
  taskPos: 8 taskId: 171 ETC: 131.64 priority: 0
  taskPos: 9 taskId: 16 ETC: 114.78 priority: 0
  taskPos: 10 taskId: 632 ETC: 123.64 priority: 0
  taskPos: 11 taskId: 556 ETC: 148.94 priority: 0
  taskPos: 12 taskId: 420 ETC: 202.2 priority: 0
  taskPos: 13 taskId: 881 ETC: 213.59 priority: 0
  taskPos: 14 taskId: 698 ETC: 192.6 priority: 0
  taskPos: 15 taskId: 822 ETC: 272.79 priority: 0
  taskPos: 16 taskId: 1010 ETC: 420.03 priority: 0
  taskPos: 17 taskId: 772 ETC: 92.77 priority: 0
  taskPos: 18 taskId: 93 ETC: 419.34 priority: 0
  taskPos: 19 taskId: 88 ETC: 962.23 priority: 0
  taskPos: 20 taskId: 810 ETC: 426.84 priority: 0
  taskPos: 21 taskId: 895 ETC: 251.14 priority: 0
  taskPos: 22 taskId: 472 ETC: 285.5 priority: 0
  taskPos: 23 taskId: 284 ETC: 445.35 priority: 0
  taskPos: 24 taskId: 492 ETC: 295.75 priority: 0
  taskPos: 25 taskId: 362 ETC: 322.59 priority: 0
  taskPos: 26 taskId: 950 ETC: 553.04 priority: 0
  taskPos: 27 taskId: 336 ETC: 654.85 priority: 0
  taskPos: 28 taskId: 710 ETC: 513.22 priority: 0
  taskPos: 29 taskId: 176 ETC: 491.53 priority: 0
  taskPos: 30 taskId: 444 ETC: 282.33 priority: 0
  taskPos: 31 taskId: 828 ETC: 620.08 priority: 0
  taskPos: 32 taskId: 827 ETC: 248.27 priority: 0
  taskPos: 33 taskId: 194 ETC: 981.17 priority: 0
  taskPos: 34 taskId: 188 ETC: 287.01 priority: 0
  taskPos: 35 taskId: 676 ETC: 466.23 priority: 0
  taskPos: 36 taskId: 990 ETC: 695.52 priority: 0
  taskPos: 37 taskId: 798 ETC: 568.01 priority: 0
  taskPos: 38 taskId: 144 ETC: 590.89 priority: 0
  taskPos: 39 taskId: 216 ETC: 758.17 priority: 0
  taskPos: 40 taskId: 111 ETC: 984.2 priority: 0
  taskPos: 41 taskId: 872 ETC: 495.15 priority: 0
  taskPos: 42 taskId: 276 ETC: 938.39 priority: 0
  taskPos: 43 taskId: 602 ETC: 548.36 priority: 0
  taskPos: 44 taskId: 206 ETC: 1415.66 priority: 0
  taskPos: 45 taskId: 832 ETC: 1358.42 priority: 0
  taskPos: 46 taskId: 646 ETC: 519.53 priority: 0
  taskPos: 47 taskId: 716 ETC: 865.86 priority: 0
  taskPos: 48 taskId: 808 ETC: 743.52 priority: 0
  taskPos: 49 taskId: 316 ETC: 4883.55 priority: 0
  taskPos: 50 taskId: 264 ETC: 902.32 priority: 0
  taskPos: 51 taskId: 574 ETC: 2270.86 priority: 0
  taskPos: 52 taskId: 168 ETC: 2192 priority: 0
  taskPos: 53 taskId: 862 ETC: 1340.17 priority: 0
  taskPos: 54 taskId: 705 ETC: 745.64 priority: 0
  taskPos: 55 taskId: 382 ETC: 1911.39 priority: 0
  taskPos: 56 taskId: 722 ETC: 914.87 priority: 0
  taskPos: 57 taskId: 26 ETC: 1194.05 priority: 0
  taskPos: 58 taskId: 982 ETC: 1055.72 priority: 0
  taskPos: 59 taskId: 282 ETC: 1275.27 priority: 0
  taskPos: 60 taskId: 494 ETC: 1269.33 priority: 0
  taskPos: 61 taskId: 372 ETC: 921.36 priority: 0
  taskPos: 62 taskId: 554 ETC: 2978.58 priority: 0
  taskPos: 63 taskId: 272 ETC: 3873.87 priority: 0
  taskPos: 64 taskId: 826 ETC: 2490.05 priority: 0
  taskPos: 65 taskId: 790 ETC: 2027.53 priority: 0
  taskPos: 66 taskId: 720 ETC: 1407.53 priority: 0
  taskPos: 67 taskId: 718 ETC: 1117.65 priority: 0
  taskPos: 68 taskId: 782 ETC: 597.57 priority: 0
  taskPos: 69 taskId: 820 ETC: 2046.88 priority: 0
  taskPos: 70 taskId: 118 ETC: 1043.74 priority: 0
  taskPos: 71 taskId: 562 ETC: 2397.69 priority: 0
  taskPos: 72 taskId: 490 ETC: 1311.17 priority: 0
  taskPos: 73 taskId: 824 ETC: 1412.65 priority: 0
  taskPos: 74 taskId: 266 ETC: 1808.13 priority: 0
  taskPos: 75 taskId: 442 ETC: 4052.14 priority: 0
  taskPos: 76 taskId: 78 ETC: 4827.99 priority: 0
  taskPos: 77 taskId: 846 ETC: 1412.77 priority: 0
  taskPos: 78 taskId: 668 ETC: 1902.04 priority: 0
  taskPos: 79 taskId: 702 ETC: 3174.44 priority: 0
  taskPos: 80 taskId: 476 ETC: 1591.94 priority: 0
  taskPos: 81 taskId: 972 ETC: 1429.57 priority: 0
  taskPos: 82 taskId: 258 ETC: 8417.16 priority: 0
  taskPos: 83 taskId: 650 ETC: 1855.35 priority: 0
  taskPos: 84 taskId: 558 ETC: 4084.31 priority: 0
  taskPos: 85 taskId: 842 ETC: 3282.63 priority: 0
  taskPos: 86 taskId: 352 ETC: 2484.97 priority: 0
  taskPos: 87 taskId: 76 ETC: 5416.9 priority: 0
  taskPos: 88 taskId: 410 ETC: 1739.47 priority: 0
  taskPos: 89 taskId: 816 ETC: 5859.55 priority: 0
  taskPos: 90 taskId: 530 ETC: 3826.31 priority: 0
> machineId: 2
  taskPos: 0 taskId: 568 ETC: 296.17 priority: 0
  taskPos: 1 taskId: 20 ETC: 6.76 priority: 0
  taskPos: 2 taskId: 489 ETC: 839.99 priority: 0
  taskPos: 3 taskId: 89 ETC: 111.66 priority: 0
  taskPos: 4 taskId: 688 ETC: 129.46 priority: 0
  taskPos: 5 taskId: 728 ETC: 91.8 priority: 0
  taskPos: 6 taskId: 244 ETC: 143.04 priority: 0
  taskPos: 7 taskId: 112 ETC: 233.48 priority: 0
  taskPos: 8 taskId: 542 ETC: 687.11 priority: 0
  taskPos: 9 taskId: 15 ETC: 710.41 priority: 0
  taskPos: 10 taskId: 389 ETC: 270.48 priority: 0
  taskPos: 11 taskId: 524 ETC: 329.55 priority: 0
  taskPos: 12 taskId: 458 ETC: 2453.15 priority: 0
  taskPos: 13 taskId: 588 ETC: 90.52 priority: 0
  taskPos: 14 taskId: 909 ETC: 994.73 priority: 0
  taskPos: 15 taskId: 532 ETC: 379.2 priority: 0
  taskPos: 16 taskId: 788 ETC: 914.46 priority: 0
  taskPos: 17 taskId: 678 ETC: 208.21 priority: 0
  taskPos: 18 taskId: 163 ETC: 385.69 priority: 0
  taskPos: 19 taskId: 302 ETC: 895.96 priority: 0
  taskPos: 20 taskId: 432 ETC: 208.61 priority: 0
  taskPos: 21 taskId: 746 ETC: 650.12 priority: 0
  taskPos: 22 taskId: 951 ETC: 904.75 priority: 0
  taskPos: 23 taskId: 654 ETC: 1496.44 priority: 0
  taskPos: 24 taskId: 628 ETC: 1414.47 priority: 0
  taskPos: 25 taskId: 708 ETC: 3590.05 priority: 0
  taskPos: 26 taskId: 996 ETC: 428.32 priority: 0
  taskPos: 27 taskId: 850 ETC: 450.6 priority: 0
  taskPos: 28 taskId: 526 ETC: 871.38 priority: 0
  taskPos: 29 taskId: 12 ETC: 991.7 priority: 0
  taskPos: 30 taskId: 200 ETC: 1688.12 priority: 0
  taskPos: 31 taskId: 756 ETC: 889.98 priority: 0
  taskPos: 32 taskId: 620 ETC: 978.36 priority: 0
  taskPos: 33 taskId: 570 ETC: 3548.93 priority: 0
  taskPos: 34 taskId: 394 ETC: 5391.24 priority: 0
  taskPos: 35 taskId: 478 ETC: 2050.56 priority: 0
  taskPos: 36 taskId: 228 ETC: 5366.89 priority: 0
  taskPos: 37 taskId: 836 ETC: 3425.96 priority: 0
  taskPos: 38 taskId: 962 ETC: 1176.48 priority: 0
  taskPos: 39 taskId: 520 ETC: 2427.55 priority: 0
  taskPos: 40 taskId: 571 ETC: 2282.42 priority: 0
  taskPos: 41 taskId: 10 ETC: 10315.4 priority: 0
  taskPos: 42 taskId: 974 ETC: 5915.55 priority: 0
  taskPos: 43 taskId: 926 ETC: 1604.76 priority: 0
  taskPos: 44 taskId: 1012 ETC: 3028.91 priority: 0
  taskPos: 45 taskId: 706 ETC: 4083.94 priority: 0
  taskPos: 46 taskId: 598 ETC: 1881.14 priority: 0
  taskPos: 47 taskId: 634 ETC: 1803.16 priority: 0
  taskPos: 48 taskId: 912 ETC: 1782.01 priority: 0
  taskPos: 49 taskId: 312 ETC: 3870.18 priority: 0
  taskPos: 50 taskId: 84 ETC: 6855.64 priority: 0
  taskPos: 51 taskId: 106 ETC: 3588.47 priority: 0
  taskPos: 52 taskId: 100 ETC: 2525.45 priority: 0
  taskPos: 53 taskId: 616 ETC: 3012.68 priority: 0
  taskPos: 54 taskId: 452 ETC: 4363.32 priority: 0
  taskPos: 55 taskId: 510 ETC: 3964.1 priority: 0
  taskPos: 56 taskId: 818 ETC: 12905 priority: 0
> machineId: 3
  taskPos: 0 taskId: 136 ETC: 998.93 priority: 0
  taskPos: 1 taskId: 834 ETC: 728.37 priority: 0
  taskPos: 2 taskId: 689 ETC: 443.33 priority: 0
  taskPos: 3 taskId: 354 ETC: 25.32 priority: 0
  taskPos: 4 taskId: 385 ETC: 55.1 priority: 0
  taskPos: 5 taskId: 38 ETC: 283.93 priority: 0
  taskPos: 6 taskId: 847 ETC: 123.98 priority: 0
  taskPos: 7 taskId: 890 ETC: 498.13 priority: 0
  taskPos: 8 taskId: 548 ETC: 554.13 priority: 0
  taskPos: 9 taskId: 809 ETC: 153.72 priority: 0
  taskPos: 10 taskId: 438 ETC: 639.99 priority: 0
  taskPos: 11 taskId: 736 ETC: 4791.48 priority: 0
  taskPos: 12 taskId: 346 ETC: 957.36 priority: 0
  taskPos: 13 taskId: 96 ETC: 3212.46 priority: 0
  taskPos: 14 taskId: 230 ETC: 2479.39 priority: 0
  taskPos: 15 taskId: 638 ETC: 182.9 priority: 0
  taskPos: 16 taskId: 400 ETC: 2681.52 priority: 0
  taskPos: 17 taskId: 927 ETC: 1658.43 priority: 0
  taskPos: 18 taskId: 1014 ETC: 601.16 priority: 0
  taskPos: 19 taskId: 229 ETC: 532.52 priority: 0
  taskPos: 20 taskId: 642 ETC: 4432.92 priority: 0
  taskPos: 21 taskId: 848 ETC: 1090.42 priority: 0
  taskPos: 22 taskId: 922 ETC: 1102.54 priority: 0
  taskPos: 23 taskId: 348 ETC: 2435.99 priority: 0
  taskPos: 24 taskId: 750 ETC: 3458.37 priority: 0
  taskPos: 25 taskId: 740 ETC: 1299.96 priority: 0
  taskPos: 26 taskId: 440 ETC: 1496.89 priority: 0
  taskPos: 27 taskId: 908 ETC: 4395.03 priority: 0
  taskPos: 28 taskId: 386 ETC: 2036.67 priority: 0
  taskPos: 29 taskId: 894 ETC: 5024.06 priority: 0
  taskPos: 30 taskId: 804 ETC: 2051.6 priority: 0
  taskPos: 31 taskId: 892 ETC: 4613.89 priority: 0
  taskPos: 32 taskId: 60 ETC: 2466.43 priority: 0
  taskPos: 33 taskId: 754 ETC: 6043.61 priority: 0
  taskPos: 34 taskId: 254 ETC: 2539.82 priority: 0
  taskPos: 35 taskId: 742 ETC: 1586.91 priority: 0
  taskPos: 36 taskId: 278 ETC: 3587.27 priority: 0
  taskPos: 37 taskId: 1002 ETC: 7295.5 priority: 0
  taskPos: 38 taskId: 592 ETC: 2531.14 priority: 0
  taskPos: 39 taskId: 674 ETC: 2795.28 priority: 0
  taskPos: 40 taskId: 946 ETC: 6997.28 priority: 0
  taskPos: 41 taskId: 552 ETC: 5818.99 priority: 0
  taskPos: 42 taskId: 310 ETC: 7439.65 priority: 0
  taskPos: 43 taskId: 694 ETC: 6098.85 priority: 0
  taskPos: 44 taskId: 802 ETC: 11010.8 priority: 0
> machineId: 4
  taskPos: 0 taskId: 1013 ETC: 292.94 priority: 0
  taskPos: 1 taskId: 503 ETC: 1.47 priority: 0
  taskPos: 2 taskId: 265 ETC: 0 priority: 0
  taskPos: 3 taskId: 945 ETC: 166.58 priority: 0
  taskPos: 4 taskId: 805 ETC: 198.4 priority: 0
  taskPos: 5 taskId: 397 ETC: 632.99 priority: 0
  taskPos: 6 taskId: 937 ETC: 433.66 priority: 0
  taskPos: 7 taskId: 243 ETC: 202.25 priority: 0
  taskPos: 8 taskId: 535 ETC: 520.3 priority: 0
  taskPos: 9 taskId: 117 ETC: 280.22 priority: 0
  taskPos: 10 taskId: 938 ETC: 565.52 priority: 0
  taskPos: 11 taskId: 384 ETC: 1082.76 priority: 0
  taskPos: 12 taskId: 636 ETC: 2742.12 priority: 0
  taskPos: 13 taskId: 560 ETC: 2968.47 priority: 0
  taskPos: 14 taskId: 932 ETC: 683.87 priority: 0
  taskPos: 15 taskId: 844 ETC: 1321.82 priority: 0
  taskPos: 16 taskId: 146 ETC: 5371.1 priority: 0
  taskPos: 17 taskId: 600 ETC: 3813.66 priority: 0
  taskPos: 18 taskId: 418 ETC: 2906.46 priority: 0
  taskPos: 19 taskId: 184 ETC: 1874.6 priority: 0
  taskPos: 20 taskId: 622 ETC: 1840.89 priority: 0
  taskPos: 21 taskId: 338 ETC: 7357.91 priority: 0
  taskPos: 22 taskId: 582 ETC: 2667.05 priority: 0
  taskPos: 23 taskId: 378 ETC: 2970.39 priority: 0
  taskPos: 24 taskId: 644 ETC: 3455.05 priority: 0
  taskPos: 25 taskId: 208 ETC: 2269.55 priority: 0
  taskPos: 26 taskId: 374 ETC: 8866.24 priority: 0
  taskPos: 27 taskId: 204 ETC: 24366.8 priority: 0
  taskPos: 28 taskId: 910 ETC: 13750.2 priority: 0
  taskPos: 29 taskId: 408 ETC: 6334.68 priority: 0
  taskPos: 30 taskId: 345 ETC: 3750.09 priority: 0
  taskPos: 31 taskId: 504 ETC: 2210.25 priority: 0
  taskPos: 32 taskId: 838 ETC: 7678.74 priority: 0
  taskPos: 33 taskId: 186 ETC: 8659.12 priority: 0
> machineId: 5
  taskPos: 0 taskId: 971 ETC: 10.51 priority: 0
  taskPos: 1 taskId: 129 ETC: 269.78 priority: 0
  taskPos: 2 taskId: 293 ETC: 457.1 priority: 0
  taskPos: 3 taskId: 755 ETC: 1163.26 priority: 0
  taskPos: 4 taskId: 297 ETC: 240.78 priority: 0
  taskPos: 5 taskId: 771 ETC: 898.7 priority: 0
  taskPos: 6 taskId: 727 ETC: 98.31 priority: 0
  taskPos: 7 taskId: 491 ETC: 319.11 priority: 0
  taskPos: 8 taskId: 145 ETC: 568.65 priority: 0
  taskPos: 9 taskId: 281 ETC: 497.49 priority: 0
  taskPos: 10 taskId: 858 ETC: 7701.29 priority: 0
  taskPos: 11 taskId: 143 ETC: 2839.13 priority: 0
  taskPos: 12 taskId: 500 ETC: 3889.46 priority: 0
  taskPos: 13 taskId: 513 ETC: 1350.41 priority: 0
  taskPos: 14 taskId: 659 ETC: 604.04 priority: 0
  taskPos: 15 taskId: 648 ETC: 7185.3 priority: 0
  taskPos: 16 taskId: 607 ETC: 970.76 priority: 0
  taskPos: 17 taskId: 356 ETC: 11352.3 priority: 0
  taskPos: 18 taskId: 786 ETC: 2060.76 priority: 0
  taskPos: 19 taskId: 614 ETC: 2142.56 priority: 0
  taskPos: 20 taskId: 840 ETC: 3154.73 priority: 0
  taskPos: 21 taskId: 94 ETC: 5143.52 priority: 0
  taskPos: 22 taskId: 596 ETC: 4442.01 priority: 0
  taskPos: 23 taskId: 744 ETC: 1652.89 priority: 0
  taskPos: 24 taskId: 122 ETC: 8793.56 priority: 0
  taskPos: 25 taskId: 44 ETC: 20066.2 priority: 0
  taskPos: 26 taskId: 225 ETC: 400.26 priority: 0
  taskPos: 27 taskId: 256 ETC: 10462.8 priority: 0
  taskPos: 28 taskId: 704 ETC: 5820.59 priority: 0
  taskPos: 29 taskId: 482 ETC: 4138.86 priority: 0
  taskPos: 30 taskId: 502 ETC: 12959.1 priority: 0
> machineId: 6
  taskPos: 0 taskId: 233 ETC: 98.05 priority: 0
  taskPos: 1 taskId: 23 ETC: 139.55 priority: 0
  taskPos: 2 taskId: 215 ETC: 147.77 priority: 0
  taskPos: 3 taskId: 960 ETC: 18077.7 priority: 0
  taskPos: 4 taskId: 831 ETC: 204.63 priority: 0
  taskPos: 5 taskId: 295 ETC: 416.22 priority: 0
  taskPos: 6 taskId: 497 ETC: 222.9 priority: 0
  taskPos: 7 taskId: 921 ETC: 712.56 priority: 0
  taskPos: 8 taskId: 739 ETC: 260.49 priority: 0
  taskPos: 9 taskId: 59 ETC: 84.16 priority: 0
  taskPos: 10 taskId: 300 ETC: 5929.91 priority: 0
  taskPos: 11 taskId: 880 ETC: 3553.93 priority: 0
  taskPos: 12 taskId: 17 ETC: 1689.05 priority: 0
  taskPos: 13 taskId: 695 ETC: 802.41 priority: 0
  taskPos: 14 taskId: 509 ETC: 631.57 priority: 0
  taskPos: 15 taskId: 480 ETC: 4805.82 priority: 0
  taskPos: 16 taskId: 221 ETC: 1411.61 priority: 0
  taskPos: 17 taskId: 454 ETC: 5409.26 priority: 0
  taskPos: 18 taskId: 443 ETC: 2413.21 priority: 0
  taskPos: 19 taskId: 128 ETC: 8671.05 priority: 0
  taskPos: 20 taskId: 645 ETC: 1387.36 priority: 0
  taskPos: 21 taskId: 193 ETC: 2370.55 priority: 0
  taskPos: 22 taskId: 1004 ETC: 6971.94 priority: 0
  taskPos: 23 taskId: 427 ETC: 1228.93 priority: 0
  taskPos: 24 taskId: 984 ETC: 3213.21 priority: 0
  taskPos: 25 taskId: 800 ETC: 11565.8 priority: 0
  taskPos: 26 taskId: 566 ETC: 11353.3 priority: 0
  taskPos: 27 taskId: 999 ETC: 530.78 priority: 0
  taskPos: 28 taskId: 34 ETC: 9218.76 priority: 0
  taskPos: 29 taskId: 968 ETC: 16098.1 priority: 0
> machineId: 7
  taskPos: 0 taskId: 539 ETC: 14.49 priority: 0
  taskPos: 1 taskId: 37 ETC: 356.98 priority: 0
  taskPos: 2 taskId: 515 ETC: 24.94 priority: 0
  taskPos: 3 taskId: 953 ETC: 2744.76 priority: 0
  taskPos: 4 taskId: 445 ETC: 235.87 priority: 0
  taskPos: 5 taskId: 875 ETC: 69.51 priority: 0
  taskPos: 6 taskId: 422 ETC: 2642.81 priority: 0
  taskPos: 7 taskId: 585 ETC: 266.29 priority: 0
  taskPos: 8 taskId: 277 ETC: 132.5 priority: 0
  taskPos: 9 taskId: 1007 ETC: 287.33 priority: 0
  taskPos: 10 taskId: 391 ETC: 732.75 priority: 0
  taskPos: 11 taskId: 187 ETC: 772.93 priority: 0
  taskPos: 12 taskId: 235 ETC: 1725.04 priority: 0
  taskPos: 13 taskId: 481 ETC: 508.44 priority: 0
  taskPos: 14 taskId: 753 ETC: 683.07 priority: 0
  taskPos: 15 taskId: 888 ETC: 2065.18 priority: 0
  taskPos: 16 taskId: 686 ETC: 2917.25 priority: 0
  taskPos: 17 taskId: 11 ETC: 913.5 priority: 0
  taskPos: 18 taskId: 322 ETC: 4790.46 priority: 0
  taskPos: 19 taskId: 904 ETC: 3658.75 priority: 0
  taskPos: 20 taskId: 882 ETC: 6528.34 priority: 0
  taskPos: 21 taskId: 1016 ETC: 15189.9 priority: 0
  taskPos: 22 taskId: 6 ETC: 4477.12 priority: 0
  taskPos: 23 taskId: 764 ETC: 19377.2 priority: 0
  taskPos: 24 taskId: 290 ETC: 5444.61 priority: 0
  taskPos: 25 taskId: 952 ETC: 4247.72 priority: 0
  taskPos: 26 taskId: 450 ETC: 6618.47 priority: 0
  taskPos: 27 taskId: 54 ETC: 11055.7 priority: 0
  taskPos: 28 taskId: 66 ETC: 8429.81 priority: 0
  taskPos: 29 taskId: 114 ETC: 10876.1 priority: 0
> machineId: 8
  taskPos: 0 taskId: 655 ETC: 1.3 priority: 0
  taskPos: 1 taskId: 1003 ETC: 322.93 priority: 0
  taskPos: 2 taskId: 871 ETC: 371.56 priority: 0
  taskPos: 3 taskId: 499 ETC: 1834.28 priority: 0
  taskPos: 4 taskId: 711 ETC: 87.19 priority: 0
  taskPos: 5 taskId: 721 ETC: 150.39 priority: 0
  taskPos: 6 taskId: 691 ETC: 311.93 priority: 0
  taskPos: 7 taskId: 635 ETC: 29.79 priority: 0
  taskPos: 8 taskId: 137 ETC: 1891.09 priority: 0
  taskPos: 9 taskId: 933 ETC: 645.62 priority: 0
  taskPos: 10 taskId: 555 ETC: 573.75 priority: 0
  taskPos: 11 taskId: 652 ETC: 6078.98 priority: 0
  taskPos: 12 taskId: 913 ETC: 842.9 priority: 0
  taskPos: 13 taskId: 102 ETC: 5569.41 priority: 0
  taskPos: 14 taskId: 541 ETC: 428.57 priority: 0
  taskPos: 15 taskId: 762 ETC: 13790 priority: 0
  taskPos: 16 taskId: 327 ETC: 6815.56 priority: 0
  taskPos: 17 taskId: 301 ETC: 403.24 priority: 0
  taskPos: 18 taskId: 777 ETC: 1686.05 priority: 0
  taskPos: 19 taskId: 774 ETC: 19652.4 priority: 0
  taskPos: 20 taskId: 576 ETC: 7856.32 priority: 0
  taskPos: 21 taskId: 794 ETC: 11119.7 priority: 0
  taskPos: 22 taskId: 347 ETC: 1209.72 priority: 0
  taskPos: 23 taskId: 363 ETC: 2662.72 priority: 0
  taskPos: 24 taskId: 578 ETC: 26464.4 priority: 0
  taskPos: 25 taskId: 105 ETC: 1645.16 priority: 0
  taskPos: 26 taskId: 723 ETC: 4295.6 priority: 0
> machineId: 9
  taskPos: 0 taskId: 701 ETC: 169.51 priority: 0
  taskPos: 1 taskId: 837 ETC: 944.7 priority: 0
  taskPos: 2 taskId: 125 ETC: 521.14 priority: 0
  taskPos: 3 taskId: 398 ETC: 5447.75 priority: 0
  taskPos: 4 taskId: 457 ETC: 361.08 priority: 0
  taskPos: 5 taskId: 21 ETC: 396.28 priority: 0
  taskPos: 6 taskId: 41 ETC: 1928.93 priority: 0
  taskPos: 7 taskId: 205 ETC: 3720.7 priority: 0
  taskPos: 8 taskId: 364 ETC: 432.38 priority: 0
  taskPos: 9 taskId: 131 ETC: 1592.19 priority: 0
  taskPos: 10 taskId: 902 ETC: 32399.1 priority: 0
  taskPos: 11 taskId: 309 ETC: 2863.6 priority: 0
  taskPos: 12 taskId: 557 ETC: 2248.07 priority: 0
  taskPos: 13 taskId: 886 ETC: 17737.9 priority: 0
  taskPos: 14 taskId: 46 ETC: 13055.9 priority: 0
  taskPos: 15 taskId: 25 ETC: 95.11 priority: 0
  taskPos: 16 taskId: 190 ETC: 7571.76 priority: 0
  taskPos: 17 taskId: 64 ETC: 9540.11 priority: 0
  taskPos: 18 taskId: 164 ETC: 16948.6 priority: 0
> machineId: 10
  taskPos: 0 taskId: 639 ETC: 40.94 priority: 0
  taskPos: 1 taskId: 625 ETC: 883.93 priority: 0
  taskPos: 2 taskId: 959 ETC: 209.92 priority: 0
  taskPos: 3 taskId: 985 ETC: 67.88 priority: 0
  taskPos: 4 taskId: 419 ETC: 673.16 priority: 0
  taskPos: 5 taskId: 217 ETC: 719.2 priority: 0
  taskPos: 6 taskId: 621 ETC: 2874.11 priority: 0
  taskPos: 7 taskId: 9 ETC: 526.91 priority: 0
  taskPos: 8 taskId: 101 ETC: 1937.41 priority: 0
  taskPos: 9 taskId: 55 ETC: 659.48 priority: 0
  taskPos: 10 taskId: 665 ETC: 5503.84 priority: 0
  taskPos: 11 taskId: 811 ETC: 1913.56 priority: 0
  taskPos: 12 taskId: 195 ETC: 500.68 priority: 0
  taskPos: 13 taskId: 587 ETC: 2324.94 priority: 0
  taskPos: 14 taskId: 703 ETC: 3557.97 priority: 0
  taskPos: 15 taskId: 289 ETC: 1466.11 priority: 0
  taskPos: 16 taskId: 180 ETC: 12389.2 priority: 0
  taskPos: 17 taskId: 161 ETC: 3651.11 priority: 0
  taskPos: 18 taskId: 1019 ETC: 3053.63 priority: 0
  taskPos: 19 taskId: 40 ETC: 13260.1 priority: 0
  taskPos: 20 taskId: 849 ETC: 4715.42 priority: 0
  taskPos: 21 taskId: 142 ETC: 16753.4 priority: 0
  taskPos: 22 taskId: 518 ETC: 16258.8 priority: 0
  taskPos: 23 taskId: 594 ETC: 8017.42 priority: 0
  taskPos: 24 taskId: 538 ETC: 19482.9 priority: 0
> machineId: 11
  taskPos: 0 taskId: 877 ETC: 6.08 priority: 0
  taskPos: 1 taskId: 593 ETC: 267.06 priority: 0
  taskPos: 2 taskId: 1017 ETC: 1536.61 priority: 0
  taskPos: 3 taskId: 479 ETC: 323.99 priority: 0
  taskPos: 4 taskId: 893 ETC: 105.29 priority: 0
  taskPos: 5 taskId: 75 ETC: 736.94 priority: 0
  taskPos: 6 taskId: 791 ETC: 608.87 priority: 0
  taskPos: 7 taskId: 870 ETC: 18140.1 priority: 0
  taskPos: 8 taskId: 248 ETC: 13767.1 priority: 0
  taskPos: 9 taskId: 415 ETC: 216.59 priority: 0
  taskPos: 10 taskId: 533 ETC: 723.9 priority: 0
  taskPos: 11 taskId: 463 ETC: 616.42 priority: 0
  taskPos: 12 taskId: 605 ETC: 5590.8 priority: 0
  taskPos: 13 taskId: 227 ETC: 868.93 priority: 0
  taskPos: 14 taskId: 801 ETC: 3530.77 priority: 0
  taskPos: 15 taskId: 357 ETC: 3162.89 priority: 0
  taskPos: 16 taskId: 787 ETC: 1143.82 priority: 0
  taskPos: 17 taskId: 448 ETC: 18534.8 priority: 0
  taskPos: 18 taskId: 156 ETC: 19631.1 priority: 0
  taskPos: 19 taskId: 677 ETC: 2867.25 priority: 0
  taskPos: 20 taskId: 966 ETC: 25383.6 priority: 0
> machineId: 12
  taskPos: 0 taskId: 919 ETC: 172.29 priority: 0
  taskPos: 1 taskId: 0 ETC: 24803.9 priority: 0
  taskPos: 2 taskId: 355 ETC: 227.1 priority: 0
  taskPos: 3 taskId: 325 ETC: 12590.4 priority: 0
  taskPos: 4 taskId: 965 ETC: 3504.32 priority: 0
  taskPos: 5 taskId: 917 ETC: 240.89 priority: 0
  taskPos: 6 taskId: 939 ETC: 3100.03 priority: 0
  taskPos: 7 taskId: 181 ETC: 648.9 priority: 0
  taskPos: 8 taskId: 487 ETC: 1258.13 priority: 0
  taskPos: 9 taskId: 833 ETC: 3845.8 priority: 0
  taskPos: 10 taskId: 63 ETC: 239.59 priority: 0
  taskPos: 11 taskId: 19 ETC: 2919.19 priority: 0
  taskPos: 12 taskId: 209 ETC: 1074.89 priority: 0
  taskPos: 13 taskId: 95 ETC: 1040.23 priority: 0
  taskPos: 14 taskId: 411 ETC: 3656.38 priority: 0
  taskPos: 15 taskId: 425 ETC: 729.45 priority: 0
  taskPos: 16 taskId: 961 ETC: 2512.27 priority: 0
  taskPos: 17 taskId: 135 ETC: 2345.1 priority: 0
  taskPos: 18 taskId: 328 ETC: 37991.7 priority: 0
  taskPos: 19 taskId: 237 ETC: 117.44 priority: 0
  taskPos: 20 taskId: 320 ETC: 12952.3 priority: 0
  taskPos: 21 taskId: 371 ETC: 329.32 priority: 0
  taskPos: 22 taskId: 743 ETC: 2236.72 priority: 0
> machineId: 13
  taskPos: 0 taskId: 631 ETC: 12.38 priority: 0
  taskPos: 1 taskId: 115 ETC: 1932.8 priority: 0
  taskPos: 2 taskId: 697 ETC: 875.62 priority: 0
  taskPos: 3 taskId: 997 ETC: 88.75 priority: 0
  taskPos: 4 taskId: 207 ETC: 1428.38 priority: 0
  taskPos: 5 taskId: 949 ETC: 978.04 priority: 0
  taskPos: 6 taskId: 257 ETC: 4357.42 priority: 0
  taskPos: 7 taskId: 430 ETC: 14591.5 priority: 0
  taskPos: 8 taskId: 262 ETC: 10166.5 priority: 0
  taskPos: 9 taskId: 234 ETC: 31842.3 priority: 0
  taskPos: 10 taskId: 449 ETC: 1660.31 priority: 0
  taskPos: 11 taskId: 307 ETC: 11969.1 priority: 0
  taskPos: 12 taskId: 580 ETC: 11572.1 priority: 0
  taskPos: 13 taskId: 401 ETC: 154.52 priority: 0
  taskPos: 14 taskId: 1009 ETC: 1938.55 priority: 0
  taskPos: 15 taskId: 483 ETC: 2273.4 priority: 0
  taskPos: 16 taskId: 998 ETC: 20956.1 priority: 0
  taskPos: 17 taskId: 669 ETC: 4179.86 priority: 0
> machineId: 14
  taskPos: 0 taskId: 579 ETC: 208.61 priority: 0
  taskPos: 1 taskId: 943 ETC: 540.82 priority: 0
  taskPos: 2 taskId: 107 ETC: 341.58 priority: 0
  taskPos: 3 taskId: 559 ETC: 680.6 priority: 0
  taskPos: 4 taskId: 784 ETC: 19539 priority: 0
  taskPos: 5 taskId: 825 ETC: 158.74 priority: 0
  taskPos: 6 taskId: 179 ETC: 321.1 priority: 0
  taskPos: 7 taskId: 581 ETC: 1056.96 priority: 0
  taskPos: 8 taskId: 108 ETC: 12699.9 priority: 0
  taskPos: 9 taskId: 671 ETC: 1769.55 priority: 0
  taskPos: 10 taskId: 589 ETC: 20055.4 priority: 0
  taskPos: 11 taskId: 928 ETC: 26516.2 priority: 0
  taskPos: 12 taskId: 955 ETC: 2033.05 priority: 0
  taskPos: 13 taskId: 567 ETC: 3228.57 priority: 0
  taskPos: 14 taskId: 83 ETC: 8446.55 priority: 0
  taskPos: 15 taskId: 271 ETC: 821.17 priority: 0
  taskPos: 16 taskId: 81 ETC: 1577.9 priority: 0
  taskPos: 17 taskId: 845 ETC: 3545.75 priority: 0
  taskPos: 18 taskId: 159 ETC: 4762.41 priority: 0
  taskPos: 19 taskId: 359 ETC: 3237.2 priority: 0
> machineId: 15
  taskPos: 0 taskId: 475 ETC: 82.1 priority: 0
  taskPos: 1 taskId: 324 ETC: 16577.6 priority: 0
  taskPos: 2 taskId: 343 ETC: 513.33 priority: 0
  taskPos: 3 taskId: 405 ETC: 314.23 priority: 0
  taskPos: 4 taskId: 130 ETC: 29468.4 priority: 0
  taskPos: 5 taskId: 416 ETC: 28597.6 priority: 0
  taskPos: 6 taskId: 2 ETC: 266.81 priority: 0
  taskPos: 7 taskId: 267 ETC: 342.51 priority: 0
  taskPos: 8 taskId: 157 ETC: 689.14 priority: 0
  taskPos: 9 taskId: 373 ETC: 1562.4 priority: 0
  taskPos: 10 taskId: 231 ETC: 1409.99 priority: 0
  taskPos: 11 taskId: 553 ETC: 176.79 priority: 0
  taskPos: 12 taskId: 973 ETC: 1901.49 priority: 0
  taskPos: 13 taskId: 978 ETC: 12224.4 priority: 0
  taskPos: 14 taskId: 33 ETC: 3045.65 priority: 0
  taskPos: 15 taskId: 360 ETC: 17029.5 priority: 0
  taskPos: 16 taskId: 715 ETC: 1635.19 priority: 0
  taskPos: 17 taskId: 279 ETC: 1888.5 priority: 0
  taskPos: 18 taskId: 1005 ETC: 1442.39 priority: 0
  taskPos: 19 taskId: 1021 ETC: 2342.27 priority: 0
> machineId: 16
  taskPos: 0 taskId: 729 ETC: 58.91 priority: 0
  taskPos: 1 taskId: 839 ETC: 472.79 priority: 0
  taskPos: 2 taskId: 989 ETC: 754.26 priority: 0
  taskPos: 3 taskId: 891 ETC: 486.18 priority: 0
  taskPos: 4 taskId: 477 ETC: 839.12 priority: 0
  taskPos: 5 taskId: 547 ETC: 218.85 priority: 0
  taskPos: 6 taskId: 495 ETC: 632.44 priority: 0
  taskPos: 7 taskId: 637 ETC: 116.23 priority: 0
  taskPos: 8 taskId: 113 ETC: 1221 priority: 0
  taskPos: 9 taskId: 211 ETC: 4161.06 priority: 0
  taskPos: 10 taskId: 28 ETC: 30046.2 priority: 0
  taskPos: 11 taskId: 991 ETC: 606.74 priority: 0
  taskPos: 12 taskId: 869 ETC: 2418.76 priority: 0
  taskPos: 13 taskId: 673 ETC: 476.49 priority: 0
  taskPos: 14 taskId: 765 ETC: 2751.77 priority: 0
  taskPos: 15 taskId: 803 ETC: 586.4 priority: 0
  taskPos: 16 taskId: 610 ETC: 32144.9 priority: 0
  taskPos: 17 taskId: 683 ETC: 1233.96 priority: 0
  taskPos: 18 taskId: 885 ETC: 1042.51 priority: 0
  taskPos: 19 taskId: 758 ETC: 24040.9 priority: 0
  taskPos: 20 taskId: 196 ETC: 11774.7 priority: 0
  taskPos: 21 taskId: 435 ETC: 1918.89 priority: 0
  taskPos: 22 taskId: 545 ETC: 891.63 priority: 0
  taskPos: 23 taskId: 767 ETC: 2244.95 priority: 0
> machineId: 17
  taskPos: 0 taskId: 725 ETC: 323.48 priority: 0
  taskPos: 1 taskId: 407 ETC: 8.8 priority: 0
  taskPos: 2 taskId: 253 ETC: 1771.47 priority: 0
  taskPos: 3 taskId: 563 ETC: 1208.22 priority: 0
  taskPos: 4 taskId: 317 ETC: 1899.41 priority: 0
  taskPos: 5 taskId: 377 ETC: 1118.14 priority: 0
  taskPos: 6 taskId: 27 ETC: 28.3 priority: 0
  taskPos: 7 taskId: 806 ETC: 24653.1 priority: 0
  taskPos: 8 taskId: 855 ETC: 1735.69 priority: 0
  taskPos: 9 taskId: 387 ETC: 720.53 priority: 0
  taskPos: 10 taskId: 213 ETC: 781.23 priority: 0
  taskPos: 11 taskId: 929 ETC: 944.63 priority: 0
  taskPos: 12 taskId: 431 ETC: 1885.42 priority: 0
  taskPos: 13 taskId: 251 ETC: 1263.23 priority: 0
  taskPos: 14 taskId: 851 ETC: 9418.5 priority: 0
  taskPos: 15 taskId: 807 ETC: 470.29 priority: 0
  taskPos: 16 taskId: 651 ETC: 2456.19 priority: 0
  taskPos: 17 taskId: 150 ETC: 18383.5 priority: 0
  taskPos: 18 taskId: 724 ETC: 36843.3 priority: 0
  taskPos: 19 taskId: 613 ETC: 2108.02 priority: 0
  taskPos: 20 taskId: 591 ETC: 4827.31 priority: 0
  taskPos: 21 taskId: 573 ETC: 3601.24 priority: 0
> machineId: 18
  taskPos: 0 taskId: 421 ETC: 15.77 priority: 0
  taskPos: 1 taskId: 751 ETC: 237.04 priority: 0
  taskPos: 2 taskId: 823 ETC: 264.9 priority: 0
  taskPos: 3 taskId: 667 ETC: 15052.1 priority: 0
  taskPos: 4 taskId: 749 ETC: 333.9 priority: 0
  taskPos: 5 taskId: 247 ETC: 267.72 priority: 0
  taskPos: 6 taskId: 931 ETC: 1766.73 priority: 0
  taskPos: 7 taskId: 273 ETC: 20.46 priority: 0
  taskPos: 8 taskId: 569 ETC: 646.12 priority: 0
  taskPos: 9 taskId: 285 ETC: 550.15 priority: 0
  taskPos: 10 taskId: 319 ETC: 4295.64 priority: 0
  taskPos: 11 taskId: 287 ETC: 473.12 priority: 0
  taskPos: 12 taskId: 49 ETC: 345.77 priority: 0
  taskPos: 13 taskId: 1023 ETC: 866.31 priority: 0
  taskPos: 14 taskId: 930 ETC: 42619.3 priority: 0
  taskPos: 15 taskId: 175 ETC: 1050.24 priority: 0
  taskPos: 16 taskId: 127 ETC: 1434.53 priority: 0
  taskPos: 17 taskId: 983 ETC: 16598.6 priority: 0
  taskPos: 18 taskId: 941 ETC: 888.12 priority: 0
  taskPos: 19 taskId: 133 ETC: 2085.31 priority: 0
  taskPos: 20 taskId: 149 ETC: 5624.49 priority: 0
  taskPos: 21 taskId: 7 ETC: 162.07 priority: 0
  taskPos: 22 taskId: 417 ETC: 12300 priority: 0
  taskPos: 23 taskId: 977 ETC: 2931.84 priority: 0
> machineId: 19
  taskPos: 0 taskId: 3 ETC: 3399.34 priority: 0
  taskPos: 1 taskId: 603 ETC: 283.93 priority: 0
  taskPos: 2 taskId: 203 ETC: 714.53 priority: 0
  taskPos: 3 taskId: 337 ETC: 2006.17 priority: 0
  taskPos: 4 taskId: 349 ETC: 193.76 priority: 0
  taskPos: 5 taskId: 903 ETC: 610.67 priority: 0
  taskPos: 6 taskId: 170 ETC: 3017.29 priority: 0
  taskPos: 7 taskId: 199 ETC: 407.62 priority: 0
  taskPos: 8 taskId: 529 ETC: 1439.87 priority: 0
  taskPos: 9 taskId: 969 ETC: 2145.81 priority: 0
  taskPos: 10 taskId: 601 ETC: 460.62 priority: 0
  taskPos: 11 taskId: 291 ETC: 289.37 priority: 0
  taskPos: 12 taskId: 383 ETC: 991.91 priority: 0
  taskPos: 13 taskId: 303 ETC: 1150.84 priority: 0
  taskPos: 14 taskId: 351 ETC: 1436.72 priority: 0
  taskPos: 15 taskId: 467 ETC: 3930.64 priority: 0
  taskPos: 16 taskId: 62 ETC: 54103 priority: 0
  taskPos: 17 taskId: 223 ETC: 5488.46 priority: 0
  taskPos: 18 taskId: 1011 ETC: 3506.18 priority: 0
  taskPos: 19 taskId: 550 ETC: 33045.1 priority: 0
> machineId: 20
  taskPos: 0 taskId: 71 ETC: 56.62 priority: 0
  taskPos: 1 taskId: 87 ETC: 145.02 priority: 0
  taskPos: 2 taskId: 779 ETC: 222.02 priority: 0
  taskPos: 3 taskId: 77 ETC: 1154.11 priority: 0
  taskPos: 4 taskId: 323 ETC: 258.38 priority: 0
  taskPos: 5 taskId: 43 ETC: 120.72 priority: 0
  taskPos: 6 taskId: 97 ETC: 325.64 priority: 0
  taskPos: 7 taskId: 661 ETC: 1043.1 priority: 0
  taskPos: 8 taskId: 395 ETC: 1446.91 priority: 0
  taskPos: 9 taskId: 399 ETC: 1383.59 priority: 0
  taskPos: 10 taskId: 925 ETC: 687.29 priority: 0
  taskPos: 11 taskId: 321 ETC: 477.08 priority: 0
  taskPos: 12 taskId: 681 ETC: 2054.58 priority: 0
  taskPos: 13 taskId: 263 ETC: 3813.92 priority: 0
  taskPos: 14 taskId: 13 ETC: 8789.15 priority: 0
  taskPos: 15 taskId: 679 ETC: 2649.9 priority: 0
  taskPos: 16 taskId: 121 ETC: 3178.41 priority: 0
  taskPos: 17 taskId: 785 ETC: 5342.21 priority: 0
  taskPos: 18 taskId: 392 ETC: 15178.5 priority: 0
  taskPos: 19 taskId: 981 ETC: 12107.3 priority: 0
  taskPos: 20 taskId: 428 ETC: 50852.4 priority: 0
> machineId: 21
  taskPos: 0 taskId: 799 ETC: 86.73 priority: 0
  taskPos: 1 taskId: 219 ETC: 172.15 priority: 0
  taskPos: 2 taskId: 865 ETC: 619.49 priority: 0
  taskPos: 3 taskId: 53 ETC: 79.75 priority: 0
  taskPos: 4 taskId: 911 ETC: 2300.2 priority: 0
  taskPos: 5 taskId: 879 ETC: 305.08 priority: 0
  taskPos: 6 taskId: 245 ETC: 5677.9 priority: 0
  taskPos: 7 taskId: 511 ETC: 465.48 priority: 0
  taskPos: 8 taskId: 732 ETC: 1020.61 priority: 0
  taskPos: 9 taskId: 5 ETC: 247.38 priority: 0
  taskPos: 10 taskId: 936 ETC: 43587.2 priority: 0
  taskPos: 11 taskId: 249 ETC: 582.46 priority: 0
  taskPos: 12 taskId: 433 ETC: 2920.8 priority: 0
  taskPos: 13 taskId: 473 ETC: 294.36 priority: 0
  taskPos: 14 taskId: 501 ETC: 1505.83 priority: 0
  taskPos: 15 taskId: 537 ETC: 19273.1 priority: 0
  taskPos: 16 taskId: 527 ETC: 522.14 priority: 0
  taskPos: 17 taskId: 987 ETC: 4447.19 priority: 0
  taskPos: 18 taskId: 353 ETC: 525.27 priority: 0
  taskPos: 19 taskId: 79 ETC: 491.68 priority: 0
  taskPos: 20 taskId: 819 ETC: 4052.82 priority: 0
  taskPos: 21 taskId: 905 ETC: 1968.08 priority: 0
  taskPos: 22 taskId: 333 ETC: 9982 priority: 0
  taskPos: 23 taskId: 318 ETC: 3707.21 priority: 0
  taskPos: 24 taskId: 109 ETC: 4007.46 priority: 0
> machineId: 22
  taskPos: 0 taskId: 768 ETC: 14224.4 priority: 0
  taskPos: 1 taskId: 531 ETC: 97.54 priority: 0
  taskPos: 2 taskId: 797 ETC: 1651.95 priority: 0
  taskPos: 3 taskId: 429 ETC: 475.32 priority: 0
  taskPos: 4 taskId: 255 ETC: 92.84 priority: 0
  taskPos: 5 taskId: 935 ETC: 561.68 priority: 0
  taskPos: 6 taskId: 474 ETC: 710.59 priority: 0
  taskPos: 7 taskId: 821 ETC: 149.48 priority: 0
  taskPos: 8 taskId: 741 ETC: 4050.92 priority: 0
  taskPos: 9 taskId: 119 ETC: 2043.37 priority: 0
  taskPos: 10 taskId: 735 ETC: 1298.83 priority: 0
  taskPos: 11 taskId: 867 ETC: 2407.5 priority: 0
  taskPos: 12 taskId: 270 ETC: 23073.1 priority: 0
  taskPos: 13 taskId: 367 ETC: 1342.01 priority: 0
  taskPos: 14 taskId: 485 ETC: 1493.85 priority: 0
  taskPos: 15 taskId: 517 ETC: 3056.87 priority: 0
  taskPos: 16 taskId: 326 ETC: 38796.7 priority: 0
  taskPos: 17 taskId: 69 ETC: 2848.56 priority: 0
  taskPos: 18 taskId: 67 ETC: 6807.79 priority: 0
  taskPos: 19 taskId: 761 ETC: 6762.27 priority: 0
> machineId: 23
  taskPos: 0 taskId: 611 ETC: 975.2 priority: 0
  taskPos: 1 taskId: 595 ETC: 956.21 priority: 0
  taskPos: 2 taskId: 719 ETC: 18.49 priority: 0
  taskPos: 3 taskId: 829 ETC: 17211.3 priority: 0
  taskPos: 4 taskId: 817 ETC: 355.82 priority: 0
  taskPos: 5 taskId: 269 ETC: 1997.66 priority: 0
  taskPos: 6 taskId: 519 ETC: 1094.35 priority: 0
  taskPos: 7 taskId: 536 ETC: 16371.4 priority: 0
  taskPos: 8 taskId: 505 ETC: 1974.86 priority: 0
  taskPos: 9 taskId: 169 ETC: 311.87 priority: 0
  taskPos: 10 taskId: 331 ETC: 208.44 priority: 0
  taskPos: 11 taskId: 201 ETC: 429.88 priority: 0
  taskPos: 12 taskId: 103 ETC: 23.29 priority: 0
  taskPos: 13 taskId: 335 ETC: 14200.1 priority: 0
  taskPos: 14 taskId: 873 ETC: 2121.22 priority: 0
  taskPos: 15 taskId: 1001 ETC: 636.81 priority: 0
  taskPos: 16 taskId: 783 ETC: 768.02 priority: 0
  taskPos: 17 taskId: 455 ETC: 2696.25 priority: 0
  taskPos: 18 taskId: 158 ETC: 43026.9 priority: 0
  taskPos: 19 taskId: 615 ETC: 423.88 priority: 0
  taskPos: 20 taskId: 737 ETC: 1169.44 priority: 0
  taskPos: 21 taskId: 577 ETC: 4278.29 priority: 0
  taskPos: 22 taskId: 795 ETC: 7567.9 priority: 0
> machineId: 24
  taskPos: 0 taskId: 451 ETC: 1766.79 priority: 0
  taskPos: 1 taskId: 647 ETC: 70.17 priority: 0
  taskPos: 2 taskId: 781 ETC: 82.35 priority: 0
  taskPos: 3 taskId: 14 ETC: 10498.4 priority: 0
  taskPos: 4 taskId: 45 ETC: 1020.73 priority: 0
  taskPos: 5 taskId: 191 ETC: 191.65 priority: 0
  taskPos: 6 taskId: 857 ETC: 5177.39 priority: 0
  taskPos: 7 taskId: 341 ETC: 8839 priority: 0
  taskPos: 8 taskId: 153 ETC: 1638.84 priority: 0
  taskPos: 9 taskId: 947 ETC: 2133.47 priority: 0
  taskPos: 10 taskId: 640 ETC: 33769.4 priority: 0
  taskPos: 11 taskId: 381 ETC: 2578.9 priority: 0
  taskPos: 12 taskId: 65 ETC: 2362.22 priority: 0
  taskPos: 13 taskId: 685 ETC: 1047.86 priority: 0
  taskPos: 14 taskId: 627 ETC: 14869.4 priority: 0
  taskPos: 15 taskId: 507 ETC: 366.54 priority: 0
  taskPos: 16 taskId: 967 ETC: 15307.6 priority: 0
> machineId: 25
  taskPos: 0 taskId: 549 ETC: 688.72 priority: 0
  taskPos: 1 taskId: 52 ETC: 25091.7 priority: 0
  taskPos: 2 taskId: 369 ETC: 2899.79 priority: 0
  taskPos: 3 taskId: 523 ETC: 1904.66 priority: 0
  taskPos: 4 taskId: 313 ETC: 1927.58 priority: 0
  taskPos: 5 taskId: 687 ETC: 2855.65 priority: 0
  taskPos: 6 taskId: 299 ETC: 628.79 priority: 0
  taskPos: 7 taskId: 609 ETC: 3461.07 priority: 0
  taskPos: 8 taskId: 35 ETC: 154.95 priority: 0
  taskPos: 9 taskId: 709 ETC: 1658.21 priority: 0
  taskPos: 10 taskId: 332 ETC: 47196.4 priority: 0
  taskPos: 11 taskId: 409 ETC: 703.6 priority: 0
  taskPos: 12 taskId: 197 ETC: 6569.64 priority: 0
  taskPos: 13 taskId: 453 ETC: 15668.9 priority: 0
  taskPos: 14 taskId: 521 ETC: 4047.9 priority: 0
> machineId: 26
  taskPos: 0 taskId: 897 ETC: 452.45 priority: 0
  taskPos: 1 taskId: 189 ETC: 141.08 priority: 0
  taskPos: 2 taskId: 469 ETC: 74.96 priority: 0
  taskPos: 3 taskId: 182 ETC: 66915.7 priority: 0
  taskPos: 4 taskId: 793 ETC: 12837.8 priority: 0
  taskPos: 5 taskId: 48 ETC: 3390.77 priority: 0
  taskPos: 6 taskId: 73 ETC: 1767.9 priority: 0
  taskPos: 7 taskId: 239 ETC: 246.09 priority: 0
  taskPos: 8 taskId: 57 ETC: 1566.16 priority: 0
  taskPos: 9 taskId: 957 ETC: 2758.65 priority: 0
  taskPos: 10 taskId: 315 ETC: 5712.16 priority: 0
  taskPos: 11 taskId: 551 ETC: 952.88 priority: 0
  taskPos: 12 taskId: 835 ETC: 1186.23 priority: 0
  taskPos: 13 taskId: 675 ETC: 253.22 priority: 0
  taskPos: 14 taskId: 575 ETC: 1150.93 priority: 0
  taskPos: 15 taskId: 39 ETC: 1800.27 priority: 0
  taskPos: 16 taskId: 948 ETC: 3121.98 priority: 0
  taskPos: 17 taskId: 653 ETC: 4837.92 priority: 0
  taskPos: 18 taskId: 439 ETC: 2226.89 priority: 0
  taskPos: 19 taskId: 747 ETC: 2024.43 priority: 0
  taskPos: 20 taskId: 61 ETC: 2194.4 priority: 0
> machineId: 27
  taskPos: 0 taskId: 883 ETC: 168.73 priority: 0
  taskPos: 1 taskId: 859 ETC: 132.7 priority: 0
  taskPos: 2 taskId: 775 ETC: 644.79 priority: 0
  taskPos: 3 taskId: 597 ETC: 546.35 priority: 0
  taskPos: 4 taskId: 583 ETC: 611.06 priority: 0
  taskPos: 5 taskId: 889 ETC: 234.09 priority: 0
  taskPos: 6 taskId: 461 ETC: 941.09 priority: 0
  taskPos: 7 taskId: 975 ETC: 495.11 priority: 0
  taskPos: 8 taskId: 459 ETC: 3817.7 priority: 0
  taskPos: 9 taskId: 283 ETC: 2959.9 priority: 0
  taskPos: 10 taskId: 887 ETC: 5827.39 priority: 0
  taskPos: 11 taskId: 707 ETC: 1262.87 priority: 0
  taskPos: 12 taskId: 995 ETC: 1273.74 priority: 0
  taskPos: 13 taskId: 393 ETC: 1746.62 priority: 0
  taskPos: 14 taskId: 565 ETC: 256.32 priority: 0
  taskPos: 15 taskId: 36 ETC: 9221.03 priority: 0
  taskPos: 16 taskId: 140 ETC: 63031.8 priority: 0
  taskPos: 17 taskId: 813 ETC: 6362.95 priority: 0
  taskPos: 18 taskId: 1 ETC: 3280.23 priority: 0
  taskPos: 19 taskId: 379 ETC: 933.5 priority: 0
  taskPos: 20 taskId: 275 ETC: 3209.84 priority: 0
> machineId: 28
  taskPos: 0 taskId: 745 ETC: 79.16 priority: 0
  taskPos: 1 taskId: 51 ETC: 21.72 priority: 0
  taskPos: 2 taskId: 29 ETC: 394.98 priority: 0
  taskPos: 3 taskId: 493 ETC: 360.39 priority: 0
  taskPos: 4 taskId: 617 ETC: 1422.57 priority: 0
  taskPos: 5 taskId: 773 ETC: 140.94 priority: 0
  taskPos: 6 taskId: 155 ETC: 345.72 priority: 0
  taskPos: 7 taskId: 339 ETC: 11804.8 priority: 0
  taskPos: 8 taskId: 91 ETC: 154.54 priority: 0
  taskPos: 9 taskId: 85 ETC: 644.01 priority: 0
  taskPos: 10 taskId: 261 ETC: 164.14 priority: 0
  taskPos: 11 taskId: 752 ETC: 42324.9 priority: 0
  taskPos: 12 taskId: 123 ETC: 1080.66 priority: 0
  taskPos: 13 taskId: 192 ETC: 6808.21 priority: 0
  taskPos: 14 taskId: 403 ETC: 2450.69 priority: 0
  taskPos: 15 taskId: 733 ETC: 188.3 priority: 0
  taskPos: 16 taskId: 769 ETC: 943.14 priority: 0
  taskPos: 17 taskId: 843 ETC: 1291.25 priority: 0
  taskPos: 18 taskId: 375 ETC: 3369.03 priority: 0
  taskPos: 19 taskId: 99 ETC: 5690.05 priority: 0
  taskPos: 20 taskId: 173 ETC: 9876.67 priority: 0
  taskPos: 21 taskId: 47 ETC: 1868.13 priority: 0
  taskPos: 22 taskId: 165 ETC: 10293.3 priority: 0
  taskPos: 23 taskId: 841 ETC: 8109.2 priority: 0
  taskPos: 24 taskId: 506 ETC: 10119 priority: 0
> machineId: 29
  taskPos: 0 taskId: 861 ETC: 6.48 priority: 0
  taskPos: 1 taskId: 413 ETC: 32.16 priority: 0
  taskPos: 2 taskId: 154 ETC: 9755.7 priority: 0
  taskPos: 3 taskId: 185 ETC: 329.6 priority: 0
  taskPos: 4 taskId: 465 ETC: 657.2 priority: 0
  taskPos: 5 taskId: 963 ETC: 629.54 priority: 0
  taskPos: 6 taskId: 789 ETC: 1548.47 priority: 0
  taskPos: 7 taskId: 759 ETC: 388.74 priority: 0
  taskPos: 8 taskId: 525 ETC: 836.82 priority: 0
  taskPos: 9 taskId: 731 ETC: 42.6 priority: 0
  taskPos: 10 taskId: 899 ETC: 320.67 priority: 0
  taskPos: 11 taskId: 240 ETC: 56093.1 priority: 0
  taskPos: 12 taskId: 361 ETC: 782.38 priority: 0
  taskPos: 13 taskId: 757 ETC: 14712.5 priority: 0
  taskPos: 14 taskId: 693 ETC: 9125.89 priority: 0
  taskPos: 15 taskId: 305 ETC: 435.39 priority: 0
  taskPos: 16 taskId: 815 ETC: 593.15 priority: 0
  taskPos: 17 taskId: 141 ETC: 3823.98 priority: 0
  taskPos: 18 taskId: 151 ETC: 3887.12 priority: 0
  taskPos: 19 taskId: 623 ETC: 2566.07 priority: 0
  taskPos: 20 taskId: 717 ETC: 3636.45 priority: 0
> machineId: 30
  taskPos: 0 taskId: 241 ETC: 5.01 priority: 0
  taskPos: 1 taskId: 641 ETC: 853.39 priority: 0
  taskPos: 2 taskId: 447 ETC: 34.88 priority: 0
  taskPos: 3 taskId: 232 ETC: 20698 priority: 0
  taskPos: 4 taskId: 365 ETC: 574.83 priority: 0
  taskPos: 5 taskId: 423 ETC: 1499.86 priority: 0
  taskPos: 6 taskId: 979 ETC: 92.94 priority: 0
  taskPos: 7 taskId: 699 ETC: 103.48 priority: 0
  taskPos: 8 taskId: 633 ETC: 994.14 priority: 0
  taskPos: 9 taskId: 471 ETC: 6356.09 priority: 0
  taskPos: 10 taskId: 177 ETC: 341.32 priority: 0
  taskPos: 11 taskId: 329 ETC: 686.37 priority: 0
  taskPos: 12 taskId: 259 ETC: 25.35 priority: 0
  taskPos: 13 taskId: 657 ETC: 5069.22 priority: 0
  taskPos: 14 taskId: 183 ETC: 783.26 priority: 0
  taskPos: 15 taskId: 763 ETC: 2557.35 priority: 0
  taskPos: 16 taskId: 663 ETC: 360.05 priority: 0
  taskPos: 17 taskId: 599 ETC: 12133.7 priority: 0
  taskPos: 18 taskId: 340 ETC: 65463.8 priority: 0
> machineId: 31
  taskPos: 0 taskId: 437 ETC: 4738.74 priority: 0
  taskPos: 1 taskId: 311 ETC: 1261.87 priority: 0
  taskPos: 2 taskId: 853 ETC: 127.44 priority: 0
  taskPos: 3 taskId: 923 ETC: 1774.99 priority: 0
  taskPos: 4 taskId: 1015 ETC: 357.94 priority: 0
  taskPos: 5 taskId: 406 ETC: 46953.6 priority: 0
  taskPos: 6 taskId: 152 ETC: 29661.3 priority: 0
  taskPos: 7 taskId: 260 ETC: 16341.7 priority: 0
  taskPos: 8 taskId: 147 ETC: 3129.87 priority: 0
  taskPos: 9 taskId: 643 ETC: 997.88 priority: 0
  taskPos: 10 taskId: 543 ETC: 1144.3 priority: 0
  taskPos: 11 taskId: 907 ETC: 962.91 priority: 0
  taskPos: 12 taskId: 561 ETC: 1418.29 priority: 0
  taskPos: 13 taskId: 915 ETC: 795.31 priority: 0
  taskPos: 14 taskId: 649 ETC: 495.96 priority: 0
  taskPos: 15 taskId: 167 ETC: 3240.68 priority: 0
  taskPos: 16 taskId: 863 ETC: 3002.73 priority: 0
  taskPos: 17 taskId: 993 ETC: 4367.2 priority: 0



 :( ---------------------- THE END --------------- :) 