[H[2J[INFO] TaskCount: 1024
[INFO] MachineCount: 32

[DEBUG] Inicialización MIN-MIN

Min-Min fitness: 40691.6

[DEBUG] Inicialización Sufferage

Sufferage fitness: 50884.3

[DEBUG] Inicialización random

[DEBUG] Inicialización random

[DEBUG] Inicialización random

[DEBUG] Inicialización MCT

MCT fitness: 59533.1

[DEBUG] Inicialización random

[DEBUG] Inicialización random

[DEBUG] Inicialización random

[DEBUG] Inicialización random

[DEBUG] Inicialización MCT

MCT fitness: 57354.8

[DEBUG] Inicialización random

[DEBUG] Inicialización random

[DEBUG] Inicialización random

[DEBUG] Inicialización random

 Current State ---------------------------------------------

Current trial: 1
Current iteration: 1500
Current evaluations: 22695
Current best cost: 38209
Current worst cost: 38209
Current Average cost: 38209
Current Standard Deviation: 0

Trial: 
Best cost trial: 38209
Worst cost trial: 586130
Iteration best found in trial: 1462
Time best found trial: 2.32514e+07
Time spent in trial: 2.37809e+07

Global: 
Global best cost: 38209
Global worst cost: 586130
Trial best found: 1
Iteration best found: 1462
Time best found: 2.32514e+07

Current time spent (so far): 2.37809e+07
Solution
> machineId: 0
  taskPos: 0 taskId: 50 ETC: 0.36 priority: 0
  taskPos: 1 taskId: 972 ETC: 1.19 priority: 0
  taskPos: 2 taskId: 264 ETC: 1.19 priority: 0
  taskPos: 3 taskId: 816 ETC: 1.2 priority: 0
  taskPos: 4 taskId: 862 ETC: 1.12 priority: 0
  taskPos: 5 taskId: 62 ETC: 10.52 priority: 0
  taskPos: 6 taskId: 682 ETC: 2.04 priority: 0
  taskPos: 7 taskId: 68 ETC: 2.98 priority: 0
  taskPos: 8 taskId: 502 ETC: 4.59 priority: 0
  taskPos: 9 taskId: 626 ETC: 3.25 priority: 0
  taskPos: 10 taskId: 684 ETC: 0.33 priority: 0
  taskPos: 11 taskId: 396 ETC: 2.82 priority: 0
  taskPos: 12 taskId: 1014 ETC: 3.58 priority: 0
  taskPos: 13 taskId: 318 ETC: 3.23 priority: 0
  taskPos: 14 taskId: 320 ETC: 3.96 priority: 0
  taskPos: 15 taskId: 566 ETC: 1.42 priority: 0
  taskPos: 16 taskId: 306 ETC: 3.4 priority: 0
  taskPos: 17 taskId: 608 ETC: 5.26 priority: 0
  taskPos: 18 taskId: 36 ETC: 8.66 priority: 0
  taskPos: 19 taskId: 170 ETC: 3.84 priority: 0
  taskPos: 20 taskId: 334 ETC: 5.5 priority: 0
  taskPos: 21 taskId: 206 ETC: 11.43 priority: 0
  taskPos: 22 taskId: 40 ETC: 13.33 priority: 0
  taskPos: 23 taskId: 672 ETC: 310.37 priority: 0
  taskPos: 24 taskId: 410 ETC: 8.08 priority: 0
  taskPos: 25 taskId: 212 ETC: 6.72 priority: 0
  taskPos: 26 taskId: 456 ETC: 7.1 priority: 0
  taskPos: 27 taskId: 200 ETC: 16.67 priority: 0
  taskPos: 28 taskId: 124 ETC: 8.73 priority: 0
  taskPos: 29 taskId: 898 ETC: 11.53 priority: 0
  taskPos: 30 taskId: 956 ETC: 10.72 priority: 0
  taskPos: 31 taskId: 102 ETC: 23.92 priority: 0
  taskPos: 32 taskId: 384 ETC: 25.79 priority: 0
  taskPos: 33 taskId: 82 ETC: 20.69 priority: 0
  taskPos: 34 taskId: 186 ETC: 43.55 priority: 0
  taskPos: 35 taskId: 312 ETC: 19.4 priority: 0
  taskPos: 36 taskId: 466 ETC: 6.64 priority: 0
  taskPos: 37 taskId: 692 ETC: 38.13 priority: 0
  taskPos: 38 taskId: 784 ETC: 17.77 priority: 0
  taskPos: 39 taskId: 208 ETC: 27.43 priority: 0
  taskPos: 40 taskId: 539 ETC: 15.75 priority: 0
  taskPos: 41 taskId: 724 ETC: 25.04 priority: 0
  taskPos: 42 taskId: 22 ETC: 15.03 priority: 0
  taskPos: 43 taskId: 780 ETC: 42.12 priority: 0
  taskPos: 44 taskId: 462 ETC: 16.43 priority: 0
  taskPos: 45 taskId: 10 ETC: 41.44 priority: 0
  taskPos: 46 taskId: 436 ETC: 22.69 priority: 0
  taskPos: 47 taskId: 284 ETC: 14.65 priority: 0
  taskPos: 48 taskId: 728 ETC: 31.93 priority: 0
  taskPos: 49 taskId: 720 ETC: 17.33 priority: 0
  taskPos: 50 taskId: 754 ETC: 37.51 priority: 0
  taskPos: 51 taskId: 390 ETC: 25.04 priority: 0
  taskPos: 52 taskId: 85 ETC: 25.35 priority: 0
  taskPos: 53 taskId: 982 ETC: 41.23 priority: 0
  taskPos: 54 taskId: 580 ETC: 27.99 priority: 0
  taskPos: 55 taskId: 428 ETC: 29.21 priority: 0
  taskPos: 56 taskId: 374 ETC: 46 priority: 0
  taskPos: 57 taskId: 588 ETC: 42.75 priority: 0
  taskPos: 58 taskId: 422 ETC: 45.75 priority: 0
  taskPos: 59 taskId: 360 ETC: 20.01 priority: 0
  taskPos: 60 taskId: 828 ETC: 29.57 priority: 0
  taskPos: 61 taskId: 690 ETC: 24.54 priority: 0
  taskPos: 62 taskId: 272 ETC: 28.85 priority: 0
  taskPos: 63 taskId: 744 ETC: 39.79 priority: 0
  taskPos: 64 taskId: 224 ETC: 49.2 priority: 0
  taskPos: 65 taskId: 160 ETC: 48.57 priority: 0
  taskPos: 66 taskId: 386 ETC: 53.76 priority: 0
  taskPos: 67 taskId: 342 ETC: 47.02 priority: 0
  taskPos: 68 taskId: 546 ETC: 33.51 priority: 0
  taskPos: 69 taskId: 606 ETC: 51.83 priority: 0
  taskPos: 70 taskId: 54 ETC: 78.73 priority: 0
  taskPos: 71 taskId: 420 ETC: 84.73 priority: 0
  taskPos: 72 taskId: 856 ETC: 66.06 priority: 0
  taskPos: 73 taskId: 760 ETC: 43.14 priority: 0
  taskPos: 74 taskId: 628 ETC: 62.18 priority: 0
  taskPos: 75 taskId: 190 ETC: 50.56 priority: 0
  taskPos: 76 taskId: 594 ETC: 45.26 priority: 0
  taskPos: 77 taskId: 808 ETC: 57.01 priority: 0
  taskPos: 78 taskId: 1022 ETC: 57.4 priority: 0
  taskPos: 79 taskId: 616 ETC: 52.99 priority: 0
  taskPos: 80 taskId: 796 ETC: 48.41 priority: 0
  taskPos: 81 taskId: 818 ETC: 102.84 priority: 0
  taskPos: 82 taskId: 996 ETC: 66.32 priority: 0
  taskPos: 83 taskId: 156 ETC: 62.09 priority: 0
  taskPos: 84 taskId: 348 ETC: 89.44 priority: 0
  taskPos: 85 taskId: 382 ETC: 53.72 priority: 0
  taskPos: 86 taskId: 56 ETC: 70.49 priority: 0
  taskPos: 87 taskId: 188 ETC: 84.3 priority: 0
  taskPos: 88 taskId: 108 ETC: 91.14 priority: 0
  taskPos: 89 taskId: 402 ETC: 58.43 priority: 0
  taskPos: 90 taskId: 234 ETC: 63.19 priority: 0
  taskPos: 91 taskId: 654 ETC: 97.41 priority: 0
  taskPos: 92 taskId: 490 ETC: 79.31 priority: 0
  taskPos: 93 taskId: 876 ETC: 65.18 priority: 0
  taskPos: 94 taskId: 976 ETC: 72.5 priority: 0
  taskPos: 95 taskId: 666 ETC: 93.98 priority: 0
  taskPos: 96 taskId: 60 ETC: 86.96 priority: 0
  taskPos: 97 taskId: 688 ETC: 81.96 priority: 0
  taskPos: 98 taskId: 794 ETC: 95.04 priority: 0
  taskPos: 99 taskId: 938 ETC: 107.19 priority: 0
  taskPos: 100 taskId: 166 ETC: 119.7 priority: 0
  taskPos: 101 taskId: 644 ETC: 107.47 priority: 0
  taskPos: 102 taskId: 822 ETC: 102.58 priority: 0
  taskPos: 103 taskId: 158 ETC: 118.25 priority: 0
  taskPos: 104 taskId: 120 ETC: 106.15 priority: 0
  taskPos: 105 taskId: 726 ETC: 111.16 priority: 0
  taskPos: 106 taskId: 848 ETC: 117.74 priority: 0
  taskPos: 107 taskId: 614 ETC: 112.09 priority: 0
  taskPos: 108 taskId: 840 ETC: 149.86 priority: 0
  taskPos: 109 taskId: 270 ETC: 134.8 priority: 0
  taskPos: 110 taskId: 332 ETC: 125.67 priority: 0
  taskPos: 111 taskId: 252 ETC: 200.48 priority: 0
  taskPos: 112 taskId: 944 ETC: 93.37 priority: 0
  taskPos: 113 taskId: 630 ETC: 120.8 priority: 0
  taskPos: 114 taskId: 584 ETC: 123.07 priority: 0
  taskPos: 115 taskId: 508 ETC: 121.84 priority: 0
  taskPos: 116 taskId: 304 ETC: 137.91 priority: 0
  taskPos: 117 taskId: 950 ETC: 99.2 priority: 0
  taskPos: 118 taskId: 574 ETC: 109.93 priority: 0
  taskPos: 119 taskId: 340 ETC: 171.35 priority: 0
  taskPos: 120 taskId: 748 ETC: 138.74 priority: 0
  taskPos: 121 taskId: 686 ETC: 172.3 priority: 0
  taskPos: 122 taskId: 276 ETC: 239.38 priority: 0
  taskPos: 123 taskId: 564 ETC: 119.49 priority: 0
  taskPos: 124 taskId: 292 ETC: 113.36 priority: 0
  taskPos: 125 taskId: 446 ETC: 182.3 priority: 0
  taskPos: 126 taskId: 346 ETC: 151.75 priority: 0
  taskPos: 127 taskId: 1004 ETC: 164.34 priority: 0
  taskPos: 128 taskId: 770 ETC: 131.91 priority: 0
  taskPos: 129 taskId: 298 ETC: 127.36 priority: 0
  taskPos: 130 taskId: 204 ETC: 182.7 priority: 0
  taskPos: 131 taskId: 242 ETC: 138.9 priority: 0
  taskPos: 132 taskId: 762 ETC: 159.27 priority: 0
  taskPos: 133 taskId: 718 ETC: 308.98 priority: 0
  taskPos: 134 taskId: 1020 ETC: 205.31 priority: 0
  taskPos: 135 taskId: 842 ETC: 156.7 priority: 0
  taskPos: 136 taskId: 1016 ETC: 248.92 priority: 0
  taskPos: 137 taskId: 958 ETC: 134.8 priority: 0
  taskPos: 138 taskId: 500 ETC: 285.29 priority: 0
  taskPos: 139 taskId: 766 ETC: 126.73 priority: 0
  taskPos: 140 taskId: 806 ETC: 256.14 priority: 0
  taskPos: 141 taskId: 592 ETC: 208.88 priority: 0
  taskPos: 142 taskId: 280 ETC: 189.32 priority: 0
  taskPos: 143 taskId: 314 ETC: 241.4 priority: 0
  taskPos: 144 taskId: 998 ETC: 192.22 priority: 0
  taskPos: 145 taskId: 774 ETC: 247.27 priority: 0
  taskPos: 146 taskId: 70 ETC: 191.05 priority: 0
  taskPos: 147 taskId: 620 ETC: 309.87 priority: 0
  taskPos: 148 taskId: 986 ETC: 226.72 priority: 0
  taskPos: 149 taskId: 380 ETC: 257.21 priority: 0
  taskPos: 150 taskId: 706 ETC: 305.63 priority: 0
  taskPos: 151 taskId: 98 ETC: 292.32 priority: 0
  taskPos: 152 taskId: 434 ETC: 256.14 priority: 0
  taskPos: 153 taskId: 458 ETC: 261.2 priority: 0
  taskPos: 154 taskId: 992 ETC: 184.23 priority: 0
  taskPos: 155 taskId: 468 ETC: 317.29 priority: 0
  taskPos: 156 taskId: 426 ETC: 234.94 priority: 0
  taskPos: 157 taskId: 214 ETC: 363.52 priority: 0
  taskPos: 158 taskId: 506 ETC: 394.52 priority: 0
  taskPos: 159 taskId: 904 ETC: 322.88 priority: 0
  taskPos: 160 taskId: 664 ETC: 275.55 priority: 0
  taskPos: 161 taskId: 758 ETC: 206.76 priority: 0
  taskPos: 162 taskId: 296 ETC: 344.9 priority: 0
  taskPos: 163 taskId: 262 ETC: 318.27 priority: 0
  taskPos: 164 taskId: 478 ETC: 342.53 priority: 0
  taskPos: 165 taskId: 514 ETC: 338.39 priority: 0
  taskPos: 166 taskId: 586 ETC: 330.28 priority: 0
  taskPos: 167 taskId: 202 ETC: 371.71 priority: 0
  taskPos: 168 taskId: 1010 ETC: 381.21 priority: 0
  taskPos: 169 taskId: 94 ETC: 376.04 priority: 0
  taskPos: 170 taskId: 4 ETC: 8.32 priority: 0
  taskPos: 171 taskId: 8 ETC: 292.07 priority: 0
  taskPos: 172 taskId: 268 ETC: 324.39 priority: 0
  taskPos: 173 taskId: 734 ETC: 711.5 priority: 0
  taskPos: 174 taskId: 404 ETC: 906.48 priority: 0
  taskPos: 175 taskId: 550 ETC: 512.09 priority: 0
  taskPos: 176 taskId: 258 ETC: 407.31 priority: 0
  taskPos: 177 taskId: 918 ETC: 600.01 priority: 0
  taskPos: 178 taskId: 978 ETC: 310.27 priority: 0
  taskPos: 179 taskId: 504 ETC: 689.83 priority: 0
  taskPos: 180 taskId: 484 ETC: 658.6 priority: 0
  taskPos: 181 taskId: 128 ETC: 378.66 priority: 0
  taskPos: 182 taskId: 966 ETC: 738.39 priority: 0
  taskPos: 183 taskId: 150 ETC: 559.26 priority: 0
  taskPos: 184 taskId: 712 ETC: 1106.94 priority: 0
  taskPos: 185 taskId: 798 ETC: 552.2 priority: 0
  taskPos: 186 taskId: 556 ETC: 543.59 priority: 0
  taskPos: 187 taskId: 230 ETC: 619.94 priority: 0
  taskPos: 188 taskId: 228 ETC: 1456.43 priority: 0
  taskPos: 189 taskId: 990 ETC: 1120.82 priority: 0
  taskPos: 190 taskId: 700 ETC: 763.55 priority: 0
  taskPos: 191 taskId: 824 ETC: 568.53 priority: 0
  taskPos: 192 taskId: 322 ETC: 1327.27 priority: 0
  taskPos: 193 taskId: 570 ETC: 1333.66 priority: 0
  taskPos: 194 taskId: 582 ETC: 490.8 priority: 0
  taskPos: 195 taskId: 960 ETC: 528.14 priority: 0
  taskPos: 196 taskId: 814 ETC: 359.3 priority: 0
  taskPos: 197 taskId: 118 ETC: 627.02 priority: 0
  taskPos: 198 taskId: 378 ETC: 1335.59 priority: 0
> machineId: 1
  taskPos: 0 taskId: 412 ETC: 3.28 priority: 0
  taskPos: 1 taskId: 135 ETC: 49.95 priority: 0
  taskPos: 2 taskId: 952 ETC: 23.77 priority: 0
  taskPos: 3 taskId: 324 ETC: 25.94 priority: 0
  taskPos: 4 taskId: 194 ETC: 37.75 priority: 0
  taskPos: 5 taskId: 1002 ETC: 2.59 priority: 0
  taskPos: 6 taskId: 76 ETC: 36.8 priority: 0
  taskPos: 7 taskId: 942 ETC: 18.12 priority: 0
  taskPos: 8 taskId: 424 ETC: 9.96 priority: 0
  taskPos: 9 taskId: 370 ETC: 9.51 priority: 0
  taskPos: 10 taskId: 1019 ETC: 109.7 priority: 0
  taskPos: 11 taskId: 90 ETC: 45.55 priority: 0
  taskPos: 12 taskId: 18 ETC: 50.68 priority: 0
  taskPos: 13 taskId: 1000 ETC: 13.49 priority: 0
  taskPos: 14 taskId: 116 ETC: 97.62 priority: 0
  taskPos: 15 taskId: 454 ETC: 85.86 priority: 0
  taskPos: 16 taskId: 216 ETC: 51.45 priority: 0
  taskPos: 17 taskId: 438 ETC: 46.06 priority: 0
  taskPos: 18 taskId: 250 ETC: 91.62 priority: 0
  taskPos: 19 taskId: 326 ETC: 62.75 priority: 0
  taskPos: 20 taskId: 638 ETC: 24.43 priority: 0
  taskPos: 21 taskId: 418 ETC: 106.66 priority: 0
  taskPos: 22 taskId: 104 ETC: 98.05 priority: 0
  taskPos: 23 taskId: 980 ETC: 124.96 priority: 0
  taskPos: 24 taskId: 201 ETC: 67.42 priority: 0
  taskPos: 25 taskId: 912 ETC: 254.54 priority: 0
  taskPos: 26 taskId: 610 ETC: 99.46 priority: 0
  taskPos: 27 taskId: 602 ETC: 120.62 priority: 0
  taskPos: 28 taskId: 640 ETC: 132.9 priority: 0
  taskPos: 29 taskId: 636 ETC: 167.45 priority: 0
  taskPos: 30 taskId: 850 ETC: 143.41 priority: 0
  taskPos: 31 taskId: 810 ETC: 102.81 priority: 0
  taskPos: 32 taskId: 900 ETC: 194.55 priority: 0
  taskPos: 33 taskId: 352 ETC: 265.4 priority: 0
  taskPos: 34 taskId: 678 ETC: 260.25 priority: 0
  taskPos: 35 taskId: 860 ETC: 181.29 priority: 0
  taskPos: 36 taskId: 92 ETC: 228.54 priority: 0
  taskPos: 37 taskId: 548 ETC: 230.07 priority: 0
  taskPos: 38 taskId: 12 ETC: 145.36 priority: 0
  taskPos: 39 taskId: 650 ETC: 291.99 priority: 0
  taskPos: 40 taskId: 448 ETC: 230.37 priority: 0
  taskPos: 41 taskId: 308 ETC: 111.16 priority: 0
  taskPos: 42 taskId: 694 ETC: 269.98 priority: 0
  taskPos: 43 taskId: 534 ETC: 275.41 priority: 0
  taskPos: 44 taskId: 622 ETC: 333.49 priority: 0
  taskPos: 45 taskId: 472 ETC: 211.06 priority: 0
  taskPos: 46 taskId: 316 ETC: 318.11 priority: 0
  taskPos: 47 taskId: 154 ETC: 282.52 priority: 0
  taskPos: 48 taskId: 452 ETC: 416.67 priority: 0
  taskPos: 49 taskId: 133 ETC: 360.76 priority: 0
  taskPos: 50 taskId: 371 ETC: 155.28 priority: 0
  taskPos: 51 taskId: 30 ETC: 441.12 priority: 0
  taskPos: 52 taskId: 928 ETC: 206.84 priority: 0
  taskPos: 53 taskId: 232 ETC: 408.33 priority: 0
  taskPos: 54 taskId: 902 ETC: 296.93 priority: 0
  taskPos: 55 taskId: 662 ETC: 541.77 priority: 0
  taskPos: 56 taskId: 498 ETC: 344.35 priority: 0
  taskPos: 57 taskId: 16 ETC: 450.93 priority: 0
  taskPos: 58 taskId: 178 ETC: 375.04 priority: 0
  taskPos: 59 taskId: 696 ETC: 1212.99 priority: 0
  taskPos: 60 taskId: 670 ETC: 605.82 priority: 0
  taskPos: 61 taskId: 562 ETC: 412.12 priority: 0
  taskPos: 62 taskId: 590 ETC: 321.99 priority: 0
  taskPos: 63 taskId: 788 ETC: 483.62 priority: 0
  taskPos: 64 taskId: 598 ETC: 387.66 priority: 0
  taskPos: 65 taskId: 838 ETC: 500.69 priority: 0
  taskPos: 66 taskId: 310 ETC: 573.14 priority: 0
  taskPos: 67 taskId: 868 ETC: 585.35 priority: 0
  taskPos: 68 taskId: 658 ETC: 517.42 priority: 0
  taskPos: 69 taskId: 254 ETC: 746.01 priority: 0
  taskPos: 70 taskId: 510 ETC: 559.77 priority: 0
  taskPos: 71 taskId: 994 ETC: 634.19 priority: 0
  taskPos: 72 taskId: 916 ETC: 696.95 priority: 0
  taskPos: 73 taskId: 940 ETC: 1610.36 priority: 0
  taskPos: 74 taskId: 72 ETC: 730.63 priority: 0
  taskPos: 75 taskId: 112 ETC: 1687.09 priority: 0
  taskPos: 76 taskId: 852 ETC: 924.4 priority: 0
  taskPos: 77 taskId: 802 ETC: 2235.9 priority: 0
  taskPos: 78 taskId: 772 ETC: 1307.58 priority: 0
  taskPos: 79 taskId: 652 ETC: 1161.21 priority: 0
  taskPos: 80 taskId: 480 ETC: 911.55 priority: 0
  taskPos: 81 taskId: 526 ETC: 1360.65 priority: 0
  taskPos: 82 taskId: 634 ETC: 644.25 priority: 0
  taskPos: 83 taskId: 282 ETC: 775.06 priority: 0
  taskPos: 84 taskId: 932 ETC: 1877.62 priority: 0
  taskPos: 85 taskId: 494 ETC: 2165.88 priority: 0
  taskPos: 86 taskId: 130 ETC: 805.91 priority: 0
  taskPos: 87 taskId: 778 ETC: 1488.32 priority: 0
> machineId: 2
  taskPos: 0 taskId: 372 ETC: 46.29 priority: 0
  taskPos: 1 taskId: 471 ETC: 2.29 priority: 0
  taskPos: 2 taskId: 721 ETC: 54.17 priority: 0
  taskPos: 3 taskId: 344 ETC: 32.72 priority: 0
  taskPos: 4 taskId: 843 ETC: 103.6 priority: 0
  taskPos: 5 taskId: 253 ETC: 72.98 priority: 0
  taskPos: 6 taskId: 300 ETC: 94.63 priority: 0
  taskPos: 7 taskId: 542 ETC: 85.02 priority: 0
  taskPos: 8 taskId: 100 ETC: 27.88 priority: 0
  taskPos: 9 taskId: 368 ETC: 195.92 priority: 0
  taskPos: 10 taskId: 122 ETC: 78.2 priority: 0
  taskPos: 11 taskId: 66 ETC: 542.88 priority: 0
  taskPos: 12 taskId: 444 ETC: 175.86 priority: 0
  taskPos: 13 taskId: 413 ETC: 236.57 priority: 0
  taskPos: 14 taskId: 844 ETC: 152.05 priority: 0
  taskPos: 15 taskId: 512 ETC: 217 priority: 0
  taskPos: 16 taskId: 870 ETC: 325.91 priority: 0
  taskPos: 17 taskId: 597 ETC: 209.77 priority: 0
  taskPos: 18 taskId: 140 ETC: 334.01 priority: 0
  taskPos: 19 taskId: 96 ETC: 311.16 priority: 0
  taskPos: 20 taskId: 571 ETC: 174.9 priority: 0
  taskPos: 21 taskId: 1018 ETC: 406.22 priority: 0
  taskPos: 22 taskId: 144 ETC: 483.66 priority: 0
  taskPos: 23 taskId: 874 ETC: 336.36 priority: 0
  taskPos: 24 taskId: 936 ETC: 198.28 priority: 0
  taskPos: 25 taskId: 430 ETC: 428.59 priority: 0
  taskPos: 26 taskId: 854 ETC: 399.48 priority: 0
  taskPos: 27 taskId: 738 ETC: 426.59 priority: 0
  taskPos: 28 taskId: 914 ETC: 517.11 priority: 0
  taskPos: 29 taskId: 243 ETC: 0.73 priority: 0
  taskPos: 30 taskId: 290 ETC: 504.01 priority: 0
  taskPos: 31 taskId: 882 ETC: 283.98 priority: 0
  taskPos: 32 taskId: 864 ETC: 763.08 priority: 0
  taskPos: 33 taskId: 432 ETC: 736.28 priority: 0
  taskPos: 34 taskId: 126 ETC: 668.52 priority: 0
  taskPos: 35 taskId: 954 ETC: 427.22 priority: 0
  taskPos: 36 taskId: 294 ETC: 1453.15 priority: 0
  taskPos: 37 taskId: 146 ETC: 1095.79 priority: 0
  taskPos: 38 taskId: 736 ETC: 1308.37 priority: 0
  taskPos: 39 taskId: 406 ETC: 1234.27 priority: 0
  taskPos: 40 taskId: 792 ETC: 637.62 priority: 0
  taskPos: 41 taskId: 14 ETC: 1854.06 priority: 0
  taskPos: 42 taskId: 731 ETC: 743.02 priority: 0
  taskPos: 43 taskId: 492 ETC: 1693.28 priority: 0
  taskPos: 44 taskId: 142 ETC: 873.72 priority: 0
  taskPos: 45 taskId: 394 ETC: 663.38 priority: 0
  taskPos: 46 taskId: 398 ETC: 1854.89 priority: 0
  taskPos: 47 taskId: 388 ETC: 1334.41 priority: 0
  taskPos: 48 taskId: 464 ETC: 636.13 priority: 0
  taskPos: 49 taskId: 906 ETC: 1737.46 priority: 0
  taskPos: 50 taskId: 632 ETC: 680.87 priority: 0
  taskPos: 51 taskId: 460 ETC: 1157.56 priority: 0
  taskPos: 52 taskId: 554 ETC: 1964.49 priority: 0
  taskPos: 53 taskId: 516 ETC: 2706.26 priority: 0
  taskPos: 54 taskId: 536 ETC: 3110.51 priority: 0
  taskPos: 55 taskId: 34 ETC: 1415.83 priority: 0
> machineId: 3
  taskPos: 0 taskId: 469 ETC: 101.11 priority: 0
  taskPos: 1 taskId: 964 ETC: 51.83 priority: 0
  taskPos: 2 taskId: 64 ETC: 43.65 priority: 0
  taskPos: 3 taskId: 44 ETC: 383.35 priority: 0
  taskPos: 4 taskId: 152 ETC: 134.7 priority: 0
  taskPos: 5 taskId: 97 ETC: 154.1 priority: 0
  taskPos: 6 taskId: 164 ETC: 398.35 priority: 0
  taskPos: 7 taskId: 811 ETC: 146.59 priority: 0
  taskPos: 8 taskId: 604 ETC: 556.19 priority: 0
  taskPos: 9 taskId: 473 ETC: 121.75 priority: 0
  taskPos: 10 taskId: 740 ETC: 248.17 priority: 0
  taskPos: 11 taskId: 949 ETC: 167.86 priority: 0
  taskPos: 12 taskId: 552 ETC: 320.74 priority: 0
  taskPos: 13 taskId: 174 ETC: 263.49 priority: 0
  taskPos: 14 taskId: 80 ETC: 200.83 priority: 0
  taskPos: 15 taskId: 405 ETC: 291.17 priority: 0
  taskPos: 16 taskId: 226 ETC: 63.27 priority: 0
  taskPos: 17 taskId: 922 ETC: 65.65 priority: 0
  taskPos: 18 taskId: 648 ETC: 366.7 priority: 0
  taskPos: 19 taskId: 52 ETC: 442.05 priority: 0
  taskPos: 20 taskId: 162 ETC: 899.25 priority: 0
  taskPos: 21 taskId: 220 ETC: 486.41 priority: 0
  taskPos: 22 taskId: 572 ETC: 430.82 priority: 0
  taskPos: 23 taskId: 934 ETC: 140.12 priority: 0
  taskPos: 24 taskId: 528 ETC: 574.49 priority: 0
  taskPos: 25 taskId: 924 ETC: 432.59 priority: 0
  taskPos: 26 taskId: 286 ETC: 1147.23 priority: 0
  taskPos: 27 taskId: 210 ETC: 721.1 priority: 0
  taskPos: 28 taskId: 532 ETC: 646.18 priority: 0
  taskPos: 29 taskId: 968 ETC: 734.47 priority: 0
  taskPos: 30 taskId: 704 ETC: 989.48 priority: 0
  taskPos: 31 taskId: 782 ETC: 1497.38 priority: 0
  taskPos: 32 taskId: 524 ETC: 837.72 priority: 0
  taskPos: 33 taskId: 1012 ETC: 2184.43 priority: 0
  taskPos: 34 taskId: 722 ETC: 1445.81 priority: 0
  taskPos: 35 taskId: 176 ETC: 6060.2 priority: 0
  taskPos: 36 taskId: 266 ETC: 1759.17 priority: 0
  taskPos: 37 taskId: 930 ETC: 903.24 priority: 0
  taskPos: 38 taskId: 198 ETC: 2502.88 priority: 0
  taskPos: 39 taskId: 538 ETC: 2058.8 priority: 0
  taskPos: 40 taskId: 568 ETC: 2191.5 priority: 0
  taskPos: 41 taskId: 246 ETC: 1574.75 priority: 0
  taskPos: 42 taskId: 786 ETC: 2349.63 priority: 0
> machineId: 4
  taskPos: 0 taskId: 187 ETC: 0.12 priority: 0
  taskPos: 1 taskId: 627 ETC: 28.41 priority: 0
  taskPos: 2 taskId: 535 ETC: 46.22 priority: 0
  taskPos: 3 taskId: 279 ETC: 478.1 priority: 0
  taskPos: 4 taskId: 676 ETC: 251.87 priority: 0
  taskPos: 5 taskId: 911 ETC: 121.69 priority: 0
  taskPos: 6 taskId: 157 ETC: 55.53 priority: 0
  taskPos: 7 taskId: 1 ETC: 225.44 priority: 0
  taskPos: 8 taskId: 93 ETC: 587.56 priority: 0
  taskPos: 9 taskId: 647 ETC: 353.7 priority: 0
  taskPos: 10 taskId: 962 ETC: 387.36 priority: 0
  taskPos: 11 taskId: 642 ETC: 706.96 priority: 0
  taskPos: 12 taskId: 750 ETC: 297.09 priority: 0
  taskPos: 13 taskId: 776 ETC: 281.65 priority: 0
  taskPos: 14 taskId: 587 ETC: 502.42 priority: 0
  taskPos: 15 taskId: 624 ETC: 1084.23 priority: 0
  taskPos: 16 taskId: 399 ETC: 364.98 priority: 0
  taskPos: 17 taskId: 752 ETC: 365.98 priority: 0
  taskPos: 18 taskId: 698 ETC: 765.31 priority: 0
  taskPos: 19 taskId: 485 ETC: 482.27 priority: 0
  taskPos: 20 taskId: 764 ETC: 1145.02 priority: 0
  taskPos: 21 taskId: 28 ETC: 409.41 priority: 0
  taskPos: 22 taskId: 884 ETC: 1421.13 priority: 0
  taskPos: 23 taskId: 560 ETC: 1014.34 priority: 0
  taskPos: 24 taskId: 288 ETC: 864.11 priority: 0
  taskPos: 25 taskId: 358 ETC: 890.1 priority: 0
  taskPos: 26 taskId: 172 ETC: 1574.51 priority: 0
  taskPos: 27 taskId: 78 ETC: 1955.86 priority: 0
  taskPos: 28 taskId: 830 ETC: 2487.92 priority: 0
  taskPos: 29 taskId: 768 ETC: 3526.34 priority: 0
  taskPos: 30 taskId: 218 ETC: 3051.27 priority: 0
  taskPos: 31 taskId: 926 ETC: 2652.42 priority: 0
  taskPos: 32 taskId: 106 ETC: 6032.77 priority: 0
  taskPos: 33 taskId: 668 ETC: 2070.17 priority: 0
  taskPos: 34 taskId: 756 ETC: 1686.68 priority: 0
> machineId: 5
  taskPos: 0 taskId: 715 ETC: 14.55 priority: 0
  taskPos: 1 taskId: 589 ETC: 14.87 priority: 0
  taskPos: 2 taskId: 702 ETC: 305.54 priority: 0
  taskPos: 3 taskId: 41 ETC: 72.2 priority: 0
  taskPos: 4 taskId: 227 ETC: 18.98 priority: 0
  taskPos: 5 taskId: 6 ETC: 3178.93 priority: 0
  taskPos: 6 taskId: 653 ETC: 148 priority: 0
  taskPos: 7 taskId: 61 ETC: 534.42 priority: 0
  taskPos: 8 taskId: 115 ETC: 346.86 priority: 0
  taskPos: 9 taskId: 199 ETC: 553.18 priority: 0
  taskPos: 10 taskId: 387 ETC: 313.56 priority: 0
  taskPos: 11 taskId: 77 ETC: 32.33 priority: 0
  taskPos: 12 taskId: 297 ETC: 143.02 priority: 0
  taskPos: 13 taskId: 899 ETC: 46.49 priority: 0
  taskPos: 14 taskId: 790 ETC: 607.7 priority: 0
  taskPos: 15 taskId: 675 ETC: 979.94 priority: 0
  taskPos: 16 taskId: 427 ETC: 653.81 priority: 0
  taskPos: 17 taskId: 257 ETC: 167.64 priority: 0
  taskPos: 18 taskId: 171 ETC: 199.31 priority: 0
  taskPos: 19 taskId: 518 ETC: 2003.83 priority: 0
  taskPos: 20 taskId: 91 ETC: 385.87 priority: 0
  taskPos: 21 taskId: 948 ETC: 1531.64 priority: 0
  taskPos: 22 taskId: 656 ETC: 2374.43 priority: 0
  taskPos: 23 taskId: 674 ETC: 2255.15 priority: 0
  taskPos: 24 taskId: 673 ETC: 325.87 priority: 0
  taskPos: 25 taskId: 890 ETC: 987.96 priority: 0
  taskPos: 26 taskId: 274 ETC: 1404.31 priority: 0
  taskPos: 27 taskId: 710 ETC: 1118.11 priority: 0
  taskPos: 28 taskId: 278 ETC: 784.51 priority: 0
  taskPos: 29 taskId: 437 ETC: 1130.43 priority: 0
  taskPos: 30 taskId: 1008 ETC: 3946.29 priority: 0
  taskPos: 31 taskId: 400 ETC: 2614.59 priority: 0
  taskPos: 32 taskId: 148 ETC: 364.42 priority: 0
  taskPos: 33 taskId: 86 ETC: 452.02 priority: 0
  taskPos: 34 taskId: 192 ETC: 4787.58 priority: 0
  taskPos: 35 taskId: 488 ETC: 3407.01 priority: 0
> machineId: 6
  taskPos: 0 taskId: 641 ETC: 2277.41 priority: 0
  taskPos: 1 taskId: 717 ETC: 44.25 priority: 0
  taskPos: 2 taskId: 58 ETC: 249.5 priority: 0
  taskPos: 3 taskId: 841 ETC: 63.65 priority: 0
  taskPos: 4 taskId: 33 ETC: 284.04 priority: 0
  taskPos: 5 taskId: 111 ETC: 310.21 priority: 0
  taskPos: 6 taskId: 771 ETC: 454.69 priority: 0
  taskPos: 7 taskId: 291 ETC: 353.15 priority: 0
  taskPos: 8 taskId: 137 ETC: 1.99 priority: 0
  taskPos: 9 taskId: 435 ETC: 189.12 priority: 0
  taskPos: 10 taskId: 229 ETC: 599.21 priority: 0
  taskPos: 11 taskId: 136 ETC: 1309.8 priority: 0
  taskPos: 12 taskId: 486 ETC: 668.18 priority: 0
  taskPos: 13 taskId: 677 ETC: 361.56 priority: 0
  taskPos: 14 taskId: 596 ETC: 2979.55 priority: 0
  taskPos: 15 taskId: 467 ETC: 143.81 priority: 0
  taskPos: 16 taskId: 442 ETC: 1209.09 priority: 0
  taskPos: 17 taskId: 639 ETC: 902.45 priority: 0
  taskPos: 18 taskId: 423 ETC: 960.88 priority: 0
  taskPos: 19 taskId: 42 ETC: 1510.83 priority: 0
  taskPos: 20 taskId: 248 ETC: 1824.82 priority: 0
  taskPos: 21 taskId: 293 ETC: 1398.26 priority: 0
  taskPos: 22 taskId: 32 ETC: 882.66 priority: 0
  taskPos: 23 taskId: 866 ETC: 3816.31 priority: 0
  taskPos: 24 taskId: 356 ETC: 2271.33 priority: 0
  taskPos: 25 taskId: 878 ETC: 1292.91 priority: 0
  taskPos: 26 taskId: 302 ETC: 4109.33 priority: 0
  taskPos: 27 taskId: 240 ETC: 2657.25 priority: 0
  taskPos: 28 taskId: 450 ETC: 4701.12 priority: 0
> machineId: 7
  taskPos: 0 taskId: 145 ETC: 43.24 priority: 0
  taskPos: 1 taskId: 725 ETC: 388.46 priority: 0
  taskPos: 2 taskId: 643 ETC: 181.67 priority: 0
  taskPos: 3 taskId: 217 ETC: 965.64 priority: 0
  taskPos: 4 taskId: 651 ETC: 318.97 priority: 0
  taskPos: 5 taskId: 117 ETC: 73.88 priority: 0
  taskPos: 6 taskId: 1013 ETC: 109.68 priority: 0
  taskPos: 7 taskId: 263 ETC: 398.75 priority: 0
  taskPos: 8 taskId: 113 ETC: 3.06 priority: 0
  taskPos: 9 taskId: 544 ETC: 1190.12 priority: 0
  taskPos: 10 taskId: 797 ETC: 303.35 priority: 0
  taskPos: 11 taskId: 920 ETC: 1582.45 priority: 0
  taskPos: 12 taskId: 1006 ETC: 3745.69 priority: 0
  taskPos: 13 taskId: 812 ETC: 2597 priority: 0
  taskPos: 14 taskId: 383 ETC: 864.22 priority: 0
  taskPos: 15 taskId: 317 ETC: 649.5 priority: 0
  taskPos: 16 taskId: 540 ETC: 1654.93 priority: 0
  taskPos: 17 taskId: 892 ETC: 764.78 priority: 0
  taskPos: 18 taskId: 109 ETC: 232.96 priority: 0
  taskPos: 19 taskId: 1015 ETC: 244.86 priority: 0
  taskPos: 20 taskId: 407 ETC: 1098.53 priority: 0
  taskPos: 21 taskId: 893 ETC: 410.63 priority: 0
  taskPos: 22 taskId: 338 ETC: 2425.31 priority: 0
  taskPos: 23 taskId: 680 ETC: 2549.47 priority: 0
  taskPos: 24 taskId: 785 ETC: 346.12 priority: 0
  taskPos: 25 taskId: 20 ETC: 5457.47 priority: 0
  taskPos: 26 taskId: 24 ETC: 4024.67 priority: 0
  taskPos: 27 taskId: 903 ETC: 241.3 priority: 0
  taskPos: 28 taskId: 826 ETC: 4225.34 priority: 0
> machineId: 8
  taskPos: 0 taskId: 975 ETC: 4.53 priority: 0
  taskPos: 1 taskId: 305 ETC: 27.32 priority: 0
  taskPos: 2 taskId: 449 ETC: 127.67 priority: 0
  taskPos: 3 taskId: 55 ETC: 14.75 priority: 0
  taskPos: 4 taskId: 578 ETC: 294.17 priority: 0
  taskPos: 5 taskId: 175 ETC: 396.75 priority: 0
  taskPos: 6 taskId: 985 ETC: 358.31 priority: 0
  taskPos: 7 taskId: 545 ETC: 1098.92 priority: 0
  taskPos: 8 taskId: 987 ETC: 88 priority: 0
  taskPos: 9 taskId: 623 ETC: 156.16 priority: 0
  taskPos: 10 taskId: 331 ETC: 701.31 priority: 0
  taskPos: 11 taskId: 497 ETC: 568.84 priority: 0
  taskPos: 12 taskId: 988 ETC: 4384.56 priority: 0
  taskPos: 13 taskId: 260 ETC: 2785.66 priority: 0
  taskPos: 14 taskId: 804 ETC: 7562.03 priority: 0
  taskPos: 15 taskId: 167 ETC: 572.86 priority: 0
  taskPos: 16 taskId: 923 ETC: 602.42 priority: 0
  taskPos: 17 taskId: 845 ETC: 1464.21 priority: 0
  taskPos: 18 taskId: 503 ETC: 493.93 priority: 0
  taskPos: 19 taskId: 26 ETC: 4732.75 priority: 0
  taskPos: 20 taskId: 886 ETC: 3342.55 priority: 0
  taskPos: 21 taskId: 180 ETC: 3197.77 priority: 0
  taskPos: 22 taskId: 973 ETC: 1054.82 priority: 0
  taskPos: 23 taskId: 742 ETC: 3960.87 priority: 0
> machineId: 9
  taskPos: 0 taskId: 877 ETC: 12.62 priority: 0
  taskPos: 1 taskId: 927 ETC: 23.57 priority: 0
  taskPos: 2 taskId: 773 ETC: 28.57 priority: 0
  taskPos: 3 taskId: 425 ETC: 96.6 priority: 0
  taskPos: 4 taskId: 995 ETC: 537.72 priority: 0
  taskPos: 5 taskId: 337 ETC: 491.2 priority: 0
  taskPos: 6 taskId: 981 ETC: 563.79 priority: 0
  taskPos: 7 taskId: 633 ETC: 70.22 priority: 0
  taskPos: 8 taskId: 557 ETC: 1229.82 priority: 0
  taskPos: 9 taskId: 655 ETC: 471.74 priority: 0
  taskPos: 10 taskId: 114 ETC: 4615.56 priority: 0
  taskPos: 11 taskId: 411 ETC: 204.66 priority: 0
  taskPos: 12 taskId: 629 ETC: 221.72 priority: 0
  taskPos: 13 taskId: 846 ETC: 6615.3 priority: 0
  taskPos: 14 taskId: 496 ETC: 878.79 priority: 0
  taskPos: 15 taskId: 820 ETC: 2011.92 priority: 0
  taskPos: 16 taskId: 153 ETC: 647.69 priority: 0
  taskPos: 17 taskId: 414 ETC: 1310.11 priority: 0
  taskPos: 18 taskId: 618 ETC: 3887.55 priority: 0
  taskPos: 19 taskId: 336 ETC: 1022.53 priority: 0
  taskPos: 20 taskId: 716 ETC: 2435 priority: 0
  taskPos: 21 taskId: 389 ETC: 275 priority: 0
  taskPos: 22 taskId: 38 ETC: 3441.58 priority: 0
  taskPos: 23 taskId: 600 ETC: 4660.84 priority: 0
> machineId: 10
  taskPos: 0 taskId: 667 ETC: 148.76 priority: 0
  taskPos: 1 taskId: 393 ETC: 31.43 priority: 0
  taskPos: 2 taskId: 730 ETC: 187.64 priority: 0
  taskPos: 3 taskId: 967 ETC: 445.45 priority: 0
  taskPos: 4 taskId: 416 ETC: 1768.95 priority: 0
  taskPos: 5 taskId: 51 ETC: 287.36 priority: 0
  taskPos: 6 taskId: 379 ETC: 204 priority: 0
  taskPos: 7 taskId: 809 ETC: 939.37 priority: 0
  taskPos: 8 taskId: 525 ETC: 202.95 priority: 0
  taskPos: 9 taskId: 723 ETC: 737.8 priority: 0
  taskPos: 10 taskId: 177 ETC: 550.27 priority: 0
  taskPos: 11 taskId: 945 ETC: 106.01 priority: 0
  taskPos: 12 taskId: 307 ETC: 1204.45 priority: 0
  taskPos: 13 taskId: 209 ETC: 1151.05 priority: 0
  taskPos: 14 taskId: 880 ETC: 2260.39 priority: 0
  taskPos: 15 taskId: 612 ETC: 11264.4 priority: 0
  taskPos: 16 taskId: 657 ETC: 1027.17 priority: 0
  taskPos: 17 taskId: 350 ETC: 4497.14 priority: 0
  taskPos: 18 taskId: 0 ETC: 6063.47 priority: 0
  taskPos: 19 taskId: 168 ETC: 3868.41 priority: 0
> machineId: 11
  taskPos: 0 taskId: 1007 ETC: 16.81 priority: 0
  taskPos: 1 taskId: 779 ETC: 52.89 priority: 0
  taskPos: 2 taskId: 537 ETC: 158.35 priority: 0
  taskPos: 3 taskId: 221 ETC: 92.64 priority: 0
  taskPos: 4 taskId: 519 ETC: 95.11 priority: 0
  taskPos: 5 taskId: 27 ETC: 341.13 priority: 0
  taskPos: 6 taskId: 637 ETC: 161.79 priority: 0
  taskPos: 7 taskId: 196 ETC: 1009.84 priority: 0
  taskPos: 8 taskId: 185 ETC: 545.97 priority: 0
  taskPos: 9 taskId: 559 ETC: 521.17 priority: 0
  taskPos: 10 taskId: 665 ETC: 481.74 priority: 0
  taskPos: 11 taskId: 182 ETC: 1546.11 priority: 0
  taskPos: 12 taskId: 309 ETC: 844.7 priority: 0
  taskPos: 13 taskId: 858 ETC: 4123.17 priority: 0
  taskPos: 14 taskId: 475 ETC: 567.22 priority: 0
  taskPos: 15 taskId: 415 ETC: 203.06 priority: 0
  taskPos: 16 taskId: 392 ETC: 4770.12 priority: 0
  taskPos: 17 taskId: 46 ETC: 2472.87 priority: 0
  taskPos: 18 taskId: 708 ETC: 10615.1 priority: 0
  taskPos: 19 taskId: 646 ETC: 1879.16 priority: 0
  taskPos: 20 taskId: 530 ETC: 6407.17 priority: 0
> machineId: 12
  taskPos: 0 taskId: 121 ETC: 60.31 priority: 0
  taskPos: 1 taskId: 935 ETC: 7.86 priority: 0
  taskPos: 2 taskId: 1017 ETC: 37.67 priority: 0
  taskPos: 3 taskId: 983 ETC: 364.02 priority: 0
  taskPos: 4 taskId: 181 ETC: 1911.75 priority: 0
  taskPos: 5 taskId: 353 ETC: 115.13 priority: 0
  taskPos: 6 taskId: 951 ETC: 1367.73 priority: 0
  taskPos: 7 taskId: 213 ETC: 448.04 priority: 0
  taskPos: 8 taskId: 523 ETC: 40.33 priority: 0
  taskPos: 9 taskId: 493 ETC: 449.24 priority: 0
  taskPos: 10 taskId: 832 ETC: 324.35 priority: 0
  taskPos: 11 taskId: 354 ETC: 10223.6 priority: 0
  taskPos: 12 taskId: 947 ETC: 881.37 priority: 0
  taskPos: 13 taskId: 729 ETC: 1665.32 priority: 0
  taskPos: 14 taskId: 529 ETC: 30.64 priority: 0
  taskPos: 15 taskId: 3 ETC: 446.38 priority: 0
  taskPos: 16 taskId: 775 ETC: 455.03 priority: 0
  taskPos: 17 taskId: 1005 ETC: 279.17 priority: 0
  taskPos: 18 taskId: 732 ETC: 6637.2 priority: 0
  taskPos: 19 taskId: 233 ETC: 915.55 priority: 0
  taskPos: 20 taskId: 649 ETC: 1736.8 priority: 0
  taskPos: 21 taskId: 138 ETC: 4120.42 priority: 0
  taskPos: 22 taskId: 558 ETC: 5150.35 priority: 0
  taskPos: 23 taskId: 397 ETC: 450.38 priority: 0
> machineId: 13
  taskPos: 0 taskId: 547 ETC: 0.18 priority: 0
  taskPos: 1 taskId: 89 ETC: 59.03 priority: 0
  taskPos: 2 taskId: 801 ETC: 118.06 priority: 0
  taskPos: 3 taskId: 244 ETC: 5062.9 priority: 0
  taskPos: 4 taskId: 459 ETC: 57.14 priority: 0
  taskPos: 5 taskId: 1011 ETC: 149.84 priority: 0
  taskPos: 6 taskId: 45 ETC: 82.07 priority: 0
  taskPos: 7 taskId: 505 ETC: 5.07 priority: 0
  taskPos: 8 taskId: 303 ETC: 1702.03 priority: 0
  taskPos: 9 taskId: 129 ETC: 95.96 priority: 0
  taskPos: 10 taskId: 825 ETC: 14.23 priority: 0
  taskPos: 11 taskId: 847 ETC: 132.59 priority: 0
  taskPos: 12 taskId: 896 ETC: 1461.92 priority: 0
  taskPos: 13 taskId: 755 ETC: 91.26 priority: 0
  taskPos: 14 taskId: 531 ETC: 57.14 priority: 0
  taskPos: 15 taskId: 941 ETC: 829.29 priority: 0
  taskPos: 16 taskId: 391 ETC: 85.45 priority: 0
  taskPos: 17 taskId: 81 ETC: 571.8 priority: 0
  taskPos: 18 taskId: 301 ETC: 253.6 priority: 0
  taskPos: 19 taskId: 631 ETC: 4.71 priority: 0
  taskPos: 20 taskId: 110 ETC: 13971.6 priority: 0
  taskPos: 21 taskId: 836 ETC: 4332.08 priority: 0
  taskPos: 22 taskId: 993 ETC: 515.04 priority: 0
  taskPos: 23 taskId: 795 ETC: 411.24 priority: 0
  taskPos: 24 taskId: 901 ETC: 427.03 priority: 0
  taskPos: 25 taskId: 222 ETC: 6905.54 priority: 0
> machineId: 14
  taskPos: 0 taskId: 362 ETC: 574.96 priority: 0
  taskPos: 1 taskId: 329 ETC: 164.97 priority: 0
  taskPos: 2 taskId: 491 ETC: 335.8 priority: 0
  taskPos: 3 taskId: 579 ETC: 92.41 priority: 0
  taskPos: 4 taskId: 509 ETC: 178.17 priority: 0
  taskPos: 5 taskId: 365 ETC: 57.89 priority: 0
  taskPos: 6 taskId: 821 ETC: 529.81 priority: 0
  taskPos: 7 taskId: 238 ETC: 6038.95 priority: 0
  taskPos: 8 taskId: 247 ETC: 147.22 priority: 0
  taskPos: 9 taskId: 134 ETC: 10252.7 priority: 0
  taskPos: 10 taskId: 970 ETC: 2928.76 priority: 0
  taskPos: 11 taskId: 713 ETC: 225.56 priority: 0
  taskPos: 12 taskId: 751 ETC: 283.62 priority: 0
  taskPos: 13 taskId: 132 ETC: 5940.88 priority: 0
  taskPos: 14 taskId: 849 ETC: 1264.25 priority: 0
  taskPos: 15 taskId: 361 ETC: 1061.49 priority: 0
  taskPos: 16 taskId: 179 ETC: 1008.19 priority: 0
  taskPos: 17 taskId: 963 ETC: 996.56 priority: 0
  taskPos: 18 taskId: 501 ETC: 604.67 priority: 0
  taskPos: 19 taskId: 366 ETC: 4773.49 priority: 0
  taskPos: 20 taskId: 63 ETC: 112.05 priority: 0
  taskPos: 21 taskId: 719 ETC: 508.04 priority: 0
> machineId: 15
  taskPos: 0 taskId: 617 ETC: 5.92 priority: 0
  taskPos: 1 taskId: 287 ETC: 2.09 priority: 0
  taskPos: 2 taskId: 819 ETC: 107.05 priority: 0
  taskPos: 3 taskId: 431 ETC: 176.83 priority: 0
  taskPos: 4 taskId: 2 ETC: 4051.51 priority: 0
  taskPos: 5 taskId: 125 ETC: 233.25 priority: 0
  taskPos: 6 taskId: 349 ETC: 132.06 priority: 0
  taskPos: 7 taskId: 267 ETC: 331.24 priority: 0
  taskPos: 8 taskId: 793 ETC: 29.23 priority: 0
  taskPos: 9 taskId: 79 ETC: 26.88 priority: 0
  taskPos: 10 taskId: 783 ETC: 131.93 priority: 0
  taskPos: 11 taskId: 173 ETC: 723.26 priority: 0
  taskPos: 12 taskId: 707 ETC: 64.18 priority: 0
  taskPos: 13 taskId: 979 ETC: 2445.62 priority: 0
  taskPos: 14 taskId: 319 ETC: 1012.34 priority: 0
  taskPos: 15 taskId: 255 ETC: 1587.95 priority: 0
  taskPos: 16 taskId: 910 ETC: 5396.85 priority: 0
  taskPos: 17 taskId: 746 ETC: 7194.86 priority: 0
  taskPos: 18 taskId: 43 ETC: 701.83 priority: 0
  taskPos: 19 taskId: 1003 ETC: 1076.8 priority: 0
  taskPos: 20 taskId: 946 ETC: 10978.9 priority: 0
  taskPos: 21 taskId: 193 ETC: 1293.73 priority: 0
> machineId: 16
  taskPos: 0 taskId: 873 ETC: 560.93 priority: 0
  taskPos: 1 taskId: 679 ETC: 671.46 priority: 0
  taskPos: 2 taskId: 957 ETC: 26.02 priority: 0
  taskPos: 3 taskId: 829 ETC: 819.09 priority: 0
  taskPos: 4 taskId: 277 ETC: 604 priority: 0
  taskPos: 5 taskId: 611 ETC: 573.2 priority: 0
  taskPos: 6 taskId: 477 ETC: 17.7 priority: 0
  taskPos: 7 taskId: 67 ETC: 733.75 priority: 0
  taskPos: 8 taskId: 683 ETC: 169.05 priority: 0
  taskPos: 9 taskId: 7 ETC: 323.95 priority: 0
  taskPos: 10 taskId: 583 ETC: 382.93 priority: 0
  taskPos: 11 taskId: 522 ETC: 7718.03 priority: 0
  taskPos: 12 taskId: 455 ETC: 308.25 priority: 0
  taskPos: 13 taskId: 917 ETC: 1534.08 priority: 0
  taskPos: 14 taskId: 31 ETC: 3447.44 priority: 0
  taskPos: 15 taskId: 872 ETC: 14047.6 priority: 0
  taskPos: 16 taskId: 439 ETC: 542.39 priority: 0
  taskPos: 17 taskId: 527 ETC: 3910.11 priority: 0
  taskPos: 18 taskId: 395 ETC: 727.53 priority: 0
  taskPos: 19 taskId: 711 ETC: 896.94 priority: 0
> machineId: 17
  taskPos: 0 taskId: 355 ETC: 6.65 priority: 0
  taskPos: 1 taskId: 139 ETC: 21.12 priority: 0
  taskPos: 2 taskId: 591 ETC: 1228.79 priority: 0
  taskPos: 3 taskId: 161 ETC: 75.93 priority: 0
  taskPos: 4 taskId: 743 ETC: 323.07 priority: 0
  taskPos: 5 taskId: 613 ETC: 153.22 priority: 0
  taskPos: 6 taskId: 163 ETC: 567.92 priority: 0
  taskPos: 7 taskId: 561 ETC: 482.38 priority: 0
  taskPos: 8 taskId: 615 ETC: 428.18 priority: 0
  taskPos: 9 taskId: 409 ETC: 1074.53 priority: 0
  taskPos: 10 taskId: 385 ETC: 85.7 priority: 0
  taskPos: 11 taskId: 977 ETC: 224.04 priority: 0
  taskPos: 12 taskId: 335 ETC: 69.2 priority: 0
  taskPos: 13 taskId: 925 ETC: 1105.84 priority: 0
  taskPos: 14 taskId: 440 ETC: 9900.17 priority: 0
  taskPos: 15 taskId: 367 ETC: 828.39 priority: 0
  taskPos: 16 taskId: 800 ETC: 7012.94 priority: 0
  taskPos: 17 taskId: 311 ETC: 2413.71 priority: 0
  taskPos: 18 taskId: 457 ETC: 210.18 priority: 0
  taskPos: 19 taskId: 867 ETC: 369.58 priority: 0
  taskPos: 20 taskId: 549 ETC: 3765.58 priority: 0
  taskPos: 21 taskId: 693 ETC: 232.97 priority: 0
> machineId: 18
  taskPos: 0 taskId: 807 ETC: 0.68 priority: 0
  taskPos: 1 taskId: 835 ETC: 44.48 priority: 0
  taskPos: 2 taskId: 343 ETC: 51.98 priority: 0
  taskPos: 3 taskId: 511 ETC: 53.53 priority: 0
  taskPos: 4 taskId: 555 ETC: 76.54 priority: 0
  taskPos: 5 taskId: 275 ETC: 38.26 priority: 0
  taskPos: 6 taskId: 671 ETC: 42.03 priority: 0
  taskPos: 7 taskId: 959 ETC: 269.35 priority: 0
  taskPos: 8 taskId: 17 ETC: 826.66 priority: 0
  taskPos: 9 taskId: 39 ETC: 442.31 priority: 0
  taskPos: 10 taskId: 261 ETC: 358.51 priority: 0
  taskPos: 11 taskId: 259 ETC: 870.27 priority: 0
  taskPos: 12 taskId: 891 ETC: 134.25 priority: 0
  taskPos: 13 taskId: 660 ETC: 9484.33 priority: 0
  taskPos: 14 taskId: 823 ETC: 178.06 priority: 0
  taskPos: 15 taskId: 881 ETC: 1187.05 priority: 0
  taskPos: 16 taskId: 245 ETC: 350.66 priority: 0
  taskPos: 17 taskId: 1023 ETC: 560.1 priority: 0
  taskPos: 18 taskId: 321 ETC: 83.35 priority: 0
  taskPos: 19 taskId: 733 ETC: 3172.73 priority: 0
  taskPos: 20 taskId: 11 ETC: 1027.88 priority: 0
  taskPos: 21 taskId: 747 ETC: 1140.43 priority: 0
  taskPos: 22 taskId: 401 ETC: 148.75 priority: 0
  taskPos: 23 taskId: 499 ETC: 269.46 priority: 0
  taskPos: 24 taskId: 482 ETC: 6569.5 priority: 0
  taskPos: 25 taskId: 465 ETC: 2907.26 priority: 0
> machineId: 19
  taskPos: 0 taskId: 805 ETC: 121.3 priority: 0
  taskPos: 1 taskId: 35 ETC: 39.54 priority: 0
  taskPos: 2 taskId: 871 ETC: 70.18 priority: 0
  taskPos: 3 taskId: 223 ETC: 148.04 priority: 0
  taskPos: 4 taskId: 149 ETC: 460.29 priority: 0
  taskPos: 5 taskId: 749 ETC: 140.81 priority: 0
  taskPos: 6 taskId: 834 ETC: 4569.26 priority: 0
  taskPos: 7 taskId: 781 ETC: 167.58 priority: 0
  taskPos: 8 taskId: 421 ETC: 211.82 priority: 0
  taskPos: 9 taskId: 481 ETC: 424.34 priority: 0
  taskPos: 10 taskId: 577 ETC: 343.77 priority: 0
  taskPos: 11 taskId: 659 ETC: 509.73 priority: 0
  taskPos: 12 taskId: 709 ETC: 1395.8 priority: 0
  taskPos: 13 taskId: 495 ETC: 333.07 priority: 0
  taskPos: 14 taskId: 791 ETC: 1037.69 priority: 0
  taskPos: 15 taskId: 325 ETC: 98.03 priority: 0
  taskPos: 16 taskId: 753 ETC: 1492.17 priority: 0
  taskPos: 17 taskId: 345 ETC: 686.07 priority: 0
  taskPos: 18 taskId: 13 ETC: 228.22 priority: 0
  taskPos: 19 taskId: 474 ETC: 17577 priority: 0
  taskPos: 20 taskId: 376 ETC: 7545.41 priority: 0
> machineId: 20
  taskPos: 0 taskId: 147 ETC: 723.25 priority: 0
  taskPos: 1 taskId: 761 ETC: 508.19 priority: 0
  taskPos: 2 taskId: 929 ETC: 79.72 priority: 0
  taskPos: 3 taskId: 351 ETC: 30.39 priority: 0
  taskPos: 4 taskId: 249 ETC: 162.3 priority: 0
  taskPos: 5 taskId: 937 ETC: 1252.21 priority: 0
  taskPos: 6 taskId: 49 ETC: 1008.42 priority: 0
  taskPos: 7 taskId: 769 ETC: 59.87 priority: 0
  taskPos: 8 taskId: 883 ETC: 207.48 priority: 0
  taskPos: 9 taskId: 203 ETC: 818.87 priority: 0
  taskPos: 10 taskId: 285 ETC: 570.53 priority: 0
  taskPos: 11 taskId: 184 ETC: 14603.6 priority: 0
  taskPos: 12 taskId: 476 ETC: 9234.14 priority: 0
  taskPos: 13 taskId: 461 ETC: 3461.59 priority: 0
  taskPos: 14 taskId: 685 ETC: 512.98 priority: 0
  taskPos: 15 taskId: 241 ETC: 1903.77 priority: 0
> machineId: 21
  taskPos: 0 taskId: 741 ETC: 413.49 priority: 0
  taskPos: 1 taskId: 251 ETC: 661.4 priority: 0
  taskPos: 2 taskId: 453 ETC: 382.33 priority: 0
  taskPos: 3 taskId: 73 ETC: 292.12 priority: 0
  taskPos: 4 taskId: 373 ETC: 771.12 priority: 0
  taskPos: 5 taskId: 759 ETC: 667.65 priority: 0
  taskPos: 6 taskId: 289 ETC: 176.69 priority: 0
  taskPos: 7 taskId: 375 ETC: 27.71 priority: 0
  taskPos: 8 taskId: 831 ETC: 4142.15 priority: 0
  taskPos: 9 taskId: 327 ETC: 804.11 priority: 0
  taskPos: 10 taskId: 403 ETC: 1250.82 priority: 0
  taskPos: 11 taskId: 737 ETC: 4000.75 priority: 0
  taskPos: 12 taskId: 915 ETC: 327.41 priority: 0
  taskPos: 13 taskId: 701 ETC: 3141.33 priority: 0
  taskPos: 14 taskId: 101 ETC: 220.82 priority: 0
  taskPos: 15 taskId: 789 ETC: 566.96 priority: 0
  taskPos: 16 taskId: 265 ETC: 1603.73 priority: 0
  taskPos: 17 taskId: 330 ETC: 9515.16 priority: 0
> machineId: 22
  taskPos: 0 taskId: 127 ETC: 106.76 priority: 0
  taskPos: 1 taskId: 767 ETC: 7.63 priority: 0
  taskPos: 2 taskId: 879 ETC: 74.35 priority: 0
  taskPos: 3 taskId: 57 ETC: 172.75 priority: 0
  taskPos: 4 taskId: 369 ETC: 111.59 priority: 0
  taskPos: 5 taskId: 281 ETC: 84.54 priority: 0
  taskPos: 6 taskId: 889 ETC: 17.31 priority: 0
  taskPos: 7 taskId: 869 ETC: 443.91 priority: 0
  taskPos: 8 taskId: 123 ETC: 114.47 priority: 0
  taskPos: 9 taskId: 635 ETC: 147.73 priority: 0
  taskPos: 10 taskId: 195 ETC: 136.86 priority: 0
  taskPos: 11 taskId: 965 ETC: 103.84 priority: 0
  taskPos: 12 taskId: 857 ETC: 457.81 priority: 0
  taskPos: 13 taskId: 65 ETC: 400.31 priority: 0
  taskPos: 14 taskId: 207 ETC: 1001.07 priority: 0
  taskPos: 15 taskId: 364 ETC: 9341.55 priority: 0
  taskPos: 16 taskId: 907 ETC: 116.89 priority: 0
  taskPos: 17 taskId: 313 ETC: 867.59 priority: 0
  taskPos: 18 taskId: 575 ETC: 1153.41 priority: 0
  taskPos: 19 taskId: 603 ETC: 2518.58 priority: 0
  taskPos: 20 taskId: 607 ETC: 873.87 priority: 0
  taskPos: 21 taskId: 961 ETC: 480.81 priority: 0
  taskPos: 22 taskId: 621 ETC: 445.83 priority: 0
  taskPos: 23 taskId: 714 ETC: 14407.4 priority: 0
> machineId: 23
  taskPos: 0 taskId: 919 ETC: 52.64 priority: 0
  taskPos: 1 taskId: 447 ETC: 155.59 priority: 0
  taskPos: 2 taskId: 699 ETC: 84.87 priority: 0
  taskPos: 3 taskId: 21 ETC: 93.04 priority: 0
  taskPos: 4 taskId: 75 ETC: 152.27 priority: 0
  taskPos: 5 taskId: 745 ETC: 265.12 priority: 0
  taskPos: 6 taskId: 573 ETC: 49.19 priority: 0
  taskPos: 7 taskId: 256 ETC: 11535.8 priority: 0
  taskPos: 8 taskId: 837 ETC: 1702.69 priority: 0
  taskPos: 9 taskId: 827 ETC: 957.01 priority: 0
  taskPos: 10 taskId: 211 ETC: 473.87 priority: 0
  taskPos: 11 taskId: 727 ETC: 887.7 priority: 0
  taskPos: 12 taskId: 159 ETC: 960.04 priority: 0
  taskPos: 13 taskId: 87 ETC: 140.22 priority: 0
  taskPos: 14 taskId: 347 ETC: 6504.37 priority: 0
  taskPos: 15 taskId: 999 ETC: 1119.63 priority: 0
  taskPos: 16 taskId: 861 ETC: 850.76 priority: 0
  taskPos: 17 taskId: 908 ETC: 12190.3 priority: 0
> machineId: 24
  taskPos: 0 taskId: 697 ETC: 7.07 priority: 0
  taskPos: 1 taskId: 37 ETC: 44.94 priority: 0
  taskPos: 2 taskId: 897 ETC: 98.77 priority: 0
  taskPos: 3 taskId: 517 ETC: 696.45 priority: 0
  taskPos: 4 taskId: 189 ETC: 60.31 priority: 0
  taskPos: 5 taskId: 25 ETC: 374.95 priority: 0
  taskPos: 6 taskId: 974 ETC: 23856.2 priority: 0
  taskPos: 7 taskId: 521 ETC: 1953.93 priority: 0
  taskPos: 8 taskId: 357 ETC: 287.37 priority: 0
  taskPos: 9 taskId: 487 ETC: 784.74 priority: 0
  taskPos: 10 taskId: 463 ETC: 106.45 priority: 0
  taskPos: 11 taskId: 601 ETC: 943.09 priority: 0
  taskPos: 12 taskId: 483 ETC: 1122.09 priority: 0
  taskPos: 13 taskId: 689 ETC: 2435.73 priority: 0
  taskPos: 14 taskId: 663 ETC: 21.06 priority: 0
  taskPos: 15 taskId: 553 ETC: 148.36 priority: 0
  taskPos: 16 taskId: 215 ETC: 1013.26 priority: 0
  taskPos: 17 taskId: 507 ETC: 962.24 priority: 0
> machineId: 25
  taskPos: 0 taskId: 273 ETC: 230.38 priority: 0
  taskPos: 1 taskId: 669 ETC: 7.88 priority: 0
  taskPos: 2 taskId: 799 ETC: 484.58 priority: 0
  taskPos: 3 taskId: 489 ETC: 690.9 priority: 0
  taskPos: 4 taskId: 997 ETC: 303.69 priority: 0
  taskPos: 5 taskId: 236 ETC: 12556.3 priority: 0
  taskPos: 6 taskId: 95 ETC: 63.32 priority: 0
  taskPos: 7 taskId: 851 ETC: 2079.6 priority: 0
  taskPos: 8 taskId: 681 ETC: 405.72 priority: 0
  taskPos: 9 taskId: 939 ETC: 1780.67 priority: 0
  taskPos: 10 taskId: 593 ETC: 878.41 priority: 0
  taskPos: 11 taskId: 763 ETC: 317.69 priority: 0
  taskPos: 12 taskId: 833 ETC: 145.71 priority: 0
  taskPos: 13 taskId: 131 ETC: 6028.94 priority: 0
  taskPos: 14 taskId: 909 ETC: 251.46 priority: 0
  taskPos: 15 taskId: 1001 ETC: 8.09 priority: 0
  taskPos: 16 taskId: 445 ETC: 4461.65 priority: 0
  taskPos: 17 taskId: 567 ETC: 582.79 priority: 0
  taskPos: 18 taskId: 323 ETC: 1110.38 priority: 0
  taskPos: 19 taskId: 563 ETC: 786.05 priority: 0
> machineId: 26
  taskPos: 0 taskId: 183 ETC: 10.33 priority: 0
  taskPos: 1 taskId: 625 ETC: 39.35 priority: 0
  taskPos: 2 taskId: 19 ETC: 34.3 priority: 0
  taskPos: 3 taskId: 71 ETC: 43.7 priority: 0
  taskPos: 4 taskId: 315 ETC: 54.58 priority: 0
  taskPos: 5 taskId: 295 ETC: 217.91 priority: 0
  taskPos: 6 taskId: 143 ETC: 207.16 priority: 0
  taskPos: 7 taskId: 765 ETC: 63.32 priority: 0
  taskPos: 8 taskId: 339 ETC: 84.16 priority: 0
  taskPos: 9 taskId: 219 ETC: 299.9 priority: 0
  taskPos: 10 taskId: 739 ETC: 545.41 priority: 0
  taskPos: 11 taskId: 921 ETC: 234.33 priority: 0
  taskPos: 12 taskId: 443 ETC: 1123.23 priority: 0
  taskPos: 13 taskId: 803 ETC: 362.38 priority: 0
  taskPos: 14 taskId: 479 ETC: 607.09 priority: 0
  taskPos: 15 taskId: 609 ETC: 957.18 priority: 0
  taskPos: 16 taskId: 107 ETC: 1035.86 priority: 0
  taskPos: 17 taskId: 839 ETC: 1460.84 priority: 0
  taskPos: 18 taskId: 953 ETC: 78.53 priority: 0
  taskPos: 19 taskId: 859 ETC: 1579.29 priority: 0
  taskPos: 20 taskId: 84 ETC: 23292 priority: 0
  taskPos: 21 taskId: 865 ETC: 5836.28 priority: 0
> machineId: 27
  taskPos: 0 taskId: 269 ETC: 79.04 priority: 0
  taskPos: 1 taskId: 419 ETC: 221.32 priority: 0
  taskPos: 2 taskId: 69 ETC: 221.23 priority: 0
  taskPos: 3 taskId: 569 ETC: 814.84 priority: 0
  taskPos: 4 taskId: 543 ETC: 98.79 priority: 0
  taskPos: 5 taskId: 599 ETC: 1267.51 priority: 0
  taskPos: 6 taskId: 169 ETC: 274.99 priority: 0
  taskPos: 7 taskId: 887 ETC: 1517.64 priority: 0
  taskPos: 8 taskId: 645 ETC: 3269.93 priority: 0
  taskPos: 9 taskId: 533 ETC: 149.64 priority: 0
  taskPos: 10 taskId: 105 ETC: 699.17 priority: 0
  taskPos: 11 taskId: 565 ETC: 5557.05 priority: 0
  taskPos: 12 taskId: 619 ETC: 146.18 priority: 0
  taskPos: 13 taskId: 197 ETC: 1140.38 priority: 0
  taskPos: 14 taskId: 470 ETC: 13390.8 priority: 0
  taskPos: 15 taskId: 59 ETC: 468.03 priority: 0
  taskPos: 16 taskId: 47 ETC: 1259.36 priority: 0
  taskPos: 17 taskId: 299 ETC: 1127.56 priority: 0
> machineId: 28
  taskPos: 0 taskId: 955 ETC: 8.49 priority: 0
  taskPos: 1 taskId: 235 ETC: 35.04 priority: 0
  taskPos: 2 taskId: 551 ETC: 306.11 priority: 0
  taskPos: 3 taskId: 943 ETC: 25.18 priority: 0
  taskPos: 4 taskId: 283 ETC: 154.69 priority: 0
  taskPos: 5 taskId: 691 ETC: 1034.2 priority: 0
  taskPos: 6 taskId: 359 ETC: 1133.25 priority: 0
  taskPos: 7 taskId: 885 ETC: 1442.23 priority: 0
  taskPos: 8 taskId: 984 ETC: 1095.66 priority: 0
  taskPos: 9 taskId: 971 ETC: 250.57 priority: 0
  taskPos: 10 taskId: 777 ETC: 2879.09 priority: 0
  taskPos: 11 taskId: 895 ETC: 541.73 priority: 0
  taskPos: 12 taskId: 585 ETC: 83.93 priority: 0
  taskPos: 13 taskId: 231 ETC: 86.6 priority: 0
  taskPos: 14 taskId: 933 ETC: 165.38 priority: 0
  taskPos: 15 taskId: 141 ETC: 751.14 priority: 0
  taskPos: 16 taskId: 787 ETC: 573.56 priority: 0
  taskPos: 17 taskId: 408 ETC: 22858.6 priority: 0
  taskPos: 18 taskId: 605 ETC: 759.26 priority: 0
  taskPos: 19 taskId: 695 ETC: 1608.65 priority: 0
  taskPos: 20 taskId: 271 ETC: 1528.24 priority: 0
  taskPos: 21 taskId: 363 ETC: 670.81 priority: 0
> machineId: 29
  taskPos: 0 taskId: 74 ETC: 7293.03 priority: 0
  taskPos: 1 taskId: 705 ETC: 47.98 priority: 0
  taskPos: 2 taskId: 15 ETC: 26.85 priority: 0
  taskPos: 3 taskId: 735 ETC: 15.37 priority: 0
  taskPos: 4 taskId: 451 ETC: 23.11 priority: 0
  taskPos: 5 taskId: 969 ETC: 267.59 priority: 0
  taskPos: 6 taskId: 5 ETC: 45.43 priority: 0
  taskPos: 7 taskId: 53 ETC: 242.7 priority: 0
  taskPos: 8 taskId: 661 ETC: 590.44 priority: 0
  taskPos: 9 taskId: 894 ETC: 336.12 priority: 0
  taskPos: 10 taskId: 813 ETC: 67.92 priority: 0
  taskPos: 11 taskId: 905 ETC: 1233.74 priority: 0
  taskPos: 12 taskId: 913 ETC: 628.92 priority: 0
  taskPos: 13 taskId: 703 ETC: 449.32 priority: 0
  taskPos: 14 taskId: 239 ETC: 263.06 priority: 0
  taskPos: 15 taskId: 381 ETC: 798.72 priority: 0
  taskPos: 16 taskId: 441 ETC: 1104.83 priority: 0
  taskPos: 17 taskId: 595 ETC: 2254.36 priority: 0
  taskPos: 18 taskId: 1009 ETC: 161.25 priority: 0
  taskPos: 19 taskId: 23 ETC: 1314.86 priority: 0
  taskPos: 20 taskId: 853 ETC: 716.36 priority: 0
  taskPos: 21 taskId: 433 ETC: 3328.99 priority: 0
  taskPos: 22 taskId: 576 ETC: 16677.1 priority: 0
> machineId: 30
  taskPos: 0 taskId: 225 ETC: 19.4 priority: 0
  taskPos: 1 taskId: 333 ETC: 1439.92 priority: 0
  taskPos: 2 taskId: 875 ETC: 137.47 priority: 0
  taskPos: 3 taskId: 513 ETC: 282.85 priority: 0
  taskPos: 4 taskId: 205 ETC: 79.68 priority: 0
  taskPos: 5 taskId: 119 ETC: 117.61 priority: 0
  taskPos: 6 taskId: 103 ETC: 400.23 priority: 0
  taskPos: 7 taskId: 151 ETC: 13.42 priority: 0
  taskPos: 8 taskId: 155 ETC: 71.36 priority: 0
  taskPos: 9 taskId: 99 ETC: 192.85 priority: 0
  taskPos: 10 taskId: 520 ETC: 13326.6 priority: 0
  taskPos: 11 taskId: 48 ETC: 5887.96 priority: 0
  taskPos: 12 taskId: 815 ETC: 807.44 priority: 0
  taskPos: 13 taskId: 991 ETC: 488.97 priority: 0
  taskPos: 14 taskId: 328 ETC: 1686.17 priority: 0
  taskPos: 15 taskId: 9 ETC: 335.11 priority: 0
  taskPos: 16 taskId: 687 ETC: 319.25 priority: 0
  taskPos: 17 taskId: 757 ETC: 3415.69 priority: 0
  taskPos: 18 taskId: 817 ETC: 772.03 priority: 0
  taskPos: 19 taskId: 855 ETC: 176.49 priority: 0
  taskPos: 20 taskId: 165 ETC: 808.47 priority: 0
  taskPos: 21 taskId: 29 ETC: 1938.56 priority: 0
  taskPos: 22 taskId: 429 ETC: 890.59 priority: 0
> machineId: 31
  taskPos: 0 taskId: 541 ETC: 33.47 priority: 0
  taskPos: 1 taskId: 863 ETC: 79.51 priority: 0
  taskPos: 2 taskId: 88 ETC: 10831.8 priority: 0
  taskPos: 3 taskId: 515 ETC: 600.97 priority: 0
  taskPos: 4 taskId: 83 ETC: 283.38 priority: 0
  taskPos: 5 taskId: 581 ETC: 398.48 priority: 0
  taskPos: 6 taskId: 888 ETC: 15383.2 priority: 0
  taskPos: 7 taskId: 989 ETC: 1042.88 priority: 0
  taskPos: 8 taskId: 377 ETC: 374.67 priority: 0
  taskPos: 9 taskId: 931 ETC: 206.2 priority: 0
  taskPos: 10 taskId: 417 ETC: 470.32 priority: 0
  taskPos: 11 taskId: 191 ETC: 1003.23 priority: 0
  taskPos: 12 taskId: 1021 ETC: 3857.28 priority: 0
  taskPos: 13 taskId: 341 ETC: 2877.3 priority: 0
  taskPos: 14 taskId: 237 ETC: 647.52 priority: 0



 :( ---------------------- THE END --------------- :) 