[H[2J[INFO] TaskCount: 1024
[INFO] MachineCount: 32

[DEBUG] Inicialización MIN-MIN

Min-Min fitness: 56601.2

[DEBUG] Inicialización Sufferage

Sufferage fitness: 55083.2

[DEBUG] Inicialización random

[DEBUG] Inicialización random

[DEBUG] Inicialización random

[DEBUG] Inicialización MCT

MCT fitness: 72020

[DEBUG] Inicialización random

[DEBUG] Inicialización random

[DEBUG] Inicialización random

[DEBUG] Inicialización random

[DEBUG] Inicialización MCT

MCT fitness: 69999.8

[DEBUG] Inicialización random

[DEBUG] Inicialización random

[DEBUG] Inicialización random

[DEBUG] Inicialización random

 Current State ---------------------------------------------

Current trial: 1
Current iteration: 1500
Current evaluations: 22695
Current best cost: 52751.8
Current worst cost: 52751.8
Current Average cost: 52751.8
Current Standard Deviation: 0

Trial: 
Best cost trial: 52751.8
Worst cost trial: 1.31485e+06
Iteration best found in trial: 1435
Time best found trial: 2.16571e+07
Time spent in trial: 2.26369e+07

Global: 
Global best cost: 52751.8
Global worst cost: 1.31485e+06
Trial best found: 1
Iteration best found: 1435
Time best found: 2.16571e+07

Current time spent (so far): 2.26369e+07
Solution
> machineId: 0
  taskPos: 0 taskId: 153 ETC: 3124.72 priority: 0
  taskPos: 1 taskId: 350 ETC: 884.49 priority: 0
  taskPos: 2 taskId: 828 ETC: 22.51 priority: 0
  taskPos: 3 taskId: 187 ETC: 143.18 priority: 0
  taskPos: 4 taskId: 630 ETC: 1334.8 priority: 0
  taskPos: 5 taskId: 5 ETC: 1230.93 priority: 0
  taskPos: 6 taskId: 654 ETC: 1328.6 priority: 0
  taskPos: 7 taskId: 748 ETC: 4174.86 priority: 0
  taskPos: 8 taskId: 31 ETC: 149.12 priority: 0
  taskPos: 9 taskId: 545 ETC: 525.06 priority: 0
  taskPos: 10 taskId: 787 ETC: 2206.37 priority: 0
  taskPos: 11 taskId: 761 ETC: 104.25 priority: 0
  taskPos: 12 taskId: 771 ETC: 7211.02 priority: 0
  taskPos: 13 taskId: 289 ETC: 882.97 priority: 0
  taskPos: 14 taskId: 622 ETC: 382.2 priority: 0
  taskPos: 15 taskId: 293 ETC: 365.57 priority: 0
  taskPos: 16 taskId: 149 ETC: 1558.38 priority: 0
  taskPos: 17 taskId: 753 ETC: 73.04 priority: 0
  taskPos: 18 taskId: 385 ETC: 170.16 priority: 0
  taskPos: 19 taskId: 413 ETC: 4361.42 priority: 0
  taskPos: 20 taskId: 868 ETC: 5510.79 priority: 0
  taskPos: 21 taskId: 614 ETC: 1021.14 priority: 0
  taskPos: 22 taskId: 616 ETC: 4242.15 priority: 0
  taskPos: 23 taskId: 861 ETC: 303.87 priority: 0
  taskPos: 24 taskId: 806 ETC: 1113.4 priority: 0
  taskPos: 25 taskId: 936 ETC: 1442.37 priority: 0
  taskPos: 26 taskId: 592 ETC: 42.15 priority: 0
  taskPos: 27 taskId: 881 ETC: 93.29 priority: 0
  taskPos: 28 taskId: 199 ETC: 1188.27 priority: 0
  taskPos: 29 taskId: 122 ETC: 364.14 priority: 0
  taskPos: 30 taskId: 214 ETC: 168.3 priority: 0
  taskPos: 31 taskId: 692 ETC: 884.77 priority: 0
  taskPos: 32 taskId: 649 ETC: 4475.76 priority: 0
  taskPos: 33 taskId: 66 ETC: 928.06 priority: 0
  taskPos: 34 taskId: 627 ETC: 610.95 priority: 0
> machineId: 1
  taskPos: 0 taskId: 887 ETC: 2645.09 priority: 0
  taskPos: 1 taskId: 311 ETC: 5284.35 priority: 0
  taskPos: 2 taskId: 992 ETC: 973.65 priority: 0
  taskPos: 3 taskId: 733 ETC: 282.13 priority: 0
  taskPos: 4 taskId: 1013 ETC: 1280.57 priority: 0
  taskPos: 5 taskId: 71 ETC: 2180.06 priority: 0
  taskPos: 6 taskId: 339 ETC: 4777.72 priority: 0
  taskPos: 7 taskId: 313 ETC: 1369.47 priority: 0
  taskPos: 8 taskId: 182 ETC: 4340.67 priority: 0
  taskPos: 9 taskId: 846 ETC: 7489.98 priority: 0
  taskPos: 10 taskId: 856 ETC: 615.48 priority: 0
  taskPos: 11 taskId: 282 ETC: 444.5 priority: 0
  taskPos: 12 taskId: 233 ETC: 892.73 priority: 0
  taskPos: 13 taskId: 291 ETC: 3928.27 priority: 0
  taskPos: 14 taskId: 340 ETC: 372.97 priority: 0
  taskPos: 15 taskId: 852 ETC: 2477.33 priority: 0
  taskPos: 16 taskId: 664 ETC: 1226.91 priority: 0
  taskPos: 17 taskId: 353 ETC: 335.27 priority: 0
  taskPos: 18 taskId: 860 ETC: 8006.01 priority: 0
  taskPos: 19 taskId: 175 ETC: 719.1 priority: 0
  taskPos: 20 taskId: 320 ETC: 1746.84 priority: 0
  taskPos: 21 taskId: 718 ETC: 758.76 priority: 0
  taskPos: 22 taskId: 602 ETC: 406.59 priority: 0
> machineId: 2
  taskPos: 0 taskId: 277 ETC: 3655.58 priority: 0
  taskPos: 1 taskId: 924 ETC: 2809.2 priority: 0
  taskPos: 2 taskId: 371 ETC: 2188.03 priority: 0
  taskPos: 3 taskId: 697 ETC: 2410.34 priority: 0
  taskPos: 4 taskId: 853 ETC: 1419.8 priority: 0
  taskPos: 5 taskId: 749 ETC: 165.62 priority: 0
  taskPos: 6 taskId: 708 ETC: 2547.64 priority: 0
  taskPos: 7 taskId: 900 ETC: 1419.77 priority: 0
  taskPos: 8 taskId: 780 ETC: 548.09 priority: 0
  taskPos: 9 taskId: 951 ETC: 607.02 priority: 0
  taskPos: 10 taskId: 192 ETC: 2025.24 priority: 0
  taskPos: 11 taskId: 949 ETC: 145.73 priority: 0
  taskPos: 12 taskId: 674 ETC: 28.17 priority: 0
  taskPos: 13 taskId: 954 ETC: 1838.6 priority: 0
  taskPos: 14 taskId: 183 ETC: 438.41 priority: 0
  taskPos: 15 taskId: 265 ETC: 1709.42 priority: 0
  taskPos: 16 taskId: 1002 ETC: 3882.94 priority: 0
  taskPos: 17 taskId: 624 ETC: 950.8 priority: 0
  taskPos: 18 taskId: 552 ETC: 129.42 priority: 0
  taskPos: 19 taskId: 283 ETC: 983.41 priority: 0
  taskPos: 20 taskId: 969 ETC: 893.6 priority: 0
  taskPos: 21 taskId: 1009 ETC: 1433.55 priority: 0
  taskPos: 22 taskId: 397 ETC: 2293.92 priority: 0
  taskPos: 23 taskId: 177 ETC: 509.23 priority: 0
  taskPos: 24 taskId: 423 ETC: 1050.3 priority: 0
  taskPos: 25 taskId: 967 ETC: 2543.78 priority: 0
  taskPos: 26 taskId: 600 ETC: 1101.05 priority: 0
  taskPos: 27 taskId: 538 ETC: 765.68 priority: 0
  taskPos: 28 taskId: 219 ETC: 916.19 priority: 0
  taskPos: 29 taskId: 328 ETC: 33.24 priority: 0
  taskPos: 30 taskId: 299 ETC: 302.32 priority: 0
  taskPos: 31 taskId: 172 ETC: 2797.05 priority: 0
  taskPos: 32 taskId: 343 ETC: 244.36 priority: 0
  taskPos: 33 taskId: 95 ETC: 3539.4 priority: 0
  taskPos: 34 taskId: 451 ETC: 578.32 priority: 0
  taskPos: 35 taskId: 750 ETC: 239.92 priority: 0
  taskPos: 36 taskId: 636 ETC: 1.68 priority: 0
  taskPos: 37 taskId: 420 ETC: 986.77 priority: 0
  taskPos: 38 taskId: 972 ETC: 937.51 priority: 0
  taskPos: 39 taskId: 165 ETC: 402.34 priority: 0
> machineId: 3
  taskPos: 0 taskId: 713 ETC: 100.28 priority: 0
  taskPos: 1 taskId: 698 ETC: 2152.12 priority: 0
  taskPos: 2 taskId: 957 ETC: 878.58 priority: 0
  taskPos: 3 taskId: 666 ETC: 2772.56 priority: 0
  taskPos: 4 taskId: 418 ETC: 12.62 priority: 0
  taskPos: 5 taskId: 205 ETC: 974.37 priority: 0
  taskPos: 6 taskId: 795 ETC: 1324.04 priority: 0
  taskPos: 7 taskId: 621 ETC: 5020.02 priority: 0
  taskPos: 8 taskId: 677 ETC: 915.57 priority: 0
  taskPos: 9 taskId: 22 ETC: 669.42 priority: 0
  taskPos: 10 taskId: 37 ETC: 343.29 priority: 0
  taskPos: 11 taskId: 193 ETC: 3940.05 priority: 0
  taskPos: 12 taskId: 96 ETC: 1193.58 priority: 0
  taskPos: 13 taskId: 310 ETC: 2443.25 priority: 0
  taskPos: 14 taskId: 67 ETC: 112.26 priority: 0
  taskPos: 15 taskId: 826 ETC: 462.14 priority: 0
  taskPos: 16 taskId: 46 ETC: 1780.16 priority: 0
  taskPos: 17 taskId: 194 ETC: 31.8 priority: 0
  taskPos: 18 taskId: 336 ETC: 1925.6 priority: 0
  taskPos: 19 taskId: 653 ETC: 421.82 priority: 0
  taskPos: 20 taskId: 577 ETC: 1068.03 priority: 0
  taskPos: 21 taskId: 29 ETC: 717.05 priority: 0
  taskPos: 22 taskId: 308 ETC: 2928.29 priority: 0
  taskPos: 23 taskId: 65 ETC: 406.02 priority: 0
  taskPos: 24 taskId: 762 ETC: 2588.79 priority: 0
  taskPos: 25 taskId: 466 ETC: 239.71 priority: 0
  taskPos: 26 taskId: 356 ETC: 1880.35 priority: 0
  taskPos: 27 taskId: 549 ETC: 426.5 priority: 0
  taskPos: 28 taskId: 575 ETC: 1942.91 priority: 0
  taskPos: 29 taskId: 112 ETC: 656.6 priority: 0
  taskPos: 30 taskId: 143 ETC: 197.74 priority: 0
  taskPos: 31 taskId: 699 ETC: 752.81 priority: 0
  taskPos: 32 taskId: 596 ETC: 393.39 priority: 0
  taskPos: 33 taskId: 137 ETC: 88.59 priority: 0
  taskPos: 34 taskId: 337 ETC: 2566.85 priority: 0
  taskPos: 35 taskId: 379 ETC: 393.27 priority: 0
  taskPos: 36 taskId: 597 ETC: 1243.02 priority: 0
  taskPos: 37 taskId: 428 ETC: 1106.27 priority: 0
  taskPos: 38 taskId: 47 ETC: 3799.48 priority: 0
  taskPos: 39 taskId: 362 ETC: 1882.59 priority: 0
> machineId: 4
  taskPos: 0 taskId: 923 ETC: 1235.12 priority: 0
  taskPos: 1 taskId: 125 ETC: 295.56 priority: 0
  taskPos: 2 taskId: 249 ETC: 60.17 priority: 0
  taskPos: 3 taskId: 207 ETC: 291.93 priority: 0
  taskPos: 4 taskId: 527 ETC: 663.02 priority: 0
  taskPos: 5 taskId: 190 ETC: 2482.33 priority: 0
  taskPos: 6 taskId: 557 ETC: 148.31 priority: 0
  taskPos: 7 taskId: 126 ETC: 827.43 priority: 0
  taskPos: 8 taskId: 256 ETC: 3978.32 priority: 0
  taskPos: 9 taskId: 54 ETC: 745.66 priority: 0
  taskPos: 10 taskId: 568 ETC: 2963.23 priority: 0
  taskPos: 11 taskId: 779 ETC: 5311.36 priority: 0
  taskPos: 12 taskId: 1014 ETC: 4367.78 priority: 0
  taskPos: 13 taskId: 993 ETC: 499.61 priority: 0
  taskPos: 14 taskId: 27 ETC: 3100.09 priority: 0
  taskPos: 15 taskId: 221 ETC: 5069.01 priority: 0
  taskPos: 16 taskId: 382 ETC: 1570.72 priority: 0
  taskPos: 17 taskId: 462 ETC: 2069.85 priority: 0
  taskPos: 18 taskId: 914 ETC: 877.78 priority: 0
  taskPos: 19 taskId: 223 ETC: 43.07 priority: 0
  taskPos: 20 taskId: 286 ETC: 2634.82 priority: 0
  taskPos: 21 taskId: 161 ETC: 1931.62 priority: 0
  taskPos: 22 taskId: 702 ETC: 124.04 priority: 0
  taskPos: 23 taskId: 266 ETC: 567.65 priority: 0
  taskPos: 24 taskId: 491 ETC: 1202.54 priority: 0
  taskPos: 25 taskId: 361 ETC: 1116.1 priority: 0
  taskPos: 26 taskId: 594 ETC: 5226.06 priority: 0
  taskPos: 27 taskId: 206 ETC: 996.77 priority: 0
  taskPos: 28 taskId: 378 ETC: 340.94 priority: 0
  taskPos: 29 taskId: 492 ETC: 111.4 priority: 0
  taskPos: 30 taskId: 408 ETC: 586.75 priority: 0
  taskPos: 31 taskId: 561 ETC: 612.74 priority: 0
  taskPos: 32 taskId: 458 ETC: 18.03 priority: 0
  taskPos: 33 taskId: 869 ETC: 178.63 priority: 0
> machineId: 5
  taskPos: 0 taskId: 121 ETC: 337.85 priority: 0
  taskPos: 1 taskId: 996 ETC: 512.75 priority: 0
  taskPos: 2 taskId: 75 ETC: 207.04 priority: 0
  taskPos: 3 taskId: 910 ETC: 29.24 priority: 0
  taskPos: 4 taskId: 547 ETC: 651.01 priority: 0
  taskPos: 5 taskId: 111 ETC: 763.11 priority: 0
  taskPos: 6 taskId: 874 ETC: 45.78 priority: 0
  taskPos: 7 taskId: 184 ETC: 1934.35 priority: 0
  taskPos: 8 taskId: 74 ETC: 739.98 priority: 0
  taskPos: 9 taskId: 716 ETC: 1614.57 priority: 0
  taskPos: 10 taskId: 251 ETC: 1054.56 priority: 0
  taskPos: 11 taskId: 315 ETC: 68.14 priority: 0
  taskPos: 12 taskId: 712 ETC: 1214.25 priority: 0
  taskPos: 13 taskId: 338 ETC: 460.13 priority: 0
  taskPos: 14 taskId: 407 ETC: 2090.35 priority: 0
  taskPos: 15 taskId: 842 ETC: 5006.84 priority: 0
  taskPos: 16 taskId: 63 ETC: 3763.96 priority: 0
  taskPos: 17 taskId: 728 ETC: 486.97 priority: 0
  taskPos: 18 taskId: 735 ETC: 121.66 priority: 0
  taskPos: 19 taskId: 948 ETC: 228.73 priority: 0
  taskPos: 20 taskId: 507 ETC: 522.04 priority: 0
  taskPos: 21 taskId: 684 ETC: 1099.76 priority: 0
  taskPos: 22 taskId: 448 ETC: 1180.12 priority: 0
  taskPos: 23 taskId: 58 ETC: 6000.94 priority: 0
  taskPos: 24 taskId: 800 ETC: 524.84 priority: 0
  taskPos: 25 taskId: 784 ETC: 8380.26 priority: 0
  taskPos: 26 taskId: 883 ETC: 1968.24 priority: 0
  taskPos: 27 taskId: 768 ETC: 326.16 priority: 0
  taskPos: 28 taskId: 612 ETC: 418.8 priority: 0
  taskPos: 29 taskId: 401 ETC: 56.77 priority: 0
  taskPos: 30 taskId: 164 ETC: 2915.22 priority: 0
  taskPos: 31 taskId: 510 ETC: 734.56 priority: 0
  taskPos: 32 taskId: 398 ETC: 454.84 priority: 0
  taskPos: 33 taskId: 813 ETC: 524.3 priority: 0
  taskPos: 34 taskId: 131 ETC: 87.74 priority: 0
  taskPos: 35 taskId: 488 ETC: 213.01 priority: 0
  taskPos: 36 taskId: 473 ETC: 182.15 priority: 0
  taskPos: 37 taskId: 863 ETC: 558.09 priority: 0
  taskPos: 38 taskId: 984 ETC: 582.72 priority: 0
  taskPos: 39 taskId: 925 ETC: 196.15 priority: 0
  taskPos: 40 taskId: 409 ETC: 3422.17 priority: 0
  taskPos: 41 taskId: 433 ETC: 53.33 priority: 0
  taskPos: 42 taskId: 481 ETC: 520.18 priority: 0
> machineId: 6
  taskPos: 0 taskId: 537 ETC: 206.1 priority: 0
  taskPos: 1 taskId: 955 ETC: 2512.41 priority: 0
  taskPos: 2 taskId: 119 ETC: 99.95 priority: 0
  taskPos: 3 taskId: 346 ETC: 2.03 priority: 0
  taskPos: 4 taskId: 224 ETC: 857.8 priority: 0
  taskPos: 5 taskId: 845 ETC: 3709.56 priority: 0
  taskPos: 6 taskId: 295 ETC: 322.19 priority: 0
  taskPos: 7 taskId: 591 ETC: 95.01 priority: 0
  taskPos: 8 taskId: 471 ETC: 487.52 priority: 0
  taskPos: 9 taskId: 739 ETC: 1132.32 priority: 0
  taskPos: 10 taskId: 518 ETC: 2566.99 priority: 0
  taskPos: 11 taskId: 152 ETC: 49.61 priority: 0
  taskPos: 12 taskId: 700 ETC: 1775.52 priority: 0
  taskPos: 13 taskId: 705 ETC: 482.54 priority: 0
  taskPos: 14 taskId: 1010 ETC: 883.67 priority: 0
  taskPos: 15 taskId: 976 ETC: 12921.2 priority: 0
  taskPos: 16 taskId: 317 ETC: 2049.76 priority: 0
  taskPos: 17 taskId: 546 ETC: 1529.5 priority: 0
  taskPos: 18 taskId: 901 ETC: 354.73 priority: 0
  taskPos: 19 taskId: 484 ETC: 127.93 priority: 0
  taskPos: 20 taskId: 889 ETC: 917.96 priority: 0
  taskPos: 21 taskId: 414 ETC: 3115.85 priority: 0
  taskPos: 22 taskId: 497 ETC: 349.03 priority: 0
  taskPos: 23 taskId: 35 ETC: 547.83 priority: 0
  taskPos: 24 taskId: 369 ETC: 2268.44 priority: 0
  taskPos: 25 taskId: 88 ETC: 4256.29 priority: 0
  taskPos: 26 taskId: 682 ETC: 980.91 priority: 0
  taskPos: 27 taskId: 865 ETC: 3550.54 priority: 0
  taskPos: 28 taskId: 354 ETC: 118.5 priority: 0
  taskPos: 29 taskId: 974 ETC: 237.87 priority: 0
  taskPos: 30 taskId: 720 ETC: 314.42 priority: 0
  taskPos: 31 taskId: 581 ETC: 404.42 priority: 0
  taskPos: 32 taskId: 115 ETC: 134.52 priority: 0
  taskPos: 33 taskId: 583 ETC: 804.35 priority: 0
  taskPos: 34 taskId: 715 ETC: 453.2 priority: 0
  taskPos: 35 taskId: 857 ETC: 501.73 priority: 0
  taskPos: 36 taskId: 97 ETC: 65.38 priority: 0
  taskPos: 37 taskId: 631 ETC: 1191.86 priority: 0
> machineId: 7
  taskPos: 0 taskId: 294 ETC: 6416.19 priority: 0
  taskPos: 1 taskId: 449 ETC: 544.03 priority: 0
  taskPos: 2 taskId: 388 ETC: 2510.41 priority: 0
  taskPos: 3 taskId: 513 ETC: 769.12 priority: 0
  taskPos: 4 taskId: 145 ETC: 25.85 priority: 0
  taskPos: 5 taskId: 201 ETC: 2895.37 priority: 0
  taskPos: 6 taskId: 610 ETC: 2708.09 priority: 0
  taskPos: 7 taskId: 551 ETC: 234.45 priority: 0
  taskPos: 8 taskId: 288 ETC: 121.19 priority: 0
  taskPos: 9 taskId: 926 ETC: 42.91 priority: 0
  taskPos: 10 taskId: 587 ETC: 1223.21 priority: 0
  taskPos: 11 taskId: 781 ETC: 352.38 priority: 0
  taskPos: 12 taskId: 248 ETC: 439.93 priority: 0
  taskPos: 13 taskId: 109 ETC: 773.62 priority: 0
  taskPos: 14 taskId: 275 ETC: 37.29 priority: 0
  taskPos: 15 taskId: 99 ETC: 647.79 priority: 0
  taskPos: 16 taskId: 556 ETC: 1426.57 priority: 0
  taskPos: 17 taskId: 245 ETC: 250.87 priority: 0
  taskPos: 18 taskId: 0 ETC: 699.5 priority: 0
  taskPos: 19 taskId: 817 ETC: 2810.77 priority: 0
  taskPos: 20 taskId: 589 ETC: 1363.87 priority: 0
  taskPos: 21 taskId: 335 ETC: 4503.72 priority: 0
  taskPos: 22 taskId: 913 ETC: 5407.97 priority: 0
  taskPos: 23 taskId: 978 ETC: 259.44 priority: 0
  taskPos: 24 taskId: 995 ETC: 232.29 priority: 0
  taskPos: 25 taskId: 810 ETC: 48.84 priority: 0
  taskPos: 26 taskId: 1015 ETC: 1298.35 priority: 0
  taskPos: 27 taskId: 609 ETC: 1814.75 priority: 0
  taskPos: 28 taskId: 457 ETC: 664.37 priority: 0
  taskPos: 29 taskId: 300 ETC: 1095.92 priority: 0
  taskPos: 30 taskId: 878 ETC: 925.79 priority: 0
  taskPos: 31 taskId: 2 ETC: 90.81 priority: 0
  taskPos: 32 taskId: 494 ETC: 2340.3 priority: 0
  taskPos: 33 taskId: 789 ETC: 449.85 priority: 0
  taskPos: 34 taskId: 553 ETC: 98.56 priority: 0
  taskPos: 35 taskId: 108 ETC: 616.9 priority: 0
  taskPos: 36 taskId: 504 ETC: 930.67 priority: 0
  taskPos: 37 taskId: 726 ETC: 139.11 priority: 0
  taskPos: 38 taskId: 736 ETC: 2638.32 priority: 0
  taskPos: 39 taskId: 305 ETC: 890.79 priority: 0
  taskPos: 40 taskId: 640 ETC: 1811.49 priority: 0
> machineId: 8
  taskPos: 0 taskId: 250 ETC: 858.98 priority: 0
  taskPos: 1 taskId: 173 ETC: 7376.57 priority: 0
  taskPos: 2 taskId: 321 ETC: 4608.92 priority: 0
  taskPos: 3 taskId: 394 ETC: 1272.71 priority: 0
  taskPos: 4 taskId: 367 ETC: 1812.48 priority: 0
  taskPos: 5 taskId: 64 ETC: 1138.49 priority: 0
  taskPos: 6 taskId: 14 ETC: 384.46 priority: 0
  taskPos: 7 taskId: 632 ETC: 769.02 priority: 0
  taskPos: 8 taskId: 52 ETC: 927.3 priority: 0
  taskPos: 9 taskId: 769 ETC: 5899.27 priority: 0
  taskPos: 10 taskId: 566 ETC: 5214.69 priority: 0
  taskPos: 11 taskId: 302 ETC: 1274.07 priority: 0
  taskPos: 12 taskId: 570 ETC: 2963.55 priority: 0
  taskPos: 13 taskId: 638 ETC: 1544.13 priority: 0
  taskPos: 14 taskId: 729 ETC: 1272.18 priority: 0
  taskPos: 15 taskId: 619 ETC: 234.44 priority: 0
  taskPos: 16 taskId: 476 ETC: 3850.59 priority: 0
  taskPos: 17 taskId: 848 ETC: 578.44 priority: 0
  taskPos: 18 taskId: 559 ETC: 19.97 priority: 0
  taskPos: 19 taskId: 835 ETC: 3129.28 priority: 0
  taskPos: 20 taskId: 1023 ETC: 927.97 priority: 0
  taskPos: 21 taskId: 608 ETC: 714.86 priority: 0
  taskPos: 22 taskId: 830 ETC: 165.33 priority: 0
  taskPos: 23 taskId: 945 ETC: 61.25 priority: 0
  taskPos: 24 taskId: 668 ETC: 2394.38 priority: 0
  taskPos: 25 taskId: 849 ETC: 623.55 priority: 0
  taskPos: 26 taskId: 91 ETC: 596.44 priority: 0
  taskPos: 27 taskId: 611 ETC: 415.05 priority: 0
  taskPos: 28 taskId: 562 ETC: 176.64 priority: 0
  taskPos: 29 taskId: 136 ETC: 165.4 priority: 0
  taskPos: 30 taskId: 940 ETC: 61 priority: 0
> machineId: 9
  taskPos: 0 taskId: 130 ETC: 150.73 priority: 0
  taskPos: 1 taskId: 885 ETC: 687.43 priority: 0
  taskPos: 2 taskId: 809 ETC: 1027.89 priority: 0
  taskPos: 3 taskId: 841 ETC: 1493 priority: 0
  taskPos: 4 taskId: 285 ETC: 19.23 priority: 0
  taskPos: 5 taskId: 169 ETC: 154.82 priority: 0
  taskPos: 6 taskId: 12 ETC: 1360.53 priority: 0
  taskPos: 7 taskId: 953 ETC: 2467.87 priority: 0
  taskPos: 8 taskId: 225 ETC: 5364.74 priority: 0
  taskPos: 9 taskId: 94 ETC: 921.02 priority: 0
  taskPos: 10 taskId: 377 ETC: 2625.23 priority: 0
  taskPos: 11 taskId: 563 ETC: 738.99 priority: 0
  taskPos: 12 taskId: 208 ETC: 6711.3 priority: 0
  taskPos: 13 taskId: 895 ETC: 1122.4 priority: 0
  taskPos: 14 taskId: 306 ETC: 4752.39 priority: 0
  taskPos: 15 taskId: 234 ETC: 1969.9 priority: 0
  taskPos: 16 taskId: 69 ETC: 2206.03 priority: 0
  taskPos: 17 taskId: 159 ETC: 1659.97 priority: 0
  taskPos: 18 taskId: 19 ETC: 5122.9 priority: 0
  taskPos: 19 taskId: 427 ETC: 58.64 priority: 0
  taskPos: 20 taskId: 701 ETC: 3112.09 priority: 0
  taskPos: 21 taskId: 802 ETC: 535.03 priority: 0
  taskPos: 22 taskId: 862 ETC: 4713.47 priority: 0
  taskPos: 23 taskId: 120 ETC: 314.59 priority: 0
  taskPos: 24 taskId: 60 ETC: 2036.3 priority: 0
  taskPos: 25 taskId: 803 ETC: 637.82 priority: 0
  taskPos: 26 taskId: 42 ETC: 6.37 priority: 0
  taskPos: 27 taskId: 601 ETC: 426.62 priority: 0
> machineId: 10
  taskPos: 0 taskId: 783 ETC: 3225.38 priority: 0
  taskPos: 1 taskId: 383 ETC: 192.21 priority: 0
  taskPos: 2 taskId: 786 ETC: 2751.08 priority: 0
  taskPos: 3 taskId: 396 ETC: 375.15 priority: 0
  taskPos: 4 taskId: 855 ETC: 2225.94 priority: 0
  taskPos: 5 taskId: 62 ETC: 3459.62 priority: 0
  taskPos: 6 taskId: 833 ETC: 7082.68 priority: 0
  taskPos: 7 taskId: 162 ETC: 5178.16 priority: 0
  taskPos: 8 taskId: 501 ETC: 1143.45 priority: 0
  taskPos: 9 taskId: 365 ETC: 1461.12 priority: 0
  taskPos: 10 taskId: 710 ETC: 2865.65 priority: 0
  taskPos: 11 taskId: 472 ETC: 1738 priority: 0
  taskPos: 12 taskId: 23 ETC: 2611.32 priority: 0
  taskPos: 13 taskId: 405 ETC: 993.01 priority: 0
  taskPos: 14 taskId: 400 ETC: 124.39 priority: 0
  taskPos: 15 taskId: 352 ETC: 83.92 priority: 0
  taskPos: 16 taskId: 263 ETC: 760.89 priority: 0
  taskPos: 17 taskId: 412 ETC: 1391.58 priority: 0
  taskPos: 18 taskId: 660 ETC: 265.17 priority: 0
  taskPos: 19 taskId: 788 ETC: 4490.23 priority: 0
  taskPos: 20 taskId: 347 ETC: 1568.04 priority: 0
  taskPos: 21 taskId: 961 ETC: 218.92 priority: 0
  taskPos: 22 taskId: 13 ETC: 2306.29 priority: 0
  taskPos: 23 taskId: 898 ETC: 317.15 priority: 0
  taskPos: 24 taskId: 176 ETC: 92.55 priority: 0
  taskPos: 25 taskId: 138 ETC: 446.51 priority: 0
  taskPos: 26 taskId: 659 ETC: 30.98 priority: 0
  taskPos: 27 taskId: 107 ETC: 335.5 priority: 0
  taskPos: 28 taskId: 168 ETC: 964.06 priority: 0
  taskPos: 29 taskId: 532 ETC: 153.72 priority: 0
  taskPos: 30 taskId: 438 ETC: 94.24 priority: 0
  taskPos: 31 taskId: 469 ETC: 1.22 priority: 0
> machineId: 11
  taskPos: 0 taskId: 139 ETC: 2156.69 priority: 0
  taskPos: 1 taskId: 389 ETC: 3369.96 priority: 0
  taskPos: 2 taskId: 801 ETC: 402.83 priority: 0
  taskPos: 3 taskId: 905 ETC: 4762.65 priority: 0
  taskPos: 4 taskId: 815 ETC: 3265.98 priority: 0
  taskPos: 5 taskId: 746 ETC: 1318.77 priority: 0
  taskPos: 6 taskId: 655 ETC: 1924.94 priority: 0
  taskPos: 7 taskId: 775 ETC: 1380.89 priority: 0
  taskPos: 8 taskId: 4 ETC: 1383.02 priority: 0
  taskPos: 9 taskId: 373 ETC: 95.45 priority: 0
  taskPos: 10 taskId: 10 ETC: 2165.02 priority: 0
  taskPos: 11 taskId: 644 ETC: 246.04 priority: 0
  taskPos: 12 taskId: 116 ETC: 1670.05 priority: 0
  taskPos: 13 taskId: 1022 ETC: 276.85 priority: 0
  taskPos: 14 taskId: 415 ETC: 1800.74 priority: 0
  taskPos: 15 taskId: 460 ETC: 273.93 priority: 0
  taskPos: 16 taskId: 514 ETC: 134.64 priority: 0
  taskPos: 17 taskId: 903 ETC: 833.48 priority: 0
  taskPos: 18 taskId: 98 ETC: 139.13 priority: 0
  taskPos: 19 taskId: 742 ETC: 2701.66 priority: 0
  taskPos: 20 taskId: 134 ETC: 763.82 priority: 0
  taskPos: 21 taskId: 679 ETC: 1750.67 priority: 0
  taskPos: 22 taskId: 751 ETC: 382.62 priority: 0
  taskPos: 23 taskId: 475 ETC: 1830.56 priority: 0
  taskPos: 24 taskId: 86 ETC: 571.43 priority: 0
  taskPos: 25 taskId: 526 ETC: 1710.64 priority: 0
  taskPos: 26 taskId: 941 ETC: 2389.04 priority: 0
  taskPos: 27 taskId: 364 ETC: 778.54 priority: 0
  taskPos: 28 taskId: 399 ETC: 968.37 priority: 0
  taskPos: 29 taskId: 656 ETC: 2488.88 priority: 0
  taskPos: 30 taskId: 261 ETC: 3760.07 priority: 0
  taskPos: 31 taskId: 770 ETC: 2563.41 priority: 0
  taskPos: 32 taskId: 435 ETC: 1586.9 priority: 0
  taskPos: 33 taskId: 229 ETC: 472.31 priority: 0
> machineId: 12
  taskPos: 0 taskId: 375 ETC: 3374.15 priority: 0
  taskPos: 1 taskId: 704 ETC: 302.56 priority: 0
  taskPos: 2 taskId: 363 ETC: 1884.68 priority: 0
  taskPos: 3 taskId: 669 ETC: 3051.13 priority: 0
  taskPos: 4 taskId: 988 ETC: 3152.93 priority: 0
  taskPos: 5 taskId: 1 ETC: 3572.62 priority: 0
  taskPos: 6 taskId: 965 ETC: 13176 priority: 0
  taskPos: 7 taskId: 344 ETC: 4750.23 priority: 0
  taskPos: 8 taskId: 211 ETC: 4193.25 priority: 0
  taskPos: 9 taskId: 106 ETC: 1476.67 priority: 0
  taskPos: 10 taskId: 80 ETC: 773.88 priority: 0
  taskPos: 11 taskId: 227 ETC: 823.37 priority: 0
  taskPos: 12 taskId: 167 ETC: 132.69 priority: 0
  taskPos: 13 taskId: 351 ETC: 3543.42 priority: 0
  taskPos: 14 taskId: 50 ETC: 394.6 priority: 0
  taskPos: 15 taskId: 61 ETC: 91.2 priority: 0
  taskPos: 16 taskId: 210 ETC: 170.94 priority: 0
  taskPos: 17 taskId: 246 ETC: 737.38 priority: 0
  taskPos: 18 taskId: 239 ETC: 690.33 priority: 0
  taskPos: 19 taskId: 651 ETC: 1086.12 priority: 0
  taskPos: 20 taskId: 766 ETC: 393.52 priority: 0
  taskPos: 21 taskId: 439 ETC: 1091.85 priority: 0
  taskPos: 22 taskId: 799 ETC: 572.26 priority: 0
  taskPos: 23 taskId: 257 ETC: 1636.45 priority: 0
> machineId: 13
  taskPos: 0 taskId: 171 ETC: 4115.2 priority: 0
  taskPos: 1 taskId: 421 ETC: 2936 priority: 0
  taskPos: 2 taskId: 133 ETC: 1658.27 priority: 0
  taskPos: 3 taskId: 916 ETC: 1833.48 priority: 0
  taskPos: 4 taskId: 730 ETC: 17.47 priority: 0
  taskPos: 5 taskId: 919 ETC: 2989.08 priority: 0
  taskPos: 6 taskId: 778 ETC: 1493.46 priority: 0
  taskPos: 7 taskId: 20 ETC: 2937.61 priority: 0
  taskPos: 8 taskId: 970 ETC: 3029.63 priority: 0
  taskPos: 9 taskId: 1008 ETC: 1205.08 priority: 0
  taskPos: 10 taskId: 517 ETC: 441.84 priority: 0
  taskPos: 11 taskId: 220 ETC: 1837.64 priority: 0
  taskPos: 12 taskId: 332 ETC: 261.38 priority: 0
  taskPos: 13 taskId: 128 ETC: 170.16 priority: 0
  taskPos: 14 taskId: 966 ETC: 34.31 priority: 0
  taskPos: 15 taskId: 935 ETC: 3442.86 priority: 0
  taskPos: 16 taskId: 544 ETC: 5560.29 priority: 0
  taskPos: 17 taskId: 932 ETC: 3532.46 priority: 0
  taskPos: 18 taskId: 247 ETC: 3095.34 priority: 0
  taskPos: 19 taskId: 829 ETC: 540.47 priority: 0
  taskPos: 20 taskId: 403 ETC: 419.24 priority: 0
  taskPos: 21 taskId: 411 ETC: 44.38 priority: 0
  taskPos: 22 taskId: 43 ETC: 681.79 priority: 0
  taskPos: 23 taskId: 906 ETC: 3733.29 priority: 0
  taskPos: 24 taskId: 613 ETC: 283.42 priority: 0
  taskPos: 25 taskId: 431 ETC: 528.66 priority: 0
  taskPos: 26 taskId: 662 ETC: 1889.81 priority: 0
  taskPos: 27 taskId: 307 ETC: 151.96 priority: 0
  taskPos: 28 taskId: 529 ETC: 334.62 priority: 0
  taskPos: 29 taskId: 875 ETC: 53.98 priority: 0
  taskPos: 30 taskId: 446 ETC: 827.78 priority: 0
  taskPos: 31 taskId: 228 ETC: 324.91 priority: 0
  taskPos: 32 taskId: 694 ETC: 47.53 priority: 0
  taskPos: 33 taskId: 821 ETC: 35.69 priority: 0
  taskPos: 34 taskId: 569 ETC: 1564.41 priority: 0
  taskPos: 35 taskId: 1006 ETC: 127.93 priority: 0
> machineId: 14
  taskPos: 0 taskId: 673 ETC: 6536.58 priority: 0
  taskPos: 1 taskId: 1000 ETC: 3134.6 priority: 0
  taskPos: 2 taskId: 260 ETC: 4598.08 priority: 0
  taskPos: 3 taskId: 198 ETC: 125.45 priority: 0
  taskPos: 4 taskId: 944 ETC: 2566.83 priority: 0
  taskPos: 5 taskId: 652 ETC: 2253.76 priority: 0
  taskPos: 6 taskId: 303 ETC: 167.29 priority: 0
  taskPos: 7 taskId: 146 ETC: 51.91 priority: 0
  taskPos: 8 taskId: 24 ETC: 3139.12 priority: 0
  taskPos: 9 taskId: 902 ETC: 262.65 priority: 0
  taskPos: 10 taskId: 920 ETC: 272.24 priority: 0
  taskPos: 11 taskId: 634 ETC: 1062.93 priority: 0
  taskPos: 12 taskId: 711 ETC: 1313.91 priority: 0
  taskPos: 13 taskId: 929 ETC: 1458.86 priority: 0
  taskPos: 14 taskId: 823 ETC: 1609.51 priority: 0
  taskPos: 15 taskId: 811 ETC: 10749.4 priority: 0
  taskPos: 16 taskId: 603 ETC: 9055.83 priority: 0
  taskPos: 17 taskId: 124 ETC: 833.32 priority: 0
  taskPos: 18 taskId: 687 ETC: 1437.88 priority: 0
> machineId: 15
  taskPos: 0 taskId: 675 ETC: 395.69 priority: 0
  taskPos: 1 taskId: 68 ETC: 579.35 priority: 0
  taskPos: 2 taskId: 330 ETC: 6785.77 priority: 0
  taskPos: 3 taskId: 578 ETC: 663.16 priority: 0
  taskPos: 4 taskId: 890 ETC: 234.98 priority: 0
  taskPos: 5 taskId: 1007 ETC: 1954.45 priority: 0
  taskPos: 6 taskId: 255 ETC: 2307.41 priority: 0
  taskPos: 7 taskId: 979 ETC: 1468.07 priority: 0
  taskPos: 8 taskId: 90 ETC: 432.76 priority: 0
  taskPos: 9 taskId: 843 ETC: 23.83 priority: 0
  taskPos: 10 taskId: 598 ETC: 755.06 priority: 0
  taskPos: 11 taskId: 509 ETC: 1857.99 priority: 0
  taskPos: 12 taskId: 907 ETC: 157.78 priority: 0
  taskPos: 13 taskId: 25 ETC: 823.78 priority: 0
  taskPos: 14 taskId: 590 ETC: 3000.88 priority: 0
  taskPos: 15 taskId: 745 ETC: 1792.76 priority: 0
  taskPos: 16 taskId: 387 ETC: 2596.1 priority: 0
  taskPos: 17 taskId: 950 ETC: 4951.3 priority: 0
  taskPos: 18 taskId: 534 ETC: 323.17 priority: 0
  taskPos: 19 taskId: 879 ETC: 1677.89 priority: 0
  taskPos: 20 taskId: 558 ETC: 63.5 priority: 0
  taskPos: 21 taskId: 964 ETC: 2778.91 priority: 0
  taskPos: 22 taskId: 296 ETC: 1662.73 priority: 0
  taskPos: 23 taskId: 797 ETC: 321.82 priority: 0
  taskPos: 24 taskId: 500 ETC: 1010.71 priority: 0
  taskPos: 25 taskId: 267 ETC: 104.9 priority: 0
  taskPos: 26 taskId: 380 ETC: 251.14 priority: 0
  taskPos: 27 taskId: 422 ETC: 1453.48 priority: 0
  taskPos: 28 taskId: 670 ETC: 3389.89 priority: 0
  taskPos: 29 taskId: 851 ETC: 490.02 priority: 0
  taskPos: 30 taskId: 541 ETC: 2362.89 priority: 0
  taskPos: 31 taskId: 765 ETC: 1097.73 priority: 0
  taskPos: 32 taskId: 404 ETC: 1.19 priority: 0
  taskPos: 33 taskId: 661 ETC: 1554.89 priority: 0
  taskPos: 34 taskId: 135 ETC: 43.85 priority: 0
  taskPos: 35 taskId: 1003 ETC: 251.13 priority: 0
  taskPos: 36 taskId: 419 ETC: 530.45 priority: 0
  taskPos: 37 taskId: 44 ETC: 84.03 priority: 0
  taskPos: 38 taskId: 156 ETC: 33.43 priority: 0
  taskPos: 39 taskId: 395 ETC: 348.63 priority: 0
  taskPos: 40 taskId: 927 ETC: 269.4 priority: 0
  taskPos: 41 taskId: 740 ETC: 40.38 priority: 0
  taskPos: 42 taskId: 140 ETC: 3.86 priority: 0
> machineId: 16
  taskPos: 0 taskId: 937 ETC: 1486.84 priority: 0
  taskPos: 1 taskId: 714 ETC: 640.84 priority: 0
  taskPos: 2 taskId: 41 ETC: 2951.88 priority: 0
  taskPos: 3 taskId: 243 ETC: 4507.16 priority: 0
  taskPos: 4 taskId: 324 ETC: 9.28 priority: 0
  taskPos: 5 taskId: 236 ETC: 1898.05 priority: 0
  taskPos: 6 taskId: 28 ETC: 551.39 priority: 0
  taskPos: 7 taskId: 1020 ETC: 1149.25 priority: 0
  taskPos: 8 taskId: 271 ETC: 717.02 priority: 0
  taskPos: 9 taskId: 798 ETC: 3228.44 priority: 0
  taskPos: 10 taskId: 506 ETC: 3564.03 priority: 0
  taskPos: 11 taskId: 496 ETC: 999.68 priority: 0
  taskPos: 12 taskId: 790 ETC: 502.75 priority: 0
  taskPos: 13 taskId: 470 ETC: 1063.35 priority: 0
  taskPos: 14 taskId: 847 ETC: 2930.02 priority: 0
  taskPos: 15 taskId: 59 ETC: 4299.42 priority: 0
  taskPos: 16 taskId: 202 ETC: 1096.97 priority: 0
  taskPos: 17 taskId: 519 ETC: 945.68 priority: 0
  taskPos: 18 taskId: 440 ETC: 1858.46 priority: 0
  taskPos: 19 taskId: 268 ETC: 1401.25 priority: 0
  taskPos: 20 taskId: 647 ETC: 484.65 priority: 0
  taskPos: 21 taskId: 719 ETC: 1569.47 priority: 0
  taskPos: 22 taskId: 812 ETC: 2655.62 priority: 0
  taskPos: 23 taskId: 432 ETC: 393.97 priority: 0
  taskPos: 24 taskId: 791 ETC: 1234.79 priority: 0
  taskPos: 25 taskId: 831 ETC: 127 priority: 0
  taskPos: 26 taskId: 844 ETC: 93.07 priority: 0
  taskPos: 27 taskId: 127 ETC: 158.45 priority: 0
  taskPos: 28 taskId: 731 ETC: 211.54 priority: 0
  taskPos: 29 taskId: 757 ETC: 3021.82 priority: 0
  taskPos: 30 taskId: 756 ETC: 291.13 priority: 0
  taskPos: 31 taskId: 877 ETC: 614.68 priority: 0
  taskPos: 32 taskId: 872 ETC: 114.04 priority: 0
  taskPos: 33 taskId: 84 ETC: 2451.2 priority: 0
  taskPos: 34 taskId: 319 ETC: 2830.96 priority: 0
> machineId: 17
  taskPos: 0 taskId: 195 ETC: 531.76 priority: 0
  taskPos: 1 taskId: 188 ETC: 1247.89 priority: 0
  taskPos: 2 taskId: 155 ETC: 1062.45 priority: 0
  taskPos: 3 taskId: 732 ETC: 570.01 priority: 0
  taskPos: 4 taskId: 478 ETC: 416.6 priority: 0
  taskPos: 5 taskId: 391 ETC: 2332.37 priority: 0
  taskPos: 6 taskId: 45 ETC: 2050.01 priority: 0
  taskPos: 7 taskId: 921 ETC: 391.95 priority: 0
  taskPos: 8 taskId: 588 ETC: 6536.19 priority: 0
  taskPos: 9 taskId: 832 ETC: 227.95 priority: 0
  taskPos: 10 taskId: 279 ETC: 1705.79 priority: 0
  taskPos: 11 taskId: 531 ETC: 13659.2 priority: 0
  taskPos: 12 taskId: 990 ETC: 2667.93 priority: 0
  taskPos: 13 taskId: 232 ETC: 328.1 priority: 0
  taskPos: 14 taskId: 707 ETC: 1923.44 priority: 0
  taskPos: 15 taskId: 724 ETC: 154.5 priority: 0
  taskPos: 16 taskId: 76 ETC: 10888.7 priority: 0
  taskPos: 17 taskId: 148 ETC: 490.35 priority: 0
  taskPos: 18 taskId: 461 ETC: 475.76 priority: 0
  taskPos: 19 taskId: 406 ETC: 1110.96 priority: 0
  taskPos: 20 taskId: 18 ETC: 2504.19 priority: 0
  taskPos: 21 taskId: 696 ETC: 76.98 priority: 0
  taskPos: 22 taskId: 222 ETC: 1367.55 priority: 0
> machineId: 18
  taskPos: 0 taskId: 827 ETC: 1376.34 priority: 0
  taskPos: 1 taskId: 866 ETC: 857.58 priority: 0
  taskPos: 2 taskId: 934 ETC: 8826.26 priority: 0
  taskPos: 3 taskId: 9 ETC: 1601.55 priority: 0
  taskPos: 4 taskId: 633 ETC: 122.79 priority: 0
  taskPos: 5 taskId: 287 ETC: 320.51 priority: 0
  taskPos: 6 taskId: 341 ETC: 544.75 priority: 0
  taskPos: 7 taskId: 73 ETC: 1859.48 priority: 0
  taskPos: 8 taskId: 836 ETC: 2138.12 priority: 0
  taskPos: 9 taskId: 445 ETC: 3963.45 priority: 0
  taskPos: 10 taskId: 981 ETC: 2579 priority: 0
  taskPos: 11 taskId: 896 ETC: 924 priority: 0
  taskPos: 12 taskId: 643 ETC: 1706.45 priority: 0
  taskPos: 13 taskId: 516 ETC: 3303.12 priority: 0
  taskPos: 14 taskId: 580 ETC: 2272.07 priority: 0
  taskPos: 15 taskId: 963 ETC: 684.75 priority: 0
  taskPos: 16 taskId: 850 ETC: 4347.51 priority: 0
  taskPos: 17 taskId: 258 ETC: 1961.56 priority: 0
  taskPos: 18 taskId: 819 ETC: 1164.2 priority: 0
  taskPos: 19 taskId: 667 ETC: 246.73 priority: 0
  taskPos: 20 taskId: 392 ETC: 624.54 priority: 0
  taskPos: 21 taskId: 737 ETC: 744.16 priority: 0
  taskPos: 22 taskId: 430 ETC: 1325.46 priority: 0
  taskPos: 23 taskId: 410 ETC: 266.21 priority: 0
  taskPos: 24 taskId: 489 ETC: 631.09 priority: 0
  taskPos: 25 taskId: 725 ETC: 283.8 priority: 0
  taskPos: 26 taskId: 170 ETC: 1277.33 priority: 0
  taskPos: 27 taskId: 150 ETC: 1134.77 priority: 0
  taskPos: 28 taskId: 947 ETC: 250.43 priority: 0
  taskPos: 29 taskId: 891 ETC: 479.33 priority: 0
  taskPos: 30 taskId: 876 ETC: 301.4 priority: 0
  taskPos: 31 taskId: 455 ETC: 410.47 priority: 0
  taskPos: 32 taskId: 129 ETC: 176.84 priority: 0
  taskPos: 33 taskId: 273 ETC: 48.12 priority: 0
  taskPos: 34 taskId: 782 ETC: 448.82 priority: 0
  taskPos: 35 taskId: 911 ETC: 13.42 priority: 0
  taskPos: 36 taskId: 968 ETC: 83.24 priority: 0
  taskPos: 37 taskId: 604 ETC: 1399.68 priority: 0
  taskPos: 38 taskId: 426 ETC: 812.8 priority: 0
  taskPos: 39 taskId: 498 ETC: 363.14 priority: 0
> machineId: 19
  taskPos: 0 taskId: 607 ETC: 168.78 priority: 0
  taskPos: 1 taskId: 814 ETC: 18.7 priority: 0
  taskPos: 2 taskId: 681 ETC: 155.91 priority: 0
  taskPos: 3 taskId: 30 ETC: 179.16 priority: 0
  taskPos: 4 taskId: 550 ETC: 49.31 priority: 0
  taskPos: 5 taskId: 203 ETC: 3745.18 priority: 0
  taskPos: 6 taskId: 763 ETC: 857.23 priority: 0
  taskPos: 7 taskId: 36 ETC: 532.93 priority: 0
  taskPos: 8 taskId: 834 ETC: 2408.37 priority: 0
  taskPos: 9 taskId: 741 ETC: 927.96 priority: 0
  taskPos: 10 taskId: 452 ETC: 1030.4 priority: 0
  taskPos: 11 taskId: 474 ETC: 78.76 priority: 0
  taskPos: 12 taskId: 77 ETC: 3267.47 priority: 0
  taskPos: 13 taskId: 393 ETC: 1200.77 priority: 0
  taskPos: 14 taskId: 217 ETC: 9451.44 priority: 0
  taskPos: 15 taskId: 530 ETC: 148.68 priority: 0
  taskPos: 16 taskId: 329 ETC: 1209.3 priority: 0
  taskPos: 17 taskId: 278 ETC: 832.35 priority: 0
  taskPos: 18 taskId: 873 ETC: 2917.65 priority: 0
  taskPos: 19 taskId: 922 ETC: 544.72 priority: 0
  taskPos: 20 taskId: 327 ETC: 806.67 priority: 0
  taskPos: 21 taskId: 370 ETC: 253.5 priority: 0
  taskPos: 22 taskId: 101 ETC: 391.38 priority: 0
  taskPos: 23 taskId: 691 ETC: 186.09 priority: 0
  taskPos: 24 taskId: 1021 ETC: 458.22 priority: 0
  taskPos: 25 taskId: 973 ETC: 2748.38 priority: 0
  taskPos: 26 taskId: 53 ETC: 109.32 priority: 0
  taskPos: 27 taskId: 706 ETC: 41.51 priority: 0
  taskPos: 28 taskId: 928 ETC: 126.68 priority: 0
  taskPos: 29 taskId: 825 ETC: 1524.78 priority: 0
  taskPos: 30 taskId: 886 ETC: 2531.66 priority: 0
  taskPos: 31 taskId: 650 ETC: 414.96 priority: 0
  taskPos: 32 taskId: 8 ETC: 2944.87 priority: 0
  taskPos: 33 taskId: 871 ETC: 49.45 priority: 0
  taskPos: 34 taskId: 230 ETC: 1249.96 priority: 0
  taskPos: 35 taskId: 939 ETC: 3109.42 priority: 0
  taskPos: 36 taskId: 89 ETC: 2369.08 priority: 0
  taskPos: 37 taskId: 755 ETC: 2259.48 priority: 0
> machineId: 20
  taskPos: 0 taskId: 695 ETC: 3444.46 priority: 0
  taskPos: 1 taskId: 280 ETC: 3914.94 priority: 0
  taskPos: 2 taskId: 180 ETC: 4709.95 priority: 0
  taskPos: 3 taskId: 166 ETC: 1954.03 priority: 0
  taskPos: 4 taskId: 523 ETC: 3971.04 priority: 0
  taskPos: 5 taskId: 48 ETC: 1400.38 priority: 0
  taskPos: 6 taskId: 785 ETC: 762.55 priority: 0
  taskPos: 7 taskId: 772 ETC: 2591.21 priority: 0
  taskPos: 8 taskId: 864 ETC: 2630.9 priority: 0
  taskPos: 9 taskId: 334 ETC: 570.16 priority: 0
  taskPos: 10 taskId: 971 ETC: 1192.1 priority: 0
  taskPos: 11 taskId: 39 ETC: 2330.38 priority: 0
  taskPos: 12 taskId: 794 ETC: 1141.2 priority: 0
  taskPos: 13 taskId: 599 ETC: 2560.03 priority: 0
  taskPos: 14 taskId: 402 ETC: 984.8 priority: 0
  taskPos: 15 taskId: 358 ETC: 1637.08 priority: 0
  taskPos: 16 taskId: 1016 ETC: 5497 priority: 0
  taskPos: 17 taskId: 502 ETC: 2772.76 priority: 0
  taskPos: 18 taskId: 85 ETC: 116.83 priority: 0
  taskPos: 19 taskId: 304 ETC: 321.02 priority: 0
  taskPos: 20 taskId: 986 ETC: 928.39 priority: 0
  taskPos: 21 taskId: 325 ETC: 478.7 priority: 0
  taskPos: 22 taskId: 637 ETC: 1842.44 priority: 0
  taskPos: 23 taskId: 368 ETC: 461.81 priority: 0
  taskPos: 24 taskId: 93 ETC: 618.27 priority: 0
  taskPos: 25 taskId: 639 ETC: 885.97 priority: 0
  taskPos: 26 taskId: 70 ETC: 376.39 priority: 0
  taskPos: 27 taskId: 942 ETC: 401.99 priority: 0
  taskPos: 28 taskId: 215 ETC: 507.98 priority: 0
> machineId: 21
  taskPos: 0 taskId: 892 ETC: 3355.35 priority: 0
  taskPos: 1 taskId: 163 ETC: 3860.7 priority: 0
  taskPos: 2 taskId: 723 ETC: 2438.18 priority: 0
  taskPos: 3 taskId: 450 ETC: 4054.96 priority: 0
  taskPos: 4 taskId: 104 ETC: 611 priority: 0
  taskPos: 5 taskId: 880 ETC: 7904.51 priority: 0
  taskPos: 6 taskId: 543 ETC: 226.68 priority: 0
  taskPos: 7 taskId: 490 ETC: 606.92 priority: 0
  taskPos: 8 taskId: 290 ETC: 24.39 priority: 0
  taskPos: 9 taskId: 805 ETC: 669.48 priority: 0
  taskPos: 10 taskId: 103 ETC: 3808.73 priority: 0
  taskPos: 11 taskId: 81 ETC: 1086.9 priority: 0
  taskPos: 12 taskId: 32 ETC: 1035.49 priority: 0
  taskPos: 13 taskId: 837 ETC: 2646.66 priority: 0
  taskPos: 14 taskId: 144 ETC: 2577.68 priority: 0
  taskPos: 15 taskId: 487 ETC: 1338.4 priority: 0
  taskPos: 16 taskId: 237 ETC: 172.01 priority: 0
  taskPos: 17 taskId: 11 ETC: 526.45 priority: 0
  taskPos: 18 taskId: 628 ETC: 2179.08 priority: 0
  taskPos: 19 taskId: 793 ETC: 933.7 priority: 0
  taskPos: 20 taskId: 931 ETC: 1.43 priority: 0
  taskPos: 21 taskId: 533 ETC: 735.71 priority: 0
  taskPos: 22 taskId: 204 ETC: 1212.58 priority: 0
  taskPos: 23 taskId: 262 ETC: 549.51 priority: 0
  taskPos: 24 taskId: 774 ETC: 4375.6 priority: 0
  taskPos: 25 taskId: 333 ETC: 65.31 priority: 0
  taskPos: 26 taskId: 646 ETC: 1023.43 priority: 0
  taskPos: 27 taskId: 915 ETC: 1215.44 priority: 0
  taskPos: 28 taskId: 564 ETC: 677.8 priority: 0
  taskPos: 29 taskId: 436 ETC: 464.71 priority: 0
> machineId: 22
  taskPos: 0 taskId: 464 ETC: 1527.96 priority: 0
  taskPos: 1 taskId: 424 ETC: 1734.96 priority: 0
  taskPos: 2 taskId: 1019 ETC: 350.41 priority: 0
  taskPos: 3 taskId: 454 ETC: 8434.47 priority: 0
  taskPos: 4 taskId: 374 ETC: 100.47 priority: 0
  taskPos: 5 taskId: 342 ETC: 3602.17 priority: 0
  taskPos: 6 taskId: 952 ETC: 71.63 priority: 0
  taskPos: 7 taskId: 132 ETC: 476.43 priority: 0
  taskPos: 8 taskId: 693 ETC: 1524.97 priority: 0
  taskPos: 9 taskId: 593 ETC: 15817.6 priority: 0
  taskPos: 10 taskId: 567 ETC: 1221.47 priority: 0
  taskPos: 11 taskId: 918 ETC: 85.48 priority: 0
  taskPos: 12 taskId: 820 ETC: 2784.74 priority: 0
  taskPos: 13 taskId: 904 ETC: 2320.95 priority: 0
  taskPos: 14 taskId: 480 ETC: 350.42 priority: 0
  taskPos: 15 taskId: 360 ETC: 175.5 priority: 0
  taskPos: 16 taskId: 216 ETC: 908.49 priority: 0
  taskPos: 17 taskId: 893 ETC: 1049.26 priority: 0
  taskPos: 18 taskId: 943 ETC: 352.22 priority: 0
  taskPos: 19 taskId: 355 ETC: 381.87 priority: 0
  taskPos: 20 taskId: 118 ETC: 2714.56 priority: 0
  taskPos: 21 taskId: 348 ETC: 172.32 priority: 0
  taskPos: 22 taskId: 524 ETC: 1821.68 priority: 0
  taskPos: 23 taskId: 520 ETC: 645.79 priority: 0
  taskPos: 24 taskId: 79 ETC: 3466.39 priority: 0
  taskPos: 25 taskId: 539 ETC: 614.89 priority: 0
> machineId: 23
  taskPos: 0 taskId: 298 ETC: 1347.05 priority: 0
  taskPos: 1 taskId: 629 ETC: 1400.65 priority: 0
  taskPos: 2 taskId: 777 ETC: 604.05 priority: 0
  taskPos: 3 taskId: 511 ETC: 951.4 priority: 0
  taskPos: 4 taskId: 259 ETC: 3995.23 priority: 0
  taskPos: 5 taskId: 151 ETC: 1539.29 priority: 0
  taskPos: 6 taskId: 102 ETC: 5397.7 priority: 0
  taskPos: 7 taskId: 83 ETC: 549.69 priority: 0
  taskPos: 8 taskId: 983 ETC: 107.66 priority: 0
  taskPos: 9 taskId: 141 ETC: 2169.75 priority: 0
  taskPos: 10 taskId: 572 ETC: 269.6 priority: 0
  taskPos: 11 taskId: 689 ETC: 1129.04 priority: 0
  taskPos: 12 taskId: 381 ETC: 129.08 priority: 0
  taskPos: 13 taskId: 958 ETC: 310.48 priority: 0
  taskPos: 14 taskId: 345 ETC: 3425.97 priority: 0
  taskPos: 15 taskId: 816 ETC: 995.55 priority: 0
  taskPos: 16 taskId: 959 ETC: 1110.45 priority: 0
  taskPos: 17 taskId: 586 ETC: 5100.2 priority: 0
  taskPos: 18 taskId: 758 ETC: 106.69 priority: 0
  taskPos: 19 taskId: 314 ETC: 736.37 priority: 0
  taskPos: 20 taskId: 975 ETC: 899.08 priority: 0
  taskPos: 21 taskId: 686 ETC: 3673.07 priority: 0
  taskPos: 22 taskId: 838 ETC: 377.83 priority: 0
  taskPos: 23 taskId: 998 ETC: 1711.91 priority: 0
  taskPos: 24 taskId: 21 ETC: 610.92 priority: 0
  taskPos: 25 taskId: 721 ETC: 908.43 priority: 0
  taskPos: 26 taskId: 717 ETC: 1470.11 priority: 0
  taskPos: 27 taskId: 888 ETC: 812.17 priority: 0
  taskPos: 28 taskId: 808 ETC: 55.13 priority: 0
  taskPos: 29 taskId: 897 ETC: 539.67 priority: 0
  taskPos: 30 taskId: 49 ETC: 436.02 priority: 0
  taskPos: 31 taskId: 882 ETC: 7289.01 priority: 0
  taskPos: 32 taskId: 908 ETC: 122.48 priority: 0
  taskPos: 33 taskId: 154 ETC: 205.34 priority: 0
  taskPos: 34 taskId: 824 ETC: 235.24 priority: 0
  taskPos: 35 taskId: 1018 ETC: 1019.77 priority: 0
  taskPos: 36 taskId: 744 ETC: 644.42 priority: 0
> machineId: 24
  taskPos: 0 taskId: 956 ETC: 31.21 priority: 0
  taskPos: 1 taskId: 867 ETC: 3793.68 priority: 0
  taskPos: 2 taskId: 909 ETC: 521.82 priority: 0
  taskPos: 3 taskId: 309 ETC: 330.88 priority: 0
  taskPos: 4 taskId: 938 ETC: 376.79 priority: 0
  taskPos: 5 taskId: 818 ETC: 2100.66 priority: 0
  taskPos: 6 taskId: 218 ETC: 1943.07 priority: 0
  taskPos: 7 taskId: 40 ETC: 1890.62 priority: 0
  taskPos: 8 taskId: 456 ETC: 308.54 priority: 0
  taskPos: 9 taskId: 349 ETC: 1898 priority: 0
  taskPos: 10 taskId: 366 ETC: 4519.38 priority: 0
  taskPos: 11 taskId: 554 ETC: 1754.86 priority: 0
  taskPos: 12 taskId: 899 ETC: 6345.59 priority: 0
  taskPos: 13 taskId: 209 ETC: 901.96 priority: 0
  taskPos: 14 taskId: 536 ETC: 372.82 priority: 0
  taskPos: 15 taskId: 254 ETC: 3237.17 priority: 0
  taskPos: 16 taskId: 181 ETC: 1962.31 priority: 0
  taskPos: 17 taskId: 110 ETC: 3247.93 priority: 0
  taskPos: 18 taskId: 641 ETC: 361.97 priority: 0
  taskPos: 19 taskId: 213 ETC: 913.11 priority: 0
  taskPos: 20 taskId: 92 ETC: 327.77 priority: 0
  taskPos: 21 taskId: 1004 ETC: 403.74 priority: 0
  taskPos: 22 taskId: 416 ETC: 2358.04 priority: 0
  taskPos: 23 taskId: 894 ETC: 483.26 priority: 0
  taskPos: 24 taskId: 987 ETC: 3554.12 priority: 0
  taskPos: 25 taskId: 292 ETC: 1451.53 priority: 0
  taskPos: 26 taskId: 384 ETC: 953.11 priority: 0
  taskPos: 27 taskId: 548 ETC: 374.07 priority: 0
  taskPos: 28 taskId: 884 ETC: 724.92 priority: 0
  taskPos: 29 taskId: 269 ETC: 821.28 priority: 0
  taskPos: 30 taskId: 665 ETC: 133.63 priority: 0
  taskPos: 31 taskId: 776 ETC: 3473.28 priority: 0
  taskPos: 32 taskId: 264 ETC: 667.58 priority: 0
  taskPos: 33 taskId: 274 ETC: 52.55 priority: 0
  taskPos: 34 taskId: 499 ETC: 134.75 priority: 0
> machineId: 25
  taskPos: 0 taskId: 703 ETC: 698.47 priority: 0
  taskPos: 1 taskId: 463 ETC: 2454.29 priority: 0
  taskPos: 2 taskId: 615 ETC: 966.96 priority: 0
  taskPos: 3 taskId: 357 ETC: 1131.63 priority: 0
  taskPos: 4 taskId: 574 ETC: 5074.42 priority: 0
  taskPos: 5 taskId: 34 ETC: 451.44 priority: 0
  taskPos: 6 taskId: 390 ETC: 457.5 priority: 0
  taskPos: 7 taskId: 645 ETC: 2438.32 priority: 0
  taskPos: 8 taskId: 822 ETC: 3274.98 priority: 0
  taskPos: 9 taskId: 82 ETC: 275.79 priority: 0
  taskPos: 10 taskId: 618 ETC: 5494.46 priority: 0
  taskPos: 11 taskId: 114 ETC: 1161.02 priority: 0
  taskPos: 12 taskId: 535 ETC: 2366.04 priority: 0
  taskPos: 13 taskId: 584 ETC: 2217.51 priority: 0
  taskPos: 14 taskId: 495 ETC: 12979.2 priority: 0
  taskPos: 15 taskId: 738 ETC: 10631.8 priority: 0
  taskPos: 16 taskId: 376 ETC: 160.18 priority: 0
> machineId: 26
  taskPos: 0 taskId: 174 ETC: 344.23 priority: 0
  taskPos: 1 taskId: 55 ETC: 4742.33 priority: 0
  taskPos: 2 taskId: 571 ETC: 1462.93 priority: 0
  taskPos: 3 taskId: 105 ETC: 254.44 priority: 0
  taskPos: 4 taskId: 326 ETC: 2323.27 priority: 0
  taskPos: 5 taskId: 663 ETC: 192.46 priority: 0
  taskPos: 6 taskId: 767 ETC: 1911.62 priority: 0
  taskPos: 7 taskId: 465 ETC: 6988.42 priority: 0
  taskPos: 8 taskId: 72 ETC: 249.31 priority: 0
  taskPos: 9 taskId: 962 ETC: 4111.82 priority: 0
  taskPos: 10 taskId: 840 ETC: 290.1 priority: 0
  taskPos: 11 taskId: 722 ETC: 1942.02 priority: 0
  taskPos: 12 taskId: 386 ETC: 1237.64 priority: 0
  taskPos: 13 taskId: 281 ETC: 340.53 priority: 0
  taskPos: 14 taskId: 946 ETC: 715.7 priority: 0
  taskPos: 15 taskId: 244 ETC: 1882.23 priority: 0
  taskPos: 16 taskId: 1005 ETC: 2146.14 priority: 0
  taskPos: 17 taskId: 678 ETC: 10232.7 priority: 0
  taskPos: 18 taskId: 989 ETC: 831.32 priority: 0
  taskPos: 19 taskId: 991 ETC: 7952.87 priority: 0
  taskPos: 20 taskId: 727 ETC: 622.95 priority: 0
> machineId: 27
  taskPos: 0 taskId: 142 ETC: 241.72 priority: 0
  taskPos: 1 taskId: 658 ETC: 595.51 priority: 0
  taskPos: 2 taskId: 56 ETC: 3264.87 priority: 0
  taskPos: 3 taskId: 1012 ETC: 6113.07 priority: 0
  taskPos: 4 taskId: 528 ETC: 1684.56 priority: 0
  taskPos: 5 taskId: 565 ETC: 988.53 priority: 0
  taskPos: 6 taskId: 994 ETC: 1187.27 priority: 0
  taskPos: 7 taskId: 486 ETC: 113 priority: 0
  taskPos: 8 taskId: 359 ETC: 340.27 priority: 0
  taskPos: 9 taskId: 196 ETC: 430.43 priority: 0
  taskPos: 10 taskId: 743 ETC: 619.86 priority: 0
  taskPos: 11 taskId: 425 ETC: 597.29 priority: 0
  taskPos: 12 taskId: 515 ETC: 519.74 priority: 0
  taskPos: 13 taskId: 434 ETC: 392.68 priority: 0
  taskPos: 14 taskId: 859 ETC: 3528.37 priority: 0
  taskPos: 15 taskId: 276 ETC: 503.28 priority: 0
  taskPos: 16 taskId: 468 ETC: 3734.8 priority: 0
  taskPos: 17 taskId: 683 ETC: 467.02 priority: 0
  taskPos: 18 taskId: 78 ETC: 2964.11 priority: 0
  taskPos: 19 taskId: 754 ETC: 1759.9 priority: 0
  taskPos: 20 taskId: 429 ETC: 3811.8 priority: 0
  taskPos: 21 taskId: 525 ETC: 1664.41 priority: 0
  taskPos: 22 taskId: 467 ETC: 704.83 priority: 0
  taskPos: 23 taskId: 870 ETC: 372.76 priority: 0
  taskPos: 24 taskId: 773 ETC: 269.91 priority: 0
  taskPos: 25 taskId: 522 ETC: 459.74 priority: 0
  taskPos: 26 taskId: 241 ETC: 500.81 priority: 0
  taskPos: 27 taskId: 252 ETC: 745.04 priority: 0
  taskPos: 28 taskId: 284 ETC: 1589.23 priority: 0
  taskPos: 29 taskId: 444 ETC: 1764.4 priority: 0
  taskPos: 30 taskId: 15 ETC: 226.53 priority: 0
  taskPos: 31 taskId: 709 ETC: 370.1 priority: 0
  taskPos: 32 taskId: 242 ETC: 3107.5 priority: 0
  taskPos: 33 taskId: 33 ETC: 7032.61 priority: 0
> machineId: 28
  taskPos: 0 taskId: 318 ETC: 414.96 priority: 0
  taskPos: 1 taskId: 191 ETC: 2639.62 priority: 0
  taskPos: 2 taskId: 752 ETC: 4533.72 priority: 0
  taskPos: 3 taskId: 453 ETC: 837.65 priority: 0
  taskPos: 4 taskId: 117 ETC: 1900.75 priority: 0
  taskPos: 5 taskId: 620 ETC: 11331.4 priority: 0
  taskPos: 6 taskId: 417 ETC: 6159.55 priority: 0
  taskPos: 7 taskId: 605 ETC: 939.37 priority: 0
  taskPos: 8 taskId: 235 ETC: 2097.73 priority: 0
  taskPos: 9 taskId: 807 ETC: 241.17 priority: 0
  taskPos: 10 taskId: 672 ETC: 581.63 priority: 0
  taskPos: 11 taskId: 185 ETC: 425.74 priority: 0
  taskPos: 12 taskId: 157 ETC: 2467.81 priority: 0
  taskPos: 13 taskId: 442 ETC: 390.04 priority: 0
  taskPos: 14 taskId: 212 ETC: 3001.66 priority: 0
  taskPos: 15 taskId: 764 ETC: 471.85 priority: 0
  taskPos: 16 taskId: 854 ETC: 813.18 priority: 0
  taskPos: 17 taskId: 323 ETC: 928.32 priority: 0
  taskPos: 18 taskId: 3 ETC: 2772.51 priority: 0
  taskPos: 19 taskId: 147 ETC: 3520.23 priority: 0
  taskPos: 20 taskId: 240 ETC: 3799.81 priority: 0
  taskPos: 21 taskId: 270 ETC: 424.49 priority: 0
  taskPos: 22 taskId: 690 ETC: 435.32 priority: 0
> machineId: 29
  taskPos: 0 taskId: 123 ETC: 4611.63 priority: 0
  taskPos: 1 taskId: 477 ETC: 1528.06 priority: 0
  taskPos: 2 taskId: 804 ETC: 4698.3 priority: 0
  taskPos: 3 taskId: 635 ETC: 407.86 priority: 0
  taskPos: 4 taskId: 688 ETC: 824.73 priority: 0
  taskPos: 5 taskId: 312 ETC: 987.64 priority: 0
  taskPos: 6 taskId: 26 ETC: 3136.32 priority: 0
  taskPos: 7 taskId: 297 ETC: 1657.63 priority: 0
  taskPos: 8 taskId: 912 ETC: 1964.84 priority: 0
  taskPos: 9 taskId: 7 ETC: 481.01 priority: 0
  taskPos: 10 taskId: 985 ETC: 3192.65 priority: 0
  taskPos: 11 taskId: 197 ETC: 150.69 priority: 0
  taskPos: 12 taskId: 57 ETC: 1125.22 priority: 0
  taskPos: 13 taskId: 447 ETC: 1991.04 priority: 0
  taskPos: 14 taskId: 747 ETC: 967.66 priority: 0
  taskPos: 15 taskId: 582 ETC: 3648.25 priority: 0
  taskPos: 16 taskId: 482 ETC: 2929.47 priority: 0
  taskPos: 17 taskId: 676 ETC: 276.72 priority: 0
  taskPos: 18 taskId: 796 ETC: 1039.01 priority: 0
  taskPos: 19 taskId: 585 ETC: 1595.42 priority: 0
  taskPos: 20 taskId: 200 ETC: 2050.95 priority: 0
  taskPos: 21 taskId: 623 ETC: 214.08 priority: 0
  taskPos: 22 taskId: 253 ETC: 2042.31 priority: 0
  taskPos: 23 taskId: 560 ETC: 419.18 priority: 0
  taskPos: 24 taskId: 642 ETC: 358.81 priority: 0
  taskPos: 25 taskId: 542 ETC: 1449.44 priority: 0
  taskPos: 26 taskId: 960 ETC: 317.58 priority: 0
  taskPos: 27 taskId: 483 ETC: 503.01 priority: 0
  taskPos: 28 taskId: 982 ETC: 356.93 priority: 0
  taskPos: 29 taskId: 671 ETC: 458.43 priority: 0
  taskPos: 30 taskId: 17 ETC: 2410.96 priority: 0
  taskPos: 31 taskId: 322 ETC: 816.74 priority: 0
> machineId: 30
  taskPos: 0 taskId: 505 ETC: 823.31 priority: 0
  taskPos: 1 taskId: 999 ETC: 257.35 priority: 0
  taskPos: 2 taskId: 372 ETC: 4796.61 priority: 0
  taskPos: 3 taskId: 331 ETC: 286.41 priority: 0
  taskPos: 4 taskId: 485 ETC: 3344.72 priority: 0
  taskPos: 5 taskId: 186 ETC: 75.9 priority: 0
  taskPos: 6 taskId: 443 ETC: 2586.62 priority: 0
  taskPos: 7 taskId: 555 ETC: 4097.2 priority: 0
  taskPos: 8 taskId: 1017 ETC: 791.34 priority: 0
  taskPos: 9 taskId: 6 ETC: 1904.29 priority: 0
  taskPos: 10 taskId: 595 ETC: 1553.39 priority: 0
  taskPos: 11 taskId: 626 ETC: 27.45 priority: 0
  taskPos: 12 taskId: 1001 ETC: 441.04 priority: 0
  taskPos: 13 taskId: 760 ETC: 1005.62 priority: 0
  taskPos: 14 taskId: 238 ETC: 4222.39 priority: 0
  taskPos: 15 taskId: 38 ETC: 1507.09 priority: 0
  taskPos: 16 taskId: 87 ETC: 405.5 priority: 0
  taskPos: 17 taskId: 512 ETC: 578.01 priority: 0
  taskPos: 18 taskId: 685 ETC: 343.65 priority: 0
  taskPos: 19 taskId: 680 ETC: 1249.93 priority: 0
  taskPos: 20 taskId: 1011 ETC: 316.85 priority: 0
  taskPos: 21 taskId: 858 ETC: 303.53 priority: 0
  taskPos: 22 taskId: 158 ETC: 2424.44 priority: 0
  taskPos: 23 taskId: 839 ETC: 1123.64 priority: 0
  taskPos: 24 taskId: 459 ETC: 463.45 priority: 0
  taskPos: 25 taskId: 179 ETC: 1112.17 priority: 0
  taskPos: 26 taskId: 16 ETC: 399.57 priority: 0
  taskPos: 27 taskId: 606 ETC: 11814 priority: 0
  taskPos: 28 taskId: 503 ETC: 154.2 priority: 0
  taskPos: 29 taskId: 792 ETC: 536.41 priority: 0
  taskPos: 30 taskId: 100 ETC: 101.94 priority: 0
> machineId: 31
  taskPos: 0 taskId: 479 ETC: 4873.52 priority: 0
  taskPos: 1 taskId: 657 ETC: 4150.49 priority: 0
  taskPos: 2 taskId: 617 ETC: 2198.81 priority: 0
  taskPos: 3 taskId: 917 ETC: 3686.15 priority: 0
  taskPos: 4 taskId: 189 ETC: 1157.1 priority: 0
  taskPos: 5 taskId: 930 ETC: 2294.15 priority: 0
  taskPos: 6 taskId: 160 ETC: 841.83 priority: 0
  taskPos: 7 taskId: 437 ETC: 1889.43 priority: 0
  taskPos: 8 taskId: 272 ETC: 122.26 priority: 0
  taskPos: 9 taskId: 226 ETC: 924.84 priority: 0
  taskPos: 10 taskId: 625 ETC: 585.6 priority: 0
  taskPos: 11 taskId: 301 ETC: 760.65 priority: 0
  taskPos: 12 taskId: 997 ETC: 75.41 priority: 0
  taskPos: 13 taskId: 980 ETC: 1789.47 priority: 0
  taskPos: 14 taskId: 648 ETC: 352.1 priority: 0
  taskPos: 15 taskId: 540 ETC: 857.16 priority: 0
  taskPos: 16 taskId: 576 ETC: 4391.01 priority: 0
  taskPos: 17 taskId: 508 ETC: 1266.82 priority: 0
  taskPos: 18 taskId: 579 ETC: 734.71 priority: 0
  taskPos: 19 taskId: 977 ETC: 7179.61 priority: 0
  taskPos: 20 taskId: 441 ETC: 259.82 priority: 0
  taskPos: 21 taskId: 759 ETC: 122.16 priority: 0
  taskPos: 22 taskId: 573 ETC: 2032.09 priority: 0
  taskPos: 23 taskId: 734 ETC: 233.62 priority: 0
  taskPos: 24 taskId: 521 ETC: 122.93 priority: 0
  taskPos: 25 taskId: 51 ETC: 405.11 priority: 0
  taskPos: 26 taskId: 933 ETC: 516.38 priority: 0
  taskPos: 27 taskId: 493 ETC: 700.24 priority: 0
  taskPos: 28 taskId: 178 ETC: 1806.69 priority: 0
  taskPos: 29 taskId: 316 ETC: 145.83 priority: 0
  taskPos: 30 taskId: 113 ETC: 3682.59 priority: 0
  taskPos: 31 taskId: 231 ETC: 615.81 priority: 0



 :( ---------------------- THE END --------------- :) 