[H[2J[INFO] TaskCount: 1024
[INFO] MachineCount: 32

[DEBUG] Inicialización MIN-MIN

Min-Min fitness: 1333.21

[DEBUG] Inicialización Sufferage

Sufferage fitness: 1646.61

[DEBUG] Inicialización random

[DEBUG] Inicialización random

[DEBUG] Inicialización random

[DEBUG] Inicialización MCT

MCT fitness: 1917.3

[DEBUG] Inicialización random

[DEBUG] Inicialización random

[DEBUG] Inicialización random

[DEBUG] Inicialización random

[DEBUG] Inicialización MCT

MCT fitness: 1806.75

[DEBUG] Inicialización random

[DEBUG] Inicialización random

[DEBUG] Inicialización random

[DEBUG] Inicialización random

 Current State ---------------------------------------------

Current trial: 1
Current iteration: 1500
Current evaluations: 22695
Current best cost: 1252.84
Current worst cost: 1252.84
Current Average cost: 1252.84
Current Standard Deviation: 0

Trial: 
Best cost trial: 1252.84
Worst cost trial: 17337.1
Iteration best found in trial: 1467
Time best found trial: 2.18562e+07
Time spent in trial: 2.23299e+07

Global: 
Global best cost: 1252.84
Global worst cost: 17337.1
Trial best found: 1
Iteration best found: 1467
Time best found: 2.18562e+07

Current time spent (so far): 2.23299e+07
Solution
> machineId: 0
  taskPos: 0 taskId: 868 ETC: 0.06 priority: 0
  taskPos: 1 taskId: 664 ETC: 0.1 priority: 0
  taskPos: 2 taskId: 896 ETC: 0.06 priority: 0
  taskPos: 3 taskId: 570 ETC: 2.01 priority: 0
  taskPos: 4 taskId: 480 ETC: 0.18 priority: 0
  taskPos: 5 taskId: 292 ETC: 0.08 priority: 0
  taskPos: 6 taskId: 184 ETC: 0 priority: 0
  taskPos: 7 taskId: 118 ETC: 0.38 priority: 0
  taskPos: 8 taskId: 914 ETC: 0.28 priority: 0
  taskPos: 9 taskId: 1008 ETC: 0.36 priority: 0
  taskPos: 10 taskId: 855 ETC: 3.34 priority: 0
  taskPos: 11 taskId: 92 ETC: 0.03 priority: 0
  taskPos: 12 taskId: 950 ETC: 0.3 priority: 0
  taskPos: 13 taskId: 718 ETC: 0.38 priority: 0
  taskPos: 14 taskId: 864 ETC: 0.19 priority: 0
  taskPos: 15 taskId: 566 ETC: 0.12 priority: 0
  taskPos: 16 taskId: 750 ETC: 0.3 priority: 0
  taskPos: 17 taskId: 968 ETC: 0.29 priority: 0
  taskPos: 18 taskId: 0 ETC: 5.84 priority: 0
  taskPos: 19 taskId: 74 ETC: 0.22 priority: 0
  taskPos: 20 taskId: 402 ETC: 0.33 priority: 0
  taskPos: 21 taskId: 30 ETC: 0.62 priority: 0
  taskPos: 22 taskId: 124 ETC: 0.26 priority: 0
  taskPos: 23 taskId: 400 ETC: 0.36 priority: 0
  taskPos: 24 taskId: 962 ETC: 0.82 priority: 0
  taskPos: 25 taskId: 502 ETC: 0.54 priority: 0
  taskPos: 26 taskId: 204 ETC: 0.65 priority: 0
  taskPos: 27 taskId: 676 ETC: 0.46 priority: 0
  taskPos: 28 taskId: 106 ETC: 0.74 priority: 0
  taskPos: 29 taskId: 122 ETC: 0.68 priority: 0
  taskPos: 30 taskId: 188 ETC: 1.04 priority: 0
  taskPos: 31 taskId: 342 ETC: 0.95 priority: 0
  taskPos: 32 taskId: 302 ETC: 0.43 priority: 0
  taskPos: 33 taskId: 508 ETC: 0.84 priority: 0
  taskPos: 34 taskId: 746 ETC: 0.81 priority: 0
  taskPos: 35 taskId: 758 ETC: 0.79 priority: 0
  taskPos: 36 taskId: 888 ETC: 0.97 priority: 0
  taskPos: 37 taskId: 936 ETC: 0.88 priority: 0
  taskPos: 38 taskId: 937 ETC: 0.82 priority: 0
  taskPos: 39 taskId: 902 ETC: 1.11 priority: 0
  taskPos: 40 taskId: 278 ETC: 0.97 priority: 0
  taskPos: 41 taskId: 756 ETC: 0.46 priority: 0
  taskPos: 42 taskId: 774 ETC: 1.39 priority: 0
  taskPos: 43 taskId: 58 ETC: 1.48 priority: 0
  taskPos: 44 taskId: 738 ETC: 1.12 priority: 0
  taskPos: 45 taskId: 1022 ETC: 1 priority: 0
  taskPos: 46 taskId: 330 ETC: 1.11 priority: 0
  taskPos: 47 taskId: 114 ETC: 1 priority: 0
  taskPos: 48 taskId: 448 ETC: 1.01 priority: 0
  taskPos: 49 taskId: 320 ETC: 1.84 priority: 0
  taskPos: 50 taskId: 70 ETC: 1.29 priority: 0
  taskPos: 51 taskId: 10 ETC: 1.26 priority: 0
  taskPos: 52 taskId: 722 ETC: 1.15 priority: 0
  taskPos: 53 taskId: 1006 ETC: 1.64 priority: 0
  taskPos: 54 taskId: 16 ETC: 0.99 priority: 0
  taskPos: 55 taskId: 478 ETC: 1.37 priority: 0
  taskPos: 56 taskId: 830 ETC: 1.79 priority: 0
  taskPos: 57 taskId: 984 ETC: 1.49 priority: 0
  taskPos: 58 taskId: 690 ETC: 1.64 priority: 0
  taskPos: 59 taskId: 86 ETC: 1.65 priority: 0
  taskPos: 60 taskId: 516 ETC: 2.02 priority: 0
  taskPos: 61 taskId: 2 ETC: 1.4 priority: 0
  taskPos: 62 taskId: 120 ETC: 1.92 priority: 0
  taskPos: 63 taskId: 930 ETC: 1.49 priority: 0
  taskPos: 64 taskId: 618 ETC: 1.33 priority: 0
  taskPos: 65 taskId: 910 ETC: 1.37 priority: 0
  taskPos: 66 taskId: 978 ETC: 1.93 priority: 0
  taskPos: 67 taskId: 486 ETC: 3.08 priority: 0
  taskPos: 68 taskId: 510 ETC: 1.99 priority: 0
  taskPos: 69 taskId: 522 ETC: 1.95 priority: 0
  taskPos: 70 taskId: 974 ETC: 2.32 priority: 0
  taskPos: 71 taskId: 488 ETC: 1.51 priority: 0
  taskPos: 72 taskId: 134 ETC: 2.03 priority: 0
  taskPos: 73 taskId: 600 ETC: 1.9 priority: 0
  taskPos: 74 taskId: 980 ETC: 1.93 priority: 0
  taskPos: 75 taskId: 802 ETC: 2.21 priority: 0
  taskPos: 76 taskId: 1004 ETC: 2.87 priority: 0
  taskPos: 77 taskId: 724 ETC: 1.96 priority: 0
  taskPos: 78 taskId: 290 ETC: 2.2 priority: 0
  taskPos: 79 taskId: 148 ETC: 2.56 priority: 0
  taskPos: 80 taskId: 247 ETC: 2.48 priority: 0
  taskPos: 81 taskId: 538 ETC: 2.81 priority: 0
  taskPos: 82 taskId: 450 ETC: 2.78 priority: 0
  taskPos: 83 taskId: 348 ETC: 2.07 priority: 0
  taskPos: 84 taskId: 380 ETC: 4.1 priority: 0
  taskPos: 85 taskId: 824 ETC: 2.59 priority: 0
  taskPos: 86 taskId: 640 ETC: 2.99 priority: 0
  taskPos: 87 taskId: 194 ETC: 3.42 priority: 0
  taskPos: 88 taskId: 396 ETC: 2.89 priority: 0
  taskPos: 89 taskId: 408 ETC: 3.04 priority: 0
  taskPos: 90 taskId: 132 ETC: 2.99 priority: 0
  taskPos: 91 taskId: 110 ETC: 3.19 priority: 0
  taskPos: 92 taskId: 22 ETC: 11.36 priority: 0
  taskPos: 93 taskId: 350 ETC: 3.19 priority: 0
  taskPos: 94 taskId: 544 ETC: 2.19 priority: 0
  taskPos: 95 taskId: 198 ETC: 3.21 priority: 0
  taskPos: 96 taskId: 254 ETC: 3.74 priority: 0
  taskPos: 97 taskId: 964 ETC: 4.33 priority: 0
  taskPos: 98 taskId: 84 ETC: 3.4 priority: 0
  taskPos: 99 taskId: 354 ETC: 3.21 priority: 0
  taskPos: 100 taskId: 650 ETC: 4.78 priority: 0
  taskPos: 101 taskId: 684 ETC: 3.88 priority: 0
  taskPos: 102 taskId: 418 ETC: 3.33 priority: 0
  taskPos: 103 taskId: 274 ETC: 4.08 priority: 0
  taskPos: 104 taskId: 778 ETC: 3.77 priority: 0
  taskPos: 105 taskId: 806 ETC: 4.98 priority: 0
  taskPos: 106 taskId: 1000 ETC: 3.26 priority: 0
  taskPos: 107 taskId: 504 ETC: 5.14 priority: 0
  taskPos: 108 taskId: 150 ETC: 4.19 priority: 0
  taskPos: 109 taskId: 770 ETC: 5.31 priority: 0
  taskPos: 110 taskId: 528 ETC: 4.53 priority: 0
  taskPos: 111 taskId: 992 ETC: 4.4 priority: 0
  taskPos: 112 taskId: 138 ETC: 5.43 priority: 0
  taskPos: 113 taskId: 358 ETC: 4.46 priority: 0
  taskPos: 114 taskId: 424 ETC: 4.96 priority: 0
  taskPos: 115 taskId: 498 ETC: 4.69 priority: 0
  taskPos: 116 taskId: 998 ETC: 3.71 priority: 0
  taskPos: 117 taskId: 620 ETC: 5.07 priority: 0
  taskPos: 118 taskId: 680 ETC: 5.36 priority: 0
  taskPos: 119 taskId: 606 ETC: 5.01 priority: 0
  taskPos: 120 taskId: 820 ETC: 5.68 priority: 0
  taskPos: 121 taskId: 698 ETC: 5.63 priority: 0
  taskPos: 122 taskId: 310 ETC: 5.68 priority: 0
  taskPos: 123 taskId: 938 ETC: 5.38 priority: 0
  taskPos: 124 taskId: 934 ETC: 6.12 priority: 0
  taskPos: 125 taskId: 32 ETC: 4.37 priority: 0
  taskPos: 126 taskId: 64 ETC: 5.8 priority: 0
  taskPos: 127 taskId: 420 ETC: 6 priority: 0
  taskPos: 128 taskId: 200 ETC: 5.41 priority: 0
  taskPos: 129 taskId: 96 ETC: 5.9 priority: 0
  taskPos: 130 taskId: 430 ETC: 7.03 priority: 0
  taskPos: 131 taskId: 60 ETC: 6 priority: 0
  taskPos: 132 taskId: 344 ETC: 7.67 priority: 0
  taskPos: 133 taskId: 438 ETC: 6.32 priority: 0
  taskPos: 134 taskId: 142 ETC: 6.31 priority: 0
  taskPos: 135 taskId: 994 ETC: 5.46 priority: 0
  taskPos: 136 taskId: 932 ETC: 7.28 priority: 0
  taskPos: 137 taskId: 878 ETC: 5.86 priority: 0
  taskPos: 138 taskId: 406 ETC: 7 priority: 0
  taskPos: 139 taskId: 514 ETC: 7.24 priority: 0
  taskPos: 140 taskId: 634 ETC: 6.39 priority: 0
  taskPos: 141 taskId: 156 ETC: 9.64 priority: 0
  taskPos: 142 taskId: 988 ETC: 5.13 priority: 0
  taskPos: 143 taskId: 334 ETC: 8.52 priority: 0
  taskPos: 144 taskId: 804 ETC: 8.06 priority: 0
  taskPos: 145 taskId: 972 ETC: 6.83 priority: 0
  taskPos: 146 taskId: 666 ETC: 9.75 priority: 0
  taskPos: 147 taskId: 270 ETC: 9.3 priority: 0
  taskPos: 148 taskId: 332 ETC: 9.15 priority: 0
  taskPos: 149 taskId: 754 ETC: 8.48 priority: 0
  taskPos: 150 taskId: 56 ETC: 6.61 priority: 0
  taskPos: 151 taskId: 474 ETC: 10.52 priority: 0
  taskPos: 152 taskId: 760 ETC: 6.83 priority: 0
  taskPos: 153 taskId: 976 ETC: 16.12 priority: 0
  taskPos: 154 taskId: 844 ETC: 7.53 priority: 0
  taskPos: 155 taskId: 834 ETC: 8.27 priority: 0
  taskPos: 156 taskId: 464 ETC: 10.51 priority: 0
  taskPos: 157 taskId: 860 ETC: 8.56 priority: 0
  taskPos: 158 taskId: 870 ETC: 9.4 priority: 0
  taskPos: 159 taskId: 588 ETC: 10.9 priority: 0
  taskPos: 160 taskId: 102 ETC: 19.05 priority: 0
  taskPos: 161 taskId: 780 ETC: 10.53 priority: 0
  taskPos: 162 taskId: 856 ETC: 12.26 priority: 0
  taskPos: 163 taskId: 52 ETC: 9.99 priority: 0
  taskPos: 164 taskId: 24 ETC: 10.94 priority: 0
  taskPos: 165 taskId: 898 ETC: 15.41 priority: 0
  taskPos: 166 taskId: 442 ETC: 18.41 priority: 0
  taskPos: 167 taskId: 894 ETC: 12.79 priority: 0
  taskPos: 168 taskId: 80 ETC: 16.11 priority: 0
  taskPos: 169 taskId: 126 ETC: 12.16 priority: 0
  taskPos: 170 taskId: 218 ETC: 17.99 priority: 0
  taskPos: 171 taskId: 816 ETC: 23.6 priority: 0
  taskPos: 172 taskId: 546 ETC: 13.76 priority: 0
  taskPos: 173 taskId: 360 ETC: 6.8 priority: 0
  taskPos: 174 taskId: 158 ETC: 18.16 priority: 0
  taskPos: 175 taskId: 346 ETC: 16.53 priority: 0
  taskPos: 176 taskId: 152 ETC: 13.6 priority: 0
  taskPos: 177 taskId: 792 ETC: 26.32 priority: 0
  taskPos: 178 taskId: 1010 ETC: 22.29 priority: 0
  taskPos: 179 taskId: 208 ETC: 18 priority: 0
  taskPos: 180 taskId: 1018 ETC: 9.95 priority: 0
  taskPos: 181 taskId: 814 ETC: 29.22 priority: 0
  taskPos: 182 taskId: 166 ETC: 17.1 priority: 0
  taskPos: 183 taskId: 432 ETC: 22.03 priority: 0
  taskPos: 184 taskId: 276 ETC: 29.67 priority: 0
  taskPos: 185 taskId: 512 ETC: 27.64 priority: 0
  taskPos: 186 taskId: 786 ETC: 24.19 priority: 0
  taskPos: 187 taskId: 542 ETC: 22.7 priority: 0
  taskPos: 188 taskId: 530 ETC: 17.04 priority: 0
  taskPos: 189 taskId: 362 ETC: 27.84 priority: 0
  taskPos: 190 taskId: 108 ETC: 19.34 priority: 0
  taskPos: 191 taskId: 242 ETC: 28.26 priority: 0
  taskPos: 192 taskId: 248 ETC: 30.02 priority: 0
  taskPos: 193 taskId: 44 ETC: 36.56 priority: 0
  taskPos: 194 taskId: 388 ETC: 43.38 priority: 0
> machineId: 1
  taskPos: 0 taskId: 872 ETC: 0.19 priority: 0
  taskPos: 1 taskId: 130 ETC: 0.52 priority: 0
  taskPos: 2 taskId: 598 ETC: 0.36 priority: 0
  taskPos: 3 taskId: 160 ETC: 0.58 priority: 0
  taskPos: 4 taskId: 979 ETC: 0.77 priority: 0
  taskPos: 5 taskId: 920 ETC: 0.53 priority: 0
  taskPos: 6 taskId: 540 ETC: 0.99 priority: 0
  taskPos: 7 taskId: 338 ETC: 1.55 priority: 0
  taskPos: 8 taskId: 999 ETC: 1.2 priority: 0
  taskPos: 9 taskId: 236 ETC: 1.79 priority: 0
  taskPos: 10 taskId: 726 ETC: 1.59 priority: 0
  taskPos: 11 taskId: 990 ETC: 1.21 priority: 0
  taskPos: 12 taskId: 956 ETC: 4.48 priority: 0
  taskPos: 13 taskId: 800 ETC: 2.77 priority: 0
  taskPos: 14 taskId: 174 ETC: 4.43 priority: 0
  taskPos: 15 taskId: 740 ETC: 2.07 priority: 0
  taskPos: 16 taskId: 852 ETC: 2.46 priority: 0
  taskPos: 17 taskId: 284 ETC: 2.2 priority: 0
  taskPos: 18 taskId: 808 ETC: 2.44 priority: 0
  taskPos: 19 taskId: 686 ETC: 2.01 priority: 0
  taskPos: 20 taskId: 728 ETC: 2.77 priority: 0
  taskPos: 21 taskId: 12 ETC: 3.12 priority: 0
  taskPos: 22 taskId: 662 ETC: 3.04 priority: 0
  taskPos: 23 taskId: 987 ETC: 1.88 priority: 0
  taskPos: 24 taskId: 596 ETC: 3.52 priority: 0
  taskPos: 25 taskId: 846 ETC: 4.11 priority: 0
  taskPos: 26 taskId: 336 ETC: 3.36 priority: 0
  taskPos: 27 taskId: 68 ETC: 3.74 priority: 0
  taskPos: 28 taskId: 234 ETC: 4 priority: 0
  taskPos: 29 taskId: 446 ETC: 3.8 priority: 0
  taskPos: 30 taskId: 76 ETC: 4.91 priority: 0
  taskPos: 31 taskId: 259 ETC: 5.78 priority: 0
  taskPos: 32 taskId: 526 ETC: 4.45 priority: 0
  taskPos: 33 taskId: 734 ETC: 5.11 priority: 0
  taskPos: 34 taskId: 654 ETC: 2.94 priority: 0
  taskPos: 35 taskId: 794 ETC: 5.52 priority: 0
  taskPos: 36 taskId: 768 ETC: 6.71 priority: 0
  taskPos: 37 taskId: 386 ETC: 7.02 priority: 0
  taskPos: 38 taskId: 996 ETC: 6.37 priority: 0
  taskPos: 39 taskId: 97 ETC: 6.8 priority: 0
  taskPos: 40 taskId: 82 ETC: 7.62 priority: 0
  taskPos: 41 taskId: 674 ETC: 9.91 priority: 0
  taskPos: 42 taskId: 574 ETC: 8.47 priority: 0
  taskPos: 43 taskId: 482 ETC: 7.98 priority: 0
  taskPos: 44 taskId: 244 ETC: 8.87 priority: 0
  taskPos: 45 taskId: 520 ETC: 9.52 priority: 0
  taskPos: 46 taskId: 18 ETC: 8.67 priority: 0
  taskPos: 47 taskId: 220 ETC: 10.93 priority: 0
  taskPos: 48 taskId: 1012 ETC: 9.37 priority: 0
  taskPos: 49 taskId: 550 ETC: 9.78 priority: 0
  taskPos: 50 taskId: 828 ETC: 10.21 priority: 0
  taskPos: 51 taskId: 524 ETC: 11.54 priority: 0
  taskPos: 52 taskId: 444 ETC: 11.69 priority: 0
  taskPos: 53 taskId: 614 ETC: 10.72 priority: 0
  taskPos: 54 taskId: 20 ETC: 10.17 priority: 0
  taskPos: 55 taskId: 390 ETC: 12.32 priority: 0
  taskPos: 56 taskId: 228 ETC: 11.11 priority: 0
  taskPos: 57 taskId: 460 ETC: 13.4 priority: 0
  taskPos: 58 taskId: 116 ETC: 12.41 priority: 0
  taskPos: 59 taskId: 6 ETC: 11.06 priority: 0
  taskPos: 60 taskId: 918 ETC: 11.87 priority: 0
  taskPos: 61 taskId: 710 ETC: 16.04 priority: 0
  taskPos: 62 taskId: 1002 ETC: 12.46 priority: 0
  taskPos: 63 taskId: 682 ETC: 12.98 priority: 0
  taskPos: 64 taskId: 604 ETC: 14.18 priority: 0
  taskPos: 65 taskId: 394 ETC: 11.93 priority: 0
  taskPos: 66 taskId: 630 ETC: 16.9 priority: 0
  taskPos: 67 taskId: 54 ETC: 22.57 priority: 0
  taskPos: 68 taskId: 648 ETC: 16.36 priority: 0
  taskPos: 69 taskId: 180 ETC: 13.02 priority: 0
  taskPos: 70 taskId: 616 ETC: 14.6 priority: 0
  taskPos: 71 taskId: 318 ETC: 14.08 priority: 0
  taskPos: 72 taskId: 186 ETC: 19.97 priority: 0
  taskPos: 73 taskId: 642 ETC: 29.22 priority: 0
  taskPos: 74 taskId: 454 ETC: 34.07 priority: 0
  taskPos: 75 taskId: 8 ETC: 26.83 priority: 0
  taskPos: 76 taskId: 568 ETC: 19.79 priority: 0
  taskPos: 77 taskId: 944 ETC: 14.28 priority: 0
  taskPos: 78 taskId: 610 ETC: 28.7 priority: 0
  taskPos: 79 taskId: 836 ETC: 32.38 priority: 0
  taskPos: 80 taskId: 812 ETC: 23.07 priority: 0
  taskPos: 81 taskId: 36 ETC: 38.98 priority: 0
  taskPos: 82 taskId: 222 ETC: 23.36 priority: 0
  taskPos: 83 taskId: 286 ETC: 41.52 priority: 0
  taskPos: 84 taskId: 646 ETC: 37.05 priority: 0
  taskPos: 85 taskId: 562 ETC: 29.78 priority: 0
  taskPos: 86 taskId: 308 ETC: 43.74 priority: 0
  taskPos: 87 taskId: 854 ETC: 29.23 priority: 0
  taskPos: 88 taskId: 322 ETC: 26.37 priority: 0
  taskPos: 89 taskId: 552 ETC: 47.12 priority: 0
  taskPos: 90 taskId: 258 ETC: 58.22 priority: 0
  taskPos: 91 taskId: 410 ETC: 38.79 priority: 0
  taskPos: 92 taskId: 414 ETC: 69.14 priority: 0
  taskPos: 93 taskId: 476 ETC: 34.64 priority: 0
> machineId: 2
  taskPos: 0 taskId: 195 ETC: 5.91 priority: 0
  taskPos: 1 taskId: 543 ETC: 1.58 priority: 0
  taskPos: 2 taskId: 436 ETC: 2.96 priority: 0
  taskPos: 3 taskId: 352 ETC: 0.33 priority: 0
  taskPos: 4 taskId: 840 ETC: 1.85 priority: 0
  taskPos: 5 taskId: 700 ETC: 6.44 priority: 0
  taskPos: 6 taskId: 883 ETC: 17.89 priority: 0
  taskPos: 7 taskId: 470 ETC: 11.11 priority: 0
  taskPos: 8 taskId: 947 ETC: 10.54 priority: 0
  taskPos: 9 taskId: 817 ETC: 5.18 priority: 0
  taskPos: 10 taskId: 492 ETC: 2.15 priority: 0
  taskPos: 11 taskId: 940 ETC: 11.67 priority: 0
  taskPos: 12 taskId: 1016 ETC: 4.76 priority: 0
  taskPos: 13 taskId: 155 ETC: 4.26 priority: 0
  taskPos: 14 taskId: 725 ETC: 7.59 priority: 0
  taskPos: 15 taskId: 602 ETC: 6.06 priority: 0
  taskPos: 16 taskId: 912 ETC: 4.98 priority: 0
  taskPos: 17 taskId: 576 ETC: 23.85 priority: 0
  taskPos: 18 taskId: 440 ETC: 5.98 priority: 0
  taskPos: 19 taskId: 312 ETC: 27.28 priority: 0
  taskPos: 20 taskId: 670 ETC: 12.49 priority: 0
  taskPos: 21 taskId: 628 ETC: 9.31 priority: 0
  taskPos: 22 taskId: 694 ETC: 8.46 priority: 0
  taskPos: 23 taskId: 578 ETC: 5.46 priority: 0
  taskPos: 24 taskId: 300 ETC: 34.92 priority: 0
  taskPos: 25 taskId: 484 ETC: 13.88 priority: 0
  taskPos: 26 taskId: 636 ETC: 16.08 priority: 0
  taskPos: 27 taskId: 190 ETC: 17.66 priority: 0
  taskPos: 28 taskId: 590 ETC: 21.14 priority: 0
  taskPos: 29 taskId: 632 ETC: 13.62 priority: 0
  taskPos: 30 taskId: 558 ETC: 12.96 priority: 0
  taskPos: 31 taskId: 810 ETC: 32.86 priority: 0
  taskPos: 32 taskId: 398 ETC: 41.53 priority: 0
  taskPos: 33 taskId: 853 ETC: 10.76 priority: 0
  taskPos: 34 taskId: 730 ETC: 56.84 priority: 0
  taskPos: 35 taskId: 426 ETC: 14.75 priority: 0
  taskPos: 36 taskId: 850 ETC: 16.78 priority: 0
  taskPos: 37 taskId: 216 ETC: 17.04 priority: 0
  taskPos: 38 taskId: 924 ETC: 20.01 priority: 0
  taskPos: 39 taskId: 366 ETC: 74.71 priority: 0
  taskPos: 40 taskId: 892 ETC: 10.73 priority: 0
  taskPos: 41 taskId: 416 ETC: 25.44 priority: 0
  taskPos: 42 taskId: 966 ETC: 34.34 priority: 0
  taskPos: 43 taskId: 714 ETC: 30.8 priority: 0
  taskPos: 44 taskId: 790 ETC: 15.39 priority: 0
  taskPos: 45 taskId: 112 ETC: 18.91 priority: 0
  taskPos: 46 taskId: 742 ETC: 32.15 priority: 0
  taskPos: 47 taskId: 48 ETC: 33.23 priority: 0
  taskPos: 48 taskId: 564 ETC: 46.2 priority: 0
  taskPos: 49 taskId: 782 ETC: 70.95 priority: 0
  taskPos: 50 taskId: 40 ETC: 44.09 priority: 0
  taskPos: 51 taskId: 28 ETC: 82.86 priority: 0
  taskPos: 52 taskId: 626 ETC: 92.28 priority: 0
  taskPos: 53 taskId: 706 ETC: 40.83 priority: 0
  taskPos: 54 taskId: 146 ETC: 55.51 priority: 0
> machineId: 3
  taskPos: 0 taskId: 327 ETC: 0.06 priority: 0
  taskPos: 1 taskId: 733 ETC: 0.49 priority: 0
  taskPos: 2 taskId: 361 ETC: 3.44 priority: 0
  taskPos: 3 taskId: 117 ETC: 1.06 priority: 0
  taskPos: 4 taskId: 858 ETC: 2.38 priority: 0
  taskPos: 5 taskId: 316 ETC: 11.38 priority: 0
  taskPos: 6 taskId: 739 ETC: 6.38 priority: 0
  taskPos: 7 taskId: 913 ETC: 6.49 priority: 0
  taskPos: 8 taskId: 368 ETC: 3.57 priority: 0
  taskPos: 9 taskId: 876 ETC: 3.38 priority: 0
  taskPos: 10 taskId: 226 ETC: 4.76 priority: 0
  taskPos: 11 taskId: 621 ETC: 5.7 priority: 0
  taskPos: 12 taskId: 847 ETC: 12.13 priority: 0
  taskPos: 13 taskId: 885 ETC: 7.25 priority: 0
  taskPos: 14 taskId: 296 ETC: 8.24 priority: 0
  taskPos: 15 taskId: 658 ETC: 8.13 priority: 0
  taskPos: 16 taskId: 671 ETC: 26.83 priority: 0
  taskPos: 17 taskId: 176 ETC: 13.88 priority: 0
  taskPos: 18 taskId: 882 ETC: 5.73 priority: 0
  taskPos: 19 taskId: 952 ETC: 21.18 priority: 0
  taskPos: 20 taskId: 581 ETC: 23.52 priority: 0
  taskPos: 21 taskId: 572 ETC: 14.46 priority: 0
  taskPos: 22 taskId: 266 ETC: 14.08 priority: 0
  taskPos: 23 taskId: 392 ETC: 11.4 priority: 0
  taskPos: 24 taskId: 608 ETC: 34.68 priority: 0
  taskPos: 25 taskId: 496 ETC: 21.34 priority: 0
  taskPos: 26 taskId: 428 ETC: 35.44 priority: 0
  taskPos: 27 taskId: 304 ETC: 30.33 priority: 0
  taskPos: 28 taskId: 586 ETC: 22.65 priority: 0
  taskPos: 29 taskId: 928 ETC: 18.47 priority: 0
  taskPos: 30 taskId: 696 ETC: 32.92 priority: 0
  taskPos: 31 taskId: 862 ETC: 25.51 priority: 0
  taskPos: 32 taskId: 224 ETC: 52.63 priority: 0
  taskPos: 33 taskId: 494 ETC: 51.53 priority: 0
  taskPos: 34 taskId: 196 ETC: 46.23 priority: 0
  taskPos: 35 taskId: 798 ETC: 40.24 priority: 0
  taskPos: 36 taskId: 874 ETC: 49.67 priority: 0
  taskPos: 37 taskId: 100 ETC: 218.15 priority: 0
  taskPos: 38 taskId: 880 ETC: 35.67 priority: 0
  taskPos: 39 taskId: 434 ETC: 55.82 priority: 0
  taskPos: 40 taskId: 900 ETC: 67.78 priority: 0
  taskPos: 41 taskId: 848 ETC: 77.99 priority: 0
  taskPos: 42 taskId: 818 ETC: 53.53 priority: 0
  taskPos: 43 taskId: 612 ETC: 48.36 priority: 0
> machineId: 4
  taskPos: 0 taskId: 651 ETC: 0.6 priority: 0
  taskPos: 1 taskId: 15 ETC: 0.61 priority: 0
  taskPos: 2 taskId: 967 ETC: 1.29 priority: 0
  taskPos: 3 taskId: 42 ETC: 19.2 priority: 0
  taskPos: 4 taskId: 66 ETC: 11.16 priority: 0
  taskPos: 5 taskId: 389 ETC: 3.63 priority: 0
  taskPos: 6 taskId: 225 ETC: 5.87 priority: 0
  taskPos: 7 taskId: 229 ETC: 2.47 priority: 0
  taskPos: 8 taskId: 729 ETC: 6.37 priority: 0
  taskPos: 9 taskId: 182 ETC: 36.33 priority: 0
  taskPos: 10 taskId: 927 ETC: 12.01 priority: 0
  taskPos: 11 taskId: 449 ETC: 2.51 priority: 0
  taskPos: 12 taskId: 767 ETC: 4.13 priority: 0
  taskPos: 13 taskId: 720 ETC: 52.91 priority: 0
  taskPos: 14 taskId: 884 ETC: 81.92 priority: 0
  taskPos: 15 taskId: 202 ETC: 18.46 priority: 0
  taskPos: 16 taskId: 887 ETC: 17.95 priority: 0
  taskPos: 17 taskId: 897 ETC: 4.08 priority: 0
  taskPos: 18 taskId: 364 ETC: 29.34 priority: 0
  taskPos: 19 taskId: 863 ETC: 6.91 priority: 0
  taskPos: 20 taskId: 263 ETC: 11.77 priority: 0
  taskPos: 21 taskId: 46 ETC: 31.96 priority: 0
  taskPos: 22 taskId: 250 ETC: 39.21 priority: 0
  taskPos: 23 taskId: 240 ETC: 43.19 priority: 0
  taskPos: 24 taskId: 784 ETC: 48.88 priority: 0
  taskPos: 25 taskId: 580 ETC: 48.12 priority: 0
  taskPos: 26 taskId: 294 ETC: 39.49 priority: 0
  taskPos: 27 taskId: 104 ETC: 28.96 priority: 0
  taskPos: 28 taskId: 232 ETC: 88.41 priority: 0
  taskPos: 29 taskId: 435 ETC: 19.98 priority: 0
  taskPos: 30 taskId: 94 ETC: 69.77 priority: 0
  taskPos: 31 taskId: 776 ETC: 60.66 priority: 0
  taskPos: 32 taskId: 704 ETC: 25.54 priority: 0
  taskPos: 33 taskId: 668 ETC: 95.41 priority: 0
  taskPos: 34 taskId: 170 ETC: 104.25 priority: 0
  taskPos: 35 taskId: 518 ETC: 100.33 priority: 0
  taskPos: 36 taskId: 458 ETC: 76.1 priority: 0
> machineId: 5
  taskPos: 0 taskId: 31 ETC: 0.37 priority: 0
  taskPos: 1 taskId: 731 ETC: 0.43 priority: 0
  taskPos: 2 taskId: 265 ETC: 2.51 priority: 0
  taskPos: 3 taskId: 29 ETC: 2.32 priority: 0
  taskPos: 4 taskId: 283 ETC: 0.73 priority: 0
  taskPos: 5 taskId: 385 ETC: 5.59 priority: 0
  taskPos: 6 taskId: 183 ETC: 2.67 priority: 0
  taskPos: 7 taskId: 665 ETC: 5.06 priority: 0
  taskPos: 8 taskId: 605 ETC: 9.44 priority: 0
  taskPos: 9 taskId: 26 ETC: 101.59 priority: 0
  taskPos: 10 taskId: 297 ETC: 4.8 priority: 0
  taskPos: 11 taskId: 946 ETC: 28.55 priority: 0
  taskPos: 12 taskId: 764 ETC: 13.75 priority: 0
  taskPos: 13 taskId: 822 ETC: 45.81 priority: 0
  taskPos: 14 taskId: 505 ETC: 17.66 priority: 0
  taskPos: 15 taskId: 547 ETC: 2.89 priority: 0
  taskPos: 16 taskId: 663 ETC: 23.46 priority: 0
  taskPos: 17 taskId: 827 ETC: 5.86 priority: 0
  taskPos: 18 taskId: 866 ETC: 37.73 priority: 0
  taskPos: 19 taskId: 788 ETC: 19.47 priority: 0
  taskPos: 20 taskId: 755 ETC: 8.32 priority: 0
  taskPos: 21 taskId: 688 ETC: 18.41 priority: 0
  taskPos: 22 taskId: 986 ETC: 77.16 priority: 0
  taskPos: 23 taskId: 356 ETC: 27.56 priority: 0
  taskPos: 24 taskId: 214 ETC: 35.73 priority: 0
  taskPos: 25 taskId: 370 ETC: 19.9 priority: 0
  taskPos: 26 taskId: 326 ETC: 75.91 priority: 0
  taskPos: 27 taskId: 14 ETC: 78.59 priority: 0
  taskPos: 28 taskId: 230 ETC: 141.16 priority: 0
  taskPos: 29 taskId: 678 ETC: 47.65 priority: 0
  taskPos: 30 taskId: 172 ETC: 100.26 priority: 0
  taskPos: 31 taskId: 592 ETC: 90.36 priority: 0
  taskPos: 32 taskId: 716 ETC: 94.29 priority: 0
  taskPos: 33 taskId: 404 ETC: 57.79 priority: 0
> machineId: 6
  taskPos: 0 taskId: 317 ETC: 0.52 priority: 0
  taskPos: 1 taskId: 611 ETC: 0.69 priority: 0
  taskPos: 2 taskId: 483 ETC: 1.91 priority: 0
  taskPos: 3 taskId: 151 ETC: 6.07 priority: 0
  taskPos: 4 taskId: 365 ETC: 7.31 priority: 0
  taskPos: 5 taskId: 221 ETC: 3.29 priority: 0
  taskPos: 6 taskId: 579 ETC: 6.24 priority: 0
  taskPos: 7 taskId: 625 ETC: 6.46 priority: 0
  taskPos: 8 taskId: 925 ETC: 9.97 priority: 0
  taskPos: 9 taskId: 624 ETC: 9.52 priority: 0
  taskPos: 10 taskId: 128 ETC: 24.17 priority: 0
  taskPos: 11 taskId: 397 ETC: 15.04 priority: 0
  taskPos: 12 taskId: 163 ETC: 10.78 priority: 0
  taskPos: 13 taskId: 945 ETC: 30.08 priority: 0
  taskPos: 14 taskId: 272 ETC: 25.31 priority: 0
  taskPos: 15 taskId: 692 ETC: 25.03 priority: 0
  taskPos: 16 taskId: 452 ETC: 92.64 priority: 0
  taskPos: 17 taskId: 541 ETC: 26.44 priority: 0
  taskPos: 18 taskId: 960 ETC: 35.4 priority: 0
  taskPos: 19 taskId: 906 ETC: 46.15 priority: 0
  taskPos: 20 taskId: 748 ETC: 45.72 priority: 0
  taskPos: 21 taskId: 5 ETC: 11.17 priority: 0
  taskPos: 22 taskId: 178 ETC: 69.28 priority: 0
  taskPos: 23 taskId: 288 ETC: 81.85 priority: 0
  taskPos: 24 taskId: 982 ETC: 83.48 priority: 0
  taskPos: 25 taskId: 622 ETC: 90.78 priority: 0
  taskPos: 26 taskId: 926 ETC: 121.23 priority: 0
  taskPos: 27 taskId: 838 ETC: 229.56 priority: 0
  taskPos: 28 taskId: 890 ETC: 132.42 priority: 0
> machineId: 7
  taskPos: 0 taskId: 629 ETC: 0.9 priority: 0
  taskPos: 1 taskId: 857 ETC: 2.05 priority: 0
  taskPos: 2 taskId: 429 ETC: 0.81 priority: 0
  taskPos: 3 taskId: 351 ETC: 0.96 priority: 0
  taskPos: 4 taskId: 239 ETC: 7.23 priority: 0
  taskPos: 5 taskId: 257 ETC: 0.35 priority: 0
  taskPos: 6 taskId: 469 ETC: 5.68 priority: 0
  taskPos: 7 taskId: 231 ETC: 36.58 priority: 0
  taskPos: 8 taskId: 37 ETC: 7.84 priority: 0
  taskPos: 9 taskId: 111 ETC: 5.75 priority: 0
  taskPos: 10 taskId: 907 ETC: 8.82 priority: 0
  taskPos: 11 taskId: 832 ETC: 24.85 priority: 0
  taskPos: 12 taskId: 353 ETC: 26.48 priority: 0
  taskPos: 13 taskId: 211 ETC: 14.58 priority: 0
  taskPos: 14 taskId: 39 ETC: 19.76 priority: 0
  taskPos: 15 taskId: 796 ETC: 56.04 priority: 0
  taskPos: 16 taskId: 971 ETC: 11.84 priority: 0
  taskPos: 17 taskId: 164 ETC: 164.7 priority: 0
  taskPos: 18 taskId: 168 ETC: 50.54 priority: 0
  taskPos: 19 taskId: 140 ETC: 120.68 priority: 0
  taskPos: 20 taskId: 262 ETC: 47.51 priority: 0
  taskPos: 21 taskId: 98 ETC: 85.5 priority: 0
  taskPos: 22 taskId: 23 ETC: 30.75 priority: 0
  taskPos: 23 taskId: 652 ETC: 225.05 priority: 0
  taskPos: 24 taskId: 376 ETC: 98.97 priority: 0
  taskPos: 25 taskId: 708 ETC: 103.43 priority: 0
  taskPos: 26 taskId: 909 ETC: 57.77 priority: 0
> machineId: 8
  taskPos: 0 taskId: 735 ETC: 1.51 priority: 0
  taskPos: 1 taskId: 921 ETC: 4.83 priority: 0
  taskPos: 2 taskId: 585 ETC: 4.41 priority: 0
  taskPos: 3 taskId: 903 ETC: 1.84 priority: 0
  taskPos: 4 taskId: 583 ETC: 3.82 priority: 0
  taskPos: 5 taskId: 712 ETC: 25.82 priority: 0
  taskPos: 6 taskId: 732 ETC: 51.21 priority: 0
  taskPos: 7 taskId: 609 ETC: 2.5 priority: 0
  taskPos: 8 taskId: 401 ETC: 3.71 priority: 0
  taskPos: 9 taskId: 427 ETC: 9.25 priority: 0
  taskPos: 10 taskId: 73 ETC: 3.27 priority: 0
  taskPos: 11 taskId: 345 ETC: 10.25 priority: 0
  taskPos: 12 taskId: 536 ETC: 94.29 priority: 0
  taskPos: 13 taskId: 557 ETC: 2.94 priority: 0
  taskPos: 14 taskId: 38 ETC: 63.56 priority: 0
  taskPos: 15 taskId: 264 ETC: 75.36 priority: 0
  taskPos: 16 taskId: 490 ETC: 141.03 priority: 0
  taskPos: 17 taskId: 721 ETC: 19.42 priority: 0
  taskPos: 18 taskId: 75 ETC: 4.69 priority: 0
  taskPos: 19 taskId: 594 ETC: 66.88 priority: 0
  taskPos: 20 taskId: 702 ETC: 41.81 priority: 0
  taskPos: 21 taskId: 273 ETC: 27.58 priority: 0
  taskPos: 22 taskId: 535 ETC: 43.9 priority: 0
  taskPos: 23 taskId: 78 ETC: 156.62 priority: 0
  taskPos: 24 taskId: 571 ETC: 44.81 priority: 0
  taskPos: 25 taskId: 672 ETC: 115.19 priority: 0
  taskPos: 26 taskId: 475 ETC: 15.1 priority: 0
  taskPos: 27 taskId: 462 ETC: 203.99 priority: 0
> machineId: 9
  taskPos: 0 taskId: 241 ETC: 5.13 priority: 0
  taskPos: 1 taskId: 55 ETC: 2.87 priority: 0
  taskPos: 2 taskId: 859 ETC: 6.87 priority: 0
  taskPos: 3 taskId: 381 ETC: 5.13 priority: 0
  taskPos: 4 taskId: 843 ETC: 0.16 priority: 0
  taskPos: 5 taskId: 771 ETC: 2.01 priority: 0
  taskPos: 6 taskId: 747 ETC: 2.78 priority: 0
  taskPos: 7 taskId: 603 ETC: 12.24 priority: 0
  taskPos: 8 taskId: 19 ETC: 7.36 priority: 0
  taskPos: 9 taskId: 615 ETC: 16.06 priority: 0
  taskPos: 10 taskId: 635 ETC: 17.71 priority: 0
  taskPos: 11 taskId: 307 ETC: 8.5 priority: 0
  taskPos: 12 taskId: 881 ETC: 12.75 priority: 0
  taskPos: 13 taskId: 584 ETC: 66.48 priority: 0
  taskPos: 14 taskId: 162 ETC: 157.8 priority: 0
  taskPos: 15 taskId: 707 ETC: 39.32 priority: 0
  taskPos: 16 taskId: 551 ETC: 20.44 priority: 0
  taskPos: 17 taskId: 423 ETC: 34.86 priority: 0
  taskPos: 18 taskId: 206 ETC: 100.24 priority: 0
  taskPos: 19 taskId: 343 ETC: 24.44 priority: 0
  taskPos: 20 taskId: 951 ETC: 69.51 priority: 0
  taskPos: 21 taskId: 519 ETC: 35.15 priority: 0
  taskPos: 22 taskId: 340 ETC: 183.04 priority: 0
  taskPos: 23 taskId: 34 ETC: 254.43 priority: 0
  taskPos: 24 taskId: 384 ETC: 125.56 priority: 0
> machineId: 10
  taskPos: 0 taskId: 593 ETC: 3.68 priority: 0
  taskPos: 1 taskId: 727 ETC: 9.28 priority: 0
  taskPos: 2 taskId: 507 ETC: 0.97 priority: 0
  taskPos: 3 taskId: 149 ETC: 1.77 priority: 0
  taskPos: 4 taskId: 871 ETC: 10.2 priority: 0
  taskPos: 5 taskId: 431 ETC: 5.58 priority: 0
  taskPos: 6 taskId: 759 ETC: 0.28 priority: 0
  taskPos: 7 taskId: 777 ETC: 8.52 priority: 0
  taskPos: 8 taskId: 849 ETC: 21.88 priority: 0
  taskPos: 9 taskId: 534 ETC: 37.71 priority: 0
  taskPos: 10 taskId: 363 ETC: 43.96 priority: 0
  taskPos: 11 taskId: 577 ETC: 33.18 priority: 0
  taskPos: 12 taskId: 931 ETC: 4.78 priority: 0
  taskPos: 13 taskId: 826 ETC: 183 priority: 0
  taskPos: 14 taskId: 995 ETC: 10.37 priority: 0
  taskPos: 15 taskId: 1014 ETC: 67.63 priority: 0
  taskPos: 16 taskId: 958 ETC: 229.69 priority: 0
  taskPos: 17 taskId: 144 ETC: 240.88 priority: 0
  taskPos: 18 taskId: 1011 ETC: 49.49 priority: 0
  taskPos: 19 taskId: 422 ETC: 88.23 priority: 0
  taskPos: 20 taskId: 62 ETC: 181.18 priority: 0
> machineId: 11
  taskPos: 0 taskId: 915 ETC: 1.73 priority: 0
  taskPos: 1 taskId: 493 ETC: 1.24 priority: 0
  taskPos: 2 taskId: 415 ETC: 0.01 priority: 0
  taskPos: 3 taskId: 565 ETC: 0.62 priority: 0
  taskPos: 4 taskId: 691 ETC: 1.37 priority: 0
  taskPos: 5 taskId: 131 ETC: 2.36 priority: 0
  taskPos: 6 taskId: 77 ETC: 4.7 priority: 0
  taskPos: 7 taskId: 105 ETC: 3.56 priority: 0
  taskPos: 8 taskId: 1007 ETC: 3.44 priority: 0
  taskPos: 9 taskId: 95 ETC: 5.52 priority: 0
  taskPos: 10 taskId: 905 ETC: 25.85 priority: 0
  taskPos: 11 taskId: 701 ETC: 20.4 priority: 0
  taskPos: 12 taskId: 693 ETC: 6.13 priority: 0
  taskPos: 13 taskId: 271 ETC: 13.6 priority: 0
  taskPos: 14 taskId: 554 ETC: 52.37 priority: 0
  taskPos: 15 taskId: 715 ETC: 30.24 priority: 0
  taskPos: 16 taskId: 412 ETC: 150.73 priority: 0
  taskPos: 17 taskId: 246 ETC: 201.27 priority: 0
  taskPos: 18 taskId: 904 ETC: 262.48 priority: 0
  taskPos: 19 taskId: 238 ETC: 162.64 priority: 0
  taskPos: 20 taskId: 560 ETC: 59.76 priority: 0
  taskPos: 21 taskId: 582 ETC: 134.62 priority: 0
  taskPos: 22 taskId: 772 ETC: 100.23 priority: 0
> machineId: 12
  taskPos: 0 taskId: 595 ETC: 0.1 priority: 0
  taskPos: 1 taskId: 197 ETC: 5.66 priority: 0
  taskPos: 2 taskId: 503 ETC: 4.6 priority: 0
  taskPos: 3 taskId: 439 ETC: 6.58 priority: 0
  taskPos: 4 taskId: 969 ETC: 0.69 priority: 0
  taskPos: 5 taskId: 923 ETC: 1.9 priority: 0
  taskPos: 6 taskId: 43 ETC: 16.47 priority: 0
  taskPos: 7 taskId: 391 ETC: 2.48 priority: 0
  taskPos: 8 taskId: 463 ETC: 82.28 priority: 0
  taskPos: 9 taskId: 985 ETC: 4.67 priority: 0
  taskPos: 10 taskId: 561 ETC: 8.47 priority: 0
  taskPos: 11 taskId: 451 ETC: 25.9 priority: 0
  taskPos: 12 taskId: 948 ETC: 167.35 priority: 0
  taskPos: 13 taskId: 821 ETC: 7.53 priority: 0
  taskPos: 14 taskId: 127 ETC: 49.07 priority: 0
  taskPos: 15 taskId: 328 ETC: 158.14 priority: 0
  taskPos: 16 taskId: 405 ETC: 68.64 priority: 0
  taskPos: 17 taskId: 382 ETC: 207.08 priority: 0
  taskPos: 18 taskId: 613 ETC: 11.52 priority: 0
  taskPos: 19 taskId: 137 ETC: 31.06 priority: 0
  taskPos: 20 taskId: 282 ETC: 95.12 priority: 0
  taskPos: 21 taskId: 1020 ETC: 262.63 priority: 0
> machineId: 13
  taskPos: 0 taskId: 875 ETC: 0.72 priority: 0
  taskPos: 1 taskId: 468 ETC: 0.88 priority: 0
  taskPos: 2 taskId: 251 ETC: 1.41 priority: 0
  taskPos: 3 taskId: 623 ETC: 3.36 priority: 0
  taskPos: 4 taskId: 223 ETC: 11.14 priority: 0
  taskPos: 5 taskId: 121 ETC: 3.32 priority: 0
  taskPos: 6 taskId: 409 ETC: 9.47 priority: 0
  taskPos: 7 taskId: 965 ETC: 1.6 priority: 0
  taskPos: 8 taskId: 71 ETC: 2.38 priority: 0
  taskPos: 9 taskId: 805 ETC: 19.42 priority: 0
  taskPos: 10 taskId: 835 ETC: 48.36 priority: 0
  taskPos: 11 taskId: 539 ETC: 7.69 priority: 0
  taskPos: 12 taskId: 879 ETC: 6.26 priority: 0
  taskPos: 13 taskId: 369 ETC: 26.31 priority: 0
  taskPos: 14 taskId: 901 ETC: 7.5 priority: 0
  taskPos: 15 taskId: 50 ETC: 135.25 priority: 0
  taskPos: 16 taskId: 545 ETC: 35.35 priority: 0
  taskPos: 17 taskId: 17 ETC: 3.98 priority: 0
  taskPos: 18 taskId: 210 ETC: 183.75 priority: 0
  taskPos: 19 taskId: 88 ETC: 122.19 priority: 0
  taskPos: 20 taskId: 268 ETC: 267.69 priority: 0
  taskPos: 21 taskId: 306 ETC: 335.1 priority: 0
> machineId: 14
  taskPos: 0 taskId: 341 ETC: 3.45 priority: 0
  taskPos: 1 taskId: 893 ETC: 30.31 priority: 0
  taskPos: 2 taskId: 459 ETC: 10.48 priority: 0
  taskPos: 3 taskId: 975 ETC: 2.25 priority: 0
  taskPos: 4 taskId: 193 ETC: 4.9 priority: 0
  taskPos: 5 taskId: 781 ETC: 24.01 priority: 0
  taskPos: 6 taskId: 177 ETC: 16.2 priority: 0
  taskPos: 7 taskId: 659 ETC: 10.92 priority: 0
  taskPos: 8 taskId: 803 ETC: 12.8 priority: 0
  taskPos: 9 taskId: 472 ETC: 237.06 priority: 0
  taskPos: 10 taskId: 141 ETC: 41.53 priority: 0
  taskPos: 11 taskId: 839 ETC: 24.71 priority: 0
  taskPos: 12 taskId: 11 ETC: 39.09 priority: 0
  taskPos: 13 taskId: 532 ETC: 213.3 priority: 0
  taskPos: 14 taskId: 192 ETC: 151.2 priority: 0
  taskPos: 15 taskId: 970 ETC: 287.34 priority: 0
  taskPos: 16 taskId: 556 ETC: 123.49 priority: 0
> machineId: 15
  taskPos: 0 taskId: 647 ETC: 1.87 priority: 0
  taskPos: 1 taskId: 269 ETC: 2.2 priority: 0
  taskPos: 2 taskId: 119 ETC: 9.37 priority: 0
  taskPos: 3 taskId: 719 ETC: 4.87 priority: 0
  taskPos: 4 taskId: 473 ETC: 2.1 priority: 0
  taskPos: 5 taskId: 65 ETC: 28.43 priority: 0
  taskPos: 6 taskId: 101 ETC: 16.6 priority: 0
  taskPos: 7 taskId: 387 ETC: 17.14 priority: 0
  taskPos: 8 taskId: 325 ETC: 18.96 priority: 0
  taskPos: 9 taskId: 329 ETC: 35.4 priority: 0
  taskPos: 10 taskId: 645 ETC: 40.1 priority: 0
  taskPos: 11 taskId: 154 ETC: 252.84 priority: 0
  taskPos: 12 taskId: 744 ETC: 386.14 priority: 0
  taskPos: 13 taskId: 339 ETC: 65.53 priority: 0
  taskPos: 14 taskId: 569 ETC: 10.31 priority: 0
  taskPos: 15 taskId: 233 ETC: 20.21 priority: 0
  taskPos: 16 taskId: 601 ETC: 111.64 priority: 0
  taskPos: 17 taskId: 656 ETC: 163.91 priority: 0
> machineId: 16
  taskPos: 0 taskId: 175 ETC: 0.3 priority: 0
  taskPos: 1 taskId: 35 ETC: 0.6 priority: 0
  taskPos: 2 taskId: 717 ETC: 1.94 priority: 0
  taskPos: 3 taskId: 371 ETC: 4 priority: 0
  taskPos: 4 taskId: 253 ETC: 16.78 priority: 0
  taskPos: 5 taskId: 136 ETC: 5.94 priority: 0
  taskPos: 6 taskId: 393 ETC: 1.26 priority: 0
  taskPos: 7 taskId: 589 ETC: 1.1 priority: 0
  taskPos: 8 taskId: 917 ETC: 3.97 priority: 0
  taskPos: 9 taskId: 275 ETC: 13.66 priority: 0
  taskPos: 10 taskId: 287 ETC: 1.38 priority: 0
  taskPos: 11 taskId: 347 ETC: 19.3 priority: 0
  taskPos: 12 taskId: 983 ETC: 85.53 priority: 0
  taskPos: 13 taskId: 243 ETC: 10.05 priority: 0
  taskPos: 14 taskId: 212 ETC: 41.36 priority: 0
  taskPos: 15 taskId: 237 ETC: 22.56 priority: 0
  taskPos: 16 taskId: 378 ETC: 466.88 priority: 0
  taskPos: 17 taskId: 103 ETC: 14.31 priority: 0
  taskPos: 18 taskId: 235 ETC: 14.22 priority: 0
  taskPos: 19 taskId: 845 ETC: 19.01 priority: 0
  taskPos: 20 taskId: 107 ETC: 6.14 priority: 0
  taskPos: 21 taskId: 377 ETC: 7.85 priority: 0
  taskPos: 22 taskId: 374 ETC: 246.54 priority: 0
  taskPos: 23 taskId: 675 ETC: 93.41 priority: 0
  taskPos: 24 taskId: 277 ETC: 81.3 priority: 0
  taskPos: 25 taskId: 91 ETC: 62.17 priority: 0
  taskPos: 26 taskId: 129 ETC: 7.3 priority: 0
> machineId: 17
  taskPos: 0 taskId: 133 ETC: 0.1 priority: 0
  taskPos: 1 taskId: 79 ETC: 0.12 priority: 0
  taskPos: 2 taskId: 509 ETC: 5.58 priority: 0
  taskPos: 3 taskId: 919 ETC: 0.99 priority: 0
  taskPos: 4 taskId: 367 ETC: 1.31 priority: 0
  taskPos: 5 taskId: 403 ETC: 1.09 priority: 0
  taskPos: 6 taskId: 375 ETC: 7.53 priority: 0
  taskPos: 7 taskId: 89 ETC: 7.37 priority: 0
  taskPos: 8 taskId: 115 ETC: 11.11 priority: 0
  taskPos: 9 taskId: 335 ETC: 11.49 priority: 0
  taskPos: 10 taskId: 513 ETC: 9.4 priority: 0
  taskPos: 11 taskId: 425 ETC: 2.15 priority: 0
  taskPos: 12 taskId: 779 ETC: 13.57 priority: 0
  taskPos: 13 taskId: 61 ETC: 10.94 priority: 0
  taskPos: 14 taskId: 249 ETC: 17.68 priority: 0
  taskPos: 15 taskId: 649 ETC: 63.97 priority: 0
  taskPos: 16 taskId: 217 ETC: 28.85 priority: 0
  taskPos: 17 taskId: 279 ETC: 54.1 priority: 0
  taskPos: 18 taskId: 457 ETC: 47.47 priority: 0
  taskPos: 19 taskId: 842 ETC: 165.82 priority: 0
  taskPos: 20 taskId: 281 ETC: 15.34 priority: 0
  taskPos: 21 taskId: 762 ETC: 388.92 priority: 0
  taskPos: 22 taskId: 72 ETC: 361.68 priority: 0
> machineId: 18
  taskPos: 0 taskId: 355 ETC: 0.76 priority: 0
  taskPos: 1 taskId: 85 ETC: 2.55 priority: 0
  taskPos: 2 taskId: 99 ETC: 3.11 priority: 0
  taskPos: 3 taskId: 139 ETC: 3.64 priority: 0
  taskPos: 4 taskId: 349 ETC: 14.15 priority: 0
  taskPos: 5 taskId: 1005 ETC: 3.64 priority: 0
  taskPos: 6 taskId: 695 ETC: 11.82 priority: 0
  taskPos: 7 taskId: 419 ETC: 4.44 priority: 0
  taskPos: 8 taskId: 797 ETC: 27.97 priority: 0
  taskPos: 9 taskId: 837 ETC: 19.28 priority: 0
  taskPos: 10 taskId: 643 ETC: 8.7 priority: 0
  taskPos: 11 taskId: 769 ETC: 20.22 priority: 0
  taskPos: 12 taskId: 501 ETC: 31.72 priority: 0
  taskPos: 13 taskId: 456 ETC: 520.59 priority: 0
  taskPos: 14 taskId: 655 ETC: 96.37 priority: 0
  taskPos: 15 taskId: 667 ETC: 24.5 priority: 0
  taskPos: 16 taskId: 981 ETC: 80.13 priority: 0
  taskPos: 17 taskId: 752 ETC: 361.76 priority: 0
> machineId: 19
  taskPos: 0 taskId: 125 ETC: 2.44 priority: 0
  taskPos: 1 taskId: 63 ETC: 1.45 priority: 0
  taskPos: 2 taskId: 713 ETC: 14.24 priority: 0
  taskPos: 3 taskId: 591 ETC: 4.69 priority: 0
  taskPos: 4 taskId: 515 ETC: 5.93 priority: 0
  taskPos: 5 taskId: 825 ETC: 4.59 priority: 0
  taskPos: 6 taskId: 27 ETC: 18.59 priority: 0
  taskPos: 7 taskId: 942 ETC: 202.78 priority: 0
  taskPos: 8 taskId: 639 ETC: 2.83 priority: 0
  taskPos: 9 taskId: 506 ETC: 167.45 priority: 0
  taskPos: 10 taskId: 941 ETC: 226.2 priority: 0
  taskPos: 11 taskId: 213 ETC: 34.75 priority: 0
  taskPos: 12 taskId: 481 ETC: 26.34 priority: 0
  taskPos: 13 taskId: 291 ETC: 58.03 priority: 0
  taskPos: 14 taskId: 789 ETC: 50.98 priority: 0
  taskPos: 15 taskId: 165 ETC: 368.43 priority: 0
  taskPos: 16 taskId: 865 ETC: 43.79 priority: 0
> machineId: 20
  taskPos: 0 taskId: 653 ETC: 1.18 priority: 0
  taskPos: 1 taskId: 379 ETC: 0.67 priority: 0
  taskPos: 2 taskId: 793 ETC: 1.34 priority: 0
  taskPos: 3 taskId: 407 ETC: 2.99 priority: 0
  taskPos: 4 taskId: 689 ETC: 1.67 priority: 0
  taskPos: 5 taskId: 413 ETC: 5.75 priority: 0
  taskPos: 6 taskId: 69 ETC: 3.52 priority: 0
  taskPos: 7 taskId: 298 ETC: 422.12 priority: 0
  taskPos: 8 taskId: 421 ETC: 9.52 priority: 0
  taskPos: 9 taskId: 57 ETC: 5.31 priority: 0
  taskPos: 10 taskId: 81 ETC: 13.53 priority: 0
  taskPos: 11 taskId: 597 ETC: 4.95 priority: 0
  taskPos: 12 taskId: 313 ETC: 2.37 priority: 0
  taskPos: 13 taskId: 819 ETC: 27.77 priority: 0
  taskPos: 14 taskId: 989 ETC: 80.22 priority: 0
  taskPos: 15 taskId: 723 ETC: 23.74 priority: 0
  taskPos: 16 taskId: 87 ETC: 19.73 priority: 0
  taskPos: 17 taskId: 1 ETC: 25.45 priority: 0
  taskPos: 18 taskId: 260 ETC: 244.31 priority: 0
  taskPos: 19 taskId: 525 ETC: 25.74 priority: 0
  taskPos: 20 taskId: 977 ETC: 67.04 priority: 0
  taskPos: 21 taskId: 324 ETC: 246.65 priority: 0
> machineId: 21
  taskPos: 0 taskId: 491 ETC: 0.03 priority: 0
  taskPos: 1 taskId: 47 ETC: 14.71 priority: 0
  taskPos: 2 taskId: 773 ETC: 122.13 priority: 0
  taskPos: 3 taskId: 933 ETC: 14.7 priority: 0
  taskPos: 4 taskId: 1017 ETC: 1.57 priority: 0
  taskPos: 5 taskId: 1013 ETC: 3.8 priority: 0
  taskPos: 6 taskId: 181 ETC: 15.19 priority: 0
  taskPos: 7 taskId: 939 ETC: 15.2 priority: 0
  taskPos: 8 taskId: 25 ETC: 29.75 priority: 0
  taskPos: 9 taskId: 267 ETC: 24.91 priority: 0
  taskPos: 10 taskId: 815 ETC: 6.95 priority: 0
  taskPos: 11 taskId: 443 ETC: 13.13 priority: 0
  taskPos: 12 taskId: 337 ETC: 18.07 priority: 0
  taskPos: 13 taskId: 638 ETC: 641.76 priority: 0
  taskPos: 14 taskId: 587 ETC: 54.12 priority: 0
  taskPos: 15 taskId: 109 ETC: 83.99 priority: 0
  taskPos: 16 taskId: 841 ETC: 62.69 priority: 0
  taskPos: 17 taskId: 465 ETC: 84.9 priority: 0
> machineId: 22
  taskPos: 0 taskId: 657 ETC: 0.31 priority: 0
  taskPos: 1 taskId: 485 ETC: 0.96 priority: 0
  taskPos: 2 taskId: 935 ETC: 1.45 priority: 0
  taskPos: 3 taskId: 699 ETC: 7.52 priority: 0
  taskPos: 4 taskId: 563 ETC: 1.95 priority: 0
  taskPos: 5 taskId: 21 ETC: 20.19 priority: 0
  taskPos: 6 taskId: 487 ETC: 2.4 priority: 0
  taskPos: 7 taskId: 499 ETC: 6.19 priority: 0
  taskPos: 8 taskId: 93 ETC: 27.31 priority: 0
  taskPos: 9 taskId: 417 ETC: 4.49 priority: 0
  taskPos: 10 taskId: 517 ETC: 2.27 priority: 0
  taskPos: 11 taskId: 791 ETC: 18.03 priority: 0
  taskPos: 12 taskId: 799 ETC: 7.85 priority: 0
  taskPos: 13 taskId: 891 ETC: 36.65 priority: 0
  taskPos: 14 taskId: 922 ETC: 712.53 priority: 0
  taskPos: 15 taskId: 395 ETC: 25.99 priority: 0
  taskPos: 16 taskId: 301 ETC: 8.3 priority: 0
  taskPos: 17 taskId: 311 ETC: 39.75 priority: 0
  taskPos: 18 taskId: 703 ETC: 71.51 priority: 0
  taskPos: 19 taskId: 203 ETC: 19.48 priority: 0
  taskPos: 20 taskId: 548 ETC: 229.65 priority: 0
> machineId: 23
  taskPos: 0 taskId: 489 ETC: 1.5 priority: 0
  taskPos: 1 taskId: 33 ETC: 28.97 priority: 0
  taskPos: 2 taskId: 461 ETC: 1.59 priority: 0
  taskPos: 3 taskId: 113 ETC: 5.72 priority: 0
  taskPos: 4 taskId: 741 ETC: 1.68 priority: 0
  taskPos: 5 taskId: 147 ETC: 10.73 priority: 0
  taskPos: 6 taskId: 949 ETC: 5.42 priority: 0
  taskPos: 7 taskId: 765 ETC: 10.31 priority: 0
  taskPos: 8 taskId: 677 ETC: 6.31 priority: 0
  taskPos: 9 taskId: 433 ETC: 18.29 priority: 0
  taskPos: 10 taskId: 953 ETC: 2.55 priority: 0
  taskPos: 11 taskId: 357 ETC: 4.99 priority: 0
  taskPos: 12 taskId: 553 ETC: 8.43 priority: 0
  taskPos: 13 taskId: 227 ETC: 0.66 priority: 0
  taskPos: 14 taskId: 916 ETC: 505.16 priority: 0
  taskPos: 15 taskId: 319 ETC: 112.07 priority: 0
  taskPos: 16 taskId: 991 ETC: 30.35 priority: 0
  taskPos: 17 taskId: 479 ETC: 76.63 priority: 0
  taskPos: 18 taskId: 954 ETC: 282.54 priority: 0
  taskPos: 19 taskId: 157 ETC: 12.15 priority: 0
  taskPos: 20 taskId: 3 ETC: 18 priority: 0
  taskPos: 21 taskId: 761 ETC: 19.27 priority: 0
> machineId: 24
  taskPos: 0 taskId: 49 ETC: 1.93 priority: 0
  taskPos: 1 taskId: 511 ETC: 4.29 priority: 0
  taskPos: 2 taskId: 467 ETC: 0.17 priority: 0
  taskPos: 3 taskId: 997 ETC: 31.02 priority: 0
  taskPos: 4 taskId: 873 ETC: 12.64 priority: 0
  taskPos: 5 taskId: 679 ETC: 7.71 priority: 0
  taskPos: 6 taskId: 823 ETC: 7.27 priority: 0
  taskPos: 7 taskId: 555 ETC: 96.81 priority: 0
  taskPos: 8 taskId: 83 ETC: 4.82 priority: 0
  taskPos: 9 taskId: 549 ETC: 21.65 priority: 0
  taskPos: 10 taskId: 323 ETC: 6.89 priority: 0
  taskPos: 11 taskId: 437 ETC: 7.96 priority: 0
  taskPos: 12 taskId: 811 ETC: 33.31 priority: 0
  taskPos: 13 taskId: 751 ETC: 43.41 priority: 0
  taskPos: 14 taskId: 7 ETC: 37.34 priority: 0
  taskPos: 15 taskId: 471 ETC: 1.8 priority: 0
  taskPos: 16 taskId: 833 ETC: 95.51 priority: 0
  taskPos: 17 taskId: 383 ETC: 38.94 priority: 0
  taskPos: 18 taskId: 466 ETC: 660.68 priority: 0
  taskPos: 19 taskId: 187 ETC: 31.11 priority: 0
  taskPos: 20 taskId: 145 ETC: 61.2 priority: 0
> machineId: 25
  taskPos: 0 taskId: 255 ETC: 0.63 priority: 0
  taskPos: 1 taskId: 373 ETC: 1.37 priority: 0
  taskPos: 2 taskId: 1003 ETC: 5.01 priority: 0
  taskPos: 3 taskId: 289 ETC: 3.77 priority: 0
  taskPos: 4 taskId: 455 ETC: 4.55 priority: 0
  taskPos: 5 taskId: 749 ETC: 122.41 priority: 0
  taskPos: 6 taskId: 9 ETC: 3.23 priority: 0
  taskPos: 7 taskId: 869 ETC: 6.54 priority: 0
  taskPos: 8 taskId: 321 ETC: 3.5 priority: 0
  taskPos: 9 taskId: 4 ETC: 412.78 priority: 0
  taskPos: 10 taskId: 303 ETC: 19.66 priority: 0
  taskPos: 11 taskId: 683 ETC: 21.77 priority: 0
  taskPos: 12 taskId: 215 ETC: 24.06 priority: 0
  taskPos: 13 taskId: 1009 ETC: 6.23 priority: 0
  taskPos: 14 taskId: 737 ETC: 11.22 priority: 0
  taskPos: 15 taskId: 911 ETC: 48.05 priority: 0
  taskPos: 16 taskId: 123 ETC: 45.83 priority: 0
  taskPos: 17 taskId: 59 ETC: 13.6 priority: 0
  taskPos: 18 taskId: 477 ETC: 22.57 priority: 0
  taskPos: 19 taskId: 411 ETC: 52.25 priority: 0
  taskPos: 20 taskId: 801 ETC: 136.18 priority: 0
  taskPos: 21 taskId: 159 ETC: 15.61 priority: 0
  taskPos: 22 taskId: 173 ETC: 43 priority: 0
  taskPos: 23 taskId: 441 ETC: 4.97 priority: 0
> machineId: 26
  taskPos: 0 taskId: 331 ETC: 0.24 priority: 0
  taskPos: 1 taskId: 957 ETC: 1.97 priority: 0
  taskPos: 2 taskId: 13 ETC: 53.32 priority: 0
  taskPos: 3 taskId: 453 ETC: 0.39 priority: 0
  taskPos: 4 taskId: 179 ETC: 7.82 priority: 0
  taskPos: 5 taskId: 245 ETC: 5.6 priority: 0
  taskPos: 6 taskId: 861 ETC: 5.34 priority: 0
  taskPos: 7 taskId: 637 ETC: 6.87 priority: 0
  taskPos: 8 taskId: 199 ETC: 9.11 priority: 0
  taskPos: 9 taskId: 299 ETC: 7.5 priority: 0
  taskPos: 10 taskId: 889 ETC: 4.52 priority: 0
  taskPos: 11 taskId: 681 ETC: 15.47 priority: 0
  taskPos: 12 taskId: 527 ETC: 12.97 priority: 0
  taskPos: 13 taskId: 45 ETC: 20.52 priority: 0
  taskPos: 14 taskId: 359 ETC: 19.98 priority: 0
  taskPos: 15 taskId: 495 ETC: 17.58 priority: 0
  taskPos: 16 taskId: 447 ETC: 62.92 priority: 0
  taskPos: 17 taskId: 314 ETC: 647.47 priority: 0
  taskPos: 18 taskId: 252 ETC: 305.15 priority: 0
  taskPos: 19 taskId: 201 ETC: 45.4 priority: 0
> machineId: 27
  taskPos: 0 taskId: 191 ETC: 7.15 priority: 0
  taskPos: 1 taskId: 1023 ETC: 3.84 priority: 0
  taskPos: 2 taskId: 993 ETC: 0.01 priority: 0
  taskPos: 3 taskId: 757 ETC: 1.22 priority: 0
  taskPos: 4 taskId: 399 ETC: 1.02 priority: 0
  taskPos: 5 taskId: 1019 ETC: 4.75 priority: 0
  taskPos: 6 taskId: 500 ETC: 40.03 priority: 0
  taskPos: 7 taskId: 285 ETC: 6.37 priority: 0
  taskPos: 8 taskId: 685 ETC: 6.83 priority: 0
  taskPos: 9 taskId: 309 ETC: 4.9 priority: 0
  taskPos: 10 taskId: 529 ETC: 9.03 priority: 0
  taskPos: 11 taskId: 185 ETC: 2.19 priority: 0
  taskPos: 12 taskId: 533 ETC: 4.89 priority: 0
  taskPos: 13 taskId: 899 ETC: 24.54 priority: 0
  taskPos: 14 taskId: 963 ETC: 17.65 priority: 0
  taskPos: 15 taskId: 877 ETC: 22.35 priority: 0
  taskPos: 16 taskId: 205 ETC: 1.56 priority: 0
  taskPos: 17 taskId: 567 ETC: 35.6 priority: 0
  taskPos: 18 taskId: 785 ETC: 66.72 priority: 0
  taskPos: 19 taskId: 445 ETC: 10.86 priority: 0
  taskPos: 20 taskId: 633 ETC: 36.13 priority: 0
  taskPos: 21 taskId: 644 ETC: 288.58 priority: 0
  taskPos: 22 taskId: 256 ETC: 621.25 priority: 0
> machineId: 28
  taskPos: 0 taskId: 943 ETC: 12.71 priority: 0
  taskPos: 1 taskId: 305 ETC: 8.33 priority: 0
  taskPos: 2 taskId: 280 ETC: 120.74 priority: 0
  taskPos: 3 taskId: 607 ETC: 30.26 priority: 0
  taskPos: 4 taskId: 661 ETC: 18.76 priority: 0
  taskPos: 5 taskId: 497 ETC: 53.48 priority: 0
  taskPos: 6 taskId: 531 ETC: 57.79 priority: 0
  taskPos: 7 taskId: 1001 ETC: 7.01 priority: 0
  taskPos: 8 taskId: 886 ETC: 222.45 priority: 0
  taskPos: 9 taskId: 333 ETC: 64.93 priority: 0
  taskPos: 10 taskId: 51 ETC: 9.72 priority: 0
  taskPos: 11 taskId: 41 ETC: 9.48 priority: 0
  taskPos: 12 taskId: 961 ETC: 51.69 priority: 0
  taskPos: 13 taskId: 372 ETC: 571.13 priority: 0
> machineId: 29
  taskPos: 0 taskId: 189 ETC: 0.49 priority: 0
  taskPos: 1 taskId: 617 ETC: 26.64 priority: 0
  taskPos: 2 taskId: 641 ETC: 0.88 priority: 0
  taskPos: 3 taskId: 973 ETC: 7.62 priority: 0
  taskPos: 4 taskId: 955 ETC: 1.91 priority: 0
  taskPos: 5 taskId: 169 ETC: 1.16 priority: 0
  taskPos: 6 taskId: 171 ETC: 0.09 priority: 0
  taskPos: 7 taskId: 807 ETC: 52.79 priority: 0
  taskPos: 8 taskId: 813 ETC: 7.97 priority: 0
  taskPos: 9 taskId: 67 ETC: 6.15 priority: 0
  taskPos: 10 taskId: 763 ETC: 18.26 priority: 0
  taskPos: 11 taskId: 53 ETC: 2.75 priority: 0
  taskPos: 12 taskId: 161 ETC: 0.76 priority: 0
  taskPos: 13 taskId: 743 ETC: 0.69 priority: 0
  taskPos: 14 taskId: 599 ETC: 12.69 priority: 0
  taskPos: 15 taskId: 908 ETC: 429 priority: 0
  taskPos: 16 taskId: 315 ETC: 11.26 priority: 0
  taskPos: 17 taskId: 669 ETC: 69.14 priority: 0
  taskPos: 18 taskId: 705 ETC: 36.93 priority: 0
  taskPos: 19 taskId: 631 ETC: 34.32 priority: 0
  taskPos: 20 taskId: 711 ETC: 25.27 priority: 0
  taskPos: 21 taskId: 775 ETC: 1.65 priority: 0
  taskPos: 22 taskId: 207 ETC: 21.81 priority: 0
  taskPos: 23 taskId: 829 ETC: 326.17 priority: 0
  taskPos: 24 taskId: 575 ETC: 19.34 priority: 0
  taskPos: 25 taskId: 831 ETC: 49.2 priority: 0
  taskPos: 26 taskId: 753 ETC: 26.41 priority: 0
  taskPos: 27 taskId: 709 ETC: 21.03 priority: 0
> machineId: 30
  taskPos: 0 taskId: 673 ETC: 0.88 priority: 0
  taskPos: 1 taskId: 959 ETC: 0.21 priority: 0
  taskPos: 2 taskId: 809 ETC: 3.45 priority: 0
  taskPos: 3 taskId: 736 ETC: 289.32 priority: 0
  taskPos: 4 taskId: 867 ETC: 4.96 priority: 0
  taskPos: 5 taskId: 697 ETC: 12.96 priority: 0
  taskPos: 6 taskId: 167 ETC: 29.43 priority: 0
  taskPos: 7 taskId: 1021 ETC: 105.67 priority: 0
  taskPos: 8 taskId: 573 ETC: 77.13 priority: 0
  taskPos: 9 taskId: 895 ETC: 13.14 priority: 0
  taskPos: 10 taskId: 523 ETC: 2.81 priority: 0
  taskPos: 11 taskId: 261 ETC: 3.52 priority: 0
  taskPos: 12 taskId: 293 ETC: 29.5 priority: 0
  taskPos: 13 taskId: 537 ETC: 1.28 priority: 0
  taskPos: 14 taskId: 795 ETC: 66.87 priority: 0
  taskPos: 15 taskId: 143 ETC: 29.74 priority: 0
  taskPos: 16 taskId: 851 ETC: 16.6 priority: 0
  taskPos: 17 taskId: 929 ETC: 4.42 priority: 0
  taskPos: 18 taskId: 660 ETC: 435.99 priority: 0
> machineId: 31
  taskPos: 0 taskId: 90 ETC: 315.69 priority: 0
  taskPos: 1 taskId: 209 ETC: 19.65 priority: 0
  taskPos: 2 taskId: 521 ETC: 4.55 priority: 0
  taskPos: 3 taskId: 295 ETC: 1.8 priority: 0
  taskPos: 4 taskId: 135 ETC: 26.04 priority: 0
  taskPos: 5 taskId: 219 ETC: 20.63 priority: 0
  taskPos: 6 taskId: 745 ETC: 18.16 priority: 0
  taskPos: 7 taskId: 787 ETC: 29.51 priority: 0
  taskPos: 8 taskId: 559 ETC: 36.87 priority: 0
  taskPos: 9 taskId: 687 ETC: 15.4 priority: 0
  taskPos: 10 taskId: 153 ETC: 26.26 priority: 0
  taskPos: 11 taskId: 619 ETC: 56.46 priority: 0
  taskPos: 12 taskId: 1015 ETC: 6.82 priority: 0
  taskPos: 13 taskId: 766 ETC: 434.41 priority: 0
  taskPos: 14 taskId: 783 ETC: 53.1 priority: 0
  taskPos: 15 taskId: 627 ETC: 19.96 priority: 0



 :( ---------------------- THE END --------------- :) 