[H[2J[INFO] TaskCount: 1024
[INFO] MachineCount: 32

[DEBUG] Inicialización MIN-MIN

Min-Min fitness: 17083.1

[DEBUG] Inicialización Sufferage

Sufferage fitness: 16366.2

[DEBUG] Inicialización random

[DEBUG] Inicialización random

[DEBUG] Inicialización random

[DEBUG] Inicialización MCT

MCT fitness: 22281.3

[DEBUG] Inicialización random

[DEBUG] Inicialización random

[DEBUG] Inicialización random

[DEBUG] Inicialización random

[DEBUG] Inicialización MCT

MCT fitness: 23166.4

[DEBUG] Inicialización random

[DEBUG] Inicialización random

[DEBUG] Inicialización random

[DEBUG] Inicialización random

 Current State ---------------------------------------------

Current trial: 1
Current iteration: 1500
Current evaluations: 22695
Current best cost: 15902.3
Current worst cost: 15902.3
Current Average cost: 15902.3
Current Standard Deviation: 0

Trial: 
Best cost trial: 15902.3
Worst cost trial: 410351
Iteration best found in trial: 1196
Time best found trial: 1.82134e+07
Time spent in trial: 2.34996e+07

Global: 
Global best cost: 15902.3
Global worst cost: 410351
Trial best found: 1
Iteration best found: 1196
Time best found: 1.82134e+07

Current time spent (so far): 2.34996e+07
Solution
> machineId: 0
  taskPos: 0 taskId: 730 ETC: 252.61 priority: 0
  taskPos: 1 taskId: 451 ETC: 987.54 priority: 0
  taskPos: 2 taskId: 169 ETC: 125.91 priority: 0
  taskPos: 3 taskId: 17 ETC: 63.37 priority: 0
  taskPos: 4 taskId: 156 ETC: 1458.16 priority: 0
  taskPos: 5 taskId: 475 ETC: 779.1 priority: 0
  taskPos: 6 taskId: 412 ETC: 63.39 priority: 0
  taskPos: 7 taskId: 586 ETC: 241.32 priority: 0
  taskPos: 8 taskId: 480 ETC: 164.05 priority: 0
  taskPos: 9 taskId: 119 ETC: 1885.43 priority: 0
  taskPos: 10 taskId: 693 ETC: 120.39 priority: 0
  taskPos: 11 taskId: 615 ETC: 30.68 priority: 0
  taskPos: 12 taskId: 549 ETC: 600.98 priority: 0
  taskPos: 13 taskId: 941 ETC: 378.52 priority: 0
  taskPos: 14 taskId: 661 ETC: 60.45 priority: 0
  taskPos: 15 taskId: 11 ETC: 170.8 priority: 0
  taskPos: 16 taskId: 255 ETC: 5.01 priority: 0
  taskPos: 17 taskId: 186 ETC: 1994.54 priority: 0
  taskPos: 18 taskId: 238 ETC: 361.4 priority: 0
  taskPos: 19 taskId: 290 ETC: 1085.92 priority: 0
  taskPos: 20 taskId: 325 ETC: 1332.96 priority: 0
  taskPos: 21 taskId: 541 ETC: 1279.08 priority: 0
  taskPos: 22 taskId: 713 ETC: 1300.99 priority: 0
  taskPos: 23 taskId: 467 ETC: 1095.67 priority: 0
> machineId: 1
  taskPos: 0 taskId: 324 ETC: 417.29 priority: 0
  taskPos: 1 taskId: 636 ETC: 240.63 priority: 0
  taskPos: 2 taskId: 881 ETC: 568.02 priority: 0
  taskPos: 3 taskId: 684 ETC: 1128.25 priority: 0
  taskPos: 4 taskId: 447 ETC: 123.61 priority: 0
  taskPos: 5 taskId: 454 ETC: 307.48 priority: 0
  taskPos: 6 taskId: 751 ETC: 572.04 priority: 0
  taskPos: 7 taskId: 151 ETC: 2.57 priority: 0
  taskPos: 8 taskId: 320 ETC: 96.74 priority: 0
  taskPos: 9 taskId: 331 ETC: 743.77 priority: 0
  taskPos: 10 taskId: 991 ETC: 338.81 priority: 0
  taskPos: 11 taskId: 902 ETC: 120.59 priority: 0
  taskPos: 12 taskId: 734 ETC: 103.2 priority: 0
  taskPos: 13 taskId: 835 ETC: 1234.84 priority: 0
  taskPos: 14 taskId: 92 ETC: 383.79 priority: 0
  taskPos: 15 taskId: 436 ETC: 1650.43 priority: 0
  taskPos: 16 taskId: 874 ETC: 11.25 priority: 0
  taskPos: 17 taskId: 27 ETC: 241.81 priority: 0
  taskPos: 18 taskId: 927 ETC: 764.64 priority: 0
  taskPos: 19 taskId: 649 ETC: 3201.93 priority: 0
  taskPos: 20 taskId: 824 ETC: 1198.67 priority: 0
  taskPos: 21 taskId: 757 ETC: 21.04 priority: 0
  taskPos: 22 taskId: 466 ETC: 485.61 priority: 0
  taskPos: 23 taskId: 784 ETC: 206.25 priority: 0
  taskPos: 24 taskId: 569 ETC: 710.55 priority: 0
  taskPos: 25 taskId: 947 ETC: 3.69 priority: 0
  taskPos: 26 taskId: 126 ETC: 47.6 priority: 0
  taskPos: 27 taskId: 264 ETC: 977.21 priority: 0
> machineId: 2
  taskPos: 0 taskId: 607 ETC: 554.73 priority: 0
  taskPos: 1 taskId: 583 ETC: 532.32 priority: 0
  taskPos: 2 taskId: 551 ETC: 552.62 priority: 0
  taskPos: 3 taskId: 972 ETC: 217.25 priority: 0
  taskPos: 4 taskId: 582 ETC: 1621.84 priority: 0
  taskPos: 5 taskId: 893 ETC: 80.36 priority: 0
  taskPos: 6 taskId: 598 ETC: 73.39 priority: 0
  taskPos: 7 taskId: 700 ETC: 45.89 priority: 0
  taskPos: 8 taskId: 417 ETC: 355.37 priority: 0
  taskPos: 9 taskId: 796 ETC: 622.89 priority: 0
  taskPos: 10 taskId: 102 ETC: 427.47 priority: 0
  taskPos: 11 taskId: 362 ETC: 146.22 priority: 0
  taskPos: 12 taskId: 970 ETC: 825.38 priority: 0
  taskPos: 13 taskId: 59 ETC: 397.12 priority: 0
  taskPos: 14 taskId: 130 ETC: 168.43 priority: 0
  taskPos: 15 taskId: 275 ETC: 83.68 priority: 0
  taskPos: 16 taskId: 963 ETC: 258.48 priority: 0
  taskPos: 17 taskId: 612 ETC: 559.46 priority: 0
  taskPos: 18 taskId: 652 ETC: 124.7 priority: 0
  taskPos: 19 taskId: 873 ETC: 631.57 priority: 0
  taskPos: 20 taskId: 849 ETC: 1605.94 priority: 0
  taskPos: 21 taskId: 260 ETC: 77.65 priority: 0
  taskPos: 22 taskId: 530 ETC: 360.4 priority: 0
  taskPos: 23 taskId: 962 ETC: 1223.52 priority: 0
  taskPos: 24 taskId: 932 ETC: 572.28 priority: 0
  taskPos: 25 taskId: 579 ETC: 1.72 priority: 0
  taskPos: 26 taskId: 488 ETC: 1005.56 priority: 0
  taskPos: 27 taskId: 793 ETC: 218.95 priority: 0
  taskPos: 28 taskId: 361 ETC: 746.26 priority: 0
  taskPos: 29 taskId: 754 ETC: 171.99 priority: 0
  taskPos: 30 taskId: 244 ETC: 91.64 priority: 0
  taskPos: 31 taskId: 68 ETC: 299.18 priority: 0
  taskPos: 32 taskId: 145 ETC: 920.37 priority: 0
  taskPos: 33 taskId: 230 ETC: 223.03 priority: 0
> machineId: 3
  taskPos: 0 taskId: 125 ETC: 1012.42 priority: 0
  taskPos: 1 taskId: 689 ETC: 944.28 priority: 0
  taskPos: 2 taskId: 999 ETC: 564.9 priority: 0
  taskPos: 3 taskId: 521 ETC: 979.24 priority: 0
  taskPos: 4 taskId: 444 ETC: 126.83 priority: 0
  taskPos: 5 taskId: 133 ETC: 819.94 priority: 0
  taskPos: 6 taskId: 2 ETC: 99.46 priority: 0
  taskPos: 7 taskId: 251 ETC: 1593.46 priority: 0
  taskPos: 8 taskId: 708 ETC: 242.16 priority: 0
  taskPos: 9 taskId: 117 ETC: 2014 priority: 0
  taskPos: 10 taskId: 542 ETC: 1323.02 priority: 0
  taskPos: 11 taskId: 55 ETC: 30.97 priority: 0
  taskPos: 12 taskId: 124 ETC: 30.31 priority: 0
  taskPos: 13 taskId: 828 ETC: 585.1 priority: 0
  taskPos: 14 taskId: 561 ETC: 69.35 priority: 0
  taskPos: 15 taskId: 557 ETC: 2680.98 priority: 0
  taskPos: 16 taskId: 311 ETC: 265.12 priority: 0
  taskPos: 17 taskId: 957 ETC: 113.45 priority: 0
  taskPos: 18 taskId: 952 ETC: 176.19 priority: 0
  taskPos: 19 taskId: 820 ETC: 1010.27 priority: 0
  taskPos: 20 taskId: 374 ETC: 0.07 priority: 0
  taskPos: 21 taskId: 337 ETC: 211.76 priority: 0
  taskPos: 22 taskId: 414 ETC: 33.54 priority: 0
  taskPos: 23 taskId: 907 ETC: 28.96 priority: 0
  taskPos: 24 taskId: 110 ETC: 13.03 priority: 0
  taskPos: 25 taskId: 111 ETC: 184.83 priority: 0
  taskPos: 26 taskId: 987 ETC: 87.62 priority: 0
> machineId: 4
  taskPos: 0 taskId: 192 ETC: 443.38 priority: 0
  taskPos: 1 taskId: 944 ETC: 534.25 priority: 0
  taskPos: 2 taskId: 665 ETC: 1347.16 priority: 0
  taskPos: 3 taskId: 695 ETC: 1776.46 priority: 0
  taskPos: 4 taskId: 223 ETC: 396.83 priority: 0
  taskPos: 5 taskId: 473 ETC: 690.66 priority: 0
  taskPos: 6 taskId: 388 ETC: 251.88 priority: 0
  taskPos: 7 taskId: 880 ETC: 1184.38 priority: 0
  taskPos: 8 taskId: 46 ETC: 301.67 priority: 0
  taskPos: 9 taskId: 437 ETC: 276.32 priority: 0
  taskPos: 10 taskId: 539 ETC: 118.62 priority: 0
  taskPos: 11 taskId: 303 ETC: 631.25 priority: 0
  taskPos: 12 taskId: 237 ETC: 621.38 priority: 0
  taskPos: 13 taskId: 1021 ETC: 77.79 priority: 0
  taskPos: 14 taskId: 134 ETC: 454.36 priority: 0
  taskPos: 15 taskId: 680 ETC: 2443.72 priority: 0
  taskPos: 16 taskId: 406 ETC: 265.14 priority: 0
  taskPos: 17 taskId: 114 ETC: 112.46 priority: 0
  taskPos: 18 taskId: 702 ETC: 210.67 priority: 0
  taskPos: 19 taskId: 450 ETC: 622.88 priority: 0
  taskPos: 20 taskId: 334 ETC: 120.27 priority: 0
  taskPos: 21 taskId: 88 ETC: 59.69 priority: 0
  taskPos: 22 taskId: 483 ETC: 108.93 priority: 0
  taskPos: 23 taskId: 44 ETC: 108.65 priority: 0
  taskPos: 24 taskId: 468 ETC: 473.8 priority: 0
  taskPos: 25 taskId: 853 ETC: 120.06 priority: 0
  taskPos: 26 taskId: 732 ETC: 63.46 priority: 0
  taskPos: 27 taskId: 200 ETC: 452.22 priority: 0
  taskPos: 28 taskId: 630 ETC: 92.57 priority: 0
  taskPos: 29 taskId: 105 ETC: 857.65 priority: 0
  taskPos: 30 taskId: 352 ETC: 126.03 priority: 0
> machineId: 5
  taskPos: 0 taskId: 527 ETC: 472.94 priority: 0
  taskPos: 1 taskId: 564 ETC: 619.03 priority: 0
  taskPos: 2 taskId: 256 ETC: 138.1 priority: 0
  taskPos: 3 taskId: 929 ETC: 42.19 priority: 0
  taskPos: 4 taskId: 673 ETC: 22.4 priority: 0
  taskPos: 5 taskId: 821 ETC: 139.81 priority: 0
  taskPos: 6 taskId: 884 ETC: 396 priority: 0
  taskPos: 7 taskId: 525 ETC: 351.36 priority: 0
  taskPos: 8 taskId: 552 ETC: 199.84 priority: 0
  taskPos: 9 taskId: 611 ETC: 66.31 priority: 0
  taskPos: 10 taskId: 494 ETC: 151.46 priority: 0
  taskPos: 11 taskId: 1009 ETC: 736.32 priority: 0
  taskPos: 12 taskId: 911 ETC: 973.45 priority: 0
  taskPos: 13 taskId: 376 ETC: 1372.35 priority: 0
  taskPos: 14 taskId: 889 ETC: 60.26 priority: 0
  taskPos: 15 taskId: 391 ETC: 1553.77 priority: 0
  taskPos: 16 taskId: 410 ETC: 825.73 priority: 0
  taskPos: 17 taskId: 497 ETC: 21.85 priority: 0
  taskPos: 18 taskId: 515 ETC: 359.93 priority: 0
  taskPos: 19 taskId: 679 ETC: 765.51 priority: 0
  taskPos: 20 taskId: 701 ETC: 79.37 priority: 0
  taskPos: 21 taskId: 606 ETC: 8.09 priority: 0
  taskPos: 22 taskId: 912 ETC: 477.16 priority: 0
  taskPos: 23 taskId: 801 ETC: 645.28 priority: 0
  taskPos: 24 taskId: 540 ETC: 255.11 priority: 0
  taskPos: 25 taskId: 489 ETC: 499.55 priority: 0
  taskPos: 26 taskId: 752 ETC: 101.05 priority: 0
  taskPos: 27 taskId: 812 ETC: 626.08 priority: 0
  taskPos: 28 taskId: 487 ETC: 26.66 priority: 0
  taskPos: 29 taskId: 198 ETC: 586.11 priority: 0
  taskPos: 30 taskId: 848 ETC: 1342.06 priority: 0
  taskPos: 31 taskId: 440 ETC: 146.06 priority: 0
  taskPos: 32 taskId: 476 ETC: 492.98 priority: 0
  taskPos: 33 taskId: 683 ETC: 15.05 priority: 0
  taskPos: 34 taskId: 623 ETC: 144.3 priority: 0
  taskPos: 35 taskId: 897 ETC: 25.13 priority: 0
  taskPos: 36 taskId: 345 ETC: 88.96 priority: 0
  taskPos: 37 taskId: 609 ETC: 23.9 priority: 0
  taskPos: 38 taskId: 862 ETC: 22.34 priority: 0
  taskPos: 39 taskId: 627 ETC: 389.19 priority: 0
  taskPos: 40 taskId: 393 ETC: 54.92 priority: 0
  taskPos: 41 taskId: 826 ETC: 195.4 priority: 0
  taskPos: 42 taskId: 390 ETC: 175.22 priority: 0
  taskPos: 43 taskId: 76 ETC: 1.18 priority: 0
  taskPos: 44 taskId: 833 ETC: 67.66 priority: 0
> machineId: 6
  taskPos: 0 taskId: 975 ETC: 378.56 priority: 0
  taskPos: 1 taskId: 883 ETC: 198.74 priority: 0
  taskPos: 2 taskId: 735 ETC: 6.94 priority: 0
  taskPos: 3 taskId: 396 ETC: 189.74 priority: 0
  taskPos: 4 taskId: 196 ETC: 229.44 priority: 0
  taskPos: 5 taskId: 304 ETC: 288.41 priority: 0
  taskPos: 6 taskId: 626 ETC: 1572.95 priority: 0
  taskPos: 7 taskId: 24 ETC: 80.69 priority: 0
  taskPos: 8 taskId: 845 ETC: 450.58 priority: 0
  taskPos: 9 taskId: 773 ETC: 2.61 priority: 0
  taskPos: 10 taskId: 228 ETC: 196.31 priority: 0
  taskPos: 11 taskId: 621 ETC: 356.39 priority: 0
  taskPos: 12 taskId: 443 ETC: 2144.74 priority: 0
  taskPos: 13 taskId: 643 ETC: 659.92 priority: 0
  taskPos: 14 taskId: 226 ETC: 307.71 priority: 0
  taskPos: 15 taskId: 875 ETC: 431.26 priority: 0
  taskPos: 16 taskId: 420 ETC: 158.67 priority: 0
  taskPos: 17 taskId: 954 ETC: 51.13 priority: 0
  taskPos: 18 taskId: 87 ETC: 1301.1 priority: 0
  taskPos: 19 taskId: 584 ETC: 168.97 priority: 0
  taskPos: 20 taskId: 870 ETC: 280.97 priority: 0
  taskPos: 21 taskId: 554 ETC: 1161.79 priority: 0
  taskPos: 22 taskId: 419 ETC: 402.5 priority: 0
  taskPos: 23 taskId: 651 ETC: 940.66 priority: 0
  taskPos: 24 taskId: 995 ETC: 86.48 priority: 0
  taskPos: 25 taskId: 441 ETC: 2236.69 priority: 0
  taskPos: 26 taskId: 3 ETC: 158.2 priority: 0
  taskPos: 27 taskId: 278 ETC: 246.91 priority: 0
  taskPos: 28 taskId: 288 ETC: 139.32 priority: 0
  taskPos: 29 taskId: 394 ETC: 12.99 priority: 0
  taskPos: 30 taskId: 326 ETC: 288.35 priority: 0
  taskPos: 31 taskId: 139 ETC: 218.99 priority: 0
  taskPos: 32 taskId: 1001 ETC: 136.85 priority: 0
> machineId: 7
  taskPos: 0 taskId: 157 ETC: 561.26 priority: 0
  taskPos: 1 taskId: 637 ETC: 670.47 priority: 0
  taskPos: 2 taskId: 79 ETC: 808.38 priority: 0
  taskPos: 3 taskId: 455 ETC: 1788.79 priority: 0
  taskPos: 4 taskId: 746 ETC: 16.83 priority: 0
  taskPos: 5 taskId: 23 ETC: 189.31 priority: 0
  taskPos: 6 taskId: 823 ETC: 254.83 priority: 0
  taskPos: 7 taskId: 513 ETC: 31.53 priority: 0
  taskPos: 8 taskId: 1018 ETC: 1168.21 priority: 0
  taskPos: 9 taskId: 446 ETC: 666.4 priority: 0
  taskPos: 10 taskId: 838 ETC: 314.82 priority: 0
  taskPos: 11 taskId: 416 ETC: 527.82 priority: 0
  taskPos: 12 taskId: 917 ETC: 113.06 priority: 0
  taskPos: 13 taskId: 687 ETC: 610.53 priority: 0
  taskPos: 14 taskId: 925 ETC: 442.22 priority: 0
  taskPos: 15 taskId: 811 ETC: 768.5 priority: 0
  taskPos: 16 taskId: 357 ETC: 876.93 priority: 0
  taskPos: 17 taskId: 479 ETC: 17.86 priority: 0
  taskPos: 18 taskId: 868 ETC: 1714.3 priority: 0
  taskPos: 19 taskId: 174 ETC: 461.62 priority: 0
  taskPos: 20 taskId: 507 ETC: 17.78 priority: 0
  taskPos: 21 taskId: 973 ETC: 7.81 priority: 0
  taskPos: 22 taskId: 863 ETC: 637.66 priority: 0
  taskPos: 23 taskId: 51 ETC: 236.32 priority: 0
  taskPos: 24 taskId: 634 ETC: 344.24 priority: 0
  taskPos: 25 taskId: 268 ETC: 95.48 priority: 0
  taskPos: 26 taskId: 608 ETC: 55.43 priority: 0
  taskPos: 27 taskId: 207 ETC: 118.28 priority: 0
  taskPos: 28 taskId: 710 ETC: 31.43 priority: 0
  taskPos: 29 taskId: 771 ETC: 26.64 priority: 0
  taskPos: 30 taskId: 789 ETC: 343.3 priority: 0
  taskPos: 31 taskId: 548 ETC: 1673.71 priority: 0
  taskPos: 32 taskId: 990 ETC: 58.98 priority: 0
> machineId: 8
  taskPos: 0 taskId: 456 ETC: 417.53 priority: 0
  taskPos: 1 taskId: 245 ETC: 1039.13 priority: 0
  taskPos: 2 taskId: 12 ETC: 422.97 priority: 0
  taskPos: 3 taskId: 123 ETC: 418.65 priority: 0
  taskPos: 4 taskId: 931 ETC: 709.3 priority: 0
  taskPos: 5 taskId: 806 ETC: 515.81 priority: 0
  taskPos: 6 taskId: 596 ETC: 1172.13 priority: 0
  taskPos: 7 taskId: 185 ETC: 118.35 priority: 0
  taskPos: 8 taskId: 342 ETC: 291.15 priority: 0
  taskPos: 9 taskId: 1010 ETC: 562.3 priority: 0
  taskPos: 10 taskId: 711 ETC: 163.5 priority: 0
  taskPos: 11 taskId: 28 ETC: 1751.77 priority: 0
  taskPos: 12 taskId: 484 ETC: 821.22 priority: 0
  taskPos: 13 taskId: 943 ETC: 366.15 priority: 0
  taskPos: 14 taskId: 261 ETC: 433.05 priority: 0
  taskPos: 15 taskId: 638 ETC: 90.22 priority: 0
  taskPos: 16 taskId: 745 ETC: 190.75 priority: 0
  taskPos: 17 taskId: 581 ETC: 142.29 priority: 0
  taskPos: 18 taskId: 570 ETC: 284.45 priority: 0
  taskPos: 19 taskId: 482 ETC: 282.36 priority: 0
  taskPos: 20 taskId: 790 ETC: 698.22 priority: 0
  taskPos: 21 taskId: 25 ETC: 221.48 priority: 0
  taskPos: 22 taskId: 736 ETC: 1128.05 priority: 0
  taskPos: 23 taskId: 866 ETC: 69.21 priority: 0
  taskPos: 24 taskId: 740 ETC: 139.03 priority: 0
  taskPos: 25 taskId: 538 ETC: 26 priority: 0
  taskPos: 26 taskId: 460 ETC: 424.89 priority: 0
  taskPos: 27 taskId: 340 ETC: 160.06 priority: 0
  taskPos: 28 taskId: 70 ETC: 172.26 priority: 0
  taskPos: 29 taskId: 767 ETC: 240.34 priority: 0
  taskPos: 30 taskId: 685 ETC: 33.02 priority: 0
  taskPos: 31 taskId: 363 ETC: 114.66 priority: 0
  taskPos: 32 taskId: 858 ETC: 32.21 priority: 0
  taskPos: 33 taskId: 562 ETC: 128.26 priority: 0
  taskPos: 34 taskId: 96 ETC: 68.52 priority: 0
  taskPos: 35 taskId: 360 ETC: 384.46 priority: 0
  taskPos: 36 taskId: 373 ETC: 514.98 priority: 0
  taskPos: 37 taskId: 448 ETC: 41.23 priority: 0
  taskPos: 38 taskId: 148 ETC: 23.29 priority: 0
  taskPos: 39 taskId: 654 ETC: 106.9 priority: 0
  taskPos: 40 taskId: 1023 ETC: 267.21 priority: 0
  taskPos: 41 taskId: 395 ETC: 277.35 priority: 0
> machineId: 9
  taskPos: 0 taskId: 982 ETC: 449.67 priority: 0
  taskPos: 1 taskId: 578 ETC: 46.44 priority: 0
  taskPos: 2 taskId: 810 ETC: 250.22 priority: 0
  taskPos: 3 taskId: 536 ETC: 1439.06 priority: 0
  taskPos: 4 taskId: 968 ETC: 42.15 priority: 0
  taskPos: 5 taskId: 236 ETC: 491.66 priority: 0
  taskPos: 6 taskId: 78 ETC: 427.2 priority: 0
  taskPos: 7 taskId: 34 ETC: 1235.59 priority: 0
  taskPos: 8 taskId: 510 ETC: 106.33 priority: 0
  taskPos: 9 taskId: 840 ETC: 954.62 priority: 0
  taskPos: 10 taskId: 225 ETC: 496.6 priority: 0
  taskPos: 11 taskId: 940 ETC: 459.21 priority: 0
  taskPos: 12 taskId: 217 ETC: 2367.96 priority: 0
  taskPos: 13 taskId: 216 ETC: 203.46 priority: 0
  taskPos: 14 taskId: 299 ETC: 180.68 priority: 0
  taskPos: 15 taskId: 150 ETC: 122.1 priority: 0
  taskPos: 16 taskId: 869 ETC: 164.48 priority: 0
  taskPos: 17 taskId: 886 ETC: 860.84 priority: 0
  taskPos: 18 taskId: 265 ETC: 302.57 priority: 0
  taskPos: 19 taskId: 682 ETC: 77.89 priority: 0
  taskPos: 20 taskId: 329 ETC: 140.88 priority: 0
  taskPos: 21 taskId: 635 ETC: 534.72 priority: 0
  taskPos: 22 taskId: 315 ETC: 1828.94 priority: 0
  taskPos: 23 taskId: 372 ETC: 96.38 priority: 0
  taskPos: 24 taskId: 935 ETC: 144.33 priority: 0
  taskPos: 25 taskId: 535 ETC: 44.05 priority: 0
  taskPos: 26 taskId: 859 ETC: 39.11 priority: 0
  taskPos: 27 taskId: 519 ETC: 516.09 priority: 0
  taskPos: 28 taskId: 563 ETC: 1089.91 priority: 0
  taskPos: 29 taskId: 948 ETC: 452.38 priority: 0
> machineId: 10
  taskPos: 0 taskId: 1000 ETC: 956.77 priority: 0
  taskPos: 1 taskId: 1 ETC: 598.16 priority: 0
  taskPos: 2 taskId: 831 ETC: 222.58 priority: 0
  taskPos: 3 taskId: 284 ETC: 1322.1 priority: 0
  taskPos: 4 taskId: 978 ETC: 118.57 priority: 0
  taskPos: 5 taskId: 147 ETC: 2631 priority: 0
  taskPos: 6 taskId: 901 ETC: 278.05 priority: 0
  taskPos: 7 taskId: 143 ETC: 127.31 priority: 0
  taskPos: 8 taskId: 696 ETC: 347.01 priority: 0
  taskPos: 9 taskId: 306 ETC: 392.75 priority: 0
  taskPos: 10 taskId: 842 ETC: 796.23 priority: 0
  taskPos: 11 taskId: 62 ETC: 277.6 priority: 0
  taskPos: 12 taskId: 657 ETC: 309.2 priority: 0
  taskPos: 13 taskId: 229 ETC: 412.37 priority: 0
  taskPos: 14 taskId: 136 ETC: 60.76 priority: 0
  taskPos: 15 taskId: 786 ETC: 1356.28 priority: 0
  taskPos: 16 taskId: 366 ETC: 320.13 priority: 0
  taskPos: 17 taskId: 769 ETC: 399.11 priority: 0
  taskPos: 18 taskId: 97 ETC: 760.64 priority: 0
  taskPos: 19 taskId: 721 ETC: 721.56 priority: 0
  taskPos: 20 taskId: 632 ETC: 347.57 priority: 0
  taskPos: 21 taskId: 625 ETC: 55.28 priority: 0
  taskPos: 22 taskId: 491 ETC: 425.3 priority: 0
  taskPos: 23 taskId: 434 ETC: 161.71 priority: 0
  taskPos: 24 taskId: 891 ETC: 294.58 priority: 0
  taskPos: 25 taskId: 529 ETC: 329 priority: 0
  taskPos: 26 taskId: 409 ETC: 203.75 priority: 0
  taskPos: 27 taskId: 697 ETC: 1184.44 priority: 0
> machineId: 11
  taskPos: 0 taskId: 432 ETC: 2681.16 priority: 0
  taskPos: 1 taskId: 645 ETC: 1585.21 priority: 0
  taskPos: 2 taskId: 14 ETC: 713.06 priority: 0
  taskPos: 3 taskId: 675 ETC: 801.92 priority: 0
  taskPos: 4 taskId: 327 ETC: 361.89 priority: 0
  taskPos: 5 taskId: 900 ETC: 212.27 priority: 0
  taskPos: 6 taskId: 398 ETC: 180.24 priority: 0
  taskPos: 7 taskId: 591 ETC: 3754.16 priority: 0
  taskPos: 8 taskId: 572 ETC: 208.85 priority: 0
  taskPos: 9 taskId: 179 ETC: 23.41 priority: 0
  taskPos: 10 taskId: 246 ETC: 631.07 priority: 0
  taskPos: 11 taskId: 503 ETC: 456.92 priority: 0
  taskPos: 12 taskId: 951 ETC: 181.04 priority: 0
  taskPos: 13 taskId: 764 ETC: 191.02 priority: 0
  taskPos: 14 taskId: 631 ETC: 610.6 priority: 0
  taskPos: 15 taskId: 694 ETC: 156.03 priority: 0
  taskPos: 16 taskId: 423 ETC: 231.7 priority: 0
  taskPos: 17 taskId: 669 ETC: 1162.59 priority: 0
  taskPos: 18 taskId: 269 ETC: 386.41 priority: 0
  taskPos: 19 taskId: 4 ETC: 7.6 priority: 0
  taskPos: 20 taskId: 338 ETC: 178.8 priority: 0
  taskPos: 21 taskId: 495 ETC: 302.2 priority: 0
  taskPos: 22 taskId: 469 ETC: 514.24 priority: 0
> machineId: 12
  taskPos: 0 taskId: 116 ETC: 85.22 priority: 0
  taskPos: 1 taskId: 131 ETC: 58.03 priority: 0
  taskPos: 2 taskId: 457 ETC: 82.83 priority: 0
  taskPos: 3 taskId: 333 ETC: 416.74 priority: 0
  taskPos: 4 taskId: 876 ETC: 1213.15 priority: 0
  taskPos: 5 taskId: 1017 ETC: 499.46 priority: 0
  taskPos: 6 taskId: 928 ETC: 369.55 priority: 0
  taskPos: 7 taskId: 330 ETC: 176.81 priority: 0
  taskPos: 8 taskId: 994 ETC: 574.68 priority: 0
  taskPos: 9 taskId: 195 ETC: 605.83 priority: 0
  taskPos: 10 taskId: 716 ETC: 1085.46 priority: 0
  taskPos: 11 taskId: 892 ETC: 1162.5 priority: 0
  taskPos: 12 taskId: 307 ETC: 779.59 priority: 0
  taskPos: 13 taskId: 72 ETC: 679.06 priority: 0
  taskPos: 14 taskId: 498 ETC: 171.32 priority: 0
  taskPos: 15 taskId: 462 ETC: 2386.59 priority: 0
  taskPos: 16 taskId: 259 ETC: 25.11 priority: 0
  taskPos: 17 taskId: 663 ETC: 41.43 priority: 0
  taskPos: 18 taskId: 276 ETC: 525.36 priority: 0
  taskPos: 19 taskId: 458 ETC: 0.15 priority: 0
  taskPos: 20 taskId: 518 ETC: 104.02 priority: 0
  taskPos: 21 taskId: 121 ETC: 60.5 priority: 0
  taskPos: 22 taskId: 375 ETC: 388.98 priority: 0
  taskPos: 23 taskId: 247 ETC: 43.17 priority: 0
  taskPos: 24 taskId: 629 ETC: 1001.83 priority: 0
  taskPos: 25 taskId: 939 ETC: 284.07 priority: 0
  taskPos: 26 taskId: 384 ETC: 80.38 priority: 0
  taskPos: 27 taskId: 371 ETC: 190.43 priority: 0
  taskPos: 28 taskId: 731 ETC: 77 priority: 0
  taskPos: 29 taskId: 39 ETC: 89.08 priority: 0
  taskPos: 30 taskId: 474 ETC: 347.89 priority: 0
  taskPos: 31 taskId: 890 ETC: 394.79 priority: 0
  taskPos: 32 taskId: 389 ETC: 86.49 priority: 0
  taskPos: 33 taskId: 772 ETC: 1410.03 priority: 0
  taskPos: 34 taskId: 916 ETC: 164.95 priority: 0
> machineId: 13
  taskPos: 0 taskId: 5 ETC: 181.22 priority: 0
  taskPos: 1 taskId: 208 ETC: 108.75 priority: 0
  taskPos: 2 taskId: 501 ETC: 1192.79 priority: 0
  taskPos: 3 taskId: 193 ETC: 60.68 priority: 0
  taskPos: 4 taskId: 205 ETC: 92.91 priority: 0
  taskPos: 5 taskId: 744 ETC: 223.41 priority: 0
  taskPos: 6 taskId: 392 ETC: 1164.55 priority: 0
  taskPos: 7 taskId: 879 ETC: 339.89 priority: 0
  taskPos: 8 taskId: 560 ETC: 212.85 priority: 0
  taskPos: 9 taskId: 16 ETC: 485.15 priority: 0
  taskPos: 10 taskId: 750 ETC: 1778.47 priority: 0
  taskPos: 11 taskId: 36 ETC: 341.64 priority: 0
  taskPos: 12 taskId: 717 ETC: 351.25 priority: 0
  taskPos: 13 taskId: 724 ETC: 351.87 priority: 0
  taskPos: 14 taskId: 159 ETC: 1829.66 priority: 0
  taskPos: 15 taskId: 52 ETC: 578.81 priority: 0
  taskPos: 16 taskId: 254 ETC: 452 priority: 0
  taskPos: 17 taskId: 798 ETC: 408.19 priority: 0
  taskPos: 18 taskId: 867 ETC: 147.64 priority: 0
  taskPos: 19 taskId: 138 ETC: 1529.24 priority: 0
  taskPos: 20 taskId: 177 ETC: 536.3 priority: 0
  taskPos: 21 taskId: 860 ETC: 56.97 priority: 0
  taskPos: 22 taskId: 369 ETC: 398.79 priority: 0
  taskPos: 23 taskId: 220 ETC: 418.13 priority: 0
  taskPos: 24 taskId: 706 ETC: 11.93 priority: 0
  taskPos: 25 taskId: 120 ETC: 19.36 priority: 0
  taskPos: 26 taskId: 241 ETC: 370.81 priority: 0
  taskPos: 27 taskId: 934 ETC: 193.29 priority: 0
  taskPos: 28 taskId: 748 ETC: 323.05 priority: 0
  taskPos: 29 taskId: 163 ETC: 95.41 priority: 0
  taskPos: 30 taskId: 590 ETC: 314.89 priority: 0
  taskPos: 31 taskId: 667 ETC: 107.66 priority: 0
  taskPos: 32 taskId: 319 ETC: 15.32 priority: 0
  taskPos: 33 taskId: 439 ETC: 202.86 priority: 0
  taskPos: 34 taskId: 144 ETC: 51.99 priority: 0
  taskPos: 35 taskId: 844 ETC: 1.5 priority: 0
  taskPos: 36 taskId: 782 ETC: 479.29 priority: 0
  taskPos: 37 taskId: 1015 ETC: 61.29 priority: 0
> machineId: 14
  taskPos: 0 taskId: 888 ETC: 205.13 priority: 0
  taskPos: 1 taskId: 545 ETC: 145.34 priority: 0
  taskPos: 2 taskId: 653 ETC: 198.9 priority: 0
  taskPos: 3 taskId: 619 ETC: 554.74 priority: 0
  taskPos: 4 taskId: 577 ETC: 259.63 priority: 0
  taskPos: 5 taskId: 610 ETC: 248.04 priority: 0
  taskPos: 6 taskId: 758 ETC: 1010.88 priority: 0
  taskPos: 7 taskId: 221 ETC: 203.14 priority: 0
  taskPos: 8 taskId: 10 ETC: 117.72 priority: 0
  taskPos: 9 taskId: 235 ETC: 57.32 priority: 0
  taskPos: 10 taskId: 985 ETC: 842.73 priority: 0
  taskPos: 11 taskId: 905 ETC: 1266.76 priority: 0
  taskPos: 12 taskId: 847 ETC: 1392.23 priority: 0
  taskPos: 13 taskId: 37 ETC: 618.3 priority: 0
  taskPos: 14 taskId: 919 ETC: 104.28 priority: 0
  taskPos: 15 taskId: 949 ETC: 1077.47 priority: 0
  taskPos: 16 taskId: 461 ETC: 434.5 priority: 0
  taskPos: 17 taskId: 760 ETC: 78.5 priority: 0
  taskPos: 18 taskId: 293 ETC: 132.55 priority: 0
  taskPos: 19 taskId: 231 ETC: 580.18 priority: 0
  taskPos: 20 taskId: 84 ETC: 8.62 priority: 0
  taskPos: 21 taskId: 354 ETC: 50.74 priority: 0
  taskPos: 22 taskId: 644 ETC: 3 priority: 0
  taskPos: 23 taskId: 232 ETC: 1418.23 priority: 0
  taskPos: 24 taskId: 286 ETC: 46.92 priority: 0
  taskPos: 25 taskId: 574 ETC: 222.18 priority: 0
  taskPos: 26 taskId: 295 ETC: 209.75 priority: 0
  taskPos: 27 taskId: 783 ETC: 417.21 priority: 0
  taskPos: 28 taskId: 971 ETC: 55.66 priority: 0
  taskPos: 29 taskId: 413 ETC: 50.32 priority: 0
  taskPos: 30 taskId: 135 ETC: 26.53 priority: 0
  taskPos: 31 taskId: 98 ETC: 838.25 priority: 0
  taskPos: 32 taskId: 425 ETC: 0.98 priority: 0
  taskPos: 33 taskId: 565 ETC: 11.17 priority: 0
  taskPos: 34 taskId: 865 ETC: 0.22 priority: 0
  taskPos: 35 taskId: 993 ETC: 146.12 priority: 0
  taskPos: 36 taskId: 1004 ETC: 137.74 priority: 0
  taskPos: 37 taskId: 69 ETC: 17.77 priority: 0
  taskPos: 38 taskId: 57 ETC: 312.3 priority: 0
  taskPos: 39 taskId: 400 ETC: 966.78 priority: 0
  taskPos: 40 taskId: 799 ETC: 12.92 priority: 0
  taskPos: 41 taskId: 266 ETC: 57.42 priority: 0
  taskPos: 42 taskId: 459 ETC: 112.3 priority: 0
  taskPos: 43 taskId: 718 ETC: 120.03 priority: 0
  taskPos: 44 taskId: 872 ETC: 20.31 priority: 0
  taskPos: 45 taskId: 168 ETC: 16.34 priority: 0
  taskPos: 46 taskId: 204 ETC: 117.77 priority: 0
  taskPos: 47 taskId: 26 ETC: 52.55 priority: 0
  taskPos: 48 taskId: 312 ETC: 15.73 priority: 0
  taskPos: 49 taskId: 965 ETC: 76.84 priority: 0
  taskPos: 50 taskId: 478 ETC: 165.87 priority: 0
  taskPos: 51 taskId: 843 ETC: 0.19 priority: 0
  taskPos: 52 taskId: 191 ETC: 89.7 priority: 0
> machineId: 15
  taskPos: 0 taskId: 316 ETC: 414.91 priority: 0
  taskPos: 1 taskId: 248 ETC: 1110.65 priority: 0
  taskPos: 2 taskId: 871 ETC: 265.76 priority: 0
  taskPos: 3 taskId: 809 ETC: 124.49 priority: 0
  taskPos: 4 taskId: 32 ETC: 119.57 priority: 0
  taskPos: 5 taskId: 19 ETC: 77.34 priority: 0
  taskPos: 6 taskId: 83 ETC: 95.14 priority: 0
  taskPos: 7 taskId: 576 ETC: 1180.24 priority: 0
  taskPos: 8 taskId: 267 ETC: 331.28 priority: 0
  taskPos: 9 taskId: 161 ETC: 417.23 priority: 0
  taskPos: 10 taskId: 438 ETC: 10.66 priority: 0
  taskPos: 11 taskId: 959 ETC: 1756.61 priority: 0
  taskPos: 12 taskId: 588 ETC: 644.86 priority: 0
  taskPos: 13 taskId: 1014 ETC: 1132.37 priority: 0
  taskPos: 14 taskId: 763 ETC: 375.72 priority: 0
  taskPos: 15 taskId: 470 ETC: 404.28 priority: 0
  taskPos: 16 taskId: 240 ETC: 2130.24 priority: 0
  taskPos: 17 taskId: 964 ETC: 111.46 priority: 0
  taskPos: 18 taskId: 50 ETC: 644.59 priority: 0
  taskPos: 19 taskId: 864 ETC: 16.19 priority: 0
  taskPos: 20 taskId: 318 ETC: 346.92 priority: 0
  taskPos: 21 taskId: 639 ETC: 375.43 priority: 0
  taskPos: 22 taskId: 921 ETC: 212.08 priority: 0
  taskPos: 23 taskId: 140 ETC: 367.05 priority: 0
  taskPos: 24 taskId: 976 ETC: 530.49 priority: 0
  taskPos: 25 taskId: 787 ETC: 452.78 priority: 0
  taskPos: 26 taskId: 453 ETC: 5.41 priority: 0
  taskPos: 27 taskId: 77 ETC: 156.89 priority: 0
  taskPos: 28 taskId: 178 ETC: 2055.49 priority: 0
> machineId: 16
  taskPos: 0 taskId: 747 ETC: 1084.25 priority: 0
  taskPos: 1 taskId: 1019 ETC: 2218.53 priority: 0
  taskPos: 2 taskId: 40 ETC: 187.4 priority: 0
  taskPos: 3 taskId: 382 ETC: 10.55 priority: 0
  taskPos: 4 taskId: 64 ETC: 369.31 priority: 0
  taskPos: 5 taskId: 800 ETC: 523.84 priority: 0
  taskPos: 6 taskId: 63 ETC: 1444.59 priority: 0
  taskPos: 7 taskId: 175 ETC: 404.84 priority: 0
  taskPos: 8 taskId: 739 ETC: 11.67 priority: 0
  taskPos: 9 taskId: 1011 ETC: 1760.65 priority: 0
  taskPos: 10 taskId: 517 ETC: 970.43 priority: 0
  taskPos: 11 taskId: 648 ETC: 56.12 priority: 0
  taskPos: 12 taskId: 213 ETC: 302.56 priority: 0
  taskPos: 13 taskId: 90 ETC: 1383.76 priority: 0
  taskPos: 14 taskId: 691 ETC: 113.97 priority: 0
  taskPos: 15 taskId: 585 ETC: 73.88 priority: 0
  taskPos: 16 taskId: 759 ETC: 142.46 priority: 0
  taskPos: 17 taskId: 199 ETC: 102.82 priority: 0
  taskPos: 18 taskId: 379 ETC: 824.37 priority: 0
  taskPos: 19 taskId: 499 ETC: 875.85 priority: 0
  taskPos: 20 taskId: 346 ETC: 1492.61 priority: 0
  taskPos: 21 taskId: 270 ETC: 396.86 priority: 0
  taskPos: 22 taskId: 430 ETC: 1015.74 priority: 0
> machineId: 17
  taskPos: 0 taskId: 996 ETC: 1338.08 priority: 0
  taskPos: 1 taskId: 742 ETC: 453.52 priority: 0
  taskPos: 2 taskId: 511 ETC: 1011.28 priority: 0
  taskPos: 3 taskId: 895 ETC: 861.54 priority: 0
  taskPos: 4 taskId: 906 ETC: 307.12 priority: 0
  taskPos: 5 taskId: 106 ETC: 305.27 priority: 0
  taskPos: 6 taskId: 128 ETC: 323.89 priority: 0
  taskPos: 7 taskId: 435 ETC: 459.38 priority: 0
  taskPos: 8 taskId: 903 ETC: 518.29 priority: 0
  taskPos: 9 taskId: 597 ETC: 635.13 priority: 0
  taskPos: 10 taskId: 966 ETC: 80.09 priority: 0
  taskPos: 11 taskId: 218 ETC: 421.96 priority: 0
  taskPos: 12 taskId: 383 ETC: 1868.69 priority: 0
  taskPos: 13 taskId: 219 ETC: 933.89 priority: 0
  taskPos: 14 taskId: 723 ETC: 805.28 priority: 0
  taskPos: 15 taskId: 791 ETC: 406.22 priority: 0
  taskPos: 16 taskId: 933 ETC: 133.42 priority: 0
  taskPos: 17 taskId: 56 ETC: 741.56 priority: 0
  taskPos: 18 taskId: 95 ETC: 364.22 priority: 0
  taskPos: 19 taskId: 692 ETC: 219.55 priority: 0
  taskPos: 20 taskId: 797 ETC: 650.75 priority: 0
  taskPos: 21 taskId: 463 ETC: 628.26 priority: 0
  taskPos: 22 taskId: 317 ETC: 87.48 priority: 0
  taskPos: 23 taskId: 300 ETC: 141.36 priority: 0
  taskPos: 24 taskId: 922 ETC: 442.44 priority: 0
  taskPos: 25 taskId: 998 ETC: 105.53 priority: 0
  taskPos: 26 taskId: 359 ETC: 287.46 priority: 0
  taskPos: 27 taskId: 761 ETC: 232.23 priority: 0
  taskPos: 28 taskId: 802 ETC: 118.08 priority: 0
  taskPos: 29 taskId: 779 ETC: 275.42 priority: 0
  taskPos: 30 taskId: 21 ETC: 473.17 priority: 0
  taskPos: 31 taskId: 194 ETC: 153.78 priority: 0
> machineId: 18
  taskPos: 0 taskId: 7 ETC: 328.99 priority: 0
  taskPos: 1 taskId: 568 ETC: 2162.73 priority: 0
  taskPos: 2 taskId: 202 ETC: 963.66 priority: 0
  taskPos: 3 taskId: 737 ETC: 13.87 priority: 0
  taskPos: 4 taskId: 471 ETC: 196.16 priority: 0
  taskPos: 5 taskId: 402 ETC: 1410.25 priority: 0
  taskPos: 6 taskId: 403 ETC: 489.51 priority: 0
  taskPos: 7 taskId: 263 ETC: 655.31 priority: 0
  taskPos: 8 taskId: 514 ETC: 505.75 priority: 0
  taskPos: 9 taskId: 30 ETC: 325.73 priority: 0
  taskPos: 10 taskId: 914 ETC: 33.71 priority: 0
  taskPos: 11 taskId: 641 ETC: 506.43 priority: 0
  taskPos: 12 taskId: 287 ETC: 1179.75 priority: 0
  taskPos: 13 taskId: 222 ETC: 174.35 priority: 0
  taskPos: 14 taskId: 620 ETC: 1164.35 priority: 0
  taskPos: 15 taskId: 930 ETC: 228.43 priority: 0
  taskPos: 16 taskId: 6 ETC: 743.09 priority: 0
  taskPos: 17 taskId: 167 ETC: 2174.96 priority: 0
  taskPos: 18 taskId: 257 ETC: 170.63 priority: 0
  taskPos: 19 taskId: 983 ETC: 45.74 priority: 0
  taskPos: 20 taskId: 775 ETC: 84.68 priority: 0
  taskPos: 21 taskId: 704 ETC: 221.45 priority: 0
  taskPos: 22 taskId: 738 ETC: 192.58 priority: 0
  taskPos: 23 taskId: 67 ETC: 446.16 priority: 0
  taskPos: 24 taskId: 485 ETC: 377.3 priority: 0
> machineId: 19
  taskPos: 0 taskId: 698 ETC: 818.18 priority: 0
  taskPos: 1 taskId: 31 ETC: 1222.06 priority: 0
  taskPos: 2 taskId: 405 ETC: 93.52 priority: 0
  taskPos: 3 taskId: 181 ETC: 540.1 priority: 0
  taskPos: 4 taskId: 520 ETC: 1383.34 priority: 0
  taskPos: 5 taskId: 356 ETC: 34.07 priority: 0
  taskPos: 6 taskId: 571 ETC: 1741.06 priority: 0
  taskPos: 7 taskId: 407 ETC: 722.39 priority: 0
  taskPos: 8 taskId: 109 ETC: 1182.19 priority: 0
  taskPos: 9 taskId: 18 ETC: 1469.53 priority: 0
  taskPos: 10 taskId: 188 ETC: 1149.32 priority: 0
  taskPos: 11 taskId: 108 ETC: 487.58 priority: 0
  taskPos: 12 taskId: 343 ETC: 178.91 priority: 0
  taskPos: 13 taskId: 624 ETC: 184.03 priority: 0
  taskPos: 14 taskId: 465 ETC: 55.87 priority: 0
  taskPos: 15 taskId: 762 ETC: 1895.47 priority: 0
  taskPos: 16 taskId: 1006 ETC: 1175.24 priority: 0
  taskPos: 17 taskId: 604 ETC: 45.75 priority: 0
  taskPos: 18 taskId: 71 ETC: 31.94 priority: 0
  taskPos: 19 taskId: 428 ETC: 982.12 priority: 0
  taskPos: 20 taskId: 89 ETC: 108.94 priority: 0
  taskPos: 21 taskId: 524 ETC: 97.24 priority: 0
  taskPos: 22 taskId: 427 ETC: 27.68 priority: 0
  taskPos: 23 taskId: 486 ETC: 107.26 priority: 0
  taskPos: 24 taskId: 33 ETC: 77.14 priority: 0
  taskPos: 25 taskId: 992 ETC: 72.08 priority: 0
> machineId: 20
  taskPos: 0 taskId: 294 ETC: 76.17 priority: 0
  taskPos: 1 taskId: 201 ETC: 933.54 priority: 0
  taskPos: 2 taskId: 766 ETC: 472.08 priority: 0
  taskPos: 3 taskId: 781 ETC: 126 priority: 0
  taskPos: 4 taskId: 850 ETC: 1567.81 priority: 0
  taskPos: 5 taskId: 60 ETC: 155.52 priority: 0
  taskPos: 6 taskId: 93 ETC: 478.71 priority: 0
  taskPos: 7 taskId: 1005 ETC: 2.73 priority: 0
  taskPos: 8 taskId: 733 ETC: 1387.65 priority: 0
  taskPos: 9 taskId: 132 ETC: 401.35 priority: 0
  taskPos: 10 taskId: 66 ETC: 203.42 priority: 0
  taskPos: 11 taskId: 411 ETC: 286.75 priority: 0
  taskPos: 12 taskId: 567 ETC: 7.7 priority: 0
  taskPos: 13 taskId: 442 ETC: 62.75 priority: 0
  taskPos: 14 taskId: 686 ETC: 284.7 priority: 0
  taskPos: 15 taskId: 305 ETC: 1260.75 priority: 0
  taskPos: 16 taskId: 127 ETC: 179.73 priority: 0
  taskPos: 17 taskId: 504 ETC: 225.04 priority: 0
  taskPos: 18 taskId: 91 ETC: 847.11 priority: 0
  taskPos: 19 taskId: 262 ETC: 93.75 priority: 0
  taskPos: 20 taskId: 153 ETC: 280.53 priority: 0
  taskPos: 21 taskId: 378 ETC: 107.2 priority: 0
  taskPos: 22 taskId: 936 ETC: 11.89 priority: 0
  taskPos: 23 taskId: 38 ETC: 37.1 priority: 0
  taskPos: 24 taskId: 953 ETC: 553.38 priority: 0
  taskPos: 25 taskId: 1013 ETC: 643.6 priority: 0
  taskPos: 26 taskId: 141 ETC: 741.41 priority: 0
  taskPos: 27 taskId: 242 ETC: 21.33 priority: 0
  taskPos: 28 taskId: 146 ETC: 207.98 priority: 0
  taskPos: 29 taskId: 197 ETC: 471.57 priority: 0
  taskPos: 30 taskId: 335 ETC: 510.07 priority: 0
  taskPos: 31 taskId: 938 ETC: 605.72 priority: 0
  taskPos: 32 taskId: 659 ETC: 732.01 priority: 0
  taskPos: 33 taskId: 741 ETC: 226.45 priority: 0
  taskPos: 34 taskId: 714 ETC: 922.46 priority: 0
  taskPos: 35 taskId: 206 ETC: 34.18 priority: 0
  taskPos: 36 taskId: 80 ETC: 59.88 priority: 0
  taskPos: 37 taskId: 258 ETC: 123.47 priority: 0
  taskPos: 38 taskId: 500 ETC: 149.87 priority: 0
  taskPos: 39 taskId: 9 ETC: 26.74 priority: 0
> machineId: 21
  taskPos: 0 taskId: 496 ETC: 162.31 priority: 0
  taskPos: 1 taskId: 182 ETC: 316.15 priority: 0
  taskPos: 2 taskId: 719 ETC: 148.11 priority: 0
  taskPos: 3 taskId: 580 ETC: 688.02 priority: 0
  taskPos: 4 taskId: 210 ETC: 193.09 priority: 0
  taskPos: 5 taskId: 350 ETC: 260.62 priority: 0
  taskPos: 6 taskId: 829 ETC: 20.76 priority: 0
  taskPos: 7 taskId: 336 ETC: 744.21 priority: 0
  taskPos: 8 taskId: 533 ETC: 565.83 priority: 0
  taskPos: 9 taskId: 655 ETC: 183.51 priority: 0
  taskPos: 10 taskId: 690 ETC: 169.46 priority: 0
  taskPos: 11 taskId: 1022 ETC: 229.39 priority: 0
  taskPos: 12 taskId: 187 ETC: 1145.59 priority: 0
  taskPos: 13 taskId: 980 ETC: 860.49 priority: 0
  taskPos: 14 taskId: 647 ETC: 727.6 priority: 0
  taskPos: 15 taskId: 399 ETC: 1266.85 priority: 0
  taskPos: 16 taskId: 297 ETC: 248.22 priority: 0
  taskPos: 17 taskId: 323 ETC: 981.4 priority: 0
  taskPos: 18 taskId: 830 ETC: 208.12 priority: 0
  taskPos: 19 taskId: 605 ETC: 101.51 priority: 0
  taskPos: 20 taskId: 658 ETC: 1710.79 priority: 0
  taskPos: 21 taskId: 778 ETC: 107.12 priority: 0
  taskPos: 22 taskId: 48 ETC: 607.74 priority: 0
  taskPos: 23 taskId: 279 ETC: 192.52 priority: 0
  taskPos: 24 taskId: 45 ETC: 894.66 priority: 0
  taskPos: 25 taskId: 75 ETC: 1445.61 priority: 0
  taskPos: 26 taskId: 291 ETC: 86.23 priority: 0
  taskPos: 27 taskId: 234 ETC: 5.11 priority: 0
  taskPos: 28 taskId: 792 ETC: 63.69 priority: 0
  taskPos: 29 taskId: 74 ETC: 219.7 priority: 0
  taskPos: 30 taskId: 81 ETC: 206.02 priority: 0
  taskPos: 31 taskId: 310 ETC: 70.19 priority: 0
  taskPos: 32 taskId: 573 ETC: 44.67 priority: 0
  taskPos: 33 taskId: 100 ETC: 111.87 priority: 0
  taskPos: 34 taskId: 593 ETC: 54.19 priority: 0
> machineId: 22
  taskPos: 0 taskId: 224 ETC: 25.08 priority: 0
  taskPos: 1 taskId: 65 ETC: 1704.2 priority: 0
  taskPos: 2 taskId: 997 ETC: 1505.22 priority: 0
  taskPos: 3 taskId: 118 ETC: 603.32 priority: 0
  taskPos: 4 taskId: 171 ETC: 20.05 priority: 0
  taskPos: 5 taskId: 854 ETC: 1783.88 priority: 0
  taskPos: 6 taskId: 0 ETC: 1030.36 priority: 0
  taskPos: 7 taskId: 314 ETC: 1207.79 priority: 0
  taskPos: 8 taskId: 857 ETC: 613.06 priority: 0
  taskPos: 9 taskId: 445 ETC: 84.93 priority: 0
  taskPos: 10 taskId: 149 ETC: 1432.04 priority: 0
  taskPos: 11 taskId: 387 ETC: 452.72 priority: 0
  taskPos: 12 taskId: 274 ETC: 313.23 priority: 0
  taskPos: 13 taskId: 602 ETC: 317.36 priority: 0
  taskPos: 14 taskId: 313 ETC: 186.16 priority: 0
  taskPos: 15 taskId: 546 ETC: 214.49 priority: 0
  taskPos: 16 taskId: 272 ETC: 179.9 priority: 0
  taskPos: 17 taskId: 464 ETC: 3.21 priority: 0
  taskPos: 18 taskId: 942 ETC: 306.85 priority: 0
  taskPos: 19 taskId: 180 ETC: 69.79 priority: 0
  taskPos: 20 taskId: 815 ETC: 2839.7 priority: 0
  taskPos: 21 taskId: 785 ETC: 871.12 priority: 0
> machineId: 23
  taskPos: 0 taskId: 502 ETC: 460.76 priority: 0
  taskPos: 1 taskId: 101 ETC: 421.73 priority: 0
  taskPos: 2 taskId: 190 ETC: 95.97 priority: 0
  taskPos: 3 taskId: 298 ETC: 329.08 priority: 0
  taskPos: 4 taskId: 768 ETC: 561.6 priority: 0
  taskPos: 5 taskId: 599 ETC: 12.26 priority: 0
  taskPos: 6 taskId: 979 ETC: 217.79 priority: 0
  taskPos: 7 taskId: 61 ETC: 338.09 priority: 0
  taskPos: 8 taskId: 137 ETC: 502.96 priority: 0
  taskPos: 9 taskId: 49 ETC: 1348 priority: 0
  taskPos: 10 taskId: 397 ETC: 897.66 priority: 0
  taskPos: 11 taskId: 142 ETC: 713.36 priority: 0
  taskPos: 12 taskId: 509 ETC: 259.98 priority: 0
  taskPos: 13 taskId: 855 ETC: 683.59 priority: 0
  taskPos: 14 taskId: 154 ETC: 1032.03 priority: 0
  taskPos: 15 taskId: 918 ETC: 294.99 priority: 0
  taskPos: 16 taskId: 215 ETC: 4.96 priority: 0
  taskPos: 17 taskId: 490 ETC: 694.68 priority: 0
  taskPos: 18 taskId: 550 ETC: 134.53 priority: 0
  taskPos: 19 taskId: 910 ETC: 706.99 priority: 0
  taskPos: 20 taskId: 104 ETC: 1103.4 priority: 0
  taskPos: 21 taskId: 15 ETC: 227.82 priority: 0
  taskPos: 22 taskId: 960 ETC: 357.8 priority: 0
  taskPos: 23 taskId: 688 ETC: 245.26 priority: 0
  taskPos: 24 taskId: 283 ETC: 287.09 priority: 0
  taskPos: 25 taskId: 253 ETC: 151.77 priority: 0
  taskPos: 26 taskId: 82 ETC: 195.01 priority: 0
  taskPos: 27 taskId: 86 ETC: 149.68 priority: 0
  taskPos: 28 taskId: 309 ETC: 88.44 priority: 0
  taskPos: 29 taskId: 1008 ETC: 947.07 priority: 0
  taskPos: 30 taskId: 819 ETC: 575.15 priority: 0
  taskPos: 31 taskId: 308 ETC: 176.37 priority: 0
  taskPos: 32 taskId: 115 ETC: 38.09 priority: 0
  taskPos: 33 taskId: 273 ETC: 32.86 priority: 0
  taskPos: 34 taskId: 650 ETC: 116.8 priority: 0
  taskPos: 35 taskId: 94 ETC: 311.38 priority: 0
  taskPos: 36 taskId: 984 ETC: 268.89 priority: 0
  taskPos: 37 taskId: 214 ETC: 111.09 priority: 0
  taskPos: 38 taskId: 99 ETC: 25.65 priority: 0
  taskPos: 39 taskId: 321 ETC: 172.8 priority: 0
> machineId: 24
  taskPos: 0 taskId: 355 ETC: 61.84 priority: 0
  taskPos: 1 taskId: 370 ETC: 3371.46 priority: 0
  taskPos: 2 taskId: 377 ETC: 389.55 priority: 0
  taskPos: 3 taskId: 505 ETC: 1440.07 priority: 0
  taskPos: 4 taskId: 728 ETC: 66.38 priority: 0
  taskPos: 5 taskId: 184 ETC: 459.13 priority: 0
  taskPos: 6 taskId: 280 ETC: 242.02 priority: 0
  taskPos: 7 taskId: 1016 ETC: 423.61 priority: 0
  taskPos: 8 taskId: 53 ETC: 199.45 priority: 0
  taskPos: 9 taskId: 523 ETC: 129.07 priority: 0
  taskPos: 10 taskId: 421 ETC: 392.81 priority: 0
  taskPos: 11 taskId: 753 ETC: 101.87 priority: 0
  taskPos: 12 taskId: 950 ETC: 2.78 priority: 0
  taskPos: 13 taskId: 803 ETC: 408.44 priority: 0
  taskPos: 14 taskId: 774 ETC: 328.75 priority: 0
  taskPos: 15 taskId: 794 ETC: 673.5 priority: 0
  taskPos: 16 taskId: 35 ETC: 705.51 priority: 0
  taskPos: 17 taskId: 765 ETC: 765.59 priority: 0
  taskPos: 18 taskId: 544 ETC: 318 priority: 0
  taskPos: 19 taskId: 816 ETC: 396.65 priority: 0
  taskPos: 20 taskId: 617 ETC: 2343.14 priority: 0
  taskPos: 21 taskId: 348 ETC: 1033.6 priority: 0
  taskPos: 22 taskId: 122 ETC: 686.49 priority: 0
  taskPos: 23 taskId: 155 ETC: 533.71 priority: 0
> machineId: 25
  taskPos: 0 taskId: 172 ETC: 1415.05 priority: 0
  taskPos: 1 taskId: 703 ETC: 2090.51 priority: 0
  taskPos: 2 taskId: 770 ETC: 435.17 priority: 0
  taskPos: 3 taskId: 709 ETC: 286.44 priority: 0
  taskPos: 4 taskId: 13 ETC: 758.07 priority: 0
  taskPos: 5 taskId: 777 ETC: 114.88 priority: 0
  taskPos: 6 taskId: 851 ETC: 431.4 priority: 0
  taskPos: 7 taskId: 662 ETC: 41.68 priority: 0
  taskPos: 8 taskId: 547 ETC: 990.3 priority: 0
  taskPos: 9 taskId: 381 ETC: 2677.56 priority: 0
  taskPos: 10 taskId: 566 ETC: 1547.11 priority: 0
  taskPos: 11 taskId: 380 ETC: 54.08 priority: 0
  taskPos: 12 taskId: 788 ETC: 363.63 priority: 0
  taskPos: 13 taskId: 107 ETC: 72.49 priority: 0
  taskPos: 14 taskId: 885 ETC: 329.67 priority: 0
  taskPos: 15 taskId: 165 ETC: 337.47 priority: 0
  taskPos: 16 taskId: 861 ETC: 963.36 priority: 0
  taskPos: 17 taskId: 712 ETC: 138.26 priority: 0
  taskPos: 18 taskId: 720 ETC: 28.45 priority: 0
  taskPos: 19 taskId: 249 ETC: 113.32 priority: 0
  taskPos: 20 taskId: 841 ETC: 44.83 priority: 0
  taskPos: 21 taskId: 832 ETC: 561.33 priority: 0
  taskPos: 22 taskId: 528 ETC: 563.78 priority: 0
  taskPos: 23 taskId: 20 ETC: 653.85 priority: 0
  taskPos: 24 taskId: 166 ETC: 22.21 priority: 0
  taskPos: 25 taskId: 707 ETC: 199.94 priority: 0
> machineId: 26
  taskPos: 0 taskId: 339 ETC: 219.69 priority: 0
  taskPos: 1 taskId: 722 ETC: 353.36 priority: 0
  taskPos: 2 taskId: 618 ETC: 307.44 priority: 0
  taskPos: 3 taskId: 822 ETC: 428.54 priority: 0
  taskPos: 4 taskId: 904 ETC: 272.99 priority: 0
  taskPos: 5 taskId: 209 ETC: 688.75 priority: 0
  taskPos: 6 taskId: 328 ETC: 301.42 priority: 0
  taskPos: 7 taskId: 271 ETC: 2136.67 priority: 0
  taskPos: 8 taskId: 1012 ETC: 157.81 priority: 0
  taskPos: 9 taskId: 189 ETC: 618.45 priority: 0
  taskPos: 10 taskId: 431 ETC: 1.42 priority: 0
  taskPos: 11 taskId: 433 ETC: 12.02 priority: 0
  taskPos: 12 taskId: 946 ETC: 442.28 priority: 0
  taskPos: 13 taskId: 472 ETC: 90.55 priority: 0
  taskPos: 14 taskId: 173 ETC: 1105.09 priority: 0
  taskPos: 15 taskId: 516 ETC: 1136.49 priority: 0
  taskPos: 16 taskId: 353 ETC: 1038.05 priority: 0
  taskPos: 17 taskId: 29 ETC: 352.84 priority: 0
  taskPos: 18 taskId: 678 ETC: 105.88 priority: 0
  taskPos: 19 taskId: 974 ETC: 542.72 priority: 0
  taskPos: 20 taskId: 508 ETC: 739.52 priority: 0
  taskPos: 21 taskId: 243 ETC: 229.79 priority: 0
  taskPos: 22 taskId: 183 ETC: 124.71 priority: 0
  taskPos: 23 taskId: 408 ETC: 75.42 priority: 0
  taskPos: 24 taskId: 977 ETC: 54.68 priority: 0
  taskPos: 25 taskId: 289 ETC: 189.43 priority: 0
  taskPos: 26 taskId: 725 ETC: 23.75 priority: 0
  taskPos: 27 taskId: 58 ETC: 173.81 priority: 0
  taskPos: 28 taskId: 776 ETC: 10.82 priority: 0
  taskPos: 29 taskId: 543 ETC: 161.81 priority: 0
  taskPos: 30 taskId: 203 ETC: 257.03 priority: 0
  taskPos: 31 taskId: 322 ETC: 611.52 priority: 0
  taskPos: 32 taskId: 160 ETC: 63.18 priority: 0
  taskPos: 33 taskId: 955 ETC: 290.09 priority: 0
  taskPos: 34 taskId: 676 ETC: 208.05 priority: 0
  taskPos: 35 taskId: 915 ETC: 985.58 priority: 0
  taskPos: 36 taskId: 705 ETC: 245.48 priority: 0
  taskPos: 37 taskId: 103 ETC: 252.23 priority: 0
  taskPos: 38 taskId: 899 ETC: 326.35 priority: 0
  taskPos: 39 taskId: 368 ETC: 143.86 priority: 0
  taskPos: 40 taskId: 296 ETC: 71.82 priority: 0
  taskPos: 41 taskId: 526 ETC: 63.83 priority: 0
  taskPos: 42 taskId: 616 ETC: 29.67 priority: 0
  taskPos: 43 taskId: 913 ETC: 43.18 priority: 0
  taskPos: 44 taskId: 592 ETC: 49.91 priority: 0
> machineId: 27
  taskPos: 0 taskId: 726 ETC: 221.88 priority: 0
  taskPos: 1 taskId: 594 ETC: 837.05 priority: 0
  taskPos: 2 taskId: 301 ETC: 242.14 priority: 0
  taskPos: 3 taskId: 1002 ETC: 632.71 priority: 0
  taskPos: 4 taskId: 603 ETC: 485.98 priority: 0
  taskPos: 5 taskId: 666 ETC: 493.39 priority: 0
  taskPos: 6 taskId: 559 ETC: 195.28 priority: 0
  taskPos: 7 taskId: 252 ETC: 400 priority: 0
  taskPos: 8 taskId: 347 ETC: 2245.6 priority: 0
  taskPos: 9 taskId: 250 ETC: 114.66 priority: 0
  taskPos: 10 taskId: 292 ETC: 678.69 priority: 0
  taskPos: 11 taskId: 227 ETC: 14.42 priority: 0
  taskPos: 12 taskId: 837 ETC: 70 priority: 0
  taskPos: 13 taskId: 113 ETC: 416.02 priority: 0
  taskPos: 14 taskId: 233 ETC: 490.37 priority: 0
  taskPos: 15 taskId: 493 ETC: 1392.4 priority: 0
  taskPos: 16 taskId: 85 ETC: 24.67 priority: 0
  taskPos: 17 taskId: 385 ETC: 315.93 priority: 0
  taskPos: 18 taskId: 846 ETC: 349.58 priority: 0
  taskPos: 19 taskId: 817 ETC: 325.69 priority: 0
  taskPos: 20 taskId: 531 ETC: 770.7 priority: 0
  taskPos: 21 taskId: 882 ETC: 1102.04 priority: 0
  taskPos: 22 taskId: 351 ETC: 426.89 priority: 0
  taskPos: 23 taskId: 805 ETC: 259.49 priority: 0
  taskPos: 24 taskId: 506 ETC: 300.34 priority: 0
  taskPos: 25 taskId: 170 ETC: 816.34 priority: 0
  taskPos: 26 taskId: 715 ETC: 462.27 priority: 0
  taskPos: 27 taskId: 492 ETC: 502.53 priority: 0
  taskPos: 28 taskId: 727 ETC: 104.68 priority: 0
  taskPos: 29 taskId: 365 ETC: 383.79 priority: 0
  taskPos: 30 taskId: 129 ETC: 144.64 priority: 0
  taskPos: 31 taskId: 522 ETC: 487.18 priority: 0
  taskPos: 32 taskId: 595 ETC: 152.76 priority: 0
> machineId: 28
  taskPos: 0 taskId: 969 ETC: 121.64 priority: 0
  taskPos: 1 taskId: 945 ETC: 2301.03 priority: 0
  taskPos: 2 taskId: 481 ETC: 25.05 priority: 0
  taskPos: 3 taskId: 756 ETC: 216.19 priority: 0
  taskPos: 4 taskId: 152 ETC: 32.02 priority: 0
  taskPos: 5 taskId: 282 ETC: 60.8 priority: 0
  taskPos: 6 taskId: 601 ETC: 375.83 priority: 0
  taskPos: 7 taskId: 937 ETC: 112.82 priority: 0
  taskPos: 8 taskId: 211 ETC: 264.87 priority: 0
  taskPos: 9 taskId: 158 ETC: 682.48 priority: 0
  taskPos: 10 taskId: 558 ETC: 2294.86 priority: 0
  taskPos: 11 taskId: 633 ETC: 371.02 priority: 0
  taskPos: 12 taskId: 512 ETC: 32.03 priority: 0
  taskPos: 13 taskId: 587 ETC: 1070.46 priority: 0
  taskPos: 14 taskId: 418 ETC: 96.1 priority: 0
  taskPos: 15 taskId: 664 ETC: 798.06 priority: 0
  taskPos: 16 taskId: 755 ETC: 278.21 priority: 0
  taskPos: 17 taskId: 804 ETC: 450.08 priority: 0
  taskPos: 18 taskId: 401 ETC: 222.08 priority: 0
  taskPos: 19 taskId: 404 ETC: 348.76 priority: 0
  taskPos: 20 taskId: 640 ETC: 494.43 priority: 0
  taskPos: 21 taskId: 43 ETC: 373.49 priority: 0
  taskPos: 22 taskId: 646 ETC: 1564.76 priority: 0
  taskPos: 23 taskId: 41 ETC: 712.86 priority: 0
  taskPos: 24 taskId: 112 ETC: 62.15 priority: 0
  taskPos: 25 taskId: 429 ETC: 67.89 priority: 0
  taskPos: 26 taskId: 743 ETC: 244.15 priority: 0
  taskPos: 27 taskId: 856 ETC: 1183.21 priority: 0
  taskPos: 28 taskId: 1003 ETC: 197.96 priority: 0
  taskPos: 29 taskId: 898 ETC: 606.46 priority: 0
> machineId: 29
  taskPos: 0 taskId: 642 ETC: 178.79 priority: 0
  taskPos: 1 taskId: 449 ETC: 294.62 priority: 0
  taskPos: 2 taskId: 677 ETC: 40.75 priority: 0
  taskPos: 3 taskId: 364 ETC: 468.85 priority: 0
  taskPos: 4 taskId: 818 ETC: 238.82 priority: 0
  taskPos: 5 taskId: 613 ETC: 802.07 priority: 0
  taskPos: 6 taskId: 699 ETC: 1745.92 priority: 0
  taskPos: 7 taskId: 54 ETC: 761.08 priority: 0
  taskPos: 8 taskId: 668 ETC: 81.3 priority: 0
  taskPos: 9 taskId: 670 ETC: 556.36 priority: 0
  taskPos: 10 taskId: 795 ETC: 167.95 priority: 0
  taskPos: 11 taskId: 556 ETC: 667.08 priority: 0
  taskPos: 12 taskId: 656 ETC: 1718.87 priority: 0
  taskPos: 13 taskId: 780 ETC: 84.73 priority: 0
  taskPos: 14 taskId: 534 ETC: 355.97 priority: 0
  taskPos: 15 taskId: 176 ETC: 510.02 priority: 0
  taskPos: 16 taskId: 22 ETC: 32.54 priority: 0
  taskPos: 17 taskId: 164 ETC: 81.44 priority: 0
  taskPos: 18 taskId: 285 ETC: 746.5 priority: 0
  taskPos: 19 taskId: 424 ETC: 41.64 priority: 0
  taskPos: 20 taskId: 239 ETC: 80.82 priority: 0
  taskPos: 21 taskId: 808 ETC: 795.79 priority: 0
  taskPos: 22 taskId: 825 ETC: 34.05 priority: 0
  taskPos: 23 taskId: 839 ETC: 501.65 priority: 0
  taskPos: 24 taskId: 358 ETC: 944.4 priority: 0
  taskPos: 25 taskId: 887 ETC: 9.74 priority: 0
  taskPos: 26 taskId: 878 ETC: 754.49 priority: 0
  taskPos: 27 taskId: 532 ETC: 110.04 priority: 0
  taskPos: 28 taskId: 628 ETC: 1273.26 priority: 0
  taskPos: 29 taskId: 956 ETC: 728.7 priority: 0
  taskPos: 30 taskId: 600 ETC: 72.1 priority: 0
  taskPos: 31 taskId: 47 ETC: 181.59 priority: 0
  taskPos: 32 taskId: 426 ETC: 70.53 priority: 0
  taskPos: 33 taskId: 967 ETC: 32.64 priority: 0
  taskPos: 34 taskId: 894 ETC: 72.41 priority: 0
  taskPos: 35 taskId: 162 ETC: 156.39 priority: 0
  taskPos: 36 taskId: 332 ETC: 9.29 priority: 0
  taskPos: 37 taskId: 277 ETC: 325.61 priority: 0
  taskPos: 38 taskId: 302 ETC: 17.84 priority: 0
> machineId: 30
  taskPos: 0 taskId: 672 ETC: 755.49 priority: 0
  taskPos: 1 taskId: 660 ETC: 2154.85 priority: 0
  taskPos: 2 taskId: 477 ETC: 732.94 priority: 0
  taskPos: 3 taskId: 896 ETC: 799.51 priority: 0
  taskPos: 4 taskId: 813 ETC: 495.98 priority: 0
  taskPos: 5 taskId: 807 ETC: 16.16 priority: 0
  taskPos: 6 taskId: 920 ETC: 127.27 priority: 0
  taskPos: 7 taskId: 341 ETC: 1253 priority: 0
  taskPos: 8 taskId: 281 ETC: 116.44 priority: 0
  taskPos: 9 taskId: 415 ETC: 204.94 priority: 0
  taskPos: 10 taskId: 8 ETC: 1218.37 priority: 0
  taskPos: 11 taskId: 836 ETC: 1533.13 priority: 0
  taskPos: 12 taskId: 553 ETC: 1038.96 priority: 0
  taskPos: 13 taskId: 981 ETC: 22.68 priority: 0
  taskPos: 14 taskId: 749 ETC: 99.21 priority: 0
  taskPos: 15 taskId: 988 ETC: 1160.05 priority: 0
  taskPos: 16 taskId: 681 ETC: 200.94 priority: 0
  taskPos: 17 taskId: 537 ETC: 172.92 priority: 0
  taskPos: 18 taskId: 1020 ETC: 205.64 priority: 0
  taskPos: 19 taskId: 671 ETC: 166.11 priority: 0
  taskPos: 20 taskId: 575 ETC: 339.34 priority: 0
  taskPos: 21 taskId: 961 ETC: 39.32 priority: 0
  taskPos: 22 taskId: 42 ETC: 707.84 priority: 0
  taskPos: 23 taskId: 908 ETC: 113.51 priority: 0
  taskPos: 24 taskId: 834 ETC: 89.63 priority: 0
  taskPos: 25 taskId: 212 ETC: 1417.22 priority: 0
  taskPos: 26 taskId: 589 ETC: 453.03 priority: 0
  taskPos: 27 taskId: 386 ETC: 195.36 priority: 0
> machineId: 31
  taskPos: 0 taskId: 73 ETC: 129.65 priority: 0
  taskPos: 1 taskId: 986 ETC: 1242.11 priority: 0
  taskPos: 2 taskId: 852 ETC: 1115.99 priority: 0
  taskPos: 3 taskId: 622 ETC: 1700.08 priority: 0
  taskPos: 4 taskId: 989 ETC: 209.82 priority: 0
  taskPos: 5 taskId: 958 ETC: 736.47 priority: 0
  taskPos: 6 taskId: 367 ETC: 1210.07 priority: 0
  taskPos: 7 taskId: 452 ETC: 1806.31 priority: 0
  taskPos: 8 taskId: 422 ETC: 28.19 priority: 0
  taskPos: 9 taskId: 924 ETC: 579.99 priority: 0
  taskPos: 10 taskId: 827 ETC: 159.84 priority: 0
  taskPos: 11 taskId: 909 ETC: 346.99 priority: 0
  taskPos: 12 taskId: 555 ETC: 787.23 priority: 0
  taskPos: 13 taskId: 729 ETC: 799.59 priority: 0
  taskPos: 14 taskId: 926 ETC: 35.68 priority: 0
  taskPos: 15 taskId: 349 ETC: 1559.28 priority: 0
  taskPos: 16 taskId: 877 ETC: 248.06 priority: 0
  taskPos: 17 taskId: 344 ETC: 436.86 priority: 0
  taskPos: 18 taskId: 674 ETC: 177.04 priority: 0
  taskPos: 19 taskId: 923 ETC: 12.6 priority: 0
  taskPos: 20 taskId: 614 ETC: 1747.22 priority: 0
  taskPos: 21 taskId: 1007 ETC: 36.95 priority: 0
  taskPos: 22 taskId: 814 ETC: 22.79 priority: 0



 :( ---------------------- THE END --------------- :) 